247
8696 20
35619 45104 44776 86267 17085 89554 3876 87902 38304 24855 77630 82092 78115 2284 82577 94634 66416 42488 5076 65791 
8384 20
29310 76168 27699 71023 90223 79781 84313 24067 67329 15212 84933 67804 45614 54344 4986 37923 69826 34713 81966 89482 
2610 20
1382 65479 61304 49113 77032 39325 48043 89240 66708 4174 7820 74761 25060 53356 30494 52297 11071 10458 48745 71113 
8728 19
71936 35203 33260 69082 65433 50050 87702 32405 56671 10134 74374 73194 74978 35881 72584 47730 18116 81479 15654 
8530 20
11503 81373 87719 5892 26138 53582 59089 88957 32631 2304 20859 16064 42760 19448 98024 99723 22968 96213 27044 82458 
6897 19
56907 95402 83304 28038 71074 14860 10856 3932 87937 54263 6564 43423 14925 48793 75602 16476 73295 54084 37550 
8738 17
34438 20614 68221 1081 46844 42857 89237 2052 92795 33701 88550 485 69069 47390 10840 36519 41936 
2297 17
32352 98491 19238 67018 61759 74118 54343 20451 72402 48161 5511 6718 42504 70960 26037 34902 44219 
8691 20
48126 46058 1012 33992 55052 80049 35565 87419 18437 15480 78477 20152 50247 78715 55714 29434 85175 15371 11153 59290 
627 20
74570 6016 49106 41993 94802 39432 20137 76493 13907 46427 61874 92874 60226 60962 18989 17668 47618 75802 52170 38799 
6871 20
40071 599 47629 87851 67662 31515 12282 59306 42836 75548 36149 80127 74615 74736 16615 59246 66013 21581 39044 13601 
1864 14
30623 34568 78112 35086 80808 46864 18625 94551 54703 96511 52248 22717 43957 33943 
5771 19
86501 33122 1209 28069 24242 99914 72219 64988 59863 66534 3612 93974 75809 79899 54432 93188 49265 33987 61655 
9829 18
56041 83501 86822 88487 64120 77453 20136 75869 3990 21391 97558 32779 67231 1070 11205 47315 51779 70861 
8181 19
82963 39996 15098 76450 45999 80560 83126 49564 56979 34337 7259 52171 23141 74272 59532 29408 37489 56597 40430 
661 20
48941 87312 32402 83190 46618 77606 50977 25973 15297 26557 49350 31489 55860 41272 44823 15973 86001 9112 5110 66405 
4193 12
82470 16068 8596 51587 29869 52011 58278 97482 99564 34675 49397 24403 
2359 15
9508 55889 14067 60259 78319 30503 98686 63497 83803 19053 20678 28632 12451 52615 85810 
6644 20
89990 62465 5281 47332 52990 87633 79918 60249 35676 34217 91504 2164 10816 32722 59710 43182 39066 67532 73905 34688 
7984 19
44930 27980 6981 57104 7690 38861 57279 91557 40900 55615 78896 88120 97991 96995 83098 98660 59248 60574 56008 
7358 19
8226 41726 81897 46729 65508 65619 36550 63957 45114 59605 34271 81543 47834 46203 30585 67570 34122 51487 88944 
53 11
19871 45897 2478 60488 1061 70968 67042 56156 61098 42293 27198 
7791 18
23942 27113 54133 35109 83007 41427 75810 87331 49959 81321 87958 48237 26638 84014 32187 91641 81874 93181 
9092 14
27133 70866 56179 39395 52279 14736 59636 33002 43902 83350 4727 61446 50047 14305 
1760 10
5901 39132 49620 14830 22422 40929 58487 82880 46805 28953 
2882 12
16292 6626 34082 78934 24478 34255 48828 54090 7897 83698 130 65860 
5134 15
91032 93992 97031 41345 78271 77120 73307 68890 41570 6727 98153 79664 97582 10421 62796 
9855 20
60258 74200 83257 45533 55738 34698 84226 89198 14014 94033 64392 21342 79077 31629 2999 56073 18568 51479 24583 69233 
416 17
27052 96196 71411 80870 58698 61397 57140 78548 10280 82929 19674 84065 97542 348 1508 34561 85782 
8149 10
16863 79950 87508 71560 59349 39297 11281 46288 42728 88199 
5020 12
72364 56306 61717 28296 24078 84053 23908 97385 71679 34753 70976 11335 
111 14
70445 1692 38153 55457 20320 15253 61427 1559 40466 79430 45472 8792 78382 97759 
2006 13
94498 96323 16873 36998 3964 20664 88446 79411 27157 42790 96719 75657 42447 
1349 19
28366 22375 94002 45850 11511 19353 74174 82237 75381 17539 56202 42110 32056 50069 8164 86640 63894 44508 75694 
5804 17
94485 99751 90819 91571 51893 4467 68128 41712 8105 22763 48473 62136 8102 62289 5917 30618 34521 
5339 19
74857 8649 63380 97317 93773 61805 72427 57668 56296 82022 11166 58639 40789 57166 68007 42866 21895 58878 12125 
3679 17
43919 30290 53944 77953 73279 33897 32628 49586 15648 91484 54193 20209 39446 8895 23169 73820 64846 
1283 18
78912 89194 18163 45905 65797 29280 99157 21454 30634 38825 18667 43971 61184 34956 96458 87663 50561 9751 
1653 18
37098 38343 94606 23427 57035 29400 96842 94978 91818 93600 28095 28629 53375 28621 32573 13447 98634 85842 
8758 16
13373 66675 45583 57507 17985 18403 74958 51760 95727 5445 88026 60299 49244 24925 68057 36492 
4138 19
7028 92204 45568 17444 74424 68663 55497 97831 57207 16048 41421 45495 34073 96595 37046 67693 59332 57000 6958 
6063 20
54575 67622 67848 78200 9552 95598 41516 96428 79788 1266 85987 48962 51504 36058 66962 28199 5828 91877 9218 50947 
5023 19
71227 57179 42712 75447 32205 66078 8667 54788 85676 13803 72850 31201 82184 73933 50887 5825 90649 87136 44869 
1737 18
11483 75184 75599 7055 24216 38352 41108 1912 35667 75169 18610 63090 10209 39513 96574 74518 28258 7610 
6338 18
99700 12190 60792 87196 95615 14542 90076 24605 84191 50679 68607 73241 28228 45550 97460 85867 3993 87956 
122 10
89613 22078 37843 98090 47800 78834 12344 70053 13385 55902 
5263 17
73291 34601 15260 64389 38744 35600 83457 36344 21385 805 41725 37405 63602 32725 78398 27573 90365 
6636 15
42641 997 71874 5454 54092 97223 34089 1816 60066 95361 75695 47875 47982 88953 32592 
1448 14
89811 53233 91418 45379 95566 14370 97191 46160 88725 92889 88507 45990 61385 52876 
6979 19
89839 41474 32591 40294 57859 71799 71246 93347 41412 21211 30325 25493 15498 8991 43631 3425 18600 22906 76206 
6754 12
48874 16462 73946 69574 57188 6136 64971 54195 47046 9716 60674 38055 
2415 15
17257 74055 95638 94287 27490 83554 4557 80257 17962 42484 53402 36089 45738 86608 46548 
2737 19
1780 35484 13839 78710 64827 77444 89450 43703 40330 46156 3905 80130 33748 31512 9560 3325 25708 87118 78758 
2394 19
47576 34607 94214 40639 96142 36757 83514 1998 63799 25967 43263 95029 73569 6758 20575 12871 36193 9796 29201 
1348 17
19371 53262 13098 39422 90465 58518 6111 27379 41574 65834 10838 56091 90943 73329 9142 55706 81953 
8050 17
68239 93694 18693 42059 37194 39647 50751 70363 63540 12728 813 24179 36105 88971 63265 3975 78373 
6202 14
35878 47571 3489 73534 70036 69527 37978 87037 92835 18657 81666 32439 26051 88430 
399 12
5704 5660 36203 59660 55849 58319 86560 72616 44405 92949 16700 83483 
1549 11
52239 47431 78457 39536 92602 36648 5245 52007 61854 98461 25013 
752 17
30917 12133 28446 16350 55619 93744 18064 61302 70551 31700 72792 39254 94303 81483 26416 43031 91548 
1356 19
83283 52190 15920 73445 49706 77787 89796 40507 61543 74453 1718 98328 70779 66975 63860 57786 7850 74656 13975 
4112 17
572 27645 65305 35584 7423 49884 67144 30218 88453 95395 72854 20577 8516 8967 68058 46917 13957 
479 12
65438 31568 15780 13011 90023 95650 77731 9176 95716 4191 98692 15992 
4924 18
92541 59614 93078 48782 56151 13354 87012 66749 44645 21951 44115 66609 99110 59889 33792 66797 71417 6532 
8283 17
21288 75797 34666 69572 52552 81890 94482 96375 29584 93762 84177 91275 77395 778 93624 75951 13885 
4439 18
6785 40174 54368 72389 91600 10386 75771 75100 20796 39744 13903 11204 24579 65954 42593 99588 30114 9881 
2044 20
29958 39554 69029 71861 27066 89068 25945 63471 64546 92294 79761 7230 69976 59429 90947 34336 2766 73699 63723 84863 
7021 16
8126 69638 66024 19902 71524 34954 71094 39880 15673 84776 65056 14586 93967 58903 78444 86633 
7305 11
23444 89141 17735 27769 569 31000 71052 41276 95997 16103 80227 
5853 17
45690 74745 69503 15189 86337 95766 35992 74376 46472 40237 98161 7334 52055 26098 78738 71022 51319 
6997 16
89931 98688 78792 5905 19589 40161 29304 15745 17992 87668 28159 789 87233 72751 15852 66150 
6772 13
95671 19919 86445 24112 75938 62509 23500 45113 88834 90050 95512 46842 68161 
6953 16
4460 44169 71259 13413 40597 2391 45821 54548 6931 67642 46259 29728 66523 84887 52169 46501 
8795 18
47816 36151 89427 30617 31898 51607 7588 75616 72714 7515 35653 81608 33606 24629 34827 20115 11887 19282 
3124 14
99244 31431 99456 1683 57835 79809 42065 11593 4303 89360 88888 45851 24803 7441 
2919 18
66105 2194 92778 54171 36953 45296 26334 37464 81202 22402 832 36354 22673 86866 41339 35907 43217 43173 
6313 12
93797 31659 43265 78987 82829 28797 67578 11942 40845 71033 55835 87162 
9316 16
5807 70147 99852 47309 82906 37623 47249 75727 83085 33100 43322 78016 42636 19434 85069 23358 
8505 19
51950 91543 75626 82264 70781 63958 99498 40259 80284 10869 86182 35399 62215 4848 44883 68405 68816 53693 64527 
220 18
80199 58268 37332 69313 53737 15813 42679 16920 19587 51537 17440 92984 90127 48577 79410 27476 33342 18369 
906 11
60103 51287 44052 11604 24241 36627 87150 2770 75208 73612 46263 
462 16
11995 88288 65678 36094 36722 92412 96865 12322 82077 31505 72407 29109 84319 76817 73681 45164 
7104 18
6640 86511 88759 92978 52594 14464 11303 87687 54403 2984 50761 80549 31313 13281 61556 72320 71194 26014 
7368 10
56298 83691 14375 91433 40763 15296 10925 11093 18208 67270 
9918 10
63551 71772 47523 14457 27484 83949 61821 79933 49584 31825 
1296 11
80466 19174 88340 88752 28937 9005 26826 95303 84642 45191 95991 
5851 20
8445 79965 3982 23556 21720 87530 56563 30381 12513 17291 95728 45502 85653 3163 21555 35601 99002 21719 50129 16980 
6253 18
51545 43682 10342 66108 98355 77863 34810 71436 51490 43797 83025 25956 9713 56995 98882 51496 1822 96307 
7308 16
10896 21713 75913 48460 67249 11678 56598 78871 24598 24479 38808 97823 29482 31752 54440 40867 
3546 10
83879 46983 76616 55898 55536 92353 84271 46114 29226 46370 
4717 19
56201 65413 2654 29078 36568 51880 3319 86264 68665 67252 43891 61195 61563 81351 28190 26828 49956 12998 79767 
5912 16
58401 15943 77245 7871 88435 63121 99381 14229 56772 17694 36075 35156 13665 55233 96622 4145 
1427 11
16915 98986 40047 8827 56741 82504 7576 36020 86916 75006 87619 
8109 13
66840 10811 75268 5407 34450 42969 31540 23360 52328 42782 59017 36052 52339 
2097 16
71974 13950 4479 36914 56512 59220 99396 58614 95184 70408 55915 30639 19472 72902 35119 84576 
4637 19
63609 28299 26142 46712 95262 16353 59528 50684 78679 72198 48895 36055 96659 67409 54237 89342 58115 89102 20123 
9218 11
71906 23172 41448 8590 70639 27311 24201 68963 35538 89612 50339 
2541 18
23352 96147 57554 79040 25662 73929 12444 32094 41831 12038 54239 98796 43459 29965 19302 59039 14967 5197 
7956 16
23650 83790 34990 86621 25103 2365 19498 11082 59305 43098 99270 76310 39793 8361 89710 91358 
7175 12
66907 75263 28784 39305 23413 28230 17709 96386 68888 4082 14897 55577 
5569 12
64850 34230 84254 59384 3796 62797 42224 9565 17805 83966 1429 49204 
6760 18
58782 18940 39307 55649 84077 77028 92406 62767 98616 10514 85057 950 1126 76560 44692 65570 55458 52244 
9027 13
80014 57018 65839 672 33279 66363 7339 7881 32154 87363 58873 65327 16771 
2143 12
15678 17145 18889 34395 67372 79592 87144 21511 28330 86761 98833 21501 
9100 15
40503 79050 41747 67500 72373 1905 11852 53450 58793 26345 14179 24333 48829 6610 28665 
8449 14
14558 20646 45138 28274 80146 39740 8130 1067 63841 79160 6551 88496 150 18333 
9948 13
4624 24599 90758 23869 74943 15301 10231 7578 78907 83858 60007 44866 55894 
2863 9
58684 99870 11046 70638 855 51663 30562 19056 72313 
7407 17
71967 84012 19051 99915 65910 88573 17054 56070 58136 75113 18397 5091 72956 90246 64217 46170 41471 
115 10
76397 58775 15264 96238 44635 99249 50746 55235 5443 60419 
1195 13
9331 14934 67451 34 58034 12925 16525 81708 60713 65784 61163 99673 79555 
6115 19
63877 83165 74708 46716 63246 1292 68866 8724 77082 28690 31377 25374 87223 30659 20120 15175 37543 61183 7852 
8981 10
73258 36381 15079 52999 53912 87611 11981 89217 68881 92873 
3216 11
81216 74598 74588 70762 20333 21563 14944 79179 9436 72361 66583 
561 17
96955 95256 53763 74585 62468 97761 8806 97800 8987 99897 85188 81332 72772 51002 51720 25871 58923 
7010 13
3374 50049 76342 73618 32844 36326 84419 76992 6527 88013 33506 7866 9494 
2901 19
21422 6452 19814 20707 25691 55482 32616 94766 67673 12040 88634 58807 13741 34002 32970 85111 16397 71126 55760 
3548 11
40089 7620 43615 85798 98495 18494 15037 49240 69461 72581 62046 
3993 15
47019 56292 58199 92861 21837 89549 63237 57768 4313 22861 80554 60365 50285 90129 43520 
1668 19
80410 44718 9362 36335 24030 55783 58743 88494 67446 45921 46296 40392 71723 97548 21420 77215 17657 54122 77181 
1351 11
89302 21165 47154 31055 36187 28930 19843 91501 59813 2942 36129 
1476 17
47921 36162 67602 57158 72019 80283 96318 81097 86219 75901 67690 71712 97603 1961 97715 19419 62389 
1559 12
48838 83093 90715 51878 13735 44809 57844 91615 49428 21448 94008 32310 
4386 20
55589 76411 81146 63486 27770 25605 55159 51559 8144 74910 53983 20278 58984 1441 41768 41057 51286 70149 2757 50686 
29 18
93750 80532 77682 66311 68449 12708 33042 69361 80009 55674 33336 68691 77350 99675 97733 50056 23600 69534 
7285 12
40018 63576 89313 26738 11089 73564 5389 69891 83724 81492 65547 24772 
5857 16
6504 40680 22716 72811 85184 94779 99699 7444 67607 86694 44471 65193 25390 58643 76320 32808 
9566 10
52477 57624 65721 48216 76358 44518 60741 85657 3302 41865 
917 10
97211 85545 29121 38274 99771 3449 59516 44084 33126 60729 
7038 15
61179 99644 64379 87874 80352 22970 34793 74706 3068 11272 45102 70019 43484 16268 19777 
5390 20
1629 26973 91957 41659 46059 96555 76674 98409 37734 9937 80485 5053 65140 61675 83944 32506 75021 41223 6763 41258 
2977 13
55942 3911 26975 15505 5806 59016 22277 93384 51874 12353 17198 1255 2309 
904 17
1135 16486 26397 97527 64466 31208 62617 53568 86297 37057 44808 71323 90569 7538 24713 96928 28012 
1598 19
11607 13254 38763 51557 10902 64519 30557 38745 93254 9729 34493 79514 11831 76495 56326 3331 17390 57788 81280 
9732 19
34279 70399 68587 25547 45457 46395 59657 91031 14832 27469 30621 23745 16150 21619 5122 97489 97694 23923 50564 
1424 19
35687 62620 5751 75603 74316 70030 18512 88092 60367 503 37377 82775 78366 75658 88949 88912 43196 32595 76808 
8713 15
67293 34939 1490 28902 80978 79029 34916 30057 42292 23882 5124 16942 43209 61429 10372 
2041 14
44401 28914 77674 39970 63024 48517 16773 43373 39835 12014 73346 72996 68467 47884 
9078 19
53028 52286 86007 11101 29848 93116 63340 1216 11870 49629 79340 29104 4319 35017 39965 48675 61222 23984 13560 
7585 16
52337 89139 57304 1813 31492 87122 48431 89855 15929 20683 56351 47330 22583 29629 68980 25213 
6727 19
3037 68367 169 46683 20419 27475 71129 89031 33345 9678 62815 33423 99493 35650 9975 53500 751 89985 99419 
1959 20
33065 66986 79779 37814 92586 15504 37462 8816 30360 6488 65440 30904 26841 80465 40740 78377 22070 58849 2558 26926 
3537 16
4688 8155 85588 93403 38293 57822 37669 57585 92836 73774 53003 87798 50692 81505 47804 37618 
6712 19
87917 28022 10214 14454 4014 60773 76611 89403 15454 4260 36804 55337 62255 85203 8461 90135 82890 72059 21673 
8246 10
49539 60021 5259 250 22461 965 61233 37357 96761 3959 
1764 19
44025 47404 65649 11406 54107 77315 20779 64281 14379 13065 56196 21325 56985 56758 12587 48550 14640 65781 12597 
2464 16
63184 74097 37783 69453 75886 55093 60660 3113 16961 39667 43539 33653 83843 95497 42121 28314 
1891 13
50857 16901 483 80708 88758 51531 94152 56835 15420 440 61573 57808 11862 
4198 11
809 66876 91207 55930 83313 46244 56532 13838 10713 8659 81344 
5053 19
59378 10965 47759 45636 95967 73720 19673 93125 97335 25811 93391 63193 11913 25989 37442 56682 39551 97862 59427 
2862 16
62920 53649 25384 79381 88298 70959 63325 11420 57759 30488 75116 96403 38085 30823 9041 54580 
415 20
35379 51182 35870 89686 4159 81386 54775 23893 38207 51525 14555 31832 27588 20048 32142 48942 61405 5888 33165 16613 
9976 18
62503 36773 13393 87806 28661 88266 29360 91648 46923 80825 71934 21657 94155 56801 53636 56787 70401 94520 
2237 16
14670 63475 2954 45896 41806 42861 16967 49660 49553 18792 11903 91664 74498 18884 85765 72631 
5527 10
49504 98028 43895 95721 17161 23624 3336 59760 97159 23139 
9409 16
11566 82192 72833 53875 46388 69385 50587 10387 93934 27322 21783 6250 53951 64065 96250 48917 
9536 17
23190 7833 96470 86746 7034 47966 98834 43091 80553 38237 2979 9114 95844 37821 96880 40451 78845 
4733 13
1952 35775 70198 96822 25003 96083 9902 86421 88175 77531 47422 47574 53495 
5456 18
2203 82694 22032 8211 23064 2724 6079 36677 87086 26549 59519 57034 83731 25761 37659 71499 52154 65290 
3745 18
46929 33043 60827 22477 1483 19184 84951 37709 83150 10336 69386 15940 96877 32608 93481 62349 87068 10264 
2039 15
40458 74606 90770 78442 50193 71916 9162 62017 29228 49673 48502 17835 53421 60767 44659 
6693 15
78858 94469 28662 3692 55375 14953 37701 7108 80946 87106 12197 77269 61470 89593 11171 
2935 19
79361 13418 34906 75105 91478 37916 29005 89387 84668 37879 44126 89879 34047 94414 14544 7784 63695 68413 1992 
5812 17
9470 59983 76333 77790 96073 85043 36758 69477 76408 25273 60225 51676 55121 6591 52582 6191 26834 
2666 17
33667 60452 55114 24085 95190 18220 76598 26796 86730 77976 53405 78768 88819 25484 4386 15898 29143 
1389 17
30193 26938 27496 55991 31715 52050 97789 82435 66213 69854 76775 52010 14531 41607 20436 40648 22007 
1841 20
90937 21689 9497 77503 10323 6586 76892 92269 37199 57389 95102 31189 3036 8138 84061 99961 66478 89534 47022 2761 
7990 10
80523 87856 85600 77378 9040 73836 10398 31814 35875 57971 
1043 15
91202 89126 62168 13056 39353 99308 94874 99025 39249 98187 38083 67847 94317 88442 44226 
2170 15
77835 91483 36825 23881 28255 20597 17524 17170 78378 39905 34259 77493 51787 47974 44042 
1788 20
69912 98365 26980 62435 33945 40213 80717 13868 35161 23627 97808 3752 74816 71187 64524 31018 23488 52092 76629 98672 
1267 20
96082 17825 66432 40834 13994 5885 53688 9506 34469 39525 592 30878 9453 62486 90776 67886 91226 82685 18473 2829 
2829 19
77091 27028 91436 60182 74154 85080 9546 8252 41562 13207 97508 91369 85274 82823 97725 56084 85013 52043 96141 
5230 11
65742 21621 49765 15987 84968 46552 52610 94600 36090 431 17882 
9582 20
80930 79771 91380 49047 71517 84645 18295 65333 72460 62732 76051 38096 57117 15781 75325 82593 26027 72058 68781 25539 
9646 15
56826 49293 33064 39686 59901 47241 26429 74995 4089 57619 10796 40125 97024 37445 96308 
4666 16
40896 11975 77153 961 87540 59496 95333 63096 82849 14471 55401 59870 62627 17881 61747 99392 
5268 19
72659 86087 76207 39324 38777 76981 6354 82841 27271 18226 86878 35742 67509 43629 44171 9693 92722 36824 80163 
1111 14
46827 77265 47683 70313 2241 56794 64229 13865 52678 97307 11568 24567 61130 50783 
4018 15
5292 36070 40931 56205 67753 40080 27907 96537 16651 30195 50292 4575 77792 58575 53249 
4849 18
60333 21608 61887 61868 11028 12943 81491 62410 36329 60778 31753 56882 27109 38748 86843 87643 71897 28718 
3379 20
26928 59275 49574 24050 39822 42082 86589 12270 84328 28652 39501 9205 27275 79397 50098 55511 98941 46467 94541 82652 
4528 12
22756 20551 61827 50606 40331 33398 49627 48404 37237 80167 38964 85137 
7561 16
8849 93081 38694 38798 7022 21140 21085 50644 47291 17748 67149 16570 85592 97466 80697 12981 
6132 20
99616 70159 78304 91995 22965 35404 31537 49399 3129 98166 7367 31414 82418 24486 53964 86473 72999 51697 26482 70814 
2028 18
78044 32231 55712 8471 3199 80948 78759 72342 56065 85262 5657 26692 5747 77285 31085 1 50008 95755 
4453 19
67787 65188 71891 38205 60586 37771 66338 75937 42458 6155 16387 81125 90379 86819 5188 53719 97503 85921 64924 
7356 19
55815 86203 60057 22450 33828 19397 64821 68976 79611 26562 39035 63317 65611 85225 75304 52921 79870 10786 94419 
2458 18
27462 13855 42765 53647 24514 23528 44793 78002 28094 88267 93986 47298 64735 24281 48316 29017 21568 16162 
7174 17
47798 1840 8150 77661 68974 66364 90732 95982 34610 6050 76634 50194 25411 96144 519 66214 889 
4482 20
49467 54183 10365 97425 79991 61732 90221 89662 89503 81854 67305 57388 44967 44312 93118 44553 50173 24692 78570 83502 
7860 19
48240 24305 84469 41569 3402 36445 75104 59875 19307 47710 50291 53950 9732 10683 70194 42738 420 34841 70323 
6700 18
20001 58255 8858 75605 6836 37540 65625 56261 86924 89962 11380 7419 19502 90696 14219 64347 98647 52307 
5872 17
75135 63587 59250 24293 54258 17470 39272 54373 34326 66295 88990 84709 6215 44834 49300 71183 23097 
9211 19
53659 41582 85039 2447 59839 22757 98128 78749 4542 49402 5768 1390 51143 99321 51184 84030 78020 85682 95659 
218 19
7132 32818 67838 8005 15960 52929 54246 53609 97613 8535 27175 37074 19801 18636 69023 88327 32885 17283 88732 
6663 17
55173 18204 47822 27372 61674 22280 34198 48553 10406 12496 90206 49750 46973 82590 92013 32798 45053 
485 17
54424 75160 18907 24852 30330 90106 44006 47614 71229 6369 58344 40549 93419 38404 77817 82434 92601 
5786 17
16795 80241 32736 25673 73622 97878 37058 23669 44456 77805 56917 55453 10260 15237 28265 16394 37600 
4157 15
68094 59883 39684 70284 35334 97986 17168 28831 37339 69208 47907 63177 22244 67793 86438 
2689 17
2596 42074 33051 95605 126 1829 253 83109 66720 82105 29086 62990 61171 45815 98996 9358 43842 
3057 16
33425 46553 44414 48011 86702 70657 32549 12960 49844 59471 12881 70575 73583 30479 17179 65549 
6170 11
42708 81562 29098 84818 87561 58243 85423 90441 89924 24139 41313 
1786 15
67313 35990 67235 63647 57466 39628 43872 43737 26990 78969 16085 24569 42341 35510 44827 
6301 17
69051 44030 40585 25499 20408 4404 18416 38908 32058 2254 5805 58941 61118 16930 5049 30745 28787 
7485 20
62708 92488 83709 66322 26815 12622 71957 45375 91006 11459 1530 74992 36115 97948 78824 23497 17261 75863 24630 93074 
7712 16
94213 22839 45682 84235 3731 58366 78096 99968 33950 19926 11676 46468 68977 90493 55276 41698 
9450 13
56124 4898 94101 54552 37346 87559 65268 26143 24297 15265 26656 34613 7204 
9814 17
59032 51327 32495 30769 38473 63969 4881 80386 5046 85182 98078 98852 51280 36668 61093 45444 36275 
9734 15
48283 85869 79850 21679 62606 46006 862 3293 18882 12965 26168 90238 58691 79416 95681 
3035 17
68537 49879 9068 95705 42590 93721 6074 22109 12967 7616 77878 26044 72483 95813 25922 33274 72489 
1581 15
74133 11690 28235 28442 12137 72115 98534 34839 76637 22398 99214 38880 49678 68700 97920 
6567 16
93184 81167 52329 49061 29950 9197 68935 96430 22857 56153 17028 14082 24177 99881 21389 8273 
8207 17
54561 52204 26325 5619 61779 33167 16280 68923 34512 44832 10076 71862 96593 61596 14520 16760 24183 
2922 20
32682 30076 45653 19408 42405 88220 72829 26814 75524 16526 33656 9446 87058 33208 76311 72305 62828 40862 51794 53663 
6813 20
69768 6220 74865 97787 81170 17926 67902 8553 55089 25936 66067 64979 64233 50355 98822 39847 31912 15031 75971 8745 
2841 18
92644 87288 96831 5043 35256 28713 38315 36534 58827 93426 35081 36353 35208 48737 43378 73061 96850 72701 
895 19
44431 33908 71092 17111 45870 41318 83273 56839 45494 18598 55485 18722 21308 37255 85927 99013 58261 66321 96607 
9348 13
57227 55749 63615 69030 29224 20974 63438 81489 91124 81433 31145 34070 13762 
8859 18
3709 53447 12985 65957 95329 61608 95608 86749 36403 39470 67813 76818 21466 39299 24037 67512 44055 97848 
6922 11
41302 77448 56100 37901 51532 72703 68773 73123 32731 71145 76145 
8167 19
96255 6848 29009 2163 27999 67242 90719 39155 28798 44435 4232 46475 15702 53557 40883 8298 56027 78453 21517 
369 20
68137 9741 13634 92968 9739 78547 74289 26625 42756 30841 77410 72504 51246 32053 35058 79272 15393 6355 5709 3212 
6104 17
1238 49483 65616 85380 7215 81810 67613 99545 89997 37938 96143 99653 73511 88630 79905 74752 10205 
795 12
70711 81509 75551 70695 12957 18318 47534 62514 61631 89344 4092 13856 
4390 16
76794 46225 7512 86684 86194 26595 76453 2308 63798 55067 61569 57448 10590 62071 75929 4346 
477 18
36015 19350 44830 7025 54158 55625 21232 31993 65221 26477 62672 98222 46898 41537 37490 80221 9335 91306 
6937 20
47247 36164 80846 97743 63659 60107 85692 33859 15426 26012 90470 96138 2814 64550 20272 89923 62652 62072 44769 6552 
6247 19
23903 93861 87397 68930 52998 13773 84919 97839 39781 43826 87127 1016 9586 82602 1267 17357 57766 80219 16436 
9883 17
3830 39882 94182 36912 83828 46666 83645 6274 43069 38521 97782 17818 98487 49046 75341 71640 96059 
3259 20
46971 38517 44736 50317 93616 82302 78277 48398 85161 97663 99435 36970 56288 83090 30192 99575 5968 80156 95959 43400 
5253 15
64201 99430 62612 57400 73072 61696 99376 36834 85784 76325 73675 77442 34580 79894 57109 
3223 18
20739 84505 91948 40460 35749 23213 34131 77868 27778 31259 27504 85020 14959 72482 88337 28497 95880 13444 
3856 16
28999 6521 4497 11509 25127 57209 39396 76355 23066 58498 63078 74469 35783 22666 95173 87380 
8370 15
91308 62079 93801 53232 53478 55708 92668 67707 82378 40159 39902 74302 37650 24158 14717 
390 12
56865 93428 32055 58769 96393 17443 40025 30038 14246 99637 56932 84434 
9408 20
48317 98520 59629 99762 61772 43375 81406 64511 63404 81284 64882 71497 96793 91917 80182 33926 69332 95378 61982 46642 
9320 19
58779 96861 96117 27517 55853 83071 41654 91662 8703 45600 23014 57361 11092 15928 24128 84428 98389 85759 95570 
1882 13
23765 46901 87432 40602 48184 1115 1039 7095 8210 31639 79300 35274 56135 
4180 13
38855 30952 42171 77838 51361 73968 88400 82655 26758 4017 39034 69338 97993 
1542 19
48422 32276 43483 37154 57961 88883 41059 53326 91068 41041 50781 35572 23501 2698 74937 46442 86246 20852 25437 
8700 14
11097 83872 51660 50946 2977 17330 70741 78132 49528 72894 52950 34105 57884 30338 
7269 11
2592 14794 2588 26498 92403 56328 92303 68716 41458 85892 20718 
2493 20
33551 79579 4729 43399 39918 33432 63953 32355 74389 48818 42085 15829 40108 95617 35806 8519 57871 76814 83473 58246 
8260 13
8391 43255 81941 63560 47005 35133 92119 2337 83122 75316 3518 59725 87805 
7989 14
22925 6800 31099 46874 12877 34694 46347 25304 39418 86559 92114 95793 33147 4181 
7327 17
97546 91198 10089 2444 91892 66385 50738 80916 62968 5377 72011 85856 7209 89861 69788 23059 56397 
