42
1263 10
74302 15211 91004 33681 41247 63139 378 39847 451 16753 
279 10
74797 9870 46444 87108 21154 19990 29464 18336 3590 39521 
1200 10
47465 49659 26182 9650 74626 13368 28084 18189 45507 48123 
350 10
72611 45787 3886 61247 68031 25149 89259 39641 38988 74680 
200 10
15566 22914 94940 9716 67914 68053 75215 55703 23199 31128 
1058 10
31403 25785 78426 82319 38104 37752 48694 10575 41895 59595 
1315 9
42500 8776 9176 25432 21319 93265 80067 70809 70546 
472 10
15235 35405 86424 13964 38667 16006 62232 53537 60216 15248 
68 10
4804 73485 22431 80858 15485 33385 34208 91304 6413 64926 
726 10
58366 22647 56648 34939 16884 12848 38396 54747 44672 28835 
970 9
93458 65780 77221 6617 23328 65798 19514 35915 78576 
3596 9
53436 92542 88638 29035 32491 36465 42515 77156 15507 
1066 9
2517 4826 42562 23175 67392 73496 33998 33777 84861 
21 9
21702 8453 82639 18635 76614 78460 77327 81574 91429 
1761 9
70491 28773 19225 50472 55260 83900 27256 22334 79196 
1237 9
80027 95141 59620 44291 75602 46191 52634 26435 9542 
271 9
60723 94985 10741 58391 65302 5068 12431 48496 60780 
5321 9
52787 21570 4834 67275 12570 19611 54490 68456 52960 
1191 9
69308 18872 12820 65761 50898 43754 52238 94315 1139 
4523 8
152 18891 8042 11198 39735 34492 74585 35584 
1256 8
89637 59422 4684 38484 39131 23125 24840 8658 
6575 8
70714 82248 94916 13113 57980 17774 55911 62086 
4903 8
5582 49366 89433 63106 45344 41349 51074 51068 
6701 8
87685 55716 93331 35559 60303 83217 26379 4207 
1967 8
26549 24169 29331 8372 82977 80471 88396 86177 
5819 7
31680 12047 1122 83786 24249 8798 72388 
451 7
14323 49046 82522 93483 9969 36740 64232 
4351 6
86977 39859 76870 83969 12679 44767 
1991 6
45739 57692 55209 55100 14302 83351 
2832 6
49222 53169 26707 32954 41416 69876 
1222 6
18057 79697 25611 297 35523 62608 
469 6
71929 32175 68006 76924 54782 8297 
1923 6
31281 63648 24808 48448 67706 65251 
896 4
28805 46667 45007 72603 
1550 5
91465 52196 65155 54424 93390 
2915 4
51046 1447 22761 49981 
5724 4
50856 24618 34947 38834 
1168 3
80085 93962 26336 
4241 3
90657 74665 14297 
6589 3
72720 87942 24862 
1490 3
41805 14855 43828 
3459 2
77261 78173 
