12
3239 113
45610 10818 42813 71814 25073 13231 27291 37576 71318 54449 86512 58618 86404 65580 93899 51106 55223 82273 43094 17126 24819 62209 4806 63557 57765 84020 19049 17188 84591 29337 9768 69402 14265 34079 65773 67914 32499 55891 86121 31148 28970 76490 65690 90786 42318 37645 32087 82811 4944 87079 64926 30409 7867 55810 70176 5477 11601 91326 6156 71824 87902 39795 51485 52124 2974 67879 83191 41211 47375 88044 65897 29078 85761 73619 17332 12751 32789 22984 17729 97590 51187 51570 29246 60030 73420 68539 92805 63181 97177 99940 30391 27459 66454 10860 33738 92763 42111 8601 3 57116 21808 48043 30940 2688 9939 99147 89972 68050 1870 23541 46120 97604 70889 
8655 98
78203 95636 66581 57932 81408 45232 63094 18573 20920 83050 53662 94157 22821 63929 84114 7533 18754 68305 18903 69256 7127 55820 56267 87311 49932 88238 86834 34479 10962 10021 38626 49386 70239 7691 55079 52089 24651 67200 4493 52769 48533 67680 26698 15605 63897 78281 55259 81119 25221 52111 9995 20467 91050 22416 68225 55104 23794 57294 88342 222 88614 50989 35818 55471 40845 2771 67800 75905 24561 66597 10830 49998 65288 35330 23890 83956 94109 19594 52752 22822 15451 35913 41313 86918 69673 67215 60265 55426 94921 75627 54437 48456 74207 71320 39488 87885 36684 13653 
1487 80
79110 10023 7546 52793 78784 55477 2442 84278 8267 93316 54605 15363 55340 60101 11973 74131 4006 66908 76817 14248 10740 5242 71078 16269 98729 48980 50999 26257 33227 99597 36054 10624 85817 8958 6031 78872 74588 14718 90073 97837 55669 39485 7731 1130 96640 68074 76554 17037 90986 10952 36452 61079 97769 39723 80169 78349 43333 19985 98222 98335 62473 41287 45787 47702 157 63342 83480 79251 12705 17600 71743 43305 53775 45909 23817 61440 67784 46581 40911 65796 
3543 62
40932 37302 60214 29438 99310 34848 47603 18974 60508 62780 80108 73523 54219 99983 67678 79580 69781 38416 4580 8768 42498 69759 84608 73069 62016 74785 80092 17870 60936 89996 82267 39017 38251 71530 5214 92160 50488 16007 29350 70116 3066 58626 92971 67820 38770 57990 67986 20738 19161 98273 98759 34067 22402 13229 71465 58311 87559 14795 57487 11475 94148 49030 
7284 43
99409 89525 19502 49882 32566 64022 52132 27769 5219 47789 6279 90476 61100 23256 87905 58395 41218 60154 79676 36623 46130 45234 64807 30019 95040 96018 49840 77126 76113 57839 97858 84817 79098 47579 97359 57023 9066 54120 8743 82855 73025 93313 99347 
2259 30
39210 47010 82622 60744 1813 78283 88800 17283 37408 13288 60591 27372 30618 24266 7560 45871 42521 96084 34231 55256 38100 72401 6994 50875 41045 92302 76614 93759 18496 25485 
7709 28
94545 63850 538 5505 55462 52352 32444 5792 80802 68507 86613 96724 96283 79393 55355 89570 53177 88806 59397 74052 17649 49384 89184 41605 96250 83034 32122 59383 
921 19
46554 38320 74087 20115 27077 67129 36361 55920 6922 16778 58687 92339 36496 25245 7216 2437 30050 65349 18054 
3837 16
57211 34500 19925 2461 48653 72920 72488 89364 2284 62896 60340 74249 23261 90652 64949 39517 
665 6
6587 28574 73321 30889 93705 69009 
3401 2
66938 35530 
7435 1
68356 
