36
4806 22
70328 13747 71904 58191 34421 67129 20072 75877 12059 61751 35291 54062 28806 12987 67521 39672 39051 6899 68418 20614 53614 34448 
3550 22
65204 8581 35172 52027 6801 22966 53309 37194 69226 76134 26672 59274 53718 71381 3985 36880 47281 69890 23558 771 74048 61108 
7693 21
15425 63674 36214 10887 1474 58497 69691 25773 33906 59262 43150 5377 25123 25557 17145 38894 65350 53131 45030 9034 22515 
5971 22
39156 27467 40604 46866 58833 1619 64603 43986 31840 40023 44572 41786 12938 58552 69140 36670 46175 73000 24304 61693 53401 15095 
990 21
37268 46194 49474 23915 28418 42001 27706 30922 27279 53605 64193 26421 57168 22174 30406 2268 30424 35226 54767 1114 31769 
436 21
2712 64803 23674 2126 36636 36306 62831 41830 71648 46602 75606 47537 25949 47733 60347 54398 67604 58719 32364 26351 2872 
7762 22
60801 6226 1637 66126 1670 76763 63577 58713 14297 15309 15742 61316 57682 36579 66922 63292 32080 69077 10103 10793 16148 726 
216 21
51415 65395 29388 56107 13885 59723 47415 17983 28241 33200 3762 39236 48767 28816 19030 11704 37843 44904 57964 51148 35887 
5774 19
4124 2472 64067 67557 13169 42054 23068 77616 73088 60786 69762 50636 53484 4535 33459 9792 22472 71649 33582 
7264 20
69479 27534 58664 12553 36293 25913 324 25162 13481 21565 32937 51208 1123 54650 64565 25864 72066 44508 775 34676 
2582 18
31441 56067 8024 50020 34758 10513 25102 18132 18119 14338 37064 19320 61153 64640 35053 13764 26549 70356 
5023 17
14877 39528 38282 16653 559 64426 46761 14659 43351 57306 20050 9044 32444 7288 8338 68668 74188 
7276 16
16865 40479 76814 60136 22399 73159 6290 62496 78114 45154 29461 41588 1865 46863 58276 40952 
7046 16
13353 3351 47411 48494 3512 33096 23169 71545 42276 38809 66634 65245 16789 43456 21124 43342 
7050 16
18978 52928 16233 50702 66181 63908 5875 28356 27956 20115 59199 20372 67627 68549 62401 67741 
7197 13
39510 8008 16170 5597 14126 17050 46735 26690 8346 58871 63767 51503 18920 
2046 13
35993 76207 77317 29491 10665 43018 67088 48118 66477 44440 71249 76591 67949 
3328 14
39483 73091 32657 55780 37831 63733 9806 51527 14749 28375 23060 57138 58421 56894 
5418 12
55923 44237 48746 61813 56302 2363 63542 43610 73163 6425 69707 49539 
975 12
67139 43472 9988 57262 73530 7571 34470 24521 20723 52681 45859 8663 
1148 10
39876 36618 63914 51333 15774 50428 17576 74874 57812 25247 
2693 12
75749 46302 18498 71605 72858 3499 45180 29226 54830 40664 3039 3357 
570 9
62349 16555 65891 56838 51591 63937 18059 19487 71358 
2883 7
48025 484 73241 30221 66035 12697 41489 
6654 9
61934 44327 49128 59049 64053 28150 31374 69897 45385 
5234 6
38399 48070 68256 77907 16934 22262 
7587 8
26941 34634 17909 22714 78213 20268 3480 59381 
7192 6
11584 28381 44846 58134 71916 64826 
6642 7
29886 47119 30117 34399 24199 34154 17013 
5591 6
49193 67170 30799 76998 20029 71210 
5268 5
71973 16948 59327 65811 53997 
2299 3
66193 49049 8115 
3680 4
32968 49291 34632 44462 
3844 3
49170 47108 34472 
7365 3
20230 42535 49113 
1516 1
16225 
