141
4543 8
73802 73612 57789 50944 76896 14482 10597 36626 
8359 8
3334 21752 28321 9825 20556 59440 92865 34882 
3817 8
5575 63519 1765 36547 85805 1312 5536 83013 
1281 8
25922 44333 26541 26950 37575 87797 78372 57084 
7988 8
87187 51609 69157 25199 9594 62352 43361 48391 
5065 8
89235 62775 69990 43582 14832 34027 51081 720 
5427 8
33606 57842 47636 562 63612 35388 54247 12924 
7149 8
29731 38886 78547 4018 41076 53180 80989 23638 
445 8
89342 4095 72846 70515 84959 92658 31368 25176 
8542 8
64520 30818 57918 26558 39460 78436 48909 41447 
4339 8
20707 22855 53716 74191 87688 76074 77171 72352 
1394 8
51065 26437 17818 47307 43131 4769 81234 51275 
548 8
47289 17493 71657 22950 9224 53550 53098 22531 
4277 8
90413 90064 54775 92109 11720 38925 47718 49204 
6754 8
32040 38883 32348 77548 34132 80419 45660 34112 
5126 8
19661 36803 20317 38937 18671 82757 24109 93060 
8855 8
4125 70939 72617 43151 39144 60088 52583 62736 
6989 8
4397 12030 84888 18577 46468 49495 14408 49184 
7215 8
6833 84675 53930 61684 62292 10396 43624 30984 
17360 7
85596 31635 13658 23133 44303 4725 88360 
4841 7
37462 11931 46078 78467 53467 89260 44446 
2374 8
84477 81933 20066 78978 67460 74642 92189 51853 
741 7
48838 70575 13890 31059 49957 9342 5491 
4457 8
25609 27106 12538 14923 42468 85488 49435 43853 
737 8
29685 2606 93122 19588 72939 57639 48614 28679 
8221 8
37641 87570 547 86412 83476 17336 86837 76585 
14834 7
33918 34664 70587 6660 8568 10923 20800 
5529 8
91715 68691 46483 76565 55819 33620 40468 77583 
16179 6
75725 29757 27217 70815 34922 5225 
6215 8
15767 79552 82968 37445 35851 72810 38189 28587 
17786 7
56310 72294 48520 87987 80497 38486 58385 
7497 7
44498 76987 53509 52342 14948 15421 46735 
3031 7
33873 91967 76925 2209 62019 70739 32284 
1660 8
13297 75304 70138 46065 24030 43932 85903 54568 
14216 7
82428 26503 65863 77762 92133 74841 18215 
19231 7
8295 77156 50779 76982 16162 80068 61693 
4327 8
65074 24145 17486 81513 6081 71954 82336 80172 
6962 8
43465 1927 44051 80894 54619 80083 71524 29006 
8897 8
65402 42737 9470 83407 14831 62102 8721 68171 
6167 8
30577 18548 28873 74568 24048 11473 28566 15335 
18892 7
88994 37642 51793 83512 19156 41407 45404 
20117 6
70233 44358 73315 62944 7192 88930 
4252 7
21345 60813 14615 29338 69515 41964 35154 
2825 8
74243 45339 9013 61876 79599 55181 50029 77966 
8270 6
19500 91481 5297 12438 47755 33656 
9888 7
62191 55303 36984 26018 82886 78096 53886 
4401 8
56665 28930 40633 37380 48347 11715 40813 4064 
1335 7
66214 21621 72383 38898 8480 69574 30469 
5270 7
5847 27375 33725 41375 72837 1274 68558 
6307 6
57676 91073 21664 29399 88663 36537 
4215 8
16168 9280 18161 33485 17774 33593 68754 5866 
6053 8
91257 70629 59246 83600 68858 77327 76440 14688 
5129 6
65978 3410 46623 75327 3200 39745 
2440 7
7697 91663 40092 10749 41524 47523 737 
1291 7
6288 5393 49088 25072 46341 33848 71868 
10083 7
81802 15617 65298 47738 86966 10645 61526 
12621 7
16885 69779 81540 4805 4689 4441 70978 
21638 7
26670 21347 8833 66977 39253 65908 15591 
6407 7
76244 20477 44386 12111 89393 87771 53738 
815 6
14687 1692 61167 57122 41935 8121 
8970 7
12342 22519 9784 16080 55603 29771 9781 
441 7
29510 43000 4043 71026 66186 28589 21940 
5080 7
41027 72342 16178 34990 87509 73117 92634 
16878 6
84631 80765 84635 31703 70551 90810 
2404 6
59122 9906 40274 78578 50897 36641 
3711 7
76379 86362 29831 69099 21462 35283 12358 
7843 6
59262 51827 46368 33333 15417 85873 
11076 6
28790 88689 24823 41585 36976 46628 
21644 7
52147 64889 61547 78493 16750 31532 17940 
19866 6
11619 79927 46265 45811 31400 37194 
2070 5
25872 50272 61449 15627 52281 
4062 7
60699 70419 17465 62224 46577 61405 86193 
504 8
21013 87047 73803 67246 69948 91111 59962 20645 
1380 5
39646 70777 63050 36456 81423 
16351 6
93610 19019 14899 37710 22656 75391 
973 6
60671 78084 76697 10963 13809 10012 
2590 6
38072 50143 45252 49220 45686 50828 
1532 6
91385 36077 68263 58187 67867 20455 
9759 6
66672 24203 90640 65953 70184 89647 
2856 7
53308 58666 17743 6489 18419 73297 31853 
1671 5
92459 7002 45249 50822 38606 
6211 6
58062 83200 34174 48197 59759 69483 
1183 7
55678 47868 49742 75600 68918 36056 14818 
10530 5
22281 38713 53329 12690 28985 
592 6
19008 87204 16791 85539 86239 63238 
4281 7
40657 27813 48511 71040 31676 26946 30512 
3430 5
14863 74662 49062 85169 11292 
1031 5
2596 71451 42463 23535 20422 
3114 6
45141 56049 30050 6867 2201 83851 
6423 5
93396 4457 68335 16836 76512 
19926 4
52933 23624 5193 72670 
11691 4
27380 65292 93135 55279 
8169 4
59696 7432 22252 19914 
6090 6
65525 50954 19114 21060 12641 11685 
8315 4
61141 6315 53314 77987 
971 4
34150 92687 57795 4153 
1632 6
53946 26709 87723 81239 36296 60912 
12961 4
90804 33548 46027 66899 
15689 4
27290 24799 26703 32728 
21749 4
22262 47577 9876 92859 
5134 4
90297 7688 8204 18354 
17227 6
69200 49493 18164 50657 87352 91014 
17144 4
76056 25564 66705 52429 
15209 5
25034 12788 62934 7968 88192 
7612 3
25885 8502 19288 
11399 3
51898 60228 9582 
4708 5
24554 49625 7819 84242 49617 
4225 5
91548 24594 93001 76517 79067 
18543 3
83788 66008 23234 
6132 4
75944 92126 20802 63683 
13648 3
89810 86000 92218 
21645 4
74745 51299 90464 37849 
15099 4
10242 78265 79144 73951 
7812 4
38839 29074 2355 6076 
12585 3
43335 91307 17075 
2737 3
82152 71210 82929 
4684 4
76846 74032 2085 11166 
19822 2
47668 6916 
3151 3
31332 40439 49600 
5882 3
8446 8525 15962 
15286 4
42248 77807 75162 961 
1158 3
82506 12675 89644 
1365 3
44959 62506 74540 
5925 3
27159 57750 28291 
13364 3
20884 30272 24838 
1231 2
74596 91693 
1669 2
39181 56611 
11949 2
50202 67704 
10973 2
56217 9928 
19714 2
42797 82654 
1814 1
47406 
285 1
69917 
4837 1
12154 
606 1
89041 
131 1
71801 
148 1
2203 
17773 1
50685 
372 1
52357 
7075 1
90428 
9528 1
92106 
4583 1
50058 
