16
2691 128
96331 96193 23679 91090 63945 88889 48908 21289 78249 33178 61436 36421 3047 20110 3803 50496 76580 49340 83572 61985 16137 48169 9402 70790 67595 28213 96653 38011 94022 2658 45844 95305 63175 76389 49224 1047 42133 92256 54486 17373 36982 18802 42042 38399 79693 78301 36606 79114 12410 86438 5243 99847 51876 376 41608 61062 71600 34535 17197 22478 85085 48021 20429 7633 9646 94525 65464 69851 34793 6682 60342 88080 46215 69423 33692 95039 11531 12 68515 67923 43951 97877 38495 90860 46318 95727 44121 42091 31759 76343 88376 15392 2107 84964 3533 80149 58018 86553 66686 76155 57590 71671 6506 28864 57336 5105 94622 57164 85876 11874 1149 3049 30745 45999 37968 36303 47823 32106 61795 64423 4908 34586 14897 37986 76248 18341 69226 3503 
2864 112
50984 38355 49371 1659 59305 7584 29626 70474 90628 55952 35404 78759 33234 35816 39076 72012 75664 16973 26609 10452 5951 24474 16250 96531 4830 75271 40479 72909 34635 41493 59884 81288 70421 74019 44787 28878 25771 29453 34197 45075 98420 99839 82271 77131 79350 91855 82876 65576 82320 70880 70783 24346 49600 6522 14491 68434 65624 80685 63891 61768 81076 97660 68240 73408 11652 23558 37483 95066 31969 77683 54470 78953 55810 86236 88961 18658 17370 71589 75574 41188 64183 55471 91466 99354 6379 90422 66025 16029 33687 2266 2492 93276 76916 795 30271 17336 28182 14436 67839 52512 19045 75426 99174 7446 16844 29592 14322 96191 14125 91754 85836 86791 
6094 102
4939 30983 24984 8118 44982 38772 87903 99440 41744 98747 29528 54967 59744 17915 12913 75055 81203 79412 32786 13389 46534 19461 93647 92712 92943 87583 32977 56250 25395 82695 29889 75065 17933 8432 80724 95473 11793 27538 67153 41236 35136 69375 54493 22903 81992 60423 76132 91395 59381 6889 24643 48652 52840 79682 34162 16566 82739 35315 38675 86240 96009 58440 4588 33342 67998 31931 94556 82659 88541 45810 70871 13767 31744 21334 49930 6709 98817 59859 56004 40853 13619 9080 74333 50357 1885 68180 24241 51203 20113 91281 89537 755 52462 47508 69273 61008 78118 99834 86157 31936 93208 64381 
1703 83
95492 63273 47692 55270 20413 55767 61574 8035 48959 34326 86861 53488 20748 94971 44558 60517 15714 10008 95142 16612 140 91601 68644 3648 69894 46645 67399 5848 89275 4602 66631 59961 96262 99188 5169 84055 2071 62795 36038 24170 95983 80869 98065 66964 2122 10848 67392 62433 47780 8668 98726 52016 39499 2181 58151 94295 61554 56768 30522 3967 78195 80361 69018 22135 12936 26268 82368 91827 17569 32547 26026 17763 58730 88835 46723 4078 98112 34477 42257 4855 77866 3679 81160 
2893 70
67262 96660 61106 31933 58795 71851 16145 22244 9201 15617 61238 75425 13301 45927 37801 87621 95778 74139 82467 29808 91853 30026 77945 9752 69209 64567 65596 3083 48860 93930 35158 67074 77609 94983 82340 1071 57560 4582 45741 33373 83886 34930 15283 52338 18599 79399 11657 75886 54505 27446 74763 10863 5787 86979 23590 60803 2401 42271 6784 92328 94607 7191 74983 18926 41304 67179 1966 77054 94446 39966 
1434 51
63592 64366 12264 40139 67319 47517 96943 30705 52180 66591 41895 34539 79083 24898 61390 82142 56708 30467 7339 73002 7707 57058 14246 69564 56216 5029 61438 1185 61819 7848 80530 58022 26651 54329 3714 31509 98147 43835 20475 9123 96958 13099 88755 59865 56491 72016 45772 58273 95729 23337 23702 
1570 43
21790 87848 15047 60678 85446 69101 13203 92638 39829 83704 41084 44255 96221 53193 3780 41282 55487 51285 18729 90673 54355 99994 11689 49938 65402 30235 51334 82620 65014 63629 6655 40504 776 12326 18364 6647 86342 80729 72421 7116 72260 53520 25773 
759 32
8582 81911 59127 30948 19362 48076 79250 57974 19522 70597 47138 86118 20828 32157 36523 75142 90670 48060 87462 56651 75846 76957 5513 42737 48501 95118 2924 93755 3241 27083 14801 48401 
767 28
47656 61290 32644 10157 98047 93811 69854 40495 17487 53752 73694 7168 99344 73151 86217 62686 48517 79736 58403 457 78934 76527 65995 25182 2269 54026 29641 56214 
1756 21
35287 29603 68361 50231 44909 91641 60136 88094 31674 31120 48279 83937 3767 51154 31608 98457 23581 79298 27723 35656 83044 
3786 13
51004 50366 84014 97876 65011 45572 83309 2009 32583 98256 24503 19606 65479 
6567 10
79122 7915 35000 70868 65082 33086 66789 75023 92873 36976 
5753 9
76231 8156 51549 89934 92801 92860 63102 48765 41465 
24 3
45950 30835 28009 
6335 1
58999 
2039 1
1411 
