76
6147 10
57 38814 34541 75462 37928 68137 67012 35991 25977 74571 
2309 11
17877 54417 42229 2648 81886 77388 64450 5402 44520 50863 26638 
1797 11
43215 69829 81173 24245 33918 9555 20016 50683 42940 40501 64973 
290 11
79315 73002 19663 82556 60835 55160 39568 22664 82325 67892 3664 
9430 10
52369 51414 47577 47675 48921 48525 68197 30753 32024 1921 
2031 11
3246 50980 4174 40163 78247 21873 50171 25315 22770 35137 4270 
5706 10
66923 29554 34190 65327 53822 7800 9767 35630 39938 29026 
109 11
8435 56487 56861 71861 10044 84184 81489 39650 28011 49587 20924 
1528 11
36876 81380 46309 45342 45220 78725 54894 34539 55843 32340 46373 
2785 11
74835 56092 73138 52959 33024 84418 37526 77022 78555 5037 31041 
243 11
42590 54949 72523 32805 56799 27672 55001 83566 38087 77319 53574 
1106 11
34779 39369 67594 9713 52344 38350 21405 12274 51252 27886 40331 
13659 10
71438 67877 57562 36454 25552 71225 82674 77784 71546 31240 
2046 10
2715 60444 50438 46454 35057 27811 81443 15985 11067 54823 
581 11
70404 51391 61052 80943 8721 52901 30292 25834 19849 58572 38871 
10842 10
27890 62270 46218 18462 75540 25624 48276 32004 26850 80982 
5641 9
6188 52502 67024 63276 2525 53730 75705 52864 16695 
428 10
7764 26382 83833 42543 366 15549 58689 72949 73084 59297 
2882 11
76423 41919 82264 40603 46473 80266 1868 7415 74784 4963 62164 
779 10
55182 7862 37779 41084 58637 84856 20464 8217 3689 50528 
3348 10
80337 25549 73979 63341 15050 18176 77722 47352 29318 31848 
14159 10
37402 82764 30551 72185 60713 65490 68908 31949 15592 74654 
1335 10
40074 70690 18514 427 76969 81177 54841 32928 57393 83655 
1912 9
74967 26736 44641 78330 81238 10282 12718 27465 38183 
6947 10
45366 42638 52994 16550 40301 25862 50071 27980 75653 9222 
16575 9
43890 61043 40978 79335 25711 30323 24448 39907 75639 
15741 9
81333 1291 72264 39165 24393 22049 43642 12892 82212 
18350 9
69435 77661 32780 65376 5966 61329 49896 56556 54407 
3760 8
23533 26422 38023 29524 62398 68981 46108 40662 
10528 9
6688 71817 16417 18334 41367 763 13631 28642 65161 
16972 9
80053 58510 57473 52058 83207 52343 78474 46021 82830 
11948 9
33379 36231 84346 65676 79412 34632 78209 24819 75651 
18482 8
39563 6378 80191 40692 16397 42911 83756 38115 
471 8
55796 19368 25559 45030 30917 84776 5907 2811 
2283 9
10843 67537 76807 11540 11045 11211 56492 61304 37999 
4680 7
79283 23304 25092 22595 58137 77357 81257 
13851 7
23627 7981 59460 23101 55274 19833 62279 
9899 7
68808 53398 9110 57475 57482 73568 33113 
13108 7
58132 84621 9296 69889 68801 10997 74094 
1144 7
16999 29835 50641 61849 1905 25341 74523 
3628 7
5158 67280 854 84969 996 68442 55458 
1793 8
830 46916 78805 37689 73639 15763 39886 6122 
9569 7
3059 50852 35156 16828 46706 67714 25366 
4582 6
24341 34614 36120 17075 4805 15921 
1244 7
4408 50063 57751 36900 60993 20760 26840 
4831 6
57710 82768 27797 65115 28408 52646 
5125 5
24676 2969 37650 74646 8175 
2675 4
52202 63929 67379 8810 
11282 5
63125 56825 22778 2663 64405 
9767 6
59716 601 60848 7323 77619 55988 
9905 6
790 625 8232 77580 61278 30332 
15784 5
53065 59850 56359 56734 48181 
16157 4
21476 71368 43242 43617 
613 5
26592 82532 63289 67645 52396 
3045 5
48666 66380 41137 18353 29703 
16256 5
55965 8563 67310 80087 8482 
10893 3
61167 64184 26617 
4861 3
18822 11760 8881 
5014 4
29583 41868 48866 15361 
8353 3
53660 18691 36745 
8529 3
62196 57208 68549 
16696 2
52434 80914 
12895 3
48165 16051 79858 
3382 1
11484 
2622 1
11206 
227 1
42670 
10013 1
10201 
5659 1
21138 
14615 1
8569 
13878 1
29729 
15811 1
26383 
4901 1
77426 
10951 1
16592 
4756 1
23827 
10332 1
53177 
18439 1
19243 
