247
1731 10
12327 64471 45223 56343 60890 3419 95203 38720 48560 77576 
3436 10
81552 41751 58862 45468 94387 45819 46185 21970 90958 36867 
11844 9
2179 92908 37635 3844 40663 59239 27870 61737 16988 
1999 10
68379 28716 12736 70422 51236 12165 61793 59190 3149 53990 
6035 10
85144 85665 33727 65852 71620 78121 77960 17256 10901 48185 
5717 9
46223 71190 33365 37602 828 34404 61661 29378 23827 
4077 10
7393 42404 91196 61256 78376 16310 85611 27019 48995 5035 
16895 9
59294 16875 49391 42424 17972 6586 56444 47242 49002 
4955 10
90295 68643 12454 9672 41881 42531 82655 19194 80534 11233 
16207 9
40659 51553 3011 53345 32662 68558 32577 15962 75001 
21327 9
81031 36305 84030 63452 54275 29766 45433 52584 12467 
23336 9
15071 24639 11917 2416 9746 77880 89027 21053 29467 
546 10
33071 79977 65352 93319 28231 8169 92121 68342 46136 9060 
1246 9
47834 12040 91906 15846 15283 64534 64923 72379 64607 
3925 10
46889 21491 90049 62627 41002 54366 25684 79719 15548 16668 
6202 10
41740 19443 43415 58607 57478 52789 11183 27616 63741 20031 
25259 9
59336 11136 39497 12059 58970 89764 95759 86974 32227 
1730 9
5388 43951 48224 72791 32532 5741 56099 86396 35677 
5007 10
33121 25136 77666 67789 68974 81590 37299 18026 7229 94996 
13049 8
53316 32354 38334 19582 39273 4398 3793 63042 
13951 9
60815 50815 85153 82773 88249 33569 84850 24065 95583 
6128 9
22477 58775 75426 57144 42998 43062 22672 68769 18696 
12778 8
49877 1192 49765 68240 31663 32692 26090 44162 
28378 8
76032 41528 82387 51715 38974 61241 64393 19684 
259 9
68540 45335 53068 35448 69074 50198 59120 26164 80798 
7877 8
34419 11639 6109 87747 63909 10150 37289 15193 
7237 9
29185 27378 55933 63061 53780 54895 54958 34578 53850 
22475 9
67995 88166 49579 85816 68103 4673 3610 23629 17707 
1326 8
16440 85566 7944 11784 20476 44790 5584 86322 
7081 9
41064 77018 57786 80823 13515 49956 89454 62977 35377 
29155 9
80452 81057 21005 72610 70115 84437 15171 73550 47975 
160 9
8385 32398 12706 66186 35441 20844 18352 7367 88064 
1487 9
54583 41305 86641 93918 42113 31792 77378 23217 55254 
188 9
83776 76180 89055 13154 90506 83924 24370 47830 37277 
12952 8
34703 76479 20703 89197 84544 77400 81034 53509 
8809 8
76956 22330 82448 69959 71502 51873 2177 18091 
13963 8
17820 11704 70704 16141 68371 77797 29348 52751 
20648 7
25868 12807 83261 65202 23152 28344 92428 
7410 8
1071 92384 89511 9232 39697 70118 5241 90885 
5685 8
96603 94908 46820 51344 96260 52694 78771 94793 
2084 9
84979 87839 31393 87144 16140 10206 82396 73735 54707 
27940 8
45630 76649 95793 25571 60903 4760 21242 68649 
14664 8
3251 53284 78283 55544 18561 36640 41340 72200 
7123 7
50042 80871 81980 7759 49832 74372 95177 
4798 7
42821 19460 66960 3641 31441 22490 53804 
16863 7
32100 65094 44752 21078 71838 45744 69096 
17786 8
70980 86099 16104 44414 69825 94060 89518 27638 
27049 7
34094 42950 20006 73507 32648 66451 2838 
7045 8
13272 44720 78123 58286 71071 79572 58243 79080 
14535 7
5798 29454 75757 44234 93076 42572 47915 
772 8
35470 49476 84866 93290 71154 58158 16360 65651 
10370 8
84577 89245 4142 30533 32429 42957 96552 84560 
6790 7
62000 19646 15752 84466 16257 8513 30043 
576 8
93871 24390 29471 75164 60423 46128 76142 41616 
2625 8
18248 52043 76177 62091 25669 12531 93128 642 
4294 9
25910 57587 13703 36175 67708 39468 55543 29063 24904 
16946 8
89784 2827 13157 54658 37054 89758 63883 94224 
5835 9
21343 77282 48373 11734 85735 48843 54261 90493 15145 
6561 8
27639 95887 6798 24323 71288 78791 52900 69459 
17005 6
25938 53730 86566 28226 44749 52531 
20679 7
56430 72463 82426 1400 56425 79159 89727 
25898 7
1415 58608 25378 87357 62604 39359 18401 
16938 7
73374 49890 21918 88949 39545 87548 86838 
5881 6
10274 9708 64216 51327 5867 95358 
11369 7
70989 53033 44646 43052 60389 9713 78708 
14843 6
74586 86030 76275 65644 12587 77446 
6745 7
62370 89667 56904 20586 25334 17250 70959 
821 7
18467 7967 19739 54599 64650 1639 92860 
19243 8
77411 46578 53560 5329 90380 38546 54739 86304 
6499 5
84819 62252 91901 4984 35439 
25631 8
88708 10414 66057 46496 64029 95285 52299 74733 
19237 5
44433 69597 84119 54862 69383 
24467 5
28260 43732 68121 66736 17338 
7924 6
40869 71906 51703 14048 65 95267 
21572 5
37011 73205 94521 73313 57828 
4558 7
72780 51520 43504 31546 57688 59314 25187 
217 8
56536 42739 21405 25873 52265 93235 78524 47003 
28564 5
88784 30789 64683 3484 78068 
10079 4
90387 92440 49407 68995 
24453 5
65613 6777 56750 41524 85900 
21625 3
36992 32070 58486 
6453 6
62186 82970 19023 65797 47101 42012 
2241 5
43862 69301 43342 5750 92847 
2021 4
29818 73474 12203 73578 
27240 4
86466 28388 27146 48050 
14305 4
1016 22146 22278 42100 
20863 6
65660 35777 65795 39602 88864 55606 
20040 5
10773 2963 94250 83456 58710 
6380 7
63318 8734 41672 79146 94382 86280 92778 
28643 4
46632 95214 45443 57625 
28332 3
66991 14974 83031 
13563 3
91265 90419 41983 
3598 5
72486 13255 62359 23407 57414 
1652 4
58429 19320 81223 36824 
28837 5
84393 20509 263 52954 89053 
11921 4
40592 6729 62905 9681 
8971 4
4353 68866 18869 42431 
28380 2
61768 20278 
2622 4
14622 11117 45458 4658 
15570 4
40640 62163 39689 10190 
2417 4
8034 18797 4567 62134 
17907 3
83475 6567 30538 
733 2
11416 78754 
23392 2
63320 41453 
20429 3
53315 10340 27983 
23031 1
26077 
7319 2
11019 74905 
5537 1
48022 
3735 1
59210 
205 1
24090 
24463 1
57741 
4900 2
30820 73155 
16504 1
13105 
4627 2
3537 74789 
28301 1
87460 
23159 1
78100 
23168 1
83060 
2298 1
21794 
28182 1
16838 
354 1
87951 
16740 1
39172 
25046 1
70193 
4254 1
39759 
25936 1
65887 
1343 1
63147 
3811 1
87149 
3663 1
94957 
24340 1
3480 
24629 1
72166 
3716 1
93011 
16704 2
15861 34680 
1475 1
35536 
14382 3
9942 91685 71989 
3814 1
82966 
23053 2
81285 48327 
1396 2
64633 42686 
1406 1
32397 
6143 3
80880 3072 19942 
13565 1
35797 
14050 1
43175 
3054 1
84924 
1782 1
80600 
6090 1
36884 
2824 1
80220 
22755 1
42028 
18263 2
6974 42008 
8073 1
13140 
28842 1
65228 
1739 2
75384 32642 
14822 1
8637 
14581 1
20633 
13778 2
37901 39132 
22337 2
9825 47247 
26112 1
40439 
24618 1
18638 
7876 1
13452 
16487 2
55891 7781 
9790 1
919 
27576 1
53469 
5447 1
51019 
1665 2
65909 66727 
13178 1
49591 
17365 1
45984 
6258 1
15229 
18133 1
77679 
21201 1
70175 
28942 1
94896 
15182 1
35744 
14262 2
85405 56097 
5432 1
48081 
27309 1
28604 
9413 2
30482 90456 
5904 1
22566 
6299 1
70483 
24934 1
17961 
476 1
53716 
10947 1
18899 
2284 1
90658 
12614 1
29341 
17589 1
37189 
17519 1
58037 
4062 1
19093 
3923 1
16109 
14045 1
48904 
6165 1
25624 
2911 1
49659 
13306 1
65982 
67 2
42816 6932 
23834 1
95561 
22791 1
22079 
28661 1
54010 
25000 1
78841 
21497 2
94109 25419 
82 1
48280 
6464 1
34981 
14127 1
76311 
21566 1
57631 
22780 1
11281 
24778 1
93749 
14907 1
88715 
16738 1
81242 
23766 1
11623 
1978 1
54957 
5502 2
17076 29105 
886 1
81160 
2487 1
77825 
218 1
16152 
16360 1
91069 
8425 2
78551 77593 
26162 1
30738 
10749 1
46928 
8654 1
26557 
7517 1
89841 
24617 1
34546 
11342 1
81832 
1632 1
56244 
4221 1
24245 
4173 1
83352 
26208 2
19117 82041 
446 1
45627 
13321 1
71737 
9697 2
18421 78808 
6232 1
37483 
547 1
11944 
5194 2
57209 57231 
18498 1
67426 
18345 1
40844 
2452 1
67701 
26506 1
9341 
7209 1
65240 
3376 1
16966 
208 1
28241 
4331 1
47404 
16898 1
52277 
15729 1
57511 
11720 1
8689 
9152 1
5962 
7159 1
88612 
24017 1
25262 
903 1
29714 
21014 1
86666 
24098 1
33717 
77 1
68466 
24669 1
24263 
403 1
32319 
9111 1
53672 
26801 1
17803 
