17
84 150
82653 26101 44090 39516 7493 47926 5360 13882 42060 50947 77951 82984 34214 25966 54796 3381 42772 49311 66219 44789 3395 47860 10275 3441 46200 96083 3838 853 78163 40757 37024 56313 15460 87866 41915 92157 30800 74821 33560 13174 23265 87184 17340 82415 47773 55157 71325 87089 77523 76283 97904 35973 11874 54693 61767 45162 54459 37158 28274 90217 98135 92691 66969 45909 23028 84675 1311 86581 21313 21041 29257 12701 9168 60766 5965 20267 27026 63596 85472 99497 43834 12750 40941 94864 51500 77601 48022 53153 99313 11005 34116 92018 4466 2129 27285 14834 77533 84853 87015 21418 9872 15305 24484 81715 86889 22620 27329 83025 27129 16829 863 55233 41773 10215 16136 99133 84845 70926 15998 48406 50332 71503 14456 60149 25293 65116 63128 35238 2110 65638 88011 98610 90567 27470 64996 44533 42564 70084 85291 11330 26872 22448 64839 95695 48805 36168 86511 23261 63196 75905 
2866 131
8379 79704 87306 2397 73858 8101 79860 17054 33774 95350 81884 62534 85637 29247 62124 90676 47903 16672 30246 13870 47803 6740 27892 81837 68992 27205 99610 64912 39466 58698 31077 24081 8831 49754 38896 39232 65411 82072 87285 11992 43348 69005 98204 36255 75161 72304 92373 40803 42059 41089 30013 84279 48178 7514 62606 67638 27619 40207 94687 62973 89144 40036 20366 34060 16547 86744 99640 13306 89259 1023 93024 51050 78767 9896 49756 30341 46832 86492 13487 75438 96203 81148 87049 32867 85300 40062 18422 17058 99773 46237 18010 87104 56574 50006 58052 31706 66784 53258 14963 20149 52339 40686 81339 51123 9513 58704 19976 73626 88038 61440 97640 3151 5031 29163 28342 62256 77984 32422 7939 82790 49545 87983 78112 52378 80098 17971 4493 20629 63864 61502 12127 
5069 119
23522 87947 15738 38637 64462 25186 15145 78886 670 13814 4911 51771 39638 40375 26279 94780 80250 34506 75828 59949 33874 92103 8135 74838 48397 48137 61201 9451 88497 78068 92008 98233 8284 20680 54206 76835 85128 5837 67408 56748 73462 21461 39069 75160 95216 65910 20765 51195 76872 63666 4833 9208 39728 39963 14477 48133 61813 25854 77405 36681 69420 25480 94796 93360 24163 31810 53628 89142 52531 43781 76455 25857 56421 17075 49064 33116 88980 47142 32509 20452 84102 42423 24297 40927 12977 71385 76856 78856 96967 90812 98932 84595 85410 85879 60032 20512 9729 217 9105 20876 66531 83148 52186 63987 75996 8077 8196 36790 33181 34348 3242 86385 70998 36653 58049 56111 88326 43774 60386 
4794 102
37177 60259 56860 66886 71829 2731 63058 28689 26832 84572 23287 1868 28348 14191 20399 49794 87308 87572 53148 65653 9160 77040 85401 16294 92138 88261 72420 5 44985 63583 16784 11854 80993 3219 60588 33381 71488 9558 52361 95377 46669 83819 2496 44110 43515 52638 87391 4199 82991 21509 75606 60941 94128 33878 63993 95150 40501 36269 51648 49145 84130 47220 49973 66377 75026 14255 23341 76081 30680 83592 48095 77863 7983 61358 24452 89635 41200 7064 5188 8066 25331 94643 78964 37150 16359 30637 92546 45164 85068 13535 77487 87486 97894 1001 88747 70100 9631 38843 28937 76114 52408 59602 
4534 83
11941 35167 3628 22946 25004 29158 18744 44466 12378 52935 62269 14029 906 30628 94727 12081 18362 98883 12014 8610 38320 29270 87622 535 48580 10243 30862 15673 64873 33927 64758 95516 20161 87778 35308 12505 10341 57929 99888 58453 74981 93316 69680 38997 48004 91659 29034 89043 61135 83464 70471 9108 30571 97223 61875 23457 96106 61948 12430 3779 27568 78859 18403 72922 13127 81468 71279 83230 33707 33679 63837 51658 10118 18400 68497 31500 98007 91295 19672 51327 1790 91765 90636 
6246 76
52583 19543 89304 892 60482 26538 51656 21047 39163 31391 44230 41495 85067 23495 68627 69652 53090 22641 16955 32765 5898 73839 46533 16602 92797 29758 96873 97162 45199 50546 54955 3824 51628 52468 13059 44830 53958 94871 94874 33536 42802 39114 20646 46723 51209 16798 36483 76009 91133 65895 82351 17185 14875 18185 90883 1823 58843 28899 8669 49023 85020 10893 64778 78821 70077 41285 59873 22721 53131 56763 38231 66557 9793 71637 8753 59065 
1956 57
86636 89077 81001 28188 10429 88376 30640 59701 46668 11621 88507 32299 25128 58158 85101 65398 33305 2174 18866 57301 9715 62901 88094 50580 40636 20157 54439 56517 78062 86663 88245 41202 35852 21197 2137 57387 26457 43704 52434 12823 63320 22485 86750 20405 71592 1995 43634 91441 83793 78585 42664 52654 98878 15888 47260 3290 38995 
2430 47
78202 5011 94123 43869 65424 3430 32773 34826 7542 49713 53256 64350 27376 70098 38741 18342 30747 21341 28550 28925 50902 15753 17453 64588 36486 13334 88541 44311 64507 9594 4539 394 47148 12998 99234 72897 24197 75807 62874 80420 55690 5465 96839 98933 98181 32076 2011 
5612 42
95069 80792 19498 49862 54556 45270 4102 98518 4585 65011 14812 42845 97583 58403 28131 40318 16179 82066 23294 21212 34379 4722 26984 27911 75838 68621 87442 81716 44598 66537 9557 7589 82528 9046 75954 91515 36694 25349 73916 28401 64357 79028 
5676 35
76750 10234 52763 54695 32759 70523 71093 45515 65106 68986 73699 66144 34689 88811 12664 58571 72579 86296 48311 8537 15565 47654 44715 63092 8047 24459 71517 71205 50487 77876 96580 22397 53859 8173 82129 
1247 28
2499 53738 21562 64899 74501 35092 95947 79970 14754 74162 21399 6151 99562 69493 76331 63617 58962 27926 86718 88403 56154 44118 54943 90896 79895 2728 421 87352 
4151 22
37739 47481 23548 60252 93891 40250 6561 63580 52706 36319 64140 6094 88729 80630 98462 10398 72528 39034 10974 48409 22978 70135 
4963 17
47580 16594 54205 92057 34440 18181 99891 95984 30462 73629 19870 34242 80527 12248 17875 14406 23226 
3869 13
88938 96665 21687 6840 70241 6669 27069 68338 20059 19761 4839 70723 54207 
5332 8
79672 15801 43832 67948 50860 59674 34460 66833 
3460 8
99871 14048 66822 55552 62704 95206 4309 84523 
3644 3
56439 30731 28100 
