15
3506 116
83124 31025 5152 9546 42445 78504 96797 56121 2468 79612 15165 36342 66225 22964 78882 56651 95258 58690 88308 53250 78306 47697 98175 44787 44557 3837 67339 65173 61572 21282 73930 30363 30870 40439 68979 40475 26448 40259 83526 34047 47208 4522 35216 71499 2679 69747 26895 97568 50663 85047 2134 2245 83502 96140 90551 4382 30271 15497 38075 13049 71944 37880 20036 24413 13047 18232 12405 88310 26122 58504 74171 29417 1150 59181 67251 60355 61989 67628 65687 51866 70562 82949 10338 94158 22984 9060 90583 43118 13781 67658 44477 65020 27943 49949 70509 6315 13037 74620 18227 47669 26911 81266 13680 49910 41457 56270 4586 85543 21450 72403 69178 29779 48552 67377 67346 8061 
3117 99
60896 56719 31877 72877 84228 71055 72155 76970 17842 96690 22067 51926 39067 3948 65134 86528 33719 3865 11283 9752 70110 84748 15559 75899 61117 84822 17367 13219 67138 75105 53320 96158 86156 33353 24195 21865 4652 36040 34179 98844 4860 84128 85138 9801 91455 68684 46560 60711 26640 76921 67806 82880 91987 77588 53430 89637 26290 74286 81080 95858 77399 83765 83152 37412 8312 63311 97673 63048 75263 45456 45407 40864 67043 6644 73493 65615 74230 82683 29955 7615 80860 85337 54075 8589 79712 22585 14719 80343 13525 88352 69663 26734 68007 90500 47785 402 33643 64618 98606 
2963 82
66056 97454 77997 9994 21343 8127 17012 65999 30098 24916 42109 57775 99031 8690 27516 29801 52497 38171 49313 23472 17436 45588 79244 11982 30356 76926 21729 31337 33617 40982 13473 17469 92886 60229 96538 82154 44092 52089 97220 71155 82107 61933 11312 47230 520 80779 77620 57888 56194 12071 44986 95937 52046 460 33280 94911 42503 2081 48465 19382 99521 50794 58797 41829 3054 1009 71367 90324 68599 85739 38068 93275 77435 64463 69326 37361 53355 13260 30641 3520 86504 59523 
502 61
8430 71183 39754 31119 35234 80274 54256 4463 99218 7048 43850 97691 50887 76352 56930 44036 1561 84854 44228 59308 39911 80766 51168 33269 90153 44069 49603 15356 283 31049 56899 72199 1826 78566 64481 7726 11095 87824 44117 91949 63984 93643 38970 32627 560 63883 51736 52713 8370 46172 15770 24345 75391 99579 97790 41576 62747 87119 36529 15352 52957 
1185 48
55170 7240 28418 47662 58094 60632 82978 53739 64861 57605 37666 92029 67250 82259 360 6291 19865 24187 1291 58580 11239 73199 10267 29278 37827 25900 39898 83734 8424 40800 69465 72459 47977 79195 353 59863 15013 63595 20981 29055 97316 19655 95632 25107 90678 36850 33268 45349 
1661 37
76213 94702 21273 36604 95229 85037 8266 38934 13434 10045 34266 76535 56174 47894 9186 76100 26240 36145 88537 85822 68119 58619 50327 98061 45235 14299 61469 96470 30547 93676 17038 28554 19027 35014 34391 44596 40772 
3573 23
41809 80519 78418 95699 5998 88493 84374 13090 76337 97035 26858 532 70372 7332 16851 13673 63381 7970 66325 88593 99113 63875 69355 
7781 20
25942 65204 17181 4106 6697 67034 64033 86975 18016 54954 39050 10374 12465 25466 20492 80589 30191 53929 12881 5165 
6920 15
91109 77228 78373 45656 40071 81131 42248 23684 76968 24322 19735 84833 13421 11376 19707 
2886 11
32877 11981 89382 42106 87956 53880 81439 44713 35281 65713 44883 
3599 6
64210 7494 4436 54209 97929 20444 
7757 1
62190 
3480 2
3477 91117 
7656 1
60472 
5067 1
87262 
