58
718 22
6147 50983 56292 25029 3355 81603 5077 18882 60852 44990 62835 15628 55585 4638 18196 72224 65122 28971 30835 26526 23736 11288 
506 22
18757 66067 17502 43333 7324 41945 71026 94667 20072 81053 85714 65394 10704 70816 20462 36138 47438 14622 85053 91112 9029 41406 
1437 22
10486 20711 41042 67604 5917 30482 95502 53448 26596 67911 36582 69416 31728 81165 82813 88196 22732 76948 3643 56957 61793 82426 
1436 22
40835 46607 64380 10816 25367 96599 35553 21137 50226 40322 21195 51721 2537 90870 51506 40347 28899 99385 38209 21562 81861 11241 
5197 21
81196 69548 64409 41653 12318 79950 79830 88773 2623 22115 58811 5357 23836 77757 51724 13218 7118 25552 21410 80263 6636 
1193 22
86085 7028 61718 43496 7277 87230 95178 19570 78621 38058 46703 16903 64124 66201 61801 64429 71727 85836 90498 53663 39208 22091 
283 22
99081 53122 60970 4611 38345 54762 28258 57102 7687 86710 65919 55706 82680 77035 7352 54843 45025 52925 72235 11139 89556 79079 
5748 21
81745 65102 52480 2087 42317 80136 3604 64706 10758 73403 21822 4077 11654 27556 15484 35323 45579 88660 4176 9758 33695 
6011 20
86839 3393 29400 19712 93584 80044 70232 55268 52727 95808 78124 61278 9812 48593 32466 32273 27259 55489 34025 20740 
2679 21
23032 61949 23940 91441 7630 86155 61650 28122 1427 69735 11975 97800 75697 18427 93470 7543 4214 35212 86937 40677 65961 
2184 20
83281 46549 32867 40972 3422 65340 67981 56447 16753 52158 89196 27855 28642 65661 46282 23570 1874 29021 43335 33163 
11365 17
43432 17495 13781 63857 5680 31986 78832 83450 5717 44160 1238 48192 82297 55648 15818 23904 69540 
8924 19
74215 25883 62616 36287 88231 52657 86362 45378 16470 86868 63973 18367 22006 10446 65087 44176 76335 1049 98862 
129 19
97564 83556 79057 58218 67184 7265 95238 28924 1275 56659 20076 261 60823 98435 8429 8136 98029 85508 7368 
9664 18
60475 3472 25954 62525 97976 56135 32828 61289 98617 98050 65596 50636 84168 59784 71803 47185 7051 95540 
7182 15
55649 35195 13640 58281 94472 92309 90871 92386 34324 83705 19746 92775 75841 44910 66376 
10409 16
68647 32914 79024 34599 97544 24877 17222 5925 70279 24570 36068 42756 54523 76685 30176 85288 
3752 17
98084 47656 61283 82623 78830 98195 60510 70855 80650 59003 67182 54812 82087 97031 4417 74645 37657 
2161 16
59798 51659 72288 63043 70104 32827 36113 9445 2866 72945 29881 52233 72683 17414 54805 64168 
574 15
66035 34825 18935 69158 71671 77215 47340 11955 69836 22833 11104 61690 73732 78979 34251 
1692 13
7182 62536 56188 58482 13932 41692 22099 72545 6381 28381 8267 39164 15499 
1330 14
34372 38803 50043 38819 2172 28588 61487 31335 88924 75691 4002 58946 79040 90935 
697 11
83103 24982 23354 83905 16969 24795 95005 36199 8934 12563 92517 
3772 17
43632 47499 58213 75907 97731 59725 50201 39314 21782 48732 95764 77755 81383 13614 25654 96569 29603 
4718 15
31419 47625 22096 48962 49804 73372 62080 7328 15949 30187 77973 63709 78212 43140 75621 
7298 14
32931 34086 3601 73118 41391 40501 84580 11 15193 49174 13162 60763 58470 64729 
2968 11
24952 42290 38573 55886 53547 12679 44874 72694 52860 61396 72650 
10352 11
11395 12878 13235 40571 95801 86356 65627 42019 14148 57092 99335 
529 10
6564 60918 40924 44165 90141 50877 11637 81670 45457 19786 
9342 9
63419 44235 61009 4942 32876 80776 7534 26308 11072 
5636 10
1276 94524 84955 49081 28904 73986 16755 42632 40636 97310 
5014 7
17017 50569 78989 14200 44263 48000 55049 
3910 8
99905 1423 83819 25824 96550 67084 66980 28157 
9087 8
95869 42525 28622 60030 85156 73611 52490 92991 
1221 9
28491 77206 56391 30487 73555 3513 63628 62039 61392 
608 6
78146 63595 60234 78971 77246 98897 
5810 7
88201 49537 46691 37388 89759 16114 89297 
3555 5
15549 16235 49242 15017 56700 
9143 7
42868 4180 31237 26307 7741 58730 64206 
206 5
2645 74088 6562 90096 86518 
9594 5
98830 19630 31164 25851 60016 
11296 5
6514 1217 49592 59189 30192 
7228 5
19429 40066 38539 21045 20863 
523 4
39212 1898 93697 88149 
10342 5
69831 68275 7446 33088 86718 
10080 4
85685 53532 44547 11618 
5073 2
16155 53743 
7132 4
71336 29890 69574 3264 
29 2
40862 28040 
188 1
87711 
746 1
36626 
2637 2
62341 57839 
413 1
16968 
5434 1
96614 
3131 1
9257 
716 2
29068 31982 
4377 1
51661 
7316 1
87359 
