11
2747 188
59034 30161 78246 38022 2241 16671 50353 17721 8380 31197 87183 92817 7323 83928 54632 26117 1178 31402 3568 20625 98420 75157 24463 53845 81110 22178 11455 87258 88844 20269 20257 65740 49409 99458 20571 35255 26477 76264 35529 77404 22757 69719 55919 81223 92725 1336 71672 60688 76828 22638 2125 56997 43714 17502 54802 61473 80141 84649 49238 31885 72355 60262 84186 5858 79756 35981 92062 63343 19663 98535 88839 51906 27124 69974 23554 91084 96151 72459 3343 89981 65569 40614 57404 62514 601 32048 61079 19559 59771 6119 67900 27347 59716 72606 7234 9448 309 66370 82860 74407 35696 54261 540 77083 85601 44312 75793 29852 6183 52876 19105 18322 42600 70932 91961 42178 78518 78835 18024 24508 71603 63038 20177 3635 11842 63894 89487 20207 77116 10398 52888 9017 2503 2384 30040 86216 83564 2635 1487 72109 55173 98151 70486 34880 18674 87089 68214 18158 12192 86108 25346 66321 8019 66402 50208 7848 68833 55309 57059 47858 98472 56645 794 43180 29135 24553 39185 76208 27247 90079 96509 68509 93272 84079 86598 71482 44689 2248 4762 28122 56178 9591 27490 26168 81457 48846 7980 17565 
3786 147
8263 20402 33664 86394 32822 55242 52464 8351 93725 41619 62501 702 21095 69188 48026 1810 77812 72455 54678 16999 36615 82964 78113 9744 82355 48720 37943 79604 71905 43564 36485 95185 87633 64495 87845 97080 88094 80902 41133 37795 75942 89428 73229 69623 3655 64892 19689 52710 85760 41061 25247 63889 45366 46975 59159 10464 61732 6704 66477 48842 95525 77409 19415 13575 99481 46649 13939 94790 66050 28460 81122 74922 17861 41852 37634 46794 47677 82838 23868 31082 76168 91127 14175 20814 493 79510 17405 31785 46674 97825 58243 24325 86180 58584 34764 4683 22592 34458 12459 79423 79159 52113 10916 82214 68337 82318 18444 54273 51882 50081 3434 7270 34750 87024 87030 36132 3692 74526 39081 25833 76234 84261 45758 93914 57826 70973 12016 92790 28309 71124 14579 94078 87547 51084 68373 49921 91702 13567 36010 21738 19653 53132 76073 85962 19805 76406 70439 
2245 116
79498 19830 96978 12010 42207 22388 9842 57626 37461 81871 17631 51582 50288 18087 95134 36408 21311 23038 38124 95190 76911 50285 89131 23443 54056 82405 66007 53877 70622 17436 78811 71864 93362 21141 24864 37763 48097 27200 19725 2765 77090 63683 22106 70112 64314 56191 22478 3515 17053 15278 18652 38814 34871 36857 60598 5166 5090 89894 67554 3383 69920 22048 7763 32237 54883 67681 32392 71813 44694 73955 26826 33964 58434 92824 75941 91040 23948 83692 55328 56210 11079 15386 97494 48203 20742 1220 20271 13341 82730 75134 33806 62899 60784 87732 35164 56585 69147 49981 71449 71799 96144 98947 28149 94276 50356 70631 32430 3465 6343 47305 68563 86903 28528 71250 98112 8818 
2266 70
93280 69644 38766 35990 97563 9048 69556 64752 66691 64406 81079 52753 47361 21750 42278 15436 89317 58555 34692 92699 47431 13899 11560 22458 8578 44092 75965 88626 30795 78308 62154 18434 7769 32808 9081 22039 97978 9892 36094 23312 29572 85291 70504 80696 97342 12885 25089 37758 14477 80906 64669 6549 98419 3019 57102 10687 27356 93100 48199 48710 2431 26345 35652 58035 31906 4900 31566 94002 47020 34273 
2157 53
5744 34968 93610 62782 96602 25761 51285 80042 774 64482 62595 62717 27362 74845 45030 83268 16347 11628 52864 68800 24683 34668 42721 12640 3316 58360 22564 87627 68799 80702 94936 2920 37527 59178 53118 52948 30616 39737 26768 17576 52834 42408 33741 93281 635 36831 38393 63618 77352 79132 61016 29419 32747 
5192 34
43022 31771 35265 96799 93351 89774 98452 94285 54569 16931 99264 37902 83783 10896 77997 39189 29645 31208 46168 45221 91557 31054 5785 81295 45071 90606 69947 42952 6712 46513 37368 73876 9644 60740 
2774 24
8903 59948 4660 5986 78126 99120 4734 76294 38534 30212 12765 96479 26312 39831 10762 7359 9041 19526 52614 96952 83753 84752 58006 16160 
1957 15
38221 52910 53563 28057 69714 41588 3924 4976 63494 71043 67415 22987 73280 60967 43490 
1790 8
60847 24672 85978 36438 63048 39952 52355 53670 
1753 6
98095 12879 48957 82042 5411 96283 
3982 1
19142 
