27
2950 119
20346 74878 62431 49961 37299 28129 19903 84584 77853 57605 16213 68383 91120 1141 91896 7778 68630 31017 72625 54041 73094 87023 63063 32998 9226 35710 88760 92459 72894 67984 10371 45687 64073 40460 43624 70497 23868 28208 27762 25022 34662 15466 16084 64662 31896 70869 39497 34691 98417 80272 96989 86065 19535 65974 72304 43287 85423 34580 22165 64334 36511 35955 34998 45572 44988 59897 67980 79953 90449 41904 36556 24 87663 34484 68460 54464 59585 37063 91776 18398 3884 17645 24267 73711 70178 39588 40737 69807 7459 29651 92038 37101 68111 4659 50270 80910 5159 48112 42154 18801 24974 45582 24064 34727 65329 7290 11881 53726 19500 3199 44059 13440 53023 37606 97592 4275 12695 76851 60969 
754 109
8907 86204 37468 68729 12418 54292 41035 34027 61877 16293 70805 64043 96251 40190 95163 83548 5955 91140 1660 22913 92635 20181 23891 62055 98817 17402 59011 81179 3503 62613 94338 90470 69094 22418 87130 23212 55330 60486 84847 50267 91345 90272 69808 27775 29685 44743 59337 32471 89543 61460 92260 62052 53088 9983 43936 10851 7546 69290 12075 71098 33504 99902 7632 99507 76825 58647 42649 44471 43380 78439 36864 37463 60590 7181 99862 85301 50670 15141 7288 21036 21101 24846 95314 47168 87742 70909 8465 69018 90862 1470 50456 41543 67835 22923 64256 18909 40909 72728 66891 52955 19896 52163 4486 11654 20909 83027 38677 11999 62240 
2086 95
21620 93885 34432 28098 54780 12705 93284 93263 85071 31265 42674 32573 86492 65563 36540 78056 76030 12227 97936 27361 71951 8461 86385 98407 69289 99299 8638 21507 98153 98960 58235 82177 92252 28621 53766 16521 10986 40419 67439 67486 5105 48925 38026 52651 54602 17175 99167 6333 12301 49578 18012 88340 58493 15018 22119 53951 38910 20795 89826 70416 27472 59074 31419 84402 25649 85383 66290 94404 14801 531 14277 42877 24893 32601 40742 22743 4418 13064 45668 52045 9623 24486 37144 39274 303 11457 53214 37211 1594 59081 24811 20679 43679 28449 32001 
2849 82
91264 34011 95424 54181 43691 18335 14070 82498 12453 94913 17610 70184 36267 82052 9476 73932 75208 33600 71296 13006 68063 68546 7681 61269 75048 63633 89017 42733 35690 23342 96267 8234 77179 42504 81044 37175 2525 50121 61213 54853 82114 15874 44933 38912 76114 71661 80051 18083 55692 75664 7486 42512 72127 10377 85559 475 93649 31816 67303 46023 65459 92555 29 30902 85729 63976 81550 89795 91254 76397 39278 23737 70369 99722 39559 49589 9140 73874 6606 94306 82212 85700 
3687 77
97328 37108 14356 48611 79420 87696 66972 21382 34492 63357 61068 21173 83911 41326 66761 25694 2389 27984 23146 3564 63692 62683 74909 17830 86177 88295 90161 16651 53379 11226 20716 36007 51244 18421 84658 34033 86700 54482 56870 88677 36221 14946 87455 31728 65083 85361 43501 76150 58362 47096 9041 69934 89850 45634 76276 27085 39687 97816 65235 74182 15434 52009 64069 65204 41427 24260 55509 73516 35786 77711 20430 14732 48007 94620 25289 66455 84582 
690 73
79770 42573 44512 7599 16327 14555 92351 6697 34898 71509 18762 59339 27518 19532 78711 10356 3896 53768 20107 1875 37820 57241 20374 42907 15784 74981 95723 88489 12942 64244 44006 70168 96478 23327 96640 5170 18113 71404 39074 14542 40465 60485 7909 28011 80246 67313 17750 63622 21244 18360 9457 9500 29554 52920 57450 46663 50541 52094 59857 86279 65548 6807 45820 83360 77721 74911 54351 44802 22077 20322 61252 62456 13009 
2222 68
78106 95464 26371 25571 74365 12235 74188 2601 71816 73174 58096 46639 12834 95153 78719 18541 89193 9677 90880 38786 28479 29900 70199 43125 95779 78443 67174 311 76875 9798 28158 17079 71892 75565 51299 91690 73989 85842 95025 32721 95463 37184 38803 36191 90318 33915 50306 2309 51978 6583 31946 68543 5400 60464 29766 43474 30358 22085 19648 88226 92527 87536 66811 85029 26800 19507 61402 10899 
5696 55
75586 65147 14953 56954 76203 43369 81118 32972 48568 29358 3828 82057 69183 17261 52148 5555 46751 62928 3082 71494 91016 76936 63081 84616 14130 28922 28587 92566 68711 98861 45896 71938 83533 23433 83421 18280 12059 9803 48661 94168 28061 65923 7574 5621 36891 23768 88628 49984 65402 601 21040 9505 76556 24425 6967 
1570 45
24352 98562 29118 44360 43664 2843 75249 4448 63199 8028 9710 11929 83977 22643 42799 80762 3446 13426 72313 40706 55861 92825 96097 50073 29301 2795 35827 63075 59545 43914 12012 86856 15390 82163 7368 21500 59052 74045 9765 96557 72503 14407 40367 46484 83260 
4247 42
7530 82463 66848 2965 96355 24619 22023 82679 92811 79196 2879 75532 93731 98758 49936 16591 35702 23659 3499 1102 90345 32993 6173 43440 79710 15223 31226 92769 73178 78628 6074 72521 42287 95759 25522 22818 29535 47196 1992 99934 49184 22381 
1395 35
90210 56118 64164 94845 73199 75342 65586 39270 77103 38880 72469 98629 45400 35852 3713 65986 59328 14294 5529 21219 12402 29879 92816 80299 90188 67442 94440 62617 49604 28550 13663 68949 28401 42424 68246 
5263 22
14012 98365 15208 11925 45614 63419 90965 76538 26726 8405 63555 58559 43777 22345 61670 95812 66085 93459 31617 18102 88262 74470 
3989 19
533 92235 98390 56680 34485 10308 10010 11060 31592 33905 33248 71649 95406 62192 67571 71146 81358 7413 60001 
5668 17
88680 68381 26238 13156 13762 12709 68925 98230 86352 35341 34584 36510 45660 66197 77008 58563 76629 
363 13
80439 72238 49572 76192 30392 6930 94809 68242 38261 53135 96492 20855 12371 
909 13
83788 16373 56009 44137 96276 93359 9724 49164 10578 40165 80532 80347 40370 
1033 9
65388 89162 8669 4807 69344 42889 82408 9650 68098 
5518 7
43234 78676 82999 78797 25255 44867 56750 
1496 7
73037 31800 67300 91037 20890 26309 82797 
2629 2
69523 35821 
296 1
95369 
1221 3
76516 81678 21307 
2382 2
1905 60922 
3888 1
93584 
1338 1
12138 
599 1
29165 
578 1
52278 
