101
1598 202
39427 15686 19405 35719 19671 35366 16068 35278 16494 14939 6131 43485 14878 6894 25706 34236 10539 30958 9471 39984 41686 35762 8892 1888 2433 43422 7559 16841 27255 44187 3349 11041 43199 19598 37210 7045 19985 27549 35538 33245 31112 28018 31144 4939 6628 30161 27428 19773 39294 12213 34549 23399 5428 23614 40978 4959 3390 41663 14481 31304 29562 12797 35772 30288 11639 24538 12462 39156 16385 15499 33188 40846 8424 4739 13694 39165 10806 39866 1961 15233 29570 39747 24691 43853 41409 31509 36240 9910 15539 14123 22606 38958 16861 28147 24090 15914 29376 33802 28804 3737 21986 39236 31072 20526 24189 37918 28268 24472 25116 21231 11217 24817 16973 27052 44481 11497 18384 40543 13778 12870 2058 29880 10508 41 8584 23246 29894 38635 8649 36900 35841 15910 19862 8568 38019 12369 2484 36953 23606 27168 25275 35623 41616 17616 43902 33640 12308 33926 16475 15056 42075 32998 30811 23660 1509 20597 42824 4647 22773 1013 8245 43664 8320 29722 28326 9798 41640 30802 2127 37415 10241 1520 13175 4972 33670 34364 19071 3602 6142 41844 30993 13671 6267 6164 38246 8975 20505 8916 2566 824 9916 15677 16769 9192 10045 15545 12910 10714 2501 7305 37095 3809 
2029 73
18218 44177 41233 14770 36200 23990 7475 5161 37955 26835 17025 23777 28794 35763 37680 2084 21342 3545 31962 23183 12779 16344 29263 17229 5996 10846 24228 12599 2652 7246 10734 10950 11603 37819 29424 11052 6679 10609 20330 28907 32749 15023 29532 42236 24322 42733 11746 5506 32932 25830 30094 25950 42956 29934 3501 28448 22669 32072 41555 159 18958 8220 17188 32975 3097 11320 41548 15072 19530 28101 22065 42762 25097 
4002 72
3786 25637 28369 44534 12999 42974 34521 34174 32018 19490 34918 1436 822 23983 9643 28497 40014 9789 5242 10125 43265 31364 29211 23617 9056 20378 41014 36960 17534 14117 13604 41952 22811 35373 14358 24703 18830 34023 28970 30941 31447 11180 19911 24897 26070 14633 476 4533 10190 44051 41448 22712 36493 31422 25360 29672 27354 14465 11266 10341 15489 34503 11454 32843 38797 3142 13657 31801 3281 34851 37812 23132 
923 73
7510 36821 30399 40870 28015 40566 35353 24736 18029 1154 8796 7331 20733 37024 26153 10445 6074 7765 13609 33046 3995 39542 10580 31993 5292 32824 21836 27977 21146 38030 44530 10439 40145 3840 24581 1110 35057 24907 41661 41940 27629 41575 39119 28342 36054 13108 24806 43661 30747 8869 43909 13270 13002 43027 28367 3775 5264 37219 19826 20376 4666 17405 13512 41900 17267 18116 35713 37256 43009 12566 32375 6132 36528 
846 72
1309 28731 12758 13178 28756 9778 6471 1931 16360 40218 15364 15144 30731 571 15816 4547 41615 26353 21507 17307 12287 24546 16620 38379 21258 11553 14046 32713 33305 35138 18279 12824 32740 2402 24142 42580 12102 21067 21044 20545 29549 27347 37876 31741 7037 13492 44024 16474 31674 17589 28457 35767 9969 4950 10850 18675 4839 6484 41507 15901 21947 39323 21476 1994 21114 23460 21216 31951 20776 27511 7506 8078 
549 73
40514 22853 20956 18149 5006 40778 17865 40713 11632 6847 16807 15260 5525 24565 29575 40855 22036 2056 697 17824 37417 42680 18768 17026 20985 16765 43469 34197 22400 14894 13215 39261 16400 4610 3353 32642 25232 13087 17677 11645 20147 28291 22813 30215 14084 26292 37292 42261 35603 36354 30068 6895 674 13553 3447 1193 2557 6292 20881 1835 31651 7387 11141 40964 21594 327 43863 24285 28603 38144 38973 35759 27173 
4426 72
30284 11477 16782 4758 7300 23119 2789 38541 5503 37449 28567 16723 13259 44207 4009 35511 33315 9176 39022 28381 21723 19679 16780 20423 6192 31502 3396 34246 44418 3671 25404 15867 13161 40824 32796 18825 35391 18001 43056 7926 25955 13212 26815 13177 33371 42071 37961 43561 31218 24976 22188 33385 30861 198 4300 13743 9112 36804 22076 32672 32487 28014 31164 27007 1123 37036 25753 16076 28208 21099 25949 34576 
2602 72
13846 21332 2352 7848 36859 13670 34303 21938 36058 24791 42851 41752 15843 3024 18853 38435 20678 44657 25896 13974 27344 4976 11507 25575 22561 36396 5725 29401 2610 24282 6944 24576 34025 28246 40694 6104 24299 27371 10297 37371 9090 9469 19428 20500 11142 19201 2579 13063 2868 34894 4718 20859 21829 1733 26234 35092 2415 42150 29981 15510 17109 36540 19788 40472 23490 28928 6062 7696 17627 36845 16625 39766 
2531 73
24382 35232 40168 35298 22781 20010 6631 3055 24518 36802 10313 27698 42461 30260 44124 234 26110 29998 31189 43947 2556 33554 21567 4411 18916 27840 5751 43836 29240 24912 44460 28629 12033 1746 27791 8875 8651 32379 15361 20195 44366 41148 30604 18709 14840 39876 905 8977 40061 5433 1311 36215 4481 15147 26540 2427 19332 16351 37668 17027 5366 19831 20916 29485 31987 21411 36637 16652 13046 34075 37300 17667 44015 
2310 72
31326 33775 41943 42663 30369 11069 29333 3811 15579 2513 14335 26305 16760 40053 26655 4689 12627 39349 2227 21629 36039 15528 43508 35054 2658 29375 10490 118 19265 31525 37281 22138 540 12068 831 17209 15299 8100 30749 7508 9477 13110 9664 4774 24676 24638 34967 1511 43019 6516 15410 5856 21609 30874 15230 13654 33751 8768 35505 11669 35844 38345 25333 20771 32302 1824 19881 33291 32734 3787 35337 15802 
3729 72
29675 27431 35622 11302 6795 19268 4928 9115 39407 544 34353 13449 31746 18396 21828 26942 16741 23043 34342 27205 34002 7868 31756 23152 16659 25104 20509 18189 12591 42907 34463 31106 18472 20367 24381 1541 22195 44643 3643 32809 886 29656 41710 35952 17236 13388 30474 13650 29616 2634 13371 28564 40025 8543 30459 21531 36971 23139 7703 35753 27652 13135 14255 6230 1905 24695 7929 42904 25917 34977 35688 15886 
1955 73
17655 9004 28916 2337 465 8852 21168 13147 35531 145 24717 33654 39118 30336 23952 16148 23936 42198 12801 25395 19966 11919 2542 40116 18252 17014 32944 452 7284 10276 41173 10419 33282 20832 33074 39679 24648 11439 25243 4545 29420 44293 14742 27309 25585 5198 38980 24584 25613 3714 32369 25515 1254 11991 12449 33843 28229 31283 23992 22872 3745 27851 30406 37211 21207 32148 18140 25909 23271 11046 36421 7776 4827 
639 73
40036 9603 14508 38194 7461 11525 10136 694 12730 12491 32523 29019 32268 4309 38911 2505 33053 31405 20004 31028 39897 16340 26665 16616 16953 24320 10390 16437 1910 33101 5853 25804 39640 21582 13571 35022 29940 9263 42506 35964 6150 7571 3662 12360 14375 25827 11381 17916 22000 43534 8554 34371 17356 6595 21406 15094 27833 28533 4381 32674 14834 709 39419 5059 37427 6274 40280 28692 42021 40477 21072 8234 41536 
2556 72
22363 39923 41595 19863 38656 14237 28249 23056 43033 37772 43826 20936 23114 29890 18340 2920 4893 25059 20344 44000 26302 40354 37142 9303 35918 41375 15360 39583 37493 42060 32204 6683 28566 8485 3587 8659 43658 3376 2211 19260 13993 19043 6527 29439 5239 16589 29919 32499 430 36529 28906 38006 32651 9318 29681 11518 22 24190 38389 22475 29643 5084 19398 40555 10124 34114 40358 40552 39584 9324 8449 23232 
4592 72
7842 30574 10702 44566 37501 2316 24776 34435 18603 10780 10834 10796 44278 41255 32701 39356 43837 21664 7256 41588 3098 1747 26620 37082 24684 30511 21607 23035 25455 16211 32624 779 33425 5182 33786 12265 15938 21442 35615 22304 34985 35912 29702 10063 315 40432 22694 42709 4529 4200 28939 19523 26229 37845 22598 6606 16789 2109 44219 10874 43990 39464 38552 21462 40620 20618 10896 26378 2403 44414 21250 22141 
1095 73
6745 13837 12124 4201 9255 3812 24235 7522 4077 35435 38684 27228 5622 18349 12289 14651 16132 650 8379 41850 364 4947 20399 37661 9376 6449 36947 14066 6564 6398 8676 41831 44191 5744 39815 40531 28346 1438 29051 14466 25144 8304 2654 7341 5733 20606 39004 11596 19781 37225 40463 41440 6522 40471 41021 3292 34179 27957 17755 26482 2687 39379 43871 34288 18988 32277 37335 27413 32640 28983 6490 18288 26862 
599 73
21482 22583 30346 41225 22755 19425 40443 1279 15436 22031 29148 14242 4190 26920 5883 17944 8242 42429 269 31318 30461 6873 39895 16913 27100 7150 7126 21784 3547 40715 5688 33166 43259 3926 1891 39738 21326 33430 11018 18698 22077 20786 34086 41950 10542 601 9198 30270 42210 20489 38692 33121 8759 25327 35904 28070 36473 13090 9966 42050 38308 13969 129 29280 37638 31488 20379 42882 25316 31567 12038 36352 27250 
883 72
20038 44409 39153 8604 26996 19794 44370 41679 38411 43841 1564 35326 25068 28361 44168 42717 24345 28562 9941 21923 15110 38843 2993 35960 8125 17838 24671 6096 33355 6249 25549 1397 15913 20352 6827 2651 13517 35276 23735 25214 30355 40704 4379 2988 14400 16120 13049 13811 38088 34691 24372 40159 22565 29066 12875 43396 41431 25657 28188 22904 24928 15698 36476 34119 27296 38330 34228 3252 36183 36296 4862 30839 
1538 73
40375 38164 26992 28811 26748 38570 27659 31647 13267 36173 36921 38939 5023 5796 20009 29983 4858 22316 31942 370 36310 39588 24531 4146 27191 19873 30229 24789 2515 42525 18970 16188 24136 39347 9391 41163 1850 23198 13043 39554 25062 34195 30164 10037 14371 7666 21095 40932 376 6260 2229 32085 33549 21058 33087 34560 1227 26814 18752 11909 17244 17221 13647 39096 12934 37985 26746 6331 37952 19197 3785 9298 4743 
332 71
4005 17280 12506 22212 36477 21877 38612 24222 32036 28759 6268 8937 10232 34568 21313 42327 28048 22739 9145 16478 13711 21733 27987 3003 43053 42507 8520 26046 35144 22865 20071 1411 25552 35715 9113 10403 18705 42711 1936 38358 26201 10866 39928 1949 7233 12574 31386 23279 9019 13407 9632 18133 27631 24767 6544 18362 41601 32919 16220 4318 27317 5559 42126 27222 22465 12105 6238 43585 31020 23030 18094 
594 73
2301 10493 6560 20233 30851 28649 30118 30313 20746 16753 38728 31534 14392 35031 28672 5693 11693 42781 20053 44608 7984 12157 5848 14574 32964 23920 29976 787 26209 35093 31392 6974 16503 40695 10650 39917 28977 10249 25797 7834 22122 32754 31550 27860 13482 33558 8180 25795 37878 33162 17472 18620 22651 25800 8983 18725 34080 20312 21837 28643 19884 32209 40854 17300 21208 41793 30397 26273 2356 31986 3611 39402 39598 
2109 73
31384 30322 34684 22263 18931 23311 12052 10052 34661 3372 22247 43820 33479 10930 37516 18043 12085 38769 22855 6032 42595 34581 22816 17430 42777 19725 11584 21744 10883 14326 25867 43994 28183 45 40937 40788 36634 35934 4049 41383 25286 29468 39327 26756 29561 1953 32839 15838 23050 10894 22289 43904 37757 4051 16067 42490 2190 5316 32668 16207 1437 4611 15324 11336 34929 13324 1828 29127 8897 3961 26850 43655 27336 
2774 72
7163 37884 41579 6946 23263 28548 10211 16314 39044 6318 32214 25854 11325 39555 3591 6732 39921 33111 25180 10889 34754 16971 13469 38364 13367 25674 124 43920 25437 42569 20861 2894 31176 22860 27830 31854 10255 21626 19235 35266 27810 32404 39824 22846 1365 10879 40862 32442 32939 10716 30427 36737 42226 40362 19245 44624 26914 5538 250 44439 35106 4999 22353 12087 13434 37226 1478 24655 8867 4875 38673 24257 
898 73
3834 30886 6820 43743 17288 8870 28553 32583 21405 10825 37480 2347 7936 2155 37542 37726 33235 35579 5627 41017 43397 29886 2728 32136 26351 3912 26703 41213 6212 23798 41105 29958 27620 18381 17277 41574 1909 30136 36808 42065 8439 1651 8112 21690 28787 31997 30252 15240 7713 17563 4784 9185 27899 17643 26040 24205 7494 38297 15381 19183 11178 17808 44312 13247 8195 39556 5991 19660 37774 21900 27967 42930 44625 
1204 72
8936 38375 14061 27059 13959 38704 37453 35564 11386 24379 3497 13990 18499 9682 17275 2197 35040 35791 5570 20079 6411 26697 7238 34793 43544 19608 6168 18548 42644 19592 24019 811 6116 38229 21429 17941 40174 29772 6185 12485 22879 10142 19849 5952 42318 26735 27621 42970 41822 11090 40672 94 38173 17990 8311 15507 7182 27916 119 16145 32991 16234 12725 31444 24805 6796 17966 44050 43105 12477 37189 24125 
4289 72
13032 16149 1682 7881 19782 38090 42727 37922 3379 27602 30181 9008 30910 4050 42262 39995 41864 30870 41068 17449 33533 36959 39521 23055 1620 26629 39996 31717 43389 41446 575 564 42708 15265 11012 38945 24996 4386 8369 21867 334 32893 1081 30924 1072 27229 22880 43622 21125 18266 21167 10569 1836 21241 28719 9166 29020 10349 37336 9022 18539 9041 15739 26185 19101 5364 30938 15226 28703 20051 12185 28605 
2042 71
39490 31345 23934 4428 13274 3059 19544 31789 10952 17781 11845 26384 12996 4544 3075 19877 14449 16020 18454 36237 1073 2168 5203 16359 41308 6947 40175 18503 4789 29013 24547 36206 21393 35997 31147 16036 19527 22590 36428 18292 44077 6209 14015 17973 2675 5662 8471 5556 11768 34452 38998 12488 16414 18596 23063 44679 5771 18579 5003 30503 24161 6121 11829 6922 32450 17033 28665 20321 42558 22786 1778 
3073 71
44525 1195 1701 6154 20145 43230 18764 161 178 40217 29335 20066 37108 43367 6068 24467 36432 18316 37911 5177 42038 3096 25442 19548 32543 30626 17069 8593 41280 31853 7960 28682 27611 31574 20105 26711 37479 5928 15084 23938 30906 31932 28067 38160 25679 32483 10435 27139 41550 42001 11580 34651 29029 17178 35108 355 21020 15345 4248 4993 27768 28641 10900 30597 4292 28243 36864 1725 8866 5806 28084 
1379 73
20309 36936 29881 37561 18458 12806 341 19226 12876 23937 11503 36689 25571 20014 12959 33720 27703 10622 29727 41517 23261 34494 20784 6535 8024 12489 9333 23799 17985 44368 43588 31066 41386 35913 23415 10355 20912 35559 32013 8476 27268 1372 30166 30416 4138 26943 12587 37297 19199 33764 39581 43822 26349 22912 9123 30917 30191 34133 24496 12716 15570 39558 35581 31790 33369 9481 39122 37702 24399 21855 26776 5749 24993 
1311 73
29533 42440 24158 3886 38234 26341 16883 25740 5146 20290 34500 42845 22098 27532 42235 10243 7591 12956 20821 37126 21460 15275 22693 7216 7836 35671 11846 17903 30782 26829 371 35419 22941 24568 31664 24994 40830 24469 16981 31178 29757 17669 3388 3658 43277 26412 1054 22322 11798 4815 6441 40748 4965 31006 2013 5536 5001 7956 6277 1634 23371 1742 31015 30936 2219 6494 21394 16446 7413 8750 21471 21651 41452 
2041 73
38697 15650 4891 15786 21714 17140 34062 17266 29380 16366 22107 20182 36972 17386 31070 14778 29600 29759 5548 3236 37806 15681 3901 6829 26223 15201 42638 4722 10595 29112 44642 28185 41242 42496 41546 25694 29317 20605 1582 36011 10847 21548 8886 15669 44674 1065 14851 3204 9050 20203 40729 31658 31609 21558 15267 33805 36715 35727 95 7869 16500 9100 3084 37583 33983 15417 32692 16546 3631 41395 23754 32979 4151 
3761 71
33767 20454 31697 17332 8850 27898 29078 20150 29411 16545 22348 37936 11877 22424 41182 18329 31943 35751 43083 14261 23569 38559 26537 33158 41871 32867 8268 35099 41115 4733 1600 16944 8719 15336 1488 37347 35421 13760 27826 12266 31891 34632 42431 22897 15075 33680 9215 12286 41642 40193 12396 28472 29550 1784 32951 19557 4863 22165 3823 32047 16722 41697 11114 9042 35698 15160 26719 25675 35985 15805 32565 
1664 72
11594 19898 9082 6804 3226 38895 4675 15078 44047 35491 38474 1661 40228 32163 41051 14370 42645 11509 42547 16561 8478 7574 22804 24686 2940 29689 30264 1203 24629 26078 25112 28109 35948 43336 34309 1814 34520 16537 7117 7912 23520 13111 24417 8551 41492 35986 32459 10207 14148 44070 15344 6141 28402 41798 29774 1310 4322 13501 34760 21425 11990 21370 36562 41589 9436 5145 29926 25300 20857 1536 36672 22109 
1949 72
35646 37818 43129 33739 30039 29005 22009 10004 29291 36207 19147 642 22903 19247 39816 33298 34766 22014 9641 39657 6019 21276 9560 35705 20900 5086 4388 4485 29162 34800 17338 29764 12862 14157 24110 27552 25828 34289 13653 14437 268 41675 13457 11067 17850 2252 21240 12920 10683 38749 6390 22921 8272 29462 354 24834 4356 23011 36293 39034 32795 26582 30454 15100 29213 43424 441 30251 37401 29227 18795 6289 
87 72
16829 31580 1730 20590 1596 18770 41326 24268 17905 1473 9102 33228 32873 39028 14727 17011 19718 23331 14124 35107 25448 12473 31730 19905 11966 11551 42905 20546 11281 8267 39569 37463 30794 14195 11615 6301 30056 21571 3015 28752 28332 4596 25155 28364 39639 39553 4856 7206 32935 40276 43403 38133 11642 24802 36171 17648 12342 33937 15037 7914 44356 23555 16962 8919 32726 488 23572 19177 1255 24071 26410 25858 
607 72
31633 759 33067 41899 30569 43369 31223 21242 10639 25990 27509 15352 15164 3202 27693 382 42928 28271 22029 2302 12948 28807 34574 34 36061 27736 7628 12670 1508 35969 10102 10925 16681 3512 23374 19628 31227 1191 32210 28051 23922 32496 13799 38496 24884 42524 4354 20688 9753 7721 6460 25069 22274 20743 26187 41851 20088 40863 42231 22133 7393 28193 20146 2019 18262 4295 37592 73 30723 20562 29830 18570 
775 71
24280 35000 33398 36876 32362 7602 4440 7179 19921 40876 42110 35864 18560 8960 15049 41836 8809 37548 38267 9152 33950 8509 38064 18156 9786 1338 43684 13403 12539 9229 10715 26990 42740 37365 27783 29000 29539 30192 40267 41475 35158 34671 18008 25860 33553 3108 34148 29187 6573 10629 25051 24065 41788 43416 23925 43474 34504 42874 30900 15415 31870 12494 17895 26744 16392 2387 29220 19056 25739 24636 37919 
811 73
12198 6216 14440 25510 8917 21162 34315 432 22369 12290 4185 10519 20626 19740 21278 25554 2793 25809 22447 14070 44702 15325 585 14693 11110 4023 10890 27556 31110 4870 33045 14765 21824 10751 39158 35277 25882 20316 32717 1987 33191 40510 34363 21993 732 27063 43938 9567 9094 20656 37012 10488 15564 23841 14913 38285 14938 30517 34482 26885 40919 13803 37530 37915 27394 41070 5750 42477 43236 6448 44108 37298 34251 
2036 72
7436 14492 10350 15927 40577 15696 22079 11906 41869 34274 36052 39239 29912 25079 14558 13053 23242 28650 38274 12397 18659 14619 30641 13782 3533 6442 30775 11818 40386 30114 6996 18794 24922 32298 11557 6045 35109 33361 18282 15952 31602 1659 20996 41908 18855 41246 37476 6780 5915 24412 1084 23334 42113 28888 33497 30019 20624 25566 30848 13735 23498 24995 12130 33250 4055 27597 26991 6252 28531 42347 16056 39882 
2203 72
41963 4074 4558 7198 33722 18443 30172 25491 17579 27373 5256 22307 5416 23329 36756 35649 21712 17378 19666 5901 35012 1410 35852 22666 12106 36221 28789 25377 18330 44567 36342 20292 25543 40644 27969 3435 3347 12532 428 39958 31017 8470 15132 40385 23760 41652 37385 32154 31118 37879 6884 44274 41342 21616 39676 643 12271 42570 21821 37640 5514 18870 9601 29122 7222 9613 42137 1222 34794 43520 6940 14793 
1677 71
32905 32887 24120 17359 33022 7890 43636 31770 9432 39272 36363 1264 38824 34858 2650 9835 9774 10294 25588 42561 34867 5568 36762 29140 19366 42751 18319 14999 24148 18013 18337 14957 20476 36805 43021 29069 6024 33279 32349 11880 16466 8356 20871 1442 6233 26692 35021 37586 2248 14187 1005 15371 37654 22024 31732 18904 40108 28251 19374 14407 4108 44405 32990 39145 29787 5992 9714 15519 12459 42082 23772 
3304 72
30637 11013 35740 37643 39171 23061 853 1220 17893 26588 25222 24105 41872 43204 10095 23915 23337 31661 11257 40173 29421 40722 29106 21790 43610 33577 35859 2277 5493 27282 42853 32803 34404 31551 28056 24101 22871 44258 18687 24814 10626 12747 37534 43383 39883 27182 120 33167 32232 12800 29844 22131 44352 15293 27780 32913 28791 17769 5922 12967 31859 17452 13010 42761 12335 9173 15634 30508 845 23143 28778 42016 
357 72
12195 9840 24204 13446 31736 18613 16490 44057 11424 7285 3359 21430 27735 10457 22381 32875 7511 2727 34519 30796 13561 21103 10280 30028 36927 15490 13040 43671 26104 21106 11055 7129 34943 16263 33209 31469 5373 43484 25314 10948 38774 43676 29326 22332 23438 40595 17782 27422 30339 14008 34298 34799 34636 7614 196 41009 26251 7950 9574 17693 11867 29415 22579 11508 18258 23635 43217 1692 22027 3128 37671 34243 
401 73
34835 18558 15441 25210 3258 40342 19217 21909 13810 19607 28745 17426 978 30911 3493 28511 30903 24081 34901 17340 29506 9988 40024 4836 14150 33015 11360 27233 20521 4044 16047 8286 1027 6531 25 30551 14595 9523 28825 43382 44499 31555 26386 41230 43010 22733 4801 26545 23675 20364 42873 8454 10923 7010 29446 10587 29551 4963 44594 23515 38754 35329 2669 7680 28441 34732 13052 14025 26809 30134 1563 15292 37820 
1929 70
22956 30286 16013 6761 36675 37266 38925 17006 1876 26004 14812 31846 22410 2241 27470 41795 5891 37052 28240 12724 20441 41708 22366 37559 25478 27490 18968 7271 27685 24503 27067 15440 12032 20081 42949 31909 42780 10637 42783 16386 16991 31507 40626 42239 37711 14798 13630 33501 298 11229 25730 24076 37560 42475 4849 37166 20278 17 40625 7456 24944 12422 21004 410 18612 1421 18694 18745 5210 4081 
4508 71
39914 40505 25523 44284 23700 43850 30365 29882 23921 2025 42196 19370 21763 18335 11770 24464 26586 11972 14139 20775 5596 32211 17588 25805 8019 33588 38225 34050 6825 14810 975 28476 33661 28549 31039 31451 20542 18740 8109 10775 4449 9120 41949 37253 15445 534 15478 30808 41048 15778 34952 23174 40429 28740 14650 1743 39289 36869 7268 28604 3818 2191 1252 40635 9170 8776 26544 30021 24950 26065 24033 
1465 70
0 35316 32953 18210 34926 7949 22432 16708 39665 1769 16201 34595 5507 23418 26902 39924 1884 43270 20243 15463 18153 2498 20890 35799 31543 18155 8260 7739 746 37706 14978 41400 27188 23369 6731 14100 16066 30638 22203 12312 22676 20223 27935 3319 2725 26784 28083 33148 33321 41578 41556 12710 31748 31702 19210 22770 4605 39316 31246 4786 16131 2162 442 7004 6930 4600 14350 10916 24558 13116 
168 71
18912 23037 21542 35954 28749 35256 14432 40878 799 34648 7237 36593 3563 27997 38598 5381 19791 44403 28829 26114 17086 36283 14483 5474 38200 31631 25952 27570 19494 10814 17037 36549 39031 40202 9458 34783 43906 9086 26227 6558 33563 35557 20425 21235 20530 22236 23994 39661 43094 13824 27936 21441 26294 43419 41790 36124 32279 18957 4308 15832 43258 22760 3177 24550 12420 42426 25452 16628 17989 37001 21141 
2013 71
12365 4307 16645 38711 34272 23669 10520 24739 26258 39744 9341 39263 33925 7568 1393 35950 32598 16606 23784 7656 23181 16770 23905 43869 40636 38065 13431 34633 16717 39580 20125 16431 44591 28550 4769 14674 13201 18780 6296 1160 36744 9831 3731 15054 42008 42283 34194 2399 718 20361 5598 2601 7249 30720 8553 43770 2908 8505 10247 41363 11922 6995 3678 5714 39663 26083 38703 31737 21683 23041 30129 
3602 70
35891 3229 40422 17124 21286 26636 1 20272 12901 32048 43007 42312 8656 4869 24369 29275 21054 3294 11709 23509 22030 39740 42269 9016 38175 42087 25390 26882 4126 3076 44183 33844 14424 5620 3 11005 30807 5721 19677 8517 21740 20214 2689 22403 12089 4079 6368 25416 44388 18614 28542 44678 16864 36504 6341 14238 7328 42755 32364 39936 1946 40582 30168 44126 41288 25812 6091 27892 32702 35716 
1127 72
10962 28173 4289 30853 7232 22501 14257 40371 5211 27794 36640 38129 15457 17369 7861 5887 12082 42438 707 27713 20773 29961 44112 22484 34218 38778 31566 15315 32621 43984 17174 36861 995 760 29301 42085 23632 21817 41735 31187 33094 26045 3408 34676 5940 16586 28216 42503 42324 40040 35738 31421 7467 640 734 37630 17933 10022 15746 28131 30109 5488 35392 24495 765 5258 9527 40140 30143 35479 43733 13520 
2454 72
36636 12600 27539 33370 1256 41628 29302 30385 6248 23205 21293 41477 32949 33256 10511 27579 28303 42024 11201 7598 23791 592 27770 29423 19407 36346 5426 2952 13912 8124 16611 31931 4746 15531 2588 15672 5946 33340 35691 28721 5734 6183 6193 1449 8201 8419 9203 38437 37183 40032 30586 894 842 36407 10549 24981 18184 15810 14846 35815 38447 14743 17077 26077 24759 18843 33914 32985 7858 43193 32416 36120 
4925 71
20232 42145 41486 35549 40320 38206 40508 34316 572 32580 38793 40380 29578 28464 24851 13524 2246 37079 18965 41301 23262 20940 44502 14601 24612 23172 24900 5497 256 2524 33506 14285 12269 27708 36459 1146 10758 19667 14167 100 14707 26855 24918 39318 41933 23946 42962 26066 32270 18610 20711 25188 29191 41828 21338 25787 14104 2209 23243 31286 26401 14551 39730 6459 33910 10599 23076 17402 37165 18376 30872 
1293 71
20215 25006 14612 33986 12890 21109 5905 23266 19344 15036 8851 28578 294 35339 14389 32907 10678 14546 7279 41144 8190 7474 37065 8207 39142 43476 36573 14381 43405 15047 44387 12502 32190 22091 31910 16270 23763 7229 23819 5124 13781 27925 39266 2944 11042 29977 13394 10492 44185 16210 42281 27665 2732 9659 21920 15501 17242 9349 6794 11994 16179 1993 34773 29707 4098 22564 2699 26133 25758 16939 44244 
68 70
4748 26766 35447 1062 27959 10234 23984 34852 16151 40365 1727 13225 27619 29615 41267 29758 10664 20819 21432 24986 16819 38904 10332 19297 37609 36962 28256 32108 36380 8617 43285 32240 3308 13984 11113 32135 1882 25369 13396 26900 7027 36582 27819 28327 40810 6949 11771 21916 10233 26728 34118 28633 37188 23191 23320 20729 26214 39716 12523 31003 2303 21956 19347 4942 34862 33946 12691 14310 35428 40169 
1278 71
23353 23049 3528 17540 29386 22911 11537 39865 9573 37249 7493 13843 28021 19118 27175 22338 15738 23475 35993 6790 4822 31935 1142 11187 37733 32199 13874 17419 19612 25803 39026 19018 22890 42502 9692 19509 27522 42639 32869 12818 19850 1228 38471 33485 41995 9010 22282 34598 43899 8097 11504 23466 10132 40043 13988 14662 3282 14723 32923 8206 38806 15801 28053 37667 10946 9073 9045 7826 14758 9525 37701 
2112 69
24067 30964 9901 30338 8457 37118 28852 44533 30682 15145 39177 30301 21752 5759 15272 41794 31267 17568 40446 27903 19934 19150 25388 36999 5081 26752 12553 38315 4456 34616 32724 16317 39954 13105 28077 9395 13716 1766 16899 7384 16447 18871 36298 37864 15543 39311 27104 36193 27129 31646 25579 18903 5629 16486 24009 31086 22909 1224 18215 22883 16064 25435 25230 41969 23662 38448 28123 6843 4258 
3340 71
12381 20710 36160 17793 4635 29863 21472 12819 13641 22827 857 1447 38170 23570 9445 1017 38460 34324 30602 36490 317 22012 36261 43077 42542 3153 30918 4552 15250 21963 24014 19779 28366 20779 10480 12222 37613 3345 21527 19127 8933 14753 33322 36242 34477 41685 7597 21980 16798 17017 26092 16751 40143 30116 26584 17953 1247 36722 38158 22297 33832 31012 25476 12471 22717 37786 25503 6525 6918 39315 4632 
2611 71
40337 21415 6011 24567 21255 11366 1714 43832 44412 27318 11035 27217 9691 8480 18595 35490 40861 2598 13364 33012 6893 32965 22759 15896 33993 26002 14037 815 24073 33623 13652 42698 43137 33712 33811 27094 5858 8904 36220 15143 4522 36465 14159 6130 23596 44382 33846 29841 3729 35936 28842 4787 21839 35060 26682 26253 32224 43260 37182 1496 18061 33181 11565 13832 27203 11724 16880 5485 14179 34775 2753 
2898 70
16016 27225 8084 8958 20386 33690 22672 30576 23123 1385 7029 106 36537 37976 6042 17673 4782 32044 29266 37783 6653 1706 42073 18562 16396 30639 5834 8569 15374 41323 21605 24254 39669 7301 20430 11942 30799 24865 38464 514 35730 9858 12411 32016 31374 35915 37842 4676 5906 29807 38121 21498 41248 1293 40752 9512 10272 19659 42491 12953 9547 31016 14863 40100 6748 37428 34787 6586 4172 20453 
2542 70
6982 34105 8007 7304 6025 39276 6102 14290 32916 30156 44066 21765 9439 41069 22686 12524 19439 22052 10534 34268 13276 867 32804 175 5424 25106 44523 38192 26039 6575 41726 3284 12177 32585 14708 24589 1361 19906 16324 20025 36782 13433 19137 41852 32866 10417 32011 19769 38408 17875 35262 3819 17002 25548 17930 29126 28573 10800 41926 11564 20481 11871 39250 5821 20045 43557 17114 44690 9182 43638 
4567 70
475 5439 44018 8164 41608 17102 43282 26323 30605 689 38929 7072 12174 24732 197 34460 44654 7941 3317 39706 13739 7762 11010 13211 44271 22850 24163 40307 21116 15762 29063 30210 17900 38303 11196 33752 16123 28827 5491 1904 34597 8345 35098 31510 41297 13013 16554 23537 31508 24743 22602 22664 40318 30734 40160 43248 23942 10288 14385 11159 22832 6031 15029 11862 14271 27636 15241 36131 38646 13593 
3042 70
4260 11191 35466 40191 27498 19100 5555 16750 28325 20034 15179 22942 15922 33610 42287 32593 32480 16542 16258 31738 14278 41143 39374 5093 44117 32594 659 26303 22952 38123 25023 40282 13113 3043 21666 4599 9806 31423 25662 43539 31314 7925 14789 3972 43064 20978 19495 23288 25355 28781 18236 28999 36056 22436 36187 37084 34091 44491 22740 27082 39251 28995 3693 11823 33763 9553 26519 750 22286 1631 
1922 71
40270 5339 39684 27037 14988 20651 10077 31823 29270 31914 39617 27005 37620 27493 19262 10011 24673 12030 24957 7399 11954 37653 15518 14325 29628 42389 3419 16118 24832 15854 2559 12009 35907 38531 10515 25806 35597 22858 6257 32138 8182 13411 2875 7366 207 13347 35628 19526 29967 17621 16057 1045 36049 30717 18895 17787 29387 14434 19263 18295 2269 24614 20662 2471 28287 12327 6200 29936 10865 38783 846 
1310 72
22290 22136 39102 30010 21002 20933 33142 26516 37124 43702 10314 32451 19088 23159 11837 6512 19124 12056 22441 6036 15803 7636 40545 27102 21842 41205 26702 20853 6055 598 39516 21759 38149 39057 39988 15261 19020 1738 30882 11254 6753 15092 25317 32750 16493 6223 36907 24394 27231 9842 36929 40384 26392 14232 26291 40355 20538 32253 15277 20709 22308 24367 43300 31261 8179 5446 41630 36135 40136 33514 243 11120 
4204 69
27961 38734 40967 12580 37333 27866 20531 20561 19123 20380 15356 30912 38681 895 10160 10754 41508 14620 11379 11684 19420 917 15968 42563 26663 5606 32986 11891 40574 25133 30016 37949 32089 32828 23779 8669 31100 25725 2091 4687 35015 7627 28261 34561 9873 6503 4445 12699 15849 40161 10279 24432 26891 44208 24887 5255 10301 37504 26269 23278 19293 41610 20260 14312 23005 1754 14514 17668 13621 
643 69
22262 35264 20127 35788 26215 3503 40544 17023 22254 21017 41694 24982 38878 38857 11980 1324 13258 10921 13263 43515 17297 1874 39700 17451 38506 5421 20734 40484 19926 15788 17339 34077 15597 19897 3746 9880 31399 2361 29152 9829 38608 11865 23620 9133 14744 26847 2948 44476 1024 19806 18811 26494 31568 41444 35136 6359 19209 29623 12194 12754 14436 37606 14087 16341 4267 13027 25331 6926 27018 
4902 67
14943 24202 27537 29294 28653 24478 39304 34890 3006 36717 11256 3865 27482 3176 39819 25893 26111 41171 5347 38803 35061 4391 25486 35145 3103 11000 6912 24969 41789 31884 41716 18568 3035 22314 3485 39655 37473 32308 16730 35307 37389 5496 38653 11606 18028 9606 31918 14720 17896 39529 33077 40063 18856 34455 8395 19896 32517 3807 3697 1832 10284 4622 34444 5230 41437 26940 39859 
1976 69
5431 39248 11554 31203 38849 43896 29897 6293 9946 7183 27544 14223 11337 103 7307 23354 1439 30450 43692 9552 42328 6663 14813 38181 37907 38727 26391 4726 17214 6612 35949 6570 15663 30273 28050 9301 39395 34085 37090 41759 467 36326 28035 4977 33230 24420 646 14248 8903 42671 12528 30323 23628 4773 5090 41518 34496 27224 8861 1699 44360 30654 27189 27682 38070 6235 21884 15596 44341 
3232 68
2998 16588 17748 7315 2846 40648 41766 4678 15148 7497 17357 41870 12493 24508 18347 19335 34612 15795 28002 1085 35177 42041 34447 726 17050 23849 20923 43703 28743 3913 32561 23565 20074 31992 35430 27953 4339 31893 33456 25802 26861 41658 27167 24974 35416 12632 32359 43563 11084 4413 13368 33442 12313 9793 30269 3975 30992 38012 38916 35654 27872 40986 19202 16551 35113 19358 4269 9360 
998 69
37850 9007 30080 21354 29827 39262 43473 27418 2443 43252 34434 24206 25265 32317 40196 34493 9337 20654 6329 44169 16977 28979 9740 26526 8399 15426 27595 12315 36539 39811 43489 789 12737 30854 20284 22825 24171 28463 5929 38062 36151 28164 15385 34006 38342 1111 32712 26 24804 37714 18139 22795 14566 32319 29683 38535 15300 1225 37956 16251 8383 19061 36925 9669 609 279 40661 555 7607 
1925 68
41523 11340 40747 30552 41682 26907 24542 41776 35687 3240 14091 38353 5904 29769 11636 32783 13556 23827 27095 37557 12993 36563 36879 24463 16514 43254 37735 12792 42213 35370 22452 42527 35548 15763 37242 865 37655 8812 30362 15288 38091 32522 28412 24184 29497 13233 22489 7349 1658 36792 41145 4238 11650 17334 23523 13071 23077 11681 35381 40587 27715 379 15167 10304 29634 5459 34758 12428 
1137 71
22158 44723 5441 13718 29622 9654 35055 15319 36233 27688 13106 27150 24726 6737 39267 33218 8475 21914 20487 9430 31473 28613 23230 23434 9232 4693 40597 5311 3479 30029 6375 36072 28975 23465 38564 4921 35046 26595 36329 34355 25923 25248 27716 36154 27358 40500 41419 41483 3956 22252 20671 6882 29202 2201 33796 15592 35422 37644 860 40184 39972 39438 44246 18212 15787 377 38740 31472 22690 15793 15516 
89 70
37964 9856 22444 1262 35661 2734 30198 18848 17408 17843 3111 36978 24091 23677 10711 29794 29461 38355 7499 33409 8218 35724 40884 15964 5363 39445 43811 11814 25236 3574 37835 28111 4747 2731 11717 42220 12731 1459 22276 38764 10607 4412 23376 9354 17573 27433 39066 11300 11640 43439 24764 11685 39084 40083 34365 3041 5644 25384 24627 13765 130 9423 11347 20502 18920 37315 25590 29555 43001 3261 
1296 70
11938 11436 22237 6378 37377 21847 12231 19075 7306 12409 34716 29598 41459 41495 2931 1078 22727 4306 36748 28832 31296 10995 14746 42937 13795 39735 9190 20315 19643 38404 39885 41884 25483 16519 23609 19535 44040 29573 8481 32806 1954 4848 23184 37364 10472 38691 37660 5465 29257 20151 31380 38388 10165 41079 12201 11319 36147 24870 17475 32558 3891 11382 36743 34601 16230 23615 23307 15613 42736 21144 
4292 70
39454 42535 39813 36068 32926 42424 35889 31141 24909 39201 22876 15794 33116 27080 31368 36244 44303 35586 394 25496 44736 18715 28739 2388 34083 19642 42317 27939 21272 14864 43968 24509 41370 18017 3147 7718 5653 43005 8956 36191 28962 22116 4205 22570 33624 36616 16677 21869 3589 20866 4886 25967 19719 36883 10060 42642 28768 41835 34957 14266 2293 15986 6955 34627 25648 7738 37789 29740 34537 7446 
2719 69
2419 32304 8060 1587 26796 28106 1455 16617 28124 17190 29605 42247 29913 35304 35017 14230 36083 33942 44203 38077 38641 31558 27724 4535 20486 23871 12857 25667 10168 3742 20695 15013 16815 8682 15711 4719 24486 42817 28988 37832 19683 19709 3673 41623 7780 17842 12955 6005 43816 22470 40638 24123 2710 14128 23903 36691 15020 19978 7944 38573 16706 36930 14119 11259 18977 6473 4510 44249 10679 
1758 70
33446 10533 16664 339 8282 28532 33735 20409 15286 33590 30087 42719 40231 11253 42649 29941 31032 41385 15678 40569 3277 21301 16850 3267 4283 13955 5272 30321 33084 19225 34546 4071 6863 40938 39970 41749 24857 4033 39114 42754 3430 4580 13423 26385 35122 25042 51 12433 13228 10787 42282 21554 5376 12354 38682 15442 36087 15954 2251 9499 38935 36420 13409 29282 247 1472 25992 5315 3274 8077 
660 70
8573 27069 9060 19579 34882 21813 11873 38597 41403 36886 4705 40979 9144 32705 19171 2745 3540 33686 12139 18754 2896 23818 37273 24143 10000 27320 12786 32520 36164 16966 34370 26033 32333 14201 8882 20929 6566 3792 5113 35899 3824 14829 13185 13181 20970 14772 361 32318 15577 12575 23417 11955 31026 12062 3525 35342 37698 17347 11943 9906 38284 6589 11402 37699 16665 744 31671 33203 1506 41103 
207 70
17970 37510 7313 44166 527 42623 9850 20997 42359 11075 14062 17342 5953 20745 12167 20323 15719 20265 12964 16429 39608 37970 33840 19954 21511 22259 27600 30871 41622 36885 23142 36938 24245 43688 19474 34623 14239 5250 39015 29466 34109 26777 13154 43595 6868 34181 10227 18851 35652 37596 32962 3270 43103 18114 14251 28636 9033 3598 38298 13895 39920 8761 6887 33300 42913 37301 28385 37998 27284 30091 
4060 69
30036 19936 3312 20110 43977 38721 11878 18127 20336 29165 10482 5781 40922 32325 29606 26473 27257 12902 30043 9178 8484 44206 19696 10532 42352 18035 15012 28833 24771 5841 7140 16615 21930 38216 4062 43436 27199 9911 31883 16863 4247 36727 12058 37152 9051 4275 32766 25183 34437 2819 3888 39069 35816 42743 19673 38010 38845 20623 39703 20767 1150 6638 37013 3151 25193 25095 11476 32632 4334 
1748 69
19328 23835 34779 27254 36431 34489 6872 9316 28080 1759 15244 28153 31707 32152 44165 37338 39517 41307 44234 11081 19292 19444 30050 35323 3739 14661 44149 11387 12563 15198 13879 14976 28007 37414 1781 4956 7580 28554 15504 3590 36780 42899 23972 15693 37290 29885 4957 4106 42386 11807 33403 7170 30357 15343 5128 21251 33254 26986 36976 39629 39654 4853 40782 40 18339 13788 14485 1505 9701 
1656 68
38487 1366 8986 4800 10020 35853 5766 8197 28299 24466 36546 22223 996 26654 32454 8325 6763 18894 22878 38241 30502 14959 42023 38952 773 14797 36013 26865 7085 24590 14298 12739 24127 4887 29031 29296 44430 20869 4490 32252 40504 43420 32549 31446 28078 26572 21323 36768 43200 16458 42772 9405 30868 39534 29525 8906 10535 5609 29556 122 20385 22742 1395 26618 9107 29405 2059 5936 
23 69
38555 30636 27817 6166 4420 38434 16034 227 33252 5011 18502 23633 17385 1095 6309 37442 2259 36695 22536 48 19353 21302 6523 18807 8811 7422 16177 37695 27614 14735 25284 42381 34507 42509 35619 27180 35367 26051 23978 28201 2348 38600 29589 38396 41635 34582 21606 1586 23904 25768 39851 2114 15925 26767 26601 418 10216 41047 37288 9896 6198 2381 30268 18371 41817 24674 41887 20083 36753 
1381 69
18167 15298 4167 10969 1627 13775 5830 35214 6671 39342 5185 27053 29494 3318 34170 35551 17330 10793 203 14431 19438 16421 6760 36290 33042 38382 10598 35445 16422 39537 31328 44315 5642 28729 21149 29153 30933 28336 33288 31239 703 15626 39803 29796 18441 4105 36627 4378 18277 30535 44656 1579 42895 32720 43614 5217 37765 38505 20358 41311 42576 13868 3021 41035 30255 31684 12483 42419 5731 
1972 69
9894 25963 23239 4426 10537 30847 19624 8313 34191 7214 38095 31999 27287 43250 15087 35357 16517 41974 33377 13419 32063 4259 15733 18437 40000 5452 40560 22152 22949 29511 12059 33824 42936 23410 8592 1809 34842 26174 28575 29693 35165 42399 3793 6984 43023 21600 1358 31202 10094 22835 5540 3402 12751 29017 2070 42233 34074 15937 18767 13331 17458 31436 10543 18249 19623 39750 36668 25392 35034 
3872 70
4157 24260 33035 7122 37470 16453 16886 3922 28276 22512 27811 31763 37075 920 33491 25569 24812 22059 25636 9841 38636 39013 43728 5589 18831 32429 2582 10527 9800 19947 39535 40340 40797 18964 44590 21640 38275 29820 13400 31696 26028 13338 4969 30299 6262 8895 8880 7583 12008 1580 25680 29733 13387 22488 27891 39225 11705 32820 15173 14461 4422 17623 12965 38038 3880 29007 17547 38643 13934 3788 
708 69
40264 1008 42212 904 9493 17713 21200 26407 36729 43755 28981 29855 2398 23680 5605 15116 28387 12820 17576 38620 10432 705 26388 36150 10516 24475 25125 14970 10024 15713 19618 41329 41053 40426 41770 8626 916 27280 29381 25620 25782 923 43576 44291 18138 19170 25485 18756 7684 44157 30534 33387 41767 13812 9604 11001 14136 43608 29581 28876 5752 34166 22499 5628 33653 38984 8817 39367 1471 
3747 68
43827 16679 21229 7026 21748 7975 4192 855 6482 36975 1847 19501 27781 21874 31714 42706 36620 18627 25064 40874 39333 30060 17807 3595 349 4301 42415 9421 17685 17762 13913 31247 43848 35984 1535 29199 37485 14624 31628 33996 36700 7276 8788 1628 43952 42483 3675 39341 28581 10907 35420 4763 5612 40442 31213 2922 35777 10584 19429 30382 20261 36881 42871 10494 42594 36749 7327 9794 
3087 70
22607 25220 35026 38710 4363 21787 38685 2909 9204 38991 32146 37498 37888 16666 4317 6557 41646 18294 22264 28379 24867 12732 28819 5508 23231 25409 22386 36047 17273 2239 17603 36809 35990 40654 27131 28182 20474 15917 32077 25227 30778 3573 38760 36789 27993 6923 1956 12042 134 1760 8115 23951 12986 4236 19382 30588 26055 38147 32223 21052 22486 17672 42926 18374 42238 28491 24315 20983 1547 12734 
2575 67
22946 29994 12756 33384 35858 33990 3135 27109 12374 44339 27601 660 25964 587 35403 33434 23129 10086 25434 26189 2283 23559 32393 36817 38280 13698 42147 34804 24602 23991 9083 14003 23405 1930 36359 30568 29036 42078 21400 20076 5809 32261 40139 9429 10311 18642 14141 29259 16501 35637 12931 11216 43325 30850 38961 27303 23224 16481 13360 36825 17113 37039 330 10300 25793 32564 42437 
1574 66
9362 5384 28696 28160 41602 24261 23838 42175 42600 4982 21681 11058 32885 27116 37917 28252 17194 4592 34898 438 17381 33475 36778 20814 36301 41577 1529 36307 16978 34007 17396 21046 17802 31841 42538 24556 15840 8261 4995 30542 26320 22180 21984 33689 33541 21912 44063 23272 14824 41883 22017 5691 17271 10323 29436 12155 31361 5223 4385 17656 31796 21413 19010 13548 14641 34398 
2576 68
1552 25186 27469 36801 8728 7947 32776 38178 37649 30971 35596 43334 23275 3431 16397 35590 2517 4612 18469 33348 23277 32071 30846 31518 17609 34869 44372 11907 44492 40971 10318 33954 14803 38624 13704 21851 37420 5713 30497 39607 25126 27937 21320 5586 35938 8848 13689 24875 14598 41626 32408 2393 8208 17594 16657 24725 19 33395 518 3355 31973 10205 23396 34450 11377 7705 25591 43581 
2424 69
16200 2686 24217 4724 30007 25987 13432 9702 35956 13123 9718 1793 37495 42889 37456 41345 28889 43207 14875 16813 36835 42153 36996 40909 33985 11125 42573 1855 4546 8183 30005 42303 43568 16484 40914 5270 1680 40421 17829 18758 23017 43463 35699 43159 13606 5134 28126 43394 33152 29286 7290 10452 7793 21760 33192 38665 10289 21398 32513 22525 36721 14951 29452 9114 13787 12053 12817 9087 1984 
2765 67
15590 11294 17671 21704 35310 27930 37982 131 22221 11993 38959 20012 28654 21094 30175 35229 11228 33172 586 15959 11244 29999 30224 29330 42308 32599 40792 21271 23115 23753 13757 13675 40246 10848 17882 19238 9418 23553 36166 15423 33487 6849 8635 41161 16315 9231 11038 402 6549 33792 14486 18516 5579 17437 40087 32941 12787 27812 26261 33400 6859 9802 27850 18932 16163 14198 26951 
1066 69
2628 39992 8413 44426 34910 28869 12272 2166 34487 8034 1721 9551 19858 1617 43562 14042 36834 33645 20739 36411 42966 28940 11033 16757 27615 15904 21124 25429 43174 24650 24678 21391 32447 24358 36566 17741 11573 34553 35832 20975 20281 28640 30648 18787 1151 28055 28634 14414 17310 1342 10 37318 20756 21702 4463 34683 27328 22581 18652 23308 8736 34078 22726 34060 7852 24262 18959 11801 18216 
4367 66
4940 29742 25639 36865 28416 13532 14250 15823 23381 44345 32722 40177 4944 11350 35611 27042 28537 11032 37074 8854 29520 15420 27399 4511 3889 26141 6536 13218 27392 40156 34054 16326 4402 2866 21448 4989 4751 37540 27412 33115 26080 32490 4389 29763 2341 554 32067 26087 11869 20238 5707 14796 6707 29269 30061 15818 41868 15337 40047 14572 43235 33325 24406 14713 3625 39434 
4093 66
28924 36526 24658 15086 21969 43249 24026 34524 43082 14315 32181 43442 15435 16867 13839 22616 29053 11673 16530 27910 18925 16196 3780 17104 18039 16336 34911 34402 27954 1331 32019 17796 29927 1515 4550 26493 18622 32022 2787 12486 5062 17333 9761 25031 21352 28520 19887 12376 17456 28878 26421 24193 17439 12298 43745 22889 3909 43644 3873 17294 44192 35678 27890 18234 19172 2899 
2062 67
19596 30792 18940 5526 33889 22309 620 43067 44551 26753 22915 16328 4343 11219 11774 10105 15668 10055 38492 10352 13085 20818 42127 8378 2154 33324 25874 28328 9366 24497 40068 41875 42985 28896 22042 12134 44323 37094 44237 43996 6069 9 39822 12913 15397 3326 35387 41522 8856 13372 23062 40905 6119 2208 42900 27882 20349 5590 7489 28068 24690 11043 2417 10169 3371 34570 37975 
4537 66
36108 40513 113 20919 13033 23429 3635 3306 33105 20987 22961 11230 4824 7008 27855 1088 33656 231 27793 39762 13232 42010 42488 15136 14206 25363 17730 18336 41757 28154 5502 20325 32903 31715 22134 13293 33383 5155 17921 5826 33871 44703 42906 42621 42486 38407 8636 14817 36612 38644 7145 39159 19894 2694 18302 41109 10669 31046 29412 42056 39892 7772 19757 15834 21524 28849 
3606 66
29814 88 19672 17758 17580 36822 710 21499 26995 26192 20630 10882 36132 12005 30629 34941 34084 10703 22117 14311 10431 24762 40818 23116 12348 12004 29530 33302 19326 33211 31923 9945 27647 44365 6225 39694 1344 23493 5107 12537 22769 12294 16227 38 23433 7742 19839 27232 18680 384 15774 42047 342 24054 27758 8302 35459 41373 4970 5700 22937 6609 6686 15074 9684 39857 
