205
4681 132
12552 33538 48741 82072 10249 91904 47561 12257 43216 84106 48080 47040 28511 47202 52290 22914 72928 83743 95595 46981 7540 78186 15501 53803 56266 38527 18515 37064 70501 2387 37704 30854 9990 20105 16604 88324 58004 5741 24054 52868 38929 63848 57512 95381 66795 78398 15457 9969 22850 23016 64191 15629 63229 46282 29584 97467 45014 77629 7510 95761 13431 77854 13756 49233 44672 60553 12595 21270 16932 94679 89330 18543 13135 31198 99128 11339 20325 70861 6248 47025 41915 31807 14039 40036 20873 49666 12294 52142 18054 79671 57671 46639 13163 84790 50914 20421 79467 9431 53264 3718 95766 23840 95171 19500 79445 28180 55357 78771 43055 68709 1636 70713 82074 19683 6461 73699 56554 63288 63449 57751 54484 68372 64467 62779 36519 62129 99140 87316 99023 80495 74776 63775 
1312 4
1207 87013 69419 14886 
6860 4
962 21824 98400 41346 
6018 4
97030 32109 14482 76375 
3731 4
29768 18746 23934 23013 
5633 4
2686 45287 12328 39217 
2066 4
20617 89114 92929 31387 
2489 4
27415 20783 62987 3372 
4232 4
54149 48637 28637 15687 
969 4
83483 28621 21152 90182 
3173 4
68597 36573 36790 96813 
6442 4
24333 17628 66459 18015 
1168 4
27732 51820 29725 26925 
6494 4
8767 69214 81238 13584 
6260 4
912 69157 32352 77676 
6154 4
77759 42777 50328 24845 
6272 4
65030 52922 66896 62905 
818 4
62972 14607 70112 93818 
629 4
15903 33186 58024 59501 
3297 4
20489 81126 25789 76859 
916 4
32338 17655 87139 60384 
236 4
79762 67892 93496 25273 
6640 4
79125 20542 7130 9616 
6861 4
80884 22229 47845 39985 
4828 4
81020 25909 9436 76097 
3851 4
29071 93177 92113 74040 
3783 4
10235 68526 23848 94185 
6474 4
37681 10844 18070 43926 
3574 4
17491 44050 42827 67387 
1231 4
89941 77105 81187 9337 
1011 4
14395 28143 11912 7777 
3677 4
23068 13472 94296 53860 
6350 4
10665 8108 50132 80509 
6741 4
12088 64008 81522 24049 
4927 4
64123 51832 59616 58290 
2886 4
43108 34120 81634 24953 
533 4
11881 81989 33185 85148 
6831 4
56199 97255 81683 93650 
2569 4
39001 29898 11162 89479 
5157 4
49464 69907 37115 73373 
1997 4
32033 26571 9393 2085 
1111 4
60331 60511 16297 61445 
770 4
29527 85486 49283 7134 
5662 4
46996 44334 54705 55363 
106 4
38943 62154 85336 33373 
6687 4
97484 21597 19162 93782 
283 4
56145 29167 55928 51358 
4699 4
75260 51308 98929 59152 
5764 4
96427 2465 44318 32834 
6799 4
88610 28186 95903 32397 
6487 4
19999 93097 46603 49708 
2768 4
81358 49483 25295 94305 
2682 4
38188 2009 25435 9165 
4572 4
49546 18731 20163 46043 
5235 4
82565 68587 1761 77624 
4121 4
20665 10773 2914 81350 
2092 4
13673 66469 54316 53553 
2742 4
8919 36139 17719 30837 
5937 4
4118 20868 69733 72595 
5400 4
3723 94050 32006 9049 
1025 4
38553 61803 15836 6073 
3628 4
53073 44572 58570 31742 
287 4
55887 19884 24827 86146 
2208 4
65712 78501 8748 88742 
6782 4
52506 81094 55753 56970 
1912 4
9898 33367 62013 82910 
6524 4
82592 48697 84458 22382 
511 4
86950 45563 56438 69676 
1584 4
57477 31507 11007 76444 
6937 4
33572 1168 35911 70495 
5554 4
37723 34223 51767 2464 
6312 4
26524 63216 51039 44458 
3243 4
76276 76809 5995 91749 
404 4
99947 5838 81010 97677 
3121 4
80105 64383 670 96401 
171 4
28179 58785 91720 17071 
4323 4
65467 68248 59373 81293 
1296 4
97414 58723 18019 70808 
1014 4
6195 94151 54320 75137 
6777 4
11008 48952 87905 13426 
4510 4
75663 97144 37836 45791 
3577 4
66128 73077 36057 30942 
2050 4
31781 57446 70035 13177 
5747 4
24004 647 94931 1467 
3210 4
84093 56360 25286 78738 
1956 4
37162 53632 17921 26840 
963 4
62189 53882 41152 74309 
109 4
41607 99257 32648 91351 
2749 4
10102 81874 59366 65905 
6571 4
11475 57930 95831 85232 
5875 4
70363 77956 58405 91733 
3951 4
6268 33593 54863 80652 
6663 4
66735 98143 50728 5766 
5262 4
31855 56769 84375 15866 
4861 4
25834 31995 25247 56077 
1996 4
11990 64766 80287 77546 
5739 4
64138 36857 82272 4281 
2751 4
74967 96201 18270 19204 
6446 4
85130 3362 29370 316 
4437 4
70183 80978 19992 78569 
5341 4
48413 42781 63015 12403 
3223 4
29707 51413 18368 30701 
7391 3
77536 62920 18293 
5702 4
83897 76323 52510 20451 
3728 4
56376 45465 26314 17697 
3589 4
13081 39376 54890 52525 
5877 4
19631 22423 87284 88953 
3400 4
43282 37186 2955 4182 
3603 4
67350 22741 13860 26647 
2746 4
21585 24695 2177 54554 
725 4
55602 32470 33412 42193 
286 4
32407 33369 77246 519 
4128 4
27636 16709 60958 69630 
4112 4
41614 40883 15783 10469 
2784 4
45644 2759 89515 46793 
512 4
73075 82726 64382 40205 
4754 4
9678 17211 49219 18050 
1141 4
89044 20812 21485 18047 
1044 4
77041 19027 82832 53878 
76 4
97536 20828 14431 28858 
6139 4
86187 65676 5934 36281 
2893 4
55540 45185 20388 28848 
2229 4
81221 40676 63192 11896 
6873 4
11011 47405 99210 52886 
238 4
84955 81292 27860 69660 
3450 4
44864 54321 42275 81807 
5252 4
35363 55717 95750 50856 
4383 4
3951 95401 49854 52109 
2059 4
86489 65060 4559 86789 
42 4
12198 79809 9367 92154 
30 4
64963 2958 98368 70569 
2817 4
34392 11513 91327 29466 
6800 4
70680 847 8545 20726 
886 4
42266 9803 77484 92429 
2718 4
60641 44205 39269 30997 
1676 4
68533 90263 41979 4273 
6276 4
38908 51252 84753 44145 
4001 4
62103 26748 7061 80697 
449 4
70272 7354 86655 17796 
270 4
33723 2713 3907 43797 
6236 4
50651 68356 32757 18896 
3444 4
16224 18133 61176 98504 
1955 4
82757 13895 950 96674 
388 4
52830 70955 95209 42269 
5822 4
36761 22856 17120 18924 
3660 4
19682 42361 71505 12468 
3087 4
60195 35579 77842 14885 
3265 4
7297 57775 14523 73263 
3224 4
14629 90345 86758 62356 
1659 4
93017 48094 99285 25693 
1455 4
29153 93418 19673 55921 
1144 4
37050 47332 23596 78170 
2257 4
23882 45732 79022 9177 
6947 4
96198 60932 58188 22957 
1675 4
57371 57088 39391 63518 
1331 4
38985 31988 4772 42305 
862 4
85904 89866 16632 3176 
6823 4
7926 10533 49432 70181 
5776 4
16418 68515 89211 43536 
4897 4
78373 35488 18885 60099 
1627 4
1956 7343 39858 27876 
4692 4
29114 9315 84030 67203 
2273 4
89133 96038 40421 54737 
1917 4
45273 86111 46534 92709 
6301 4
15945 7602 63471 60285 
4606 4
23378 91173 68397 51703 
5815 4
8930 62619 80711 51626 
490 4
79907 99757 8190 67118 
6288 4
41519 38856 12816 33245 
4008 4
67689 88257 35342 84825 
1952 4
19840 68142 25574 9064 
3449 4
90744 47719 79831 1704 
2963 4
87510 6832 79645 58435 
2463 4
73736 51744 45874 8055 
2176 4
57364 45106 47567 73160 
1691 4
778 12275 20892 3510 
2026 4
79999 16197 27384 72496 
5939 4
23108 97374 98851 39053 
5307 4
50210 93363 2725 25559 
6822 4
52362 43141 28420 36423 
5818 4
17331 91569 89147 93270 
5589 4
3915 26852 94393 54583 
2969 4
99216 69187 96495 79923 
1582 4
23996 60300 71433 20782 
3963 4
37194 43701 29317 53794 
6392 4
59187 72495 84100 49490 
4946 4
96654 15831 40343 8484 
3269 4
2610 37858 36762 28610 
5751 4
61740 50654 82241 64168 
4272 4
98783 34257 32229 19807 
3757 4
69635 38615 49777 31933 
2455 4
65506 99450 28331 69399 
5297 4
10523 37068 62355 8270 
1649 4
86257 967 69056 95224 
3921 4
79205 83378 88773 91354 
3259 4
89195 99544 35729 30445 
483 4
95673 28819 11421 55084 
6251 4
70879 1383 37695 41292 
5942 4
45142 37795 93451 62088 
5065 4
83072 45247 80421 33711 
6983 4
55423 6905 7766 69897 
2580 4
83475 73991 48118 13851 
5378 4
86596 59036 14567 60758 
237 4
4942 16126 77492 98507 
5313 4
23531 91422 79233 77773 
