51
1141 14
46003 5473 24302 63874 94168 39953 34595 3666 46999 55534 38111 79007 21668 71228 
1081 14
58835 77347 90374 67288 56216 26414 51016 23258 30136 37397 94536 5112 68436 42572 
21889 13
55917 79207 31315 49086 74099 23617 88173 47185 7607 31862 2384 26584 35737 
34 14
95421 83363 23336 43937 31502 26945 5133 46117 32734 87693 47298 41183 92023 2199 
9919 13
22154 68040 27967 54969 44690 85318 57915 53315 3752 2842 52328 68568 29402 
15008 13
61315 49814 28856 93772 66282 72920 61158 47972 82318 7422 3893 60348 46315 
5150 13
54894 64356 70244 28521 50247 88561 49102 41135 94345 39662 84497 16893 52642 
626 14
62849 10629 78152 35721 10734 24687 27184 90437 2978 7090 50139 40225 43192 64999 
1085 13
38246 22431 95871 9536 72859 70758 73898 52112 87017 69157 80197 73902 51485 
62 14
51289 19450 56939 83904 11816 84634 66304 30018 8418 24185 78657 49074 33691 81811 
6454 13
55095 57375 15127 75562 29471 9591 56709 71381 86775 59867 69303 64780 31169 
18779 13
3013 79663 94479 91743 31852 39710 26751 26873 41572 43179 31957 68988 20903 
16924 13
11578 66633 77936 37015 85047 92542 57684 78278 48539 87120 74628 83915 86394 
39 13
16031 70467 49878 45853 71166 36770 53117 40693 67711 123 38097 66077 81248 
55 13
79198 61571 78318 81217 46371 47494 56908 11174 19443 37618 31196 4012 43169 
5028 12
62868 15935 91223 88527 70523 6189 14197 21275 60998 76676 83127 70463 
15907 12
42297 11991 4090 94633 12329 14259 34641 51815 56360 70378 43813 58944 
16203 13
81107 87327 21341 47915 49070 59495 45817 42194 43752 13137 59827 14263 70503 
6851 12
17861 425 44263 67221 39035 61950 33358 61457 26887 39352 20443 55559 
3 13
88395 70626 40150 3530 43273 9279 7448 69441 80605 7975 95724 1902 20020 
1720 11
60087 45329 84651 24891 1413 79180 49522 79690 58223 73610 54029 
812 14
8236 57964 55505 62071 29481 22819 19750 22077 26774 38832 39175 70130 55610 37418 
9882 10
64620 30662 68347 5673 38363 179 993 5110 75784 53276 
20085 11
56929 80404 34756 58813 29224 62053 49652 65648 10226 13392 89635 
17953 10
45134 91232 20035 1784 44210 28599 56993 29930 71105 59653 
21097 9
2394 37518 26301 94656 30742 85726 88900 90263 86656 
13720 10
91861 23620 87230 87004 42333 14940 30711 63226 13813 36053 
2297 10
62716 63292 55683 51268 70991 13530 64439 43869 34586 5367 
19130 10
94470 39267 77559 40617 29343 13207 11007 17992 25022 2819 
1206 10
29980 48757 46205 6435 26889 33733 73396 34952 15862 57275 
6152 9
74492 41080 1417 21498 34814 45090 9371 43920 40972 
11220 8
31608 90173 69801 96427 78161 38638 55461 56623 
14759 8
58427 44878 58056 38806 34550 72476 54036 20857 
14234 8
8507 1047 21280 33429 44389 48296 88858 72696 
2423 8
67824 9464 32064 73580 13378 81462 77344 85671 
8005 8
90989 6456 32975 14478 71763 41166 86526 5439 
3914 6
34831 8915 53591 3946 76517 42055 
13854 7
94310 15117 36302 11470 50900 48770 5450 
6301 6
75618 61520 68784 59748 68862 72783 
10687 6
60702 33882 82150 85338 70473 84989 
11924 6
51896 4758 11995 45822 46387 13370 
7658 5
83347 12738 74104 91146 42929 
8883 5
44430 80470 69997 45267 4925 
6840 5
30003 74639 43338 64282 13360 
18599 4
82310 20805 15017 31104 
9251 5
1892 22856 16524 58891 67486 
11337 4
10051 59010 31354 588 
16416 3
88522 74171 40484 
9859 3
12162 8734 31278 
2537 2
25373 95076 
9902 1
32438 
