50
8131 14
48192 2753 35208 34627 57711 32770 60142 8958 61085 93443 35978 19344 49929 69448 
3225 15
59175 61115 73201 4224 71678 81242 56380 85947 37397 55316 65236 31478 40130 27317 24498 
1318 15
12268 39757 37766 62270 76138 64320 5342 46192 73552 35315 6590 10670 36877 85957 90036 
2065 15
82847 45577 26925 58218 49720 54451 52452 22111 11196 37462 88955 55018 12343 69868 47443 
351 15
34758 32555 13780 43425 87630 81352 18386 4721 51774 63422 86791 91509 92815 69741 68442 
14236 14
57127 91061 67893 91710 46344 8328 22281 21561 94203 56649 80207 15304 28884 1656 
3632 14
87210 77041 79494 69516 41002 42173 22824 81174 64895 64592 59339 20518 11872 35473 
2076 15
26766 94661 76151 84908 92571 26806 72142 33786 26974 9434 75263 71560 17470 52217 22864 
13454 14
3499 59694 74902 72764 14960 52017 35771 28153 16453 71717 60400 12771 41771 63662 
12482 14
22089 52814 63690 33009 63335 9164 20611 92906 61882 90118 14792 77634 70292 76882 
21617 14
51609 6457 37002 93402 92737 16513 91430 27512 90998 3797 82282 59554 22574 89612 
6194 14
15749 51467 79644 4778 50378 82391 52525 63865 28123 43350 73121 35057 76252 23303 
15053 14
1643 54125 40040 81099 52246 18373 56799 38795 307 40948 6823 191 61610 10511 
10636 14
72414 10167 1525 68627 52193 60337 37805 60823 68228 42152 41535 48246 33849 27853 
24402 12
34056 51730 68147 80797 37386 49108 14566 53658 14454 17849 53056 42876 
11698 13
42121 12435 28338 91007 61243 67944 53076 94544 77988 91696 19186 22119 62942 
1483 14
34546 79376 33058 48342 20665 56188 62508 19042 9935 13591 35283 49214 10284 60520 
21148 12
25857 87523 6052 16291 6143 34438 43412 94629 18364 18119 30193 27149 
16275 12
81669 34081 81889 79371 65809 38188 53898 11612 13735 11062 6515 26400 
18802 13
23131 70280 92328 67888 35573 7601 69191 71310 74369 64178 88043 44844 43420 
2375 12
36602 46385 22563 13554 11712 40901 54465 11902 60539 51003 52776 79970 
1136 11
46815 36 57169 57378 4074 42025 15474 79364 50398 53274 3772 
12543 12
29142 57613 74762 12485 22677 19854 12907 35983 19579 83879 22902 54684 
1017 10
40366 4344 88187 79831 57022 59964 19805 44625 64013 65890 
8798 10
18036 1950 87526 59586 87392 74230 65947 26487 25434 17805 
6101 10
73063 81474 46397 35127 75877 28382 77490 42897 26315 74159 
10858 9
33664 86071 68718 92646 13945 29491 15159 57439 75801 
7866 11
4573 6150 77871 10425 83104 51175 3749 60589 65188 20306 12850 
4154 7
84252 17557 94308 64826 36102 14218 41926 
5071 9
8173 57612 89356 40651 7214 81118 67151 54546 26714 
3062 9
88415 45015 13329 92894 80331 93990 69672 39225 89651 
16025 9
15768 53805 5893 91076 82267 55017 34374 70709 63401 
1835 9
2874 84569 50162 23790 17147 30854 12180 37819 35331 
2537 8
17249 61571 57600 79154 10728 26644 29416 81200 
23119 6
70757 23146 40207 6508 10700 83847 
24224 6
47150 40150 59155 90806 56196 2249 
11959 6
25745 92119 58349 39570 44756 62800 
23323 5
58876 28831 42417 59896 27125 
2755 7
87288 78314 992 61505 2671 37292 33304 
16845 6
82920 39820 75013 71311 68243 18600 
5204 4
85613 17915 59197 41922 
6681 4
76976 68738 13944 71291 
574 4
21522 42120 18301 38996 
7705 3
69490 12478 89778 
22582 3
15189 36308 13257 
2816 2
53359 94004 
8683 1
65306 
1388 1
71726 
3312 1
70173 
11864 1
27600 
