16
2585 132
17009 51873 31837 47076 74450 23141 92969 98878 44557 54646 24823 8963 756 30072 47861 14936 28654 40454 93649 66973 65199 15850 94941 7924 1142 18082 59480 54142 11917 55126 42273 69412 96499 17856 71079 32222 89359 49134 57520 92520 26621 70218 60503 87051 84119 54667 87687 5534 52520 62043 12666 2577 590 70052 6967 28655 59711 97968 62981 56663 83512 80026 65065 41 28845 59494 72290 18163 93724 2669 6946 52465 57245 12457 33826 2581 80462 39670 56699 97327 14362 21916 63696 25981 38919 73813 3543 18293 24799 78259 14506 12891 13844 16768 1779 83092 45364 70249 33818 19868 69679 49662 69910 45909 52534 11480 91220 38945 71024 13465 66498 88003 21396 86540 64848 79589 75674 87185 18517 92774 4633 52191 99257 52081 30901 73236 45764 73132 76711 67995 78642 97831 
405 112
66319 88035 48178 87781 53515 1931 41854 62057 3796 10329 26341 88090 30947 21864 78244 46860 86757 8579 33425 32795 68756 32191 77659 51075 87838 16371 63765 17018 44392 93983 7126 94140 54579 24094 30838 22323 44875 36663 75915 95947 5880 65920 72120 84876 61832 60610 32645 11819 86460 87907 83945 1842 76745 96319 87248 37108 92749 3836 46467 91254 31875 72486 23340 95791 14599 83239 1486 87751 95106 2335 51431 15035 4643 18900 42198 97959 83788 48296 52567 11758 42714 39461 83316 49214 28324 39722 22365 31908 80765 88096 66381 12325 53274 46775 46407 32936 81829 12861 96809 33278 5647 44132 24474 82447 40190 67045 59255 63060 40434 62762 86875 71778 
2750 92
64689 90156 74577 16612 72286 40692 97989 54379 70892 50859 29187 54410 7789 85726 73079 25584 4838 91577 54526 22931 85657 82714 39245 13202 59422 16290 709 76170 1197 97024 1032 32226 10798 49297 8884 31486 70679 35584 27764 15703 81453 51309 17712 46496 59526 72964 49453 42846 71725 30821 62481 10773 86691 34773 64452 16535 3911 32880 5074 24940 31267 60244 39403 43303 98207 54222 29633 86324 90858 14663 33114 29293 58370 69088 52487 19839 28927 61348 85519 27046 31443 25715 28997 47877 68068 23279 10427 98605 38323 63495 94824 49815 
1856 78
43559 33381 74371 59800 8695 44478 15676 58054 6473 13473 93008 37014 95125 40617 42586 38167 93709 2600 99670 9002 24797 10026 26243 39602 45131 56404 72457 31550 22598 44078 66501 50375 74421 22658 97046 54932 10743 74829 70252 37742 27238 2762 77750 42352 91923 5904 21798 944 51240 59661 97855 94727 21848 29948 10396 32304 25941 26808 650 17986 1192 85880 80249 24179 83543 30577 50152 42109 87113 71097 93702 32209 74694 15014 5657 94573 4100 16259 
603 55
13472 535 42327 13662 56417 69394 29275 27734 40476 43123 49840 31211 56517 95040 88061 61108 74464 27786 93776 59634 80603 54568 45365 50411 49377 51855 57089 33277 72443 68229 69330 21606 97868 70138 92654 69986 13879 59539 75165 36393 13291 38727 33453 16550 20617 65193 21789 2970 60646 4204 56975 91457 48979 24914 76386 
831 46
60224 21378 66247 128 2894 21377 10639 43330 810 85227 39354 1423 12489 33605 47838 46988 92411 42497 11532 71535 37045 90526 8778 52456 19670 49780 48354 80430 60821 74761 3844 83740 73973 84868 78557 8170 37474 66336 8436 53604 82654 92385 69019 1130 3939 27066 
450 26
21655 92260 19185 97442 75836 15515 3807 85520 49569 86660 33772 17693 1604 36473 17811 45064 59978 57530 84480 93997 83387 97358 9141 34152 9346 11511 
2360 29
81587 97352 68377 49666 85674 73565 64599 88213 33099 72258 55349 46550 58324 10970 40857 6184 54040 91395 2155 51392 64008 75826 6051 96633 3657 98927 52756 58637 55239 
3267 20
11261 56847 69058 61913 40743 26680 66905 43866 42721 16939 85994 52020 57270 7451 14422 93694 27230 26398 23869 74385 
3955 10
71202 34894 21067 88377 22944 21423 78662 57862 77515 49265 
2943 7
54458 77940 75549 8447 79793 41118 91934 
3138 1
40796 
3001 1
13396 
2830 2
87098 99628 
884 1
47002 
3166 1
63787 
