37
2447 30
87205 34792 38481 99838 60466 89331 91756 68921 70806 58966 54647 42599 65635 51453 32005 13449 65283 40790 19399 4430 16961 57612 84970 60468 7797 95342 61424 92830 85314 31396 
1204 30
9499 67749 2655 96690 43252 33884 8610 28835 19622 56014 7522 55220 26573 98533 24907 13845 73023 42161 10713 37276 58642 23460 34962 64020 71797 64219 70836 76908 44198 42448 
4022 30
46982 36777 57419 56165 35732 87364 98674 61694 49785 37070 72245 80746 19750 99640 70883 11266 76233 96187 8269 73430 71928 34185 48732 77261 69451 50277 84365 10513 11567 75004 
3911 28
97397 94898 21904 94719 17311 89394 78273 28051 4961 19886 90413 26728 98868 31143 82680 20529 53485 47209 16387 26672 72039 74969 83665 23024 80537 17511 68315 77878 
14 28
82596 4634 74121 89568 21104 41067 97088 95920 49342 380 32559 93710 8716 90950 71401 91331 25820 95901 31040 65958 1730 9329 11556 83271 92876 51835 82201 21549 
3586 29
4499 69650 74992 57978 81325 29685 45058 72843 35147 12727 70938 94740 79146 76286 11513 88227 8712 85138 7518 22361 30692 10832 3611 42430 60989 66170 56997 82174 73572 
226 28
90541 93505 39446 57868 49651 4233 84013 69832 84711 85760 38374 38792 35450 91025 34817 34352 30006 69582 57194 55142 40183 29895 10165 90988 60542 29459 46532 85635 
702 27
7258 44399 58323 37600 83548 14695 71868 72768 13680 85605 17664 51936 24807 67878 25422 52474 75572 40280 37119 87836 26765 21036 4801 71864 51765 69552 70355 
1402 27
55743 36402 49388 74739 39128 80901 56654 77501 20420 18583 7607 40110 48961 40923 11089 85469 62371 24711 73009 6498 21033 28386 75010 34492 72953 98412 54803 
3267 27
47928 11258 75928 37582 91039 89867 64585 98134 37715 32891 30814 37454 35672 29676 19233 43966 30431 96368 21140 33737 39996 69955 3710 51722 29305 98570 72176 
3850 26
79009 95653 59229 6731 39477 11289 28477 16010 21212 1975 94384 86996 90002 35891 6513 24439 32750 7179 24128 11505 76036 85981 31745 12378 34720 40312 
856 23
78659 24624 64038 40443 61545 78187 2563 55191 56447 2126 8050 80048 72657 78656 13514 46703 76998 475 44211 32385 83800 99816 50196 
6039 23
15031 25966 93797 18211 68739 12850 90282 24289 15858 54674 15863 41885 70219 88294 98830 75114 70258 65462 94560 29795 24238 21106 38139 
3128 22
49314 19141 20924 48335 62372 77758 67597 12932 60405 55624 72983 92714 68766 91804 52129 48792 50967 91019 89267 21902 52206 46202 
4938 25
43667 78828 74159 59034 91001 23509 505 54174 9134 68779 79178 70177 81843 75803 11380 24071 41741 42287 9388 44186 25581 31157 98896 87736 95219 
5754 20
25313 72093 28469 26423 34251 90768 39219 50315 45168 9885 24035 94378 97591 39261 43890 89722 94054 37428 19527 12655 
3214 20
20047 56252 34871 61776 41369 37414 88609 59283 87871 35784 36037 98913 83065 36554 69608 84853 81972 76555 5039 74603 
963 21
59733 44326 79375 53833 90470 30127 61691 58712 47551 73371 40287 87100 43341 74115 96499 22724 47482 40354 25887 72120 25834 
3269 21
91653 70677 13939 73992 13328 8035 99239 19728 53829 44158 9556 46390 7542 37649 73310 28620 14616 6507 54396 89748 66052 
5052 20
45286 97447 58868 75590 14627 34545 12546 79734 9047 71178 27112 17497 92942 34374 71279 42259 7193 66563 62385 58429 
1957 18
44800 36693 66687 20952 88621 97910 28020 46276 15913 67337 1789 66697 33755 91301 16478 70317 28773 32547 
3961 17
52701 50583 95988 5661 28708 45887 95017 98298 54506 24240 33990 17536 16753 94453 56791 48256 9309 
3018 16
97022 82242 29847 65522 15055 64324 39772 7495 48839 87127 12888 57600 76709 70609 60048 727 
3504 13
63716 10560 31081 68417 79551 32760 97943 94595 45430 15309 39194 30536 25532 
2578 15
20939 11246 21262 37000 91998 13355 55772 69018 26056 5629 96036 62520 4319 26913 22961 
3553 13
2690 50989 21430 28183 7326 3636 39890 13346 64782 39938 78727 8340 41954 
4740 15
75160 34472 15339 32362 92905 61714 49194 40605 62247 1233 72480 42634 81660 77108 63949 
3101 15
62176 66382 92632 47889 12843 59638 50217 37583 47644 91635 18508 78389 33009 82285 96491 
40 11
67652 96776 75466 14974 71355 92934 2975 1699 33231 19242 13065 
3014 12
30506 7537 17917 63123 10947 86894 1544 94051 18576 86608 34741 44787 
186 13
40406 72279 97572 76468 48580 52012 18060 16361 44368 77197 76558 58579 86510 
3444 12
18932 71473 11891 40732 10133 89680 97842 65446 31909 77305 55187 63680 
5066 7
55643 29632 32460 84301 97363 97419 98150 
2030 10
60507 60628 34319 51229 123 99144 62316 42746 98270 98984 
5858 7
65318 49758 80695 52380 34888 38829 35438 
2776 8
22145 84912 28285 63769 83201 49339 58118 97542 
572 6
63083 71562 65911 98536 88600 385 
