25
6574 94
64378 52834 14806 94775 49707 64397 64210 33742 79965 55899 1456 73565 5871 52343 97052 16595 72769 27919 88824 89281 36697 70469 70167 13243 78764 73437 49989 59814 90494 2254 51366 12680 90760 21583 41751 27281 21086 55922 33630 14426 35675 41319 29337 7142 7742 53424 16333 22893 36302 5496 60626 46911 54261 43171 57905 73444 15852 78019 67781 76360 78367 15671 8549 54765 47717 19682 10618 12022 4504 14254 34397 81677 70839 21607 28077 62505 83430 15024 91253 95349 58584 16315 71026 2809 30240 26401 84459 9811 80379 31733 34774 39065 66805 65591 
1750 87
47486 97375 86525 98500 45187 70720 13811 83723 47173 35124 86082 97122 25052 9694 65537 45309 90221 16893 6337 27621 14648 11458 30471 63913 64683 35382 58472 24032 61893 9967 66027 70991 93905 95548 3457 58575 92449 8356 11634 26210 93323 26462 83432 37897 55500 62487 75984 17613 14710 39269 59234 71534 41702 37128 97873 90239 11526 87142 72771 72785 99348 13386 65423 13225 70154 84411 8236 45262 68571 11938 75242 51028 56287 49005 41292 33028 4082 95477 66198 17608 50952 81767 49586 64789 46327 78045 31500 
5479 82
39074 83439 27969 95763 68791 40162 97190 43960 99247 14727 5148 23060 11089 66171 83683 25859 16497 12114 41600 50065 10050 78470 717 98461 75889 52498 22240 1877 17939 73197 37924 84053 11783 19795 62098 53673 96242 31775 42029 93166 32974 27492 95430 40867 66922 72333 77058 17100 61466 66411 85790 975 23097 71215 79317 39917 71162 38687 4921 25328 63206 69582 95559 89517 1948 53128 90956 70503 14212 78461 56647 66938 20336 40954 88074 28809 91195 48019 46537 20855 15153 22667 
3245 73
51044 16157 31495 20421 18755 34804 78219 1323 93111 91802 77208 17294 12352 58245 30718 35848 37579 76766 81970 72965 99698 67172 5988 44038 40238 81498 15039 4077 48217 45010 84675 52749 70114 44452 4351 42122 27780 72147 59772 69470 73890 2953 88028 66545 27240 1670 3494 1606 51996 22161 11303 4155 414 19686 92459 99695 2838 69140 61446 7643 49995 10694 22378 67275 60583 54464 7199 52436 87867 12096 89961 85587 81472 
563 65
95425 76540 41588 39878 96223 67822 59083 63863 36150 64690 69556 68493 47456 79699 37767 50704 86351 53731 44664 81191 66055 41471 18418 82394 25601 99985 99775 50746 68607 30592 76368 49633 45933 17454 85017 67011 32594 43800 32301 29080 41905 90511 94197 54720 88380 50856 69304 93546 89099 89340 63384 92703 22337 87911 93099 16280 49945 40627 17778 58821 98525 80889 81793 69229 28603 
7969 60
7374 57000 10316 60471 58101 30584 13755 4439 21802 30831 43248 20920 74693 80763 10106 96570 26045 41663 36946 39351 87690 10890 9569 98981 37799 13969 74574 34533 16244 16034 85992 12990 8999 35907 40424 51925 72071 84687 19052 50314 99143 9486 17930 20416 33619 13656 92598 70712 7650 77973 87209 84358 63210 86773 42719 84014 78358 45763 11382 1185 
983 47
5558 25139 93280 65276 33238 79353 77893 49250 17666 61779 8569 32325 63381 97628 14023 96503 30635 78778 83154 2210 99545 58425 30038 73666 88464 59894 50711 19050 96387 19936 51388 80482 93639 25552 53725 30896 53318 57708 44613 34667 29863 46489 196 48904 58830 74417 82871 
1793 52
14787 65003 42791 89567 17363 93251 71045 2450 66017 87008 77024 47555 94644 40944 91550 36896 539 8502 9388 50090 14847 60690 95895 32233 24414 69289 29343 94364 1826 21330 4713 46389 51866 82403 52222 18839 69580 91027 85014 74756 21757 13405 50401 32905 58485 1688 13695 69253 80346 74349 89411 55799 
3514 36
9131 26491 6667 27737 63468 96439 85423 41565 81025 80595 81460 25962 27504 96941 15803 82873 87870 40906 50087 24122 52165 66934 3941 76251 65767 9849 98363 90572 88344 61636 36460 25811 58679 27660 7338 76643 
9664 34
64148 3821 91887 69843 9139 3538 97829 79194 96937 49325 91386 64273 91030 67872 51225 37757 38430 81149 12413 34047 59962 14343 20670 75205 10021 73632 68419 76105 39874 86801 62664 9889 4453 19333 
9373 29
21074 15936 62796 67323 2060 15829 90788 42008 57688 36801 69702 67387 41598 31452 53574 4606 84360 36536 23257 12054 74205 56405 57344 6188 85055 39290 89016 95054 56337 
5901 23
93940 11582 2623 27267 82187 1232 50326 26896 19384 81129 57204 84049 79924 15028 66731 85693 55337 89446 14645 58953 42002 99916 95611 
2980 20
3533 46340 6692 76268 87526 19983 34373 96972 67529 71031 35708 72097 93198 2260 58041 83722 23467 47102 78949 19545 
2694 22
89075 3905 24969 3842 13975 1951 54344 32067 56999 66247 75578 63935 646 86029 76008 36569 78859 64902 72119 87562 53479 10122 
7270 16
78709 54648 11880 45252 63255 36633 96336 25389 1427 70086 14064 99852 69809 774 89721 3255 
565 13
54110 67310 19312 24031 7923 60648 78059 73954 56558 91202 55744 63487 94609 
5645 15
57164 47492 15602 89291 18278 37735 97762 67454 22217 49691 28326 26109 95602 67436 35520 
9790 7
64587 99098 67236 54994 15192 84046 46754 
6077 7
6870 31959 3836 81582 20181 19082 80040 
6129 4
39926 18307 10613 32742 
1484 1
14470 
9599 1
84942 
992 1
5386 
2744 1
2220 
273 1
89507 
