17
6684 124
86651 81760 87537 71322 11118 10589 45276 24412 23162 53300 56591 52979 6690 55163 96390 79083 79315 49804 95619 29220 95478 43466 8458 82628 59781 44017 91867 65891 21190 88098 3266 51504 30130 88572 5949 98466 62044 53393 36989 71263 89064 65898 55983 31552 83432 51404 32065 71583 66388 20287 17610 82401 40360 50723 73791 13243 34945 51468 25168 84001 46863 88360 63445 26580 51990 44790 37167 91865 19730 81473 43024 5769 2150 86499 11880 6135 92318 65469 48195 3786 95368 7041 15506 60393 91398 87501 86324 33206 46667 29499 55062 27745 99179 30161 30869 53273 9608 69903 52596 44823 1378 75597 5427 89538 22113 62634 79984 31682 4505 38969 20766 7958 85590 27715 37446 67502 64346 92302 28265 54740 54393 46809 39876 40870 
7980 108
44360 32565 62366 9528 35042 55903 73425 17533 23844 56147 97032 67520 75753 40932 16580 74979 82167 73804 53008 42881 74726 98907 35542 78373 24244 58309 67560 19850 32831 40552 49863 16987 84262 55126 36539 38565 56627 78153 84264 78210 59141 8375 78560 35509 70362 72154 22740 51080 89962 29938 82230 1308 1115 36653 74796 79296 17195 46839 23461 45149 54855 74118 77069 19802 85679 5423 63198 12513 43090 30827 25305 72830 1943 56810 8425 17732 97958 59542 46463 53941 31734 95540 58783 46284 80247 14868 34952 71473 31893 38693 13310 21105 44133 1880 63281 84214 82810 42412 6643 74527 30782 63653 88513 95507 4640 85512 62027 92332 
2644 82
28029 2625 48004 82646 81073 58652 96399 50285 21136 7459 4809 15642 97035 58978 22141 57501 27755 7292 85457 32062 33844 45246 41529 87070 71302 79291 76536 93676 39964 41250 3700 68534 35943 25472 14924 95655 47319 17260 40713 36351 57453 69612 70775 65769 70111 55026 86501 32447 10612 97421 89359 96506 9377 58784 23087 54539 45040 59633 67259 78813 28828 10292 80506 5099 54867 68752 96109 27330 73404 90834 68172 96659 29771 64891 66382 77128 26613 81080 68383 50309 19587 92435 
2399 66
97611 38156 91429 42489 76456 21902 325 58648 74478 54184 65383 17774 9048 89304 8640 64464 17725 48658 77270 56657 5010 1924 58681 89438 19203 55879 80163 50855 33216 39581 18066 17039 59051 51190 94022 51905 93795 86158 17826 71943 68289 68082 38027 25993 54448 41200 39554 97773 56789 40200 81971 50738 99636 82412 38209 59953 68679 18694 24915 95065 48039 50898 57942 1621 70378 88996 
490 53
86627 76537 36941 24136 87244 51928 66535 84890 38180 54456 26810 67598 82215 51109 69038 86232 72318 78315 49253 7986 49130 99916 96295 20254 32539 18887 25930 64200 72142 18042 78915 77146 85606 83344 79319 36717 32629 53324 16719 55335 25844 88428 48593 50746 48169 59460 25444 51536 96042 80775 58828 41276 57717 
6989 37
28729 61903 13306 73693 62939 86530 29347 50547 27799 18850 57333 32490 83400 57124 10073 70309 59194 40207 88965 31620 31497 84684 9775 77746 95291 97982 2202 69211 66260 38117 14274 30222 95347 57727 90580 33739 12277 
1918 34
13681 59350 55653 74721 86912 74586 46050 92434 56167 26167 2655 79909 66308 72933 52986 366 39882 10299 47991 57760 51668 28523 83206 53815 73934 75536 4918 79549 25115 15953 12089 38722 30442 17838 
4574 23
61874 10881 1344 37432 84916 56600 93393 82391 33088 54697 8706 43257 59600 90743 31292 88203 13127 16505 2352 57688 56375 57019 54662 
2434 13
38852 6339 69960 51015 31427 46745 12520 45034 61836 46492 98930 84770 27248 
1872 11
28793 19741 14564 65565 98920 57997 91703 1071 3565 72579 41034 
6573 5
82665 4714 59893 64993 96654 
1630 2
48583 65274 
7402 1
61061 
369 1
17294 
4296 1
41522 
6095 1
50254 
3597 1
52028 
