98
1066 9
12954 66109 34349 91657 11657 92526 92029 15056 85335 
4542 9
58322 92842 69352 7641 20986 79049 78936 77391 45530 
3187 9
23031 78990 26107 68908 34370 76764 45660 85047 13579 
1539 9
16064 41030 30050 70187 28710 81597 68063 69357 87444 
3757 9
76352 80289 60964 22200 11407 23483 12728 31716 47127 
76 9
37955 19703 19597 35250 90614 23193 345 45414 89309 
660 9
4827 76555 5091 5297 78601 24381 57234 33842 77246 
6541 8
73557 81913 29031 84665 17788 37634 24633 94013 
3080 9
78205 10981 36797 73813 18632 51577 35471 77879 96094 
1937 9
72894 69786 8085 57165 59721 65811 51932 34240 30983 
4703 9
84974 39853 75035 66557 42327 30026 47640 63658 63377 
8053 8
60018 89816 16776 11826 8825 4614 50869 94233 
2872 9
65540 89528 14536 16431 25122 64207 16053 49106 6817 
2541 9
19218 36440 12750 38282 74875 69342 86642 22281 60067 
2951 9
14981 94998 70640 5251 50810 9867 90421 91547 65949 
12952 8
73101 8059 65708 20699 25466 55528 50356 79744 
3992 9
82387 2781 74625 33616 90026 52851 36244 34175 23622 
13981 8
69621 711 32141 58607 90888 92761 40089 83471 
2171 9
46451 16802 24637 6512 55595 56699 27139 45795 10434 
1391 9
59485 59423 4047 27597 75327 81646 69444 39710 34075 
1135 8
19816 18344 49909 93222 17247 95182 16391 63052 
5092 8
44744 5222 88063 22180 64049 29568 23036 59312 
8368 8
72143 32903 74781 6904 59591 43505 49261 37871 
14988 8
47088 58077 46260 28057 20886 80453 6667 14265 
2808 9
21511 67050 42092 71236 69808 40026 65969 55056 81796 
10424 8
21283 76839 48797 79545 62801 25795 33277 9567 
89 9
49787 76940 43294 6548 27004 69450 30131 78199 40388 
12741 8
9339 15382 64706 19993 39593 73191 2500 20411 
4504 9
5283 25852 11004 36512 55138 34148 56712 17608 83494 
906 9
16741 50238 76169 74652 12323 29976 17313 26485 51357 
11340 8
52040 53354 31897 71153 86667 45404 5545 30218 
8191 7
73946 13334 5362 92117 71159 13150 16608 
2978 8
672 7851 84909 59317 75430 5048 24107 34681 
3646 8
51155 48553 6068 9067 19986 60850 28633 29044 
1012 8
67477 25649 10287 3986 73342 29383 54542 70131 
2522 7
96030 6935 57516 80256 74115 53246 72299 
3270 7
45723 7282 44652 65093 71352 49172 9443 
3868 8
71386 27348 8022 31129 66276 61958 53211 68645 
128 8
53418 8482 87018 28342 78454 90098 53235 58487 
4516 8
7172 22499 25947 40632 17720 85662 53651 79333 
2293 8
12386 13290 12955 46136 79691 33133 6267 89670 
8026 8
71272 76102 2732 45367 23637 53404 95669 1774 
4283 8
58115 12437 15607 68011 24987 5497 29485 19905 
10651 7
15746 83178 19394 54595 31595 25157 4906 
4099 8
80554 1359 19921 54956 72103 47639 75356 2113 
4819 7
39966 53744 19804 53835 87931 23145 94817 
4588 6
31330 50321 6366 62843 46458 43547 
1116 8
57085 40780 35585 80285 86434 53653 83531 89027 
10948 8
16743 69698 32139 40483 71758 91725 13737 13289 
2190 8
14507 48964 92532 63264 5403 16011 70952 18797 
8452 7
36368 6130 32737 66744 56703 82124 80674 
969 7
41795 29666 43262 45139 63551 75455 96040 
8847 6
47616 52623 17905 41250 49624 23108 
8837 6
91697 46137 84385 63458 86430 22273 
7914 7
79816 55986 37948 73452 25860 81512 44561 
1178 6
66131 3760 3774 24166 63588 13836 
1918 6
32583 60095 55593 69495 32882 31403 
3752 7
24403 73628 10817 22245 28809 41359 63792 
10860 8
87189 20833 5349 25678 27122 58205 89610 79178 
12965 6
76353 47169 57437 5490 56232 25867 
7233 6
66770 36900 78680 21921 46383 25089 
14004 6
89417 22418 38363 94370 76487 64188 
741 7
82178 5858 46038 60236 60690 31184 69487 
4030 7
8241 60583 58226 54497 57031 22823 64547 
4610 6
18179 64567 3229 27402 46901 4099 
4408 6
93711 3349 84211 74530 59188 82255 
10711 7
33288 37445 3542 5564 39975 66580 67526 
12430 7
63999 86171 91574 42403 87726 5934 80446 
9714 5
11950 15112 58399 13595 8526 
2985 5
59184 2666 26587 88307 28707 
5292 5
11122 42532 87395 12552 31787 
1991 5
86357 62111 35918 51813 10757 
2857 6
93460 70351 73847 22951 78277 55034 
4296 4
5502 82486 90015 20771 
5031 4
81067 42146 94519 96065 
3522 6
63519 7683 33536 53904 93738 50024 
2119 5
38059 5387 55003 88935 17138 
10338 5
38104 14122 68441 34585 2757 
9580 4
60234 60934 727 18039 
13252 4
81888 81651 25906 16999 
14521 4
40519 770 8624 3580 
9646 5
93821 66941 4667 1561 7871 
5178 5
58826 51717 76478 92612 90846 
1647 4
47971 61773 77258 1600 
2970 4
53469 9874 49156 88791 
1835 3
78562 61533 81186 
14769 4
2277 66004 2153 30332 
13055 5
60323 74286 367 92335 94578 
6940 3
29753 57417 26245 
7797 4
74227 27028 16465 73018 
14568 3
37693 25760 46417 
5690 4
41798 8230 81299 31676 
6168 4
33018 92984 31835 69827 
9989 3
31510 50420 7930 
3352 3
19269 68972 12291 
14306 3
52940 59618 85001 
3406 3
41050 5240 3447 
8755 4
30030 8404 66630 21649 
