10
3932 207
9552 58250 90110 11011 26992 59951 91392 60397 32865 68507 31488 85671 10827 31698 98748 79852 84504 85925 1487 66035 82744 78169 31500 99332 45336 91004 52932 25083 8855 36623 64481 94702 87985 12544 44697 3802 80677 22754 70929 68386 3952 28884 94994 73885 86849 45249 83778 29862 72436 15715 29427 74582 91413 83337 72965 28185 66757 8324 41398 6626 24061 32115 62332 62280 59123 46885 54910 66253 5275 84388 65796 16603 49155 3838 61975 29225 57639 58111 33605 17444 89844 30574 4887 88630 10959 29321 90616 41318 22312 57916 59815 91886 11915 38588 52426 31290 14657 93727 37171 75437 4510 49661 81772 43043 14487 8569 95006 54017 25745 73387 85081 71885 1841 1306 95484 16345 9117 97146 45672 54965 44156 85939 40546 17029 10467 31458 82824 4827 36982 24132 8064 93388 10854 95443 48394 20220 29643 52670 29583 83167 80165 75699 76070 53427 69676 49337 5108 27508 25282 22729 2207 13645 47306 58434 39697 25236 58770 9096 39710 56476 19421 83600 84427 24759 55262 17093 5589 49081 97317 12440 25828 19383 58243 62522 69925 82948 41772 67042 27057 28439 20005 91826 8991 16745 16624 39237 9702 62617 91638 34232 32689 23519 50425 46020 38031 30158 74390 93295 91367 72360 57543 38320 17450 86512 11841 3284 26969 
3416 162
64844 21137 60098 53752 15007 56852 28155 25068 91301 87214 75894 67247 72625 39660 42224 8070 11176 94102 38439 34683 12687 37731 70194 24714 94746 64961 31113 53533 20904 69919 43465 84122 3663 13915 43985 48058 83843 21902 26734 84132 68022 64445 67039 98438 66323 88042 79780 27270 87576 14467 76840 813 40616 52271 37841 50956 99150 74579 26047 99832 80528 51445 42248 10357 74981 72571 15514 86931 86949 50543 40576 82056 72467 77456 34600 76946 61413 35717 31987 29710 33380 31081 71188 27423 5095 64508 20588 10264 16837 2756 12609 44011 52277 38274 14669 11542 18692 96810 13389 93982 19337 57208 61074 82854 92768 20368 95505 20961 13220 72166 70184 26249 68783 57320 49521 54802 86498 28958 40727 28914 94680 63734 29497 28250 62227 65776 56716 20833 72354 19690 46247 54756 99065 25643 78597 24968 81475 82438 2631 95660 87904 41009 48023 55873 90789 48351 82184 22148 70294 59549 95988 31274 2813 57767 73734 35462 5224 29407 76027 6238 87834 40464 
544 123
62219 83764 62297 9405 73659 14399 46962 71294 15288 50316 43529 2953 13782 38550 95881 79132 60625 138 17349 65828 19852 28414 91471 96792 6194 71331 22950 49696 16621 18471 84633 20344 60390 69505 11423 13513 81786 49907 90713 81335 24150 26094 39440 35634 99465 45713 86612 75517 53663 61649 11361 92588 16196 69748 14471 82821 32907 9656 34964 27489 43971 27871 27207 18278 57491 40984 69472 21024 29358 47827 82996 55071 66700 51866 53264 20362 97469 39885 83874 6807 8316 16306 5486 39039 10696 39177 85416 36960 83944 56064 24273 29271 49911 65668 89300 50800 3521 89236 55133 35952 50151 12183 70277 35953 89033 3981 20491 21159 34431 84252 93400 29146 53298 72693 69686 8185 24176 30716 91639 23802 87709 59762 43744 
4464 79
79258 83039 49665 5815 3026 231 90249 7552 57483 48793 70621 15791 51807 53710 74418 17789 90838 51373 70726 46777 77128 76260 46865 36302 80862 71026 58148 19668 53865 94809 85058 65875 27098 42483 95935 64486 3614 42115 96531 48631 27283 40677 27194 28852 47232 44239 20900 92858 64625 15455 50503 61469 26743 67766 85944 34253 38758 16060 93624 55256 45454 68171 42595 11295 46010 45425 41282 54028 58580 98212 72233 30474 35544 74515 13264 35329 45373 10731 79811 
1465 59
37783 60406 4959 10500 73095 64558 32189 47098 49937 20276 57313 51268 23449 53456 31333 50080 74349 64058 36308 46385 90990 26813 10463 52001 26154 89158 73236 50506 81948 13004 43512 66565 70740 39418 90739 99226 26569 7748 89279 11412 35860 41470 25203 99707 73318 71482 20435 30165 9690 56830 14915 82931 19489 83455 77822 54620 54684 37356 48685 
2863 40
54418 72146 72206 34834 75747 93011 24246 94391 92376 32683 60513 63061 18084 51534 76262 57440 57438 21579 97717 27151 26267 25056 36239 65979 48700 84599 37266 43830 18073 71518 60212 67696 25532 74930 40480 29550 71604 68412 26276 78566 
223 25
74733 59872 86062 24367 67399 46052 15298 18539 57695 66147 33572 24236 91474 13817 11022 20419 3118 23943 39027 96127 39874 42759 55311 48723 63140 
1391 13
24585 74666 70581 67889 31865 95717 72777 86160 61318 29322 27664 20698 56360 
308 10
39357 63864 22066 49228 58498 84844 20409 20593 71256 51852 
2550 1
20515 
