18
792 182
18451 43879 53575 72587 8832 16214 23137 83878 14304 96867 14486 8608 8346 7039 47905 37819 30257 98646 68733 54207 40066 78715 47598 22098 60823 7395 73798 62900 72216 32298 1974 16164 18846 16638 66756 36256 63098 10611 57612 49421 79298 79639 89574 4539 73271 79360 43847 61596 49377 64422 2067 20986 95175 84592 83845 40358 76489 15399 96951 23046 43667 19422 77805 7044 96454 34676 25786 18771 56950 59422 48731 64792 72187 31870 64774 22533 84230 3595 95071 42253 97041 38346 12975 97693 65244 15793 23796 57111 66053 14988 82084 3201 87765 24388 93491 37269 86417 66859 87190 95557 52680 18996 68903 15382 40031 3113 24742 45599 91449 81480 14997 22284 51657 40063 95264 98501 62812 60282 78190 5022 95398 58619 70833 27731 94910 35192 6635 78463 92672 67235 7198 33058 6492 95119 84695 67893 94230 74326 6511 12863 83784 88374 90878 72988 66377 31171 61216 87316 78842 63379 8198 54087 63605 97451 44394 84803 59519 78581 18105 33533 19793 17182 18472 25671 8921 47314 69363 99562 96641 33668 5533 70574 79152 29471 93080 63898 16449 43936 67015 32717 39811 66101 
825 154
38643 77893 10148 54795 19685 76260 74879 61057 31042 13711 81398 41527 15248 83788 67674 16206 34188 4726 46362 24088 36122 7714 87357 6255 31527 70619 46660 44614 97440 26966 28712 60835 69150 85107 54614 73253 31571 85749 57935 99129 85598 32906 60318 20245 56319 73679 90703 51705 82693 42276 31499 63368 7413 60297 3234 79808 74281 7640 50903 62237 71783 496 38841 90326 62457 79868 6392 31642 21289 49904 30788 62062 46166 53727 54883 41960 91343 81590 21114 64680 33866 12405 48979 81126 12307 14698 5139 36449 90517 37617 99937 80277 43486 12318 15704 13081 30896 43980 19008 46860 50076 45910 8932 69700 2856 50098 52676 99468 77428 67404 39920 82850 72991 27798 39949 56594 98459 93358 46620 57795 14747 53574 9001 69781 72155 30820 25290 4427 79528 47157 17794 89187 30437 73797 35528 26070 39111 53912 62748 71653 33355 57673 18626 8992 63774 25780 89847 80967 85358 17341 93729 61209 60470 33009 
320 131
85999 29170 31285 52821 1594 64701 45156 74418 61536 92117 48503 76654 84023 18412 57763 90349 59698 87434 97812 88558 78529 1636 54470 24945 43790 23842 16611 85897 39126 58151 14699 69665 13354 89335 15561 64264 70987 82096 83271 83505 86124 18703 78486 84349 70881 41488 9610 49886 53213 88126 43632 62381 23261 95675 89386 40005 66267 56226 40173 17569 73747 66620 19730 8634 60629 35022 24449 50139 91109 35185 99122 51023 90436 62715 19407 60088 65357 27583 42960 98853 57869 29737 80882 52795 5728 9325 89900 53703 9631 58195 46519 35859 58329 96157 20532 98342 76019 66235 35511 77578 9349 31716 65527 45053 23063 73795 14373 59523 67798 69929 67901 36452 89818 59703 34847 32423 26729 15260 75857 18640 30476 42959 22474 64031 89649 77693 34076 84253 98486 35206 86021 
5274 98
89948 91245 60976 62540 1928 1053 74197 91693 10199 22064 96384 28557 54939 38164 78890 34868 87311 16075 53658 60974 51199 21833 79075 38188 59537 42477 76553 60727 64218 16437 71732 73887 80942 94430 1419 33416 99133 93015 68367 60951 84400 88120 3665 6808 24509 15824 92209 90217 22460 53264 104 50060 25730 61893 62847 99201 48682 16279 94120 7001 18818 69693 40560 63187 89044 89442 67109 88640 81727 10919 65775 7008 4248 6342 81989 89147 78353 43434 69810 91491 36194 10885 69832 17629 42146 25968 9484 24827 74380 89361 45737 40080 19174 48593 93919 77240 14581 40055 
1800 71
28293 42091 21629 60932 4009 61589 58817 33063 86006 36915 52213 43798 68691 18170 40491 18194 38507 95068 55608 86984 63816 41364 41382 31635 84128 60193 46259 99381 87902 57312 34610 52579 17712 5646 94391 9294 74640 24685 13764 53583 10625 54053 2248 28339 46972 54140 23539 7996 35886 54942 97388 89433 13679 28867 38451 28724 7148 86046 62001 48844 61576 48276 77905 41278 85780 93939 302 1184 98073 51658 20438 
4447 55
62048 48657 91205 75767 85148 64681 78373 24620 76057 37742 51904 6494 845 72021 26190 19365 40569 75580 86309 72813 93347 42183 24434 85211 22515 67333 956 31554 7388 18436 74282 5408 96499 20358 68739 73621 24091 4495 29412 58524 34039 78302 59747 77442 2667 97606 81699 41918 61648 83953 5810 17326 55894 51861 12874 
2045 48
49441 97896 35879 9032 67069 31201 65534 88226 99035 94840 19185 85011 63119 32375 8430 6004 84555 15465 77970 4367 49327 19078 37596 13914 16005 60185 33573 71901 63105 68830 66414 72065 58970 23868 87499 27198 90986 27541 16861 56113 39555 62852 23624 53866 27513 32089 81034 66726 
176 36
39224 78903 86782 55387 16579 95748 80196 75778 58357 65117 37608 85093 3104 58371 34562 15720 3529 63398 3316 42226 42321 84255 63585 5325 5703 49241 94123 72705 10870 91242 39414 89315 58907 77279 31871 8910 
2031 23
28992 58685 54511 85864 7663 34714 63449 63047 22231 3016 17691 84672 40593 76900 67380 60311 89932 83805 99445 48630 34738 31952 89700 
20 19
98705 53225 85281 33667 93138 70491 48416 58380 71440 50091 725 91889 12406 87989 46747 74606 86288 83290 1977 
5006 10
31232 79582 38842 53327 62466 97406 14880 31744 26939 39563 
1495 6
46561 88007 63824 79489 16939 24368 
149 4
37531 58282 86993 73990 
2990 1
31252 
45 1
53579 
800 1
74348 
4947 1
1896 
2748 1
89191 
