10
515 277
29322 77370 23154 28156 85787 33963 72770 87536 59988 88900 18435 15288 84501 45889 39037 96720 79589 95365 35590 62715 80778 77163 90496 58321 35153 42603 60334 52558 42452 30660 56824 40515 81720 22534 24585 4120 56750 21393 43461 45751 70935 34930 73281 41153 70331 17210 32261 702 97887 52493 39006 51030 30233 68168 61961 80446 28610 74794 49158 96597 32128 43947 67028 19886 83807 96513 26867 12077 58252 74234 79639 46341 64663 90116 3702 20639 7715 4635 75756 74582 6981 94975 57269 58499 10435 83237 50680 17208 91870 73498 9865 9546 17711 99248 12298 26763 76862 57367 7915 50653 52433 91207 21422 45627 91653 85530 70031 12034 2969 70927 95779 83818 7823 21247 32951 20536 30215 51301 94635 31723 53776 89342 95503 77043 1829 10606 64421 41805 51118 77065 1277 16853 12807 12663 30044 70776 41713 62298 80965 42804 47823 13612 50734 72815 68408 59533 84034 92989 82027 9186 89079 46285 86507 88291 62616 51096 84278 84385 68165 46207 51656 36939 40141 41184 34028 23395 91475 3388 49575 10977 56929 61375 77296 61790 99763 4043 64020 46470 13019 79242 57101 71678 32661 87226 66125 58887 30766 14109 90906 64415 67487 3773 10440 87562 71484 20512 65266 15639 80310 79862 39389 82403 47523 24567 94186 6504 96790 5633 40787 39324 41883 72814 78639 33561 91286 85176 28834 96036 37512 87634 37404 85990 41279 29908 73543 66219 10998 20499 3209 41177 7005 14891 78301 95607 1068 72737 72729 5524 90387 6547 32895 40339 94437 63219 58612 53716 81012 33278 52470 57187 51465 61689 11945 38111 3056 19054 66108 33566 48863 67556 507 66303 66828 36297 78567 65497 98757 57329 2819 48763 61234 60393 40274 94178 1509 31778 97974 
297 196
71593 64298 63680 36237 39186 18916 78782 73689 87595 80193 7922 93918 31269 22640 49557 35138 38205 18693 77383 90805 90126 67000 15192 71417 353 8264 64165 89202 49225 58588 47299 35544 4475 74486 14645 33534 75817 70882 96929 36533 16277 96434 16774 19552 93862 41324 14274 21066 55286 37593 41474 95168 57412 51275 61695 2161 60925 37937 23311 3340 28382 18295 28487 21695 40253 30400 43037 78842 79361 33205 4217 93688 17200 16501 71611 11630 89842 36397 96587 54698 83757 81359 21862 87069 51462 98836 71017 43982 32472 53614 64200 35611 27930 26364 62542 55446 82794 3609 15877 18468 46884 12218 82314 90043 17186 74431 97670 99241 84828 32607 78093 15170 33153 13620 953 64568 83274 66757 73753 8368 24213 50201 23143 39807 58860 61437 11770 37529 73290 42601 88810 67881 82307 36506 24312 67073 1489 54254 56583 35348 65865 56753 57650 66132 38322 71424 83096 69709 57518 20463 57316 84823 66078 70410 65249 44712 46452 891 53592 88566 35613 49354 91643 90888 76979 38146 83024 76267 8200 86775 5743 60129 15475 77861 58729 11040 64737 94008 39516 26792 26264 71372 7552 877 27406 49844 50638 56127 37890 66861 98396 9533 25786 23871 26656 36894 
1224 130
12817 64777 31901 99170 99074 74196 97951 5513 42570 95731 30228 9526 97282 1137 56833 4839 3421 24319 93992 92685 50332 34504 10683 44259 68470 50719 51070 69172 65361 3999 49747 30110 4962 24480 25972 20291 26207 83709 31073 24798 55211 80727 10066 65759 20826 90889 191 28188 13666 63922 35265 33555 27516 15680 81799 70542 47417 65733 26773 20621 84306 11809 49772 51309 85 54286 51000 54149 82477 39598 20352 29843 53095 51281 3400 56642 31578 75559 4967 50563 58744 3404 88182 38181 91359 8883 68616 18532 75976 90887 38650 62339 2650 63530 5329 44518 48100 28071 89263 9729 25006 93831 28492 16580 12870 82072 18318 59317 63997 88618 23028 9649 35272 15341 23781 85579 39651 25678 85404 80663 43693 26701 9969 96131 66533 61770 13980 8187 36617 66268 
807 86
63915 44505 15356 6865 11060 56863 4817 33809 59287 50677 76529 71367 29913 28947 22922 58148 2847 26368 43285 31206 22987 10309 81599 66830 76168 59115 88974 96078 13190 10411 22658 36919 38333 52382 9457 65242 16138 68635 80371 68672 77828 39419 69843 63349 53430 51923 13717 61977 3386 42300 35444 21319 1913 19231 50785 33250 85259 26385 85752 46800 43660 41318 87223 92755 57812 44905 69531 92062 16395 73027 83122 55372 84884 37903 97422 36131 17940 47099 24370 23700 31213 65542 32837 42011 19367 10126 
1525 54
46517 63029 15158 63643 48681 73119 55618 4360 1979 77030 76481 42930 53264 10264 59211 53883 65225 49317 78608 65166 53327 22276 3961 33517 21587 20290 34948 15182 64592 4894 11627 38241 32003 75749 29421 3199 28187 98621 60199 46385 1693 48104 62503 5537 8438 53424 90483 25266 83568 22531 51890 20732 48975 85911 
1513 32
79697 91083 37005 38863 64296 47469 35506 62488 17377 57452 72347 89688 65626 10726 80340 65727 62857 41712 53863 17066 46949 58091 34580 84657 7175 94940 99261 64859 89535 12723 16574 63475 
780 20
28015 46169 57580 62401 41119 65400 2942 31779 57429 28940 87077 90382 68393 17692 87004 88535 79922 51823 59297 15866 
538 7
60143 56979 89527 21777 4696 13596 29446 
1021 2
93503 966 
787 1
17698 
