32
9104 15
40220 69499 41114 85234 24847 57390 34076 54921 28258 87372 42294 71284 87535 42751 56676 
76 16
74715 11191 73146 71512 77735 48992 49744 93598 81179 83612 34537 69981 88674 56807 28108 62108 
7698 15
2013 11802 99040 2879 94264 78980 34608 25363 84716 65455 7547 9785 13422 10318 13439 
2492 16
78052 52181 27513 65356 44707 42908 88576 48411 60753 19925 34140 73532 18190 46094 75231 28481 
1567 15
66810 25212 37276 3824 40671 21559 38862 54354 81692 61826 63445 13918 20456 42791 40140 
9700 12
57667 84000 94614 53699 9471 88173 44153 70828 13680 92273 12707 45327 
2579 15
6888 72884 80335 47172 53765 61290 67108 72056 2711 17817 11041 76024 65280 87973 70976 
3213 14
66128 59729 24192 60208 78788 99330 5750 34479 4101 2523 4371 49299 7155 27638 
2664 15
50153 85185 56218 61571 11141 29633 39273 53646 30738 50452 57412 43570 76815 59578 55587 
11151 10
54376 42648 67389 59741 65679 71044 99856 94127 52854 95567 
6112 11
92789 65554 62060 83292 4596 93978 88715 98002 58583 2316 3597 
730 14
63875 8380 65458 89754 78523 55742 14973 96081 73699 66143 12900 28667 85424 57191 
2781 12
39884 31190 15535 27173 32439 93069 89432 37438 21993 7360 2623 76720 
10452 12
72875 57730 3996 97064 78979 30672 13268 12476 83180 73411 75462 27415 
394 12
83712 10808 97124 66292 81244 76842 1621 37395 32976 90123 90738 49857 
6677 9
28827 12016 46257 20007 92986 22599 64529 62460 12167 
844 10
52469 84224 73632 13404 59437 2434 64165 17123 54754 50262 
2213 9
95375 77676 40386 83310 19561 81344 53429 80332 15123 
11696 8
26593 86652 24319 70884 9464 68153 15056 38306 
2739 10
79257 67637 86967 40312 85855 93174 28926 75766 53720 1273 
4303 9
47123 8734 10424 8451 7193 69554 67315 2404 99375 
6557 6
78986 50793 32894 92008 38440 7083 
3593 6
80431 8919 99688 43973 15892 99592 
101 4
35262 57863 38841 42525 
1640 6
57554 66470 13341 63591 37364 98923 
6558 4
84284 77706 25262 5946 
5255 3
28425 48466 46591 
8564 2
67885 25700 
6221 2
34661 52136 
4589 2
67096 92635 
4364 1
74466 
892 1
24381 
