37
2447 30
92830 85314 60468 57612 40790 32005 70806 7797 31396 87205 42599 95342 13449 34792 65635 19399 65283 58966 68921 99838 61424 38481 4430 54647 60466 16961 91756 89331 51453 84970 
1204 30
98533 58642 26573 43252 13845 96690 10713 71797 7522 19622 55220 34962 37276 64020 9499 73023 76908 42448 23460 67749 2655 70836 64219 42161 28835 44198 56014 24907 33884 8610 
4022 30
8269 84365 36777 49785 10513 76233 99640 56165 48732 87364 80746 77261 71928 46982 11266 57419 98674 34185 37070 19750 96187 35732 61694 69451 72245 75004 11567 70883 73430 50277 
3911 28
26672 89394 72039 78273 19886 80537 4961 94898 28051 53485 97397 21904 90413 83665 77878 26728 20529 82680 23024 31143 98868 17511 17311 68315 74969 47209 94719 16387 
14 28
11556 41067 83271 95920 74121 92876 82201 4634 31040 380 9329 90950 49342 32559 71401 91331 65958 97088 95901 8716 51835 82596 21104 93710 89568 25820 21549 1730 
3586 29
7518 57978 72843 88227 76286 8712 22361 10832 81325 82174 60989 45058 79146 4499 85138 69650 29685 35147 74992 70938 56997 3611 30692 12727 11513 42430 94740 73572 66170 
226 28
34817 84711 57194 29895 30006 40183 10165 85635 38374 93505 84013 4233 57868 69582 85760 35450 69832 55142 29459 34352 91025 38792 39446 90988 90541 60542 49651 46532 
702 27
21036 69552 67878 71864 70355 87836 25422 37600 14695 71868 4801 85605 13680 58323 17664 83548 40280 37119 75572 72768 51936 24807 26765 44399 51765 7258 52474 
1402 27
6498 55743 80901 77501 85469 11089 39128 7607 72953 28386 49388 75010 20420 18583 73009 54803 36402 56654 40110 62371 21033 40923 24711 98412 34492 48961 74739 
3267 27
30814 3710 33737 29305 37454 75928 98134 69955 19233 96368 43966 51722 91039 37582 47928 72176 98570 64585 11258 29676 30431 32891 35672 21140 39996 89867 37715 
3850 26
7179 40312 11505 11289 95653 28477 94384 39477 24439 34720 32750 1975 6731 86996 79009 16010 24128 90002 85981 35891 12378 59229 31745 21212 6513 76036 
856 23
8050 13514 61545 40443 78187 78659 55191 83800 76998 475 2563 64038 80048 44211 72657 99816 24624 32385 2126 56447 78656 50196 46703 
6039 23
29795 15863 65462 18211 75114 41885 94560 54674 38139 93797 15858 24289 68739 90282 21106 88294 12850 98830 15031 24238 70258 70219 25966 
3128 22
68766 12932 50967 62372 19141 67597 55624 21902 92714 77758 48335 52129 52206 49314 46202 91804 20924 72983 89267 60405 91019 48792 
4938 25
505 98896 23509 75803 9388 54174 41741 78828 44186 68779 9134 24071 74159 87736 59034 42287 11380 95219 43667 81843 31157 91001 25581 79178 70177 
5754 20
28469 43890 26423 50315 39219 45168 9885 94054 39261 72093 34251 25313 97591 37428 19527 12655 94378 90768 89722 24035 
3214 20
83065 37414 34871 88609 69608 61776 98913 35784 41369 20047 76555 84853 59283 36554 56252 36037 5039 87871 74603 81972 
963 21
44326 96499 25887 72120 47551 79375 25834 61691 40287 22724 53833 40354 59733 43341 58712 74115 87100 73371 90470 47482 30127 
3269 21
14616 44158 89748 70677 91653 13939 9556 8035 37649 7542 46390 73310 54396 28620 13328 53829 6507 73992 99239 66052 19728 
5052 20
79734 92942 58429 97447 27112 71178 71279 58868 12546 66563 45286 14627 34374 34545 75590 7193 9047 17497 62385 42259 
1957 18
20952 1789 33755 66687 16478 28773 15913 70317 88621 44800 66697 91301 36693 97910 46276 67337 32547 28020 
3961 17
95017 16753 45887 17536 48256 28708 54506 24240 52701 9309 95988 5661 56791 94453 98298 33990 50583 
3018 16
7495 87127 39772 82242 65522 97022 12888 48839 70609 76709 60048 64324 15055 29847 727 57600 
3504 13
45430 15309 97943 79551 10560 32760 68417 63716 31081 94595 39194 25532 30536 
2578 15
91998 20939 13355 4319 26056 11246 96036 5629 69018 37000 26913 22961 55772 21262 62520 
3553 13
39890 39938 50989 64782 2690 21430 3636 8340 28183 78727 7326 13346 41954 
4740 15
62247 63949 81660 49194 34472 72480 92905 40605 61714 77108 42634 75160 15339 32362 1233 
3101 15
96491 82285 91635 50217 78389 92632 66382 18508 47889 62176 37583 47644 33009 12843 59638 
40 11
33231 13065 71355 14974 67652 96776 1699 19242 2975 92934 75466 
3014 12
30506 86894 63123 34741 44787 86608 7537 17917 94051 10947 1544 18576 
186 13
48580 77197 44368 86510 76558 40406 58579 52012 72279 16361 97572 76468 18060 
3444 12
65446 89680 31909 11891 63680 40732 77305 71473 55187 18932 10133 97842 
5066 7
84301 55643 29632 32460 97419 98150 97363 
2030 10
51229 98270 42746 123 60507 62316 98984 34319 60628 99144 
5858 7
80695 52380 35438 49758 65318 34888 38829 
2776 8
58118 83201 84912 63769 28285 49339 22145 97542 
572 6
385 71562 98536 65911 88600 63083 
