23
1926 125
41331 8570 20825 55114 14819 39445 26576 42031 48543 5691 173 7427 20876 52407 2249 47194 17967 21659 45785 12512 34365 1408 11724 39588 50855 3793 30139 9148 25738 55716 42713 6535 14810 19446 27242 33583 55477 46205 32434 38865 40322 55023 17588 49623 29764 1023 55411 22210 14300 24196 52560 49097 31988 26622 33675 33212 8389 47490 17261 15916 29403 39122 45699 27832 13493 18858 12997 19725 33053 35620 4139 7351 32205 16277 49997 24398 49981 52680 18333 14841 21445 55378 54546 31120 43936 29095 9753 43134 249 40774 44317 11659 19882 16546 21739 25940 2820 3250 50950 31742 38760 10150 18727 22595 16580 7977 20679 47871 49579 19375 19879 6149 15179 5040 55044 41510 44312 18007 29946 20377 52693 35727 6645 6468 25981 
488 64
55087 43817 25172 16229 36337 7457 20145 52962 4200 26832 20612 30387 8262 24989 13137 48823 56931 56327 43457 19174 51382 47205 47404 39282 822 1337 52183 36311 12234 23885 43763 44461 21384 41860 51945 2557 11862 6623 20047 32113 37205 33621 21723 14270 35176 42159 35215 29336 13764 41854 30126 13855 53850 41480 55572 18219 31509 39897 21660 42985 56563 18979 37721 41839 
6631 26
3252 11106 47530 26223 5753 14807 46201 49686 24812 22276 12371 36320 32250 30111 52463 1123 27146 49156 4582 3304 43476 29035 40395 41656 29120 41865 
2813 4
42658 25538 45001 48962 
6218 0

3628 0

2699 0

2146 0

1793 0

1703 0

7672 0

6291 0

6129 0

5024 0

4827 0

4712 0

4456 0

4311 0

4230 0

4148 0

3537 0

3034 0

2912 0

