94
1980 303
86992 62065 8827 4390 22467 33401 64178 20543 41806 52690 32167 86637 82489 95585 44537 83692 10890 38876 66165 48746 94749 43797 67101 97864 59562 98675 63871 88968 47492 542 22157 98269 14192 15934 90921 17469 23916 9109 6311 78347 63142 31946 57901 54523 21693 18126 2291 39114 68162 10409 98289 27367 16548 80967 63442 45541 77967 93038 63979 34198 26016 83328 29452 89442 48242 27757 41672 27442 93971 36207 7883 2103 96000 902 2470 66902 19055 78381 97245 4184 71822 45685 63323 532 66970 96695 41836 71433 43699 27346 56250 95609 67081 90435 57428 75954 66917 22050 75366 44358 97547 68740 84521 44425 21391 89552 40804 49281 21851 83321 3319 55088 48600 48305 55433 23795 86553 85204 63890 40336 82746 61849 20548 80099 45238 52684 16663 86075 32732 19082 57864 89273 74165 29283 44651 95380 77188 54312 27791 41088 98864 63629 23918 37443 9968 40109 72116 1670 15542 89186 1363 33218 77382 5248 2241 84586 10020 60119 61744 10474 60386 13964 86092 41049 92943 73816 1732 17115 40382 77012 44816 3966 59175 26177 63593 74081 88564 89633 10935 94824 66853 1649 32516 94007 50978 10780 2811 34252 26838 20338 42954 23719 3106 2097 90711 76247 66979 63332 36117 68898 55843 48744 73364 732 38268 17827 55791 61496 69082 3007 96547 97764 39722 84883 75929 38931 18499 97327 36570 40826 5711 38722 58391 26214 42562 74985 62907 52040 13169 4581 69901 19921 66609 41422 88886 33553 93284 28613 97503 1332 63828 87282 18298 9940 25022 85578 90449 39588 64872 51572 84638 72684 6139 7845 99523 90761 94832 6274 25076 10966 14005 47120 99160 39172 999 24728 2286 51975 83427 36260 80318 58687 9926 70383 78622 64926 20516 45104 33076 23148 38684 84278 40814 56150 52725 41204 67947 25604 97923 76942 15358 62703 56602 41066 87719 12231 54242 91669 80788 75047 45395 42435 44770 
2730 204
63757 59523 29430 1303 44495 42151 35194 97963 24138 70526 42472 46417 75801 47058 7903 98961 18939 18054 22309 50748 69179 13532 4154 28544 89262 95917 10714 91421 5425 9534 38005 60420 65340 64148 78151 61013 29497 20274 81461 8193 48655 87814 80307 76792 60145 92787 47123 91436 32240 11805 88441 83931 81301 7110 34480 90011 90077 72893 82334 10209 59754 35966 45650 73493 82216 93669 31454 20281 22882 24410 4030 88063 71620 33748 20169 43331 34408 61766 98334 90827 22012 98801 23104 53472 66648 69865 14692 55747 52613 1825 91969 55543 21267 94871 8081 2231 40973 28486 80692 7424 42719 5346 62344 81757 12069 50134 28482 2977 5804 13736 20206 74305 99829 71531 20466 62175 19895 98766 97997 60511 92831 47184 63531 87765 39603 49729 74234 64201 8780 69437 70567 26469 49407 21885 58655 66996 1884 48478 73187 59015 41923 50379 49668 41535 59238 83709 47937 81420 53337 38068 2975 71368 38574 91953 96560 99643 10126 29031 36847 90212 61450 20102 54645 15176 14845 65970 85407 80319 67295 52761 17776 19328 95631 45176 73698 19405 1847 10257 16744 56778 78185 83621 82790 64781 77754 84320 76944 55046 30322 44969 65319 73251 8461 31176 89533 18209 17838 28855 41371 83993 14612 56412 45590 15627 
1203 114
23799 84738 72521 69817 50464 16096 36615 14858 91012 57710 28568 9545 64351 41 46344 77020 82343 79170 99944 30426 16032 22812 90121 49813 19216 9397 23363 85307 52890 50021 4682 11869 21424 29193 8132 85188 20726 32771 13470 18083 95837 47440 94455 8332 71150 67881 44842 82883 31088 67233 31915 50483 62653 29272 10686 62018 28591 13828 35104 31616 74767 44335 46393 22440 29435 81033 58658 28847 79222 41366 42816 69856 39653 88475 2323 6366 52772 15667 62004 13204 55080 31742 89300 62898 94482 10155 53617 82810 53340 57322 27923 1890 73533 43718 58951 43192 57451 47368 30196 70367 17984 77069 36655 66623 80529 42767 8495 7768 56955 89540 91527 15322 44960 42211 
3000 64
57706 17654 51700 52838 8199 98159 35595 5433 33640 26730 49047 17899 76073 18237 38230 7980 35486 80149 62393 56358 67451 419 40652 99471 3361 50252 66383 20216 70885 29142 77046 43615 32950 93529 45457 81293 66845 712 8534 70849 75971 60183 29835 84821 8585 56009 42163 47450 399 52680 10631 98745 60187 35353 37624 38893 71633 43616 21027 59725 32975 76598 83143 27943 
397 33
55264 78944 68940 9611 77437 17287 10147 86839 70690 24862 84149 7404 36740 72193 14924 3021 25204 11935 76899 73476 22583 83168 91351 29963 67853 14769 58719 74822 53418 20387 79991 58166 68173 
1463 14
59756 42889 31327 40806 79340 41109 12779 47032 43376 64517 39438 45611 53078 10836 
2132 4
44319 82877 59043 49665 
2934 0

1798 0

1822 0

1201 0

192 0

2992 0

1803 0

838 0

3279 0

2111 0

421 0

2301 0

400 0

387 0

2593 0

2298 0

1545 0

1528 0

1277 0

1026 0

3101 0

2886 0

2498 0

1559 0

395 0

38 0

2109 0

1399 0

3004 0

2318 0

1816 0

1444 0

965 0

200 0

1892 0

1761 0

2164 0

1984 0

1945 0

1527 0

1207 0

813 0

654 0

3194 0

2650 0

2077 0

1415 0

444 0

3295 0

3027 0

3025 0

2819 0

1096 0

142 0

2951 0

2524 0

1389 0

1079 0

991 0

950 0

711 0

682 0

114 0

3163 0

2403 0

2217 0

1472 0

939 0

673 0

347 0

138 0

2866 0

2453 0

2258 0

1750 0

1188 0

834 0

476 0

463 0

3137 0

2430 0

2369 0

2302 0

2275 0

2124 0

2022 0

1981 0

