106
1071 106
46677 16504 26961 43241 33363 68913 52223 34123 52456 4715 39073 46650 71137 11685 32076 97233 9783 35968 61514 99747 5461 91470 20350 12089 69476 7497 45719 55194 10057 18084 42667 34954 46010 87189 20146 23625 9821 85354 1096 3136 61969 71670 50084 68746 50200 698 4602 32917 57099 76791 34797 94539 47837 90971 50145 99450 47726 45647 21042 88339 96462 34017 72755 94824 22978 76642 20260 64797 76349 70296 97634 59612 65370 25953 8578 85849 92746 17986 26948 13735 60764 19426 20259 95228 67852 40964 35829 80548 82667 1094 30403 12845 54816 91759 52774 20252 60680 84051 45771 35501 42297 503 42847 1807 60308 72585 
622 97
70516 64823 66069 15937 71913 38588 27112 15341 85002 26332 85000 41721 81872 54575 53918 89874 81169 1923 47683 26097 59777 97640 72776 80932 92373 86097 58539 14053 73665 35559 44509 6222 62346 50440 61328 8146 65262 87570 64671 26664 73218 13318 96824 43437 98349 78771 93016 41551 27447 43329 51788 10707 63019 71096 68545 8781 41503 48750 30900 4156 9502 10241 28158 76419 6675 43953 26840 97230 10677 89065 43485 53386 66217 55936 74779 21565 12378 44159 72423 93517 8812 36355 97079 94610 94024 16660 51675 96660 18838 84924 41064 97814 4642 71747 85451 68186 54450 
4778 82
94053 16137 4406 79931 61937 51805 30321 73972 56759 33653 18472 28338 64490 20744 277 18637 55014 73590 35485 59019 70401 60445 50169 2376 69433 55405 42104 85353 58675 23040 82695 50009 10620 38604 98082 78466 11154 59322 42473 24339 92756 62282 90051 9651 6987 42585 24908 23857 40719 42944 5943 94305 21591 12944 48078 29481 29169 81549 84522 6361 36258 23531 32424 74776 63817 3870 37378 5897 96665 27743 1282 91267 21515 55490 72648 90592 11281 99274 5708 51604 57895 40923 
1797 64
14396 12414 36686 39859 27559 5165 1589 15228 56126 43104 6497 63726 56069 24689 36351 41033 70993 3941 92041 53786 15464 77921 55806 9729 75825 6110 69594 77116 91926 54489 60089 6565 46464 44207 42861 160 29327 43603 91869 80557 58717 95912 92934 2116 99877 7844 51380 91878 99311 51638 57093 91946 2838 22724 81190 38065 86883 87502 75577 8376 18894 73454 6443 5190 
853 62
8189 65290 68508 75359 64647 8550 24867 82936 88859 13902 36470 68114 5849 7483 74959 44855 43597 95842 32887 93519 94172 17654 96002 5878 15568 3569 56734 71405 39171 88814 41992 2510 73694 94683 90497 58610 57742 30917 45419 17469 96017 94921 80654 62746 99485 64675 18162 72795 66728 43052 16313 98347 20931 90519 34603 20255 75749 80933 59128 8726 45362 79118 
785 45
86391 17886 67028 83237 21909 39889 68431 17844 85942 93165 21906 83965 40857 71782 16948 80744 38443 55552 55160 37357 97112 80857 1871 45325 79976 98493 33109 77938 25199 80806 59 5783 36599 67345 88435 33220 76294 29482 1635 17767 40302 35159 92870 69101 42773 
7911 34
46000 49098 54507 65014 35403 25656 53885 54793 48493 95358 62121 88834 11068 65751 61806 67848 12078 77100 97278 86646 53651 26421 71399 71505 14849 11323 26374 87897 1324 31232 43549 2250 98653 48233 
5366 29
61054 31753 53971 1748 397 34839 54675 73554 50086 42963 15678 85624 40685 75874 34004 73734 95610 16136 53201 35757 70806 24983 41034 75385 78226 91245 71437 27144 10155 
135 24
55168 25533 2688 8842 13364 24508 79661 63923 93445 90332 81090 87793 77162 45761 72713 4614 50322 1196 78638 11677 15629 243 96149 28909 
2934 16
61464 96335 52434 18350 22977 91773 8043 274 20212 31345 68235 34582 5863 98207 18952 81387 
3131 13
60515 6215 62329 49889 78797 81790 33221 79419 4468 33259 28120 86439 76377 
6108 13
55147 14608 36343 38253 78292 95454 94352 99186 96390 71603 58918 13348 13819 
7370 5
1472 34224 40170 8201 69873 
3767 3
84766 27906 30106 
7595 0

6771 0

4086 0

3888 1
55064 
339 0

9157 0

8495 0

4952 0

4619 0

2852 0

3714 0

8552 0

7763 0

6145 0

4088 0

2673 0

2531 0

1491 0

9401 0

9266 0

8774 0

6904 0

6755 0

6646 0

6489 0

6369 0

5964 0

5354 0

4839 0

2815 0

2276 0

1420 0

426 0

9373 0

9187 0

8878 0

8575 0

8392 0

8126 0

8099 0

7998 0

7752 0

7747 0

6929 0

6660 0

6593 0

6157 0

5533 0

5501 0

5402 0

5257 0

5215 0

4998 0

4866 0

4491 0

4356 0

3946 0

3401 0

2922 0

2723 0

2274 0

2143 0

2125 0

1927 0

1870 0

1261 0

1117 0

879 0

764 0

602 0

362 0

176 0

9190 0

8900 0

8700 0

8616 0

8410 0

8314 0

8238 0

7748 0

7583 0

7439 0

7394 0

7107 0

6658 0

6499 0

6295 0

5281 0

5276 0

5008 0

4309 0

4194 0

