134
332 711
70146 47821 14262 97787 51727 56920 88446 5420 58320 97584 17847 48677 50199 50754 98568 39798 65331 35315 1166 67685 78709 61195 67107 36506 31170 2013 63717 35640 28537 26733 35314 91343 74756 82937 71240 53497 38705 83156 3223 86138 78566 26069 99763 3812 10867 96448 92999 25823 33790 4476 47094 35807 45746 27340 77018 85913 74301 83716 80445 36225 65795 21742 74770 26451 69448 78993 79249 86317 84570 78442 67469 68460 84232 14313 57809 73983 21073 52706 78105 54899 32110 97193 41997 58808 44474 33415 23568 15616 53318 71001 36529 51986 19848 28055 57194 55539 52230 45795 98390 40146 25276 48431 68181 7220 96481 28755 71208 23510 76130 40933 66881 36025 16833 61817 27180 80736 42175 84438 95758 97255 11599 4032 81948 98682 68325 63323 7961 78692 62737 8740 78736 72300 15332 89027 73113 27363 81863 12905 52711 42512 8462 87620 98539 16861 55931 81925 78505 61221 19926 72956 95835 35948 75458 23735 66976 80809 17544 85558 57278 80112 17668 65868 50038 823 23054 52694 40488 26837 198 60819 56051 6770 37487 26077 58848 49172 81753 59275 50372 24351 38446 18585 19580 67467 95826 88077 23360 21196 22120 58129 23920 27510 79374 43096 43000 61188 3694 75167 29730 88863 58760 66610 54587 19465 20986 36154 64950 72381 2867 19273 7526 30367 47857 12582 66690 51242 11717 20299 26396 33539 75485 67440 49368 42279 53515 18070 49717 96711 76279 47700 48771 16902 87576 54759 6172 3239 92312 92454 4311 1704 53295 43460 25499 62700 55902 52036 56939 6826 3724 37516 12723 60418 37581 3830 90354 9263 87272 29641 93221 96899 70650 88679 40718 96384 54614 3932 61087 88266 15791 72152 51970 34007 78860 70413 30603 41181 3228 51346 48824 87914 30797 48056 28743 6117 7769 37729 53208 26564 50331 41985 31895 31230 55647 45217 43512 21107 90853 60948 65136 70129 20278 39540 48907 59769 63083 18946 57188 20528 63941 80538 647 21276 12970 32899 92679 10092 70145 39205 76088 6966 64048 91512 69428 57343 4033 26874 93033 2470 15471 93599 62269 53439 24205 65363 53425 46033 69483 70790 28349 20541 48347 93995 45799 96177 29667 69653 55449 54584 79562 98923 70632 28640 22680 11510 22757 74432 7743 63441 52811 3149 77613 71624 61988 21951 10646 71415 34586 26792 64758 83193 13331 67006 73349 31804 88274 77389 55226 50790 40920 87352 56089 83018 43878 5572 60746 92299 1207 35884 32645 8524 31498 57128 71966 26849 58082 82195 37302 82976 6603 37285 80083 27516 63051 68401 58585 50867 78278 71284 76432 6846 71802 59230 28062 56676 39480 18615 49307 65895 4758 62567 49465 491 31187 26282 76462 4005 75323 40370 5315 50262 63864 80385 90832 2682 73883 37221 68243 12191 30730 77543 99171 7998 15978 32193 60833 30414 23377 55975 23504 93760 80528 40422 74118 81424 93574 33619 10259 59219 74184 98698 40874 35052 50509 41942 44928 7438 31375 53931 94603 29060 31301 9302 74512 82606 31850 76860 18803 35605 36472 33604 58630 25367 43178 66142 18962 5594 74021 28045 46634 2733 97538 39169 16360 48597 60239 50490 82690 71718 88527 92599 85626 80429 94994 47926 37951 63082 19581 92761 8587 14274 91243 12137 57059 36576 13024 70096 91469 90609 42332 9884 87955 93491 7755 99860 71626 36376 38476 15858 44405 99068 76890 75704 25787 57821 16481 50471 26799 23600 77419 71141 61315 71812 73568 67828 75145 91236 49678 31000 8361 10175 72447 29314 26196 83233 11243 47572 29634 82324 70376 79890 51448 32327 46345 36565 91943 40056 17026 13926 8900 36104 17248 11750 87490 93128 78989 85241 74881 351 66026 775 699 38394 87676 18177 61969 84004 33215 21006 60519 21866 16366 73631 39263 51184 65389 44748 86215 9945 82411 12056 82491 50473 46025 26138 24116 10528 34737 99008 34708 18596 74023 45373 78051 93098 34893 15835 35931 40975 37208 18736 69769 99439 15694 68496 25654 95260 86073 38091 32888 44137 32187 93885 46893 67036 81472 91416 96689 44948 64788 48338 51287 41326 42793 88975 14600 29854 58990 59196 88135 74825 85968 53370 50409 28578 17446 16701 2546 60410 91804 80805 77310 84585 56425 72327 5873 14471 2438 63312 91179 69454 21628 59617 27551 33583 4866 79924 47216 20487 60996 77632 225 26951 40184 37534 17077 94665 14552 61980 65671 53882 25656 43072 35104 40923 86912 18665 33086 39560 90292 84557 11324 93002 60486 46286 56805 93389 2113 69817 27848 17768 57207 
528 119
86980 93429 7613 52388 58251 4798 39923 62058 47576 67430 91966 62872 1196 13946 52754 3045 644 79516 98703 74700 68566 3157 20568 74780 94274 42739 55509 4960 53572 28106 41276 406 8435 15239 74668 61346 28766 49312 82042 62351 84750 63984 81843 72158 80940 12499 37994 19868 64057 42337 62720 84771 1066 70128 95155 92410 58925 10754 44978 45596 373 57871 82064 66430 34063 1477 9376 48269 3630 50016 38730 53462 16994 19181 88558 51061 85000 23910 39241 57043 44197 9268 81200 90392 89166 84107 76705 89423 48281 73665 83203 65996 53445 93368 16844 2599 70006 14244 55291 76288 41363 10334 73967 30238 82474 34099 56132 24286 22104 15603 10759 61599 48006 30931 38986 16431 46650 25259 34857 
355 17
76985 81533 2107 22774 77551 769 94719 16645 80250 8021 29958 28160 83789 15324 67423 12329 22749 
1123 0

1155 0

531 0

805 0

350 0

316 0

656 0

757 0

1299 0

770 0

753 0

86 0

1375 0

837 0

203 0

651 0

1122 0

509 0

362 0

867 0

404 0

1070 0

941 0

1030 0

178 0

168 0

1318 0

254 0

206 0

1266 0

322 0

1275 0

762 0

1262 0

599 0

488 0

305 0

605 0

94 0

1083 0

907 0

574 0

401 0

384 0

5 0

1026 0

877 0

437 0

36 0

1197 0

1161 0

974 0

734 0

426 0

1213 0

947 0

565 0

1156 0

1124 0

314 0

137 0

829 0

136 0

69 0

1373 0

1011 0

619 0

441 0

109 0

100 0

1296 0

707 0

640 0

219 0

1110 0

973 0

686 0

655 0

618 0

615 0

175 0

135 0

28 0

1145 0

1137 0

1039 0

616 0

285 0

1398 0

1214 0

872 0

852 0

722 0

633 0

166 0

33 0

839 0

607 0

369 0

270 0

1105 0

1009 0

887 0

831 0

1233 0

1157 0

909 0

492 0

232 0

147 0

1061 0

457 0

325 0

1396 0

1121 0

738 0

400 0

331 0

1206 0

1176 0

541 0

466 0

252 0

188 0

1355 0

1170 0

816 0

1301 0

1116 0

1109 0

104 0

