109
4454 22
52947 47096 16392 47954 3195 4643 273 5745 57246 14662 38007 46795 33811 70874 592 40250 11407 32986 52494 70405 53507 2523 
1111 22
39320 49780 632 58122 61860 42221 60813 72034 18752 71627 70040 31345 45543 36015 8479 35746 35328 38385 28614 5872 8272 6415 
4898 22
62046 26117 1604 60144 41509 23537 33213 69501 39902 26768 55510 16287 23581 46383 33263 74054 62604 72824 18928 23451 50650 3873 
2992 22
57203 69097 66446 7832 70000 20988 36511 20023 2993 42401 66676 21663 56376 38724 6611 67894 61836 63462 54574 58318 29063 40481 
4102 20
18960 61243 35830 13184 24443 1861 10216 51727 12388 15366 14692 53654 8913 49904 75049 37442 62403 7475 18300 37032 
6667 20
51573 51070 55124 64626 41404 35959 33991 42836 55936 54280 28493 57909 68354 56452 21019 31437 60805 57583 22157 39431 
1147 21
34598 47178 44117 55562 15812 63331 60509 64608 26427 20323 51042 18367 9705 42190 72512 57219 34021 67006 61675 51244 17448 
6309 18
61820 16500 24192 43802 28338 1872 71762 28139 29632 52921 25396 1878 29633 13951 38354 2533 70115 17311 
9039 17
46860 46901 66709 53967 19936 68647 27154 26743 4909 33117 15179 40033 20682 37747 41711 30781 28615 
7983 15
33907 73306 38071 53192 4365 23667 28173 37506 11498 44503 28197 61877 58310 16073 31111 
417 14
43938 19553 11447 67135 14671 71373 4465 46755 20486 39430 64653 4103 40291 35255 
10317 15
32699 4373 62117 5364 35600 21447 11094 25526 57247 5501 19641 59416 24876 73758 60221 
4053 14
59643 19019 73347 29912 66928 49370 69164 39203 56631 3997 65440 22537 61250 21215 
7404 11
23458 40338 11968 63145 39003 34650 9200 13545 31921 14674 32212 
6603 11
55025 15629 68364 47458 33551 56297 32746 35735 72076 50362 22627 
7288 9
50231 68698 16184 50418 28187 71202 46278 21356 68408 
169 9
9288 50994 22667 33809 5903 29242 55484 54599 23887 
5120 7
38324 28336 67692 58492 60058 41348 22153 
8849 7
29041 43353 66252 19363 62166 743 39675 
7747 5
25867 32897 42222 58784 65126 
6834 6
36673 13243 68962 38728 71461 4294 
2717 5
57999 16411 65758 63368 10247 
11130 3
60573 73555 74208 
9454 4
34962 72458 17077 69715 
10487 0

7832 0

7787 0

7743 0

5403 0

4611 0

3730 0

3074 0

1301 0

613 0

11690 0

11566 0

11437 0

11353 0

11340 0

11335 1
40500 
11095 0

10917 0

10909 0

10750 0

10722 0

10667 0

10611 0

10554 0

10360 0

10134 0

10075 0

10058 0

10023 0

9902 0

9683 0

9505 0

9439 0

9301 0

9293 0

9134 0

9106 0

8968 0

8648 0

8554 0

8465 0

8259 0

8064 0

8057 0

8020 0

7933 0

7772 0

7714 0

7696 0

7591 0

7415 0

7307 0

7281 0

7185 0

7118 0

7074 0

7030 0

6989 0

6551 0

6386 0

6259 0

6041 0

5784 0

5654 0

5643 0

5479 0

5306 0

5252 0

5171 0

5020 0

4871 0

4726 0

4577 0

4278 0

4200 0

4010 0

3963 0

3846 0

3789 0

3758 0

3683 0

3578 0

3305 0

3044 0

2909 0

