218
199 133
54864 42822 58145 24352 70307 94884 37493 34502 88434 71294 22743 19121 62408 1579 14791 3216 71245 99695 47323 81323 86166 38851 65784 29862 18831 34886 51954 69508 8918 21780 58726 67692 30345 8409 54639 61799 39224 50691 30119 99420 1320 33030 73355 58914 53583 42884 43755 31876 13369 61565 25599 6707 14458 8449 16746 30265 41008 91448 94509 74888 24282 4220 31203 14964 73625 79844 66305 47906 6409 68471 55952 11035 31365 42412 80696 30953 39091 82715 7013 39038 17697 32568 34575 59520 10691 18977 5780 82186 81709 18507 6613 50564 64391 32249 86778 48221 3076 63057 68198 50087 29685 51050 99650 11250 94745 75985 79920 5582 79670 56945 73337 79440 69848 11905 57359 53389 92260 45215 549 43006 87861 51286 71001 91323 48465 87713 42814 92691 15973 38576 95402 83842 77692 
391 115
32104 9332 7497 11962 84663 74481 68096 58886 15883 18656 53137 75673 90065 2393 54146 73970 45321 10464 86416 15071 77185 6905 59661 99788 38511 27203 45262 78425 66328 367 50071 82831 12936 19552 294 18991 43701 85093 113 54000 63442 39308 20680 68828 40809 23662 67679 12232 77796 35027 2996 5800 66336 1877 242 67391 93678 78900 90323 69041 26399 2510 96564 21425 3057 28769 50709 40638 2150 52681 9946 70455 6454 44384 5939 98549 96991 496 96730 86471 94861 91948 42728 15653 28964 62810 11135 71153 50848 13356 97809 11376 42059 66946 58520 32044 73432 28024 16438 53779 48325 36134 50088 21193 83740 27883 60454 22277 27531 52404 1054 10942 90512 24956 88340 
968 94
3973 21714 70740 70766 66105 30650 74307 33478 50546 53330 52068 46494 12510 47021 71185 52326 29551 94 61598 21353 1194 66485 78697 6008 70146 16228 92348 11740 86463 38189 75328 6558 6690 81475 37016 33736 67871 90243 92836 79826 27525 20632 19154 64229 20104 7484 78278 34414 24904 54843 53775 9309 6799 98933 67443 89608 29745 35684 25707 10497 97917 70692 15461 82072 25704 75015 41877 88764 35263 74728 5753 81096 19573 91761 57529 22905 57328 89506 26843 7573 94377 37908 43934 53 8167 28697 62432 27022 47399 31168 38130 72810 56116 93023 
484 79
43466 82175 11448 17101 4263 10396 55304 71721 17361 16917 65046 69976 51263 36978 89687 57814 40319 80254 83950 25835 9420 42289 37044 23407 68946 98735 20978 54278 82526 69639 73196 86128 5442 58541 42011 95283 15091 56766 3784 70033 48527 8134 19682 46865 54608 78407 29316 910 96609 31057 16845 74468 98698 98858 8566 93983 56429 69387 55626 96429 31753 89719 50464 54187 71838 34788 15165 95909 87866 97109 64708 87232 16897 8012 48641 59667 21472 61834 94302 
1259 58
60743 15058 60552 87095 19834 29956 39718 8429 60112 68723 40537 25543 1152 20737 34256 45035 40175 93353 87656 33031 43914 48230 47852 43932 83910 45754 39310 67423 3692 57274 66391 10339 66957 22815 7579 68529 49845 71658 81779 5980 45585 73488 24164 3878 14735 34681 46431 36425 87132 32418 56533 36551 21927 30806 16217 70364 47552 89161 
363 47
50720 4079 56732 42595 35619 19231 5968 89131 97202 26819 25000 71050 97258 97832 87402 58331 88424 71779 28253 9133 44635 29375 81993 33833 47235 60219 22391 50413 62202 21678 55081 3462 60027 95934 10212 54992 10952 9251 84012 97776 55501 6148 18849 20018 63890 78154 46478 
839 45
36070 39156 17253 51100 58292 65191 83068 12831 9628 87891 19049 6260 13285 76517 21574 44687 1544 67832 59529 35008 15600 33908 56399 47756 70609 72135 19296 55181 17687 56031 18440 23928 93677 51117 42696 87102 30666 18340 62115 66117 74768 99433 46091 41574 90310 
150 35
4256 38768 39393 66794 99432 72849 94510 16677 30556 87562 42146 51084 87145 77127 15821 7549 29600 5551 76333 110 62999 78257 37946 24385 80701 3984 64311 74653 6377 92987 4038 92936 92851 23653 92471 
381 24
51919 66942 98701 56151 94095 83456 72154 43611 66338 96294 53697 71209 75037 69497 87282 5838 76468 22439 62940 79820 45726 53656 53973 30080 
537 17
11226 64589 87806 91722 560 48700 17053 75034 10668 73770 27778 25759 97851 53190 1876 39380 48241 
1004 12
58102 54127 84107 69257 416 13349 83999 44069 82686 75687 26126 65847 
755 8
42483 77390 40397 25136 39305 95512 37125 2022 
711 5
50854 35354 42873 14800 57404 
1105 2
47562 68983 
996 1
37639 
605 0

937 1
92683 
918 0

1042 0

395 0

217 0

144 0

992 1
60983 
961 0

413 0

342 0

178 0

1230 0

1172 0

432 0

375 0

309 0

210 0

111 0

91 0

84 0

81 0

1351 0

1300 0

1255 0

999 0

642 0

602 0

560 0

498 0

374 0

127 0

76 0

1140 0

1126 0

1031 0

1005 0

856 0

788 0

683 0

676 0

542 0

344 0

322 0

212 0

194 0

126 0

22 0

18 0

1372 0

1357 0

1321 0

1236 0

1229 0

1158 0

1133 0

1123 0

1060 0

1043 0

1003 0

989 0

948 0

913 0

870 0

851 0

828 0

820 0

763 0

680 0

679 0

675 0

664 0

545 0

492 0

476 0

408 0

380 0

345 0

284 0

257 0

209 0

118 0

95 0

90 0

52 0

33 0

1392 0

1350 0

1346 0

1326 0

1324 0

1288 0

1260 0

1198 0

1188 0

1124 0

1078 0

1051 0

1049 0

947 0

921 0

859 0

837 0

802 0

703 0

677 0

655 0

644 0

630 0

616 0

603 0

561 0

534 0

453 0

436 0

373 0

312 0

202 0

152 0

141 0

128 0

102 0

74 0

50 0

40 0

1382 0

1375 0

1362 0

1355 0

1325 0

1276 0

1264 0

1233 0

1219 0

1216 0

1208 0

1200 0

1191 0

1185 0

1182 0

1168 0

1152 0

1100 0

1062 0

1050 0

1020 0

1012 0

1006 0

1000 0

994 0

973 0

967 0

930 0

900 0

823 0

813 0

798 0

762 0

741 0

686 0

667 0

654 0

645 0

643 0

634 0

596 0

589 0

585 0

539 0

503 0

470 0

456 0

445 0

397 0

331 0

300 0

278 0

265 0

246 0

222 0

131 0

130 0

63 0

57 0

46 0

39 0

25 0

14 0

9 0

1394 0

1380 0

1337 0

1309 0

1296 0

1291 0

1262 0

1247 0

1244 0

1222 0

1212 0

1199 0

1195 0

1193 0

