141
4543 8
73802 36626 50944 73612 14482 57789 76896 10597 
8359 8
59440 21752 20556 3334 34882 92865 9825 28321 
3817 8
1765 5575 1312 83013 5536 63519 85805 36547 
1281 8
44333 25922 87797 26950 78372 37575 26541 57084 
7988 8
43361 9594 87187 25199 62352 69157 51609 48391 
5065 8
62775 69990 51081 14832 89235 43582 34027 720 
5427 8
562 35388 63612 47636 54247 12924 33606 57842 
7149 8
53180 38886 78547 80989 29731 23638 41076 4018 
445 8
92658 31368 70515 72846 84959 25176 89342 4095 
8542 8
26558 30818 48909 41447 64520 39460 78436 57918 
4339 8
72352 20707 76074 87688 22855 74191 77171 53716 
1394 8
43131 4769 51275 17818 51065 47307 26437 81234 
548 8
53098 22950 53550 9224 71657 47289 17493 22531 
4277 8
47718 90064 90413 49204 11720 54775 38925 92109 
6754 8
34132 45660 32348 34112 80419 38883 32040 77548 
5126 8
18671 36803 93060 38937 19661 20317 24109 82757 
8855 8
43151 4125 70939 60088 72617 39144 52583 62736 
6989 8
14408 4397 84888 46468 18577 49184 49495 12030 
7215 8
6833 53930 62292 84675 61684 30984 10396 43624 
17360 7
4725 23133 31635 85596 88360 44303 13658 
4841 7
37462 89260 44446 78467 11931 53467 46078 
2374 8
51853 81933 20066 84477 67460 74642 92189 78978 
741 7
13890 48838 70575 49957 5491 31059 9342 
4457 8
25609 27106 14923 49435 85488 43853 12538 42468 
737 8
48614 19588 28679 93122 72939 57639 29685 2606 
8221 8
86837 37641 547 17336 83476 86412 87570 76585 
14834 7
20800 10923 70587 6660 34664 8568 33918 
5529 8
91715 77583 33620 55819 46483 40468 76565 68691 
16179 6
27217 75725 5225 34922 70815 29757 
6215 8
79552 82968 15767 72810 35851 28587 37445 38189 
17786 7
56310 72294 87987 38486 48520 58385 80497 
7497 7
76987 53509 46735 52342 44498 15421 14948 
3031 7
91967 76925 62019 70739 32284 2209 33873 
1660 8
24030 85903 13297 46065 43932 75304 54568 70138 
14216 7
82428 92133 65863 77762 74841 18215 26503 
19231 7
76982 77156 50779 8295 80068 61693 16162 
4327 8
71954 65074 81513 6081 82336 24145 80172 17486 
6962 8
71524 80894 29006 80083 44051 54619 1927 43465 
8897 8
8721 83407 14831 42737 62102 68171 65402 9470 
6167 8
28873 30577 74568 24048 11473 15335 28566 18548 
18892 7
41407 45404 83512 51793 88994 19156 37642 
20117 6
88930 73315 44358 62944 70233 7192 
4252 7
35154 14615 69515 41964 29338 60813 21345 
2825 8
55181 50029 9013 77966 74243 45339 61876 79599 
8270 6
91481 47755 33656 5297 19500 12438 
9888 7
62191 53886 36984 26018 55303 78096 82886 
4401 8
56665 11715 28930 48347 40633 40813 4064 37380 
1335 7
30469 8480 21621 38898 69574 72383 66214 
5270 7
41375 68558 27375 5847 1274 72837 33725 
6307 6
88663 21664 29399 57676 36537 91073 
4215 8
5866 17774 16168 33485 18161 68754 9280 33593 
6053 8
77327 68858 83600 76440 14688 91257 70629 59246 
5129 6
46623 75327 39745 3410 3200 65978 
2440 7
41524 737 40092 7697 91663 47523 10749 
1291 7
5393 49088 25072 71868 6288 46341 33848 
10083 7
47738 61526 65298 10645 86966 81802 15617 
12621 7
4441 70978 16885 4805 69779 81540 4689 
21638 7
15591 65908 39253 21347 26670 8833 66977 
6407 7
44386 20477 12111 53738 89393 76244 87771 
815 6
8121 14687 1692 57122 61167 41935 
8970 7
55603 12342 29771 16080 9781 22519 9784 
441 7
43000 29510 4043 28589 66186 21940 71026 
5080 7
41027 34990 87509 72342 73117 92634 16178 
16878 6
80765 84631 70551 84635 90810 31703 
2404 6
9906 59122 78578 50897 36641 40274 
3711 7
86362 76379 35283 21462 12358 69099 29831 
7843 6
59262 15417 46368 85873 33333 51827 
11076 6
28790 24823 88689 46628 36976 41585 
21644 7
52147 64889 61547 78493 31532 16750 17940 
19866 6
79927 31400 37194 46265 45811 11619 
2070 5
50272 15627 61449 25872 52281 
4062 7
60699 17465 61405 62224 70419 86193 46577 
504 8
91111 21013 59962 73803 69948 67246 87047 20645 
1380 5
36456 39646 70777 81423 63050 
16351 6
37710 14899 93610 75391 19019 22656 
973 6
78084 76697 13809 60671 10012 10963 
2590 6
50828 49220 50143 38072 45252 45686 
1532 6
58187 36077 67867 68263 91385 20455 
9759 6
90640 70184 66672 89647 65953 24203 
2856 7
73297 53308 18419 31853 17743 6489 58666 
1671 5
38606 45249 92459 50822 7002 
6211 6
58062 48197 34174 59759 83200 69483 
1183 7
68918 36056 14818 49742 75600 47868 55678 
10530 5
53329 22281 38713 12690 28985 
592 6
63238 86239 19008 16791 85539 87204 
4281 7
48511 27813 30512 31676 40657 26946 71040 
3430 5
14863 85169 11292 74662 49062 
1031 5
71451 20422 23535 2596 42463 
3114 6
6867 56049 30050 83851 2201 45141 
6423 5
16836 68335 93396 4457 76512 
19926 4
23624 5193 52933 72670 
11691 4
93135 65292 27380 55279 
8169 4
7432 59696 22252 19914 
6090 6
65525 11685 12641 19114 21060 50954 
8315 4
77987 53314 6315 61141 
971 4
34150 4153 92687 57795 
1632 6
36296 87723 60912 81239 53946 26709 
12961 4
33548 90804 66899 46027 
15689 4
26703 32728 24799 27290 
21749 4
92859 22262 47577 9876 
5134 4
7688 90297 8204 18354 
17227 6
69200 50657 49493 87352 18164 91014 
17144 4
76056 25564 66705 52429 
15209 5
88192 25034 7968 12788 62934 
7612 3
25885 19288 8502 
11399 3
9582 60228 51898 
4708 5
84242 49617 7819 24554 49625 
4225 5
24594 93001 76517 91548 79067 
18543 3
83788 66008 23234 
6132 4
75944 20802 63683 92126 
13648 3
92218 89810 86000 
21645 4
37849 51299 74745 90464 
15099 4
10242 78265 73951 79144 
7812 4
6076 29074 2355 38839 
12585 3
91307 43335 17075 
2737 3
71210 82929 82152 
4684 4
11166 2085 76846 74032 
19822 2
6916 47668 
3151 3
40439 31332 49600 
5882 3
8525 8446 15962 
15286 4
42248 961 77807 75162 
1158 3
89644 82506 12675 
1365 3
44959 62506 74540 
5925 3
57750 27159 28291 
7471 2
30272 20884 
2071 2
74596 91693 
1669 2
56611 39181 
11949 2
67704 50202 
10973 2
56217 9928 
19714 2
42797 82654 
16573 0

22135 0

22078 1
47406 
21989 0

21964 0

21447 0

21272 1
91762 
21156 0

21105 0

21046 0

21042 0

