87
1645 180
39851 96105 62417 25824 35937 56423 58004 83321 45441 20318 3212 62119 84696 21610 66686 18442 75608 88313 14607 67222 87258 30271 12609 68850 45876 37383 90410 72188 99064 49271 9293 23707 80590 2100 42476 19052 62033 51270 99425 25980 65721 4295 48998 75966 36351 83412 92190 68207 83066 44329 37473 59495 55311 5316 59332 32463 34620 61585 26598 9630 35129 82522 38571 32922 31633 9096 94229 74053 34014 83251 55042 91205 96318 27019 72666 42044 40821 33241 20107 45156 73937 22259 17962 66179 357 83586 44837 93356 85407 1324 12137 38561 68652 17237 90914 80646 5785 25240 87695 41534 14386 59382 13850 9886 11443 10523 32396 41843 39899 79478 87961 95485 24965 30941 53279 4643 68718 62555 46129 49298 39832 64749 41342 39990 16244 30205 10656 50353 72215 1950 71211 99689 74893 23539 11665 23294 98938 30247 18759 48746 37590 62204 5972 12415 91658 15152 56108 57878 94774 59546 572 99104 67134 61136 52135 23436 28241 55125 55444 87532 96939 31989 82806 26238 25765 70047 4374 62220 92445 18413 95041 20948 67195 21832 15639 43369 729 96489 69232 38299 
5198 149
7784 87923 9618 92008 20665 45114 99727 47293 36316 83139 23632 59322 87137 13859 71161 31960 79777 46997 96564 93471 69615 98777 46359 49746 34855 44095 94925 52819 14738 77432 63845 80297 12515 82437 45657 16058 99109 2150 37742 77002 39441 97241 99303 61183 34829 47887 76685 78316 70762 83009 67654 95081 72311 55674 53123 91209 9476 95737 39197 28310 43980 99881 29228 47853 31080 96433 14734 78863 99693 63621 42697 73276 59866 98386 15823 13441 17149 69670 36893 69049 53115 73703 62951 87396 96990 63993 68525 11823 82421 78248 50379 13624 48498 77872 87374 71028 72796 30014 76116 83781 39624 55595 72744 33292 40079 99366 59225 17326 46511 55429 25786 33489 96095 11816 67140 30676 60801 69297 94078 20383 81771 56074 20939 79600 86778 31471 78551 80883 62865 80554 99754 58361 68181 59090 21200 44902 93548 71013 32772 90157 47397 9381 85550 97675 47155 9822 50665 15902 26856 
4837 120
86868 41986 15021 83892 13706 56131 71184 44639 7210 17536 10183 35729 19108 25343 20415 46559 41698 57429 87047 72705 31805 73220 331 6779 3873 60672 37979 17834 44104 87400 50627 80404 43081 90738 48637 83232 33470 46895 39482 58032 74769 96567 8070 53284 81715 59771 72935 73954 81659 9182 1199 21224 12147 35979 14598 62428 64631 45147 86074 7970 76466 47237 28711 411 41745 51129 7864 97032 55109 18672 67733 33249 37922 77947 38026 49651 130 89091 6428 33145 87184 56336 25392 50008 96475 59050 33450 32975 62036 4963 56882 21072 81806 61241 61722 36721 48389 68846 24776 56215 5448 1658 13582 17263 26361 65881 23016 16289 96766 31636 45267 75841 78770 97095 95799 83475 80084 20155 43584 93892 
1681 87
29858 6031 91991 90115 91373 86701 54576 35418 98998 702 49869 81249 4453 94337 79859 53711 21659 58292 5612 36339 83929 64774 63814 75240 27061 6709 86704 60208 68451 60562 76159 26101 28141 77408 9251 52823 10322 7237 78782 16585 50592 56590 38217 67835 93964 84933 5778 11464 11741 28492 31551 45070 25534 16068 15585 37367 5295 39130 97746 22002 12570 43573 67645 52843 48874 12413 48915 41061 74648 32261 30294 11640 50905 22205 69834 63049 42926 95079 33034 82674 99974 8418 70515 24774 11029 9554 344 
1181 63
90072 29375 1257 74412 31414 32837 680 73210 41631 41756 83773 39093 26877 30111 71586 91374 85998 8906 56051 28802 10166 38443 53444 78829 86714 76618 82878 3654 4684 97861 32720 59419 13890 39763 51239 16104 33402 17350 96187 69596 887 48257 71304 78724 32805 14078 60646 8326 33927 22087 52771 5489 42325 25433 70166 49724 3209 29093 39682 2905 96951 33570 19063 
683 53
61285 71313 20185 7508 45752 62656 57291 1380 67677 98614 7465 63166 78573 96727 21746 47706 31990 32489 99563 35772 45777 84119 59740 24167 72631 37006 6671 49953 11427 85386 16738 85053 56840 94847 86486 26946 32904 34811 72619 49376 14821 98432 86697 71309 50186 14837 38105 79604 83304 90915 8711 51514 98891 
3385 37
80577 88769 28977 71779 90963 25848 96206 95731 90095 70695 18485 45416 69071 65771 21917 83837 48799 27296 39144 29277 71610 11305 55872 190 55126 41082 76426 87990 87033 69492 54312 7738 68580 87375 58978 83878 72768 
2899 26
3121 37268 24586 55131 54761 17551 84188 25548 25593 8770 80044 24173 75613 11662 24451 97691 53535 8726 98148 96559 62779 82919 86548 54706 28240 15083 
862 18
47549 86275 69668 81452 87376 91346 49137 93817 37438 27458 91235 72877 48869 63344 12462 55259 36041 40218 
2248 12
42330 3043 80293 85034 59147 83014 23170 59086 19780 74643 86838 50823 
3538 8
87864 27290 78881 12793 54730 65827 7329 13591 
3344 2
23747 55206 
4336 0

5369 0

4833 0

871 0

1518 0

505 0

3301 1
60988 
3138 0

1404 0

28 0

5402 0

3769 0

2483 0

1328 0

620 0

482 0

4720 0

3646 0

3354 0

2689 0

1712 0

1313 0

1169 0

218 0

4072 0

3546 0

811 0

5419 0

5276 0

4692 0

4621 0

4244 0

4207 0

3789 0

2557 0

2052 0

1478 0

881 0

795 0

491 0

380 0

370 0

5037 0

4123 0

3964 0

3804 0

2126 0

2033 0

1340 0

1044 0

822 0

306 0

5437 0

5334 0

5294 0

5254 0

4611 0

3784 0

3768 0

3441 0

3060 0

2508 0

1720 0

1551 0

801 0

296 0

5387 0

5074 0

5019 0

4866 0

3922 0

3817 0

3391 0

3305 0

2985 0

