44
4187 101
65374 3061 24451 42349 19536 68733 99165 67742 99171 95035 37845 40629 80070 32982 83142 8277 87235 77381 22967 1590 83392 87379 34662 55172 39483 19011 68997 11874 31244 24076 60778 28876 34895 84720 21880 81905 41684 75484 17938 36817 91095 17563 83285 15331 34135 87220 79227 93759 17326 94145 31064 98400 79296 39250 53625 53149 46951 43634 88597 50341 10178 93538 30614 56784 90629 97785 26260 29424 58986 69400 72752 76175 92259 55481 21801 41883 57646 42858 16679 24821 55588 40250 9834 86992 72998 1339 16976 12180 81603 55972 28584 44404 33843 71709 53388 20696 51358 82259 32633 13426 51024 
8944 91
96878 70792 79819 72601 48288 58556 47237 80691 88488 24811 25008 48483 44019 33551 57252 89943 4371 36533 45190 47837 90334 88657 41411 72604 70789 41037 86884 63450 41511 90355 67260 20070 12627 58621 79094 56472 73861 23204 72611 75716 69560 34691 87822 28743 76716 5412 52333 54752 63853 11811 95954 92989 57731 32248 75879 64195 78616 94082 8967 2602 95089 72685 83570 1083 58408 88856 12422 5650 76779 72553 27796 96534 90683 69632 60126 26636 24116 93259 50114 61558 99023 28666 48537 42004 8522 47218 50892 87547 75845 76767 97905 
1204 77
88158 77991 51605 44877 15643 82551 17731 37727 49352 85825 50053 65609 982 71561 50511 58451 45796 62462 44243 41303 7947 42345 69290 24137 4207 43801 73527 33312 15738 83241 72534 40270 51040 67963 59688 78494 93486 83565 34398 92101 66914 55760 93012 34976 24248 56980 17931 48983 79955 55540 98306 26543 35286 51878 2227 24671 52557 54216 26264 31194 48044 31972 90000 65291 55122 85716 33493 12040 10660 60269 6584 54062 76409 41347 56262 50131 31096 
5310 63
63583 66031 40037 88917 96964 90765 30012 92908 74480 46934 66444 65159 68763 73781 42189 71014 20098 43474 51108 39097 94598 7864 69115 56706 51405 52514 46971 68320 39399 66405 849 93871 87618 423 39286 96672 87915 76610 5348 99847 50859 70233 73511 54978 18581 76065 32933 7222 82698 87093 81793 87376 25153 60847 68912 5848 70946 3977 38734 5401 20416 7648 83404 
4477 53
45813 84255 53604 8946 67444 76636 26629 79457 43569 38574 77071 3500 67282 32361 81602 32177 80330 31741 91562 21250 82407 59373 65526 26096 9399 36410 61546 46195 41959 49215 34563 86844 12922 91418 61184 87544 60813 37852 76043 4097 11559 34349 41192 43958 74043 87651 33499 53250 23003 45333 61902 61978 41831 
1452 38
8362 63628 88870 3585 52165 34370 28038 22646 13419 95671 16632 50770 24687 43194 42243 19293 31418 44845 81420 576 79158 77571 54398 70306 88282 72219 4860 12798 95342 53829 24201 48022 27817 23565 5375 98871 60648 5091 
3196 35
1690 89164 1648 45655 63896 99779 831 69137 4271 85276 81825 92918 94995 14494 23670 65855 20889 93128 1517 43456 19571 44254 48456 71504 93541 73403 81489 41956 67250 63683 69951 54975 88058 17878 68246 
205 28
39911 3741 90134 20641 64490 24934 6672 97396 19278 28285 24506 54956 73032 12318 66219 55896 25082 57886 64580 56197 19355 81499 91492 10343 88375 50860 47731 42630 
1527 20
59462 32388 66839 73159 84790 3057 83309 98999 11088 9831 32234 40247 71118 52737 30493 45441 76297 76568 16182 17044 
1956 12
45242 44697 87278 6340 64945 27174 20385 4067 39509 29457 61506 13021 
7114 9
68927 28638 35154 38747 2491 30619 21172 24541 76118 
9029 5
79428 15892 92419 79038 67012 
3944 1
67746 
4618 0

3623 1
2712 
4323 0

3908 0

2896 0

4470 0

1841 0

99 0

8126 0

7460 1
43392 
6385 0

6233 0

4362 0

3823 0

3450 0

6892 0

6557 0

6019 0

5474 0

5217 0

5055 0

3482 0

3296 0

2870 0

2681 0

2325 0

2086 0

1924 0

1869 0

886 0

267 0

