26
1053 324
8913 18487 45064 37886 24272 128 49055 75812 3776 11837 46860 88557 82779 8068 2147 95017 64599 2842 6254 48227 17112 55333 68407 6086 86647 42050 93322 79574 97946 20417 22560 90467 76615 52944 54976 50410 64982 22938 55925 98575 13377 36676 51221 5189 75485 62281 1159 70180 84320 88458 32344 36017 17769 78645 19729 62346 34433 65706 6757 81571 28455 44981 61825 49683 39372 77317 26759 62728 60769 83864 90338 80898 79589 96111 34212 82140 36279 1940 69760 16937 57464 78151 76104 77065 21883 7555 49351 22755 99541 9335 87303 88979 40637 12376 6325 72130 33737 77639 2187 2601 61853 64492 30077 34376 89773 90312 77565 33853 44079 45977 308 6646 25376 62362 78355 95617 66133 45753 26614 31368 46930 82573 39232 40761 39302 67772 73896 15339 37857 77232 47489 24240 40649 98670 12954 58757 90444 93328 12431 76219 55661 70492 60102 48246 34713 15362 57772 37054 18158 89738 20651 33670 23060 53543 7894 92142 81190 44071 567 94180 88051 71861 37798 99171 36063 83496 26378 37684 21052 29870 81624 93357 38021 94490 50344 36348 46030 3560 28288 43615 42227 35109 9815 22916 88796 18017 8042 52052 77524 26128 6754 52321 12573 48202 95187 43142 46101 74531 31008 51704 90147 40904 54729 58100 5662 62146 22716 15602 90795 54356 80433 13807 65127 59278 36271 54609 54366 53285 63498 76401 49688 3763 98183 82317 72161 59709 86434 66644 9283 58501 44081 69024 41761 40896 20912 58868 63747 4244 3127 69169 8292 42694 680 335 77513 59670 37520 37207 20924 41535 85324 56604 80725 10158 32437 82613 89864 68439 41688 42688 42673 56435 54510 20412 74003 64442 58056 14088 20819 42730 67063 26328 98928 37947 59083 61394 96013 65905 20546 45928 86512 33985 62475 62726 91610 5289 98039 27026 54036 66434 86038 26587 90818 27640 9433 14665 98970 80219 45512 10740 97072 40130 34905 80013 26174 54017 93600 47882 63311 15022 90495 94764 27394 67154 14850 66279 1141 64531 1411 62217 20082 38932 20362 27335 
916 192
95966 37425 83144 17578 12485 86787 70552 7417 80176 88097 65589 93392 26733 52740 64805 27176 3969 88576 92311 60747 95452 52277 73505 45805 27747 6690 47650 18825 9441 86867 73408 91856 57581 73214 74490 21804 38396 51116 65240 4666 77667 33217 57228 73337 90472 29557 86320 17444 48938 70649 39291 84041 47031 10308 37748 73794 35601 22763 63086 67567 83180 69445 78896 98803 25618 30998 92219 52032 29499 27582 38131 10300 96288 27443 81556 12635 57441 10480 11809 66241 19557 75036 63491 66036 97656 26017 3817 79129 47979 21226 66768 2103 12297 59345 91108 30107 71990 69671 10403 63673 65246 56495 53003 79450 45470 89869 80678 53610 68777 72091 66681 93891 59359 12829 98988 72328 95358 56839 76618 79175 14323 7455 60680 58144 29932 95440 42564 48051 49165 5276 1247 39091 58762 88737 97392 75548 11422 75084 90172 9864 67361 60038 39675 67875 84282 11693 19082 38856 56837 31880 31742 35397 5380 7231 99013 95217 42740 26487 93494 39693 93338 83812 50826 35492 31749 53624 64543 30335 37212 16769 63199 1428 64620 54913 85835 28507 15717 20772 73798 87350 67854 6222 91430 78927 12146 18814 80038 27294 52345 82607 22271 36669 
655 107
53473 23074 58189 96396 18820 70363 99122 4176 32155 21932 23735 50387 7057 65337 8759 86911 20636 1699 44412 83365 57757 20138 8729 6781 5206 96401 77764 33539 90416 82645 98974 81198 35246 81532 76088 3038 42480 94121 77818 27295 33631 40148 9425 82646 22144 88640 85417 1152 23702 18164 69068 33454 16217 19138 90633 36517 63983 22335 48272 19462 67256 51482 39640 60713 76357 28498 68192 81325 6929 26135 12549 67119 36977 35001 86779 41775 17556 26909 28220 17284 41458 22638 90641 73393 69025 58155 33912 29308 83934 43021 48806 93209 94897 36746 67155 17962 14586 63875 19824 83501 23314 57234 40629 58859 37778 62593 75887 
967 61
91971 1406 96606 95588 50815 74195 65821 12594 88981 83530 15969 52054 72209 63005 89933 52651 55189 91790 38998 87095 89048 72760 5320 60692 45138 50912 28248 10347 56584 23053 77555 69053 53043 43996 3505 69608 92471 56996 81522 10046 90774 96091 70441 61137 20066 35095 35862 2839 64054 68804 77194 30943 60553 22802 2367 59529 20477 90554 76272 83915 3627 
1115 28
95076 15872 22255 75498 53756 74061 59514 82476 8787 37423 42005 26522 74854 21873 39747 83684 56667 22381 85118 22836 97567 15228 84740 17574 65182 30187 6714 27665 
1030 12
89098 62367 65563 26509 84239 82480 27002 28484 54569 38390 56828 50790 
1016 1
54192 
894 0

169 1
27499 
1073 0

1362 0

623 0

409 0

1169 0

662 0

261 0

1046 0

1106 0

1390 0

1145 0

77 0

1327 0

1239 0

1075 0

769 0

586 0

