2404
1686 43
45134 30874 74003 5808 18030 5866 23981 7507 25807 96103 27257 44591 60228 83320 1640 14801 64581 17779 75339 36308 37081 43925 35891 84017 17535 7298 17884 33713 93825 25853 75759 63396 92660 68765 6834 81653 26908 96896 55060 54831 59880 97180 85056 
135 40
8200 49835 10316 89527 56664 50878 90344 81327 65083 73077 52154 25868 990 32749 21118 17194 97005 48468 36962 4920 16959 16950 4 68088 82849 14795 77343 32646 96361 50718 69155 94988 88959 15918 11632 1342 64276 5627 93744 35741 
514 32
17728 11662 12275 11265 65415 59063 68125 1289 16961 69855 5796 49299 33970 71927 24204 33874 95038 61688 2475 73064 45201 1686 89295 70559 86529 5692 76869 35233 5216 41149 56807 54612 
1394 22
29212 84528 24694 42062 47911 78143 85879 41238 47144 33322 68874 89469 87130 26092 76849 20679 45197 25827 92801 83084 10787 6374 
91 15
66993 45425 80999 7849 39703 64184 97585 75995 37608 65916 7736 14379 4927 463 583 
1302 8
3673 45539 84661 24140 49036 11582 18321 40978 
1684 2
38161 53981 
1685 0

1683 0

1682 0

1681 0

1680 0

1679 0

1678 0

1677 0

1676 0

1675 0

1674 0

1673 0

1672 0

1671 0

1670 0

1669 0

1668 0

1667 0

1666 0

1665 0

1664 0

1663 0

1662 0

1661 0

1660 0

1659 0

1658 0

1657 0

1656 0

1655 0

1654 0

1653 0

1652 0

1651 0

1650 0

1649 0

1648 0

1647 0

1646 0

1645 0

1644 0

1643 0

1642 0

1641 0

1640 0

1639 0

1638 0

1637 0

1636 0

1635 0

1634 0

1633 0

1632 0

1631 0

1630 0

1629 0

1628 0

1627 0

1626 0

1625 0

1624 0

1623 0

1622 0

1621 0

1620 0

1619 0

1618 0

1617 0

1616 0

1615 0

1614 0

1613 0

1612 0

1611 0

1610 0

1609 0

1608 0

1607 0

1606 0

1605 0

1604 0

1603 0

1602 0

1601 0

1600 0

1599 0

1598 0

1597 0

1596 0

1595 0

1594 0

1593 0

1592 0

1591 0

1590 0

1589 0

1588 0

1587 0

1586 0

1585 0

1584 0

1583 0

1582 0

1581 0

1580 0

1579 0

1578 0

1577 0

1576 0

1575 0

1574 0

1573 0

1572 0

1571 0

1570 0

1569 0

1568 0

1567 0

1566 0

1565 0

1564 0

1563 0

1562 0

1561 0

1560 0

1559 0

1558 0

1557 0

1556 0

1555 0

1554 0

1553 0

1552 0

1551 0

1550 0

1549 0

1548 0

1547 0

1546 0

1545 0

1544 0

1543 0

1542 0

1541 0

1540 0

1539 0

1538 0

1537 0

1536 0

1535 0

1534 0

1533 0

1532 0

1531 0

1530 0

1529 0

1528 0

1527 0

1526 0

1525 0

1524 0

1523 0

1522 0

1521 0

1520 0

1519 0

1518 0

1517 0

1516 0

1515 0

1514 0

1513 0

1512 0

1511 0

1510 0

1509 0

1508 0

1507 0

1506 0

1505 0

1504 0

1503 0

1502 0

1501 0

1500 0

1499 0

1498 0

1497 0

1496 0

1495 0

1494 0

1493 0

1492 0

1491 0

1490 0

1489 0

1488 0

1487 0

1486 0

1485 0

1484 0

1483 0

1482 0

1481 0

1480 0

1479 0

1478 0

1477 0

1476 0

1475 0

1474 0

1473 0

1472 0

1471 0

1470 0

1469 0

1468 0

1467 0

1466 0

1465 0

1464 0

1463 0

1462 0

1461 0

1460 0

1459 0

1458 0

1457 0

1456 0

1455 0

1454 0

1453 0

1452 0

1451 0

1450 0

1449 0

1448 0

1447 0

1446 0

1445 0

1444 0

1443 0

1442 0

1441 0

1440 0

1439 0

1438 0

1437 0

1436 0

1435 0

1434 0

1433 0

1432 0

1431 0

1430 0

1429 0

1428 0

1427 0

1426 0

1425 0

1424 0

1423 0

1422 0

1421 0

1420 0

1419 0

1418 0

1417 0

1416 0

1415 0

1414 0

1413 0

1412 0

1411 0

1410 0

1409 0

1408 0

1407 0

1406 0

1405 0

1404 0

1403 0

1402 0

1401 0

1400 0

1399 0

1398 0

1397 0

1396 0

1395 0

1393 0

1392 0

1391 0

1390 0

1389 0

1388 0

1387 0

1386 0

1385 0

1384 0

1383 0

1382 0

1381 0

1380 0

1379 0

1378 0

1377 0

1376 0

1375 0

1374 0

1373 0

1372 0

1371 0

1370 0

1369 0

1368 0

1367 0

1366 0

1365 0

1364 0

1363 0

1362 0

1361 0

1360 0

1359 0

1358 0

1357 0

1356 0

1355 0

1354 0

1353 0

1352 0

1351 0

1350 0

1349 0

1348 0

1347 0

1346 0

1345 0

1344 0

1343 0

1342 0

1341 0

1340 0

1339 0

1338 0

1337 0

1336 0

1335 0

1334 0

1333 0

1332 0

1331 0

1330 0

1329 0

1328 0

1327 0

1326 0

1325 0

1324 0

1323 0

1322 0

1321 0

1320 0

1319 0

1318 0

1317 0

1316 0

1315 0

1314 0

1313 0

1312 0

1311 0

1310 0

1309 0

1308 0

1307 0

1306 0

1305 0

1304 0

1303 0

1301 0

1300 0

1299 0

1298 0

1297 0

1296 0

1295 0

1294 0

1293 0

1292 0

1291 0

1290 0

1289 0

1288 0

1287 0

1286 0

1285 0

1284 0

1283 0

1282 0

1281 0

1280 0

1279 0

1278 0

1277 0

1276 0

1275 0

1274 0

1273 0

1272 0

1271 0

1270 0

1269 0

1268 0

1267 0

1266 0

1265 0

1264 0

1263 0

1262 0

1261 0

1260 0

1259 0

1258 0

1257 0

1256 0

1255 0

1254 0

1253 0

1252 0

1251 0

1250 0

1249 0

1248 0

1247 0

1246 0

1245 0

1244 0

1243 0

1242 0

1241 0

1240 0

1239 0

1238 0

1237 0

1236 0

1235 0

1234 0

1233 0

1232 0

1231 0

1230 0

1229 0

1228 0

1227 0

1226 0

1225 0

1224 0

1223 0

1222 0

1221 0

1220 0

1219 0

1218 0

1217 0

1216 0

1215 0

1214 0

1213 0

1212 0

1211 0

1210 0

1209 0

1208 0

1207 0

1206 0

1205 0

1204 0

1203 0

1202 0

1201 0

1200 0

1199 0

1198 0

1197 0

1196 0

1195 0

1194 0

1193 0

1192 0

1191 0

1190 0

1189 0

1188 0

1187 0

1186 0

1185 0

1184 0

1183 0

1182 0

1181 0

1180 0

1179 0

1178 0

1177 0

1176 0

1175 0

1174 0

1173 0

1172 0

1171 0

1170 0

1169 0

1168 0

1167 0

1166 0

1165 0

1164 0

1163 0

1162 0

1161 0

1160 0

1159 0

1158 0

1157 0

1156 0

1155 0

1154 0

1153 0

1152 0

1151 0

1150 0

1149 0

1148 0

1147 0

1146 0

1145 0

1144 0

1143 0

1142 0

1141 0

1140 0

1139 0

1138 0

1137 0

1136 0

1135 0

1134 0

1133 0

1132 0

1131 0

1130 0

1129 0

1128 0

1127 0

1126 0

1125 0

1124 0

1123 0

1122 0

1121 0

1120 0

1119 0

1118 0

1117 0

1116 0

1115 0

1114 0

1113 0

1112 0

1111 0

1110 0

1109 0

1108 0

1107 0

1106 0

1105 0

1104 0

1103 0

1102 0

1101 0

1100 0

1099 0

1098 0

1097 0

1096 0

1095 0

1094 0

1093 0

1092 0

1091 0

1090 0

1089 0

1088 0

1087 0

1086 0

1085 0

1084 0

1083 0

1082 0

1081 0

1080 0

1079 0

1078 0

1077 0

1076 0

1075 0

1074 0

1073 0

1072 0

1071 0

1070 0

1069 0

1068 0

1067 0

1066 0

1065 0

1064 0

1063 0

1062 0

1061 0

1060 0

1059 0

1058 0

1057 0

1056 0

1055 0

1054 0

1053 0

1052 0

1051 0

1050 0

1049 0

1048 0

1047 0

1046 0

1045 0

1044 0

1043 0

1042 0

1041 0

1040 0

1039 0

1038 0

1037 0

1036 0

1035 0

1034 0

1033 0

1032 0

1031 0

1030 0

1029 0

1028 0

1027 0

1026 0

1025 0

1024 0

1023 0

1022 0

1021 0

1020 0

1019 0

1018 0

1017 0

1016 0

1015 0

1014 0

1013 0

1012 0

1011 0

1010 0

1009 0

1008 0

1007 0

1006 0

1005 0

1004 0

1003 0

1002 0

1001 0

1000 0

999 0

998 0

997 0

996 0

995 0

994 0

993 0

992 0

991 0

990 0

989 0

988 0

987 0

986 0

985 0

984 0

983 0

982 0

981 0

980 0

979 0

978 0

977 0

976 0

975 0

974 0

973 0

972 0

971 0

970 0

969 0

968 0

967 0

966 0

965 0

964 0

963 0

962 0

961 0

960 0

959 0

958 0

957 0

956 0

955 0

954 0

953 0

952 0

951 0

950 0

949 0

948 0

947 0

946 0

945 0

944 0

943 0

942 0

941 0

940 0

939 0

938 0

937 0

936 0

935 0

934 0

933 0

932 0

931 0

930 0

929 0

928 0

927 0

926 0

925 0

924 0

923 0

922 0

921 0

920 0

919 0

918 0

917 0

916 0

915 0

914 0

913 0

912 0

911 0

910 0

909 0

908 0

907 0

906 0

905 0

904 0

903 0

902 0

901 0

900 0

899 0

898 0

897 0

896 0

895 0

894 0

893 0

892 0

891 0

890 0

889 0

888 0

887 0

886 0

885 0

884 0

883 0

882 0

881 0

880 0

879 0

878 0

877 0

876 0

875 0

874 0

873 0

872 0

871 0

870 0

869 0

868 0

867 0

866 0

865 0

864 0

863 0

862 0

861 0

860 0

859 0

858 0

857 0

856 0

855 0

854 0

853 0

852 0

851 0

850 0

849 0

848 0

847 0

846 0

845 0

844 0

843 0

842 0

841 0

840 0

839 0

838 0

837 0

836 0

835 0

834 0

833 0

832 0

831 0

830 0

829 0

828 0

827 0

826 0

825 0

824 0

823 0

822 0

821 0

820 0

819 0

818 0

817 0

816 0

815 0

814 0

813 0

812 0

811 0

810 0

809 0

808 0

807 0

806 0

805 0

804 0

803 0

802 0

801 0

800 0

799 0

798 0

797 0

796 0

795 0

794 0

793 0

792 0

791 0

790 0

789 0

788 0

787 0

786 0

785 0

784 0

783 0

782 0

781 0

780 0

779 0

778 0

777 0

776 0

775 0

774 0

773 0

772 0

771 0

770 0

769 0

768 0

767 0

766 0

765 0

764 0

763 0

762 0

761 0

760 0

759 0

758 0

757 0

756 0

755 0

754 0

753 0

752 0

751 0

750 0

749 0

748 0

747 0

746 0

745 0

744 0

743 0

742 0

741 0

740 0

739 0

738 0

737 0

736 0

735 0

734 0

733 0

732 0

731 0

730 0

729 0

728 0

727 0

726 0

725 0

724 0

723 0

722 0

721 0

720 0

719 0

718 0

717 0

716 0

715 0

714 0

713 0

712 0

711 0

710 0

709 0

708 0

707 0

706 0

705 0

704 0

703 0

702 0

701 0

700 0

699 0

698 0

697 0

696 0

695 0

694 0

693 0

692 0

691 0

690 0

689 0

688 0

687 0

686 0

685 0

684 0

683 0

682 0

681 0

680 0

679 0

678 0

677 0

676 0

675 0

674 0

673 0

672 0

671 0

670 0

669 0

668 0

667 0

666 0

665 0

664 0

663 0

662 0

661 0

660 0

659 0

658 0

657 0

656 0

655 0

654 0

653 0

652 0

651 0

650 0

649 0

648 0

647 0

646 0

645 0

644 0

643 0

642 0

641 0

640 0

639 0

638 0

637 0

636 0

635 0

634 0

633 0

632 0

631 0

630 0

629 0

628 0

627 0

626 0

625 0

624 0

623 0

622 0

621 0

620 0

619 0

618 0

617 0

616 0

615 0

614 0

613 0

612 0

611 0

610 0

609 0

608 0

607 0

606 0

605 0

604 0

603 0

602 0

601 0

600 0

599 0

598 0

597 0

596 0

595 0

594 0

593 0

592 0

591 0

590 0

589 0

588 0

587 0

586 0

585 0

584 0

583 0

582 0

581 0

580 0

579 0

578 0

577 0

576 0

575 0

574 0

573 0

572 0

571 0

570 0

569 0

568 0

567 0

566 0

565 0

564 0

563 0

562 0

561 0

560 0

559 0

558 0

557 0

556 0

555 0

554 0

553 0

552 0

551 0

550 0

549 0

548 0

547 0

546 0

545 0

544 0

543 0

542 0

541 0

540 0

539 0

538 0

537 0

536 0

535 0

534 0

533 0

532 0

531 0

530 0

529 0

528 0

527 0

526 0

525 0

524 0

523 0

522 0

521 0

520 0

519 0

518 0

517 0

516 0

515 0

513 0

512 0

511 0

510 0

509 0

508 0

507 0

506 0

505 0

504 0

503 0

502 0

501 0

500 0

499 0

498 0

497 0

496 0

495 0

494 0

493 0

492 0

491 0

490 0

489 0

488 0

487 0

486 0

485 0

484 0

483 0

482 0

481 0

480 0

479 0

478 0

477 0

476 0

475 0

474 0

473 0

472 0

471 0

470 0

469 0

468 0

467 0

466 0

465 0

464 0

463 0

462 0

461 0

460 0

459 0

458 0

457 0

456 0

455 0

454 0

453 0

452 0

451 0

450 0

449 0

448 0

447 0

446 0

445 0

444 0

443 0

442 0

441 0

440 0

439 0

438 0

437 0

436 0

435 0

434 0

433 0

432 0

431 0

430 0

429 0

428 0

427 0

426 0

425 0

424 0

423 0

422 0

421 0

420 0

419 0

418 0

417 0

416 0

415 0

414 0

413 0

412 0

411 0

410 0

409 0

408 0

407 0

406 0

405 0

404 0

403 0

402 0

401 0

400 0

399 0

398 0

397 0

396 0

395 0

394 0

393 0

392 0

391 0

390 0

389 0

388 0

387 0

386 0

385 0

384 0

383 0

382 0

381 0

380 0

379 0

378 0

377 0

376 0

375 0

374 0

373 0

372 0

371 0

370 0

369 0

368 0

367 0

366 0

365 0

364 0

363 0

362 0

361 0

360 0

359 0

358 0

357 0

356 0

355 0

354 0

353 0

352 0

351 0

350 0

349 0

348 0

347 0

346 0

345 0

344 0

343 0

342 0

341 0

340 0

339 0

338 0

337 0

336 0

335 0

334 0

333 0

332 0

331 0

330 0

329 0

328 0

327 0

326 0

325 0

324 0

323 0

322 0

321 0

320 0

319 0

318 0

317 0

316 0

315 0

314 0

313 0

312 0

311 0

310 0

309 0

308 0

307 0

306 0

305 0

304 0

303 0

302 0

301 0

300 0

299 0

298 0

297 0

296 0

295 0

294 0

293 0

292 0

291 0

290 0

289 0

288 0

287 0

286 0

285 0

284 0

283 0

282 0

281 0

280 0

279 0

278 0

277 0

276 0

275 0

274 0

273 0

272 0

271 0

270 0

269 0

268 0

267 0

266 0

265 0

264 0

263 0

262 0

261 0

260 0

259 0

258 0

257 0

256 0

255 0

254 0

253 0

252 0

251 0

250 0

249 0

248 0

247 0

246 0

245 0

244 0

243 0

242 0

241 0

240 0

239 0

238 0

237 0

236 0

235 0

234 0

233 0

232 0

231 0

230 0

229 0

228 0

227 0

226 0

225 0

224 0

223 0

222 0

221 0

220 0

219 0

218 0

217 0

216 0

215 0

214 0

213 0

212 0

211 0

210 0

209 0

208 0

207 0

206 0

205 0

204 0

203 0

202 0

201 0

200 0

199 0

198 0

197 0

196 0

195 0

194 0

193 0

192 0

191 0

190 0

189 0

188 0

187 0

186 0

185 0

184 0

183 0

182 0

181 0

180 0

179 0

178 0

177 0

176 0

175 0

174 0

173 0

172 0

171 0

170 0

169 0

168 0

167 0

166 0

165 0

164 0

163 0

162 0

161 0

160 0

159 0

158 0

157 0

156 0

155 0

154 0

153 0

152 0

151 0

150 0

149 0

148 0

147 0

146 0

145 0

144 0

143 0

142 0

141 0

140 0

139 0

138 0

137 0

136 0

134 0

133 0

132 0

131 0

130 0

129 0

128 0

127 0

126 0

125 0

124 0

123 0

122 0

121 0

120 0

119 0

118 0

117 0

116 0

115 0

114 0

113 0

112 0

111 0

110 0

109 0

108 0

107 0

106 0

105 0

104 0

103 0

102 0

101 0

100 0

99 0

98 0

97 0

96 0

95 0

94 0

93 0

92 0

90 0

89 0

88 0

87 0

86 0

85 0

84 0

83 0

82 0

81 0

80 0

79 0

78 0

77 0

76 0

75 0

74 0

73 0

72 0

71 0

70 0

69 0

68 0

67 0

66 0

65 0

64 0

63 0

62 0

61 0

60 0

59 0

58 0

57 0

56 0

55 0

54 0

53 0

52 0

51 0

50 0

49 0

48 0

47 0

46 0

45 0

44 0

43 0

42 0

41 0

40 0

39 0

38 0

37 0

36 0

35 0

34 0

33 0

32 0

31 0

30 0

29 0

28 0

27 0

26 0

25 0

24 0

23 0

22 0

21 0

20 0

19 0

18 0

17 0

16 0

15 0

14 0

13 0

12 0

11 0

10 0

9 0

8 0

7 0

6 0

5 0

4 0

3 0

2 0

1 0

0 0

3418 0

3417 0

3416 0

3415 0

3414 0

3413 0

3412 0

3411 0

3410 0

3409 0

3408 0

3407 0

3406 0

3405 0

3404 0

3403 0

3402 0

3401 0

3400 0

3399 0

3398 0

3397 0

3396 0

3395 0

3394 0

3393 0

3392 0

3391 0

3390 0

3389 0

3388 0

3387 0

3386 0

3385 0

3384 0

3383 0

3382 0

3381 0

3380 0

3379 0

3378 0

3377 0

3376 0

3375 0

3374 0

3373 0

3372 0

3371 0

3370 0

3369 0

3368 0

3367 0

3366 0

3365 0

3364 0

3363 0

3362 0

3361 0

3360 0

3359 0

3358 0

3357 0

3356 0

3355 0

3354 0

3353 0

3352 0

3351 0

3350 0

3349 0

3348 0

3347 0

3346 0

3345 0

3344 0

3343 0

3342 0

3341 0

3340 0

3339 0

3338 0

3337 0

3336 0

3335 0

3334 0

3333 0

3332 0

3331 0

3330 0

3329 0

3328 0

3327 0

3326 0

3325 0

3324 0

3323 0

3322 0

3321 0

3320 0

3319 0

3318 0

3317 0

3316 0

3315 0

3314 0

3313 0

3312 0

3311 0

3310 0

3309 0

3308 0

3307 0

3306 0

3305 0

3304 0

3303 0

3302 0

3301 0

3300 0

3299 0

3298 0

3297 0

3296 0

3295 0

3294 0

3293 0

3292 0

3291 0

3290 0

3289 0

3288 0

3287 0

3286 0

3285 0

3284 0

3283 0

3282 0

3281 0

3280 0

3279 0

3278 0

3277 0

3276 0

3275 0

3274 0

3273 0

3272 0

3271 0

3270 0

3269 0

3268 0

3267 0

3266 0

3265 0

3264 0

3263 0

3262 0

3261 0

3260 0

3259 0

3258 0

3257 0

3256 0

3255 0

3254 0

3253 0

3252 0

3251 0

3250 0

3249 0

3248 0

3247 0

3246 0

3245 0

3244 0

3243 0

3242 0

3241 0

3240 0

3239 0

3238 0

3237 0

3236 0

3235 0

3234 0

3233 0

3232 0

3231 0

3230 0

3229 0

3228 0

3227 0

3226 0

3225 0

3224 0

3223 0

3222 0

3221 0

3220 0

3219 0

3218 0

3217 0

3216 0

3215 0

3214 0

3213 0

3212 0

3211 0

3210 0

3209 0

3208 0

3207 0

3206 0

3205 0

3204 0

3203 0

3202 0

3201 0

3200 0

3199 0

3198 0

3197 0

3196 0

3195 0

3194 0

3193 0

3192 0

3191 0

3190 0

3189 0

3188 0

3187 0

3186 0

3185 0

3184 0

3183 0

3182 0

3181 0

3180 0

3179 0

3178 0

3177 0

3176 0

3175 0

3174 0

3173 0

3172 0

3171 0

3170 0

3169 0

3168 0

3167 0

3166 0

3165 0

3164 0

3163 0

3162 0

3161 0

3160 0

3159 0

3158 0

3157 0

3156 0

3155 0

3154 0

3153 0

3152 0

3151 0

3150 0

3149 0

3148 0

3147 0

3146 0

3145 0

3144 0

3143 0

3142 0

3141 0

3140 0

3139 0

3138 0

3137 0

3136 0

3135 0

3134 0

3133 0

3132 0

3131 0

3130 0

3129 0

3128 0

3127 0

3126 0

3125 0

3124 0

3123 0

3122 0

3121 0

3120 0

3119 0

3118 0

3117 0

3116 0

3115 0

3114 0

3113 0

3112 0

3111 0

3110 0

3109 0

3108 0

3107 0

3106 0

3105 0

3104 0

3103 0

3102 0

3101 0

3100 0

3099 0

3098 0

3097 0

3096 0

3095 0

3094 0

3093 0

3092 0

3091 0

3090 0

3089 0

3088 0

3087 0

3086 0

3085 0

3084 0

3083 0

3082 0

3081 0

3080 0

3079 0

3078 0

3077 0

3076 0

3075 0

3074 0

3073 0

3072 0

3071 0

3070 0

3069 0

3068 0

3067 0

3066 0

3065 0

3064 0

3063 0

3062 0

3061 0

3060 0

3059 0

3058 0

3057 0

3056 0

3055 0

3054 0

3053 0

3052 0

3051 0

3050 0

3049 0

3048 0

3047 0

3046 0

3045 0

3044 0

3043 0

3042 0

3041 0

3040 0

3039 0

3038 0

3037 0

3036 0

3035 0

3034 0

3033 0

3032 0

3031 0

3030 0

3029 0

3028 0

3027 0

3026 0

3025 0

3024 0

3023 0

3022 0

3021 0

3020 0

3019 0

3018 0

3017 0

3016 0

3015 0

3014 0

3013 0

3012 0

3011 0

3010 0

3009 0

3008 0

3007 0

3006 0

3005 0

3004 0

3003 0

3002 0

3001 0

3000 0

2999 0

2998 0

2997 0

2996 0

2995 0

2994 0

2993 0

2992 0

2991 0

2990 0

2989 0

2988 0

2987 0

2986 0

2985 0

2984 0

2983 0

2982 0

2981 0

2980 0

2979 0

2978 0

2977 0

2976 0

2975 0

2974 0

2973 0

2972 0

2971 0

2970 0

2969 0

2968 0

2967 0

2966 0

2965 0

2964 0

2963 0

2962 0

2961 0

2960 0

2959 0

2958 0

2957 0

2956 0

2955 0

2954 0

2953 0

2952 0

2951 0

2950 0

2949 0

2948 0

2947 0

2946 0

2945 0

2944 0

2943 0

2942 0

2941 0

2940 0

2939 0

2938 0

2937 0

2936 0

2935 0

2934 0

2933 0

2932 0

2931 0

2930 0

2929 0

2928 0

2927 0

2926 0

2925 0

2924 0

2923 0

2922 0

2921 0

2920 0

2919 0

2918 0

2917 0

2916 0

2915 0

2914 0

2913 0

2912 0

2911 0

2910 0

2909 0

2908 0

2907 0

2906 0

2905 0

2904 0

2903 0

2902 0

2901 0

2900 0

2899 0

2898 0

2897 0

2896 0

2895 0

2894 0

2893 0

2892 0

2891 0

2890 0

2889 0

2888 0

2887 0

2886 0

2885 0

2884 0

2883 0

2882 0

2881 0

2880 0

2879 0

2878 0

2877 0

2876 0

2875 0

2874 0

2873 0

2872 0

2871 0

2870 0

2869 0

2868 0

2867 0

2866 0

2865 0

2864 0

2863 0

2862 0

2861 0

2860 0

2859 0

2858 0

2857 0

2856 0

2855 0

2854 0

2853 0

2852 0

2851 0

2850 0

2849 0

2848 0

2847 0

2846 0

2845 0

2844 0

2843 0

2842 0

2841 0

2840 0

2839 0

2838 0

2837 0

2836 0

2835 0

2834 0

2833 0

2832 0

2831 0

2830 0

2829 0

2828 0

2827 0

2826 0

2825 0

2824 0

2823 0

2822 0

2821 0

2820 0

2819 0

2818 0

2817 0

2816 0

2815 0

2814 0

2813 0

2812 0

2811 0

2810 0

2809 0

2808 0

2807 0

2806 0

2805 0

2804 0

2803 0

2802 0

2801 0

2800 0

2799 0

2798 0

2797 0

2796 0

2795 0

2794 0

2793 0

2792 0

2791 0

2790 0

2789 0

2788 0

2787 0

2786 0

2785 0

2784 0

2783 0

2782 0

2781 0

2780 0

2779 0

2778 0

2777 0

2776 0

2775 0

2774 0

2773 0

2772 0

2771 0

2770 0

2769 0

2768 0

2767 0

2766 0

2765 0

2764 0

2763 0

2762 0

2761 0

2760 0

2759 0

2758 0

2757 0

2756 0

2755 0

2754 0

2753 0

2752 0

2751 0

2750 0

2749 0

2748 0

2747 0

2746 0

2745 0

2744 0

2743 0

2742 0

2741 0

2740 0

2739 0

2738 0

2737 0

2736 0

2735 0

2734 0

2733 0

2732 0

2731 0

2730 0

2729 0

2728 0

2727 0

2726 0

2725 0

2724 0

2723 0

2722 0

2721 0

2720 0

2719 0

2718 0

2717 0

2716 0

2715 0

2714 0

2713 0

2712 0

2711 0

2710 0

2709 0

2708 0

2707 0

2706 0

2705 0

2704 0

2703 0

2702 0

