74
515 277
96790 1277 77370 71484 66219 41713 32895 21422 79589 72815 46470 12077 90387 6981 78567 32951 56929 3388 59533 3056 94178 57187 80965 70031 4043 507 12034 40787 85787 17208 51301 24567 50680 2819 14109 91207 50653 15639 57367 29908 62715 88291 45627 28834 92989 70331 5524 20512 41805 10435 51656 7823 41279 61961 94437 57101 81012 32128 71678 702 95365 97974 47523 66828 84034 36939 81720 33566 72770 21247 7915 34028 33561 41184 64663 51096 83237 42603 30044 77043 84501 56750 40141 95607 72729 80778 76862 18435 89079 52558 70935 80446 72814 99248 82027 13612 33963 12807 77296 60393 73498 39037 5633 85176 67556 37404 46207 74582 45889 2969 91286 66125 43461 10998 47823 10977 63219 42804 68168 77163 30233 61375 90496 4635 15288 30215 52493 85530 20536 60334 68165 61790 9865 14891 32661 46285 58499 88900 26867 46341 53776 30660 50734 45751 87634 19054 64415 31778 96597 49575 97887 91870 17210 9186 21393 57329 98757 85990 90116 36297 94186 42452 7005 73543 33278 23154 3773 56824 66108 31723 49158 58612 87536 65497 35590 95503 4120 75756 1068 67028 94975 96513 72737 11945 51465 41883 51030 6547 3702 51118 79242 74234 87226 22534 38111 3209 1509 74794 70776 58321 65266 6504 24585 39389 16853 17711 10606 52470 59988 73281 86507 61234 19886 10440 28610 52433 83818 30766 68408 58887 64421 57269 1829 82403 67487 48763 78639 7715 34930 48863 32261 94635 12298 96720 66303 91653 70927 90906 9546 26763 62616 79639 84385 95779 39324 40515 43947 87562 20499 62298 40339 61689 53716 23395 80310 77065 41177 20639 99763 40274 58252 83807 28156 64020 35153 91475 12663 13019 29322 96036 84278 78301 39006 79862 37512 89342 41153 
297 196
42601 87595 74486 90043 953 36397 90126 39516 21862 53592 11770 97670 23143 64165 60129 61695 90888 18916 94008 38205 31269 84828 35613 20463 80193 54698 37593 64298 53614 47299 71593 26264 33205 66078 57650 26792 86775 35544 11630 61437 32472 17186 36237 54254 15192 8200 12218 4475 77383 64200 63680 38322 78842 62542 64737 28487 35348 98396 65249 93918 15877 3609 58588 93862 79361 14645 43982 13620 67000 26364 55446 90805 76979 95168 37937 49354 71424 9533 83024 88810 36894 89842 37529 39186 70410 24213 57518 78093 58729 8368 49557 58860 75817 26656 27406 82307 69709 41324 37890 18295 46884 71611 89202 83757 56753 60925 23311 67881 56127 88566 50638 32607 353 93688 40253 64568 73290 82794 24312 22640 19552 44712 33534 35611 76267 50201 65865 7922 3340 21695 82314 14274 33153 43037 15170 23871 39807 11040 73753 28382 84823 67073 51462 57316 71017 73689 66757 98836 81359 16774 15475 71417 18693 1489 891 51275 49844 18468 8264 877 56583 91643 78782 38146 5743 71372 17200 83096 74431 49225 55286 57412 36533 4217 77861 70882 96929 30400 46452 27930 87069 41474 2161 16277 66132 96434 25786 35138 66861 99241 83274 16501 36506 21066 7552 96587 
1224 130
85579 24480 82477 51309 56833 31901 66268 99074 25006 2650 75976 38181 47417 68616 64777 63922 99170 12870 33555 9649 50332 15680 18318 9969 44259 51000 65733 9526 4967 39651 75559 70542 96131 26207 1137 38650 3999 4839 51281 20826 3421 54149 65759 58744 5513 43693 35265 50719 54286 91359 88618 93831 31578 27516 20352 97282 42570 50563 59317 53095 80663 51070 30228 23781 66533 62339 88182 63530 95731 30110 24798 11809 61770 89263 13666 10066 28492 3404 23028 3400 90887 24319 29843 49747 90889 10683 34504 85 20621 35272 83709 9729 56642 4962 68470 80727 25972 69172 12817 85404 93992 15341 8883 48100 28188 26701 13980 5329 8187 18532 92685 28071 81799 39598 84306 82072 74196 20291 26773 55211 36617 97951 65361 49772 25678 44518 63997 191 16580 31073 
807 86
83122 4817 55372 11060 71367 10309 29913 73027 13190 46800 68672 19367 66830 43660 56863 80371 47099 44905 35444 76168 63915 41318 31206 53430 22922 31213 22658 24370 36919 81599 58148 33809 15356 36131 6865 69531 92062 85752 37903 19231 22987 87223 76529 57812 43285 28947 92755 23700 96078 85259 69843 38333 3386 88974 77828 59115 26385 2847 16395 42011 33250 1913 9457 50785 21319 17940 44505 61977 51923 10126 32837 65242 13717 42300 63349 84884 97422 50677 10411 59287 52382 68635 65542 16138 39419 26368 
1525 54
64592 90483 62503 22276 28187 53424 59211 48681 8438 33517 76481 85911 78608 15182 38241 63643 46517 83568 20732 46385 42930 25266 15158 32003 3961 1693 53327 65166 5537 63029 51890 53883 48975 22531 10264 73119 55618 53264 11627 48104 98621 77030 34948 21587 29421 1979 4894 20290 4360 3199 75749 49317 60199 65225 
1513 32
16574 17377 10726 89535 37005 80340 58091 62488 12723 7175 99261 79697 72347 34580 89688 91083 62857 38863 65727 64296 41712 47469 63475 35506 46949 17066 65626 53863 84657 57452 94940 64859 
780 20
79922 68393 57580 2942 31779 46169 62401 17692 90382 59297 28940 65400 51823 87077 57429 87004 15866 28015 41119 88535 
538 7
56979 13596 29446 21777 4696 89527 60143 
1783 2
93503 966 
102 1
17698 
1988 0

1004 0

2039 0

893 0

147 0

1552 0

912 0

679 0

2023 0

1044 0

429 0

219 0

1491 0

1236 0

139 0

2041 0

1400 0

1160 0

972 0

706 0

705 0

624 0

450 0

294 0

1478 0

196 0

1245 0

1159 0

885 0

600 0

38 0

1991 0

1548 0

1481 0

1075 0

1054 0

1040 0

2017 0

1903 0

1433 0

1112 0

969 0

959 0

853 0

814 0

674 0

1887 0

1794 0

980 0

835 0

570 0

455 0

1830 0

1707 0

1684 0

1626 0

1181 0

897 0

452 0

414 0

13 0

1998 0

1884 0

1862 0

