81
2950 119
37606 67984 64334 24 49961 39588 40460 34691 18398 90449 37063 67980 29651 85423 70497 53726 37101 76851 73094 7290 68111 65974 24267 96989 87023 69807 3884 64662 19535 64073 16213 44059 72894 37299 24974 68630 19500 36511 31896 28208 98417 72625 70178 20346 45687 92038 50270 62431 34484 53023 28129 31017 43624 45582 34580 43287 19903 13440 68383 23868 34662 10371 44988 84584 97592 3199 88760 68460 42154 73711 70869 15466 5159 91896 80272 36556 54464 54041 7459 77853 87663 60969 11881 16084 25022 1141 74878 24064 57605 18801 34998 72304 4659 35955 45572 34727 91776 65329 91120 22165 39497 17645 80910 40737 63063 35710 12695 4275 86065 7778 92459 41904 32998 9226 79953 59585 48112 59897 27762 
754 109
12418 16293 62240 76825 50267 43380 50670 69094 52163 41035 44471 11999 34027 15141 53088 68729 90862 36864 42649 43936 21036 52955 78439 12075 40909 84847 69808 27775 59337 99862 33504 47168 72728 71098 29685 38677 69018 18909 10851 60590 9983 92260 83027 55330 58647 91140 66891 96251 60486 50456 23891 64043 54292 17402 61460 99507 3503 7632 19896 20909 61877 22418 40190 7288 90470 91345 41543 90272 1470 70805 87130 8907 1660 62055 98817 11654 95314 5955 62613 83548 24846 95163 22923 7181 32471 4486 89543 85301 7546 92635 64256 22913 94338 8465 67835 37463 37468 81179 69290 44743 59011 70909 23212 20181 87742 99902 62052 21101 86204 
2086 95
71951 82177 21620 37144 15018 24893 39274 32573 98153 32001 42877 14801 12301 54780 52045 65563 78056 99299 76030 20679 99167 58235 27472 36540 22119 531 98960 43679 92252 93263 28449 53951 85071 10986 93885 25649 97936 69289 67439 13064 1594 18012 31265 67486 9623 28621 12227 84402 40742 88340 89826 16521 8461 38026 31419 24486 21507 98407 11457 93284 53766 54602 49578 94404 45668 303 53214 38910 59081 66290 86385 42674 8638 52651 70416 59074 4418 17175 27361 20795 34432 24811 85383 22743 40419 37211 86492 28098 58493 12705 14277 5105 6333 48925 32601 
2849 82
2525 82052 85559 63976 49589 81550 73874 18083 67303 13006 10377 15874 43691 70369 85700 12453 91254 29 75048 76114 72127 68546 70184 23737 7486 46023 91264 73932 75664 39559 89795 61213 9140 68063 14070 42504 33600 93649 96267 65459 38912 35690 34011 7681 99722 37175 30902 42512 63633 76397 54181 54853 80051 61269 92555 39278 9476 18335 71661 44933 82114 71296 6606 42733 50121 8234 94913 23342 55692 31816 475 36267 81044 77179 89017 85729 75208 95424 82212 17610 94306 82498 
3687 77
61068 36007 20430 21173 66761 73516 54482 20716 87455 14732 88295 48611 47096 65235 97328 64069 3564 31728 9041 25694 24260 86700 90161 74909 11226 69934 21382 58362 35786 66455 41427 74182 65204 84582 45634 53379 43501 51244 76150 17830 77711 16651 88677 55509 65083 36221 83911 25289 56870 63357 2389 94620 97816 23146 48007 66972 14946 14356 87696 18421 39687 52009 15434 84658 79420 27085 76276 86177 89850 34492 85361 63692 34033 62683 37108 27984 41326 
690 73
54351 71509 52094 57241 44512 28011 22077 88489 45820 9500 20322 17750 3896 19532 57450 95723 13009 74911 78711 39074 18113 15784 1875 65548 12942 23327 77721 62456 59857 60485 61252 29554 27518 59339 14542 40465 63622 64244 42907 20374 96478 83360 18762 6697 34898 37820 50541 42573 7599 70168 52920 16327 21244 18360 44802 5170 6807 71404 7909 80246 44006 14555 46663 9457 67313 74981 86279 20107 53768 79770 92351 96640 10356 
2222 68
25571 5400 89193 32721 29766 38803 10899 92527 68543 91690 90880 311 22085 78443 78106 43125 2601 12834 2309 51299 26371 71892 9677 61402 50306 76875 95153 95464 71816 28158 6583 90318 60464 19507 88226 26800 73174 37184 36191 9798 74365 95025 58096 43474 70199 73989 95779 38786 67174 74188 19648 28479 17079 75565 51978 87536 95463 30358 85842 33915 46639 31946 12235 78719 85029 18541 66811 29900 
5696 55
48661 23433 28587 43369 84616 76936 49984 82057 63081 71494 17261 83421 21040 88628 7574 12059 9505 76203 65402 9803 98861 3082 48568 62928 92566 601 76556 3828 91016 5555 52148 68711 65147 83533 14130 28922 75586 24425 28061 46751 14953 6967 94168 29358 32972 18280 23768 36891 65923 81118 69183 5621 45896 71938 56954 
1570 45
63075 29301 96557 72503 29118 82163 72313 50073 86856 9710 12012 43914 63199 80762 96097 40706 2843 13426 98562 83977 4448 8028 15390 59545 3446 35827 14407 46484 74045 11929 24352 43664 7368 42799 2795 59052 83260 55861 75249 44360 40367 9765 21500 22643 92825 
4247 42
96355 29535 22023 95759 49936 78628 31226 49184 93731 66848 99934 1102 82679 82463 25522 47196 16591 32993 92769 2965 7530 24619 92811 1992 22381 79710 90345 23659 6074 73178 15223 43440 79196 75532 72521 98758 22818 6173 35702 2879 3499 42287 
1395 35
73199 59328 29879 67442 98629 90188 28401 42424 65986 12402 68246 3713 62617 5529 13663 75342 39270 94440 94845 90210 14294 28550 72469 45400 64164 21219 38880 92816 80299 77103 65586 35852 49604 68949 56118 
5263 22
74470 61670 22345 18102 63419 63555 88262 93459 76538 8405 98365 90965 31617 58559 43777 15208 66085 14012 11925 95812 45614 26726 
3989 19
62192 98390 71649 81358 10010 533 33905 56680 95406 71146 92235 67571 31592 11060 60001 33248 7413 10308 34485 
5668 17
76629 88680 77008 98230 12709 34584 26238 66197 68925 36510 35341 13762 58563 68381 13156 86352 45660 
363 13
12371 72238 80439 6930 94809 68242 76192 20855 30392 96492 38261 49572 53135 
909 13
44137 40370 56009 83788 49164 16373 80347 40165 93359 80532 10578 9724 96276 
1033 9
42889 69344 68098 9650 8669 65388 82408 4807 89162 
5518 7
78676 25255 82999 43234 78797 56750 44867 
3128 7
21307 1905 20890 73037 31800 91037 67300 
1694 1
69523 
860 1
76516 
6101 1
35821 
5541 1
82797 
5480 1
81678 
5403 0

5309 1
26309 
5204 1
93584 
4965 2
95369 12138 
4411 1
60922 
4377 0

3888 0

3546 0

2994 0

2820 1
52278 
2212 0

986 0

709 0

6226 1
29165 
6032 0

5923 0

5428 0

5137 0

5017 0

4143 0

3925 0

3757 0

3537 0

3451 0

3243 0

2995 0

2991 0

2873 0

2721 0

2709 0

2490 0

2122 0

1840 0

1361 0

1234 0

897 0

511 0

354 0

2 0

5867 0

5723 0

5676 0

5423 0

5386 0

5307 0

5187 0

5168 0

5051 0

5011 0

4917 0

4869 0

4756 0

4730 0

4716 0

4712 0

4706 0

4645 0

