183
3329 142
75623 78062 73513 90694 69246 17829 11400 11040 64339 29460 17010 90448 51812 97123 11803 77446 65752 39894 46628 83750 65712 80417 36293 35248 93881 36701 66132 19717 63960 82965 26191 4167 6500 1466 38894 71550 65069 51929 92740 11166 93722 88666 77889 14025 81634 30486 29809 89838 36458 63414 12565 77325 17181 53060 41008 38815 19351 27131 20543 70845 73250 27639 87317 77744 61186 80792 67356 63083 65026 11027 57140 93038 92709 4546 33790 35882 15399 22991 601 72649 98426 42736 69625 76797 33605 71259 36751 75940 82827 87930 96765 26922 32266 76912 62770 64031 37224 15455 34675 6265 25322 16990 12875 35027 65219 96570 55876 48717 37609 61976 93381 27853 86562 62950 43974 31340 24019 83063 62287 97001 16527 26181 79500 71786 70747 26390 32363 96477 7095 42055 12493 13698 88535 97921 82860 94623 51637 21155 46712 68782 44530 78150 
2355 130
75618 5498 90627 74645 52177 24926 81294 87528 49670 68705 83235 18108 16844 35393 13055 74588 20071 27539 13014 86026 85160 16847 30669 29159 4622 34640 99904 94544 83179 54833 80672 16468 44675 2551 23461 38714 9719 20110 38011 86932 86653 53258 37553 54712 10267 24710 49534 11599 31358 11473 81316 78874 46442 69743 33434 55543 56649 57414 78176 16133 1559 75008 74638 43641 54764 98443 29660 81787 47653 55362 13954 88444 57185 65132 70707 88500 57228 83092 94258 69104 42657 78552 12040 95835 79818 8585 19319 38782 54612 16033 70269 7444 56634 73561 69034 2277 74188 42603 13128 94664 15075 70833 7977 60273 8855 19206 33874 5335 30326 60385 28946 2084 77925 66764 27371 2111 79155 33697 58368 28537 99298 91545 46837 82774 95143 71265 43251 60322 62796 64835 
451 108
24097 63598 88028 82813 84646 88125 74733 65003 93717 38095 76525 49943 51968 30313 33004 15327 41408 4571 71347 96466 21254 70096 23290 60529 36913 1197 11197 30232 78522 13815 74541 58775 54768 74198 94086 51735 53072 68870 98127 13326 78779 89669 24647 1037 6863 63790 17651 86537 35931 61299 19329 32097 89888 99086 56438 97892 30091 43930 96862 39193 93164 4133 59445 24572 60372 94993 48556 9271 56692 22950 53546 61565 39444 92249 97321 78489 6052 31354 67567 77090 17343 48627 3602 95518 45060 2581 72733 53233 97761 53765 36600 28446 54717 93519 15457 62451 54781 8076 51628 80116 65513 48849 11794 63102 74652 41568 26069 82594 
6234 89
36012 74598 50148 23317 57896 82745 77946 37895 38384 35052 64967 21801 59448 97698 51515 52623 97161 72629 61231 4202 14477 19536 57784 57560 57477 76623 54482 33241 67494 72533 61815 41625 5705 67496 44485 89062 1642 45040 86532 19914 3668 52283 37413 60238 362 90084 4237 47307 59819 41882 82853 78983 47737 82993 17677 47449 52240 62293 13336 54006 97154 79617 28353 49023 33267 68084 16014 62715 71741 54020 54057 33972 29195 38763 71383 51828 78500 25897 19238 46135 98097 73607 16838 77542 57513 4957 17549 40140 49098 
680 74
40914 52192 11891 93446 43528 61545 87505 55416 39038 68041 31222 1260 85524 77583 92898 68819 80916 13008 51855 81430 9086 89473 58799 19448 39748 87693 76642 81864 55629 91918 85417 79567 92197 68047 95717 32158 54964 91734 61233 83190 18545 1312 67056 41422 92116 57021 72344 59841 66105 93730 15430 41285 53127 26414 94654 82247 39710 47206 92119 63307 57944 94854 45934 44236 20745 30931 52062 34198 12614 66957 70637 5558 32368 29532 
213 58
78045 70839 93313 59110 79844 99080 15307 72676 85001 17060 23313 50187 45150 39364 31359 81109 24524 33150 45398 77922 97237 84067 52165 84213 93515 42896 69927 48375 26002 32053 74380 13405 75498 34152 70767 63393 63240 70987 79161 86934 64934 27031 82657 99666 11854 83056 52135 30550 64664 56938 23465 85241 52879 91788 60399 98014 45510 91395 
2961 52
94723 9060 43527 42469 10135 51517 90125 40082 92838 57263 39799 88308 8160 64414 84549 34142 991 9906 80661 61902 13461 191 72183 43880 45012 45237 38232 38321 53216 61030 94346 27290 62943 853 67582 7987 2785 86218 47798 27607 72300 10155 58838 56660 4697 54469 19793 29848 78770 34021 46809 96949 
5010 42
13617 69694 76444 30857 54894 52646 40559 48845 70210 38020 15363 78504 50520 73899 89840 15653 81670 55183 35067 23713 51705 98945 81181 84062 41337 27939 66977 35066 97864 83158 2886 921 65151 60073 84276 77535 74884 33238 99322 49746 70816 75695 
2237 30
18359 48254 41372 33832 93826 88648 67890 11931 19582 91493 76606 31724 54577 72962 51982 96969 73584 80845 47451 5601 4990 35189 7445 33524 90613 22040 66454 15950 65582 88493 
2468 21
69720 68840 9368 31296 58603 36653 98153 36565 86367 29269 89456 6268 10654 85450 56447 60183 75332 67209 21941 63654 65111 
5691 23
60148 66226 37073 26509 79363 89833 67295 77906 57294 6454 61748 83197 54596 66118 96483 6688 12793 68285 26607 33235 15267 81213 64651 
4372 16
72010 29738 9544 33001 70064 28324 15251 50018 9524 1398 47061 9841 22030 31312 53661 43902 
1868 10
7265 77332 35425 24232 41754 19447 39658 40479 65814 65996 
6454 7
58651 90975 40184 4414 4152 89997 93712 
3673 0

595 0

5808 0

4630 2
76589 59602 
4512 0

3942 0

1527 0

6835 0

5581 0

5426 0

4621 1
56700 
4485 0

4391 0

4349 1
10387 
3344 0

3284 0

2560 0

2538 0

2141 0

1823 0

983 0

506 0

348 0

72 0

6479 0

6368 0

6318 0

6117 0

5767 0

5658 0

5486 0

5258 0

4953 0

4745 0

4493 0

4435 0

4303 0

4280 0

3699 0

3663 0

3603 0

3250 0

3139 0

2818 0

2586 0

2084 0

1835 0

1762 0

1647 0

1643 0

1616 0

1530 0

1471 0

1384 0

1245 0

970 0

898 0

808 0

686 0

637 0

335 0

284 0

85 0

6980 0

6972 0

6967 0

6908 0

6658 0

6634 0

6569 0

6516 0

6496 0

6425 0

6323 0

6319 0

6272 0

6202 0

6131 0

5890 0

5675 0

5444 0

5267 0

5052 0

5049 0

5024 0

4923 0

4844 0

4819 0

4675 0

4590 0

4501 0

4492 0

4247 0

4188 0

4113 0

4016 0

3931 0

3908 0

3886 0

3874 0

3813 0

3772 0

3590 0

3535 0

3473 0

3239 0

3237 0

3082 0

2827 0

2707 0

2473 0

2374 0

2205 0

2165 0

2059 0

1973 0

1965 0

1877 0

1611 0

1581 0

1262 0

1145 0

1130 0

1065 0

976 0

956 0

817 0

756 0

734 0

725 0

719 0

609 0

532 0

525 0

409 0

350 0

63 0

6986 0

6952 0

6944 0

6789 0

6696 0

6610 0

6480 0

6422 0

6231 0

6212 0

6115 0

6056 0

6052 0

6026 0

5989 0

5974 0

5907 0

5852 0

5791 0

5785 0

5718 0

5627 0

5618 0

5569 0

5455 0

5432 0

5406 0

5392 0

5371 0

5362 0

5305 0

5281 0

