138
2036 17
3342 85774 82987 39597 77847 99447 96214 20150 20647 90198 88213 74136 62876 45897 73284 76878 85702 
4394 17
57541 26009 44363 26492 99593 7504 72642 63094 69916 26780 57539 19193 57669 73247 82426 75562 15984 
2351 17
1241 5954 31464 95760 23002 44415 3659 20093 1908 68768 93275 75177 82049 37307 85719 64356 26546 
474 16
20514 59334 47036 72974 4929 94034 55247 11657 58244 12037 27177 42037 12971 83147 75032 49162 
574 17
20782 25712 92680 65448 28660 51168 32929 97750 79095 54430 8898 47423 33401 80622 95890 38719 53102 
3926 15
43042 90776 36224 75281 57128 16100 55236 92792 78272 91653 34921 38876 10496 10729 45420 
1575 17
90248 79268 79261 86928 76308 17906 18615 46019 28526 50491 48568 71413 11878 64069 18241 50393 46883 
1755 15
52375 67449 24188 12318 71721 98884 23307 37045 73191 47899 78163 49856 9418 29557 29235 
3533 15
2934 1619 67836 72299 49084 27380 649 54615 4702 36795 72819 42684 20076 42466 33508 
1380 14
85595 57738 20383 3645 32446 89887 71604 33898 93711 97027 56667 42389 85615 11521 
2536 12
67467 31847 42914 17834 58339 56523 45982 75996 31676 61084 4970 94426 
3043 12
60201 86910 27087 94235 31347 15862 36034 49072 56024 38710 64401 26549 
3307 13
59008 24647 88547 68471 40510 49577 84248 94636 61078 72563 39349 76749 75749 
3681 12
58991 89309 37773 41468 85707 20058 2529 63337 11462 46271 34836 80200 
5535 13
11423 70449 41887 95628 673 96741 15481 94076 94566 74619 69935 65980 6304 
3915 12
1355 36363 51534 38137 94029 55276 75312 41565 19792 24711 46811 31490 
777 11
97632 56684 82897 78492 48959 52984 87137 74706 9625 11059 99786 
5610 11
35869 140 42173 13657 89726 66740 66884 34705 26429 42642 87790 
4966 12
68602 77871 37000 16673 86334 6123 67621 32168 91831 70738 53817 72368 
1937 11
90703 10687 10129 91098 45231 54318 99481 56710 79710 11417 89327 
115 8
18298 59460 28631 91001 99732 36957 73350 49975 
2386 9
14440 26283 89431 92556 24909 39199 51557 27275 99605 
4929 8
87007 65638 13948 73568 99180 76296 47761 6006 
1078 7
5250 6427 47101 90524 2502 54653 91034 
822 8
69527 35093 42340 26169 63179 44846 58945 67958 
3535 5
77373 49387 95973 70292 36773 
455 5
26629 77170 72386 82148 61424 
3943 8
72985 54848 47438 8584 52987 23100 60799 58793 
2219 4
32227 3614 14613 41904 
4407 3
40693 30922 3693 
3233 4
78254 53772 97360 24465 
1067 4
15465 64299 49742 88376 
4234 2
60808 10524 
5813 1
36682 
5750 0

4876 0

4875 1
33097 
4667 0

4625 0

4555 0

4257 0

4053 2
25426 32068 
3913 3
77019 36919 51698 
3910 0

3811 0

3791 0

3626 1
32925 
3599 0

3537 0

3512 0

3419 0

3365 0

3350 1
12543 
3293 0

3142 1
71310 
2859 1
55048 
2796 1
2973 
2564 0

2415 0

2305 0

2286 0

1701 1
73493 
1633 1
3412 
1576 0

1469 1
66558 
1331 0

1322 0

1279 0

1174 0

1141 0

740 0

467 0

449 0

446 0

421 0

399 0

347 0

63 0

5857 1
6769 
5848 0

5836 0

5835 0

5831 0

5817 0

5804 0

5728 0

5702 0

5673 0

5653 0

5647 0

5594 0

5582 0

5577 0

5565 0

5521 0

5512 0

5497 0

5468 1
82082 
5461 0

5426 0

5412 0

5378 0

5363 1
52779 
5357 0

5339 0

5280 0

5201 0

5175 0

5170 0

5097 0

5086 0

5075 0

5061 0

5027 0

5008 0

5006 0

4982 0

4947 0

4865 0

4857 0

4853 0

4841 0

4834 0

4833 0

4806 0

4788 0

4733 0

4730 0

4707 0

4689 0

4683 0

4675 0

4654 0

4652 0

4651 0

4593 0

4539 0

4517 0

