101
1598 202
30811 11217 11497 16475 38635 39236 33670 29880 31304 10508 24090 36900 12910 14123 13175 15056 27549 10539 33245 29894 28326 20526 20505 30958 14939 35623 12369 35772 42075 3349 19071 19862 37095 16385 29570 27052 19598 18384 30288 39984 23606 40846 22773 17616 8424 2433 31072 23246 41844 32998 9192 24817 33926 824 27428 43853 19985 2501 31112 27168 1509 1888 12870 22606 3602 39747 25275 15677 6628 19671 16841 3737 43902 29722 7045 4972 6894 40543 6131 15539 10241 37415 30161 6267 13778 2058 15545 41616 43199 8649 16861 39427 8568 30993 15910 35538 19773 37210 2127 23660 33802 33640 4939 36953 34549 16769 10045 3809 4647 36240 2566 34364 44481 8245 16068 43664 1520 39156 38019 13694 10714 6164 27255 41686 42824 24472 31144 24538 2484 3390 12462 41409 12308 12213 11041 25706 30802 16973 39294 35366 24189 29376 24691 5428 12797 15914 1013 8916 39866 41 35719 20597 15686 8892 28147 4739 10806 39165 41663 9916 7305 31509 6142 34236 40978 37918 35762 15233 21986 15499 23399 9471 11639 13671 33188 7559 38958 21231 9798 28018 35278 25116 4959 35841 1961 43422 28268 28804 29562 8320 44187 8584 23614 14481 14878 38246 16494 19405 8975 41640 43485 9910 
2029 73
11320 6679 37680 28907 24322 17229 8220 32975 11746 5996 41555 12779 2652 5506 16344 19530 42733 11052 10609 28101 32932 32749 7246 18218 10950 29263 44177 35763 25950 12599 28448 159 15072 25830 23777 30094 18958 3097 36200 10846 3545 24228 23990 37819 41233 22065 41548 17188 17025 26835 29934 3501 2084 10734 29424 7475 21342 32072 28794 15023 42236 29532 11603 5161 42762 20330 42956 37955 14770 22669 31962 25097 23183 
4002 72
24897 41014 44534 34851 23132 3142 476 30941 34503 11266 1436 41448 37812 40014 23983 9789 34521 34023 9643 4533 13657 13604 17534 36493 31364 44051 14633 36960 31447 3281 29211 14358 18830 11454 25637 822 32843 32018 23617 12999 19490 43265 34174 22712 3786 10190 25360 34918 31422 41952 35373 28497 10341 28369 27354 14465 42974 11180 9056 10125 24703 38797 19911 15489 28970 31801 14117 26070 5242 20378 29672 22811 
923 73
38030 28367 13108 8869 37024 5292 3995 12566 28342 27977 10445 24581 13512 32375 20733 41575 35353 3840 24736 41940 13002 36821 24907 18029 7510 32824 36528 41661 39542 10580 13270 33046 4666 1110 6074 21836 37219 40145 37256 35713 31993 20376 21146 17405 40870 13609 36054 43661 41900 30399 6132 18116 3775 27629 5264 43909 1154 30747 44530 39119 7765 43009 28015 35057 10439 17267 7331 24806 8796 43027 26153 40566 19826 
846 72
9778 31951 41507 16620 571 28756 8078 32740 10850 40218 1309 1994 41615 21114 17307 35767 20776 21476 26353 12758 7506 4839 12102 38379 21947 23460 11553 28457 31674 32713 13492 12287 16360 24546 14046 31741 44024 13178 2402 6471 15144 18279 15816 21216 18675 29549 4547 30731 37876 15364 9969 15901 42580 1931 24142 21044 21507 12824 21067 16474 35138 21258 6484 20545 39323 28731 4950 17589 27347 27511 33305 7037 
549 73
38973 22036 13087 37417 40964 35603 36354 26292 25232 14894 35759 13553 28291 13215 2557 4610 1835 39261 21594 16400 5525 697 15260 43863 28603 16807 40713 20985 7387 37292 17865 24285 24565 27173 1193 6292 38144 6847 11632 32642 43469 11645 30215 6895 17677 29575 674 3353 40855 22813 2056 3447 17026 18768 20147 11141 22400 20881 31651 14084 18149 34197 17824 20956 22853 30068 5006 42261 42680 40514 40778 327 16765 
4426 72
33315 31164 33385 43561 44418 3396 30861 21099 4009 38541 25404 31218 43056 7926 6192 44207 34576 28567 36804 40824 2789 16723 37036 39022 31502 25955 13743 16782 13177 21723 35511 22188 28014 18825 26815 24976 13259 9112 7300 28381 13212 5503 23119 30284 27007 28208 20423 4300 35391 3671 32672 42071 22076 198 4758 1123 11477 16780 18001 9176 32796 37449 15867 16076 32487 37961 34246 25753 25949 13161 33371 19679 
2602 72
2579 7848 34303 13974 10297 2610 7696 11142 42150 11507 4976 21938 24282 6944 2352 26234 40472 9469 2868 25575 36396 13063 24791 41752 39766 21332 17109 44657 34894 20500 27344 23490 3024 19428 6104 42851 15843 29981 28928 19788 38435 1733 17627 34025 15510 2415 37371 24576 20859 13846 4718 40694 36058 13670 16625 19201 36540 35092 24299 25896 22561 36845 20678 36859 21829 9090 27371 5725 29401 28246 18853 6062 
2531 73
905 5433 40168 21567 18916 34075 17667 5366 4481 16652 24518 17027 37668 8977 18709 2427 2556 44015 15361 13046 31189 24912 44124 26110 39876 12033 43836 35298 5751 4411 3055 8651 40061 1746 30604 37300 27840 36802 24382 29240 10313 31987 19831 22781 42461 26540 43947 44460 29998 20195 27698 19332 35232 36215 29485 41148 234 20010 20916 1311 44366 21411 36637 16351 8875 28629 6631 15147 32379 27791 30260 33554 14840 
2310 72
831 39349 14335 43508 32734 15230 40053 2658 30369 32302 15299 15528 26305 33775 35337 8100 38345 5856 24676 17209 37281 33751 20771 35844 34967 15410 13654 25333 30874 43019 29375 36039 1511 4689 19881 21609 12068 41943 26655 3787 1824 15802 2227 118 22138 24638 33291 13110 31525 9477 7508 30749 2513 29333 21629 8768 31326 4774 15579 3811 35505 6516 9664 540 16760 10490 19265 11669 35054 42663 11069 12627 
3729 72
34342 35952 30474 27431 13371 32809 34463 34353 15886 39407 4928 31746 19268 23139 40025 8543 41710 35622 35688 29616 12591 23152 13449 544 13650 29656 42907 7703 25917 24381 21531 42904 18472 17236 31106 21828 7929 20509 9115 27205 28564 44643 34002 1541 34977 36971 30459 6795 1905 29675 31756 16659 20367 14255 886 24695 26942 25104 16741 7868 35753 11302 13388 18189 18396 22195 27652 13135 3643 6230 23043 2634 
1955 73
23271 2337 32148 39679 25613 25243 11046 13147 33074 17014 22872 30406 2542 24584 23992 24717 4545 30336 12449 7776 21207 10276 39118 8852 23952 27851 33282 25909 21168 25515 3745 36421 17655 37211 18140 14742 32944 28916 33843 33654 25585 465 9004 11991 11439 31283 18252 29420 42198 3714 32369 20832 452 24648 44293 38980 41173 40116 28229 145 19966 1254 7284 11919 16148 23936 35531 12801 10419 25395 5198 27309 4827 
639 73
27833 35964 16340 29940 12491 32674 10390 43534 10136 25804 20004 14375 16616 28692 38911 1910 37427 4309 9603 4381 8234 694 16953 11525 33053 25827 12360 39640 40280 33101 6150 41536 29019 42506 8554 7571 9263 11381 21072 6595 2505 22000 17916 14834 12730 39419 5059 6274 26665 28533 31028 31405 17356 32523 5853 7461 21406 14508 38194 39897 34371 3662 13571 15094 40477 42021 40036 709 35022 32268 16437 24320 21582 
2556 72
11518 28249 24190 37772 23056 13993 16589 39583 22475 5084 35918 6683 2211 39923 18340 9318 25059 29439 6527 36529 40555 29890 38006 26302 19863 22 41375 9324 23114 430 19260 29643 40354 19043 3587 43826 28566 9303 32651 5239 20344 43658 3376 38656 8659 8449 22363 38389 28906 32204 40552 19398 8485 34114 32499 29681 4893 15360 29919 37142 23232 42060 10124 37493 41595 20936 40358 14237 39584 44000 43033 2920 
4592 72
30574 22304 315 2109 22694 32701 44219 44278 10896 42709 26620 39356 38552 7256 22598 20618 1747 44566 2403 24776 10874 21442 43837 4529 41255 10834 35912 779 16789 34435 4200 2316 33786 37501 10780 5182 28939 21462 34985 39464 16211 40432 33425 15938 25455 21664 6606 18603 29702 22141 10796 10702 30511 19523 43990 37845 26229 12265 24684 21607 44414 32624 26378 3098 37082 7842 41588 40620 35615 10063 23035 21250 
1095 73
26862 38684 39379 6522 39004 5622 5744 40531 24235 12289 28346 6745 6449 41440 8304 32277 40471 12124 18349 2654 650 14466 7341 6490 16132 17755 18288 41831 25144 364 26482 6398 37225 27228 19781 41021 40463 41850 9255 8379 4077 3292 37661 39815 5733 4947 27957 14066 4201 3812 18988 32640 14651 2687 36947 28983 8676 7522 43871 20606 6564 34288 34179 9376 27413 20399 35435 29051 37335 1438 44191 13837 11596 
599 73
35904 6873 16913 21326 269 36473 25327 5883 13969 30346 10542 40715 30461 3547 21482 22031 18698 4190 1279 40443 22077 27100 42882 9198 20379 19425 8242 39895 601 43259 36352 25316 26920 28070 39738 38308 8759 15436 38692 17944 31567 11018 31318 41225 22755 21784 41950 7150 42210 14242 3926 27250 7126 42429 29280 34086 42050 30270 12038 20489 1891 29148 13090 33166 33121 31488 22583 129 37638 33430 20786 9966 5688 
883 72
44370 39153 34228 6096 13049 42717 40159 36183 24372 35960 38330 1397 23735 9941 25549 24671 36476 22565 17838 20038 28361 4862 20352 35326 38088 24345 6249 41679 15110 21923 8604 22904 25068 27296 6827 38843 1564 2988 44409 2993 2651 28562 24928 25214 43841 30355 3252 43396 34691 13811 36296 33355 28188 38411 41431 30839 19794 4379 16120 25657 40704 15913 44168 34119 12875 26996 29066 35276 13517 15698 14400 8125 
1538 73
28811 4858 21095 370 38570 17244 5023 31647 9391 4146 24531 36921 32085 21058 13647 25062 19197 40375 34560 30229 20009 2229 33549 34195 14371 36173 33087 6331 23198 40932 1227 39588 24789 17221 13267 29983 18970 26746 38164 19873 41163 26992 27659 36310 16188 6260 3785 31942 26814 9298 22316 27191 30164 1850 10037 24136 18752 39347 4743 11909 5796 42525 376 7666 37985 38939 39554 13043 37952 2515 39096 12934 26748 
332 71
12105 26046 35715 27317 8520 16478 20071 12574 10403 43585 10866 21877 4318 27222 22739 6268 38612 18094 7233 38358 36477 21733 22865 10232 31386 27631 24222 41601 23279 9019 9145 42327 18362 35144 43053 13711 25552 8937 24767 1411 31020 32036 12506 28759 23030 1949 9113 39928 6544 9632 17280 18133 16220 32919 42711 22212 4005 42507 3003 28048 6238 5559 22465 27987 1936 18705 21313 13407 26201 34568 42126 
594 73
2356 29976 30851 11693 30118 39402 33558 17472 35093 13482 30397 7834 25800 22651 42781 20312 5693 19884 28643 7984 33162 25795 14574 28672 3611 28649 23920 10650 6974 18620 10249 20746 21837 31550 32964 39598 31534 20233 44608 6560 25797 34080 35031 38728 14392 32754 18725 22122 32209 8180 21208 2301 30313 787 16503 40854 28977 31392 27860 16753 37878 31986 26273 39917 10493 17300 5848 20053 8983 26209 41793 12157 40695 
2109 73
4049 22816 15838 25286 34929 34661 37516 13324 16207 11584 42777 45 15324 26850 12085 28183 16067 27336 1828 5316 31384 10883 23050 29561 10052 30322 39327 22263 26756 6032 29127 4611 3372 38769 8897 12052 32668 22855 36634 32839 43994 25867 42595 43655 40788 1437 35934 21744 17430 1953 19725 3961 18043 11336 2190 22289 4051 37757 10930 23311 34684 43820 34581 40937 41383 10894 14326 22247 18931 42490 33479 43904 29468 
2774 72
19245 10889 40862 10716 13469 36737 38673 4875 4999 23263 27830 35266 37884 39555 16971 10211 16314 44439 31176 32404 28548 6946 10255 32939 39921 25854 32442 12087 11325 25180 35106 25437 42226 27810 8867 41579 37226 3591 1478 25674 33111 13367 6732 5538 39824 22846 30427 10879 44624 2894 42569 124 21626 13434 32214 1365 20861 26914 6318 7163 31854 24257 24655 22353 250 43920 38364 40362 19235 22860 39044 34754 
898 73
41105 44312 4784 26040 29958 43743 19183 27620 28787 21405 17563 19660 30886 15381 33235 24205 5627 2347 8195 7936 1651 7494 26703 6820 3834 44625 30136 41213 6212 15240 36808 17277 28553 10825 31997 37774 5991 32136 27967 17288 3912 13247 18381 7713 21900 43397 8439 35579 32583 42065 42930 23798 17643 2728 11178 8870 37480 29886 39556 38297 17808 2155 27899 41574 8112 41017 9185 26351 30252 21690 37726 37542 1909 
1204 72
12477 5570 11090 42318 17941 27059 34793 7238 29772 24805 21429 16234 19592 811 35791 31444 17966 38704 42970 119 27621 32991 19608 15507 6796 35040 37453 7182 6411 6116 27916 18548 26697 8936 2197 8311 40174 40672 14061 6168 11386 16145 9682 35564 17990 20079 37189 6185 38173 12725 24379 10142 12485 19849 22879 44050 17275 18499 3497 5952 42644 26735 13959 38229 43105 43544 24125 41822 38375 24019 94 13990 
4289 72
26629 30924 9022 37336 41068 41864 41446 18266 21167 36959 9008 334 20051 9041 10569 39996 16149 13032 3379 1620 1682 27229 1836 38090 10349 33533 24996 37922 32893 15226 15739 29020 4050 575 30870 8369 11012 21241 28605 30938 17449 19782 18539 26185 28703 4386 21867 1081 12185 22880 39521 43622 38945 39995 5364 42708 15265 9166 30181 30910 21125 19101 7881 23055 28719 42727 564 42262 43389 31717 1072 27602 
2042 71
16414 11845 35997 14449 5662 44077 14015 28665 1778 26384 5203 3075 36206 39490 24161 38998 18503 22786 12996 6947 19527 18596 24547 16359 6922 19544 13274 4789 42558 11829 8471 34452 2168 16036 5771 21393 16020 10952 17781 17033 4544 29013 23934 36237 17973 19877 5556 30503 18292 6209 36428 32450 11768 18454 31789 44679 22590 6121 4428 18579 20321 31345 1073 5003 12488 40175 3059 31147 41308 23063 2675 
3073 71
1195 29029 30906 40217 25679 27139 26711 1725 31574 31853 15345 20145 31932 43230 37479 5177 35108 32483 28067 23938 4993 18764 24467 36432 5806 6068 161 6154 20105 355 30626 28243 10435 42001 37108 36864 17069 178 20066 5928 28084 15084 32543 21020 27768 4248 11580 28641 37911 8593 27611 41550 19548 18316 30597 34651 42038 4292 28682 17178 7960 38160 29335 43367 8866 10900 1701 41280 44525 3096 25442 
1379 73
34133 17985 44368 9333 27268 36936 20912 12959 26943 23799 32013 341 20309 43588 35913 31066 33764 23415 33720 36689 29881 37561 23937 35581 35559 10622 12876 25571 30917 9481 1372 10355 5749 33369 43822 24993 34494 22912 9123 12489 18458 39581 24496 19199 41517 41386 24399 37297 30191 20014 4138 30166 12716 19226 23261 21855 26349 39558 29727 8024 27703 30416 20784 12587 26776 11503 31790 37702 12806 6535 15570 8476 39122 
1311 73
11846 17903 7836 41452 29757 20821 26829 40748 31664 26412 35671 31178 24568 2013 30936 29533 23371 10243 31006 24994 25740 42440 3886 7216 43277 22098 4965 22322 24469 16883 1054 5146 11798 7956 2219 5536 16981 16446 6441 42235 22941 1634 21651 21394 38234 3658 21471 37126 34500 1742 12956 17669 30782 15275 4815 27532 21460 22693 7591 7413 42845 20290 40830 35419 26341 24158 8750 3388 31015 371 6494 6277 5001 
2041 73
20203 29759 4722 16366 37583 35727 42638 38697 17140 16500 41242 4891 41395 15669 36715 15417 31658 3236 36972 8886 4151 95 32979 17266 1582 29600 9100 21558 3084 1065 40729 33983 22107 29317 10595 28185 21714 14778 33805 31609 3631 23754 36011 25694 6829 15267 42496 3901 20605 3204 21548 15201 15786 14851 15650 44674 44642 16546 32692 15681 9050 5548 29112 26223 41546 37806 17386 10847 34062 20182 29380 31070 7869 
3761 71
14261 28472 26719 27826 35751 41871 9042 41182 1488 16722 41642 9215 4863 31943 35421 12396 8719 43083 20150 22424 12266 33680 29078 15805 33158 26537 19557 12286 37936 8850 32867 22348 29550 1784 32951 22165 13760 31891 35698 11114 25675 15075 20454 33767 16545 15160 29411 1600 40193 31697 23569 35099 41115 17332 34632 35985 15336 4733 3823 11877 41697 42431 16944 8268 18329 22897 32565 38559 32047 27898 37347 
1664 72
11990 9082 7574 6804 25300 13501 41798 38474 21370 29689 14148 35986 5145 14370 36562 20857 35948 2940 28109 44070 11594 10207 41051 7117 32163 7912 23520 26078 8478 24629 40228 29774 1310 4322 22109 35491 25112 21425 41589 4675 3226 32459 16537 1536 43336 34760 15078 8551 29926 1814 42547 28402 41492 1203 44047 1661 19898 34520 38895 13111 36672 42645 15344 34309 24686 11509 9436 6141 24417 30264 22804 16561 
1949 72
39034 6289 24834 268 43424 30454 22009 29005 14437 29462 10683 21276 29213 12920 18795 15100 27552 13457 34289 354 9641 17338 12862 35646 19147 23011 30039 22903 29291 37818 5086 33298 4356 20900 22921 642 29227 9560 41675 6390 10004 32795 36207 25828 34766 38749 30251 21240 39657 4388 2252 34800 29162 14157 43129 36293 29764 33739 24110 11067 26582 441 4485 22014 37401 17850 39816 13653 8272 35705 6019 19247 
87 72
17905 3015 8267 39028 33937 17011 20590 23331 28752 32873 33228 11281 25155 4856 37463 41326 36171 39553 24802 11551 28364 20546 17648 14727 14124 1596 1473 19718 35107 28332 14195 23555 26410 25858 9102 11615 12473 7914 32935 25448 30794 4596 24268 30056 39639 38133 40276 31730 42905 18770 1730 23572 39569 6301 19905 11642 11966 8919 31580 15037 24071 44356 12342 488 19177 7206 43403 21571 1255 32726 16962 16829 
607 72
7721 20146 9753 20688 2019 43369 37592 31633 16681 42928 3202 1508 28051 24884 12670 12948 34574 28271 6460 36061 382 10102 27509 29830 26187 31227 33067 20088 42231 4354 31223 22133 20562 1191 3512 38496 28807 22274 30569 32210 34 10925 40863 73 2302 23374 4295 20743 22029 21242 35969 42524 41851 25069 19628 32496 15352 759 23922 28193 7393 15164 7628 13799 27736 27693 25990 41899 18570 10639 30723 18262 
775 71
41788 24065 34148 32362 35864 8809 10629 4440 16392 40267 12494 42874 34671 43474 25739 41836 43684 23925 13403 15415 30900 9152 9229 12539 29220 15049 2387 6573 1338 37548 25860 33950 38064 42110 3108 34504 18560 9786 10715 29000 36876 35158 19056 25051 37919 26744 19921 33398 18156 38267 42740 18008 24280 29539 29187 35000 26990 24636 7602 17895 30192 8509 43416 37365 8960 7179 33553 41475 40876 31870 27783 
811 73
12290 30517 20316 22447 43236 9094 27556 37298 34482 34363 38285 10519 4870 40510 35277 6216 37012 12198 27394 21278 10751 4023 14938 31110 37915 732 14070 34315 2793 1987 21993 43938 4185 15325 20656 33045 585 13803 34251 26885 25510 25809 44702 14440 23841 10488 15564 42477 21162 21824 39158 25882 20626 8917 19740 37530 14693 41070 44108 10890 6448 27063 11110 432 32717 25554 14765 40919 33191 22369 5750 14913 9567 
2036 72
33361 15952 33250 18794 13053 27597 11557 12130 26991 39239 24412 14619 35109 18282 28650 29912 6442 22079 36052 42347 18659 6252 37476 16056 11818 15927 31602 3533 14492 10350 34274 1659 33497 23498 14558 32298 28531 11906 23242 41869 24922 20624 20996 41246 13782 4055 18855 39882 1084 30114 41908 25079 24995 13735 5915 42113 30641 6045 7436 6780 30775 28888 12397 40577 38274 15696 25566 40386 30019 30848 23334 6996 
2203 72
44567 9601 21616 1410 40644 25377 12106 21821 42137 14793 36221 42570 20292 39958 41342 18330 36756 37879 23760 5901 43520 9613 29122 44274 12532 40385 3347 31118 21712 5416 8470 6884 39676 25543 36342 37640 35649 22307 30172 35012 28789 32154 41652 428 25491 5514 5256 27969 7198 17378 15132 18870 12271 7222 35852 17579 6940 37385 41963 27373 31017 4074 4558 19666 18443 23329 34794 22666 643 3435 33722 1222 
1677 71
10294 9835 17359 29140 9774 36805 14407 29787 1264 29069 20476 23772 42082 18013 19366 18337 5992 18904 33022 6233 32349 15519 36363 1005 8356 31732 34858 26692 39272 28251 33279 2650 15371 40108 35021 20871 16466 43021 14999 14957 19374 44405 38824 24120 32887 39145 18319 32905 14187 31770 37586 9432 34867 43636 11880 6024 7890 36762 25588 42751 22024 5568 42561 12459 9714 37654 2248 4108 1442 24148 32990 
3304 72
30508 11257 12800 26588 23337 44352 41872 42761 40722 17893 35740 28791 39171 43383 35859 21790 31551 22871 23915 29844 31859 32913 31661 24105 10626 13010 32232 28056 23143 29106 12747 27182 2277 17452 29421 28778 37643 1220 33167 24814 40173 15634 12967 845 34404 22131 43610 30637 18687 15293 10095 17769 42853 853 120 25222 11013 44258 23061 37534 43204 9173 27282 12335 39883 27780 42016 5493 32803 24101 33577 5922 
357 72
22332 7129 44057 30796 3128 21430 7614 41009 36927 11867 13446 11508 32875 21103 27735 23438 14008 16490 15490 26104 24204 31469 34636 25314 34519 17782 3359 29415 27422 34243 196 11055 12195 18258 9840 40595 21106 17693 29326 7511 31736 11424 16263 38774 37671 18613 43676 1692 2727 34799 43217 34943 10948 9574 34298 7950 30339 10457 23635 22381 22027 43671 30028 7285 5373 43484 13561 22579 26251 13040 10280 33209 
401 73
29506 13810 18558 14150 30911 40024 2669 43382 28825 7010 25210 17426 6531 40342 29551 13052 28511 3258 25 4836 19217 23515 35329 34901 42873 8286 44594 31555 20521 1563 19607 4044 30903 26809 33015 15441 30551 29446 26386 34835 21909 44499 7680 20364 41230 38754 17340 4801 28745 14025 14595 22733 27233 23675 10923 978 9988 37820 43010 15292 9523 3493 8454 11360 4963 34732 28441 24081 30134 26545 1027 16047 10587 
1929 70
18745 37559 42239 33501 14812 30286 27490 24503 4849 22956 1421 21004 37711 6761 20278 16013 410 22366 15440 40626 40625 26004 31909 17006 18694 22410 37560 5210 37266 10637 7456 24076 2241 25730 14798 1876 12422 24944 18968 41708 298 42949 27067 12032 42780 42475 13630 18612 20441 38925 4081 31507 27470 37166 25478 37052 7271 16991 16386 27685 12724 31846 11229 5891 42783 28240 36675 17 41795 20081 
4508 71
39914 9170 1252 2191 33588 41949 32211 6825 33661 40505 14650 28604 18335 34050 14139 31039 10775 23700 24950 28476 26065 7268 24033 8776 15445 29882 26586 41048 31451 14810 43850 19370 2025 15778 42196 23921 17588 5596 20542 34952 9120 30021 18740 3818 11972 20775 26544 8109 975 21763 28740 25805 8019 40635 15478 23174 37253 40429 534 24464 36869 11770 4449 38225 1743 30808 25523 39289 30365 44284 28549 
1465 70
23369 16066 34595 20243 3319 30638 20223 7004 22676 746 1769 28083 31543 23418 31702 8260 22432 2162 10916 12312 33321 41578 0 16131 12710 18210 41400 20890 27935 35316 14978 31246 5507 18153 22203 34926 2498 15463 4600 31748 6930 43270 16708 27188 37706 22770 7949 14100 32953 16201 26902 6731 33148 39316 442 19210 13116 39665 7739 35799 26784 4605 41556 2725 24558 39924 4786 18155 1884 14350 
168 71
20425 22236 40878 6558 27570 27997 18912 19791 20530 37001 36124 35557 5474 32279 36283 17989 31631 15832 21542 25452 34783 43258 17086 16628 39661 38200 44403 43094 28829 21141 26114 26227 35256 41790 799 3177 36593 3563 10814 12420 27936 18957 23994 39031 42426 23037 35954 21441 4308 17037 28749 36549 25952 38598 7237 9458 22760 19494 5381 24550 14432 21235 34648 43419 13824 40202 33563 26294 43906 14483 9086 
2013 71
7249 8553 40636 10247 24739 14674 10520 33925 6995 7568 4307 42283 43869 44591 11922 34272 34194 6296 4769 23041 18780 12365 718 39263 35950 20361 39744 38711 38703 23181 15054 16717 20125 36744 38065 23905 9341 16606 39580 30129 16770 16645 28550 31737 5714 13431 9831 7656 8505 2601 2908 3678 41363 26258 43770 21683 5598 30720 42008 23784 39663 3731 1393 32598 1160 16431 34633 26083 2399 13201 23669 
3602 70
22403 21740 28542 25416 29275 35891 32048 3229 35716 6091 22030 14238 30807 6368 21054 14424 4079 19677 40582 27892 6341 11005 1 3076 44388 4126 3 40422 25390 3294 21286 2689 44183 11709 18614 42087 32364 25812 5620 30168 39740 36504 1946 38175 44678 24369 16864 8517 4869 9016 44126 12089 39936 12901 5721 7328 8656 43007 33844 32702 42269 20272 20214 23509 26882 42312 17124 26636 42755 41288 
1127 72
40040 16586 30109 37630 41735 42324 29961 707 12082 27794 27713 15746 36640 34218 10962 15457 7467 30853 29301 38778 17933 28131 33094 5258 28216 40371 28173 640 31421 734 995 5211 31187 38129 13520 5887 17174 32621 3408 36861 17369 42085 35479 35392 26045 43984 7861 10022 14257 20773 31566 4289 5940 21817 23632 760 42503 44112 765 22484 34676 35738 42438 15315 30143 9527 40140 43733 24495 22501 5488 7232 
2454 72
32416 842 36120 1256 21293 33914 6193 30385 42024 16611 6183 23791 18184 2952 24759 18843 33370 33340 38447 38437 1449 32949 2588 4746 7598 9203 28303 28721 17077 41628 8419 8124 32985 5426 15810 27770 14846 43193 894 36407 40032 26077 6248 15672 31931 29423 15531 35815 8201 7858 592 37183 27579 30586 11201 13912 27539 23205 35691 41477 14743 10549 36346 29302 10511 12600 33256 24981 36636 5734 19407 5946 
4925 71
2524 10599 42145 33506 41486 32270 14104 39318 23172 14167 2246 29191 20711 24900 29578 13524 40380 27708 21338 26066 19667 41301 35549 37079 26401 41933 18610 40508 44502 17402 2209 18965 14707 37165 33910 100 28464 1146 42962 23076 25787 18376 24612 572 24918 256 31286 39730 14285 14601 34316 14551 10758 20232 12269 24851 41828 30872 20940 23262 38793 26855 25188 32580 6459 23946 23243 40320 36459 38206 5497 
1293 71
22091 32907 27925 26133 29707 1993 14546 12502 21920 12890 21109 25006 2699 31910 10492 29977 4098 8851 44185 5124 8207 16939 14612 28578 20215 42281 5905 15501 9659 2732 11994 13781 32190 16179 8190 39142 41144 16270 37065 15036 27665 23819 23266 39266 17242 14381 6794 25758 13394 16210 7279 43476 9349 44244 19344 15047 43405 35339 294 11042 14389 7229 34773 22564 36573 23763 2944 7474 33986 44387 10678 
68 70
2303 29615 27619 38904 8617 26214 25369 16819 10233 4942 36582 24986 40365 28327 34118 31003 40810 39716 20729 6949 34852 7027 41267 33946 32108 40169 1062 1727 23191 19297 27819 13396 36962 4748 10664 16151 1882 28256 21956 11113 32135 26900 13984 37609 12691 19347 29758 35447 3308 32240 10332 20819 36380 21916 34862 26766 27959 11771 21432 28633 43285 10234 23320 37188 26728 13225 23984 12523 14310 35428 
1278 71
13874 13988 1228 19850 9010 7493 19118 9073 32199 17540 32869 42639 37733 8206 43899 27175 29386 27522 3282 22911 8097 11537 41995 39026 19612 1142 23353 9045 19018 40043 22338 37701 4822 23475 6790 23049 37667 9573 15801 14723 10132 34598 22890 38806 28053 12818 33485 11504 14662 14758 38471 35993 28021 25803 42502 7826 32923 23466 10946 39865 22282 15738 17419 3528 11187 13843 9692 9525 37249 31935 19509 
2112 69
41969 31646 1224 28852 28123 12553 22909 5629 19934 24009 39954 34616 25230 18903 5759 36193 30682 18215 25388 16899 30338 15272 4456 38315 27129 38448 19150 23662 16447 13716 36298 30301 41794 22883 24067 25435 7384 39311 39177 9395 15543 26752 9901 5081 36999 31086 37864 21752 27104 37118 28077 1766 13105 25579 31267 17568 6843 16486 18871 44533 8457 16064 16317 27903 15145 32724 40446 30964 4258 
3340 71
17953 39315 34324 317 22827 25503 30918 9445 3345 33832 34477 21963 37613 26092 6525 12222 16798 22297 25476 7597 14753 21472 10480 19127 42542 22012 30116 40143 4552 17017 6918 36160 22717 24014 41685 1447 1247 33322 29863 36261 23570 38170 17793 12381 36242 857 36722 38158 16751 28366 36490 43077 37786 12471 38460 4632 31012 19779 30602 1017 4635 26584 21980 20710 8933 15250 13641 20779 3153 21527 12819 
2611 71
26682 44382 1714 42698 11565 26002 33623 28842 33012 34775 2753 15143 35490 4522 33811 33712 11724 43832 14179 43260 32965 33181 13652 21255 27318 33993 6130 9691 24567 29841 14159 6011 5485 43137 4787 27203 3729 35936 13364 33846 5858 44412 11366 6893 37182 40337 21839 21415 1496 13832 22759 24073 16880 26253 27094 2598 36220 8904 18061 815 27217 15896 8480 36465 23596 11035 35060 40861 18595 14037 32224 
2898 70
14863 8569 32044 6748 40752 40100 33690 37428 24865 106 18562 38121 4676 4782 20453 29807 41248 4172 16396 6653 1706 20430 1385 6042 27225 16016 32016 9512 7301 24254 10272 42491 30576 20386 19659 8958 15374 38464 41323 35730 9858 7029 36537 5834 37976 17673 31374 37842 21498 22672 29266 21605 31016 30799 34787 35915 23123 514 6586 12411 1293 30639 39669 11942 42073 12953 9547 8084 5906 37783 
2542 70
13433 10417 20045 10800 1361 12524 22686 32585 34105 17114 41852 44066 8007 17002 28573 14708 41726 3284 44523 6102 32866 7304 41069 19439 10534 9439 38192 13276 32804 19906 17875 19769 26039 30156 20481 35262 14290 11871 25548 32011 16324 36782 19137 3819 39250 6025 38408 43557 39276 41926 17930 6982 34268 9182 6575 24589 20025 29126 5424 175 43638 11564 867 12177 22052 44690 21765 25106 32916 5821 
4567 70
5439 14271 15241 44654 15762 3317 197 33752 34460 23942 15029 11159 6031 40307 30605 11862 24743 7762 12174 1904 13593 44271 38646 38303 39706 30210 8164 29063 40318 24163 10288 13013 26323 43248 14385 7941 22832 11196 16123 28827 43282 22664 21116 22850 7072 13211 13739 17900 23537 41608 41297 30734 38929 34597 17102 35098 8345 475 27636 31508 16554 40160 11010 689 44018 5491 36131 22602 24732 31510 
3042 70
7925 20034 11823 28999 20978 28325 4260 9806 16258 16750 22436 38123 36056 16542 28995 27082 39374 22952 13113 32480 21666 36187 5093 43064 26519 25662 14789 33763 40191 28781 15179 19100 43539 26303 22740 1631 31423 15922 659 3972 42287 41143 33610 39251 44117 22942 3693 25355 11191 44491 22286 19495 35466 18236 25023 5555 31738 23288 32594 3043 40282 750 14278 34091 31314 32593 27498 9553 4599 37084 
1922 71
14988 15854 38531 30717 39684 24957 12327 22858 27005 1045 2559 207 29936 40270 29628 7399 13347 6257 35907 31914 16118 16057 2269 32138 37620 35628 35597 29387 17787 14434 17621 18895 19263 10515 39617 27493 6200 27037 20662 15518 11954 2875 36049 18295 12009 31823 8182 7366 2471 12030 19526 37653 20651 24614 3419 28287 14325 38783 5339 10077 10865 13411 29270 29967 42389 25806 24673 10011 846 19262 24832 
1310 72
15277 5446 26291 22308 23159 22441 21759 9842 15803 22290 40136 36907 21002 39988 40545 39057 11837 22136 19020 25317 37124 15092 26702 6223 27231 6055 11120 36929 41630 43702 243 7636 19124 10314 16493 24367 12056 21842 26392 38149 11254 24394 20853 26516 39102 15261 36135 27102 1738 39516 33514 43300 30882 32253 31261 40355 33142 19088 6036 20933 40384 6512 41205 598 20709 8179 20538 32451 6753 30010 14232 32750 
4204 69
34561 20260 10301 10754 14312 20531 24887 32986 15968 19420 14514 17668 12699 10279 4445 20380 8669 11684 11379 12580 6503 40967 38734 23278 4687 44208 11891 14620 25133 917 20561 40574 2091 15849 19123 7627 37333 10160 31100 1754 19293 9873 30016 35015 40161 41610 13621 15356 26891 5606 37504 23779 32089 37949 895 24432 28261 42563 30912 26269 5255 26663 38681 25725 32828 27866 41508 27961 23005 
643 69
3746 38857 6359 35788 38878 10921 14087 38506 1024 19897 9880 35136 22262 14744 38608 20734 19926 9829 21017 27018 44476 13258 26215 2948 4267 31568 5421 15597 26494 31399 6926 17023 16341 41444 22254 12754 40484 41694 35264 11865 20127 12194 39700 34077 26847 17339 29623 43515 13027 9133 15788 14436 25331 23620 11980 2361 17297 3503 24982 18811 1324 13263 29152 19209 40544 17451 37606 1874 19806 
4902 67
24969 29294 6912 18028 3485 9606 26111 3006 19896 14720 3807 33077 41716 27537 22314 39655 39859 5230 11606 35061 41437 40063 36717 39819 4622 37389 3865 3035 25486 32517 11000 31884 11256 24478 3176 38653 32308 18568 8395 38803 39304 5347 35307 5496 16730 41789 37473 35145 25893 26940 28653 41171 34890 1832 39529 18856 34455 31918 4391 3697 34444 27482 24202 17896 10284 3103 14943 
1976 69
27224 23628 30273 23354 467 43896 34085 27682 8861 9552 11554 7307 39248 30654 35949 7183 5431 14223 38070 4726 28050 27544 44360 11337 43692 41759 15596 646 44341 5090 6293 14248 12528 39395 4977 24420 37907 26391 103 34496 38181 31203 6612 6570 6663 30450 15663 41518 6235 4773 37090 28035 38849 8903 1699 42328 33230 38727 42671 1439 27189 30323 36326 21884 9946 9301 17214 14813 29897 
3232 68
41766 32359 9360 4413 28743 17050 28002 9793 2998 35177 31992 12313 43563 24508 27167 7497 4269 3913 19358 12493 33456 31893 24974 35416 19335 35654 33442 30269 20923 35113 23565 15148 11084 4339 726 41658 12632 27872 35430 16588 13368 32561 23849 43703 34612 4678 19202 17357 40648 38012 18347 27953 16551 41870 1085 42041 26861 38916 30992 3975 15795 25802 34447 17748 7315 2846 40986 20074 
998 69
36925 9740 24171 8399 34493 15300 32319 26 34006 5929 24206 25265 38062 38535 14566 9007 279 20654 43252 30854 29683 789 22825 6329 36539 38342 37714 12315 32712 555 43473 1111 18139 44169 39811 39262 15385 20284 40196 32317 9669 37850 29827 36151 24804 8383 12737 21354 34434 16251 1225 37956 28979 30080 40661 19061 43489 16977 609 9337 15426 26526 7607 2443 28164 27418 22795 27595 28463 
1925 68
35370 17334 40587 27715 37735 8812 26907 29769 36563 38353 29497 35381 22452 15763 4238 15167 23523 24542 32522 41145 37557 3240 12792 12993 7349 42527 1658 36879 24184 24463 43254 5459 34758 30552 14091 15288 41776 13556 38091 37655 10304 37242 29634 379 5904 36792 23827 41682 22489 27095 12428 32783 30362 11340 11650 13071 28412 16514 13233 11636 865 40747 42213 35687 23077 41523 11681 35548 
1137 71
2201 33796 21914 38564 8475 377 30029 28613 15592 6375 44246 34355 44723 23434 5311 39972 5441 33218 29622 28975 27150 23465 6882 40184 35055 27716 24726 41483 36233 37644 25923 23230 4921 4693 35422 15787 38740 39267 39438 36154 6737 9232 26595 27688 41419 3479 13718 9430 36072 25248 860 15793 22690 22252 15516 15319 20671 27358 36329 9654 35046 40597 20487 31472 22158 29202 40500 18212 31473 3956 13106 
89 70
38764 38355 11685 2734 9354 12731 13765 130 29555 25384 40083 24764 37964 25590 25236 5363 37835 20502 9423 34365 22444 24627 8218 11814 39084 9856 36978 42220 17408 29794 17843 28111 3574 22276 30198 15964 35724 33409 2731 4747 35661 1459 18920 3261 10711 27433 23376 3111 29461 11640 40884 39445 37315 4412 11347 7499 10607 43811 1262 24091 39066 11717 43439 18848 17573 43001 3041 5644 11300 23677 
1296 70
36743 41079 21144 1954 10472 22237 11436 11382 38404 39885 23615 16519 29257 19535 10165 19643 29598 22727 13795 34601 42937 17475 36147 38691 37660 20315 29573 31380 41495 41459 1078 4306 12409 21847 5465 32806 3891 11938 10995 23609 38388 11319 36748 32558 12231 37377 20151 23307 2931 25483 16230 31296 42736 15613 7306 23184 6378 4848 8481 39735 34716 37364 12201 9190 44040 24870 28832 14746 19075 41884 
4292 70
18017 4886 22116 24509 34083 7738 16677 14864 35889 36616 31141 44736 35586 25496 34537 4205 394 39454 33116 28962 10060 24909 22570 28768 25648 34957 21869 32926 22876 29740 37789 36883 25967 33624 43968 31368 15794 39813 20866 39201 42317 34627 18715 43005 2293 36068 15986 36244 3589 42424 7718 8956 42535 42642 5653 41370 41835 21272 7446 36191 3147 28739 14266 27080 2388 19719 27939 6955 19642 44303 
2719 69
8682 35304 8060 23871 6005 15020 28124 11259 33942 31558 18977 4719 7944 41623 4535 19683 16706 35017 7780 28106 2710 16617 12955 37832 25667 28988 17842 36691 43816 29913 24123 36930 2419 4510 26796 24486 38077 20695 38573 42247 29605 14119 1587 17190 22470 23903 15711 38641 10679 27724 19709 40638 14128 15013 36083 20486 12857 3673 10168 3742 32304 42817 44249 19978 14230 44203 16815 1455 6473 
1758 70
4071 4580 339 35122 26385 12433 3274 5376 13955 19225 3277 12354 4283 16664 2251 30321 41749 42754 247 38935 1472 33446 33735 39114 15678 16850 25042 13228 42649 25992 29941 41385 6863 30087 20409 33590 13409 36087 24857 40938 42282 3430 34546 21554 51 13423 36420 5315 4033 38682 15286 8077 15954 39970 15442 33084 11253 40569 28532 9499 8282 10533 10787 40231 29282 21301 31032 5272 3267 42719 
660 70
4705 37273 40979 14829 32333 8573 31671 32705 27320 10000 36164 19579 5113 20929 20970 12139 27069 41403 1506 12786 8882 16966 3824 11873 35342 13185 744 9906 14772 41103 361 3540 19171 11955 12575 14201 38284 26033 9144 6566 9060 37699 33686 34882 24143 2896 37698 34370 31026 16665 2745 36886 38597 13181 32520 32318 18754 11402 15577 11943 35899 3525 17347 12062 23818 3792 33203 23417 6589 21813 
207 70
35652 13154 36885 43103 12964 43688 18114 6887 39920 20323 16429 38298 28385 42623 37596 19474 42359 3598 41622 30091 13895 37998 37970 33300 17970 5953 8761 20745 11075 28636 44166 14239 18851 527 14251 20265 10227 33840 42913 3270 17342 24245 15719 37510 23142 27284 39015 22259 21511 43595 39608 9850 14062 32962 37301 29466 34623 5250 27600 19954 34109 9033 34181 7313 26777 30871 12167 20997 36938 6868 
4060 69
3888 32766 7140 35816 25183 16615 10532 8484 6638 19936 28833 12058 26473 4247 43977 9178 38216 30036 19696 4275 4062 38721 19673 11878 5841 20623 29606 32325 37013 39069 4334 18035 42743 30043 38010 1150 21930 32632 40922 12902 24771 9911 25095 3312 29165 20336 39703 25193 9051 36727 20767 44206 31883 43436 3151 18127 34437 37152 2819 11476 38845 16863 27257 5781 15012 20110 10482 42352 27199 
1748 69
1781 4106 7170 41307 13788 32152 23972 33254 33403 11081 31707 21251 26986 28007 15244 12563 4853 42899 28153 39654 39629 19292 39517 1505 37338 1759 36780 9316 29885 36976 19328 11807 40782 35323 18339 36431 15198 28554 37290 42386 7580 4956 34779 27254 14485 9701 14976 30050 15504 3739 37414 6872 3590 34489 15343 23835 14661 5128 44165 4957 40 15693 11387 28080 44149 13879 30357 19444 44234 
1656 68
8325 10020 29405 14797 32454 43200 26618 4490 14959 42772 16458 8986 29556 10535 21323 5936 996 31446 36546 12739 5766 9107 22742 32252 32549 6763 8906 22878 28078 24127 20869 29031 43420 2059 26572 38241 26865 29525 24466 36013 28299 8197 29296 39534 30868 24590 122 42023 40504 26654 4887 18894 773 38952 30502 35853 1366 38487 14298 36768 5609 4800 1395 22223 9405 44430 20385 7085 
23 69
6166 7422 14735 19353 34507 2348 41817 18807 29589 26051 23633 39851 22536 38434 20083 37442 26601 17385 38396 1586 28201 27817 41635 6309 16177 27180 35367 21302 5011 21606 23978 30268 42381 34582 18502 6523 41047 27614 10216 23904 18371 2381 41887 36753 25768 37695 38600 38555 2114 9896 418 24674 16034 15925 30636 37288 2259 35619 8811 42509 6198 36695 227 1095 33252 4420 26767 25284 48 
1381 69
13868 31239 3318 36290 5185 29796 5642 6760 6671 12483 18167 13775 14431 29494 41311 1627 703 44315 35214 20358 4105 36627 42576 27053 31328 38382 33288 31684 15626 19438 39537 29153 5830 10598 28729 37765 5217 39342 35445 4378 30933 21149 16421 33042 3021 28336 32720 10793 38505 42419 1579 4167 203 44656 30255 10969 17330 34170 42895 16422 5731 39803 35551 18277 15298 41035 43614 18441 30535 
1972 69
18437 9894 34191 12751 35165 2070 5452 6984 25392 13419 5540 21600 15733 43023 1358 43250 3793 4259 8592 41974 35357 18249 22949 39750 22835 38095 1809 42399 40560 31999 19623 26174 42233 25963 22152 30847 8313 27287 31436 18767 29017 10537 42936 34842 15937 17458 32063 12059 29693 34074 28575 36668 15087 3402 29511 23410 33377 31202 40000 16517 19624 4426 10543 33824 7214 35034 13331 23239 10094 
3872 70
4157 7583 1580 37075 920 28276 27891 38643 12965 13338 29007 15173 17623 38636 14461 21640 2582 31696 7122 29820 8895 32429 39535 9800 11705 3922 29733 38038 6262 32820 16886 30299 3880 33491 39013 24260 18964 5589 18831 19947 40797 13400 22512 9841 25680 44590 13934 38275 39225 27811 22059 4422 22488 8880 12008 26028 25636 37470 10527 3788 25569 31763 43728 4969 13387 16453 17547 40340 24812 33035 
708 69
10516 1008 18138 42212 14136 26388 41770 36150 8626 21200 15713 25782 24475 25485 38984 19170 34166 10432 28876 29381 27280 29581 904 15116 44157 29855 13812 17576 41767 19618 39367 11001 18756 14970 9604 28981 10024 22499 44291 5628 8817 40264 5605 33653 2398 30534 33387 28387 43576 25620 40426 705 38620 5752 17713 23680 1471 41053 916 36729 12820 25125 923 43608 43755 26407 7684 9493 41329 
3747 68
39333 4192 30382 36749 17685 14624 31714 18627 349 28581 20261 6482 2922 1628 43827 42594 36620 42871 3675 4763 3595 36700 25064 9421 31247 9794 1847 36881 37485 4301 39341 43848 7975 7276 40874 19501 33996 21874 17807 17762 27781 31213 43952 35777 35984 7327 42483 16679 10584 10494 10907 29199 40442 21229 1535 42415 42706 31628 21748 8788 5612 36975 19429 13913 35420 30060 7026 855 
3087 70
24315 40654 3573 41646 17672 23231 30778 8115 27993 4363 38710 23951 18374 2909 2239 12042 25409 25220 36047 4236 12986 16666 1547 17273 30588 22486 38147 25227 35026 1760 42926 18294 20983 1956 12732 37888 6557 28491 12734 15917 28182 32223 38685 28379 32146 32077 42238 37498 134 6923 38991 36809 21787 35990 36789 38760 22264 24867 20474 28819 22607 4317 17603 9204 19382 5508 27131 22386 26055 21052 
2575 67
42078 35403 33384 9083 22946 18642 30568 3135 23224 29994 5809 2283 17113 42437 13698 32393 24602 23129 32261 34804 42147 11216 21400 38961 27109 660 38280 43325 23559 36817 20076 587 29036 26189 13360 23405 30850 35637 32564 16501 35858 12931 25434 36359 44339 330 36825 33434 29259 10311 9429 1930 27601 12756 25964 40139 23991 25793 37039 27303 10086 14141 12374 16481 14003 10300 33990 
1574 66
1529 4592 26320 42175 21046 5223 17396 31841 42600 34007 21413 20814 23272 27116 24261 17656 34398 14641 4385 41577 4982 13548 14824 10323 31361 34898 5384 17802 42538 23838 8261 44063 21912 16978 36301 4995 21984 17271 37917 19010 9362 41602 33689 32885 36307 41883 33475 28252 12155 5691 22180 11058 31796 438 24556 36778 15840 28160 29436 30542 33541 17194 21681 17381 22017 28696 
2576 68
11907 16657 40971 27469 30971 2517 3355 7705 14598 32776 43334 14803 35938 19 7947 21320 25591 30497 39607 18469 17594 8728 23277 36801 8208 8848 38178 37420 4612 44372 30846 21851 3431 33954 41626 32071 35590 23275 1552 16397 5713 31518 23396 17609 33395 24725 34450 13689 11377 35596 25126 34869 10318 13704 33348 44492 38624 32408 43581 25186 27937 5586 518 10205 37649 24875 31973 2393 
2424 69
40421 33152 9718 10289 38665 11125 13123 16484 35956 24217 40914 10452 43568 22525 17829 9114 30005 14875 28889 16813 33985 1793 37495 42303 12817 7290 14951 36835 23017 43463 43394 25987 21398 37456 2686 4546 13606 4724 1984 43159 8183 32513 9702 42889 13787 29286 42573 5270 43207 9087 41345 40909 36721 1855 21760 13432 28126 30007 16200 1680 29452 35699 5134 7793 12053 18758 42153 33192 36996 
2765 67
14198 28654 30175 6849 23553 29330 13675 33792 9231 21704 11038 12787 17671 20012 15423 15590 33172 131 42308 6549 13757 26951 27930 18932 40087 32941 18516 19238 40792 11294 17882 17437 11228 14486 9418 5579 38959 11993 9802 26261 21094 402 30224 16315 33400 35310 36166 16163 29999 8635 27850 15959 23753 21271 40246 10848 6859 23115 27812 32599 37982 41161 35229 586 22221 11244 33487 
1066 69
20756 10 37318 34683 36834 12272 39992 34553 18216 42966 43562 8736 21124 32447 36566 18652 34487 27615 21702 28640 16757 2166 28869 19858 11573 17310 4463 23308 27328 28055 30648 34910 15904 34078 14042 1617 18787 34060 8413 24358 24678 33645 36411 28634 8034 11801 43174 25429 2628 20975 1151 17741 22726 7852 20739 21391 20281 11033 9551 22581 1342 1721 28940 44426 18959 24262 24650 35832 14414 
4367 66
29742 4989 34054 20238 40156 3625 14572 15823 43235 15818 37074 23381 13532 27399 4751 4389 29763 16326 6536 32722 35611 40177 4940 27392 11869 28537 5707 39434 15337 32490 2866 4511 37540 33115 11350 27412 14713 2341 28416 25639 15420 44345 26141 21448 26087 554 4402 36865 6707 11032 14796 8854 33325 24406 29520 32067 13218 29269 27042 41868 26080 30061 3889 14250 4944 40047 
4093 66
11673 29053 17294 18234 34524 16867 13839 27890 16196 24658 27910 34402 1515 29927 22616 28520 16530 22889 27954 26493 3873 17796 43249 18925 24026 26421 32022 2787 21352 14315 19172 3780 16336 36526 2899 9761 17333 32181 12486 17439 17104 43082 43644 15086 3909 12376 28878 24193 4550 25031 15435 34911 28924 18622 43442 35678 12298 43745 21969 18039 1331 44192 32019 5062 19887 17456 
2062 67
12134 4343 12913 10055 24497 13085 19596 37975 2417 620 25874 28068 41522 11774 42985 43996 30792 15668 9 6069 3326 10105 9366 2154 11043 16328 8856 28328 35387 13372 22042 10352 38492 23062 41875 43067 11219 33889 40068 22309 28896 20818 27882 15397 8378 22915 44323 20349 10169 2208 34570 24690 33324 42127 42900 40905 37094 6119 5526 44551 44237 18940 7489 3371 39822 26753 5590 
4537 66
21524 33656 31715 33871 18336 15136 19894 36108 18302 42010 28849 36612 25363 1088 41757 42621 113 42486 31046 8636 7008 42056 27793 13033 3635 4824 39762 38407 17921 14206 42488 10669 19757 3306 14817 22961 27855 20987 39159 13232 39892 11230 5155 5826 42906 17730 7772 28154 231 20919 13293 7145 40513 29412 32903 33105 20325 22134 41109 2694 38644 33383 23429 5502 44703 15834 
3606 66
12294 5700 33302 42047 21499 4970 19326 27647 30629 17758 19672 12537 20630 36822 24762 15774 23433 22937 88 26192 19839 17580 26995 38 24054 342 384 10882 9684 44365 39857 35459 9945 5107 15074 23493 22769 34941 33211 6609 36132 710 27232 16227 1344 29530 39694 14311 23116 18680 34084 6225 29814 12004 10431 41373 40818 12005 27758 31923 8302 12348 6686 7742 10703 22117 
