1111
599 216
13856 88461 83101 74396 79599 19545 51379 47525 80077 13583 1686 53067 42649 12701 12038 36112 81378 76235 60650 7350 27906 92953 965 1955 90870 97785 82799 75916 12482 86008 41555 41137 91803 58263 34500 27920 43680 86213 64180 51826 73701 2063 65096 57355 3021 58617 71733 86316 46568 55279 11799 53636 40150 29546 41838 44630 82513 55962 4638 33564 37126 86543 11332 22906 86796 72048 33508 66037 96828 23395 51908 71221 4826 51027 88441 47080 88352 32245 1892 46969 54195 12939 93724 49892 53967 87611 96420 20869 54408 78293 22142 10347 99434 52393 66100 45229 92479 69547 74574 50310 13209 41771 18825 56562 97781 26684 23969 95330 67616 80484 69742 81616 6864 20901 13289 47509 51645 92797 58392 61486 84771 75988 69981 60183 66273 15379 45377 5137 20186 71066 1174 49507 88648 90389 69138 12531 7607 43934 82263 2746 15764 29401 49903 70925 83292 69530 91202 1102 46183 78956 55918 11097 40209 20128 42010 70024 8959 88351 10941 99891 77987 35643 50618 34353 79268 23849 47922 14569 21444 19425 53314 64515 61933 14818 6268 1236 84977 8197 14354 44879 80549 6326 66068 87162 42151 8934 34034 97602 18029 46769 26262 5913 11060 98727 52143 17221 33019 23152 24339 7140 27072 66515 26395 13530 6027 36040 12948 37028 93226 60756 41592 25905 56923 92401 409 3483 
169 160
2403 85377 7566 40537 77790 18349 96374 99809 88507 19566 77831 37385 47730 40218 82004 57199 22019 63501 65208 44068 72041 23258 47046 57737 23266 85982 42080 74365 61155 70519 72841 40160 13182 50805 78996 47900 61344 50627 37495 52902 47194 39733 93486 22124 89738 34711 60696 71382 12488 56694 50688 10882 49153 47330 89224 74239 24721 97820 75718 90519 28089 12250 26243 97116 17042 89567 67718 49901 31402 88200 78117 62533 86043 96346 99752 37980 14583 38232 54646 92352 19170 4764 91237 96230 42829 89020 93885 12172 50925 52688 78428 16492 32377 95548 49382 82032 71959 16612 63174 6 40489 44300 31535 41212 47817 9265 21900 61684 95467 58221 43463 21732 77947 43826 98698 21927 30390 75118 45176 99683 62632 47009 34683 67084 59146 33312 31074 47586 68597 37265 49300 80925 7439 84276 14167 73304 89892 54389 55607 79986 74366 77302 11303 34761 77478 9227 42916 92310 27232 41231 12092 8725 48507 55340 23226 52589 17109 34736 84602 92172 
133 112
69614 2125 99380 20094 78069 34814 46816 3622 34345 13275 89245 64296 22880 78943 56639 41674 99353 52279 26431 67712 16008 43273 62661 14315 54212 51554 31527 58901 15225 85372 18904 42306 30545 99218 44191 30819 64644 1437 82833 79497 78138 34029 72990 98560 1667 37767 12396 82084 58080 55331 65260 48852 82422 74085 58213 53848 25460 51620 85485 30806 41296 37903 42250 16863 38420 38603 28555 71192 64214 41123 68962 30432 29044 42121 26248 14245 2221 71013 74039 14123 19735 59169 82272 47723 38599 68718 84548 53936 28057 89317 39636 80863 39366 77426 35503 5569 11350 58640 39005 87320 78749 47119 43615 44189 91772 16010 30698 90036 44521 49332 12877 45995 
324 69
81774 38133 98684 66658 83562 83042 35638 4837 61917 44997 99322 96350 40646 42030 97488 97682 96267 13474 40376 25309 28104 63420 37721 17567 3062 46662 35565 30120 11386 77211 87903 46130 48366 55851 19201 26143 64623 35177 46512 76140 47767 69142 72656 91257 73043 84099 24384 30351 50445 70919 50699 70210 1264 16194 40773 60312 15246 93729 1282 80895 32216 44336 53892 54554 20903 24324 85002 83513 10846 
1022 48
27085 21109 96272 22176 43983 4431 70138 98036 46624 25428 5478 89722 65671 85125 5403 37913 12578 77643 5654 67263 31240 59944 70466 94871 30745 85547 3768 19699 75153 31038 20260 27664 56317 17743 42002 80401 44825 72046 32741 50201 40214 18380 3668 1931 71452 4163 54444 38003 
305 30
69039 75534 91113 24138 8562 23414 19813 79378 48941 99331 98453 37110 64383 94285 242 6551 22324 86680 49748 12433 13411 45149 13677 44710 29469 95138 7594 44221 59462 94519 
162 17
15065 30048 74099 6535 55899 95676 80153 84913 81702 56530 99508 49275 10984 3397 10618 66750 44111 
814 8
63820 50863 38525 73828 36646 71015 39071 59700 
335 3
25875 90009 42116 
1105 0

569 0

701 0

263 0

561 0

191 0

974 0

157 0

402 0

1102 0

1053 0

431 0

992 0

988 0

312 0

925 0

271 0

430 0

32 0

557 0

616 0

894 0

1054 0

379 0

716 0

708 0

1052 0

931 0

182 0

874 0

1046 0

891 0

817 0

220 0

662 0

986 0

739 0

458 0

1086 0

394 0

40 0

484 0

425 0

892 0

1109 0

151 0

933 0

329 0

76 0

72 0

705 0

339 0

789 0

788 0

473 0

981 0

712 0

252 0

784 0

413 0

357 0

1068 0

913 0

532 0

392 0

11 0

344 0

264 0

592 0

829 0

1061 0

849 0

691 0

813 0

325 0

848 0

189 0

1103 0

959 0

565 0

961 0

884 0

71 0

1075 0

609 0

508 0

437 0

216 0

397 0

303 0

1099 0

655 0

385 0

47 0

580 0

363 0

88 0

317 0

798 0

921 0

1093 0

639 0

406 0

890 0

588 0

374 0

519 0

497 0

1005 0

322 0

248 0

166 0

967 0

198 0

696 0

418 0

505 0

39 0

460 0

946 0

237 0

217 0

908 0

1047 0

201 0

757 0

294 0

64 0

807 0

605 0

626 0

439 0

1080 0

801 0

245 0

105 0

911 0

405 0

1090 0

451 0

448 0

774 0

627 0

272 0

838 0

327 0

498 0

139 0

652 0

3 0

575 0

755 0

97 0

993 0

777 0

232 0

229 0

438 0

352 0

306 0

564 0

170 0

566 0

309 0

764 0

455 0

495 0

323 0

1019 0

831 0

150 0

729 0

1003 0

642 0

346 0

727 0

475 0

110 0

1031 0

809 0

456 0

100 0

93 0

1032 0

987 0

695 0

669 0

984 0

944 0

1059 0

200 0

805 0

478 0

173 0

989 0

746 0

486 0

341 0

521 0

190 0

936 0

713 0

466 0

452 0

377 0

680 0

441 0

1076 0

938 0

851 0

611 0

382 0

543 0

81 0

762 0

751 0

138 0

935 0

283 0

221 0

331 0

653 0

1110 0

499 0

361 0

254 0

165 0

49 0

728 0

223 0

752 0

873 0

1039 0

249 0

1010 0

187 0

778 0

542 0

409 0

349 0

850 0

741 0

148 0

102 0

1050 0

846 0

773 0

410 0

675 0

531 0

485 0

302 0

1097 0

949 0

731 0

702 0

590 0

562 0

118 0

943 0

897 0

350 0

328 0

48 0

28 0

568 0

91 0

4 0

1088 0

572 0

885 0

802 0

153 0

960 0

937 0

735 0

628 0

380 0

957 0

826 0

172 0

0 0

1055 0

1038 0

793 0

730 0

287 0

686 0

487 0

356 0

308 0

900 0

314 0

284 0

210 0

154 0

2 0

442 0

434 0

256 0

209 0

61 0

940 0

797 0

785 0

522 0

58 0

622 0

233 0

33 0

234 0

582 0

99 0

1036 0

950 0

717 0

449 0

1025 0

962 0

856 0

112 0

910 0

612 0

181 0

1040 0

914 0

490 0

262 0

888 0

676 0

864 0

692 0

641 0

290 0

577 0

545 0

594 0

1045 0

537 0

474 0

472 0

95 0

63 0

1098 0

142 0

520 0

443 0

250 0

956 0

852 0

585 0

525 0

1020 0

928 0

722 0

677 0

930 0

424 0

368 0

359 0

334 0

1091 0

982 0

790 0

372 0

83 0

420 0

159 0

795 0

771 0

620 0

558 0

483 0

285 0

207 0

711 0

369 0

694 0

1041 0

899 0

629 0

428 0

875 0

772 0

769 0

597 0

336 0

1033 0

754 0

326 0

608 0

433 0

68 0

26 0

1018 0

854 0

444 0

386 0

299 0

1081 0

973 0

693 0

282 0

184 0

1037 0

969 0

758 0

632 0

507 0

156 0

709 0

407 0

400 0

821 0

55 0

395 0

92 0

865 0

836 0

939 0

857 0

213 0

1066 0

932 0

421 0

316 0

985 0

469 0

384 0

1030 0

1014 0

589 0

401 0

1004 0

461 0

202 0

167 0

902 0

718 0

687 0

429 0

188 0

51 0

468 0

147 0

1077 0

971 0

725 0

617 0

965 0

828 0

634 0

370 0

279 0

258 0

70 0

1070 0

158 0

44 0

976 0

968 0

600 0

583 0

318 0

1042 0

1012 0

243 0

175 0

106 0

86 0

922 0

6 0

464 0

1002 0

845 0

841 0

644 0

35 0

7 0

871 0

664 0

186 0

952 0

736 0

387 0

119 0

73 0

638 0

205 0

1094 0

502 0

204 0

860 0

699 0

685 0

403 0

235 0

1013 0

861 0

196 0

145 0

879 0

295 0

212 0

203 0

803 0

750 0

631 0

515 0

367 0

995 0

595 0

509 0

665 0

301 0

593 0

296 0

365 0

164 0

878 0

528 0

419 0

332 0

855 0

776 0

666 0

506 0

342 0

261 0

82 0

15 0

844 0

688 0

178 0

979 0

781 0

650 0

465 0

103 0

90 0

948 0

366 0

362 0

358 0

208 0

140 0

37 0

858 0

1095 0

1058 0

1034 0

624 0

457 0

16 0

714 0

689 0

643 0

560 0

131 0

896 0

824 0

800 0

518 0

417 0

373 0

1049 0

808 0

244 0

171 0

42 0

954 0

920 0

919 0

916 0

915 0

553 0

447 0

124 0

904 0

388 0

779 0

1078 0

163 0

633 0

378 0

266 0

41 0

796 0

607 0

586 0

36 0

886 0

806 0

787 0

551 0

353 0

340 0

135 0

554 0

354 0

54 0

199 0

1035 0

966 0

546 0

253 0

799 0

767 0

977 0

149 0

46 0

1006 0

591 0

227 0

155 0

786 0

277 0

59 0

1104 0

743 0

721 0

547 0

396 0

111 0

1023 0

660 0

463 0

775 0

50 0

43 0

870 0

646 0

453 0

219 0

1 0

598 0

246 0

117 0

1027 0

853 0

673 0

513 0

231 0

1001 0

533 0

52 0

351 0

265 0

65 0

895 0

869 0

412 0

286 0

270 0

734 0

733 0

161 0

818 0

719 0

573 0

550 0

837 0

320 0

753 0

512 0

491 0

477 0

247 0

60 0

343 0

104 0

876 0

847 0

648 0

333 0

1082 0

1062 0

903 0

555 0

137 0

19 0

759 0

606 0

1011 0

615 0

423 0

267 0

630 0

587 0

945 0

835 0

697 0

307 0

288 0

108 0

101 0

1008 0

868 0

621 0

535 0

238 0

78 0

926 0

661 0

983 0

603 0

1056 0

1026 0

684 0

682 0

146 0

866 0

839 0

321 0

123 0

22 0

1096 0

549 0

927 0

529 0

516 0

1015 0

917 0

289 0

177 0

174 0

96 0

75 0

66 0

623 0

1057 0

459 0

348 0

5 0

780 0

651 0

1017 0

782 0

496 0

1063 0

647 0

494 0

192 0

1108 0

391 0

635 0

195 0

738 0

211 0

941 0

584 0

501 0

481 0

152 0

122 0

704 0

355 0

193 0

132 0

109 0

9 0

815 0

744 0

492 0

645 0

830 0

756 0

745 0

724 0

822 0

748 0

581 0

398 0

280 0

1079 0

541 0

38 0

1029 0

963 0

681 0

674 0

107 0

1107 0

1016 0

690 0

57 0

862 0

168 0

737 0

707 0

524 0

810 0

239 0

94 0

1085 0

136 0

649 0

278 0

84 0

12 0

934 0

893 0

794 0

1000 0

842 0

672 0

197 0

120 0

21 0

840 0

18 0

432 0

640 0

618 0

311 0

955 0

347 0

183 0

1083 0

953 0

440 0

436 0

215 0

747 0

224 0

185 0

923 0

947 0

222 0

613 0

820 0

10 0

257 0

659 0

85 0

29 0

678 0

610 0

390 0

74 0

236 0

791 0

700 0

510 0

408 0

1106 0

1100 0

637 0

710 0

576 0

360 0

997 0

924 0

1067 0

1021 0

964 0

951 0

559 0

783 0

493 0

260 0

602 0

338 0

179 0

1089 0

823 0

768 0

194 0

20 0

14 0

804 0

703 0

563 0

978 0

761 0

514 0

726 0

411 0

319 0

87 0

1073 0

310 0

116 0

706 0

1060 0

887 0

859 0

636 0

214 0

67 0

77 0

872 0

556 0

69 0

766 0

534 0

292 0

80 0

126 0

1043 0

970 0

315 0

668 0

843 0

30 0

1084 0

511 0

467 0

1069 0

732 0

291 0

877 0

274 0

1044 0

517 0

23 0

273 0

226 0

25 0

462 0

596 0

255 0

574 0

470 0

489 0

375 0

1064 0

654 0

435 0

416 0

504 0

488 0

269 0

552 0

160 0

56 0

657 0

144 0

115 0

906 0

479 0

503 0

415 0

121 0

228 0

909 0

8 0

742 0

389 0

127 0

1028 0

476 0

240 0

991 0

825 0

134 0

89 0

833 0

427 0

426 0

523 0

996 0

345 0

958 0

882 0

619 0

898 0

34 0

1024 0

763 0

218 0

1071 0

667 0

79 0

500 0

998 0

337 0

225 0

293 0

663 0

942 0

811 0

381 0

656 0

414 0

376 0

578 0

125 0

834 0

1087 0

371 0

404 0

760 0

999 0

530 0

863 0

129 0

679 0

141 0

450 0

330 0

128 0

579 0

114 0

298 0

364 0

1007 0

740 0

544 0

143 0

31 0

918 0

827 0

720 0

901 0

480 0

881 0

912 0

259 0

268 0

671 0

276 0

275 0

230 0

816 0

297 0

241 0

1072 0

422 0

929 0

526 0

889 0

994 0

176 0

819 0

62 0

765 0

536 0

24 0

990 0

723 0

539 0

17 0

393 0

715 0

1009 0

749 0

445 0

130 0

113 0

880 0

567 0

604 0

53 0

13 0

1048 0

670 0

300 0

625 0

540 0

454 0

206 0

698 0

1101 0

399 0

867 0

281 0

905 0

45 0

770 0

570 0

304 0

313 0

907 0

683 0

446 0

1074 0

27 0

471 0

548 0

180 0

571 0

383 0

972 0

614 0

601 0

792 0

538 0

812 0

527 0

242 0

980 0

832 0

251 0

658 0

1065 0

1092 0

1051 0

98 0

482 0

975 0

883 0

