98
1066 9
85335 11657 15056 66109 91657 92029 12954 34349 92526 
4542 9
45530 20986 77391 92842 58322 79049 7641 78936 69352 
3187 9
76764 26107 45660 23031 78990 34370 68908 13579 85047 
1539 9
28710 16064 81597 70187 68063 41030 69357 87444 30050 
3757 9
80289 12728 11407 31716 60964 23483 47127 22200 76352 
76 9
37955 19703 45414 23193 90614 345 19597 35250 89309 
660 9
76555 4827 77246 78601 5297 33842 24381 57234 5091 
6541 8
24633 17788 29031 73557 37634 81913 84665 94013 
3080 9
96094 10981 35471 78205 77879 18632 36797 51577 73813 
1937 9
65811 34240 30983 72894 51932 59721 69786 8085 57165 
4703 9
39853 47640 84974 63658 42327 66557 75035 63377 30026 
8053 8
11826 16776 94233 50869 8825 60018 4614 89816 
2872 9
64207 25122 16053 65540 49106 16431 6817 89528 14536 
2541 9
22281 19218 38282 74875 86642 69342 60067 36440 12750 
2951 9
5251 94998 70640 91547 14981 65949 90421 50810 9867 
12952 8
20699 50356 8059 65708 55528 25466 79744 73101 
3992 9
74625 82387 33616 36244 34175 90026 2781 52851 23622 
13981 8
83471 711 32141 90888 58607 92761 69621 40089 
2171 9
55595 16802 24637 46451 27139 45795 6512 56699 10434 
1391 9
75327 39710 81646 59423 59485 4047 27597 69444 34075 
1135 8
18344 93222 63052 17247 95182 49909 16391 19816 
5092 8
88063 59312 23036 64049 22180 44744 5222 29568 
8368 8
37871 59591 32903 72143 74781 49261 6904 43505 
14988 8
80453 28057 47088 58077 46260 6667 20886 14265 
2808 9
21511 65969 55056 71236 42092 81796 40026 67050 69808 
10424 8
76839 9567 79545 48797 33277 62801 25795 21283 
89 9
27004 43294 6548 78199 40388 69450 76940 49787 30131 
12741 8
20411 15382 39593 9339 19993 2500 73191 64706 
4504 9
55138 36512 17608 11004 34148 56712 5283 25852 83494 
906 9
26485 29976 51357 17313 50238 74652 76169 12323 16741 
11340 8
30218 45404 53354 5545 31897 71153 86667 52040 
8191 7
5362 71159 13334 73946 92117 13150 16608 
2978 8
5048 34681 24107 7851 59317 75430 672 84909 
3646 8
9067 6068 29044 51155 60850 19986 48553 28633 
1012 8
67477 54542 10287 70131 73342 25649 3986 29383 
2522 7
96030 74115 53246 72299 80256 6935 57516 
3270 7
44652 49172 71352 9443 7282 65093 45723 
3868 8
71386 31129 27348 53211 68645 66276 61958 8022 
128 8
8482 78454 90098 28342 53235 58487 87018 53418 
4516 8
7172 25947 79333 22499 40632 85662 53651 17720 
2293 8
12955 79691 33133 89670 46136 12386 6267 13290 
8026 8
53404 23637 45367 71272 95669 76102 2732 1774 
4283 8
19905 12437 58115 29485 68011 24987 5497 15607 
10651 7
15746 83178 31595 25157 4906 19394 54595 
4099 8
54956 1359 72103 75356 19921 2113 80554 47639 
4819 7
39966 23145 94817 19804 53835 87931 53744 
4588 6
31330 46458 6366 50321 62843 43547 
1116 8
57085 89027 40780 86434 83531 53653 35585 80285 
10948 8
91725 40483 71758 69698 13289 32139 13737 16743 
2190 8
70952 5403 63264 16011 92532 18797 14507 48964 
8452 7
80674 66744 32737 82124 56703 36368 6130 
969 7
75455 41795 96040 63551 43262 45139 29666 
8847 6
49624 41250 17905 23108 52623 47616 
8837 6
86430 46137 63458 91697 22273 84385 
7914 7
73452 79816 44561 55986 37948 81512 25860 
1178 6
24166 13836 3760 3774 63588 66131 
1918 6
55593 31403 60095 32583 69495 32882 
3752 7
41359 10817 22245 63792 28809 24403 73628 
10860 8
79178 58205 5349 25678 27122 20833 87189 89610 
12965 6
25867 56232 5490 57437 76353 47169 
7233 6
66770 25089 78680 36900 46383 21921 
14004 6
64188 76487 89417 38363 94370 22418 
741 7
60236 5858 46038 31184 60690 82178 69487 
4030 7
64547 58226 8241 57031 54497 60583 22823 
4610 6
46901 64567 4099 18179 27402 3229 
4408 6
59188 74530 84211 93711 3349 82255 
10711 7
33288 37445 5564 3542 67526 39975 66580 
12430 7
86171 42403 91574 63999 80446 5934 87726 
9714 5
58399 11950 15112 8526 13595 
2985 5
59184 88307 28707 26587 2666 
5292 5
87395 42532 12552 31787 11122 
1991 5
35918 62111 86357 10757 51813 
2857 6
55034 70351 73847 93460 22951 78277 
4296 4
5502 90015 20771 82486 
5031 4
42146 96065 94519 81067 
3522 6
63519 33536 93738 50024 7683 53904 
2119 5
38059 88935 55003 5387 17138 
10338 5
14122 68441 38104 34585 2757 
9580 4
60934 60234 18039 727 
13252 4
25906 16999 81888 81651 
14521 4
3580 40519 770 8624 
9646 5
1561 7871 4667 93821 66941 
5178 5
76478 51717 58826 92612 90846 
1647 4
77258 61773 47971 1600 
2970 4
9874 88791 53469 49156 
1835 3
78562 81186 61533 
14769 4
66004 2153 30332 2277 
13055 5
60323 367 94578 92335 74286 
6940 3
57417 26245 29753 
14568 3
46417 25760 37693 
7797 4
73018 27028 16465 74227 
5690 4
41798 31676 8230 81299 
6168 4
69827 92984 33018 31835 
9989 3
50420 7930 31510 
3352 3
12291 68972 19269 
14306 3
85001 52940 59618 
3406 3
5240 41050 3447 
8755 4
30030 21649 66630 8404 
