296
4617 145
35959 22017 8983 41250 32416 17954 22969 37154 1101 34282 21898 20280 25472 24397 32318 22140 27438 9900 40923 27244 563 23530 5026 24533 24265 683 14265 17638 5852 18368 34859 19714 7984 11052 994 757 19242 26076 13413 15191 33403 33252 37123 30003 3591 29159 37108 5534 2787 26797 25124 17934 23197 36294 21480 40902 19343 41001 17702 8631 31125 39533 33587 30962 40355 22238 7217 2723 25288 35516 11558 19659 38541 23480 34171 2573 36259 2234 14597 5506 21853 36741 8350 35391 10150 34358 2930 2510 1750 37047 133 33155 29210 12623 17529 3646 39375 34432 33793 33065 22241 35671 17764 6017 5067 15962 21024 26956 38688 9454 35028 20234 8778 30012 24440 980 1042 26472 4285 38750 7166 7020 31313 36755 18308 33855 23929 16171 33905 23635 38035 35016 5096 3957 19770 10457 25924 34773 15303 2911 18213 23780 1903 12681 6460 
3624 31
36006 20616 32587 30986 28265 17418 172 6670 4468 6169 25130 22589 28579 25017 36091 23460 34645 4790 23624 24304 38344 27872 12857 21457 22224 26731 38985 32439 17986 25685 1622 
1325 31
5215 6449 542 18891 18799 3357 12972 1314 8429 27992 14678 16226 30263 31278 11613 7280 21847 32188 16646 18229 21922 5075 886 20098 23878 32920 35079 19280 11726 22112 9313 
4948 31
40754 29597 38963 16541 2943 21548 6660 3493 33626 29330 14977 28763 30766 16567 17170 40267 14972 32695 7145 32312 40526 5070 30242 10019 25958 33761 7990 21799 15491 27578 22686 
5529 31
10274 34256 36235 9043 38845 12459 9887 35949 26801 25413 26763 2746 4437 6009 19885 4106 12398 1539 1613 40694 11585 20059 29407 5960 30780 38264 27091 33891 13711 25267 35646 
6604 30
14523 10004 12103 8029 27771 17739 13017 36832 707 32821 28914 5423 469 35219 1560 41381 37130 4041 7763 27961 26978 34927 20007 34590 28024 355 17722 36867 41316 25329 
689 31
37974 3840 19827 35991 1376 16702 28627 21846 10908 18902 11222 16163 39162 31580 21862 18725 25540 13831 36120 21930 4852 10708 2813 37922 19975 34885 20395 29368 29417 168 24684 
821 31
12472 145 37364 30215 34101 40014 9748 153 38272 20017 28873 36876 27680 30283 11875 18450 40590 21708 1654 25325 18647 37138 18124 19447 8754 1521 13245 12684 27251 30473 15987 
116 31
8274 22365 41229 15624 20331 5986 24282 40715 24355 19244 20983 5518 19239 32714 1373 33312 35252 22759 21714 17510 3324 5930 18694 31101 5261 16117 28294 20505 491 16086 21972 
1704 31
2772 29916 36019 19300 23428 3738 23054 15513 7513 25306 13672 32814 29220 2975 1461 35126 7149 6223 10195 4707 21857 2322 21794 18943 31503 16942 9443 40916 15257 3119 31595 
3833 31
5115 23563 3153 40977 40462 17966 19030 22346 29798 31611 29093 27549 31100 2459 26779 40575 894 10087 33575 32502 830 14627 17575 884 35904 9331 25261 17047 22868 31196 40484 
4704 31
20744 35148 34267 9656 29116 19465 7330 37103 9203 13269 40337 36819 30110 23487 7565 17870 9343 11602 22552 16983 20233 9419 15259 34541 11552 12341 35187 27737 40880 9178 27111 
931 31
37639 22843 13 5516 19529 7462 34309 27752 26105 9188 38520 125 32766 18927 14753 4736 40311 39184 4943 19667 8335 34820 26436 20877 32269 33942 36743 33024 14476 15888 13349 
5673 30
17813 11689 34612 20573 20106 5239 4949 4821 4582 5828 25508 366 6762 13705 9124 8128 35898 5145 9369 7711 36812 17323 31307 38228 36564 5083 11611 16757 41233 36254 
1489 31
21135 15750 29983 17598 32307 4644 25373 17825 40128 33149 11797 13536 25921 21515 3460 41223 1559 33937 3436 13400 29126 36061 5563 33622 40953 18466 21805 41041 727 16189 8473 
3387 31
27863 17261 16266 36086 30569 10273 31491 28179 39515 5262 12541 4499 13258 40684 38962 28095 10325 13120 7821 15851 2478 19882 35347 16720 14586 8933 39480 22840 1318 30036 39202 
404 31
22715 25771 19821 3901 30745 6251 29182 21449 12270 9379 27401 7124 9348 17770 27027 27800 37080 36414 21116 18084 11050 21771 38731 25367 19962 24743 20526 1160 38775 5717 17103 
4153 31
38646 16878 8030 7273 37698 24391 30645 28391 20861 9163 1605 28798 21775 16478 36894 23810 802 9562 10400 14350 9097 35482 11289 26104 13238 28507 32255 12888 27917 30755 25683 
836 31
3603 29793 39103 34248 26984 14315 7773 14794 38123 3795 25431 26867 5364 2816 7735 22641 2095 19272 6943 31510 9661 10347 32309 37810 12829 14920 23027 6690 30153 29938 14819 
2483 31
24179 15453 896 19173 26858 36500 10329 9582 31398 38979 3834 20902 5231 6721 22737 23313 24948 36666 38785 37444 29758 26453 25247 34558 8485 570 15386 15100 17616 14402 13199 
5027 31
39716 25976 1828 29591 2311 18497 29646 13481 26959 23943 20839 38945 26835 29972 21937 34576 17892 1219 27441 25840 8533 26543 28517 14234 8557 17086 19099 33012 29635 2195 5705 
2416 31
22594 6433 31967 21569 34670 23158 28422 3867 21281 25881 29090 37041 19803 32404 30518 14888 39867 17802 28963 30810 33706 33114 40389 32168 24492 17822 3441 36390 18662 21088 26680 
5553 31
34687 37049 28152 4103 7713 5823 8467 10674 10425 7643 39232 5454 15183 25046 21123 21173 12376 15282 38773 27451 36682 18619 22123 906 4881 5749 4388 23234 7854 17142 13283 
4666 31
21444 19069 372 32681 40488 12360 30710 3421 17357 17628 11566 37657 9466 23765 35294 30505 24551 31498 16291 24986 8990 22085 5942 24699 31906 26519 3239 29357 26897 40706 13402 
2688 31
19231 36638 28931 8542 35836 39224 21218 35507 10914 33474 14371 35250 39051 15299 6170 38767 40161 4678 7320 17347 11519 27414 226 28096 27082 30452 38462 5614 29838 15349 11319 
3312 31
39681 1583 29402 24272 37524 18261 23694 33522 27642 37119 35942 29334 19468 30149 18127 959 31574 14452 39071 11266 34518 14685 23560 12187 16554 33393 6205 40291 13747 26693 31300 
6792 30
25656 12269 23809 1598 2361 19498 32018 22 9891 5316 33537 21118 32657 19983 30470 9365 30199 2790 2806 18995 3428 40903 36076 2348 10451 23346 7196 37916 37452 35813 
2276 29
7507 24864 22135 11003 16012 25313 34963 32913 16714 3405 27862 37306 10918 21392 21243 33876 8866 4720 32650 22904 40089 41291 6186 36986 15536 8958 7495 33090 24031 
1172 31
17826 18200 34443 15509 33818 4541 35480 13451 37593 10158 12939 23731 143 41062 11061 3874 37939 10909 24229 25304 35335 36298 14708 5453 9364 19110 18390 22280 10029 24744 32362 
986 31
16594 18577 27886 6387 21743 6421 16737 31081 26417 6266 22607 30525 36040 7954 38278 9586 5770 10631 5652 30319 7125 14442 18290 34788 10473 40270 25903 3471 32109 12897 38408 
3292 30
26443 12236 36114 28736 16794 19925 9879 27212 15693 13318 35358 5049 3476 4591 8971 22944 18393 35727 31372 39825 19561 16235 23693 7556 9090 26257 34281 25711 36945 61 
4151 31
24194 36539 12629 5773 27988 41134 21317 3004 5408 33014 6227 36028 29448 15092 23847 14735 35322 20500 26962 10985 7861 33204 12841 28991 16828 30380 16211 29903 28767 20768 7414 
5479 31
22154 19247 22144 2529 17911 34255 13109 19027 12647 9303 26248 20149 27893 5987 15372 18809 29564 26989 35364 38656 23980 15216 20144 25626 39419 8413 10807 26608 13194 11073 19286 
5744 30
10810 6795 28874 15459 20696 34211 26615 5780 26426 37474 16985 2900 11615 37877 30542 41372 4458 40033 23966 17855 4266 39468 24045 40004 27818 29842 40819 39308 12819 12733 
396 31
15307 31553 39520 18245 5011 34270 7067 28954 26411 7476 36334 39447 20694 10516 5250 2845 9081 40492 22601 18661 16188 2560 10974 28098 20684 24343 32871 301 21082 15444 16498 
5402 31
9255 15041 16485 34889 9827 25879 4128 22122 7506 26935 15676 28164 733 41004 32977 9596 18446 29077 35351 24314 11512 11892 33872 40862 34962 40297 39796 29086 25036 21897 3463 
1923 31
29200 34522 27614 9755 10514 1767 38333 6300 19182 14384 3287 4620 6206 26276 30379 24566 31634 7488 240 20279 18342 26336 12606 34258 37700 1855 40983 16612 22286 9177 27492 
243 31
19360 38498 7525 25944 1693 26520 39738 22480 8252 38200 39486 7550 33897 18256 15679 23532 19824 18218 39832 13872 34130 29664 18300 10503 4040 21681 24451 13306 11442 29309 10690 
5830 30
18288 36018 25284 23877 31068 31292 15826 38201 5905 11345 33999 34557 34988 20984 14077 24350 8378 24400 17007 7904 10471 33650 23709 33130 12974 1395 29926 31751 34854 5989 
2204 31
30617 31666 31527 35422 23989 40524 10127 28683 893 40427 16493 9624 10234 17968 25435 19327 37044 14808 27506 9512 34698 36075 23253 38925 17839 2844 23171 8757 13653 35438 32501 
2730 30
40139 9234 4951 17867 34960 34880 27171 13645 39541 35794 25610 22765 25894 18732 11377 14742 7721 7783 30113 36744 25249 22592 1405 6386 28895 11178 29316 24034 5100 36803 
1220 31
16248 4191 15580 35560 10264 9441 32653 31356 3690 26517 23615 11730 17295 2054 29463 15331 3002 28633 21519 8037 33123 11559 11155 9064 16932 39508 15724 20265 2683 11136 28697 
570 30
24561 1018 21670 1412 25830 10430 16634 12573 41075 21050 10208 32239 16458 36033 16756 22881 24419 7420 17649 6220 13060 27908 21354 33214 7625 25855 15147 14989 37601 25953 
1247 31
8190 20822 18668 7120 15927 26774 5539 38130 1030 7564 39751 1941 17364 23639 24153 31091 5429 20072 10747 37466 27772 28706 271 28125 7515 22313 21256 25895 16030 3827 38508 
2643 31
28944 25095 7546 17639 5374 26174 27602 36110 29492 180 40890 33605 32247 21547 23567 11909 20223 38682 98 40557 12982 12552 8024 9278 4654 10903 20454 16730 18830 13581 25408 
3174 31
22268 6068 40844 3654 37500 22178 26178 33196 3570 3430 29259 40176 36805 22165 10732 8873 40761 11115 25453 11110 15971 11203 37339 6294 21754 7089 18240 9053 32954 35356 29580 
1637 31
17632 24563 27160 36679 4336 40094 13553 5560 24788 389 5996 32809 37887 20533 10018 15758 33365 11962 21721 13133 30459 24685 30814 15563 4686 27378 33260 20578 34094 27831 24339 
96 30
16343 26916 13138 22988 22041 32833 35951 21438 3822 16200 15275 4948 14285 5242 37547 16215 25802 19619 39612 1834 18375 25283 53 28575 33800 4469 6557 3727 29696 24124 
1936 31
26187 3970 33372 12727 21328 23455 20740 29121 20396 28071 12447 20188 37270 29017 7541 10847 17120 18820 22476 33947 11838 531 11847 34652 35302 16746 9680 37431 28370 30886 36296 
3481 31
25382 30474 13438 31977 40156 28046 31142 14560 33933 12869 32945 13235 19199 22815 35378 17582 41061 193 6733 27479 3317 27942 12757 7472 40183 3689 32972 27304 32844 14682 9516 
3764 31
8478 26351 25870 35562 20594 40974 19990 5197 8156 6905 24707 10495 316 16723 28408 40605 27136 32895 33411 13130 26318 5735 10307 31061 4035 27871 16052 11280 27038 30181 11454 
1978 30
36349 16962 3480 30964 37162 37868 11647 21720 26782 13440 34791 985 30733 26840 23260 1374 101 11944 5557 3759 41072 9355 29299 5174 7872 25785 17724 7875 16871 25150 
55 31
9869 13260 18459 18495 113 24560 3102 30479 397 27204 3681 4888 18277 34143 40122 4224 33163 9207 21059 27560 26556 19677 19123 13346 11810 7521 10562 40357 9175 33434 17264 
5875 29
19190 21709 37990 12174 18543 37024 27551 28241 15264 6494 26499 31066 29336 3508 21319 7998 16119 731 20026 2424 38783 1168 6059 29157 37209 21336 33134 16895 37618 
5931 30
17437 39609 13427 8025 35695 23649 14430 12880 9658 9590 7409 712 31741 30584 30931 41000 25659 900 14020 9425 12346 11551 36104 17841 34492 28104 25030 41106 9067 1843 
5526 31
34860 9595 10436 30254 5267 24324 31518 26041 11691 23237 35953 18207 2793 36275 25947 38074 7853 34408 15687 34182 22410 39696 28892 39715 29994 26333 34415 18739 16600 18980 31547 
2467 31
39406 5320 34926 24670 25906 13812 8469 14829 10945 41351 37811 20922 27164 36717 7401 17687 10261 32978 30405 8010 17312 38704 1344 24845 10854 10606 5842 13951 24665 12034 37001 
2286 31
34811 29206 25772 8792 4704 31295 28064 20032 19314 40608 6541 41185 13948 19906 21666 15617 38403 1052 33981 34684 969 10493 2178 33738 9151 2839 21814 36629 38537 24843 26153 
1237 31
3411 11288 5033 20720 5725 12599 28324 39516 12861 35834 31133 19246 17644 19089 41027 41340 40218 27208 1790 4467 36512 34322 21521 20918 26583 34758 19216 41028 3998 39711 36291 
237 31
25291 15334 30378 646 5168 16952 12464 11972 30521 39077 5755 11812 33358 24541 27303 7820 27742 684 41059 39771 33792 26373 25102 36445 22158 7097 1572 8118 10212 21664 37970 
2487 31
23785 18878 11360 21800 15862 36494 14232 33602 22966 41348 18408 25805 38391 33305 30870 39866 2371 21138 39564 21107 39657 36529 18969 39705 10859 15173 26988 3384 30414 10700 30116 
3927 31
38204 34712 771 29198 8881 26965 14768 35896 11598 11256 2655 21578 23714 26302 34327 25716 41269 4768 14543 37803 26924 19746 7136 24795 2887 25163 8911 11510 10182 38639 6184 
1499 31
6123 25298 5697 24278 38384 17059 12842 29411 6455 12023 15798 24898 15705 30392 13686 4222 14619 32331 20292 21270 35680 21384 38249 26890 35892 18544 18620 36951 5441 6083 7712 
505 30
5137 5616 28161 14554 30483 30626 16861 27517 2942 39883 10615 2998 33268 34789 32948 18031 28886 40063 20689 21517 9846 23162 37999 21179 1722 29163 19774 10323 20291 10569 
1639 31
24907 36085 5514 19701 1765 23942 7328 16091 27014 36855 18798 32162 22735 39074 5375 6474 5829 25092 40724 8354 33416 41339 384 11881 9075 39922 28722 28157 22168 4635 10790 
5835 29
23311 16146 6815 31012 11895 437 26811 17445 6635 26594 33187 9467 12691 9921 20718 24193 9324 2140 672 4986 20933 8561 28823 23378 4940 32028 7689 33282 8285 
4759 30
33241 26032 15586 850 2728 12003 37556 4761 22096 30130 12874 37453 19612 1906 9763 14241 10685 27719 3297 14923 40152 4208 27024 41124 17093 25447 10506 26353 33223 9564 
5568 31
21166 38612 40613 32868 18723 37343 3515 20020 23034 31697 25337 19477 13778 27159 22317 26667 28611 41184 19869 28854 17157 11942 40809 3709 2675 18352 4767 17427 19719 31775 13418 
4719 30
11495 28538 9788 26296 22857 23073 2025 33742 12936 13302 2688 18744 24022 23656 5863 18133 6033 9836 19850 6456 31590 4606 11855 39037 12837 1668 21802 27434 26139 33173 
804 30
28248 9070 20574 16008 11708 32193 32155 8353 2916 4978 24346 20915 39135 34230 34209 40765 25858 38240 8616 12895 15437 3105 540 2301 25220 30838 503 35014 41347 17329 
1332 31
8305 1846 7545 32494 25741 9214 21813 31860 33610 41095 12794 31506 1171 24628 40217 38048 37959 23892 18509 2527 18845 19538 22081 33865 39820 35795 8977 2673 7818 12737 4193 
5148 31
29575 19340 15120 28163 34065 18684 13215 30138 13476 26628 1928 548 39910 38151 13357 22442 32232 10427 23334 4492 37428 40811 17206 36830 3794 24790 10938 34403 1133 34699 35916 
2468 30
40753 22256 34591 28343 6422 375 21013 24695 30598 6704 30253 8107 24208 18179 35946 5184 40942 20150 3769 11072 12142 32203 36797 11080 23887 13677 1764 3387 6303 40946 
3959 31
34135 22007 29871 32851 12218 15743 5710 30475 28190 16303 20608 40149 13533 35121 37660 11277 30970 16426 40062 6643 35720 11018 9652 24637 29780 25412 8486 28766 27706 38133 25666 
2781 30
23118 34667 18761 15243 2065 16517 38992 9726 27707 828 40803 32196 31187 31170 5147 7271 15716 30939 33756 13601 37703 27321 37836 12197 40301 33536 26019 4362 15 24687 
5472 31
19693 20165 998 12424 32085 15791 27859 11131 34242 21430 41082 20618 27393 762 34439 9273 15692 8869 2540 19466 20458 29823 2242 5622 37896 20965 32672 17553 37454 9563 18478 
1671 31
22014 33445 21322 8711 36722 5058 2641 27780 29262 24956 22333 27660 6458 31773 8785 38544 17684 34478 38100 35175 28008 10555 24373 12345 35787 17569 12230 30729 26455 18562 10919 
3357 29
32169 21128 4952 25864 4560 35633 27134 11423 14747 10872 40363 31013 20532 12884 41045 9554 15778 30942 39203 14859 20813 33774 8976 38944 18271 431 7634 19828 13183 
3667 30
20717 49 31891 24612 35315 14641 32274 23687 9147 32561 4161 1212 3588 8959 19818 28868 15812 29642 18354 18150 8685 32558 33646 22798 32047 15589 22567 30998 22132 178 
2907 31
33804 11124 30983 37282 25299 34833 9242 16477 41289 32035 36107 14680 40873 3501 36392 8255 35136 16473 34316 9311 26745 7104 16108 6891 9268 12161 30237 23728 16555 3202 26091 
88 31
32409 27331 20998 4595 27567 31102 36900 37262 17711 33008 8411 12924 37571 18138 6125 12009 18726 40568 1652 27333 3381 10435 34571 29942 30570 30718 22604 5409 7101 13185 20831 
4892 31
8547 25303 14477 14583 15158 17773 2067 6842 38905 31815 28947 14365 28817 29584 17921 20037 13822 14493 31379 7667 4581 7192 8238 41040 37275 2001 10096 39527 7749 28274 28478 
5238 30
39694 353 37723 23048 17742 25884 24511 2761 30935 12707 1895 19974 18806 15945 4309 40528 17517 24381 15671 10505 17420 5218 14740 21053 9835 10627 29428 30 12955 36999 
4043 31
19574 31074 31821 24543 15558 1706 6323 13616 37503 29905 32740 13414 25585 12276 3336 22522 19762 12622 33709 37360 17430 4093 3264 388 5536 29689 21646 20880 7491 15506 20612 
5669 29
25607 14103 9699 9838 27611 30498 26387 39341 3195 945 35878 6511 24761 15348 9121 37479 36031 19631 2333 11281 10862 40243 20738 30084 40665 18425 36881 34060 29438 
5440 31
19833 929 14010 39605 15909 22878 13867 19958 24454 4253 10411 32463 22080 25073 12958 19935 38470 32798 9358 33186 18423 37376 21165 37277 25612 946 20510 12666 33387 36868 40907 
1398 30
22425 35631 29930 36141 11607 8924 24029 9862 15573 32580 23521 9292 14419 10780 26925 37988 12325 13458 27471 5947 9749 37542 34905 9045 29146 1770 9871 7942 27124 3459 
1593 31
8858 10141 17375 7880 36895 32635 27773 23448 18360 33648 26764 12893 33559 9153 17154 15575 33687 24398 16010 1954 3740 18314 14987 20287 31460 9990 16387 35509 23166 21504 23535 
2470 31
37663 5005 3308 31916 10691 27610 12944 18136 739 13336 30820 14965 12319 18644 26976 34875 19904 28508 18479 34737 8405 39718 26384 26420 1777 13254 14323 22963 20647 31558 12626 
1415 31
36524 16617 28818 11696 5866 19108 5963 41179 15822 33267 38119 16549 31918 8211 4400 11934 38735 15385 20021 6814 10314 38171 40412 3951 38159 31633 3695 32289 40378 38304 13821 
3232 31
30716 8760 23167 28484 22908 4885 13723 13755 30688 38972 32371 19700 37445 3593 14845 550 9727 9868 7622 31887 22781 35792 590 14356 8396 20425 24226 29318 9518 23801 38628 
814 31
9413 37315 24550 11849 30879 10282 24629 39394 35128 14904 38510 23885 37983 23584 26773 13761 32172 2005 39525 16384 14679 11614 1377 31290 17004 773 9314 23890 31958 33104 392 
5240 31
9058 25942 23491 36163 37126 23294 6313 22353 12973 11841 10601 25856 11555 3976 22829 22311 7478 28352 33329 11034 17523 22766 22776 19890 4631 5857 36391 23707 31830 21772 19383 
5188 30
11856 6600 6755 33007 12706 23996 25026 4402 21474 32822 9256 27906 18675 2637 21629 5958 25371 27605 26942 9012 9933 36010 23205 13107 21212 11237 18309 7720 15739 39205 
5410 31
29934 26438 40252 38030 1946 5578 29717 23899 5006 18802 15328 34461 15300 9620 17298 29520 13284 21628 41139 24692 25872 36972 25776 21043 28784 4037 31011 38286 8098 24351 5275 
3499 29
21732 30982 35611 22817 23895 1304 13141 20852 18054 37872 9997 703 10053 24132 10545 6164 27662 20779 22061 7341 19941 199 18792 6165 18821 31024 24506 29302 32855 
631 30
13543 18909 32408 22429 10958 21316 25568 39949 4613 36356 24218 25981 20410 16327 28518 22104 19778 11544 26878 27845 7630 29460 34953 20336 37695 40068 19811 31115 33169 5886 
748 30
29125 40255 35677 32001 36458 23353 30963 4079 14654 32273 26052 18460 31426 5114 991 17258 41362 1132 15070 15236 17058 18698 18919 39172 2566 15126 37279 27671 32384 25246 
1503 30
10291 6060 4794 26171 15521 12686 7771 13603 4648 33949 38432 26663 19569 16446 4936 6275 774 41368 24930 17253 4019 17213 24270 20844 33844 35288 419 34016 9362 30339 
2974 31
31797 11314 1482 40868 29531 1976 15175 34635 39428 35138 7129 34490 22959 35117 2312 29653 41080 10930 18439 26330 22348 36435 4232 38891 14630 10045 27801 25675 30677 31454 10426 
2504 31
40330 6053 18266 13366 26242 39460 2063 21831 18304 5119 26146 8752 25047 29914 18731 20648 16777 40262 10322 8101 4045 13726 4680 29413 33673 24648 6138 35529 4183 40390 18469 
2813 31
16014 28836 13992 19831 31183 12133 9883 29331 28048 39538 36080 24169 14258 36618 9996 3763 23220 24808 32832 14727 10899 17990 5336 2569 12896 37676 17134 9412 9274 23718 2556 
2014 31
2394 33856 28909 26734 15556 5641 5285 10359 10233 3843 6137 890 21940 29544 12638 36485 31047 39149 12249 29156 4850 33011 13861 31121 14141 6544 24659 26921 29161 40305 10284 
203 31
27546 23068 13417 5574 770 18345 34727 441 3272 4795 29442 1641 32965 27055 33098 3235 11827 34530 27805 8680 15698 9833 31659 19799 7371 26754 14080 8834 38874 37655 26390 
1905 30
29532 19554 37523 19104 15077 3573 41298 40133 27710 9280 17467 21655 11872 16109 37059 2802 38866 24181 12211 40926 40617 13532 11201 39003 39930 35668 1348 15082 22551 11956 
1477 30
14608 22580 33895 12385 26918 23948 33904 16371 8870 35764 40510 41078 22342 38572 7662 25768 19521 38373 36322 9643 33584 24625 38606 34212 27590 15781 2183 7878 35414 11970 
5736 30
26655 35689 2817 14328 29964 36896 10023 19870 16997 7889 33423 6335 27067 2134 34909 27339 33550 7593 5437 17177 35269 37690 1140 27077 29370 9167 6849 785 20212 13736 
858 30
13691 22454 24430 34062 38483 32478 21582 40785 17128 16022 33086 10146 7392 14690 20929 22416 27959 15934 40762 16268 11440 26177 17179 35765 14012 40340 41066 22834 29554 14191 
3660 31
1011 2320 34137 36810 26064 19488 1934 12804 21935 26151 36088 6833 4694 31763 35089 33592 2455 30386 8587 13849 20932 18458 16495 28845 8087 17248 27993 18935 21941 26056 12977 
4475 30
32929 28925 8072 39936 17390 5841 28342 13407 1248 17761 38225 17528 37439 13815 10649 26601 29118 3590 5969 8388 8864 17017 4973 12787 15972 13609 34587 30628 14348 8697 
4201 30
29537 23283 4327 41114 29486 34489 19826 7333 22111 12952 1994 2693 20979 25174 1027 17246 16375 1012 14670 13236 30696 16761 19303 28946 518 29559 18244 18404 28623 31127 
2548 31
3853 28539 34906 28940 29043 21099 7023 20409 18758 21842 24502 28864 22082 9605 40438 15011 24660 36632 13293 37181 31029 2123 1596 9540 20690 10923 38283 18278 18234 4835 6233 
2324 31
28482 16459 17791 29688 19909 26654 27588 38345 32817 6753 1907 27857 11243 8307 22328 20542 21055 19571 27542 40154 10033 23103 39336 4863 10856 16645 23805 14618 10001 3617 11101 
5283 31
10316 40795 37368 7870 27052 34088 11149 1440 15225 28369 9777 3015 31223 16928 26275 27807 25866 26072 22079 3370 26223 7313 16838 12362 28328 18955 23261 39345 32800 6821 25784 
5049 31
13333 33676 11974 22702 38876 37210 24653 17262 24175 4782 24806 2940 7426 16621 38702 8433 25635 21036 39045 24463 39670 29267 37446 15389 7130 23486 40467 35333 11741 13035 10703 
4003 31
19731 11291 9544 18805 36720 20886 41244 14651 40896 7562 23781 32278 17751 38503 21603 38396 19902 13999 31120 11954 24531 23928 25764 8857 10103 35244 20434 16944 38978 36223 23533 
6089 30
16965 11987 22775 693 30150 17554 10410 2362 22340 28523 38141 36308 29378 20514 9285 30210 13201 36508 17396 6575 22319 25643 1232 3525 6924 6135 35963 22550 18464 10624 
3417 31
10113 23389 3211 34413 4486 38641 24726 18429 26066 20005 7173 29765 18382 8954 5707 14329 26358 6585 12813 8189 7029 5461 14736 20872 18877 30108 12726 2849 38952 2376 20328 
3671 29
23362 24777 8748 9000 38694 844 11242 35120 7141 25842 26456 35701 22873 26975 36929 26346 36469 38482 12553 18012 24083 2711 5452 15263 10217 8 10028 37110 5413 
2290 31
18753 28259 24614 15669 34425 16476 37252 5307 2190 28090 12537 2851 36532 36573 39466 16862 38145 37851 13131 10069 17178 30804 24171 29066 74 26898 9336 12001 27620 17607 7229 
5781 30
36473 695 14242 4563 37598 17838 24025 19066 4030 3215 23338 29676 38619 27354 3104 31881 32340 22928 21066 12903 33625 21660 19310 17999 29214 9648 34704 7923 15665 9850 
5889 29
9534 39813 12062 30932 11719 15431 34261 132 16192 16316 18519 34869 33124 36915 17379 11567 4988 2037 32603 15266 14634 11765 2027 23388 3159 35988 2528 19335 34969 
6215 30
31208 5092 16180 29977 17514 12289 12543 14731 4577 28972 30944 27224 18713 40169 27891 28661 13095 33319 32528 17516 22457 31359 19773 13688 34249 12336 31306 16429 21803 29790 
1984 30
40480 17804 33047 28587 3361 37560 28243 25106 3041 10456 32983 23558 37224 16957 16172 16178 17669 1080 14739 3167 9646 33509 5732 5244 2082 35908 7216 12389 40293 27118 
5688 31
31759 19926 32043 20441 4221 35202 2209 11235 13155 36216 19600 29319 37824 41071 16732 528 11523 19471 2006 34348 1422 18552 18142 26382 14104 1307 28670 4820 31483 8306 1397 
1070 30
33136 3580 36450 24003 9397 27745 5628 34890 28217 16859 25654 23259 7844 22822 21260 3141 31298 21644 9133 27127 31682 4127 2364 16480 19839 16824 2530 16951 33886 39166 
3148 29
15920 5173 20351 36800 39349 10983 2541 33397 40869 39893 86 2759 36729 1195 10384 2314 17783 32326 7693 30739 23970 8566 12665 9631 40784 24577 30795 5206 12531 
2472 31
2757 7188 37391 19946 29174 16416 30878 28300 12827 25043 38788 17642 33775 6019 9638 20538 9794 35291 30358 23744 35730 41344 15481 25379 12053 32542 5398 7450 39060 6195 27613 
1087 29
15608 34907 28460 29745 15787 38580 32987 15377 11025 1630 29655 6962 35649 37528 38502 232 35467 18705 18615 8510 32727 7299 23465 40859 5648 20461 40664 25595 1966 
5503 29
8272 7837 37866 23161 36 22230 9686 6975 1383 6410 9955 30858 40932 11562 31716 29339 26808 4081 18598 33717 11636 30851 22664 11290 33936 10512 5906 16894 11673 
1916 29
9328 17862 37373 18912 18221 29837 1616 36355 12407 3434 22616 13036 12745 18401 15305 30289 34275 20655 1231 24912 22254 26645 26904 6760 16654 8567 40678 17092 32702 
656 31
28218 14912 16042 5002 9463 23018 15472 12190 22495 25927 19930 14483 32575 16355 38162 21453 32647 20230 37427 8972 41367 30754 13676 11103 2753 27368 26922 35199 15244 21706 8408 
5153 30
35289 27002 11998 3771 3403 33168 28776 21209 26880 31221 1341 13988 1295 34378 26418 25728 14558 32125 11177 16699 28615 35800 16854 28866 19924 9180 24676 28558 26587 25883 
571 30
16283 1717 35184 19015 1520 19372 10422 6910 40909 31318 40894 1072 1854 21361 20969 37035 40211 37032 33105 28060 20725 41331 27239 26213 10156 2367 13479 12758 40835 39370 
2605 30
27319 19289 22314 19058 34221 29421 27263 2441 38529 4742 10153 16724 37516 7563 3537 25787 14821 10101 24382 20202 36559 14267 4102 31119 40906 7645 25063 15213 8654 17382 
4933 31
24094 38521 40053 33039 29508 39545 11376 34144 14511 31981 29879 35059 12105 9710 9619 4715 13719 31188 17071 15001 27035 25242 38824 12146 15850 37243 15989 41282 25121 12678 24818 
410 30
35200 4751 2015 1169 17408 29640 18865 30806 19846 30833 39686 18494 23322 30573 32666 17326 34692 4803 8774 17690 24458 40473 25520 15592 6159 7206 18005 9561 1150 6809 
6599 29
24099 2632 40347 27337 35749 6263 33940 38124 37837 3905 24522 32529 40591 12579 29073 11054 36490 9125 10917 33682 35571 15475 23014 17806 29857 7669 12732 8520 35064 
2179 30
15436 35463 5235 29679 6993 38835 32706 9085 27262 31369 21550 15548 39881 30073 37122 17629 11417 15511 15999 36518 429 7310 13982 27216 2923 32205 32732 36011 40039 24866 
980 29
27837 32539 29144 7952 16835 9251 32588 1877 27307 17564 34895 64 8903 20211 28616 14005 36989 8847 26792 24480 10633 10011 22678 19966 9782 10375 10902 15838 32429 
2742 29
12283 4799 38182 2751 3006 34928 17288 9318 15804 22651 34147 18800 12254 30087 16972 29593 8939 31178 41089 13752 31675 37083 28395 7289 19177 9225 23333 211 16759 
6312 28
901 20762 14296 38595 3944 1499 37355 27482 4312 2117 34694 33125 19509 2596 36100 33822 38319 7652 36706 28039 26553 345 6563 30083 27948 8287 39850 25899 
1702 30
500 9604 617 26457 12371 17600 13415 4211 213 17070 13122 9511 20924 9061 15792 7040 40583 34253 28998 38338 8593 23137 32418 18941 3484 35428 22566 10874 16135 33752 
5763 30
8994 14683 23619 8476 27195 5528 3606 2144 33323 12427 14631 26406 37977 18831 37831 32711 14309 17532 14530 21558 9079 9464 13690 33408 27277 29902 41193 14211 11384 11527 
3067 30
16290 7231 17356 15627 12968 32767 5724 38101 22060 22098 25735 25691 36827 39785 25225 6390 29551 2340 23360 35031 37869 5647 35599 10798 3780 17790 4669 1358 13086 17698 
24 30
30911 12417 20039 22997 13983 26181 23155 16781 16826 24493 8772 5227 38883 24271 18612 20657 11866 9910 37077 36169 9020 15952 7244 32759 38010 33182 25023 5013 30209 6490 
6472 28
5836 28383 34319 1821 28576 7708 21121 32357 41272 21641 24889 33459 7831 3978 24574 5034 291 16727 36519 22637 37356 14261 7295 29724 1794 34514 11678 1356 
5696 31
19921 526 12061 28059 12512 14109 20469 24160 26205 868 31779 25640 8767 30834 11666 17959 17215 15775 30133 23755 8937 32467 23763 21405 4903 23496 35186 11792 23538 15733 39888 
4703 29
11301 3003 20767 10799 33512 16125 41299 31959 847 1082 40092 27353 4815 19629 11713 25971 13334 25417 19891 14674 4900 19961 6191 35401 29139 26458 19913 31805 939 
828 28
1768 37761 35205 950 292 24709 36730 39939 31639 35201 34383 16840 25178 36367 265 12799 6102 2734 26900 10710 6712 25418 30284 16204 2587 31377 914 34430 
3009 29
21176 24514 12310 34925 60 18607 37506 28896 30776 5521 1522 17737 17833 31960 15813 14591 28941 4462 24387 24337 11230 41324 31360 5860 39000 40577 1950 19169 5277 
0 28
21763 23676 25739 6722 8254 1008 32251 6466 34646 23401 21337 32366 38317 27814 760 21259 35141 38672 16550 30329 39627 13089 36265 10611 39400 34076 13162 2519 
4396 31
20045 37201 7470 33122 7016 24092 16988 6406 5593 18741 28622 8926 6623 29207 27532 34923 39819 22685 23376 4844 18037 34259 22780 22274 35825 16963 26207 6049 22563 995 5899 
4166 27
17322 2096 32974 3698 3773 35265 14869 38754 9248 4215 24724 32815 16935 11605 28116 24429 4080 5891 11840 36774 7793 27211 14009 7591 36839 12705 22031 
4822 30
9861 37220 27915 36273 39944 33273 14890 23514 33630 21307 10925 12663 39911 26486 106 38079 9173 28828 36451 3103 26538 21045 15165 40571 27876 4287 32630 16380 5426 30411 
3537 28
6243 4721 27990 35752 38786 20714 26404 36077 1999 25552 17685 32926 13976 21155 7979 41273 17166 35609 23028 1658 22466 31209 26609 5486 6367 25433 34495 21302 
3287 31
21992 13159 16729 16372 29360 16741 5776 3148 13377 313 8749 5620 14951 24232 32752 21109 26765 33162 9585 39766 39407 38189 8053 24967 4538 26133 30966 3783 21279 3815 37861 
1250 31
35133 39476 20721 11378 1969 21034 15198 35933 29712 23842 8212 31854 11723 7777 1636 40958 20644 36713 8298 2004 22956 28210 17385 23482 27896 34335 9082 33510 6551 1746 31657 
5269 30
30174 35543 22059 28021 460 32080 33481 15690 4152 26537 30225 40335 24544 26099 28377 27332 18235 24187 6193 34702 2945 218 30950 27181 35837 6507 26340 25348 37623 9912 
154 30
31728 38411 33841 40940 34930 32488 27183 9689 9687 20095 24865 15649 25746 9154 3757 26074 28417 13991 17391 11769 16522 10560 4503 20431 22366 701 22947 38746 7961 23256 
294 31
27969 5527 5166 11625 39789 12239 38269 11784 745 2648 15829 35688 8688 39434 7181 15417 23778 26385 29787 2327 11979 23962 33116 13779 3315 3265 22982 6389 6757 14756 8442 
2931 30
37416 11204 1822 24309 24481 23407 13261 11893 6492 8766 34323 37010 2467 40911 21640 26952 27955 24957 14069 4409 39040 36605 36790 31621 487 35620 22053 14049 9130 15461 
4989 29
17453 21925 2201 33521 28753 7087 23991 36737 5458 38203 39942 24920 12935 30996 867 31592 33555 30128 35248 5094 5343 24246 38177 5340 10823 3113 13994 21710 39270 
5334 29
17029 13363 12640 8545 20062 11455 8702 7138 22077 10092 29 16865 20605 10468 29734 16419 39653 9235 1310 8803 19508 35659 7894 4918 13544 32009 20345 40870 28631 
597 28
24775 10802 16898 33885 22570 4963 32483 31658 9968 22484 39092 38799 27359 11321 12040 36977 16849 19786 24768 20102 26201 23264 662 40799 12833 11717 22201 16751 
2108 30
23945 15286 28537 30015 12633 25384 41207 18789 10667 16542 40943 40547 3906 25674 24342 40260 14281 34959 36009 20099 29165 3045 5742 39276 16106 40071 29821 41038 17535 11125 
2221 29
32187 1838 17158 33174 2384 10523 32170 24955 20570 11484 8450 2276 323 10907 23795 38791 22034 1930 24739 3720 6407 18217 3667 17122 23208 30875 10811 3637 7032 
2606 31
33727 26029 17952 433 24111 17661 13563 29725 20551 5694 19071 32854 26625 6758 32535 20489 25530 12392 1067 30348 12304 24895 21885 36594 26279 39844 34502 14518 17479 23047 5367 
4893 30
16326 22906 34529 14695 18513 27023 13708 23860 40810 622 15637 29848 21718 8728 18512 1809 37604 35950 33754 34730 2545 30164 23708 23308 24823 41343 7387 4868 36521 40278 
751 30
37212 14070 13331 24689 10869 37847 7736 5810 37709 37507 29270 31591 21977 10484 39410 40506 22065 38340 28703 38886 4289 39438 3723 2116 1464 23135 24978 8838 14463 32402 
2981 30
5995 25909 31930 37799 4601 5445 16994 33589 35442 25714 27156 7704 11560 34223 19287 26122 10294 36598 16074 18155 36364 37591 23902 27234 9745 3883 644 21927 40436 22836 
363 31
17940 19898 6056 17508 41142 23762 4763 20787 38515 3039 40759 1300 19398 36602 37777 38592 40422 29324 29600 20183 22028 2784 2411 409 13734 26283 39986 7770 5392 25518 40555 
3876 30
40578 7502 15815 16141 10112 20775 2920 39542 1606 33299 40802 14481 11941 22225 1048 30354 39664 35056 19573 32256 39090 34328 20784 38990 11540 38706 21634 28548 17383 5387 
1402 29
25234 1754 23273 38011 7494 29379 31577 33562 25013 24784 25839 16427 39459 39456 10787 3479 20276 5048 27667 26241 22727 12425 10499 456 39513 4487 3643 2091 2177 
1523 28
40457 26167 11143 10324 32186 8818 1151 39361 40569 20850 19852 30770 27563 26494 14450 30884 13610 33344 18593 4116 12534 20219 6020 33270 1731 12496 12806 26300 
5705 31
13782 1653 28368 38942 122 6177 15359 20692 33690 38009 268 19959 22549 21416 10381 37426 34527 1006 18770 30248 25167 40671 1835 16165 22401 11116 21057 32911 12226 25686 29436 
2208 28
4807 8074 35612 26155 11170 30039 19743 7249 7243 32827 4504 27388 30882 25157 20609 36299 12826 15039 35354 34888 7317 29818 29557 18385 27345 15508 27552 4891 
2698 31
33254 10817 22965 3835 40096 4747 33875 30567 20925 30605 40479 25535 7351 34887 24778 39332 40719 20964 21973 33594 13811 32760 27240 6504 21673 8638 20771 11697 36133 32907 9013 
2549 29
2059 24953 36887 15297 12452 8832 40793 15281 24191 38609 22617 33946 11365 17175 22880 33832 1388 12738 30697 35948 7963 39355 30499 12715 39471 6317 14514 8477 29224 
2196 29
27720 31708 6568 25096 6781 23852 27966 8793 41162 35410 10952 22729 28977 27880 2523 5555 24569 29756 13076 16231 37396 38954 39639 13033 13512 31825 576 15477 31625 
4831 30
31976 38476 12262 23426 26375 34096 27117 6847 20438 5172 33887 41376 12597 20393 8530 10939 25369 10709 25321 14746 17187 7402 6657 803 37042 19984 28540 19698 10137 1940 
1411 29
19650 13175 36078 19745 3675 7527 41242 17422 17293 7194 22714 36301 22259 32533 5564 14783 10812 7532 18833 14572 2496 3135 35392 33600 652 28498 28371 15802 36415 
1300 29
41097 23136 11634 32730 41012 19323 1313 35375 24862 10083 3890 39663 20552 40849 17927 27903 21707 31531 7651 2373 32969 1610 38936 11635 11089 37112 25603 21437 15789 
2683 29
37730 11722 14111 2299 10613 33314 303 9626 13048 12848 5635 25358 5676 20082 30874 34841 37464 29123 34719 37419 20222 27089 23541 9927 30816 917 12688 940 6613 
1567 29
20036 37410 1530 21378 22948 12497 32919 6548 19841 22150 30453 37642 22985 1695 19444 34244 29659 4540 12860 29008 13942 19176 35947 13985 3514 20646 30582 13393 7690 
2436 31
3687 38594 26875 12351 39490 32175 8788 40828 29608 21130 15384 9642 14860 12135 19837 37121 23750 35259 38382 40596 19995 31198 32582 30255 10404 38819 32131 5701 13502 27271 22285 
4402 28
501 6761 40205 13412 36495 12488 28721 15079 25935 18447 11236 38294 32151 26102 40140 16160 16243 15277 17578 30572 20271 28770 32030 14288 39030 23477 16706 15380 
883 30
2068 12220 23593 4926 15160 36303 38486 19586 25248 36561 29980 11105 15886 19956 5608 23612 19223 6981 25564 1801 27495 4779 2294 33830 8301 10658 38538 28885 1780 37947 
6256 28
36154 27481 12840 24407 21672 28974 32394 38720 35140 25170 10791 7139 40697 9171 12022 22993 12984 14776 23386 7482 17415 8343 4571 21583 13217 1419 7011 14562 
4250 27
9371 21588 18641 23302 14944 37778 37964 19381 28581 12248 5931 154 36090 19313 6197 13739 25536 39749 15834 10522 4882 27474 31848 33847 17727 8126 7571 
2792 29
12808 29909 11536 17666 7234 12412 19816 24801 28250 7050 26326 3781 34098 1785 36157 14073 21094 13403 33452 9738 4002 2618 26352 40871 19809 3171 12429 19722 14299 
6103 27
28019 7119 13947 9644 28929 19597 31004 12509 6082 2724 28311 6368 9394 17366 19704 2833 16844 10447 22206 15415 19760 26138 23318 9344 5337 1385 177 
4500 30
9804 30742 7955 39055 35243 23684 8733 39102 13829 19034 5723 23727 25757 3358 6475 21601 24220 33683 15818 22975 31858 22117 31559 1057 35538 14593 16789 14016 15547 34108 
6361 28
1403 14592 30050 10507 35403 30928 15688 27242 8574 9569 16806 29369 11253 4418 24359 2401 34057 41055 7405 33384 17350 36210 27417 9284 360 23127 7388 4010 
185 28
25600 13922 9681 21596 32615 5105 24663 10944 40032 37101 9902 3334 19475 31932 33201 4436 35468 22050 22478 33735 24714 37791 17772 24976 3023 36845 18238 7583 
4273 28
37505 10228 14907 38020 35745 10915 25455 24084 40008 10579 34374 31150 35893 3736 28996 31048 20120 21267 38862 15162 27076 37708 2085 38813 30163 22045 13612 11599 
3539 28
41208 39650 23794 18455 23734 21811 14771 40273 14276 26034 20999 14195 20187 20549 41349 1007 2508 217 21308 6865 13666 37052 35044 5835 20679 32799 4199 19052 
5730 30
31189 40587 8064 27778 35344 14387 9732 21606 20259 37870 26600 41107 31334 5359 21781 32398 31147 12363 33103 10306 34344 10454 4998 4185 30185 9497 13662 1527 14991 35557 
31 29
2938 5266 7867 28226 35025 36622 11747 33627 31419 30211 41143 12761 37432 29380 27464 34463 21204 16310 38266 11075 3772 25012 4828 18174 39547 25210 3808 11325 36714 
5492 30
25667 34172 26853 37948 35872 5497 18348 6468 36931 16605 29290 21998 13531 28169 11371 14915 2957 26682 39532 27051 2773 33740 29582 41369 5381 5859 20858 22554 16456 29395 
892 29
8695 34764 4147 21049 25401 15068 8090 39101 19204 29038 40972 28207 28033 7674 14707 33581 3427 11571 21535 18555 24599 38025 33770 33517 26617 23276 9671 24855 31823 
3867 29
19385 2437 34485 35905 25560 38796 16253 35715 7723 29866 37918 9756 25586 16279 26941 11850 15539 19483 9706 28626 23783 32086 3123 28174 7933 37741 18687 2852 29028 
5065 30
25112 16259 41121 39385 37109 23317 22724 41033 35266 21200 9555 36923 30893 18074 37257 27842 8086 1453 16557 38573 14428 3214 4870 19603 20339 22872 24311 28308 22437 38146 
4473 28
22793 2563 28571 36903 4391 5673 24027 23953 19087 8923 31654 11520 2128 2609 30948 37670 31145 23434 18017 40514 24851 39083 24490 40948 33974 13020 27088 4074 
399 29
19172 9129 18027 39379 32283 19439 19074 34697 31459 20563 39190 2937 1851 23086 3024 32036 12500 31114 36167 33233 18651 40233 33240 23340 5753 1033 1117 36257 36872 
1533 28
13453 15780 20556 11078 16855 12138 23753 25064 40572 31371 41021 31499 17830 18862 22016 5373 12277 15541 22725 38368 33628 22761 25747 3158 16388 22533 39847 19188 
5464 30
1075 14033 15427 2657 18438 6514 17928 38875 11062 15355 19953 23122 20622 32199 39723 33152 4942 2329 39333 31864 21074 427 13877 12700 34952 14183 5919 28459 14036 1700 
247 27
39309 39005 5683 20810 38457 38358 7548 30370 3980 29826 3274 14448 13090 38401 10584 33171 2659 8984 13092 16734 34762 34056 21443 8444 20963 14874 12131 
890 29
19942 26541 41337 40214 18476 39815 33668 14456 10044 23913 37481 21741 3774 20791 1872 32493 35104 461 29509 32993 11094 18182 19938 30856 2503 7604 21194 3124 27715 
3480 30
21955 13100 17601 13358 36980 10298 30276 36347 32033 37392 9951 7209 24030 9436 13307 28544 11992 39249 22321 19443 18227 37742 14988 26805 35488 30352 30350 22155 6909 28802 
2003 29
37968 32333 26084 6784 16377 10749 29588 31911 12122 15932 1740 31642 37693 11865 21757 11267 17342 4174 140 31929 36369 769 8110 15044 862 14228 7812 32219 41270 
2780 29
30661 22682 35173 24137 30132 22069 23296 20503 40855 35977 14841 26479 31277 10755 24641 27407 32782 39540 4133 16352 23837 8554 19680 27804 7790 27847 28814 33272 39199 
734 30
11114 36836 36527 1267 10123 3703 37078 33689 41241 21105 35960 14866 18413 34225 38966 30144 25593 14386 467 32123 27650 5314 17985 16374 29257 34086 24894 30493 24820 22852 
3653 31
37185 23202 20325 36811 34278 13082 36688 23327 24619 30752 36940 39382 23689 18042 370 6256 5535 6794 25275 21733 25465 9001 18860 36289 56 11392 13728 23315 10448 29742 8464 
3903 28
7296 30520 23057 9989 27143 40728 14148 8865 8340 10705 26885 30527 19157 10602 10794 28838 19955 26561 17969 32555 32242 36648 26048 35936 17837 11252 12314 23621 
2259 29
6472 7941 29106 17039 31433 24848 15809 21330 26749 750 34510 670 17465 40439 10002 14131 5649 7451 19796 3779 33574 35742 41206 5009 29592 5036 19856 9551 40308 
2796 29
12816 16267 41239 38427 1769 35850 30907 21851 35213 26298 13664 9200 29099 16959 16808 19265 10231 13376 38472 38561 29894 34666 3072 31107 30805 7654 20923 14186 33524 
2297 28
7755 23303 34722 14342 37632 2284 1153 38564 29050 18981 27205 33016 19403 36950 10973 32348 31288 37302 28325 273 29087 35570 36113 10301 29111 27373 30556 40854 
408 29
11233 28839 4311 40119 19437 14422 23011 4201 25088 14170 30974 5400 2215 11994 33491 41160 11145 40460 25566 36140 23863 37553 15239 13699 9115 22181 40055 16127 36847 
447 27
13450 4186 3029 16181 33890 21888 10783 37345 31335 22713 35436 20078 29577 31236 25916 7190 18556 5380 31992 4618 8452 40624 13424 9976 6663 14613 29100 
3836 27
31509 1361 7607 22856 10887 27645 23779 15391 40019 3348 24520 18359 1788 26259 18874 37901 38329 28645 10071 25442 34420 5833 32383 5171 26718 39129 5474 
2965 29
21450 12339 27130 22553 22998 36380 41218 35722 2555 26220 36947 39595 6183 26559 39409 30847 22645 40517 6324 6562 34431 25000 11547 29810 41210 28015 14445 13667 8164 
4726 29
22083 28572 29044 14766 3872 13324 7012 2615 30103 16060 38110 13594 16394 23633 18033 21277 5362 1315 33126 21320 19877 40086 21002 11148 35171 11798 3228 7804 4264 
2104 29
35236 6790 13447 38841 2506 3030 2524 7275 7343 5263 3817 25956 29158 26310 28849 27096 10965 27989 13025 1614 4122 38342 18863 6728 23792 25054 11983 12099 28617 
1416 29
15946 6245 28222 4131 38070 4660 16280 24587 6329 25470 25781 5510 7411 33087 20268 9155 287 19794 35001 7082 39594 27556 22483 3330 20837 28813 6344 14278 30808 
4939 28
20365 19026 27716 24380 41350 30068 2334 4837 27209 29148 25574 20686 7977 19588 14901 7191 16245 15002 34738 19184 22809 28005 30619 9489 16103 8026 25605 3701 
958 30
35298 28158 2810 41231 14172 21909 1291 21296 13442 3185 19159 29988 14996 29870 39381 38795 29293 29312 21425 39659 20073 26465 33284 25101 11793 10232 11637 401 19348 21739 
2486 29
26129 30502 15249 32896 13454 26452 21931 7490 21576 9974 29917 27878 5027 26721 3642 41195 8532 1409 16264 22709 12163 26424 13738 3098 31111 15887 960 40820 7795 
654 29
4851 19198 4519 2922 31163 34980 24199 5055 9506 24924 38115 26818 29843 26953 1346 29437 24796 28824 19520 21424 38830 33519 25322 40015 29764 33096 7447 16216 12026 
1055 28
11955 37913 24189 3240 19147 40175 38390 28994 35906 11207 4706 28806 4688 12520 7169 31395 19162 16744 13188 13765 36128 36463 17451 39069 28960 22354 32779 37944 
5866 28
4018 16767 30480 33193 37086 26293 38433 32345 35673 33681 13810 35923 3968 29072 34842 39583 39144 18870 25750 7014 40884 21975 40648 31938 2051 26828 7580 1771 
1823 29
39572 3706 13646 5106 25065 37515 34434 33675 5142 39717 31600 15005 26685 18151 29953 13319 11334 2658 1251 27179 30792 4386 33586 19705 25139 12852 31243 35096 33799 
5967 26
18371 29289 7440 12882 10580 32486 29911 615 30922 9448 3851 13064 17294 17913 3282 33198 5690 35233 37144 28335 26231 6340 34843 39905 22294 30698 
2829 28
23897 27508 29524 28010 6603 4070 31305 9522 13468 19544 24647 34526 13593 3518 37045 26101 2338 8704 32812 882 16081 31487 37848 33743 21178 22170 38967 28479 
962 27
4822 38296 18819 7811 3585 6052 28951 26386 11419 22925 3455 35919 31368 3506 37540 22970 14738 27036 3086 30668 32623 27050 30555 26297 9340 27135 5935 
311 28
26334 21054 13604 28837 18195 35176 35210 31790 13735 10843 2948 15279 40644 24578 21493 12086 17857 3509 26912 8963 24172 18743 37429 22494 4623 13546 16519 35420 
5456 27
2130 13862 36657 31202 40667 23993 9426 12550 7822 9806 9959 11385 29388 24477 21533 30995 3513 10064 17434 14873 30118 38366 31756 8456 4148 13905 1174 
3399 29
3246 5571 35797 37820 21153 5802 21784 21402 15657 1987 19400 28283 10775 30638 3420 15712 1978 462 27278 8886 11676 23564 23681 3990 20749 29068 39443 31684 32590 
332 29
1034 3278 24540 11644 17273 20763 14594 15356 20559 40970 38477 40326 35917 2118 38176 483 12302 23408 30694 26085 36910 19757 15583 9258 20342 8140 17234 22785 24813 
3457 27
6573 5882 2602 15354 7608 22408 39048 3314 37758 16673 10010 14015 19815 20318 23669 24206 11705 39903 14295 7590 3754 28428 28022 7931 20011 26086 24513 
5170 28
3564 5499 24155 34471 979 24085 10871 28551 15988 26894 40941 10038 37344 11775 36503 36043 32973 9894 2143 2087 17699 7672 19759 12130 23572 29190 32577 23080 
3638 27
21524 7375 38579 27424 19715 29621 12818 8916 2030 19092 6723 54 34584 31598 36870 6526 21460 7018 37437 36726 20830 17244 17900 14652 6400 40241 39118 
3339 31
13301 18489 10867 18443 15291 27718 15137 1959 18530 33424 11918 17942 30091 39578 10009 30335 16532 32921 13895 1912 35505 17277 700 5403 22915 30321 31030 7827 39258 36547 36506 
4283 29
22796 5466 34004 18167 34978 262 3616 33759 22020 13425 40651 40523 41260 32658 37421 13066 3558 37857 16674 1861 2859 30888 6362 36479 6109 11193 30634 2630 7978 
1173 28
27483 13038 4902 7312 39996 38423 28901 28556 37891 2840 33334 2747 23215 15799 14908 38446 15871 4139 12033 69 14193 23834 27074 931 14235 38393 6950 13143 
2021 28
6873 28546 36687 4987 39211 10196 21638 14426 41277 2407 15713 5992 37161 5062 1847 10490 27883 27080 8115 32300 4663 20941 6238 23631 32291 12748 40876 34048 
5031 28
30119 11781 36663 31983 33471 38097 3305 25665 38208 25059 27608 10629 25647 27652 37945 40879 4062 12171 35191 22723 6079 10901 28410 38104 25613 34934 39326 7832 
1985 28
11938 1428 35535 24256 17257 25861 7049 1591 4335 29129 5399 24283 1817 20659 27838 36372 23657 27457 25699 16164 17784 28607 15399 20247 31206 24411 7395 31947 
454 28
7055 28178 1663 7236 17866 18451 8543 34614 35735 9993 15062 28412 27920 44 4559 38129 2112 6308 21871 11819 14880 82 17789 13854 12575 37733 21852 6420 
6550 29
16079 27515 26402 2636 16462 15974 18003 38262 1937 7235 34755 11683 21101 3870 29109 5631 15621 13626 22945 7659 29845 36501 12 38216 16514 20480 25825 36013 34779 
6448 29
4241 8483 5428 39559 6361 12777 2542 26078 32825 35997 41213 29012 12662 903 14861 8947 692 38059 29345 31237 2239 15115 37512 10518 18595 949 19646 36094 11038 
167 29
9529 9282 7687 32952 18581 35095 7633 27901 7852 23651 15132 34201 36614 25256 34849 38626 32645 5273 3929 35885 16897 16041 40597 30593 21481 20124 32976 20760 12916 
2048 30
4804 12975 35802 30406 19241 6274 4294 28969 31109 36786 7102 1827 2766 29860 29825 36444 20638 627 22325 32120 36551 8768 35501 11707 5643 23705 5216 19776 7922 29507 
3493 28
34812 11525 4797 36883 30945 21697 20385 10024 11622 14471 22377 30429 12347 21023 27688 16053 11336 27166 41180 29685 20894 20899 6552 15531 14971 29946 22110 16373 
4343 29
6146 16420 8428 13972 16047 33516 4118 22786 16620 28958 32682 21836 35744 24371 17755 27145 24368 2272 24470 21114 449 15939 34404 2248 13558 25014 24000 12923 14101 
5417 28
12790 35434 18366 22051 14061 5748 37997 30731 39835 22200 6404 39330 23287 28258 19255 1805 6106 18773 25606 28220 34167 20643 34631 33439 7722 20217 17155 9405 
5917 30
10444 29567 24146 41255 39131 12588 13222 38536 24887 35602 24251 14393 33813 40766 14982 31172 20231 36278 5368 3259 8050 8783 6649 4976 5038 25969 36665 32117 18848 40162 
4281 29
19523 3451 31321 29054 127 30096 22791 27338 19349 16857 28820 29620 15043 5401 27165 29037 3056 36185 27034 28585 31462 27489 13727 16339 1406 947 33002 23620 24399 
6618 25
27854 18336 39952 27436 19164 23893 6901 36914 15718 9702 18351 28191 4239 13428 26127 29908 9224 39228 15323 8117 13777 2470 26551 39759 3697 
1792 27
19590 11668 10114 2918 37826 9321 37012 20273 21688 29211 13455 14609 10765 24394 9743 11356 31836 411 14041 293 31365 9281 9390 20707 2884 31269 22356 
2985 27
2536 5489 889 8799 19365 10419 13932 128 16232 8000 32891 33400 18674 1736 12272 3052 23752 23270 2487 6381 34644 9031 33327 9637 17546 27740 32908 
2005 29
1495 41077 2162 25410 2698 22978 27583 35653 10205 9537 36676 18412 24414 17919 38698 36694 25383 6369 36221 41274 36193 38568 19086 34948 31644 11410 40298 31354 22784 
3299 31
7147 24928 3989 28284 13627 36270 39299 36877 36597 5778 26850 24462 36768 12109 19101 27810 8111 23458 15837 10616 32564 8088 41178 7862 35666 4788 4641 40172 11342 18055 13845 
2589 28
32477 31900 34372 4843 1511 20070 5686 1071 31281 23257 2231 18467 30691 35182 15569 30109 8051 33033 36261 16311 8150 5611 13923 329 1894 13335 31587 40000 
5752 29
24249 17168 40544 15260 26605 13057 11882 16967 33266 26075 25725 27299 11500 13863 29625 7657 29192 24385 31338 27098 31709 26160 12307 454 18976 39068 37325 37007 18095 
4195 30
10976 28534 16467 23258 3462 26140 808 11561 22743 17786 4614 22384 27410 20546 10656 18295 5913 31505 11037 15343 14505 23908 18769 1597 34174 32211 33541 18992 16469 8152 
5929 27
25260 37573 35303 17567 7682 2832 12698 37276 8049 7641 40221 30720 10733 6217 39288 29373 27281 30227 18079 8851 27898 10110 3296 36705 39798 31472 36625 
122 25
14085 34785 16996 2888 25763 22485 27273 11961 314 26528 24798 14488 28292 6527 8693 23761 39384 20022 12227 34864 29015 37124 34838 13903 26114 
2339 27
15805 14836 32100 22909 8692 23592 22620 10936 5964 14304 118 5077 19111 25900 16755 13562 3132 14581 27246 19581 37385 31643 11425 7817 22930 28705 6805 
1528 29
35623 37488 15406 2680 32747 23190 2285 29400 14431 137 4899 10622 38514 33815 2495 6493 19156 28100 19250 3997 2718 22363 37740 4321 32636 41300 32998 18973 37167 
697 28
13401 31555 32725 8540 22896 16873 5167 19696 34440 28299 8071 4187 33514 24335 13540 29180 31814 14201 28672 39208 18287 4980 37562 40318 3753 29643 13483 2048 
4716 30
19452 30179 33973 29999 30418 12162 39584 29001 27704 1010 27732 31271 39784 22272 9676 6011 31667 12904 5344 39804 7135 9472 1558 13325 881 26860 37206 32089 29540 6374 
3982 28
26393 10596 24321 35657 17141 12610 13486 8649 34417 8207 3829 9608 39689 12408 36271 39368 6240 13383 9696 5908 12251 35629 17474 24098 11341 23502 36480 31554 
1650 28
4055 22961 36808 11789 9117 20519 8440 19832 21010 9867 34655 8905 5484 15031 4006 17595 8060 7553 30301 12699 9760 7838 22090 28651 15808 32376 26588 6201 
4977 27
28007 27386 14401 25169 25700 5594 944 37176 12747 26855 29117 25687 8214 11981 12027 30125 37424 40036 25672 33166 22092 11302 8226 21421 33922 15164 2824 
5506 28
17881 24860 23069 34516 5292 33464 3310 11628 29344 34958 12630 19059 4670 10532 30106 18149 30862 38667 17682 4250 4419 14159 28593 26812 20364 16255 26313 19420 
496 27
16816 36874 8360 22115 18738 18259 34778 28894 30224 38659 14497 22960 21879 20859 22394 16051 29145 32984 22465 9830 7733 24693 14165 4229 14733 19654 14236 
1566 28
21426 33811 27795 28685 21614 23291 15658 28483 16530 23788 30432 40709 15075 9847 33050 29809 34828 29503 35481 26944 37549 29120 20301 40397 10891 28407 12851 9215 
984 28
9753 40877 4059 13471 40794 866 21466 8553 9377 38037 10574 13145 24004 10318 2586 15720 38388 30751 9360 30201 21225 3303 14474 28392 5143 39565 4518 7362 
113 28
18554 24313 39790 37984 14534 27293 38739 9056 10149 10515 8231 4178 35801 2108 7025 27925 7887 34436 38031 11577 37557 5468 7925 8777 40087 4730 34766 20220 
3677 27
7336 25952 16595 34750 38073 15979 23286 20241 14703 40662 8319 81 40773 13795 7034 14138 5872 14169 15091 35884 35747 11231 21934 11298 11675 35847 19135 
3694 28
12752 20937 10885 38458 11629 26379 38627 19861 22532 35899 12949 10711 30554 33601 13825 30298 26820 36071 18189 1729 14306 7908 36073 5296 30949 25328 11469 40631 
4104 28
38045 25297 10661 35750 27533 35409 28987 33608 20727 26549 2582 40645 8912 1671 18021 126 32185 33764 20274 7248 25829 13629 25749 18453 11927 4514 35274 24519 
2044 27
28055 3922 5609 990 40949 35527 31525 11036 10048 16432 2965 14605 14519 23279 34534 15901 36202 36942 23425 28219 7810 34693 25307 10659 36376 10312 31798 
603 26
39079 35670 39808 34850 4717 3935 17204 31059 22996 36170 16536 24617 15752 36772 41084 29240 468 28397 24028 2393 39305 2339 8741 15177 18813 26595 
3477 30
2438 6837 29713 37022 38794 39096 5476 21264 3744 25999 20640 11239 10621 29173 19486 4315 10066 5890 28619 40198 22593 23422 31301 14407 19268 19694 28880 21867 6378 23886 
2207 29
14775 1621 26157 25144 1220 13568 27445 22329 10684 21690 35973 32142 8417 40550 5650 20371 6983 25583 28458 19036 12957 3793 20075 1996 14210 14398 25467 10332 6515 
6324 26
8177 30637 37941 23364 20079 19075 9135 5162 3566 11275 3322 31573 21624 30823 22935 31027 16888 37920 33353 39324 18383 32246 2727 22574 15630 32093 
2547 29
27791 12467 31914 35278 12983 4690 32233 34696 9845 7766 40373 30965 29254 1204 38460 16494 28028 19298 1507 15199 1266 32037 26098 183 10348 3120 10846 4646 30167 
857 27
27081 6372 14325 16167 34036 4460 19484 17548 12212 7463 33205 30456 17681 34306 8957 26474 22974 1673 34589 14699 12498 36232 19007 11543 15715 1044 21397 
4554 29
32171 2896 23007 14854 23862 1446 2106 13234 2103 27233 40609 38134 9853 25506 3893 23391 11337 40220 2627 13522 4431 38181 30369 3921 8897 37245 20111 9011 41271 
2182 28
17171 30151 17637 4602 13986 27957 17812 37780 18430 31325 23683 24982 7953 27318 32693 18767 2635 39174 24298 41294 20623 25695 2420 33209 2227 20868 20018 3812 
2497 28
22362 14546 23725 32505 5063 16484 25985 34639 40584 24075 20482 1055 26869 28967 23957 35115 31116 4735 1229 26566 30244 41287 28636 34560 30152 18284 24605 33801 
5301 25
17693 23356 11187 27099 40331 8033 40325 28678 21845 40966 26735 26671 11097 5141 21679 11744 35304 11221 5667 8992 22585 25857 21502 32608 28899 
6149 26
30516 13997 19068 32230 29147 12113 6385 31618 40116 23938 19073 1696 6826 35656 34481 32904 33355 10049 21080 6022 23297 39908 15832 29647 28102 20387 
5447 27
27874 24844 30860 14621 24115 1108 15645 31224 13519 18050 20182 17214 17241 34053 13844 18979 22149 28339 34675 30388 37341 35282 26589 13126 24666 40963 26945 
