39
296 446
60252 68062 92433 8798 33465 41135 42474 81095 94524 73117 66919 20152 41463 43419 23115 32729 12246 52289 15645 41396 46502 22385 61454 49630 62242 44934 63056 98576 12527 6099 36160 51709 79845 32493 61568 58475 36589 48993 19511 78512 6716 13177 69293 84482 13962 38728 41466 30869 49097 4129 66508 11745 90105 22620 71301 27167 90156 43033 72359 84897 21778 80609 56154 47137 80905 98012 63908 12563 12210 80041 49731 39013 77981 96822 56552 69595 54578 32860 30269 74756 72814 35838 19228 52167 21888 38310 21730 15419 28053 28084 25504 51244 89137 1231 5329 95010 23686 76207 57207 48013 51256 55808 36038 85004 41450 56392 86213 28357 630 7298 49454 53965 40975 82782 24361 43291 72489 55572 63334 70010 18868 23738 14790 60101 88506 9196 49304 78109 50560 87668 61126 65733 28379 47516 54418 15188 819 27635 61830 96271 95880 97800 85792 53691 17868 74375 24978 77438 69282 27824 17473 2609 56629 74277 57107 3303 94948 52431 59788 44074 77549 18647 68307 80027 61762 52694 58584 35495 21965 99227 63964 66652 90093 14677 98655 45123 47817 73642 20765 34826 30800 98634 96008 37216 82359 63219 44537 18066 11934 17206 44129 56063 7846 33682 84994 23153 50985 31408 62008 37159 95108 4021 79362 853 146 31570 24422 22819 67284 72614 54672 86737 73963 94749 3623 86468 84158 49027 50891 29407 82729 95919 33888 18744 73272 22344 24265 53787 47157 21769 76109 49043 12766 6968 37109 2651 47529 55575 34746 65813 44928 66253 71956 64659 46462 55893 74304 38491 74394 69954 24228 12320 18554 84976 57375 37188 41361 74517 74759 38227 36556 69980 56125 56114 99741 26747 75423 95120 58122 53834 52003 60661 15716 31258 27583 66855 6262 45427 60926 86070 90665 28363 383 45911 24536 65207 91359 41743 49203 67572 34380 96376 43491 15257 13167 46402 60949 87341 60197 82077 44100 78879 73152 26793 98357 54742 28517 46544 19396 27890 61149 99609 37474 37997 4806 16787 16096 96641 3681 62065 67113 11537 23158 27879 76579 92994 24653 9833 65919 13365 8295 33215 2746 51146 42628 28281 55956 72779 61959 18559 72704 45309 18871 87417 45465 68272 16345 81894 216 4104 57116 36815 70924 29094 38844 28718 74659 13070 18106 43397 13748 48746 14595 40107 24816 59291 3347 5317 11510 51538 61810 21650 22745 22112 47345 77325 85828 2307 71669 96372 96680 22003 85603 18984 67114 41056 77978 14776 10125 74342 9261 52620 96681 78688 79033 95022 61561 31384 17722 17674 36140 52965 3158 43209 15143 89918 57906 78819 87122 65521 65969 22336 80191 16658 91764 44156 94744 46001 16409 6884 64645 35637 73535 96024 44306 36488 49161 89659 21833 19281 38328 93970 34153 30072 54615 32173 25007 6584 32803 23085 73439 92703 61324 38308 26418 13305 
340 316
89064 4162 97998 8181 65655 23185 43642 37608 7199 8652 84972 44816 55105 83002 39396 38641 23255 24336 26756 87499 18416 88487 30896 36525 49134 66648 62950 31177 27927 48179 3646 71397 63331 37294 31452 98767 30930 23899 17232 78771 95858 87357 81125 85024 11412 62765 93058 62376 53083 7063 51711 68350 43217 35164 93663 32260 1364 13182 96971 18700 6283 74038 74939 12693 32727 16260 58895 70807 64147 90264 35316 13374 24745 64528 96491 94082 49185 17850 93588 50796 46622 43577 7922 55143 56702 41204 73561 9671 18862 23293 28898 88895 94995 16743 26095 45553 20659 54988 77733 28273 37277 60080 77208 28586 24979 35655 49584 70897 51310 20687 472 60452 40393 61871 54064 24940 17243 45504 78902 69132 16119 84386 7011 7661 64765 48241 94661 22815 64277 46921 61059 93542 99476 59490 69427 68543 17336 45439 11016 75220 14724 10102 19681 58645 17594 5953 83435 25672 74173 41317 57254 33010 96676 62214 81298 20499 71935 74933 25437 48796 58650 52484 83028 51482 38153 95345 37214 38040 27356 41854 67000 40016 75353 26253 17188 21571 59057 43478 40698 32966 92318 38442 33875 66148 68755 95913 95725 90886 8972 59943 70310 73262 57840 92565 27514 38857 39498 23192 72731 31815 9618 79863 56178 19607 30437 11074 12756 4820 57617 65546 78867 19677 43734 1285 39814 24107 22310 98782 89714 74311 71487 58637 95757 45310 81969 48305 63837 70658 21857 77014 7559 25426 96975 8345 51032 73165 50643 55678 46444 25884 33951 12568 29527 1127 74099 91712 68414 40954 26931 32203 39269 69184 12861 35561 33233 49545 46196 28341 42231 82981 52547 14134 1419 7393 48642 31343 79708 64396 99242 26887 199 19568 83883 12733 45284 67144 41756 34760 24062 81904 97597 85309 90415 78539 32988 23054 71537 1162 28064 47351 63886 40365 39003 79614 772 13935 66759 29608 20146 9174 10367 48547 32832 24630 89674 3374 91527 86870 11310 35047 72352 33761 30863 82230 70186 4760 
736 219
28331 29501 65803 83048 93593 86621 69022 3545 47684 19128 8239 27682 84174 8853 1977 39445 10529 14254 92787 13595 33340 20357 23181 23638 31419 22024 94259 42293 51002 44992 72676 29426 82940 3384 53971 75610 2385 14463 18655 63639 97487 77814 69523 69528 94084 27023 97039 40434 47641 65300 9396 83979 40008 64492 56400 27091 36840 59204 55038 81301 37073 92988 11232 76112 30408 73903 41531 84285 19172 94277 70053 76193 60867 23297 25575 21474 35444 9365 63500 73174 19017 97423 7769 57604 12502 45491 42532 12119 38640 19643 70239 12084 19056 10619 68799 16349 51801 27559 11839 45931 86074 68572 88370 7581 17059 21796 36372 14211 28280 44378 49322 74588 92350 32353 10764 1784 57810 12213 61635 34290 10931 80949 67050 7381 50524 62298 9649 9406 94054 58048 21569 12266 70770 97141 60284 31826 33058 89628 24238 28146 78376 8587 22878 32499 55149 84770 45661 57288 30100 76963 37411 77544 11078 37345 61048 26010 6755 52234 97633 87681 29749 82371 62579 18003 64722 51772 22351 75341 54938 15076 16165 18848 56243 27594 69192 22666 8796 76568 87506 18078 71853 26147 24990 52043 67305 62011 7255 47723 78936 93079 51577 43244 48544 61374 6209 48248 41287 45052 23444 58829 2071 57452 89445 39800 26414 9 50823 20718 92760 90860 51749 9753 62500 90818 72852 88633 12150 71898 51501 
259 148
24425 91288 70147 41479 33289 48455 52891 80248 98068 24764 99884 49927 22875 81046 91836 52875 45420 14604 17098 25136 96472 4223 12804 16928 63525 53219 99645 11544 45249 48322 98401 79458 88255 16217 64670 2252 85424 18919 32763 96697 74696 63606 60822 82739 43765 48929 45228 93226 50497 94141 26440 83202 53193 70941 81624 35456 72639 69762 9624 79855 18306 69445 22919 46079 53065 17496 25248 94951 35462 80156 23073 26267 85610 18191 88489 32523 89058 50619 30300 16223 19690 80189 83401 37701 89841 41896 72802 78416 9773 46889 40918 35280 82920 93221 2898 79331 52713 70846 76498 69759 86509 54295 13899 5618 60763 48782 32468 63436 12067 70768 92812 73971 95021 68575 96089 89139 13382 80660 8505 97916 34567 4859 53266 99627 70854 58893 31885 29443 12001 74186 25381 530 91886 50654 96074 69640 81489 81699 61411 34583 51793 80768 18098 86223 98427 29715 26798 79199 
109 97
85348 40441 26101 36045 52186 92552 90348 5203 10808 90148 74752 25382 43669 95655 77490 32081 63441 87929 52250 37213 7693 16396 57696 76538 32642 39116 50527 50821 69312 21243 16761 6593 60977 81623 21032 59513 73066 2821 59874 2738 39521 36636 9697 75600 50755 16522 55353 16385 60094 29582 70989 65069 71996 76822 94976 74818 18895 65441 20440 24340 84725 90196 75738 91 671 46499 14671 56680 191 97321 70377 20366 9794 93 47097 52750 45541 25506 11051 84969 11864 73087 21521 97684 69591 27973 69056 97435 34002 36092 92814 53407 38610 85690 58595 11009 25840 
557 67
78048 35266 25689 79852 78682 1535 18013 59424 51348 73086 33611 3917 20425 47177 66047 89016 6233 36249 43315 94525 50329 87199 79770 38143 14277 7094 43373 70308 29976 2629 71620 28168 17856 3893 44526 54638 65870 86929 22200 18160 98314 99774 44833 17201 60639 99044 35960 29472 79683 14281 42369 62613 27902 33298 3293 97614 60399 59550 29356 38945 5263 76894 32270 1293 12967 19862 95830 
662 40
36521 88251 1988 3832 27430 26470 64657 56052 8840 4043 82754 82791 15190 77507 2672 28489 69876 35585 31908 74929 83110 58390 73493 23596 72176 70561 59120 96248 50406 646 27623 72595 8033 51861 43997 77562 86212 22740 86167 99376 
558 18
77639 34978 36680 72688 38580 61920 38670 22338 33059 81756 20131 34819 82365 26417 73886 58688 63382 84443 
294 15
36608 94486 84449 37603 48837 2509 17705 76788 85436 93061 99419 57910 76995 5763 78599 
330 8
10958 98611 18839 61441 47507 10543 41805 86995 
362 2
35787 95464 
527 1
80130 
119 3
80546 17791 24251 
99 0

627 1
10779 
436 0

20 0

154 0

8 0

73 0

466 0

183 0

434 0

708 0

221 0

715 0

468 0

250 0

101 0

610 0

783 0

117 0

218 0

677 0

23 0

419 0

197 0

734 0

10 0

