139
2445 139
16488 18231 76380 41616 77784 7219 82120 9408 14567 57460 84743 55982 74120 39059 42825 25000 60500 24464 31589 82670 71035 132 3098 57377 46408 53459 15936 64350 83616 14118 37968 18021 39580 838 6524 32392 16426 55938 18007 43676 72437 74190 27082 64309 27271 86636 53365 43910 6409 46423 88003 1992 47135 63668 85111 35426 23080 14840 16278 82069 10084 15451 57453 68779 65882 17677 31332 77950 2174 20185 31090 59113 50884 70614 57040 13987 50159 28394 52978 63966 84811 61077 40985 88255 30869 57551 79196 5854 72447 19079 62722 60847 18982 74219 49309 19521 56752 69999 54498 71159 43709 6008 77771 23038 41446 37886 42897 64774 16886 20122 36420 39565 26249 37331 76046 23644 71491 26347 30636 70524 36721 34455 265 62141 57995 24847 72304 54451 61736 7302 36645 26472 55091 30008 34738 5224 46296 83965 18774 
1511 87
39534 58649 23868 16181 20498 52560 33150 26666 702 66683 65065 48126 6749 45388 40744 47106 16308 86854 78301 75185 23979 46224 58655 54355 67474 8625 34684 36555 65798 27344 74762 25051 53429 66473 45889 41693 65655 4064 16081 50877 47896 69118 49302 8951 44927 10015 48258 67795 31128 36267 20363 42254 3270 15445 31441 45940 187 82314 35657 5635 43780 19773 23484 3181 2050 20552 41612 4424 33363 19260 24441 17347 77607 23948 50850 67155 62107 22339 45770 32412 67589 39585 5025 49458 86948 25564 74471 
6092 44
28765 48847 69988 55211 12011 38709 40250 26235 12561 41126 62428 85477 39560 40560 80785 57297 77407 63550 5090 49779 56546 80496 29232 36132 60939 38032 80301 52582 86361 66333 30910 23775 55191 34377 48737 22358 46070 32297 6727 4560 52785 64293 24893 55254 
1371 17
38440 36620 31048 14004 44081 82839 18375 28333 41664 53733 28794 58389 48528 29572 23563 44851 53915 
319 5
25072 68107 74409 87514 68003 
6897 0

614 0

3679 0

3254 0

5488 0

5200 0

796 0

418 0

154 0

7074 0

7013 0

6778 0

6661 0

6631 0

6376 0

6120 0

5968 0

5799 0

5094 0

4947 0

4667 0

4050 0

3935 0

2506 0

2330 0

2280 0

2236 0

2042 0

1794 0

1720 0

1515 0

1466 0

1317 0

869 0

791 0

786 0

679 0

480 0

7143 0

7134 0

7118 0

7002 0

6984 0

6923 0

6879 0

6868 0

6702 0

6513 0

6490 0

6455 0

6239 0

6035 0

5919 0

5904 0

5758 0

5507 0

5491 0

5463 0

5435 0

5139 0

5090 0

5055 0

5044 0

4570 0

4166 0

4149 0

4025 0

3882 0

3517 0

3505 0

3383 0

3343 0

3222 0

3144 0

2910 0

2900 0

2851 0

2835 0

2626 0

2228 0

2027 0

1731 0

1471 0

1455 0

1362 0

1331 0

1255 0

1240 0

1108 0

953 0

913 0

888 0

805 0

772 0

535 0

505 0

121 0

7109 0

7097 0

7060 0

7054 0

7041 0

6963 0

6899 0

6835 0

6765 0

6704 0

6616 0

6582 0

6522 0

6494 0

6489 0

6422 0

6421 0

6380 0

6205 0

6195 0

6171 0

6133 0

6082 0

6054 0

5957 0

5944 0

5863 0

5825 0

5695 0

5672 0

5659 0

5649 0

5626 0

5601 0

5594 0

5556 0

5433 0

