85
2442 188
81260 20062 44216 34045 11389 6343 45322 79947 74219 44675 75582 41831 17428 72659 32325 34792 37043 55622 24856 76786 64037 81434 31648 80027 15855 7418 38077 33002 25532 95105 20487 9193 35797 46661 20357 61121 41300 26395 41067 77876 16695 61531 20718 68008 92479 52942 93166 34506 30973 30691 97029 31077 68256 90584 20181 91722 24277 64224 93447 38304 89445 87107 54384 52886 63600 60382 27363 1812 90960 6520 57771 93016 33655 54492 46980 77978 67952 81968 29328 58783 7139 45113 73153 64127 96107 87358 62579 82669 13292 98663 71480 34810 93827 33029 69724 81179 92862 85607 76618 86827 13804 87943 81733 17065 45795 41426 28489 49205 31305 46649 88507 81160 11488 91126 78896 21855 7995 31550 31192 97654 23319 38539 39854 73127 65085 43594 43961 49314 49194 37974 62938 86698 16093 43135 89685 70155 18434 8287 71912 99984 2173 24886 46024 35987 78715 61786 41329 65436 36942 36730 63294 55120 28558 67805 54771 5799 85960 99956 82340 16091 25211 8595 13305 77315 29427 74706 15874 12344 43265 3116 97405 7591 98020 7035 76740 131 50069 74563 14735 10231 75625 2440 84320 84236 57835 56332 9699 32025 
1961 139
92157 63909 30736 30026 65043 27367 85490 95681 66806 68729 65992 54186 27870 88496 16461 61323 62624 27064 31229 88919 92067 13237 69055 68618 28923 32314 5727 44925 66239 326 35914 22730 17587 4962 77622 42577 32841 95116 53317 78502 42878 91563 75661 74365 29973 82132 68286 84730 10568 5973 45849 37899 99995 40677 35408 72442 79984 6829 27439 27238 31497 89346 75163 82034 25360 34734 5021 27786 32538 33257 22169 40877 67334 30002 92859 15335 35132 22506 87147 51256 85639 53031 32539 71568 85888 59030 76357 47732 9984 64684 7557 4863 75036 88849 92405 80288 36003 83852 6293 83916 97620 97698 51832 68377 31939 58410 88253 8806 45502 35805 99026 11763 19759 41186 74094 86649 26435 33276 95330 39666 94423 53171 26463 9803 96695 51369 90748 59742 77982 70374 19115 71784 46035 8487 11965 50132 47250 32772 40313 
3081 100
22584 81272 13154 34230 87725 14897 21884 5916 551 19362 49901 22070 92568 71599 16343 34361 44390 97399 62647 37081 87327 28746 84605 11970 40859 5469 6061 49843 65689 36964 25014 26629 42292 52093 12902 46222 89658 41226 564 25914 43659 91910 17510 33316 59881 36747 65030 97616 75377 24567 76738 36358 614 38285 52354 95037 48658 50003 47611 62778 86326 26954 14530 69999 38731 68683 88591 91051 10159 48410 8989 2194 56394 58538 84895 4936 56475 61917 17949 37813 37405 43146 71693 37479 95327 49224 84495 32699 34558 32493 87053 68769 50337 30582 37648 47132 1085 4087 30287 76803 
428 77
34971 31877 12725 38503 53710 5004 85239 56124 37668 94481 95251 38850 72401 35 9378 97607 70412 71598 58119 26833 29653 76213 54971 39415 13161 99198 4819 98613 73213 52375 35877 63096 72707 8156 58930 3954 98060 77878 7293 21535 18152 21610 24315 58325 19530 97479 65268 39268 61940 16946 28577 15236 49735 91908 88156 56240 90344 76667 2551 21234 19661 75466 22899 85666 96162 60843 51037 95766 93681 67965 60100 94841 60804 55574 9624 25443 29037 
3467 43
18406 63562 87080 35695 61837 65720 35171 88082 37461 68902 95172 53735 8737 35991 86955 24205 23811 18794 16017 13520 44877 93193 10480 427 48715 94477 53903 1283 4566 90481 31126 52347 41809 45591 79287 48907 92888 72557 16272 34748 15309 79656 20823 
2309 30
52067 32846 16970 63068 23150 58399 42438 72420 32655 91353 35137 95389 63235 56198 15913 94956 277 99849 9794 40866 38457 91811 9322 35114 65678 55192 35728 18389 87900 15768 
1079 25
61981 55057 41441 99922 85951 79456 55967 26610 12643 93526 57958 14107 26865 86301 40184 55395 65146 87610 83155 75504 80893 76184 23219 85721 63606 
139 13
63191 11814 99758 27010 98019 24243 77676 28468 36024 65738 77914 84923 40480 
3494 8
98890 63331 69386 96805 25337 48644 94153 37951 
1894 1
50141 
4745 0

4979 0

4538 1
35189 
3175 0

2134 0

3695 0

436 0

2508 0

2070 0

1530 0

1527 0

343 0

4417 0

3758 0

3563 0

2735 0

1875 0

971 0

747 0

526 0

5150 0

3701 0

3610 0

2748 0

2135 0

1412 0

873 0

144 0

4748 0

4744 0

4473 0

3247 0

2815 0

2381 0

2179 0

2025 0

1632 0

1590 0

566 0

475 0

391 0

5192 0

5058 0

4874 0

4870 0

4760 0

4311 0

3295 0

3170 0

3020 0

2954 0

2189 0

885 0

883 0

783 0

393 0

4546 0

4241 0

4060 0

3617 0

3476 0

3350 0

3307 0

2960 0

2671 0

2493 0

2492 0

1939 0

1804 0

1634 0

1587 0

1488 0

1161 0

716 0

547 0

