136
4806 22
75877 13747 68418 54062 71904 28806 20072 20614 12059 6899 67521 35291 67129 61751 39672 58191 34448 12987 39051 53614 34421 70328 
3550 22
8581 53309 69226 36880 74048 22966 6801 53718 26672 47281 71381 23558 37194 3985 52027 35172 59274 771 76134 65204 69890 61108 
7693 21
38894 36214 5377 25123 10887 69691 65350 53131 33906 25773 45030 15425 43150 58497 63674 22515 25557 17145 59262 1474 9034 
5971 22
53401 64603 73000 58833 15095 44572 40604 69140 31840 46175 43986 1619 36670 46866 41786 27467 58552 24304 39156 12938 40023 61693 
990 21
27279 46194 49474 30406 1114 22174 30922 64193 53605 27706 30424 42001 31769 26421 54767 28418 2268 35226 37268 57168 23915 
436 21
54398 32364 36636 75606 71648 2712 25949 67604 64803 58719 23674 62831 60347 26351 2872 47537 46602 2126 41830 36306 47733 
7762 22
76763 15742 10793 1637 57682 14297 58713 726 63292 60801 10103 61316 32080 1670 69077 15309 16148 63577 66126 36579 66922 6226 
216 21
28816 51148 33200 48767 47415 3762 19030 57964 17983 37843 65395 56107 39236 13885 28241 29388 11704 44904 51415 59723 35887 
5774 19
4535 77616 53484 73088 64067 13169 50636 71649 23068 33582 22472 9792 2472 67557 69762 60786 4124 42054 33459 
7264 20
25162 324 775 13481 51208 25913 36293 27534 44508 32937 54650 21565 25864 12553 34676 1123 64565 58664 72066 69479 
2582 18
18132 31441 10513 25102 8024 13764 56067 34758 50020 64640 19320 70356 18119 37064 61153 14338 35053 26549 
5023 17
39528 9044 14877 559 38282 20050 43351 64426 8338 74188 16653 57306 68668 14659 7288 46761 32444 
7276 16
40479 22399 60136 73159 40952 46863 45154 6290 1865 78114 76814 58276 16865 29461 41588 62496 
7046 16
38809 43456 66634 43342 42276 33096 71545 3512 65245 48494 3351 21124 16789 47411 13353 23169 
7050 16
20115 5875 59199 16233 66181 27956 28356 20372 52928 68549 62401 67741 18978 50702 63908 67627 
7197 13
17050 16170 26690 8346 63767 18920 39510 46735 5597 58871 51503 14126 8008 
2046 13
44440 76207 35993 29491 43018 77317 71249 67088 10665 48118 76591 67949 66477 
3328 14
32657 63733 39483 58421 23060 9806 28375 55780 73091 57138 56894 51527 14749 37831 
5418 12
73163 61813 43610 69707 56302 49539 6425 2363 63542 44237 55923 48746 
975 12
43472 9988 20723 52681 24521 73530 8663 34470 67139 7571 57262 45859 
1148 10
51333 63914 57812 50428 25247 39876 17576 74874 36618 15774 
2693 12
46302 45180 75749 40664 3357 29226 54830 72858 71605 3039 18498 3499 
570 9
51591 56838 63937 62349 19487 18059 16555 71358 65891 
2883 7
41489 12697 484 73241 66035 30221 48025 
6654 9
64053 28150 44327 31374 49128 69897 61934 59049 45385 
5234 6
38399 77907 16934 68256 22262 48070 
7587 8
59381 26941 78213 20268 22714 3480 34634 17909 
7192 6
44846 11584 58134 64826 28381 71916 
6642 7
29886 34399 47119 17013 30117 34154 24199 
5591 6
67170 20029 49193 30799 71210 76998 
5268 5
59327 71973 65811 53997 16948 
2299 3
66193 49049 8115 
3680 4
49291 34632 32968 44462 
3844 3
34472 47108 49170 
7365 3
42535 49113 20230 
6772 0

6585 0

3420 0

7927 0

7896 0

7860 0

7812 0

7745 0

7656 0

7561 0

7549 0

7524 0

7190 0

7154 0

7106 0

7073 0

6966 0

6947 0

6780 0

6748 0

6747 0

6723 0

6590 0

6355 0

6029 0

5900 0

5796 0

5597 0

5575 0

5483 0

5433 0

5408 0

5389 0

5351 0

5144 0

5141 0

4954 0

4792 0

4709 0

4515 0

4348 0

4234 0

4026 0

3915 0

3913 0

3630 0

3587 0

3521 0

2903 1
16225 
2552 0

2358 0

2084 0

2001 0

1651 0

1601 0

1525 0

1390 0

1303 0

1169 0

1059 0

833 0

733 0

654 0

523 0

516 0

501 0

310 0

188 0

33 0

7923 0

7910 0

7858 0

7811 0

7781 0

7776 0

7750 0

7708 0

7707 0

7694 0

7671 0

7664 0

7657 0

7644 0

7629 0

7609 0

7604 0

7603 0

7522 0

7465 0

7433 0

7432 0

7418 0

7403 0

7402 0

7394 0

7391 0

7388 0

7352 0

7351 0

7321 0

7269 0

