232
84 150
15998 63196 35973 11005 9168 23028 70084 29257 53153 25293 24484 54459 1311 64996 60766 99133 66219 863 50332 27129 12701 39516 2129 55233 55157 77601 84675 42564 27470 7493 20267 97904 50947 65116 15460 37024 98610 42060 86889 853 26872 34116 33560 71325 48022 41773 15305 5965 27329 84845 60149 64839 3838 87089 44533 4466 5360 99497 87015 10275 37158 45162 88011 26101 82415 48805 21313 13174 28274 27285 2110 83025 36168 90567 63596 11874 87866 49311 48406 77533 12750 3395 41915 9872 51500 74821 23261 71503 82984 45909 96083 75905 87184 81715 70926 21418 54693 35238 3381 56313 14456 86581 22620 84853 34214 92157 43834 40941 46200 77523 78163 65638 16136 23265 14834 63128 85472 77951 21041 82653 61767 10215 54796 42772 76283 44090 99313 11330 22448 92018 3441 47926 44789 30800 40757 16829 90217 47773 27026 92691 95695 25966 47860 13882 85291 98135 94864 17340 86511 66969 
2866 131
89259 89144 30013 43348 51123 80098 78112 90676 62973 84279 20149 5031 78767 4493 34060 16547 30341 67638 61502 81884 62124 79704 17058 81339 75438 98204 53258 27619 17054 17971 31706 96203 62534 13870 82790 31077 93024 7514 48178 87983 95350 72304 49545 30246 77984 39232 82072 27892 85637 32422 99773 56574 81837 40686 86744 79860 20629 81148 99640 14963 88038 24081 66784 75161 1023 62256 13306 64912 42059 52339 46832 3151 49754 6740 36255 51050 87049 9896 68992 28342 2397 8379 40036 62606 52378 58698 73858 87104 73626 16672 94687 97640 61440 63864 33774 8831 58052 47803 18010 7939 87306 65411 50006 27205 29247 99610 29163 12127 41089 92373 38896 87285 11992 18422 39466 19976 69005 20366 40803 86492 8101 58704 9513 46237 40062 47903 32867 13487 40207 85300 49756 
5069 119
32509 94796 63987 75996 15145 33116 84102 48137 26279 78856 217 85879 24163 9451 48133 86385 38637 25186 36681 52186 14477 21461 3242 67408 74838 8284 92008 60386 61813 85410 33181 43781 76455 54206 75160 76835 65910 48397 78068 36653 8196 56111 8077 25857 20512 63666 92103 89142 64462 51195 34348 9105 76856 33874 9208 40375 51771 83148 9729 56748 95216 53628 25480 59949 69420 84595 85128 49064 61201 88980 39069 98233 71385 36790 94780 4911 4833 60032 23522 25854 66531 20452 40927 43774 96967 70998 88326 5837 78886 90812 47142 73462 58049 670 52531 34506 39638 75828 20680 98932 76872 42423 20876 77405 88497 20765 87947 24297 39963 12977 56421 31810 13814 93360 17075 39728 80250 8135 15738 
4794 102
95377 84572 49973 92546 63058 66377 60941 77863 60259 49794 16784 16294 70100 5188 23287 78964 24452 87486 71829 66886 30637 77487 77040 85401 9631 56860 83592 83819 33381 7983 84130 92138 5 20399 87308 47220 75606 8066 3219 2731 52361 60588 14255 63993 48095 36269 97894 51648 21509 41200 44985 87572 28348 37177 88747 49145 88261 80993 4199 1001 71488 9160 7064 44110 89635 53148 25331 13535 43515 16359 94128 9558 87391 40501 52408 28937 1868 14191 30680 94643 61358 85068 45164 37150 38843 76114 46669 72420 65653 33878 11854 75026 52638 76081 82991 95150 59602 26832 63583 2496 28689 23341 
4534 83
87622 19672 64758 10341 11941 18403 20161 35308 70471 71279 48580 30571 68497 27568 69680 44466 18744 83464 29034 12430 51658 33707 64873 63837 29158 33679 61135 33927 72922 83230 35167 61875 29270 57929 89043 10243 15673 48004 94727 38320 98007 9108 61948 25004 3779 74981 81468 97223 23457 99888 96106 22946 10118 12505 58453 12014 38997 87778 91765 8610 90636 91295 14029 12378 18362 98883 95516 13127 18400 906 30628 1790 62269 12081 30862 535 52935 78859 31500 91659 93316 3628 51327 
6246 76
52583 16798 39114 52468 41495 82351 73839 10893 21047 45199 14875 32765 44230 39163 9793 5898 41285 18185 16602 17185 44830 16955 92797 90883 19543 71637 22721 89304 8669 33536 53090 46723 51628 51209 3824 69652 60482 94874 54955 20646 65895 53131 85067 26538 59065 59873 70077 892 13059 64778 23495 28899 94871 42802 66557 76009 29758 49023 1823 8753 36483 68627 97162 58843 91133 56763 46533 85020 38231 53958 31391 96873 22641 50546 51656 78821 
1956 57
21197 88507 30640 59701 28188 89077 83793 65398 33305 86663 98878 88094 25128 56517 38995 2174 54439 42664 78585 43634 46668 20405 78062 11621 57387 52654 88376 12823 81001 3290 85101 32299 91441 2137 43704 40636 15888 52434 47260 58158 57301 86750 41202 71592 86636 50580 26457 9715 88245 63320 62901 22485 35852 20157 1995 18866 10429 
2430 47
64588 32773 34826 47148 78202 30747 55690 3430 64350 32076 5011 4539 98181 62874 64507 80420 96839 24197 72897 394 70098 15753 2011 43869 36486 38741 9594 28925 21341 65424 75807 98933 28550 99234 49713 7542 53256 50902 18342 88541 44311 94123 27376 12998 5465 13334 17453 
5612 42
26984 28131 58403 81716 82066 68621 73916 19498 21212 87442 27911 23294 34379 64357 16179 80792 28401 79028 42845 7589 98518 9046 95069 40318 49862 75954 54556 91515 4102 9557 25349 4722 97583 45270 44598 66537 82528 4585 36694 14812 65011 75838 
5676 35
10234 32759 45515 44715 22397 72579 68986 48311 70523 15565 8173 47654 86296 53859 58571 71517 52763 34689 24459 54695 12664 65106 8537 82129 63092 71093 71205 96580 88811 73699 50487 66144 77876 8047 76750 
1247 28
58962 21562 421 74501 69493 86718 53738 44118 79895 87352 95947 79970 54943 14754 88403 74162 35092 64899 99562 90896 2728 63617 27926 56154 76331 6151 2499 21399 
4151 22
39034 60252 6561 10974 36319 23548 80630 64140 48409 40250 98462 88729 22978 70135 47481 72528 6094 93891 37739 10398 52706 63580 
4963 17
23226 92057 12248 17875 18181 19870 14406 95984 34440 99891 73629 47580 34242 16594 80527 54205 30462 
3869 13
6840 20059 96665 21687 88938 4839 54207 27069 19761 6669 68338 70723 70241 
5332 8
15801 34460 67948 66833 50860 43832 59674 79672 
3460 8
66822 62704 14048 99871 55552 95206 4309 84523 
4237 3
30731 56439 28100 
5803 0

6081 0

747 0

5290 0

1370 0

168 0

5692 0

3864 0

3089 0

2364 0

761 0

4355 0

3141 0

3107 0

2763 0

6592 0

5909 0

1507 0

359 0

274 0

6245 0

5800 0

3538 0

3148 0

6495 0

5166 0

3066 0

2082 0

6355 0

1892 0

1313 0

5376 0

5149 0

4976 0

3944 0

2720 0

824 0

389 0

6544 0

6111 0

5522 0

4554 0

3642 0

3464 0

2524 0

2484 0

2436 0

1752 0

1669 0

1401 0

1187 0

352 0

5975 0

5778 0

4868 0

4863 0

4212 0

3200 0

3057 0

2287 0

1066 0

594 0

6493 0

6185 0

4576 0

4446 0

3553 0

3036 0

2597 0

2501 0

2391 0

1529 0

2 0

6374 0

5720 0

5672 0

5556 0

5328 0

5150 0

4967 0

4882 0

3981 0

3488 0

3421 0

3400 0

2877 0

2830 0

2163 0

1327 0

1287 0

556 0

457 0

418 0

293 0

6393 0

6317 0

5998 0

5927 0

5653 0

5638 0

5487 0

5386 0

5227 0

4757 0

4750 0

4723 0

4613 0

4552 0

4500 0

4432 0

4337 0

3921 0

3872 0

3792 0

3783 0

3092 0

2471 0

2262 0

1465 0

1377 0

1361 0

1337 0

1304 0

734 0

613 0

585 0

149 0

6673 0

6648 0

6554 0

5734 0

5252 0

4514 0

4218 0

3986 0

3848 0

3793 0

2987 0

2856 0

2627 0

2499 0

2497 0

2493 0

2440 0

2352 0

1988 0

1178 0

1062 0

1016 0

1011 0

458 0

399 0

6332 0

6322 0

5758 0

5344 0

5272 0

5049 0

4645 0

4547 0

4300 0

4253 0

4154 0

4088 0

4053 0

3984 0

3574 0

3446 0

3321 0

2950 0

2746 0

2580 0

2399 0

2367 0

2348 0

2227 0

2138 0

2025 0

1438 0

1431 0

1253 0

1172 0

664 0

533 0

486 0

309 0

138 0

130 0

6568 0

6338 0

6209 0

6108 0

6085 0

5929 0

5686 0

5475 0

5282 0

5163 0

5032 0

4918 0

4897 0

4784 0

4783 0

4420 0

4132 0

4109 0

3852 0

3568 0

3561 0

3371 0

3368 0

3242 0

3007 0

2741 0

2405 0

