34
529 270
67141 81842 50709 24385 48104 81021 2016 30829 66023 4901 44170 63555 77645 22806 41329 40656 81351 79222 39003 12522 70246 49815 69138 12667 67200 31996 61185 74418 77677 44118 76557 6886 41075 44609 69482 13425 83645 66830 65059 9669 80427 32514 9707 28219 58832 16600 75650 50507 69760 52435 77863 55311 70439 47302 18764 72995 4274 22773 60811 32375 48144 981 50425 60623 55879 57808 11573 2 50133 19930 11496 20648 26471 32588 7435 42870 53348 73110 57118 70027 64635 24425 40993 34819 46553 29783 83084 26172 83230 10090 50578 1286 65960 44540 36549 44249 18817 82960 34233 77899 61233 22050 64139 23021 16739 81283 18816 40883 2741 68765 17902 72189 22805 38964 46611 3548 35145 19942 54139 57952 37986 74438 3358 61858 45992 2532 71291 74654 79262 52186 29149 893 22039 17534 39065 14228 43939 27429 1437 44740 53041 30360 25454 9848 54336 56356 83739 58722 84235 49614 37698 50854 50969 42201 62603 43889 34865 31597 53676 24492 71716 697 28095 39614 12678 39670 9104 82778 45312 82403 28549 40677 50254 49650 60569 11835 36092 42450 34398 37089 47209 4892 75800 7883 53703 61653 50508 75783 24428 54312 40717 62567 80297 19102 48173 28195 14698 69836 481 33841 18065 11025 20819 3224 39503 75938 70786 18819 82909 69349 70781 65503 51162 42757 6662 71507 34165 45883 61008 17575 65481 14155 25586 78013 55413 15869 68326 7050 799 26292 26299 7747 28529 61237 33510 31999 42591 49667 28874 5906 20957 54269 60833 54050 57339 55580 18562 32723 27895 64880 63373 37212 32459 21883 21213 63500 80779 82464 69392 70585 25719 54997 72516 63148 57166 11961 48142 78585 4000 13656 
813 46
67538 5503 49349 18304 14106 13962 18664 30604 31166 78457 62973 77706 44349 62301 74229 61161 28953 62670 76808 15759 79692 9499 71662 52054 594 535 56153 36849 51361 6871 58658 33566 70613 79060 83675 78129 21276 9101 30737 21149 26143 63104 69040 22484 44325 44867 
895 46
46886 58261 34374 68746 34117 24869 67117 9191 49675 52164 81907 24473 21751 62649 72018 74129 11710 62235 62503 32845 69676 28160 39835 74753 52494 32769 75943 15613 68886 80970 61505 35167 51920 56559 77374 75471 13640 72607 33567 73674 61986 38368 57207 37317 82623 48291 
238 46
26796 75317 31253 22651 21746 13294 79539 61270 11561 50333 53206 58716 51422 78440 1493 48184 25078 58154 56437 10951 33831 76892 29659 75161 76623 57465 69333 44187 41540 60460 81024 1675 28677 24986 46193 47114 8482 18675 61558 26392 48539 52073 72391 24301 5565 10990 
3521 45
62125 67630 73811 42394 78596 39100 10600 74179 52246 49817 36119 72739 36028 10736 63448 4511 64325 7312 10573 32061 9929 54943 26004 72314 55046 67439 44065 63115 22015 65897 67048 50197 32483 59054 11712 34519 62776 74484 70948 72782 48059 11232 3288 54885 26192 
165 46
80073 28990 12539 18661 60871 13024 70010 5407 42722 79519 64198 5577 67871 17788 61079 39512 13971 17421 16886 15228 12946 10396 79731 56551 3605 52918 5911 14951 55505 82872 7065 76089 39017 65514 34894 7729 71768 47763 52756 53217 3767 46907 22630 80163 77985 19005 
368 46
14299 77970 61820 64287 47434 70055 46005 42424 42646 18313 650 82243 83455 3562 30036 38653 32009 36308 14234 59507 2212 46658 12990 55853 76133 4167 23917 6509 67985 15013 74538 31011 52526 25877 18023 35392 2570 57699 64024 79889 37764 80148 18469 73468 37076 22156 
2866 45
55160 46037 4768 8401 50343 14296 7781 60486 37116 59147 35424 61741 35083 83740 39660 25089 64732 2195 27987 63262 10860 1821 67177 20750 24801 51991 38593 13708 66931 4626 28573 65368 80405 67174 14835 72369 67111 45053 58744 65592 65403 80676 75591 23127 15622 
1519 46
71263 78629 7081 15320 447 24059 222 11440 7186 43281 75218 29127 62084 10194 11487 64008 79760 12583 81649 10180 32594 60167 61062 52389 55085 19 65994 83513 36628 24755 12344 53647 21859 14527 45989 46518 23535 69743 72107 68515 51859 17896 36452 48079 74673 32217 
663 46
10980 65715 48379 21052 32913 76524 21715 37712 31134 18436 66364 61568 30225 48861 20224 28876 69806 57396 61846 36132 56485 81883 23478 9550 10199 41378 19893 60143 24779 42248 39866 12221 82817 5145 43986 17894 31160 76512 67198 36326 25867 71251 46289 51769 10993 6709 
1603 46
12516 62898 60954 1644 14503 2256 64856 78773 59476 58893 65486 5539 59495 54920 31883 9381 35751 50484 72636 59938 59998 72595 65714 41335 44657 32473 2064 7955 63238 53420 539 62431 37410 73371 84114 24500 16012 64188 77561 64080 45478 43198 13823 38255 64662 36471 
1392 46
65421 71096 80622 69790 37395 31830 64081 53608 46040 53477 66016 28922 59396 41422 515 1956 74203 11793 40972 20586 4023 82718 15914 32712 40646 64475 21671 72033 6437 16001 84294 68383 11632 59876 71747 33524 29959 78973 27447 77638 42798 34555 49141 83507 59505 36818 
369 46
64470 44080 27979 46238 28914 48315 42339 49412 35483 25323 74993 62169 57711 60084 62658 41648 24443 75111 33865 20831 1671 61231 73022 76096 62417 3448 13117 48066 51261 39417 63055 18487 17970 11678 57760 47327 37580 39842 71975 31403 32296 52144 80855 69059 5318 39910 
2992 45
14425 76093 41023 47892 76119 61478 65177 68463 50476 47420 71803 30104 30940 40760 67848 61131 33047 21309 31804 45937 34881 33336 72266 76299 57089 13687 27985 46302 53767 53964 62053 7444 32969 6055 46492 13732 44811 27517 70893 20534 26866 48085 74101 57946 37019 
1133 46
39897 27348 60850 77003 47256 82806 3856 43237 8740 80890 42785 8302 15626 16255 25126 54628 79633 7959 82797 53995 30312 32383 29210 78923 55873 25020 40986 29890 67034 74948 23298 15674 41387 28358 19556 75399 24636 32214 32642 39405 2579 42601 437 38400 32503 65565 
1318 46
14125 57 47855 80586 29323 629 50317 15051 59603 19686 74031 14510 58607 68893 19850 6877 18351 58724 1642 27248 63034 41983 58864 26196 43765 30439 77227 45073 22088 61127 2168 2524 79653 67674 81609 60523 35989 49125 30349 80022 32149 23492 43675 72351 32325 63570 
1801 46
7512 24335 60633 55598 8734 46992 26130 81367 820 16398 1097 57915 12369 77969 82113 66573 30192 74382 53545 55726 16259 65200 73480 57961 77999 72858 65702 44595 83957 17647 34906 65638 31310 36470 10796 78396 64693 41784 1276 33438 76603 34646 11902 82447 24702 74746 
217 46
42090 72440 54465 53521 49185 70202 11916 51424 22369 41316 49512 31990 9783 20309 7494 36829 83421 54245 32636 2234 54784 14423 79631 72059 82472 7675 23402 74761 70383 61738 2839 66431 11588 82051 16496 50087 46875 16420 49135 43791 21297 38726 73035 16405 54768 58557 
462 46
12298 68978 43852 34821 10361 4385 43576 47094 37293 66569 82546 24008 64102 70414 40442 53768 75720 15403 73640 24364 59008 9180 47222 36088 64961 48322 31595 44889 12471 28237 63106 26454 38409 12724 27543 73008 46478 49823 22468 2432 48593 16475 45051 30914 38102 9009 
1558 46
22709 18709 40771 76582 63153 61610 34775 82793 9529 68001 39315 60942 70114 33693 51004 14829 32435 24934 18004 57844 28124 75732 65822 69968 31425 24388 67303 46274 22840 65598 32224 83565 8375 19986 51754 37354 43531 14384 14517 48945 15672 49491 43384 18630 4301 24414 
2506 45
29876 53292 78197 73114 19668 5437 77038 2385 44591 58514 10397 52883 38381 9251 47785 69928 49196 11170 72317 18896 25073 12403 65057 48042 31960 51406 8157 76056 32081 34696 28103 43874 22758 71935 39077 8674 44148 7921 25416 34923 81785 52689 44390 14921 69238 
1141 46
47407 18613 58870 45311 26997 64289 69374 21880 52293 49019 33211 40294 40740 58084 78410 27571 82193 46786 43562 80627 12327 11795 14766 51026 12835 38220 5760 40710 55697 16235 83310 24926 61145 80411 28945 32763 26751 35203 25730 16139 6111 48359 64207 35279 23289 40569 
1818 46
44704 424 61296 77241 52139 47465 56603 3850 8022 1712 36665 33685 70905 82585 62363 9055 19324 38808 25147 68089 68402 14869 53950 76103 51017 80919 35653 39485 68201 1740 71984 35068 37428 40057 36219 49130 65998 3317 23498 48327 78699 76491 4503 24599 76679 12332 
1077 46
36422 36944 6947 70624 58129 50997 72653 73394 47686 71722 902 27932 79345 69194 69092 13516 60304 82409 82004 78906 38744 2656 56874 56702 69322 55864 43275 5589 7047 66755 5509 63878 14867 76669 18273 81042 18370 33461 67701 48667 81749 36815 42939 9390 38298 8684 
1097 46
22861 74211 19836 18473 5885 82154 73745 73534 23159 54510 83587 59061 33409 71160 37114 3996 60812 32118 41490 35371 5732 30159 24013 66024 59150 48836 26432 44382 33778 20405 67332 54797 16747 61110 13056 29898 43190 25046 74480 65841 4566 83471 44902 75025 4650 60827 
3028 45
75033 30811 2261 3006 10252 31122 61857 67215 68638 52838 27369 74264 42682 71129 73716 26658 55005 83119 952 66958 1714 52696 3757 16141 44904 18980 38095 60 66955 32311 44277 80106 5930 31305 664 27442 20679 80415 54191 61539 53978 36356 53128 71369 30147 
897 46
50619 15683 56213 54785 48048 79148 38176 11044 1088 34875 61990 7832 79360 10944 9325 83280 83577 78555 62803 19299 54053 40475 56565 21588 4819 76798 63546 14197 63361 49626 14096 67586 44352 59441 12220 8560 67744 78398 67915 50475 16840 75259 69296 8495 75561 51018 
1790 46
49460 83412 40331 32704 14054 66395 24390 61983 63618 8419 31231 64797 47303 15790 47358 44853 23661 12617 13014 40150 37842 19155 42232 23144 71693 73597 50693 84259 77741 38555 58422 14122 74310 72445 47449 32360 31438 59749 34202 30431 12439 67185 8717 29623 80417 19132 
212 46
63883 31161 59238 20703 51564 55120 46657 8330 40018 14367 26238 64728 54876 11706 59023 10726 40026 27599 22928 7525 31711 29079 34641 74832 16643 47252 79863 74286 52630 70687 32415 63187 41846 1054 11519 71042 62643 46303 53567 73216 62680 45156 6059 78691 23354 51757 
2947 45
58048 62154 18491 27774 77729 4053 70627 49171 56093 63123 49889 20374 60208 64767 24530 78549 26276 33964 49414 75486 10388 81295 45082 60096 79837 25671 44126 83804 72920 64321 18881 51432 64972 7247 64193 16433 21612 9155 7421 23090 23639 66411 30270 19767 1337 
1093 46
3697 83668 27307 46057 56195 24380 4636 22178 4413 43988 78263 13817 6571 6107 62035 33652 23055 13616 21292 25746 62616 4194 78162 30168 19716 428 49876 17652 19105 65640 19417 29401 9828 76318 44568 34249 38751 52493 59895 17443 55154 58959 18585 55389 29462 47818 
1541 46
49446 20832 175 33996 46589 64503 39400 39547 27982 28363 11191 21108 70423 70303 69393 60297 66167 4150 60692 77367 57468 10233 65429 37934 81237 64622 21165 9936 1450 4885 732 75439 5397 37933 7588 71293 68980 21501 72211 54820 80792 28607 70525 60862 60288 81617 
1793 46
11944 34922 17770 123 16295 19875 7133 32787 46614 56958 6737 50352 73391 49235 56082 32038 73515 60717 65083 16214 76364 67406 82782 84215 58963 80791 33037 13422 83181 64685 9784 21763 15037 23216 20447 47822 69821 15436 39588 14126 76423 6912 81936 19490 26814 13315 
3513 45
6200 25261 7484 84124 1935 4542 83457 18141 35638 63660 49724 38207 11476 50992 35012 48985 37906 22090 36497 23386 27766 45441 37718 57520 51139 77935 27381 73492 64694 30047 80419 62307 12957 81379 71681 8286 333 3814 71204 17817 22054 64782 2776 55325 2874 
