207
213 198
28629 29754 33799 66320 951 81387 79823 5809 77391 47931 32247 84425 98187 80290 64654 23282 99006 56346 39110 71150 93528 55777 88102 33722 87426 15039 18458 76995 38920 84464 81398 28048 3551 4803 22606 55993 63110 4450 60929 30902 94960 26566 75060 52737 48962 29841 88236 13055 14907 47390 86642 23468 73499 61574 44048 23286 85755 94526 80671 91512 65579 48957 74445 20334 53353 88629 3321 87935 18734 38284 30574 47574 77800 76895 71854 6307 56284 72193 21149 41967 25898 28472 81811 60423 36720 14775 68319 12220 76265 59502 8891 4160 48996 95267 12918 63021 80776 45940 67637 20688 61822 57576 47761 1273 33869 82111 42303 90210 62406 54024 47090 51791 5599 55464 63320 46860 20878 13550 26432 97248 88607 99897 86 48723 57155 47240 38670 81551 53248 32336 33623 65506 65522 43020 40182 14060 90862 34205 32476 82029 28091 35412 87857 59544 14418 55185 12187 74045 98298 85703 5043 84079 29164 20634 9528 33517 14922 5229 88762 27540 12 93587 27438 11840 87960 1467 26880 67368 42208 28580 22535 75278 66834 82278 36464 739 19834 39301 75075 65139 22888 13724 38638 88589 98296 91536 58869 7459 57039 18604 61223 46600 7941 97023 80346 50128 14123 37123 
1090 144
18839 93073 33917 9915 89301 74602 30892 87403 50995 86662 64701 99892 19057 76543 70896 54553 33442 96709 9306 49338 69010 3163 9615 82858 13697 81302 31691 48501 11510 42848 70183 38118 37400 63022 24258 90242 33717 82770 78972 17506 75720 92460 60003 494 13609 83355 11186 35264 65984 23494 32074 4438 6640 68404 60424 4561 49636 72932 77992 69096 9020 87207 1886 8253 39991 20446 3120 35841 51039 476 9869 21290 32682 55783 49808 5309 75597 98338 43808 95493 90280 98237 92421 37430 36153 78662 21482 16 11690 25101 68942 36810 75280 88671 80679 169 77026 459 25634 12087 20760 53061 12659 33423 50278 21945 19332 20312 68828 35749 22216 9745 57149 21585 19227 6111 76723 22466 67285 62075 86450 47232 14746 14386 77966 1454 47115 19248 55300 98496 71462 9451 98516 40129 2231 89247 27871 59437 44498 73526 88289 54263 96886 96251 
4333 101
53552 28133 85088 72209 34677 46132 52652 50471 46314 24775 53054 24558 97618 35286 32638 94558 25756 41534 43219 65426 39417 1340 68870 48987 85026 82302 60097 9607 35108 34753 10159 54554 32774 99506 89497 68674 20690 89464 72769 69956 51765 33466 35926 4568 41012 43229 68512 70000 46916 54088 31876 287 15203 7860 81321 21384 90179 80285 72124 92268 79493 89580 26501 88062 97951 81620 21244 62106 27617 30204 7124 86601 95037 23944 52813 71233 39209 24823 93995 2235 72136 98930 92005 85971 67909 81381 16799 48639 52971 82543 57479 61182 41487 57556 10819 22019 72668 30976 39853 94647 13075 
3418 62
93525 70481 92403 12023 28381 79592 40521 64055 74992 85003 96781 95818 11974 29877 45279 87985 84048 18282 30992 74606 40999 86743 88841 62297 93867 17413 53315 92319 89626 86333 76340 89409 44320 61308 36944 69307 98785 85731 50704 5064 22841 64833 74931 94297 26633 49048 90461 50674 59999 76096 89161 39129 88503 95446 43499 41239 90002 25107 5967 54650 23169 82446 
4116 47
94397 24718 5384 97826 9739 79476 37527 61516 8980 25895 72601 36788 91559 42326 43217 29929 71507 10532 22341 94365 71466 4394 22233 803 83677 20502 44364 95004 35148 47662 50624 4615 51938 76926 95095 51883 20085 82098 41453 15302 27321 25902 11152 73852 28090 63594 75739 
4123 29
57343 72476 44070 45951 50354 76748 4231 6914 3457 2311 7532 12713 34108 70081 79112 76971 38967 64984 86307 75861 75429 96495 18394 99915 89806 49446 90733 39887 86103 
1519 15
78035 41046 51122 30185 21170 46776 41145 43193 66012 38074 91937 52402 83321 69550 11866 
4018 7
31261 65167 33728 45999 30798 56582 88638 
4383 0

3344 0

1353 0

1121 1
13336 
3955 0

1977 0

1630 0

4777 0

3451 0

3100 0

2791 0

1615 0

1420 0

1402 0

930 0

648 0

396 0

200 0

5057 0

4784 0

3901 0

3417 0

3332 0

3028 0

3004 0

2798 0

2333 0

1874 0

1575 0

1360 0

4890 0

4654 0

4052 0

3216 0

2486 0

2220 0

2202 0

1910 0

1899 0

1789 0

1199 0

1009 0

619 0

356 0

329 0

4372 0

4304 0

4074 0

4011 0

2819 0

2772 0

2551 0

2008 0

1504 0

1344 0

1124 0

15 0

4660 0

4577 0

4485 0

3682 0

2615 0

2523 0

2223 0

2084 0

2065 0

2009 0

1628 0

1118 0

936 0

485 0

465 0

46 0

4855 0

4815 0

4519 0

4420 0

4315 0

3733 0

3675 0

3601 0

3527 0

3515 0

3112 0

2924 0

2849 0

2638 0

2590 0

2499 0

2345 0

2210 0

2051 0

1652 0

1449 0

960 0

918 0

906 0

789 0

607 0

597 0

591 0

372 0

269 0

221 0

110 0

5055 0

5008 0

4994 0

4965 0

4502 0

4361 0

3337 0

3066 0

3039 0

2930 0

2884 0

2677 0

2627 0

2607 0

2280 0

2034 0

1914 0

1583 0

1565 0

1493 0

1489 0

1448 0

1424 0

1332 0

1122 0

627 0

542 0

50 0

35 0

4953 0

4797 0

4348 0

4326 0

4248 0

4202 0

4068 0

4061 0

4057 0

3959 0

3606 0

3546 0

3143 0

3048 0

3024 0

2808 0

2679 0

2631 0

2406 0

2344 0

2055 0

2039 0

2018 0

1790 0

1782 0

1765 0

1722 0

1716 0

1690 0

1499 0

1498 0

1361 0

1342 0

1232 0

1231 0

1183 0

1001 0

885 0

689 0

558 0

374 0

115 0

103 0

4999 0

4911 0

4876 0

4842 0

4828 0

4791 0

4724 0

4710 0

4674 0

4622 0

4439 0

4430 0

4406 0

4297 0

4259 0

4197 0

4140 0

4012 0

3894 0

3714 0

3631 0

3624 0

