48
3416 97
48367 84425 40611 3406 10488 26112 81486 23159 79188 96828 44839 96259 91088 98587 11074 65017 35811 77333 68078 78850 3956 63208 5083 65194 94064 59295 6383 7562 89988 40843 16000 7440 8994 7473 86654 47629 8158 54936 70162 71617 1513 649 22058 79518 57882 56668 59974 97833 51292 80292 73390 29772 56379 12277 25460 35165 6239 75247 30198 83493 61085 94942 89503 37390 98329 7573 68753 41351 16845 36122 48255 57498 74230 36639 57784 37603 4041 51175 9537 6587 42143 45217 75104 73029 25254 43623 86100 47841 52478 18878 82372 31503 50312 36519 39631 78557 86818 
3258 86
93858 32745 38208 99851 32937 19781 81286 82540 62926 53313 72744 98403 22300 4666 99259 94378 77317 82673 55423 70748 32028 40280 96084 13470 45353 13055 79300 56398 41436 84082 83936 22480 18631 21826 27804 53440 9213 16831 74482 88162 46288 92133 2873 76747 12543 99184 89763 36308 61338 55458 4142 62518 75724 53289 95993 59296 18007 61237 69779 94496 13498 87021 48540 93165 97217 63402 58498 7555 61394 1733 94114 62471 87581 48157 23608 72575 15092 99457 34581 55062 55555 13122 39537 19994 54279 38781 
5826 79
35700 99927 70634 14161 77695 44773 24270 9001 76848 97127 71969 49087 67006 39649 97448 14086 82424 96932 2809 11726 9458 73275 59336 46189 87845 29450 23955 2370 73382 53232 52444 70233 6324 14986 80466 97805 88174 40494 94820 15859 97110 3289 37479 47283 1260 17226 10819 94219 11089 86056 3643 85280 6664 70856 81000 35601 91008 18013 5631 32045 83586 7502 86293 51427 39212 25244 43227 99056 7492 89462 77059 93966 34255 34264 82194 93603 43534 65694 87205 
3055 69
75946 12340 80822 22353 72887 21413 13583 57953 32128 55731 65970 33462 50868 89931 68044 74507 78015 78405 41190 65644 60860 26030 26594 56994 95071 41223 45686 99026 58543 25187 35494 92944 28 39970 27553 66488 93773 18296 89273 87363 76873 64043 20725 5380 23710 83337 24352 22510 41860 91153 30736 87270 95081 79817 46115 47335 70908 31456 32458 11699 78852 52823 7822 8071 25776 64205 95149 55841 1691 
1121 59
48400 16088 45893 32177 59150 41529 53896 18567 73480 10464 84816 4796 71602 46586 71636 75251 44016 53691 11357 92217 55901 68880 54426 98275 76164 17719 18770 38592 36450 3376 1569 61126 37762 37604 21986 27752 77197 13127 92278 99019 15247 15355 42664 70923 628 76087 77745 98206 92250 80403 15978 27103 30281 86928 1036 75633 52175 71882 30683 
6660 50
91111 91447 61823 99581 85071 69470 48244 13321 73821 83884 36109 19109 67617 46607 11040 90734 85461 41530 93999 4825 94261 25420 71727 9867 38560 80755 80674 12957 13435 72956 83587 99872 30622 23584 41133 99550 65486 52777 89737 10866 81066 98263 18349 58036 26094 60734 65603 36456 86151 44153 
6401 47
91898 49213 44746 61699 79714 53686 86891 96108 72863 68115 44428 4232 50219 10981 10509 20814 91784 85986 70377 47404 16546 88054 53678 82443 41682 55659 90972 24355 89629 23614 28081 95588 51623 24845 90757 81147 48973 32694 10974 58982 6326 91330 16263 26727 71074 98571 72112 
5017 40
19970 88533 14728 96609 18831 22533 37002 71581 52640 88207 67280 61528 49726 74088 78683 58796 67970 26564 69139 66008 81558 90232 86416 53302 12562 93465 19738 5087 33664 53805 67015 6984 75735 28041 64438 27265 98432 17003 23723 9588 
1305 31
13478 46480 53912 84642 46503 88750 42638 93132 5461 26431 10652 957 12659 25575 55640 22447 75933 46504 99803 76985 25285 84302 84782 65892 39041 94574 4466 52679 58896 46909 8963 
6203 23
89450 88929 51317 98824 14800 96495 59794 63381 11400 76421 77912 56760 51054 35062 9566 80511 50115 55502 65253 69827 77865 64571 40691 
2525 20
51497 39842 20835 87461 27886 34527 54569 44801 80518 7125 45412 16970 33141 12645 38579 11626 10683 37964 83526 2849 
4062 15
77781 56855 84617 81455 84338 58456 34185 65731 56861 66723 50459 80283 57526 3283 99578 
367 14
63276 23233 97662 22808 17423 24945 44757 93254 39752 86154 57342 54779 59541 29509 
52 11
50013 93335 54232 10264 13873 66487 45790 12871 62817 35361 91354 
5192 8
48164 64874 8804 20419 70360 95768 19931 14279 
1223 7
77089 71804 74854 71625 89097 37175 22210 
1296 6
75334 49925 29801 93300 22478 59242 
301 1
64469 
6428 0

5883 0

6074 0

4327 0

6248 0

5489 0

5041 1
15198 
4823 0

3431 0

1318 0

924 0

721 0

468 0

236 0

5842 1
6225 
5306 0

5140 0

4671 0

4297 0

4063 0

3944 0

3437 0

3419 0

2302 0

880 0

57 0

6340 0

6086 0

5039 0

3869 0

