148
323 590
10091 90003 76908 16185 53394 13933 88871 81017 61244 77710 55365 6774 74375 6506 7527 46124 97644 89900 7978 89528 19778 38067 82922 32002 13989 18328 94782 40487 85164 12333 99703 75173 99228 61263 22888 66410 94534 35277 33615 35583 60844 94438 67606 67631 95744 64060 90927 86417 69493 41968 79131 25956 93824 14928 60892 8375 78424 60219 24360 37166 67062 57676 81967 6613 11368 72074 29393 39383 51876 95073 23641 74388 7807 10180 10772 28314 43199 80371 26928 15998 76214 93028 88389 25593 46203 53920 80555 31348 70807 39711 33039 66713 99629 54201 27046 60916 67499 33655 776 53764 68755 43240 36396 22206 82267 68427 21052 66807 225 24391 37059 2665 56261 20999 58948 56482 45530 21342 75853 87472 61446 82736 82829 76435 92941 8056 386 22430 85458 31527 12075 28705 13764 94455 73583 93242 43761 35565 43372 93737 45468 47249 31622 7066 9579 47615 99448 23696 1768 52438 98332 13673 19473 10138 2627 39143 57189 89526 56805 60747 65177 43970 5666 17813 64770 97496 40372 82386 43249 18031 93143 10857 23081 36058 98158 66528 68489 26212 25770 16205 48068 68804 19977 23532 66357 28354 45398 11346 48854 75770 78403 23180 97887 43789 70137 14778 13393 41206 28146 52475 94592 55053 90238 53092 51656 12234 40598 55319 90421 35672 16441 24814 70522 97781 2437 79401 7048 10648 147 51714 66872 14763 81977 56063 46965 28873 98304 55883 39988 40241 21831 86395 70601 68042 73910 76739 778 49838 68556 61766 67901 81361 45561 54723 92898 40801 83960 22080 6599 50118 4962 43934 93881 25924 53471 89399 35572 31617 51193 91668 82280 1094 95620 28467 88137 91108 21751 32809 78279 82097 14672 51583 75067 64761 83586 74229 43562 14114 8312 48935 35505 17086 25001 11176 11692 19198 67297 64553 1790 82021 22253 72474 31692 21240 81296 78733 19321 73790 23468 3633 9648 7068 26501 69596 46178 63619 16091 16152 51965 67276 53984 97834 31269 86874 18734 92652 42534 65921 55753 68658 81975 98309 54199 87945 97718 66632 9691 19105 19669 59916 9403 54375 50905 49062 91962 37331 15824 67325 7623 77875 27938 39385 60491 25290 56415 43390 28410 92839 53522 90823 45395 1513 45492 78076 5481 53230 72217 52608 39348 14747 63634 30766 61916 95432 66251 56653 82639 52758 96986 79455 90039 51443 52238 41743 43025 64646 34119 4197 61294 34865 70988 79671 80914 80980 28553 66326 16554 65353 21265 78970 73725 61366 25206 57421 7964 54391 49493 73155 82244 3113 68777 30020 39038 72059 97636 93898 95675 96055 65035 34519 93841 2909 56857 90275 53519 98982 41591 60662 9939 24065 4786 58427 1409 21402 42491 99616 61220 69785 75339 99731 69833 89285 77558 57257 38129 55388 46652 69995 79566 78440 80046 66879 36989 36327 61360 8754 77584 21064 23414 68377 64471 10165 17804 73961 46717 33029 97906 86418 69382 33444 24711 80801 90568 43167 61929 81235 7355 90862 11858 95601 22153 88627 80614 36213 18429 20405 44791 70669 20668 43890 63392 75849 91616 3237 81968 87383 55523 87600 72471 72969 58118 51966 65948 33871 60222 24313 68984 57489 14674 40204 42061 35757 41832 38119 431 77133 52194 56771 79989 71558 83074 59298 58298 91321 32253 83715 75426 44353 89173 93377 56623 16601 22708 71504 71115 96169 21343 18630 79982 95904 16967 55945 45745 54950 20404 27201 39324 59580 88668 59838 42071 51190 74965 8112 80503 19878 23341 99136 68175 55564 18207 56959 60922 46145 72370 85596 17308 77627 568 99857 33559 79523 19935 89859 46843 98191 17881 31741 76504 52142 87787 76528 88119 7554 37578 94264 48552 23936 34498 1998 22786 76152 58026 32224 27200 90854 48539 56569 15719 92687 
686 27
56406 44679 77769 56203 63814 64711 88257 50212 88404 55904 57078 40504 17129 78310 92450 98481 47974 47580 42065 44749 40542 11010 82885 21567 64029 80062 73698 
703 27
37819 49704 65528 74288 94795 55049 3757 47327 39144 69062 33285 27707 79636 71476 63982 36258 78792 82323 39451 58601 94266 3367 81612 3966 40262 23719 86953 
1557 27
94093 5258 55238 83385 49084 99952 71586 40952 2565 87831 67607 89223 30804 79224 11813 33086 47683 31329 88873 6856 49354 76101 82743 38281 97205 83491 37159 
1148 27
20879 69546 5875 40131 41972 36672 39106 27546 17516 29993 37695 5883 74408 4621 80246 22316 73882 6937 45346 34240 26514 9850 50721 2764 17008 17697 32337 
1157 27
80093 27319 9885 9456 96060 10169 23014 69520 23708 33664 96025 81225 14112 28870 8497 81628 73658 13801 13713 65927 72835 11579 13815 15074 4038 51200 39128 
447 27
34316 49865 90678 465 68298 39030 31353 45417 51290 92809 50434 11471 98755 63518 88746 69026 57106 51002 94046 46714 83044 63017 64669 48841 95918 88566 88772 
1599 26
10503 33167 14305 42853 83025 91708 78452 96170 55034 84703 23722 77159 23029 84691 49891 18627 28566 70292 17009 8507 45029 82306 46449 38006 19267 74126 
295 27
22815 55268 35588 36233 76057 72035 92563 86530 43938 93257 4312 69479 25786 9758 26539 46451 53703 97734 42748 5414 93519 7990 11034 78639 25265 13129 23376 
289 27
83488 79971 31727 62419 59777 55868 58442 17177 6463 41966 94155 62349 62441 97479 10106 4073 94050 37073 49085 63460 31951 71147 78371 39912 32330 14453 24779 
420 27
51287 20028 55087 36788 62890 74392 67258 43004 19110 53466 31632 29842 20389 2397 26017 37665 13988 59423 6085 67371 22624 22732 89677 94237 93214 11794 33807 
473 27
82510 89496 94265 70226 58737 1081 26269 34804 31576 66788 12154 74078 15768 15319 25879 75610 22364 92236 90401 73978 73074 13580 80109 49882 93225 12701 52924 
382 27
32216 19309 95519 75605 940 99638 21459 87660 50738 55702 42059 15047 21210 21927 14513 5193 23380 3813 2737 72295 80376 50109 48690 12043 64198 37957 13378 
490 27
7179 99718 94967 13453 38436 90537 19814 44843 31238 94348 21491 81774 78369 48395 67120 73185 54962 10804 71910 97383 54299 32585 99055 5078 25921 62138 89953 
318 27
45778 55325 85732 84233 76175 67576 69178 23150 73762 70398 92395 96446 84544 121 40370 37046 35191 95598 36434 87885 18774 91850 41532 87307 46667 82023 94301 
200 27
12718 4478 3787 50730 84379 41957 22194 92822 71452 51203 77281 73940 8518 15471 64353 68771 84200 37808 47793 35579 21132 51521 20869 32924 77907 51253 25814 
748 27
65295 28402 54806 77414 94851 75991 44191 38116 89333 68476 64616 4009 36509 17051 68578 8054 34232 66637 76316 92415 94811 96192 9090 86835 20414 90866 46516 
443 27
77786 44440 39465 10871 85039 30418 89393 39380 26682 30518 61007 18693 93351 78954 43980 80634 95434 22163 93044 3873 41015 62717 6074 58928 25461 39358 73729 
1470 27
423 4620 85763 23974 68038 66122 88206 46524 29008 59967 61811 62574 59205 75225 57696 34656 37022 74938 39280 13380 12638 75847 29188 88629 10296 49196 5262 
1067 27
23610 21261 43202 32437 6252 16792 75544 91751 84333 42805 46706 85387 31937 32267 2986 35015 26040 63406 39991 89575 63465 69587 57163 71851 13907 93208 5214 
317 27
68078 69223 4805 48133 61853 38762 25232 43485 56315 87117 71935 67193 17807 19757 93376 27638 7792 23596 72356 64622 41212 44988 38115 84707 105 53357 89718 
67 27
46849 79374 72696 43957 42137 54247 68186 57402 78123 11874 91139 11084 60717 76168 14115 49167 35554 51977 9824 89384 92068 823 69063 4509 34003 31535 83650 
709 27
34445 40464 8340 62105 9046 8487 21056 76373 84175 82575 86422 56319 3901 60240 67976 8631 10932 75705 94080 50423 18691 42215 10270 78572 14250 82812 74962 
1624 26
35597 46028 69671 98793 60205 98056 76601 50678 52234 7779 92629 55891 31575 60159 35662 21071 1020 6488 78264 74507 38164 9630 75481 29573 31475 81878 
807 27
78857 77439 78094 96687 6769 87481 36882 6851 52557 60328 12822 50860 48745 69199 78027 30987 656 371 79302 2141 76352 87633 83097 34212 58410 33322 56667 
814 27
22467 72845 84704 83411 83584 10785 18114 55125 26984 72336 1474 47844 8242 68029 33908 4982 42503 34584 27683 70873 34702 32696 64851 84946 19770 35486 81619 
253 27
96790 37714 84300 47095 27712 3201 49005 34142 97643 35813 36269 35679 46824 92529 90750 53432 98626 56751 52775 5088 88265 76738 69038 12305 26030 15871 33093 
1515 27
50124 6902 16288 85579 82083 33596 39534 34789 20029 20733 90046 40929 71808 52574 2240 59613 96196 47943 49797 81052 12860 37168 79237 49481 38768 7632 99218 
190 27
7677 82544 61556 98940 45869 67117 17360 47495 34714 98065 37200 93542 73247 70876 15207 48550 37859 97720 68718 26669 78943 96967 26083 22472 75718 63396 43299 
1682 26
93221 43336 79230 31605 36223 6267 99462 66623 28138 14155 52127 88314 90025 69054 73080 78300 99850 84824 41121 30883 25599 54441 72665 59086 91406 5139 
1689 26
46445 74557 86482 51151 41486 8616 99546 39240 4251 37730 17246 21594 5800 56835 17076 96061 1217 44292 27131 11949 61230 2999 19227 75652 72178 57269 
822 27
21361 84657 62474 23174 15414 33722 7035 2189 57809 44737 73051 76931 95725 51103 49424 15737 2049 4545 98153 20271 50211 33897 15706 67333 57791 7492 13516 
207 27
34761 47598 39229 76300 72473 35964 26178 91085 1854 38118 88122 67395 67880 25105 38992 69738 26062 96705 40942 78386 68254 37002 65423 99247 31815 67226 7701 
371 27
28535 64149 92913 9788 87807 42728 79781 78674 8714 20509 54695 75007 81751 45606 78428 53078 40205 67543 22397 98092 24876 90395 81238 76061 80625 67893 22189 
965 27
51044 65694 14386 81078 22188 6271 59131 70400 54344 99726 45999 88560 33132 96459 19229 19241 54921 58742 68549 12506 29965 83174 93267 40890 69742 66140 81889 
19 27
34434 25976 63500 65130 79547 48471 82663 79016 10720 78846 10839 16868 10866 51312 52804 57868 42696 27978 36617 83390 48335 59012 52935 80550 6016 18261 75129 
885 27
52099 99232 12089 74222 1885 59191 65314 40216 49213 73766 27258 13763 67373 64335 41597 17520 24374 15532 1819 89836 87679 43766 51732 56960 24645 44282 66001 
1444 27
79561 44260 33059 82676 25628 56101 60369 5725 59840 15407 592 45514 15247 85020 24199 12647 5229 92640 14684 36514 40174 72039 91207 77826 50239 28715 75235 
89 27
5270 38135 20239 89875 3243 28885 7311 39980 27354 85498 45522 20735 83443 53109 5391 14575 80494 59461 52324 48031 64950 64792 35303 51329 95210 26025 42774 
62 27
4309 83099 78194 21106 3940 25861 16459 39345 86639 87689 93758 15991 8138 55707 38481 4694 9735 47044 13606 9463 85153 21601 41510 56817 81506 81876 137 
639 27
84859 85984 46458 78894 51703 78471 65768 34747 93756 3691 35426 83087 73385 54833 2382 33413 44886 90760 9802 3229 93539 97198 5299 70801 41181 73852 21339 
1396 27
28928 64905 45780 93801 65991 23822 48694 29458 73097 5369 68303 4220 17178 29514 52502 5574 68878 99316 22243 29958 4044 84282 71841 47459 64090 7366 10151 
1167 27
33296 28050 71377 13394 42212 99030 84671 30535 76119 94161 96225 519 44079 45986 80065 95905 35171 97438 10193 62355 57413 54256 62882 59979 18968 64506 88719 
765 27
80927 66758 87706 97000 86957 73895 76329 93085 89267 86228 30548 41048 7095 70560 30106 53983 66694 10913 74485 30865 6324 26224 41655 17563 85780 73744 25489 
1690 26
43270 59802 60586 51303 25433 19114 77058 41191 7016 90361 37846 67836 68577 8262 62189 48667 54435 88299 14992 86600 30792 79582 2074 84227 85106 19006 
208 27
47217 71799 42443 60070 65324 73153 74220 68655 68638 1804 61370 60550 99428 87140 44182 83740 59117 42004 82125 41739 4897 70708 68970 59059 68131 64542 56756 
1493 27
90752 44591 96941 78609 1202 7815 57577 37469 23885 44211 40679 39524 79556 19999 18110 1754 90811 64183 74026 65103 11167 97456 14615 90062 13206 76430 60998 
169 27
91755 72365 21353 90785 59913 96166 46969 53317 51059 92293 53265 36383 30003 93305 42821 82018 89413 72097 95389 81317 36215 39891 84508 68081 16022 66570 8796 
1377 27
13273 20391 6504 78113 11375 15432 44486 65657 17910 38340 31336 85595 84968 93275 91817 97334 72559 43476 43801 30581 42123 91122 85391 35279 93771 90713 98473 
1196 27
84086 87306 79308 51888 25291 50235 95567 12639 48551 3801 57335 59854 7566 45190 45127 54821 95235 8159 33703 62206 67387 78349 82108 20794 9524 74391 37476 
813 27
76993 24613 32887 31458 54021 36398 30439 41334 35357 64590 75903 32408 87949 50081 10357 59143 91665 84625 70250 16739 94627 64331 64548 42627 17543 78011 53812 
140 27
66095 14391 58000 90602 45830 69812 58844 82006 80789 48153 82849 49243 41276 66503 60568 88938 35601 80576 49771 16182 44489 89321 75140 68440 49464 74184 20178 
1116 27
40275 63892 15464 46132 64940 41802 86843 84539 3601 75784 50975 54502 73712 76553 56495 16458 36485 85093 13583 94439 29315 70631 65258 48760 35437 37769 98544 
106 27
69878 26225 95393 10875 81280 39599 68818 89558 63789 95124 71096 12695 19941 32902 95465 68225 95778 21244 88415 87754 46778 17653 66138 96259 48271 88774 64996 
534 27
74698 83444 11639 40411 59262 81611 52166 37561 71559 5465 25274 99537 64928 57098 88573 93356 1899 49036 34408 49904 86722 91970 18664 19471 36836 46421 95556 
398 27
64850 14835 47069 75296 63706 54644 41120 47558 40392 25374 22697 13480 87033 30635 57341 5766 26786 80282 46336 47623 88358 90699 86361 74691 45704 71432 55190 
1002 27
22774 2683 19044 26659 85040 32030 46291 12575 54273 27083 40531 57066 57431 92585 1788 6184 4058 98590 5649 76783 14553 99259 91815 57417 69233 88244 67864 
926 27
368 78093 71061 30972 69463 64970 17916 25532 20293 62135 85762 49681 72095 40147 68667 61303 30771 17633 77641 65821 79114 90088 42236 68796 22738 92289 85460 
111 27
31915 75218 42129 89738 45005 36686 66243 41475 672 31455 87101 31555 8192 1980 36554 94181 530 79394 38630 1827 22849 95572 62516 39700 67520 69811 80373 
148 27
54236 42426 91622 90320 66170 4246 87795 66864 24500 53975 85911 95989 99144 65943 6423 54310 8988 72056 13107 4668 57214 32531 54482 90865 93808 96732 39573 
1226 27
18564 44702 4588 22601 34606 82207 57225 86545 44138 85698 4230 1420 39588 10656 57270 28195 74827 39124 90057 39918 20832 85688 3667 93448 32069 6243 92059 
654 27
23505 11746 13362 32297 6992 33291 40785 24251 86858 84786 52328 76639 78725 2387 36118 16805 20807 67447 31283 91298 29285 76670 70683 73316 45773 98659 96877 
1579 26
90071 51245 36746 68082 98844 26986 37223 70680 28253 27806 92575 57449 46158 35595 92615 57987 17185 92329 55295 99179 96726 13545 2205 58041 36475 31126 
525 27
25144 99282 36754 7761 5015 87069 6278 68847 29417 89765 64485 25474 93347 15309 76881 42820 67066 79410 19697 51085 66859 13131 39114 93456 30855 50963 23770 
1585 26
64581 91986 24223 47920 38906 19649 51047 15102 5316 43133 25680 19686 49332 92836 5951 75181 14759 80763 66573 75033 87267 54207 31338 28036 82400 72397 
1008 27
75794 98311 29878 20872 66281 25727 51214 48189 98439 61695 97875 98118 57605 37174 47242 45793 49536 63858 97247 24952 95883 48732 90904 95714 84788 76445 72437 
248 27
27042 44084 95137 13667 11162 65140 4107 62943 56253 54445 72266 40479 75284 22340 64461 5448 43614 90498 90064 48810 65703 38437 51387 30309 92736 16774 76068 
1606 26
67381 35691 56995 16974 60204 24431 81488 1696 99288 18864 11227 15790 11667 29883 33152 42354 16452 60621 86913 39397 76986 49100 28834 11474 91348 55525 
582 27
30353 79704 57364 36592 93939 46791 77651 72551 97182 40960 81481 39261 44761 75983 21345 6123 93007 65008 90041 67330 98377 37101 57107 91677 71596 39837 32418 
1269 27
37973 81495 23264 43620 42299 51975 90997 34717 84274 7678 10630 64906 98013 77498 35326 79468 53706 1126 89268 41012 12022 86750 80786 32732 62910 5204 36378 
614 27
93001 48342 20409 81463 78233 45429 81035 42338 12318 87995 42676 45922 869 11643 57010 31432 71057 70326 78375 74744 39033 74087 10054 54955 14043 69370 30122 
658 26
30313 28031 43758 78324 64406 85059 46002 43954 87770 38452 88671 84312 14332 83515 74624 86769 43290 43861 64196 81483 6527 19713 45130 23589 6980 47382 
1342 27
3614 58960 18396 43508 86610 69642 6718 26014 19123 35667 15011 49555 51199 51559 33438 38796 11834 75771 53551 39448 48926 13429 54635 21555 27499 92855 98825 
440 27
31173 94456 74022 5037 47094 21503 91135 11594 57670 38702 6322 15055 7010 79810 71958 83442 3868 70624 87676 59694 63462 59161 34733 55461 48697 45713 40248 
667 27
23713 71676 62625 94290 12671 12345 84899 88733 6273 48404 28572 1564 68540 92551 64480 5049 12377 67005 790 52685 36955 80201 88360 7981 67821 81634 21175 
177 27
53246 56516 98442 5733 71481 37098 40928 21093 9412 21969 78763 81125 36340 28338 95785 5564 33044 59165 35099 88375 53543 93872 19407 10040 38874 61880 24937 
1591 26
38313 99278 59791 19380 60428 38707 78333 1022 43956 99841 54569 76296 47665 41474 77913 2004 37041 98357 74379 20487 69328 33594 27506 60336 16598 10657 
74 27
50331 10731 96309 45482 43899 22848 68968 50027 44593 46293 70357 9464 34644 79399 35178 75624 85371 70623 20504 25209 32421 94678 41635 12524 10174 29291 20712 
442 27
14395 27439 64695 64142 26159 83730 8328 51145 45779 54463 14571 88297 42017 2331 33159 73994 78042 98413 26683 87892 77598 26640 22921 18473 44355 83277 67552 
1293 27
91111 33424 98417 57783 35570 41669 93367 22912 68928 50752 97639 8169 63444 96512 99220 14431 63339 71589 97453 7331 372 6731 92713 88187 3334 45285 94510 
1683 26
52561 98040 61674 71836 80514 35139 83622 79977 34089 68514 98993 28302 28382 85561 12474 381 95563 39689 84391 65517 89138 1059 23143 84762 468 48649 
322 27
53564 73700 12979 57048 5126 46573 44294 27653 77896 49837 2836 96088 43121 63853 21484 76473 41792 73888 54350 17321 55658 43075 63621 2470 50902 40065 36420 
438 27
69358 11748 65070 12544 65362 27002 64349 31498 67713 57388 39659 16875 907 1002 12364 99057 87131 65228 17949 12973 60807 59786 29040 81752 42117 21292 79572 
18 27
46184 58772 35513 12064 29708 23443 65471 15174 42270 69576 4269 50551 72311 56239 5528 81200 9974 95055 89545 88451 85828 313 26530 3499 80259 51198 91319 
856 27
8563 14678 48921 20723 30176 91740 85548 68907 61205 85353 47549 25251 67559 51471 67791 78929 60779 1782 47750 20670 47263 27199 93033 95632 95855 54712 33416 
713 27
29599 42906 30178 88925 12619 60044 68565 52159 39310 9438 41742 92556 75403 50128 74789 79194 50419 99213 85591 90679 54193 52267 51027 87769 926 15042 37636 
721 27
21495 45455 15320 33997 43361 82337 92092 72431 30108 17654 16238 97187 98850 76674 31057 62488 34484 70608 37222 5479 45646 35794 47852 48381 20902 66603 52296 
1453 27
49523 80018 93101 190 84632 45374 99411 34992 38778 82227 9308 37154 11292 67265 20888 13065 88141 42723 22583 5662 14646 98811 2089 88028 59837 12012 11095 
1174 27
25138 40650 17469 71284 81530 97324 25229 44160 54249 14783 9318 47889 13338 3659 92746 34856 52833 4463 58756 83847 74346 76556 47050 51064 99679 63540 94716 
471 26
45353 53247 24481 93715 86141 69147 83108 37512 92863 64618 66708 4014 79151 74251 57958 99413 71710 97200 15720 30395 66322 44442 37737 58508 74871 22894 
395 27
21586 49906 55061 45631 8263 86276 49356 74739 98761 72926 27801 9299 98292 55836 41646 81792 65687 21020 79899 42393 14364 17841 55082 48771 70611 48741 31077 
642 27
8906 79917 52707 82600 96213 79434 79789 20564 39939 22464 92388 63454 92637 98029 9980 42621 10387 50216 4010 75894 67831 30511 83541 56185 18753 86980 61441 
512 27
88223 15485 839 62594 42552 29486 88978 79079 3035 27089 80293 11602 97969 3196 52793 22578 84028 80523 55768 24623 12084 64324 85491 74206 64600 28964 24646 
460 27
23923 88230 15493 69803 27388 95116 40630 49438 44488 15880 39627 73911 29224 43695 76414 21556 95382 15393 36069 13828 69791 40085 15465 32058 49144 21045 53582 
238 27
38776 42980 54700 74443 48274 51183 92939 40738 52812 59968 84730 58836 60136 30594 15703 28679 62225 76336 63781 6500 88787 34664 85265 8067 63240 79200 47953 
375 27
41748 71911 83720 80482 69826 58472 78268 70827 63923 64536 28400 67827 94431 85438 15097 92549 81075 47392 29038 47357 23801 22067 68733 73290 65492 16026 20580 
414 27
86006 61991 28568 38166 14464 11288 91157 29339 19940 8115 88803 88183 78072 5630 91831 5860 69975 44715 40948 83755 68148 42755 44965 56321 11068 58837 53616 
104 27
94367 78618 28245 85885 10915 63546 20674 14808 75455 9857 71689 69973 25501 3647 22433 50676 83201 3184 27702 64643 80028 8264 59520 94041 26397 21581 2466 
1341 27
58615 79426 3852 6866 66999 21482 88031 56776 72013 48852 25255 50465 11218 47611 60982 82848 7967 24836 24543 81622 22370 97995 9112 684 44280 13775 85724 
1187 27
44293 41870 82640 91978 59355 36298 61392 77100 44272 51378 82346 16903 31187 83959 79271 35422 60441 57271 6690 32628 64132 27916 99751 99196 1403 2016 89544 
665 27
7885 54835 87743 65931 85998 96763 84777 96648 50954 74261 97676 55522 97657 80632 95023 17023 97250 94083 43428 95038 54101 5728 50543 49394 37150 92824 11388 
1009 27
4487 90049 44385 47908 34797 85654 42948 10257 29537 8015 24851 70939 36832 84322 43426 99258 1133 70145 46636 47867 51577 76400 74636 11045 30149 81839 66535 
340 27
82957 53507 85165 14576 57936 27156 40015 65993 23905 6338 73453 93030 96344 30156 62311 83139 85483 84161 55211 919 3862 53716 38774 43734 11829 85853 52500 
92 27
4303 9753 84310 4720 57280 90598 11171 8397 26796 41600 36730 51266 64570 24695 50307 86211 25245 52097 2821 86657 75864 76873 79175 81091 16297 3825 19313 
1614 26
27521 17914 91444 30688 74563 70740 20584 81165 96057 45724 25609 63108 99141 31347 41585 57699 14069 15516 2092 88579 67217 75545 18238 65195 59121 55818 
112 27
83485 47548 14276 26183 8954 67755 41977 7059 80486 78591 11017 66801 20183 83507 69689 5021 96051 17025 80005 75108 15827 30449 9682 88386 35328 20767 51326 
346 27
76996 53148 49813 62017 13076 55519 7805 68879 45805 95189 87734 34630 33987 10636 29916 24269 10957 72247 13411 66613 40562 3019 90304 26316 76513 9936 28767 
1295 27
7480 26446 48595 40543 56113 27991 34433 81749 56645 35516 65773 15619 99559 25338 79472 14267 70791 86580 72341 12428 11447 66911 79023 21641 90127 35919 97468 
963 27
57333 34375 76671 28744 50150 92515 72547 51981 84961 28608 45663 43847 80286 85068 57403 50755 16453 81779 96502 1863 37719 39041 50822 39517 84623 96613 79801 
551 27
79905 30783 36815 44189 79706 33817 60532 93342 46260 28043 46310 29510 21765 37000 99794 3744 7416 30255 8468 73552 38985 21267 52558 11260 56766 97705 47922 
136 27
70691 55276 19783 87049 35176 70997 68493 51550 24616 65112 40166 70420 8620 58870 1896 4492 76817 19535 60128 55341 98723 32579 69531 71026 94717 10431 80692 
1582 26
32505 76718 95147 65281 96273 69125 59974 18949 75671 9357 73330 2862 8547 60837 17658 81473 64653 77365 13622 30674 909 17079 75830 82876 51723 67550 
715 27
20112 78074 12708 55957 66449 16242 36889 17789 52490 87943 31201 46511 19638 44193 18209 87438 12208 80032 62232 267 41092 51466 90947 15145 74425 95412 98044 
335 27
22226 86475 93078 63507 71005 17622 72416 93783 76942 87524 11896 69992 62763 20005 43931 41853 7313 92851 21197 13865 28666 44940 33248 73295 28757 19021 32458 
528 26
20511 86714 99574 76083 46603 63906 12810 19162 72971 59779 92184 83935 12014 67138 66362 53594 47515 79075 79504 1684 75201 6521 68031 93659 18590 23499 
216 26
67752 73113 41698 46026 8688 89126 8742 88344 91134 41554 20478 12939 12612 84848 48631 28559 7525 22575 47530 67098 71006 3286 61877 71201 69541 54926 
225 27
93632 95941 40333 98789 56977 82749 6544 80069 87930 8858 74955 89760 43071 54130 46591 10585 53515 83875 17709 10409 69879 88837 92922 59638 56767 51930 86072 
350 27
77069 97398 71172 67805 27121 2324 3589 77068 38457 62966 54053 85341 71065 20482 78162 26029 30568 2264 95005 36644 3790 96107 24980 35401 98122 84125 86978 
1369 26
83509 77052 93616 95836 16893 24807 70674 84328 10267 43783 48116 99333 57608 58219 31832 35344 71936 62680 93728 66061 79253 23157 37411 44771 782 77999 
376 27
13822 20953 3177 18279 95039 43337 68938 35829 49228 86664 98503 40938 36997 9133 34833 32215 23645 88332 8139 6502 73243 47626 34086 28034 59579 76805 19813 
1672 26
40076 8275 55610 98587 43892 93364 20802 4334 66011 53845 99381 22982 78271 42124 85426 5683 57907 16201 83432 737 32893 7012 24107 19673 14574 59452 
1306 26
84212 82854 64347 6771 8271 91096 50176 95053 85261 85277 86078 63325 22620 1208 23433 72019 71862 30824 25836 66592 98721 89369 20720 37606 23723 16982 
526 27
42476 17384 39780 60046 17625 80757 41060 80276 91563 66327 68329 23626 42835 68526 85348 81107 15099 65474 26362 91840 29884 21152 87586 91105 29521 49792 11483 
1362 26
58965 55432 23160 46454 28204 24512 52264 49652 8650 7956 6204 6947 89145 69174 77851 18919 45588 57253 86591 25223 85345 60501 10709 89983 75148 67377 
1566 26
41149 41703 18127 63717 93717 42827 40108 37047 22548 36466 86091 14727 71419 73656 42801 89657 69730 94809 67774 31924 34952 52703 22406 76261 44012 46723 
33 27
15621 96886 67780 95895 78601 11011 40157 18419 42083 26723 30913 12110 73932 4203 18898 31382 8044 16260 34028 44295 94605 32060 16480 74135 58089 2486 51622 
542 26
68480 25496 22915 30895 50250 51348 83587 62959 85134 29444 40676 8867 99013 85049 15817 23583 95279 61525 66569 30788 96822 616 92984 61082 2323 50813 
1322 27
50974 62885 91219 98267 38291 29385 85465 83335 25226 71164 87621 79096 1946 99799 80510 2365 1361 25736 70908 16214 38669 56407 46192 68603 39626 41715 30197 
316 27
65667 64495 98735 14484 63946 87759 32013 67278 27950 18580 54912 10595 99484 347 66978 91482 90820 25564 43408 79218 17858 86885 21308 18741 94875 12402 80597 
562 27
1283 93173 7451 50393 81263 29715 50383 39077 63263 90732 16716 60912 93227 65885 51117 26982 8753 57738 37064 51878 264 28807 31662 83421 85184 75032 80491 
1237 27
71735 67733 62863 15301 38683 28451 1046 53269 44122 12776 25082 40748 90595 11028 95879 96935 40843 85087 70975 56870 99201 62077 64971 99837 46123 93556 68682 
1424 27
43197 44346 96155 72380 9491 42155 40353 38791 45462 39951 76780 30661 45744 39847 5495 22135 76301 54527 84655 15216 26327 84118 2441 54090 39831 48410 54568 
1175 27
72372 30764 45798 69784 51689 30871 18467 52055 29770 59763 64094 15028 77021 45520 91479 95561 23717 76344 52449 57603 27527 55852 3099 53459 50509 24277 64744 
1224 25
36588 64668 30088 6058 58097 69796 77223 28169 53342 82583 30112 24283 16127 86285 29171 57817 22728 92055 96443 74097 30515 41886 86412 99113 69191 
133 26
82496 7773 19009 58375 19081 30955 83337 78494 7305 44716 87927 24399 22212 6585 68820 13105 45355 67925 17355 85171 94525 32638 55484 72142 50845 58122 
907 27
37638 33851 74293 72322 12049 66591 93144 17817 51826 33676 42831 49989 54966 5640 58729 61175 80930 95616 11251 67145 8699 74939 31406 3997 41224 69794 44845 
270 27
5017 46538 14514 39572 53472 62477 97197 79489 16490 35133 43732 70356 5626 63667 77335 44952 26089 81831 25650 47085 57053 38925 148 59137 77433 883 53489 
961 26
31992 74339 46712 7391 24684 78276 22793 62386 88392 25623 93486 98032 59406 60584 29953 81098 94845 34705 84880 77152 78450 30441 23817 74541 51442 64723 
353 27
74100 23760 10837 79848 13496 48331 55573 58912 80394 29625 58475 58407 51358 34570 62415 83062 52266 87799 90638 14662 83252 80627 55079 5509 52372 30311 12304 
55 27
22331 58154 31698 27443 33696 56484 93805 82884 69899 5105 68188 87258 22925 38186 170 19583 64929 25837 65686 98334 89512 495 46612 66581 2112 82638 76990 
1337 26
71803 25785 51547 55816 71791 70092 95719 1937 66169 75028 50435 79312 14075 72379 59536 48936 99203 44462 14547 3708 34130 49903 25371 98264 54524 51040 
1334 27
24887 92194 56054 22429 63372 14163 70362 32708 78742 17304 84818 18930 40513 9234 46774 94682 43872 50284 20618 52279 124 69219 30691 51037 30885 44080 31456 
1474 27
40035 13244 73454 70609 55293 4244 87272 43996 39681 33630 55039 73867 43903 46299 84252 25493 79167 55521 4150 33476 45655 49602 22098 6743 58135 87705 72101 
47 27
54059 97852 2476 38442 22327 24912 27466 41251 13520 35870 20774 86180 77085 45553 59368 19275 61725 37095 20464 88279 71743 75708 39107 95947 61043 51501 1491 
271 27
16172 22666 11311 62860 85820 7103 10937 46929 59027 41804 63399 11324 18710 95380 7765 27789 15267 11861 49827 74708 61391 39502 56314 78948 191 11173 54761 
1477 27
58938 56230 74834 46600 88071 8568 50395 4859 54139 41016 21929 58424 13487 71493 40010 59775 24878 98290 59319 65714 22600 74815 82907 28226 13140 8460 56171 
1638 25
34828 97555 71531 46716 14776 51475 82791 71959 39665 98960 38411 29745 54307 78470 32432 82750 16562 8254 5740 99281 42958 58949 29811 9675 9628 
982 27
24597 85282 59408 77830 48902 71600 79735 58542 69428 21676 12640 61384 89484 90819 53121 90751 2223 67285 3948 23684 8762 22534 60002 90702 44515 42964 44757 
