81
792 182
62900 47905 20986 95398 95557 18996 7395 5022 64792 19793 92672 6635 93080 95119 95264 17182 64774 72587 67015 8921 57612 25671 23796 15382 86417 37819 22284 15793 79298 63098 18846 84695 22533 73798 16449 18472 34676 43847 35192 6511 44394 51657 78842 60282 96454 59422 16214 83845 61596 18105 73271 72216 7039 40063 38346 66377 67893 40358 66053 63605 57111 31870 78715 87190 14486 79639 88374 63898 6492 43667 40066 66756 94230 96867 93491 83784 39811 3113 32717 16164 7044 42253 33058 52680 1974 83878 58619 84592 7198 56950 78463 14988 66859 14997 95071 37269 4539 10611 12975 8198 15399 45599 49421 43879 22098 5533 89574 18451 12863 29471 87765 70574 77805 96641 79152 33533 97041 68733 90878 61216 64422 84230 99562 72187 24388 16638 49377 14304 69363 78581 79360 8346 76489 40031 91449 72988 25786 70833 74326 43936 97693 60823 63379 96951 54207 23046 82084 97451 87316 24742 8832 78190 66101 18771 36256 95175 98501 23137 67235 94910 68903 2067 32298 27731 48731 31171 3595 98646 3201 59519 54087 8608 65244 62812 81480 30257 47314 53575 84803 33668 19422 47598 
825 154
74281 28712 90703 30820 54795 13081 79808 43980 72991 41960 43486 31527 90326 77428 54614 62457 32906 46860 33355 83788 13711 57935 67674 46660 8992 36122 46362 30788 30437 74879 99937 52676 7413 63368 39111 99129 47157 33866 85358 39920 73797 85107 87357 77893 82693 71783 69700 50903 61209 90517 62062 6255 4726 46166 53574 14698 34188 27798 38841 73679 53912 56319 85598 76260 56594 38643 39949 81590 60297 57673 99468 17341 71653 2856 21289 50098 19685 89187 51705 15704 26070 31642 93358 69150 82850 12307 44614 53727 15248 31499 80277 79868 20245 17794 70619 25290 31571 16206 63774 79528 80967 26966 98459 64680 67404 62237 4427 12405 6392 7714 33009 85749 73253 93729 57795 62748 9001 45910 61057 89847 41527 81398 3234 8932 7640 54883 69781 19008 48979 50076 14747 10148 21114 36449 35528 72155 60470 49904 91343 60835 12318 5139 30896 37617 60318 42276 97440 24088 496 31042 25780 46620 18626 81126 
320 131
50139 14699 45053 35022 89649 98853 36452 29170 46519 92117 53703 73747 89335 35511 90436 1636 96157 85999 42959 85897 45156 29737 86124 83505 19730 99122 17569 40173 74418 15260 78486 67901 80882 24945 88558 59523 75857 89900 54470 98486 35206 24449 31285 27583 58329 89386 18640 9349 31716 78529 14373 59703 30476 52821 82096 59698 70881 95675 90349 9325 84253 51023 56226 69929 77578 76654 19407 58151 62715 43790 84023 9610 53213 9631 43632 52795 67798 16611 87434 61536 65527 88126 66620 66235 23063 60629 98342 5728 18412 91109 18703 26729 64264 69665 73795 57763 64031 22474 70987 57869 34847 64701 97812 13354 42960 77693 34076 60088 20532 39126 15561 58195 83271 89818 1594 62381 41488 48503 84349 8634 86021 76019 23842 66267 35185 32423 49886 23261 65357 40005 35859 
5274 98
7008 53264 77240 60976 92209 38188 25968 88120 51199 62847 22064 40560 40080 61893 54939 6808 6342 48593 1419 93015 64218 18818 25730 60727 68367 69832 89361 48682 33416 71732 42477 84400 24509 91491 69693 63187 59537 89044 45737 16279 14581 69810 15824 79075 65775 1928 104 94430 4248 78353 60951 34868 78890 94120 10885 91245 62540 89442 90217 76553 3665 99133 38164 1053 17629 96384 22460 24827 7001 88640 87311 43434 10919 80942 74380 53658 67109 36194 10199 16437 40055 89147 99201 81989 91693 73887 28557 60974 21833 9484 89948 93919 74197 81727 19174 16075 50060 42146 
1800 71
48844 63816 28293 77905 302 87902 58817 52579 23539 10625 94391 36915 95068 46972 20438 13764 48276 9294 5646 55608 41278 41382 57312 97388 61589 43798 99381 28724 84128 33063 38507 53583 7996 98073 40491 61576 51658 54140 60193 28867 34610 2248 68691 18194 35886 38451 62001 93939 31635 85780 1184 86984 54942 52213 4009 74640 41364 13679 89433 60932 46259 28339 86006 42091 17712 86046 18170 24685 54053 21629 7148 
4447 55
55894 72813 22515 72021 91205 18436 5408 19365 845 6494 85211 75767 74282 62048 2667 61648 20358 97606 31554 956 81699 83953 24091 4495 78302 24434 78373 73621 26190 41918 59747 76057 24620 75580 34039 17326 85148 67333 42183 12874 77442 64681 58524 86309 68739 48657 51904 40569 7388 29412 37742 96499 51861 93347 5810 
2045 48
23624 60185 63105 94840 33573 23868 62852 9032 27541 49327 85011 99035 58970 72065 49441 27198 63119 27513 4367 68830 19185 67069 13914 39555 32089 66414 65534 88226 81034 66726 16005 97896 35879 8430 31201 32375 56113 37596 84555 19078 90986 6004 53866 15465 71901 77970 16861 87499 
176 36
58357 55387 3529 77279 39414 91242 8910 3316 42226 80196 15720 42321 31871 58907 3104 78903 5703 58371 39224 95748 89315 72705 86782 94123 5325 49241 84255 75778 63585 65117 85093 37608 34562 10870 16579 63398 
2031 23
17691 3016 63047 31952 83805 89932 67380 99445 34714 48630 34738 7663 63449 84672 54511 58685 40593 85864 76900 89700 28992 60311 22231 
20 19
33667 53225 46747 98705 70491 71440 50091 74606 87989 85281 58380 83290 12406 725 1977 91889 48416 93138 86288 
5006 10
38842 31744 62466 79582 39563 53327 31232 26939 14880 97406 
3214 8
31252 86993 16939 63824 88007 79489 46561 89191 
5147 1
37531 
4199 1
74348 
5164 0

645 0

4035 2
1896 58282 
4756 2
24368 73990 
2606 0

794 0

22 0

4662 0

4528 0

3052 0

2646 0

4307 0

2187 0

1497 0

1429 0

1030 0

2837 0

4575 0

3337 0

2638 0

1553 0

1482 0

93 1
53579 
4408 0

1586 0

1460 0

5488 0

5246 0

4545 0

3871 0

3612 0

3180 0

1410 0

817 0

4226 0

4159 0

3664 0

2312 0

1938 0

1832 0

1487 0

1223 0

575 0

94 0

3995 0

3756 0

2701 0

2504 0

355 0

236 0

5174 0

4968 0

4895 0

4496 0

3732 0

2871 0

2613 0

2395 0

5219 0

4649 0

4459 0

3587 0

3365 0

3252 0

3204 0

2542 0

2254 0

