212
4927 9
53119 3912 62236 8550 44835 67542 63312 53963 46636 
881 9
72265 24436 59228 59031 15119 71064 60824 18990 35562 
5002 9
14149 38892 7066 75482 58224 3834 56129 14662 41012 
2973 9
68081 24906 5370 77125 63904 46189 26636 42170 63963 
3583 9
60086 57836 41247 70204 13189 20775 61233 17906 13491 
1033 9
62548 6743 2731 26538 62957 38046 13842 24648 56592 
1137 9
67021 28534 11242 3095 61045 11012 14299 58451 32166 
2671 9
22395 51643 40688 8095 10036 17344 10660 13338 20512 
9277 8
3060 75933 28140 39846 38568 40783 54520 17984 
7336 9
73795 17208 9940 32595 64729 30949 40884 65306 26248 
1158 9
45284 37181 32388 31073 20995 21335 5504 73822 49347 
3596 9
45880 51191 72675 71737 54317 75740 48436 7280 57408 
3585 9
10599 32068 30712 44438 16769 24024 64581 7983 30402 
503 9
74583 67582 14639 44494 30390 16485 24499 33095 58280 
6476 9
51948 75850 38944 65580 39430 72042 8462 48547 76345 
7455 8
14182 39480 40969 49804 34119 35699 4581 38725 
7284 8
66901 18476 58840 57190 10668 33783 72317 15458 
6437 8
5146 13982 65905 16159 58506 9383 73848 33439 
5569 8
136 25481 60097 67239 46098 47968 47724 35392 
7684 8
22221 70078 52675 72566 5223 71598 3056 63344 
1100 6
26651 49686 53995 51067 67826 37860 
8345 6
45697 45326 15744 73815 62227 12093 
1840 6
26315 4570 19907 10418 75062 1695 
4314 6
37220 58199 66558 57023 77009 34594 
9903 5
4107 59448 27081 24786 71020 
3759 6
48880 67992 19932 73077 31231 53191 
6870 5
683 33296 59451 48930 2202 
6056 4
17011 14486 10117 74155 
1436 3
23246 43008 58513 
6338 4
23855 59876 38690 10822 
1348 4
44370 23334 1917 13968 
9418 3
20692 59650 38670 
10898 4
725 3836 52347 44765 
9387 1
31006 
11958 0

11857 0

11816 0

11534 0

10573 0

10431 0

8190 0

7898 0

7661 0

7578 0

6965 0

6890 0

6779 0

6531 0

6190 0

6017 0

5881 0

5814 0

5047 0

4795 0

4505 0

4117 0

3928 0

2929 0

2873 0

1988 0

1871 0

1389 0

979 0

12286 0

12265 0

12240 0

12238 0

12226 0

12204 0

12179 0

12170 1
10639 
12166 0

12165 0

12160 0

12155 0

12137 0

12124 0

12121 0

12112 0

12106 0

12079 0

12059 0

12048 0

12036 0

12033 0

12027 0

11985 0

11905 0

11903 0

11890 0

11878 0

11874 0

11841 0

11827 0

11747 0

11744 0

11723 0

11706 0

11702 0

11694 0

11658 0

11656 0

11644 0

11630 0

11617 0

11556 0

11505 0

11500 0

11494 0

11485 0

11472 0

11468 0

11465 0

11448 0

11431 0

11427 0

11423 0

11397 0

11362 0

11358 0

11345 0

11328 0

11289 0

11268 0

11253 0

11246 0

11227 0

11173 0

11159 0

11155 0

11139 0

11129 0

11121 0

11115 0

11057 0

11045 0

11037 0

10999 0

10968 0

10962 0

10958 0

10957 0

10944 0

10915 0

10887 0

10882 0

10843 0

10834 0

10822 0

10821 0

10791 0

10770 0

10759 0

10722 0

10721 0

10714 0

10713 0

10703 0

10690 0

10677 0

10640 0

10621 0

10610 0

10565 0

10558 0

10541 0

10535 0

10530 0

10519 0

10511 0

10502 0

10492 0

10489 0

10457 0

10452 0

10451 0

10446 0

10442 0

10437 0

10435 0

10434 0

10433 0

10429 0

10427 0

10402 0

10398 0

10393 0

10385 0

10381 0

10373 0

10364 0

10361 0

10306 0

10297 0

10264 0

10250 0

10244 0

10224 0

10212 0

10193 0

10180 0

10177 0

10150 0

10142 0

10136 0

10125 0

10123 0

10113 0

10075 0

10069 0

10049 0

10048 0

