325
503 173
16694 72335 9169 61352 33758 36288 33162 75628 32987 54804 10708 2889 5897 50858 58289 97942 60933 60993 1123 33069 92057 97168 39618 20808 44078 57739 58837 88411 90351 11514 90212 3846 38441 3810 12006 36874 61540 8098 40752 72529 54215 1766 85269 5071 43968 48976 75364 81041 34871 68775 14615 48057 5003 65421 41311 10849 18340 79811 96186 30293 79952 94044 94078 5020 3080 96919 10452 8468 86974 12835 16716 87213 36552 29153 90431 46574 39687 89616 61632 70040 78492 82271 98813 62544 67802 75006 6794 99640 80951 92795 40631 81132 15293 42538 26054 37822 95785 37365 94930 3477 99354 93733 85698 89655 73127 54462 70875 28207 47947 97788 98170 60026 9349 24419 4230 83367 6051 51477 61576 47242 44533 89920 54417 15390 63657 58513 27070 7946 20111 5785 12979 13692 88569 6521 92556 83198 527 45600 53613 12824 24797 33402 27946 29004 22796 99892 81912 42272 16703 12701 50404 68901 72001 44482 84367 58646 33924 66527 92040 10480 37902 40961 35362 90576 65015 91828 70262 44294 43538 9503 18232 38572 9533 
627 26
13560 45726 70514 12900 57745 13025 36454 61741 66027 14269 24599 91213 95166 66677 64016 32012 47641 37447 38607 7231 82555 92710 52012 69005 25397 7127 
5695 25
14353 95886 3379 90045 11296 77913 60919 37543 85398 70683 24818 59813 68052 38483 56255 78187 27743 55997 84797 7134 26280 11277 33313 92951 45422 
708 26
68430 13878 38130 90693 44096 14384 1019 17560 42048 73894 79986 52604 42346 38825 25157 46212 87871 26292 17482 70622 94540 85522 89112 33549 34933 35274 
2166 25
22001 88860 42894 83728 20911 14656 76337 99870 5554 44104 40683 13092 28416 31677 61327 13033 37788 29149 62069 66072 17448 69338 68270 8267 58510 
5467 25
57595 65750 47492 62346 76313 91491 80084 22631 97105 22565 20314 6289 18223 52963 87367 95055 29145 80228 41123 94362 94685 31222 48963 18244 95674 
1532 25
51240 21712 21185 19047 44582 54263 84091 12578 51585 51682 38989 68424 56475 56452 276 14447 19465 32342 94148 92946 70709 39628 40051 265 85455 
3061 25
7207 52765 55301 90093 84772 35614 91626 44994 88740 61675 17703 1053 82088 28247 16242 37923 96863 56026 19522 13341 46038 57515 76224 35295 23725 
133 26
91740 63720 68250 34865 23506 3155 50920 12779 29865 41112 47089 95962 22062 10812 12194 67562 87416 13331 33755 65216 99571 61181 54482 56930 64921 698 
1055 25
97173 29771 38185 13612 13121 94363 84650 41419 88301 46555 93425 16815 28034 24084 69150 34608 45169 29934 56083 33930 14750 62060 31041 21650 38563 
2691 25
72887 30415 9040 63722 4767 55920 94278 12288 92863 79806 34889 90958 72683 77300 92117 355 86253 83597 78110 16062 95532 40600 84964 2912 4438 
3532 25
36204 72193 89952 78536 45315 33316 45105 72662 7419 55177 94206 3277 37722 87590 29624 80698 69437 96040 96939 14643 48838 85173 69729 20773 62999 
5302 25
81978 4249 43316 26546 78921 3013 64927 36749 66980 87675 10092 97506 78924 65824 78926 61374 89752 78594 7786 90880 77471 78854 83273 45849 18335 
235 26
66273 88687 2825 12923 5191 41469 9082 75882 14971 75244 31225 48937 81977 14175 59708 59038 42116 35832 17667 87615 36554 48292 56600 28031 49251 68178 
1779 25
32674 52048 2043 42352 98678 2909 73192 2953 14686 95143 57447 72374 59356 88087 90640 72303 67117 82337 59775 22649 25201 73507 71084 21728 65252 
3924 25
92612 51571 69684 9238 22515 48694 94900 26725 6493 60013 62360 79486 10057 81233 84408 10245 99693 7480 8226 94973 13650 92177 95268 8276 76879 
1577 25
32773 87473 92562 59198 27339 91697 36298 35468 86801 92684 16624 34103 32522 49348 96992 16143 88386 25047 48938 5618 43931 32637 53499 52517 31061 
3186 25
52943 76742 65315 33915 44457 85247 90914 30557 5152 3893 1940 90195 89029 71801 4437 29069 97083 90106 4501 17262 8115 30266 51044 36671 42607 
763 25
32325 40587 54800 37294 90390 79064 33663 60635 34320 61601 55134 40707 10611 24052 26537 36208 4106 53693 93347 6875 73940 25642 21589 89816 21578 
717 26
56808 81324 70792 95735 17336 92526 81824 50951 86621 31657 13956 68897 1446 29139 50445 58945 90748 20226 90350 19106 36710 99158 87792 54073 84293 29898 
1612 25
7067 27854 89901 89165 42019 20484 49084 60268 83072 45405 23374 40472 92492 93758 28534 41600 38302 23281 99129 15046 71795 56030 89883 13354 25389 
1658 25
18472 59542 38958 33012 31932 17412 36477 49297 62352 99850 12867 63391 63815 75013 5121 38027 11729 36781 23530 37904 43268 40077 45601 79268 84595 
3134 25
18288 5901 3338 6749 19659 24662 56223 92010 65397 90371 24405 91125 14369 38251 50038 87721 53317 33076 19931 93976 95426 52229 86571 41526 26866 
5297 25
93759 7113 985 16386 1138 48417 8871 71992 57283 88919 16732 39094 91662 64917 98572 13126 29723 14427 3775 61286 6392 73758 97525 63566 17021 
4853 25
63195 16205 21894 92193 4804 8775 83618 35591 34716 9759 41696 97560 54511 490 60851 14323 4971 74280 78688 43991 95322 1248 70527 27035 72688 
2490 25
24786 89578 18393 40227 14150 77880 55482 42921 46582 81931 30544 94804 67382 64478 13493 51938 96944 88861 31863 44065 74627 38860 8515 25855 88894 
2796 25
48498 96503 77211 67327 14726 67748 8423 19615 55375 90615 87709 91999 5992 14024 9780 81693 54127 68314 34582 25056 95801 49903 88522 39326 87362 
5668 25
96604 83446 28676 63998 85268 44197 55926 28604 59241 26320 42197 40355 19033 15186 71154 96063 2523 4323 66953 67608 79740 60706 58334 30347 52322 
2220 25
62489 10513 77334 11528 59280 8117 26711 47827 43918 52485 6738 27730 93359 81864 64667 12262 14267 63238 15949 48277 2368 8989 48725 11404 12299 
915 25
93479 86035 32077 49693 75866 40300 79205 22044 88928 74385 13246 82027 12414 81839 30006 55587 13987 10588 50969 43870 5367 17430 77001 59601 95663 
5357 25
74 65304 15394 79684 70630 6035 41238 47759 53346 72358 46424 34397 29321 79228 13222 70790 98648 5752 67225 80603 25501 19726 35296 92401 58064 
2007 25
22568 31162 31914 59531 75532 26788 11654 18392 95861 72142 2467 37993 42476 50917 19960 80315 87755 92603 59164 82430 33976 82897 95238 36859 58208 
4169 25
13896 15732 25618 28081 61176 15818 60178 96443 64934 75188 51784 99037 37301 46734 80933 64923 252 58404 25767 88866 9725 16954 23054 62207 21608 
3547 25
28102 33599 51746 63118 11525 7414 52 80670 65258 37864 19856 89966 37564 63190 48059 30606 46957 24063 72388 12631 66846 42400 64154 66919 49894 
2338 25
30390 70480 63092 24820 29357 58718 12346 54605 53607 76620 65839 55977 5799 66813 59108 85111 67231 37109 35518 97636 19604 7727 68341 27942 63533 
2275 25
64354 47420 42442 77006 9955 80862 59882 21153 6088 59702 16663 1807 58254 84134 4139 54118 82775 47383 12580 72588 55990 19398 40471 3133 94342 
4261 25
5024 76039 23505 68217 32813 44275 85128 50769 15187 72479 31989 69 20483 34490 272 51366 37617 91260 96363 48436 36972 27124 89158 35773 76757 
4443 25
653 14585 58985 48348 85625 37655 68730 46045 75219 67076 95826 23921 28792 33132 31642 70988 12257 49818 18302 14123 50770 68749 33431 14173 77352 
4897 25
28184 33842 32728 66392 65467 16691 49870 49644 7546 26735 2033 66022 62758 2051 94110 75459 81936 67266 3573 48606 42172 97713 31314 69326 82756 
913 25
76705 8322 72844 29041 50000 57344 84406 31289 99876 10565 92156 87661 85447 77507 31700 75844 35496 18261 5940 1961 85245 69422 89959 45372 28462 
1009 25
87124 9710 24785 60625 17749 81747 69298 74598 3072 5843 15582 85051 82032 66768 4174 75888 29550 37750 45197 66236 12889 71840 39908 11920 34353 
952 25
25992 12264 14072 94772 33581 99061 49802 94451 87110 32755 70264 97709 96032 18228 91749 85943 93343 7707 5859 36462 86894 8986 4372 93219 44891 
2329 25
92644 84451 25934 80884 39275 49895 88026 8522 51438 99315 91995 19205 24840 39784 97495 73941 12700 97138 29623 2202 15663 71769 88124 76437 62788 
2797 25
51 66532 4655 28640 70290 60449 31688 67900 62427 89086 26126 84940 51507 57874 96713 61623 50279 38208 73207 9133 56894 42867 71660 71863 14561 
203 26
55071 77719 22182 22150 16758 27930 70447 44095 73659 13364 71152 47902 39242 24791 44374 95325 84500 57608 36178 65037 57183 98309 45498 65366 87629 80418 
116 26
48818 37881 69610 93933 94373 70291 50749 37954 53345 95104 31419 59132 86604 4966 86676 5703 23115 95989 92608 74597 98358 17087 70853 46693 90855 89003 
218 26
42196 56760 80957 53715 58381 7932 69447 52676 79905 11452 90401 67514 51952 40907 60653 1835 99668 50403 91169 70893 25432 20806 46151 87642 3731 27757 
4917 25
38224 67633 88006 40996 3026 9267 34021 33632 15072 87243 28219 9345 25703 8211 88081 13907 66877 4523 84014 95802 36608 46663 83609 95729 2942 
2937 25
18218 24139 11619 97797 72081 13714 68635 70592 46433 7628 60614 13476 43034 88745 15712 81744 53495 40495 18871 84836 99519 29242 18453 29339 67609 
5643 25
31839 24195 28619 25739 40989 20586 79485 17672 48583 56947 29439 88921 93519 24569 51709 32190 49396 91063 61575 57050 59569 15433 30176 69429 74517 
620 26
54586 73600 66627 84919 76384 10314 58197 58701 85317 74238 6098 87433 38655 46715 71425 11881 98843 65459 46803 31226 53239 79904 70698 44403 11924 22535 
773 26
4486 25505 81877 86121 43325 44876 82494 21565 31526 70549 9530 2579 59302 81574 47924 19776 42934 35986 79979 40711 39345 69941 83396 34461 52454 44465 
3813 25
63211 56340 94227 50673 9720 23112 73274 15176 5259 72872 30231 64310 71858 84768 75752 28726 2661 58126 71868 25842 23723 20086 21858 61920 45040 
4485 25
32369 52238 91200 44150 89879 95852 82427 37889 78950 11923 14864 16584 51907 61721 26182 2330 76354 5797 2550 98950 7160 94001 75039 20933 82898 
1426 25
30252 21765 56566 2001 12149 4312 90998 63863 93059 74266 7866 10788 11604 6895 7672 77848 68843 80800 83402 32766 97500 83205 50136 99110 72020 
4173 25
88056 38443 27560 47285 60397 80018 75517 84398 52339 82034 64201 60834 89770 20657 24603 74881 61173 6154 15903 14120 63985 38320 3601 68636 5853 
1062 25
63309 53818 27175 70981 49112 79048 25962 83614 5339 30064 94294 11145 39260 62960 59323 6365 98073 99249 32209 97142 4179 73583 32662 59434 3612 
4038 25
68168 32108 79982 42206 57920 12852 32828 5237 49490 82172 86470 46631 33075 11626 87803 23189 23588 68859 53128 10522 10735 99831 5582 72563 29408 
4287 24
74273 96112 49810 78477 24458 52650 85680 52700 65994 80774 79161 31133 89576 50026 2831 88541 83183 8727 219 62884 97099 81845 16905 72801 
5617 25
47336 65181 47406 19628 72901 16930 82108 85416 21229 34232 76084 49164 21414 50618 21023 44855 68403 49196 11082 39125 65126 63912 60415 71440 17387 
3484 25
9492 96048 83020 93078 59432 63103 34808 33186 85665 12157 61190 25347 22416 14036 77333 58051 54633 92050 53902 88218 64137 83251 94878 31634 35421 
4105 25
715 56775 10799 85249 38009 18839 41894 84863 49976 13724 80407 14288 24516 51004 9010 56360 63760 10995 61379 88443 45207 45410 46742 40645 82216 
2192 25
72982 68325 50104 67099 37875 92917 99919 90814 12848 16173 23699 14234 9961 6697 43817 81431 13561 4344 84229 95936 35198 52085 22681 55093 32661 
2947 25
44750 1086 36438 98922 51619 55332 49445 44266 34134 73511 68100 24498 42560 11007 60559 11941 57568 54734 67638 53027 93532 46473 95679 48626 8307 
1887 24
34251 24145 28795 65689 30782 22743 66871 68553 42617 20825 43992 85770 62164 51755 52513 40247 82087 54286 29328 77004 40044 3558 91186 73166 
2736 25
75930 23623 58971 16701 12398 99455 49995 82871 38532 29531 95403 35494 3605 96892 36387 8665 39205 38627 18106 24468 50333 35964 59455 53954 19219 
386 26
88281 68443 98353 25049 66376 4871 8325 48403 32903 49558 71578 11096 18605 96702 44145 32703 18857 76704 22797 33780 39723 39423 37178 56837 92483 67784 
2493 25
35681 40941 29234 65928 34155 72498 48414 52563 8122 51360 47828 47983 95791 47105 29183 65573 16156 48396 20284 76864 21267 19891 1718 74658 11781 
4224 25
17666 34576 23079 92632 58954 92226 14823 66289 16183 28829 67256 32014 4518 72455 83528 86010 98325 67826 39928 61397 55330 65012 12610 98360 21227 
667 26
46926 91295 86679 76179 24081 73770 74389 41077 41848 55759 58392 78342 38089 97162 58194 46376 59411 9006 43214 4928 99052 74064 42125 70359 29020 18899 
1910 25
65307 88382 31659 6548 46185 85528 13504 62778 5879 60986 73070 4792 13933 59089 28653 84908 63109 61593 92006 36531 60392 85031 66655 98921 35601 
5125 25
72248 88636 77400 15193 60729 79336 87626 59805 11133 39955 85287 94094 69058 8124 51088 8856 73130 1936 94621 49769 55145 67615 22291 59495 57082 
5034 25
23702 37576 93975 51442 29735 72403 22026 49107 16788 75899 41026 42535 70131 38545 48309 45166 35980 38233 40506 89204 85507 33965 83793 16664 59116 
1095 25
84133 13633 3603 42480 72377 95693 42200 211 56665 74589 51310 41340 79246 65852 34435 97666 17731 2044 71266 88887 52941 90208 25498 14751 74812 
1509 25
63636 2309 99602 25534 89693 92683 75141 97926 90953 3561 14525 87971 37062 3876 64577 54536 55965 16508 9470 80732 84788 94740 77093 66837 68212 
5563 25
35943 32572 56567 43270 92264 94015 92530 37495 15392 25527 48056 89023 80174 56639 25782 48477 35371 50173 37463 94557 88830 95126 23809 13016 56795 
5632 25
30727 58313 55573 43684 15310 73461 15402 46221 37521 3457 7674 39146 51027 20328 32883 48619 35542 68417 26940 43949 26548 32477 8213 45733 60387 
3459 25
59439 20815 63257 78729 19968 44748 87267 31564 26561 19973 80708 67993 6427 94766 71684 67044 81147 18146 19794 48473 73629 34743 34558 36394 68692 
685 26
76943 82078 9154 70461 57900 61244 15838 54207 26157 48453 6416 31117 6157 72531 83320 32869 58477 55686 2109 25043 99585 21393 95329 33218 20135 49023 
1187 24
66613 73599 18040 52345 48714 88137 49917 22674 62555 44190 63746 70541 68744 16771 5696 18692 14262 41514 2998 30896 76198 59918 84488 50687 
4248 24
61666 85491 49361 95489 70618 92121 7706 1829 53395 97271 30151 57016 69452 15698 96994 1663 22950 48612 40136 59389 6252 41559 67091 51548 
295 26
74656 29105 90977 93426 78977 52089 42697 51717 86011 13696 8638 22073 69876 50240 30065 72682 70289 85145 56949 943 39211 96420 21101 12141 39268 31803 
3127 25
29122 80499 91945 94215 58076 16557 96974 34961 40962 96409 19885 88159 47118 16162 7612 62689 5620 49089 42164 2029 38099 89998 32655 32022 41105 
128 26
29383 69045 62687 31665 11533 19078 99541 30638 98832 51110 84957 6077 63838 32201 85623 15367 9934 52330 50966 67319 52005 81268 10354 64681 64455 59406 
2502 25
58957 74650 89597 79323 99155 34764 22935 5682 29786 93951 73876 72609 76574 40626 10561 79782 40264 33068 74120 56722 43302 44069 8617 39706 76234 
5320 25
99703 36032 96390 62223 35365 20497 24673 43695 44448 40749 19190 15542 94552 60974 55027 1340 8921 43658 82201 45555 14661 67115 19272 46566 73768 
1856 25
9326 32509 81528 35841 56088 87190 29362 91312 93486 91132 90931 46763 30780 88615 66867 33261 13426 52117 43187 64306 1593 96961 81546 32923 91919 
182 25
10051 85117 94691 12864 81440 41304 59817 86186 90879 10592 53938 83208 9140 52373 14965 31331 8487 74139 85673 72402 51099 79566 81875 39112 62637 
497 26
83586 43942 14976 8937 34262 16453 35072 5132 62572 79403 52947 16176 87742 93274 95086 80918 54445 22668 96247 1013 29322 17421 98339 24602 76417 6089 
1812 25
83412 6913 3582 10319 9313 80745 4717 5283 34275 60191 12983 50035 69834 65275 19985 1650 92568 20453 79411 84674 70967 10174 22281 90353 84730 
1015 24
10375 11186 71093 52285 31969 50191 41576 24511 99653 88144 83493 65208 1414 31515 53895 42770 10982 84626 48384 78093 61483 20325 96469 75894 
734 25
43145 45261 3199 71417 62345 57267 86373 64423 65709 63978 29085 38348 45386 89364 28712 46089 67296 37714 79762 59426 64126 17760 97486 43364 84147 
4710 25
25103 51096 27582 15168 2822 73290 41722 82544 88487 44630 35357 74449 28599 76242 98419 56758 58132 15120 76249 21768 78278 24126 40207 22961 41389 
1202 25
78683 90578 56690 41916 82845 84567 69939 87279 83433 18514 42817 37019 83053 59296 68336 87218 13596 10944 29198 70594 62991 37422 86750 48514 3460 
2079 25
95917 54551 12754 71921 55952 37028 69213 24819 54613 31783 31009 33123 99566 94034 4939 31646 59847 16468 25729 84442 60814 71760 35184 53705 994 
329 26
10215 33374 71706 28094 51858 88493 57683 42462 10148 33327 313 64873 81599 65827 54644 41087 52697 80040 49175 10171 77799 82288 34661 37414 405 79439 
2324 25
15748 13340 48375 98855 72986 85179 67284 97060 63383 99406 9917 69632 78764 34402 27997 13170 6484 28897 30250 95727 25097 19595 44720 46306 86199 
706 26
14804 32441 86592 47773 98610 47982 92713 43599 83669 30283 20158 24459 29672 74582 57599 45196 27292 56807 76090 64136 86409 55804 54147 30539 4958 8998 
3071 25
81878 45611 3213 89096 10458 32478 34404 66651 47064 4347 73037 84242 87565 80069 42767 840 5974 89179 69203 65614 13494 49826 4290 23675 17899 
57 25
49805 80934 44858 51910 50569 68021 11785 24253 48004 12492 35940 58015 74660 99157 62522 39806 98269 92224 1058 95879 64151 41013 4992 3553 10044 
196 26
94879 75740 49471 64931 77057 63477 33992 57201 91019 33165 19569 48924 79078 97264 4603 68142 99434 71976 62441 50804 94576 47056 58152 27659 38032 446 
3921 25
43504 78152 45732 94684 15416 37266 73630 83415 14516 91811 5730 46426 92381 49524 38189 55002 10779 24206 59463 51799 1394 17769 29280 39769 19183 
1852 25
25807 85615 61052 49466 48897 63977 77916 83750 54788 65892 69636 72210 48992 45312 32872 74861 67237 48000 38786 64067 83422 21505 1657 28945 78489 
4493 25
39914 37563 61165 58777 48457 92278 20796 57454 98055 39341 66448 30730 15404 79387 87266 1780 93991 67183 56747 44102 60982 85029 72433 72628 13467 
5307 25
89568 67261 35268 71510 65887 46903 79924 94224 62762 38395 79389 67971 75747 87838 92330 66204 70111 78780 13880 41900 72197 88346 34214 80279 4668 
1029 25
87345 65203 24172 95041 15385 31302 71216 63054 25791 46362 1183 44796 54816 40425 29346 56508 86188 92988 5340 27610 8751 748 35545 67176 59152 
315 26
70966 1343 22937 62494 84542 27328 15990 99863 77200 38394 48586 40406 24198 58072 18629 42356 52766 51224 65810 804 70759 77646 6982 74641 79914 12381 
1796 25
78762 52758 54351 71928 22541 87879 26769 16824 59525 63256 68387 29284 47909 23371 45951 96268 1029 44080 75845 39997 28223 3547 8228 71393 70318 
1337 25
38514 84849 64198 69490 81349 91879 26674 74537 51795 72173 31701 95857 60835 8363 1606 89907 9137 69620 38673 64012 44079 64682 59969 83846 6590 
863 25
88304 62917 57036 58047 7190 61319 56813 38632 49201 10435 15323 66059 31367 60169 91595 40417 35041 98533 30828 4131 59146 56084 67301 37020 82964 
4280 25
1178 9569 87962 52921 98203 58951 38557 47121 3489 4306 29288 47129 3402 66047 19211 54885 47292 63416 87757 90843 58962 21722 61047 55056 70985 
412 24
6557 90666 71878 75117 16714 12798 45273 20228 14572 82309 78106 79642 42763 13740 81152 46077 55389 64204 61495 67098 75293 92503 69514 93491 
1858 25
8618 1841 56812 8121 16982 70434 19805 93179 82120 63756 99953 75094 85978 91102 73108 42586 31786 85877 64074 15756 44870 46412 33435 76623 14409 
1896 25
53294 70184 16353 52203 81964 90171 1092 40685 53392 58670 54526 84817 6602 52047 11929 70583 39636 17932 76722 28388 67980 87857 52771 51653 83210 
2274 25
72551 8680 28595 37435 25314 30464 87160 70706 63108 92706 58469 34485 27826 52516 84286 16671 30074 53387 44222 82375 38954 11539 7868 43083 8418 
98 24
49665 94390 41878 31778 90665 56510 78992 79759 90702 9527 92952 45078 44724 29562 97719 67006 55492 65302 36423 4594 57908 54349 1212 33377 
2873 25
36772 72918 85415 58553 17495 80672 77491 97561 48160 78435 6786 96017 19523 52114 87506 12676 70328 77517 9292 5911 13798 68547 4681 81879 4752 
3522 24
19050 38763 27234 13282 54040 89976 84427 15548 41048 46090 71841 40420 71145 7733 49372 97505 5388 8555 17713 1617 94829 14154 27008 10531 
2621 25
18578 24828 28193 50133 22338 47343 95527 42661 10766 69049 93990 97999 10256 91905 80352 13221 26729 99558 86505 74174 84312 31408 75997 84956 74584 
268 26
40298 15196 48380 8287 83265 76917 25325 50798 67792 13082 63731 51871 96745 84944 4044 97765 72305 16628 83845 32916 13753 18745 5365 56725 9619 69810 
5764 25
73031 93769 39866 41142 22173 36707 56312 77356 56493 83529 50843 89042 90191 28836 68151 54555 74161 96264 140 24836 86861 87177 22857 57477 86280 
81 26
48929 15882 82103 38578 55609 95873 94750 75458 48948 94216 46283 49184 72440 71811 77514 73377 12447 93039 20800 30106 607 1903 1937 81241 96554 13509 
701 26
98453 86173 62254 31716 16700 37861 70068 77732 29644 9867 33233 36190 49529 56742 26505 30652 3002 53206 80067 31385 74648 82666 74534 99772 91991 83794 
788 26
80726 24434 11595 46005 77466 77359 31654 13162 54533 93067 9956 25620 10306 76966 75674 73579 37871 83186 20871 64257 41705 31464 70145 27022 57785 88207 
550 25
72886 18568 43828 31527 91486 62944 37909 20398 71504 46656 42742 62910 94195 22310 2064 43246 87236 13079 44116 69324 32143 16595 9061 35958 91814 
288 26
77182 85864 45381 67948 35625 13362 9486 81121 67916 65114 25457 2477 60871 56329 27688 27107 11807 88033 66196 95436 56399 8649 30543 71665 44992 28008 
3353 25
30510 37885 95356 56259 19580 22672 77445 20544 94602 90549 2213 7974 38595 39408 45210 39265 64044 84503 2359 61586 62179 59755 67299 84415 96038 
5671 25
42025 30493 25387 67351 38332 8357 19153 91928 98212 63618 61976 62832 6834 43501 63295 55325 2031 54005 77697 47596 16558 41370 97067 37987 75872 
2321 24
95287 81775 7517 83050 61866 66744 38498 97090 88035 89315 91090 57813 57951 33329 18902 43091 92411 2612 7088 98321 91369 25265 26217 62548 
5591 25
68311 57677 16214 15627 2235 46096 37383 58463 31435 37424 79054 22625 89766 62137 73542 49010 29427 44805 15621 5846 12712 30970 93071 68760 4173 
632 25
13686 4976 39168 88241 23014 61989 2039 66418 99688 25944 21356 35621 92204 40185 88320 83784 82622 63774 70532 21847 47972 74133 46341 74843 29164 
240 26
28497 96667 67460 56912 70801 24955 88839 20571 15520 41586 73055 35852 97647 83998 64591 59437 79707 1252 50244 23350 47709 638 9871 76602 10741 59393 
5622 25
98556 28418 6755 24520 89587 12130 57446 42030 30940 85804 29056 73158 79786 56392 87574 15893 7718 88126 50987 99063 44828 17545 40250 15735 43728 
3769 25
97830 67786 5801 71289 12981 72869 97074 62377 41064 59937 53491 18345 41116 41933 53956 29392 46623 42816 3247 61759 31556 40485 67313 46018 46572 
741 26
58430 33986 46709 77729 26805 49729 846 93150 76107 13220 41271 83189 41936 84648 58290 31304 56615 65604 92836 28579 46482 63999 66411 53618 93930 80278 
445 26
36970 80348 41994 66730 52899 28650 47667 228 80668 17470 96402 61539 51599 34894 7412 22495 16914 63961 24545 74345 18039 76353 49642 18606 18487 78351 
4532 24
51238 91299 50313 69233 64434 81918 18881 41092 46308 3583 75360 59344 48833 88910 84221 30400 41986 92005 20485 45087 60965 63839 21058 72131 
5565 25
54848 81542 74968 53783 27717 76725 19105 27982 77912 51565 45827 75494 31342 56040 67534 16413 96381 64520 49795 34515 87743 68261 22222 10414 93034 
5091 25
23186 96927 44038 34363 61939 29894 82662 52810 98616 70873 9779 53327 33737 52208 61080 35381 47560 85067 60014 32154 18927 28424 76221 15545 72944 
964 25
53984 17314 75537 23266 18044 76636 68073 60395 17894 46630 22531 49433 47072 10184 89644 6716 56978 59806 66099 22128 84915 94520 42194 23801 81735 
2161 25
80781 84149 96572 17428 98466 86372 69405 55539 45245 21770 43848 34054 1122 42145 64448 7354 18556 47939 88203 13760 859 84527 27216 44821 7118 
5237 25
83088 53015 74315 58143 11192 60408 57768 5829 29599 32587 44047 4377 74675 96878 88964 28393 74237 58593 14272 47232 55150 68990 34484 2185 64522 
4147 24
57773 31535 57853 90988 87829 66483 94343 70992 11956 38271 6210 18573 39998 90726 70102 4215 54677 16227 26857 98331 88110 87341 82545 64541 
1875 24
8950 32490 84413 81734 32912 8919 3643 23983 84203 44413 11809 17382 22844 40073 20792 8820 54113 28110 20118 52736 63996 78987 62175 4583 
1084 24
71734 53 62191 94795 61667 40619 94426 9182 81536 8470 93886 85612 76988 67600 84722 81559 49835 89232 99669 28956 35802 37320 28343 39701 
5649 25
45084 35909 79003 27332 35411 48971 84951 97601 8302 29185 2978 30667 690 20654 74476 15125 34788 73176 40586 87966 5489 31737 61820 71339 59199 
306 26
64217 55383 17985 32402 8835 34509 80406 65617 56110 67363 32112 29172 70766 18219 97605 98096 16720 22925 59275 61212 60757 96355 43743 38112 23749 54695 
5587 25
49789 98272 51455 66213 84174 67072 63645 19118 71520 95741 14092 64362 31268 41839 29093 44141 88191 73020 91396 81119 18647 98328 93516 15591 6257 
4636 25
46490 58380 24658 45262 57098 53808 92752 83106 34283 35246 36446 87593 31109 33339 56132 54639 50863 45391 5753 7994 82978 10915 53576 45161 43455 
184 26
22822 87417 88319 10018 13245 45836 9063 93713 58666 66328 34995 83636 92835 38315 81535 81641 82917 8056 97897 18513 36251 51862 92462 51794 95513 63953 
523 26
92637 5664 59413 25421 68830 25008 66585 40584 64498 78855 37407 13804 59121 23976 1379 81303 68842 44474 42529 28440 69889 59153 61881 72218 78499 94305 
5266 24
62913 31186 16339 16151 69994 10227 21113 6591 16764 70712 59173 83717 1980 99626 23764 38122 63608 98168 36924 68421 64804 46922 2521 58758 
4255 25
12872 97132 87760 44585 90467 94512 72911 11233 9043 62258 31264 15622 88128 6708 45721 98557 669 38196 41126 32667 73465 17498 43822 45882 84524 
1459 24
10276 63126 22303 52224 32011 12799 76370 20462 87436 51258 86109 69559 20096 13414 67149 17415 53147 8663 23009 37970 81792 11100 65346 36079 
353 25
90806 72737 69252 43531 17004 40268 67049 42333 65347 37310 54822 44424 59684 97157 12522 20092 5972 75791 13520 4075 37838 9707 23191 4659 2282 
4973 25
10397 3230 10409 76222 58797 85436 30270 24150 66351 47661 45560 78283 30943 79784 91784 33111 16724 12082 783 37056 54626 50787 86625 47818 98069 
308 25
32560 89781 66528 21083 42513 30985 17624 3139 4707 89506 101 2038 57862 10853 51176 2584 32948 50077 49148 4371 75679 9905 62972 25689 24621 
2346 25
28239 64599 99175 50009 95440 3678 12622 51174 28128 13293 66168 98434 10502 4449 79747 4418 17359 90299 32483 45677 9360 15960 75240 13312 19887 
901 25
56069 44555 30920 51157 65954 10999 79149 46757 43312 80102 36063 15920 10969 42764 55790 77508 99386 478 7699 158 73835 22165 33999 36414 18733 
53 25
36611 1073 67683 43869 97397 74789 70695 19755 61794 53831 94399 62578 44211 9473 47044 54733 13979 26617 76964 86935 61048 61200 92869 87107 87747 
4200 24
52362 56125 57038 55595 88931 82538 65621 11695 47633 85520 87105 59227 67927 98094 12188 10343 4587 85936 27176 22042 35426 51787 56335 55460 
5105 25
38568 95438 78994 27534 10743 85613 16189 81822 74772 90103 99825 5623 85410 92777 73483 12669 78418 42071 5150 51771 99864 41879 70401 81357 98957 
5716 25
83126 82900 70209 59637 7212 46014 6478 10526 90955 31868 77096 83421 92782 50976 75103 25858 14245 38922 70139 60072 38469 25146 83471 58637 49898 
5252 25
42390 40649 80024 16066 66903 38689 15009 38628 38029 28531 9921 30565 53061 52260 76106 12840 99295 3049 37079 19336 74289 5702 56310 9274 18271 
732 26
4957 25694 37328 57757 40637 24156 85874 26208 22372 2863 37381 6780 28896 65067 85063 94889 92180 3770 66881 71945 76410 7115 45260 58045 98062 31792 
665 26
41091 90456 21919 88535 23679 38588 66831 1729 52270 4125 84764 56861 33951 15095 51544 78 71525 74241 97523 22964 67657 91478 67310 5360 23290 21643 
5700 24
61149 78693 3469 68676 66514 28211 33962 80219 22771 89375 80523 86171 30934 95465 88157 15448 69769 55565 34260 53142 75609 79450 71112 74177 
1542 25
89844 70119 80869 51659 22116 74974 4855 73547 2080 14279 59178 4622 55664 24659 92766 88706 13608 63989 15415 467 12693 30021 49939 23445 69846 
2847 25
38190 71690 69210 35361 18200 56347 32909 82820 23840 20441 1185 23750 32428 10083 78776 36654 35533 64229 56682 58478 75154 51324 31038 95877 39140 
1060 24
98736 18829 48975 57057 26990 67277 60083 59223 78940 1637 16513 4759 34440 95371 59651 35523 43283 39652 84060 65297 99940 46224 59492 82812 
510 26
21258 9983 5133 71050 72580 45199 11599 37535 41479 42680 43057 73587 96223 68206 82969 42565 29444 42674 21931 83480 68693 93354 86357 23819 54265 38875 
4418 25
56390 62290 21359 20603 5447 20025 7745 96813 62423 20393 34007 17440 93692 69212 85624 91539 22140 39978 12585 80450 79080 6584 47790 60136 14215 
5760 25
74890 66814 84827 62355 54655 41654 2925 86120 60098 63651 51390 18770 55457 46141 81742 8015 82500 71746 50014 9950 87001 76358 99451 53329 63887 
639 25
41757 30558 70559 46816 10654 90306 55652 34692 12371 75414 4524 84141 28737 89304 64674 60469 29294 443 18533 65976 27115 32056 8442 99742 6492 
5393 24
65934 51968 94556 74845 39318 6765 18778 9715 25067 84067 27405 71758 37534 41617 20583 98962 31590 98674 49191 84341 65420 37695 34876 56608 
4867 24
12745 60263 39255 64610 17625 42556 67909 12118 41996 33963 17122 17947 57139 56341 58257 77278 839 27075 24934 44640 52267 42796 44772 13324 
2156 24
11538 54920 79685 25691 94176 26641 24404 98049 82405 94970 2585 84016 9007 73559 18699 40315 61536 42477 14578 18738 24776 8266 76603 7686 
699 26
85062 93229 22582 30188 51120 77081 70906 9314 32914 89808 61970 3857 87129 71490 21441 82206 50312 60313 57887 99995 8610 77580 77222 41509 83990 94322 
351 26
69690 87982 79453 75661 29913 20591 44397 93079 34024 31928 2193 67258 13254 58913 6251 87392 4732 77765 59807 21383 8093 1439 25848 82590 12788 71074 
5205 24
28632 75938 5848 80706 3024 45581 87366 15130 13379 62141 13792 33266 1264 18898 49750 88909 6572 29732 82160 53694 49574 72601 33657 31758 
425 26
2272 17484 78158 52556 32574 39207 42645 54262 51445 57637 97543 97787 98347 20248 83007 12191 7709 59308 12490 90887 33970 37627 45164 24161 34965 27242 
3381 25
40392 82851 26070 31326 88305 72216 74168 65042 5835 32795 44171 48634 12125 51465 52488 3841 16116 57950 78070 27970 59676 67253 67924 35155 55373 
4644 25
97457 76497 79102 79628 64788 27489 87087 64553 12407 80371 97353 66607 62356 25518 58085 91774 39766 67932 61205 37264 53097 14050 92234 13120 34198 
3658 25
17705 38932 23114 10553 92555 476 67014 73370 94720 51614 57156 40017 47076 37032 58101 6626 17393 60573 85499 57492 70256 57259 65110 10495 44224 
977 25
32439 5791 97265 26958 37884 2504 11127 76979 63333 23423 52150 11710 53338 82773 11513 2845 63146 10464 5070 50206 45645 81258 27479 18174 57370 
3393 25
67711 16070 57717 30580 7085 7588 22519 60936 4630 5420 9866 67170 2923 59894 18380 14640 56087 52816 12070 1570 92689 75362 64899 86557 35506 
4656 25
10756 5766 3747 86028 82605 18773 38817 57484 91375 43322 34826 87099 301 19863 31899 29706 34721 83250 12234 54875 4970 92627 77761 93166 40755 
4031 25
2916 13720 33042 25712 95237 28053 5617 26510 6076 71022 64241 58402 49620 26757 41491 78920 34472 48713 78088 77999 80791 57923 62339 68728 12591 
4888 25
95836 46265 27953 64426 53644 48031 78144 12214 28429 47640 12729 42679 64256 35139 87657 87736 64269 34875 66926 10789 28051 2169 91334 89359 11152 
273 26
73825 39190 16603 67406 12017 88257 42793 42131 76082 49153 57074 16615 6825 33553 51476 90888 24894 42133 53413 36702 93843 81644 74104 43746 32063 64043 
3958 24
64367 2580 86350 12321 40817 95162 61748 57327 77344 62732 18194 29983 17570 76595 30806 63587 98716 71276 95549 18538 43582 5899 74899 12047 
4966 25
20698 41000 10600 30237 11593 60257 32016 12918 91155 37740 50881 10378 11831 27580 81572 49313 23125 36388 62437 99814 19941 6627 37962 16168 84541 
5126 25
24978 37319 33037 74373 10247 67398 44169 92162 11472 60969 93267 11869 92948 92424 96336 85773 48340 32364 26430 14768 30247 74538 16693 71378 13843 
429 25
12281 4648 63580 14826 86018 22075 45870 31754 66586 35001 88995 97631 56798 40289 15574 15817 32699 20466 77949 46331 36459 6571 62683 572 50857 
3838 25
98904 92074 91068 99878 44623 47147 48475 699 76316 60363 69829 52348 97723 49212 1196 37088 90658 87973 90237 36257 29073 8490 14493 24002 65999 
4683 24
31178 63369 784 42035 28554 23525 47715 2448 91287 66413 21604 42635 92161 38903 33643 56270 77704 32536 29968 27671 96095 31283 11562 50421 
678 25
52511 11109 12878 79976 62477 87138 22946 36911 60509 53335 75561 23492 20409 16105 3476 92120 25679 55291 50008 42937 82711 1275 37312 18482 31010 
4152 24
74683 58739 87005 27196 93555 72863 33152 13002 98252 62059 59117 77017 8065 55570 88790 89200 36400 21579 79826 33592 88143 89910 40326 47774 
2826 24
59595 74199 31865 75931 27037 34908 66755 95051 59354 77536 10984 52969 53985 41911 56453 38102 29511 14841 87779 36167 14362 78646 88401 96533 
309 26
60290 9945 99213 24746 65294 89600 8395 30002 81648 20856 11858 71422 21908 91527 11427 54082 58260 83912 97419 95180 31959 76443 6856 3611 2379 28968 
3204 25
40691 11237 27903 92600 97189 14321 16303 78882 11125 25568 42107 45795 3579 69775 26315 78016 90355 20392 89114 50387 87187 5588 4400 12903 8632 
5450 25
47502 48717 15053 17674 29987 44499 88046 95183 89436 67575 4231 14920 96081 36383 2741 74970 51256 34720 76232 92925 78565 22345 54225 95870 22948 
693 25
43198 75372 9982 9268 13829 86020 47447 99951 89802 28600 59027 99353 8803 9317 27771 99677 63851 96044 31400 86366 67848 95690 13463 55788 27721 
401 25
8192 91100 46007 64220 63957 14049 6255 73999 8581 38281 80881 64606 38105 43610 68821 39825 6401 11728 390 59284 16872 7607 44553 30265 32241 
5066 25
76188 12885 3056 11043 73308 1803 45354 12375 91635 92256 19495 3143 84379 92391 33933 1682 81246 88348 76701 45594 65596 79766 9892 48356 56371 
4696 25
84036 16263 90676 59974 61902 2806 83372 79409 5739 35183 81662 14341 11341 22981 31966 754 6736 46636 38385 5858 95599 22197 49304 75221 79432 
5023 25
58455 65153 76517 97248 69313 25491 30917 78670 90689 31093 57584 38805 96870 26812 54409 59118 30129 78917 6464 22386 60841 12846 83268 45360 90892 
3013 24
56694 40046 29052 88572 46248 53437 84670 72244 82477 63034 25175 29545 98862 28159 30113 39807 27114 5270 72966 70908 885 20305 20923 30071 
4026 25
4202 96643 91944 70032 6849 14601 25428 70690 34334 69124 60065 79165 720 71358 81534 11825 1482 37121 90824 15986 17455 91407 78059 24706 44228 
2025 24
58888 48614 93087 33611 822 94550 62989 27396 78188 11140 44166 37657 10209 36967 74053 99077 7997 46359 5888 39228 8005 56956 33639 34380 
3305 25
7655 28610 14052 86022 98088 70137 75173 21495 98571 7457 18921 7294 55528 83119 74769 57106 78005 13289 8898 67557 96796 93391 34145 58415 5723 
5260 25
59211 96292 80911 45414 37570 36072 18971 19121 44732 5547 81178 86876 80897 13401 97739 25280 35549 24570 70163 74980 75273 36248 72265 37977 47143 
160 25
54347 60576 34818 51017 66343 7377 83346 63853 49048 44757 41103 84867 14559 90581 35081 22540 48450 91409 50392 29206 35050 17 40613 15833 32931 
565 26
35798 21896 39521 66007 33848 54034 73650 95317 751 71434 41313 33323 59606 87959 79900 90496 6426 76924 8697 82988 52944 74760 55161 68826 95974 58914 
1407 24
57922 16043 19505 14696 74626 83983 88974 81905 39441 36342 95381 72311 79230 43976 7238 23869 73751 42639 84182 81740 12692 25430 15348 731 
4270 25
89861 63491 90385 12506 16257 18796 27928 15342 90325 80678 87493 73210 69419 16572 30328 42328 50701 67142 62713 28515 89824 86788 93609 86661 17160 
4799 25
84385 53867 39095 60335 48295 21247 20016 60194 92190 46117 22788 68506 29155 26271 31245 31194 52979 1146 60931 68646 17308 7751 18155 71851 47936 
1640 25
41088 15386 96230 85822 72249 54974 8763 7933 77048 34700 58056 28041 42820 80273 3752 90901 9042 40818 6236 55744 54622 34811 5605 26520 32355 
341 26
19921 38026 24050 77727 60844 22282 40143 70185 35308 61993 24663 50628 21723 59405 27587 61992 41228 94491 17907 9547 53209 96500 89350 50540 15272 71297 
1530 24
2830 29108 93488 14218 69223 91352 22085 93157 21501 78117 92740 43177 76108 79055 32365 24965 82798 83937 14472 76770 65234 59831 51232 50812 
1073 25
30294 85297 27519 10011 86401 25089 1531 48399 67217 50164 24924 42703 76185 50001 5793 43398 40490 28828 87828 62152 50261 13460 84501 60377 8656 
2054 24
26700 29739 74583 84550 24221 21001 37391 71537 39721 2019 42978 72695 39848 11239 98923 85569 32274 10739 44334 19754 68943 53485 17315 16748 
2620 25
88702 8613 67010 48631 96480 7383 57899 60088 80568 5842 39394 9718 43193 33064 72505 23298 76191 49009 1336 42551 53659 66220 65497 67990 55901 
1777 25
5413 29008 14607 87907 57789 76945 69755 68128 99280 47553 78871 32268 65145 56904 25606 34085 49266 37746 24914 94391 81710 91868 68691 91002 15110 
1911 24
94122 28301 5278 94821 4333 75303 137 55813 28862 48622 45277 44514 83626 31083 51732 16924 98307 2435 30687 61162 83159 53639 21177 44598 
5404 24
38857 49382 85611 61633 53765 38056 44479 39864 57478 21308 23841 68034 74447 46661 10243 54252 65727 64433 61744 42365 448 18702 41486 63573 
3042 25
22249 32204 50732 97034 82995 70263 90859 77413 57250 41108 51663 73752 94746 45066 73495 78452 98613 76239 58829 96988 25998 91393 8291 54896 33326 
1603 25
93884 15495 69715 99170 72204 15403 67371 12344 54806 37087 99287 17823 6740 50680 59243 48264 18111 67417 47401 53380 28855 47099 62692 90395 3393 
4165 25
7810 12517 2096 83918 39034 23711 57665 40780 70481 67228 40499 87518 64170 49249 32322 90366 91719 22010 18615 35971 43586 23144 37847 66076 3839 
139 25
75133 15883 52295 9414 19671 62380 84855 88923 53500 85541 23892 51597 28745 243 53352 31156 41483 61888 67732 79203 84577 22678 60094 45982 17037 
2676 23
41325 57233 2215 40210 13637 13858 78829 45309 21684 31620 69145 55549 61624 83797 71206 8329 47978 91664 82710 56442 93151 18965 41808 
5177 25
72191 40338 13622 67805 36675 40273 41163 935 13450 46024 68281 98858 12087 86408 24281 5082 43371 17700 20225 9774 78733 40735 19557 30537 49037 
1752 25
71789 18057 56927 46570 13788 641 53446 48815 47314 28185 79597 99949 98947 93881 29110 64380 78922 98847 60753 69525 33753 84505 51990 51018 86844 
4466 24
59139 57333 82158 24907 99959 78914 26743 54305 7091 28466 4573 67769 16026 63244 83067 33005 70924 22157 3257 87785 87620 81423 85707 20910 
1913 25
66507 99998 27400 2075 58444 18787 59772 91952 47566 84643 27369 71148 93974 13333 54877 57399 46375 75338 6711 56140 63664 79267 11708 92725 57696 
5771 24
99794 18468 3044 54350 73604 56134 28297 49508 32682 63124 81157 5250 20635 65728 35685 24871 15786 64704 72950 93770 17217 80632 69732 13038 
5489 24
4769 57087 16115 69598 91833 28547 93962 25671 28280 31970 42564 11282 62182 23558 36637 36751 4833 90315 54149 9965 54743 3510 20397 35559 
2076 24
75764 49498 36456 77141 48370 42481 82753 95339 71193 43897 51404 20760 44184 99305 4405 11660 86434 55102 72591 12594 54352 21193 28170 70714 
4899 25
12244 19728 13047 75269 39894 96349 1028 85762 24243 40362 97791 59789 53410 71225 84167 98935 7509 25212 41958 35566 66978 94431 30063 22211 59869 
7 26
22917 13852 15934 77815 53878 29207 72832 34335 51802 71486 33148 44759 88303 96229 79466 605 72935 11396 67124 14144 27553 40696 1085 67610 74961 45037 
4488 24
28455 75182 91962 91618 31251 308 19494 50116 66177 97933 78748 43196 50705 4824 66157 49866 13442 85616 16360 96086 25486 24153 71178 62515 
1360 25
90956 37957 5450 596 78281 69968 49842 79044 93686 53075 71874 30454 93825 78793 43950 53848 48590 23500 80886 50492 75968 33197 45811 69406 56844 
765 26
18752 89897 78321 42722 49630 20514 76661 35174 10300 30624 36344 47770 21104 71680 48706 16333 60532 47602 63821 4 45470 81144 12652 14858 89312 69906 
5309 25
36492 70287 29517 42874 48736 77683 76881 75555 64769 36508 17082 93513 75145 79863 17389 40306 63577 80742 52819 95650 2756 34769 22279 12484 73394 
5025 25
96250 91394 64592 29840 37097 30298 13090 97610 738 44647 59177 89984 31218 38374 52613 72699 7797 67358 25714 61674 75490 46536 34905 56405 58517 
5382 25
38310 99554 23170 44258 30660 95824 66427 55979 68649 73378 74739 51041 22830 66954 49897 15508 75209 14868 90140 56922 11226 92639 47985 20789 38824 
3719 25
18243 1634 38533 17456 73017 93639 35145 19717 41433 33070 96672 8953 99493 58536 87978 75026 96722 38868 73928 49985 29533 38965 345 68701 6987 
4552 24
2650 88299 75394 4785 89604 53056 80705 84041 11859 97097 33573 81589 84102 67274 20146 75792 84284 5208 37234 13837 76944 16567 78115 84860 
151 26
72320 47843 74645 87508 82933 2363 39276 57077 18670 64605 14009 17141 25258 76650 78429 31465 83139 98305 65453 68081 3111 15767 92205 57324 68631 58437 
2209 25
94357 75008 71973 53077 97776 79565 32947 79822 90010 11211 71903 5963 87051 99956 58964 31256 55385 97420 28692 88220 50028 7835 32102 68951 94170 
4391 24
38589 20472 14972 1407 40042 69320 12814 52306 41225 95466 73766 12144 12041 80156 8563 70484 54224 10072 34907 10485 327 40992 76555 61795 
2350 25
37656 71592 8209 74464 13871 75455 26986 49222 31017 45501 3252 58215 11272 14591 25510 81709 86164 47862 15241 44628 11690 79701 14249 61930 94208 
4406 24
91274 57601 70673 13998 15227 36132 21220 2104 15994 95812 94561 96492 20357 72567 25063 79265 32243 78275 46279 51735 69247 76814 2911 1435 
5574 24
92911 206 34414 17025 26896 41776 6433 27101 87070 92586 95200 57083 59773 63129 63248 8496 23044 53384 38246 32746 48578 59141 56154 52477 
4623 25
73715 10757 30280 20735 69078 62581 54954 66982 2849 15539 49489 66012 37156 56565 56191 22586 81110 59522 83035 16542 75212 17151 74416 90170 90288 
4020 24
95964 69558 79851 63545 33597 26015 12790 47914 93871 9784 32030 14720 68224 39842 24001 35261 57585 39906 33287 60746 38629 25857 80807 18564 
5408 25
48084 75636 75887 44464 58423 31232 20716 95028 13743 5590 97332 58812 83451 73667 68146 69382 83363 1247 88208 89815 44193 25087 83925 67350 2542 
4482 24
33605 44041 86611 55302 35906 65505 17023 14653 83831 88940 92467 36629 52216 13728 16171 68987 87741 86211 68214 68491 92475 8720 41688 39210 
2285 25
63675 60782 4468 93272 17698 62056 94606 70312 78508 72619 13127 43847 8099 8557 82938 4818 32692 75501 7747 21797 97494 46634 89416 44896 95031 
4954 25
10187 88816 90745 88447 60416 10264 90870 43071 12418 9117 92731 55174 83510 59185 78592 65440 58300 2841 14599 88330 11633 80873 45417 75509 26429 
4364 25
84673 58801 18054 13565 36808 45609 38298 40971 6964 30372 34166 26761 39090 30689 23274 7690 27518 82479 62219 27159 47271 45774 55578 4741 33699 
552 25
32113 88485 52300 77521 60784 55923 95725 70999 91939 55252 3309 3392 79082 343 66245 39943 42953 71616 22594 6430 49616 40874 87781 77186 79938 
5006 25
18661 35845 39744 47349 17250 31316 10133 56560 26153 57846 49785 63428 58210 85969 28121 828 65415 27829 70195 1643 44564 16037 23149 16740 71431 
4667 24
1352 69314 3403 86534 45473 62929 45163 64716 45054 16327 30577 45815 54333 48942 79229 19750 34403 94896 33474 43309 87260 58403 18403 98892 
3881 25
74829 43542 73489 93311 23391 18183 9461 63848 14922 16785 13869 28152 35709 42412 14700 27030 3729 80581 71666 48054 58937 83132 68262 76908 51874 
2174 23
37181 76795 49537 25078 93913 3136 61326 26295 53830 78171 11759 56718 33525 32971 37866 21013 36549 98395 43440 12621 32521 36867 10725 
1781 25
52073 4081 43021 86914 27901 16053 65356 54600 58148 41841 40843 89773 26780 12022 41403 22276 53424 37826 89168 31380 22427 77480 18172 69469 41133 
2295 24
73126 9089 51863 4342 77408 37547 92518 68546 28054 57528 21748 59876 74250 56610 33506 94164 95635 5813 57093 14717 96815 63164 60973 99103 
3718 23
36973 96202 75347 15306 78244 82014 15443 64688 83829 18363 41543 57592 18687 45759 18611 38870 34697 5944 83824 90270 69149 42826 16708 
5804 24
59580 19535 31897 33043 58275 83600 94199 40465 30154 54716 68287 48983 79640 40178 13099 54821 57030 98107 8026 84943 16246 41599 7260 38402 
4882 25
111 15273 15815 60564 69352 58283 21301 14565 21718 88074 16080 13342 97407 84969 17978 5905 30275 21921 57182 11292 3113 33686 90799 44279 84778 
217 25
16165 66270 86633 98845 94273 67538 77008 30650 77838 79083 69806 21675 4267 86536 135 14692 89257 66580 87304 80859 74866 86972 18074 24547 25006 
80 25
59781 13492 14906 69262 36269 35607 83215 82657 22298 12803 87942 69917 98775 22953 85271 28550 5726 37927 86133 47861 23073 7375 10292 75981 57150 
463 25
89265 20617 43555 45910 45376 95990 46282 55197 4644 2941 67205 95483 84873 60358 98095 79629 57841 9344 67867 99190 37353 30213 26863 83988 60790 
4960 24
49452 79896 26649 13899 90762 96603 72446 33231 42832 88829 73785 25768 13314 65369 14911 99300 56181 65528 161 12882 97687 58151 43739 51464 
946 25
76291 8657 68269 6158 14955 37040 4902 86192 95421 98108 30610 15952 85999 58498 85495 18884 88549 29077 68905 16816 57812 15137 99490 94396 96263 
4984 24
89762 78724 18112 31090 65054 35577 15559 3685 48898 44062 14438 78397 61356 15480 40934 86485 6954 60264 30972 55679 11876 16478 55949 47060 
3663 25
67935 62839 75724 10390 20311 32743 15049 36008 55112 40938 97186 64665 86869 93755 6064 3023 58970 25865 45931 56013 65335 5019 63719 18602 90837 
5154 22
86956 44712 33047 67495 9916 49465 80964 58344 40152 70521 20711 52562 79955 95033 93460 12795 56386 35656 35395 46990 5418 96638 
339 22
38123 53686 52881 74456 40726 47062 48779 36952 73373 69432 39420 32537 94539 82690 16886 82298 88970 56128 98520 44780 17530 3868 
3793 25
32860 40098 8931 67048 64096 72160 26472 50216 82276 56534 34685 73782 56280 410 12067 35100 24793 28509 62302 60817 84265 72552 1393 77336 53610 
2088 24
77237 64968 61243 55344 44775 24577 99606 19665 96254 47053 10577 93021 47896 50235 339 64277 95740 76166 35364 92114 93252 5968 21621 68404 
3386 25
34987 62131 77928 9340 90256 88750 86491 38202 11150 4706 6475 3228 4645 46599 17615 6496 20582 8505 81906 6296 88384 27435 18737 36184 21611 
4158 24
50464 48129 57885 92303 41806 99645 95103 20084 31683 49646 64856 2589 3082 7074 37557 66678 40331 65873 59956 51078 40864 93439 107 66192 
4880 25
86456 54250 32489 37313 47997 76281 29695 74765 92129 26128 10539 66001 68454 18479 46246 18820 75627 47480 25519 44304 32362 19590 44265 69540 26212 
2342 23
41534 19936 20625 26402 81755 41463 49457 44716 30402 55765 36955 42530 73423 82059 28011 51848 14592 84593 17066 97229 68265 58243 95277 
800 25
88115 8535 66708 30915 88959 63927 58584 98844 21619 14378 38937 90239 91686 61648 39463 78180 35121 44997 16387 29830 51402 96567 85595 80482 37941 
2171 25
33278 68020 66895 76712 45446 76511 64288 35209 81638 20937 18500 75270 48021 61753 29030 40943 11184 81286 73882 64172 38316 84418 633 24739 19593 
5433 25
63562 63182 82857 36514 33200 30196 65406 47848 66660 28529 75450 91779 80248 15478 29999 42508 44319 73450 38966 13562 44241 16382 47045 48280 42222 
1158 24
32125 9233 41393 51690 19348 65323 22847 46714 94166 69977 11794 60658 51052 10916 13875 53923 32480 71808 99634 64231 69258 52917 55040 70444 
38 26
36481 68632 75193 54048 17989 46672 39782 23800 91573 91043 14031 47008 11177 19287 67491 14737 38585 31132 13061 47786 54984 95249 55057 69167 17885 35563 
4427 25
72348 99217 5629 65299 86069 12844 46848 61962 48701 41528 40986 17841 21108 37852 23701 36661 99432 3960 87908 27664 61079 62679 72727 18678 31741 
2724 25
84614 59424 41366 89648 96020 77558 40270 59135 86345 13271 44011 71566 41435 66309 67453 642 30306 35046 9269 94612 91652 10765 49822 10837 86218 
2053 24
6665 75084 48595 81881 28487 55648 83090 52651 19656 52606 21938 11892 61861 66176 54679 23168 70091 8735 75384 50509 57988 84599 10159 65760 
434 26
57443 95519 36921 12379 24140 51900 609 66790 77660 35854 12916 79426 99349 46681 94745 59726 51822 66487 50764 50413 64745 17979 34180 66437 91839 12544 
5454 23
47639 23556 29278 85373 76697 17228 79119 33759 43301 90927 19943 86506 8269 41721 1675 38334 39982 42731 79293 76782 67654 48109 71180 
213 25
41465 75023 80266 64476 73354 90874 44323 73591 50898 73424 19037 89785 52525 13877 60360 33059 37983 79106 65805 62008 83517 4164 71869 47289 63251 
3196 24
5032 15066 52268 61193 5220 79673 13356 6325 45121 82768 45073 97598 29609 76125 96517 67034 39027 47286 1809 6440 19388 41489 97871 68068 
4969 24
46942 93779 53151 14659 30511 9029 76540 23695 76508 87557 847 64108 46702 90327 32645 59933 93707 17477 14099 31387 97217 82123 12444 90134 
2489 25
40368 77063 16048 26494 43874 96737 15660 30431 70238 31666 20229 9173 12205 91708 41882 24582 33272 62459 46171 10128 36034 15379 11105 75975 72996 
4431 25
69451 24795 71367 92087 1099 78954 44030 14939 7538 2259 58624 28684 47772 60309 69335 21200 26129 59896 29249 90062 99701 79856 59688 36915 88960 
3144 24
6409 12195 76360 90087 29409 21940 30426 8217 32318 9409 11147 120 23561 49762 24730 77384 61419 84187 31995 71474 6021 13432 80825 36431 
4419 23
24043 81650 64666 86385 26646 28304 48556 80980 22758 18816 22354 2498 33831 80511 48149 68861 18235 72391 3517 67175 96738 83264 60955 
4181 24
48327 30507 52398 77315 32678 32468 20997 55516 50406 13425 66066 50566 67680 63325 57782 72518 4161 66128 30603 48482 66285 19508 15938 18947 
3342 24
80109 83082 53605 85474 76216 31108 14716 11750 98546 28396 689 20353 8304 57052 58181 97355 65770 6354 65630 84893 81580 2743 50600 22362 
756 25
64831 71791 17449 29424 16536 93180 46070 93621 52132 97452 94851 55948 31043 27526 24218 69647 9968 46730 15822 41660 54398 76849 46316 46297 17657 
4575 23
68853 50383 92317 54631 93097 89010 75608 9529 9966 32630 63048 56276 6703 631 38613 30483 18123 35106 63679 18197 13106 77812 66555 
4229 24
55489 24041 83598 15757 24350 83671 13408 95095 84625 50697 47895 54645 89913 56264 87567 97827 25053 95670 57530 46915 19429 18334 1479 16825 
810 24
10769 90671 48209 5461 10183 60350 3533 79222 23929 52242 34336 35186 64357 42031 30010 86308 48957 50190 7504 9339 65603 60911 60876 2992 
2320 23
88688 92350 55082 77 45919 73289 62237 40216 25640 91770 90358 20313 92918 28918 6219 78593 66656 28615 76977 1017 34829 75736 54370 
1088 24
35505 25544 49794 95804 86706 9176 30549 34666 97148 14852 86058 2481 22346 81837 94595 46198 34731 58635 67248 92004 64728 6709 89919 23646 
3612 25
78532 41981 52515 74264 26787 48459 22445 71221 80478 53906 49884 4623 69749 43592 7249 83816 83714 28452 30843 7858 77349 14724 94151 7413 81799 
2793 25
2799 57629 29744 80313 4687 84469 77593 62862 24187 34844 12567 8595 74328 79361 84237 35192 56986 5497 55239 41812 72814 38668 95684 34243 94136 
1543 25
99877 48073 17561 51865 40408 38468 44680 76327 89651 43117 71430 99193 44121 84007 84110 71007 94667 66284 54582 99900 96918 5864 67084 65024 90518 
178 26
7098 19785 16302 82764 45388 65187 58700 40006 64446 63471 16418 41904 34162 43367 96431 20408 45990 16423 39438 32272 54345 233 78973 8837 1524 46840 
4571 22
62893 96804 75727 50583 38191 18296 22336 49766 79631 50040 62266 86512 3115 25895 27442 71328 69004 15598 22547 72164 39141 25073 
2566 25
30898 45621 38280 70070 67203 26706 33979 83895 80619 72907 56971 71912 39149 34367 91886 8131 8567 29483 73527 79667 45834 39221 54194 67487 99749 
2671 24
84588 10835 97678 76105 75659 85852 85668 1662 82746 81998 22072 87166 93168 8742 47104 90766 31154 45361 36700 37059 51525 21116 97748 85177 
5108 24
76324 23546 41416 3203 33917 19265 48415 28464 84905 54466 58609 86748 88024 61506 59897 96494 67211 33729 97279 1231 30515 92791 899 25219 
4793 25
36358 69544 16933 74066 19197 9329 46745 13670 23152 47303 96516 47047 50180 35988 3622 14168 3030 10617 49105 73903 71981 10265 73088 89216 22240 
3324 25
26285 20979 15738 23291 9224 5902 19432 24407 36173 91522 19916 53827 52014 55472 9907 17750 76826 34897 1184 91885 24562 93190 59563 97835 86654 
736 25
73251 81527 47119 90605 74462 28281 40552 37400 8593 49066 9756 6078 68714 82238 66986 25991 36670 76978 37890 23322 34696 28010 39401 45016 52250 
408 25
29199 66203 26734 31192 27087 24353 38615 37289 35596 39896 93266 94345 43156 27883 45525 36150 52689 23184 59683 27157 29557 86735 57639 77207 1912 
4974 24
73795 66684 37920 87222 35598 42251 69291 83180 6976 81305 96096 42924 80857 30542 8158 18805 94850 38807 25749 34339 42324 3409 55603 8088 
5718 25
48336 97360 19081 70830 75941 28721 65856 68516 64253 78861 97600 35863 2954 85706 26759 62640 76488 16753 57590 44859 17806 19333 34983 3186 26930 
