105
8901 13
96639 78846 24054 49147 24450 51988 61441 79097 69772 7560 77308 20075 27785 
725 14
45011 95291 89255 71879 16801 4171 26686 76888 16173 93895 95311 91965 23925 22028 
701 14
62646 80406 87483 6646 50389 76956 40609 69728 70577 28158 59860 8773 48937 12145 
392 14
87319 53523 7189 69636 28600 47024 62556 35484 79201 21855 69095 78710 70899 87006 
6229 13
73391 71083 6346 86616 84436 30658 59281 14320 36341 59342 7197 76105 70398 
216 14
21307 72696 56056 96663 74981 47256 10239 53685 48127 48941 45379 12169 30478 63087 
1289 14
47188 87345 52080 92080 60858 8920 72086 41207 79004 45598 33137 70607 34652 61628 
9526 13
24492 37869 15952 76703 96513 35474 4553 89450 48908 93897 20782 82641 50829 
7656 13
82674 13360 38650 68782 18394 93655 40119 89488 94836 61087 22222 30619 59022 
375 14
18041 3563 17151 6375 48874 78036 95038 70826 53132 62626 38427 58961 87775 74799 
7239 13
78904 57069 13577 78250 81265 73023 37728 77649 61741 73845 71572 10649 44289 
904 13
34748 8752 48407 94475 45295 8566 56509 52092 9884 4949 12464 89465 93785 
8586 13
36350 28329 3235 36630 31087 62688 32251 10020 53073 4676 42413 47411 58478 
4889 13
42666 91933 10608 42107 85054 62132 76075 49875 4491 65136 61847 88379 23083 
1033 13
60744 89175 49719 42374 88193 5543 57548 75918 52533 86360 89303 40591 73116 
8766 13
29634 88375 128 34577 35887 69100 25901 81291 31946 64668 12511 45312 30333 
3011 13
81819 746 40930 2219 69857 51934 16951 30160 25681 82449 93127 44191 72237 
696 13
75438 1496 75114 75781 44480 75410 21949 104 66232 94063 65797 2717 60660 
188 13
49961 56358 45104 67138 77456 73153 17731 42313 66166 422 77873 27621 86053 
3891 12
6213 13929 11351 95108 87361 36016 40152 90958 23896 41650 8929 31786 
740 12
51586 92475 31305 34969 79199 47962 74431 32233 5247 29662 94405 53194 
5542 12
24751 19558 42622 39650 83975 90900 26796 19118 11636 5309 66902 94995 
6187 11
89012 27932 73809 46632 87442 43803 7225 72730 82713 37730 66515 
1084 11
15131 64067 52857 96668 35877 76101 53583 86599 11051 14782 68500 
1864 12
82159 85090 37492 37664 78209 33993 23711 17581 93059 9673 26531 6602 
7003 10
32647 68703 51434 50183 17137 62748 43010 17746 94471 70307 
13478 11
32543 10218 65886 55324 11803 80850 95063 83706 86828 85440 33401 
679 11
25787 13048 36588 73572 96144 29054 7131 57529 27731 54390 67204 
3863 11
36287 28167 71486 70048 23388 96736 39346 11446 22562 25491 7194 
12191 10
46374 71561 75234 19370 62793 82244 53626 87998 35181 36327 
7184 9
80073 31338 80957 33770 6916 61092 71365 64886 71773 
10793 10
25415 84446 63875 9160 9284 23901 93442 92998 27170 27210 
6543 10
11004 47120 30649 7171 21730 81852 35008 12924 12561 64251 
13195 9
74006 63429 73646 12215 74423 73613 58174 42672 11560 
2964 8
37429 27286 57419 9837 50062 57310 87925 45032 
5401 9
24336 22905 27414 81938 37576 69732 11074 59636 5745 
9515 8
85347 16261 27606 2386 65048 52221 42268 35353 
5704 10
58538 26687 16868 30963 59246 44798 66205 12188 1410 57980 
5306 9
6466 33343 86603 2661 19451 71591 31079 38779 30875 
9282 7
75209 20168 42426 48255 63131 95828 85211 
5120 8
24302 60573 39574 79209 41307 65143 33073 39359 
3810 8
64032 12920 18777 13124 93392 28190 87662 10321 
9657 8
60993 7542 78156 19289 80528 37540 62559 24371 
13245 7
79893 76208 4195 94135 54674 7962 65970 
12066 6
45650 25829 25877 93722 90131 41189 
9729 6
68653 41968 44894 64667 93781 15533 
601 6
78480 51061 2327 51149 18492 96856 
3978 6
16629 722 69707 4442 23373 93962 
9268 6
72957 52428 78689 8578 65928 76124 
6882 5
22407 28719 34359 64724 20759 
7465 4
6263 70803 59024 46908 
13191 6
17372 59972 32116 39531 67074 37600 
3505 5
82360 64270 22866 12797 32764 
9074 5
52035 41807 14848 22991 76884 
713 4
93166 79340 91624 57733 
6114 4
38712 43890 32009 88109 
1583 3
21067 44671 63239 
12044 3
67480 75672 35209 
10190 3
27489 17959 75622 
11883 2
13605 74072 
10393 2
24199 31151 
12905 0

7522 0

13460 0

13418 0

13293 0

13126 0

13100 0

12844 0

12592 0

12168 0

12118 0

12099 0

12054 0

11968 0

11751 0

11549 0

11504 0

11464 0

11454 0

11423 0

11327 0

11264 0

11037 0

10865 0

10777 0

10631 0

10394 0

10351 0

10181 0

10100 0

9827 0

9562 0

9204 0

9027 0

8897 0

8845 0

8527 0

8505 0

8141 0

8026 0

7978 0

7953 0

7902 0

7719 0

