1727
1963 298
74550 36388 7451 93067 85913 77738 45782 25478 7966 59691 88249 96842 21394 23249 16230 1556 50143 25524 8223 91955 22484 84462 34173 27958 77669 37258 37741 65877 52876 37829 37449 61584 50921 96478 87225 85883 19226 80295 93001 87088 49022 87464 13294 63964 95492 86281 8675 73608 69110 77899 50760 56682 45076 88399 63176 7931 86323 3424 54661 95006 26352 21476 84995 98552 89369 77963 88689 77882 38408 56728 89533 86452 44885 83841 23718 92684 99507 12656 80278 13539 32056 78573 85765 86198 16092 48343 88917 87073 32673 40902 88627 19865 61771 27082 740 76776 62001 3906 5146 22496 43986 99184 10399 81733 87593 12537 65478 36340 13635 27863 31273 13821 13352 83280 78735 16653 64638 41445 40444 63229 62820 16702 62045 34323 7350 88922 291 54984 43939 33058 95551 85274 40313 45738 51012 67518 9881 60178 45199 75408 93043 6846 72030 81204 50515 49979 48186 79900 4586 93142 88989 77 81110 56400 60227 42379 25962 9514 67231 83321 80870 70894 13261 39076 67803 18600 48871 30016 96947 79400 36698 41668 92970 18924 15450 77318 83516 97789 10189 16561 69405 32471 56991 44728 97389 44290 74423 84744 16522 17083 68432 67247 99030 39615 29321 93224 99466 10162 23948 73440 48998 31738 72523 73097 88211 64785 94001 17823 94729 51120 6495 84251 88744 65133 69763 68834 38928 45728 59834 89791 1283 26490 23981 8300 30103 80717 30215 11529 39265 82900 17762 16762 71900 44795 85478 4988 40048 38614 70357 2437 70440 91214 77933 12679 78786 87999 4491 74033 87672 71035 32988 72115 65895 56169 48100 6230 13812 82669 52082 8861 95908 17376 55511 97908 21034 5644 44145 16247 17242 47967 43184 90580 71444 28510 61431 9171 92763 41785 84541 69752 32491 86030 77349 60224 91914 92874 83569 56722 47861 81073 11816 23689 51499 69933 14831 13552 6645 25724 
325 199
56011 13387 6056 97831 65197 54971 45918 37434 70558 82213 21562 72029 30820 89567 43953 22831 42574 4 93570 16737 45616 43220 31808 12076 20013 14163 49019 4215 47217 10599 48082 9073 46269 90694 21975 69870 2349 85847 83036 83016 18231 12664 668 97666 71405 7215 26828 25137 65771 82063 75431 11501 45525 27869 38849 44714 28182 92538 71766 78986 5995 61452 20328 17332 12641 98062 67575 40349 9325 61515 22088 63440 64589 15281 39567 99860 16908 86825 99554 12394 58451 47992 33381 96612 76970 4286 19334 9974 30425 41297 45753 75140 32844 40565 26319 41853 13103 40412 32887 3044 80839 42653 17352 11895 81158 60235 35370 26540 76985 72337 66605 20444 32337 54556 10348 50893 49116 69706 78444 71725 61586 31035 98681 55998 43917 33679 94790 21573 243 38388 58575 71197 43612 15962 29717 67986 52442 99425 71400 49497 76719 31776 54610 50681 99853 65348 18301 18072 61906 91521 49519 38588 30614 64622 93423 46628 31622 38574 48818 62971 99916 56410 26581 28065 34575 76605 14350 34423 58983 98004 27646 45362 70053 78489 53278 26188 14707 75545 51577 17494 40310 62426 42180 66313 1477 83734 9664 43674 16253 73428 36882 98412 30304 17038 23428 64250 47641 97522 32121 
563 128
65743 48328 71091 28597 33831 51294 58452 9683 77171 67487 82667 29300 89433 66643 26290 41892 71230 95968 84016 24176 75157 28194 15405 82018 51175 20894 70112 14371 5477 95821 1097 605 52040 48679 53952 66971 6389 27105 84096 5384 13904 54037 97120 71458 37786 16798 85582 2104 12869 37368 978 767 4851 37835 42425 29611 95746 5390 60635 78423 49757 63992 25716 70668 31448 99902 93860 88661 16788 85894 5507 53331 41657 72711 11548 61875 62617 64508 72228 73858 92000 95583 62504 79770 21711 26744 22136 57243 29871 40725 8476 34368 88394 46370 55609 55448 23632 5255 14778 22791 20365 83288 40576 83726 44232 82347 22536 69781 96205 51236 82815 58727 84575 48674 26585 14410 78740 58111 18729 12943 57969 62388 93412 14830 91528 51517 73377 4341 
2792 73
24516 50551 80095 50831 29595 62290 14768 17273 43519 88736 24277 69236 13175 98438 75959 39425 51655 45350 87437 90794 50519 62660 90245 30602 59504 37240 28119 30379 65886 93063 54930 7781 32153 30128 57885 11951 48903 37901 41553 25674 82520 90939 76120 84693 94701 89176 25167 84917 26149 76730 24801 49039 87132 74923 56774 62583 54205 99903 10271 35382 26782 65977 3260 46259 34649 84516 83796 43640 5079 72050 24240 11720 18418 
3176 39
1492 96618 55376 31586 14981 50464 16494 2953 9191 90791 96898 71669 64778 29146 31700 8831 78608 46171 4477 5653 51854 80720 26991 27264 22827 49520 64037 78221 16195 35482 5509 92001 10395 51178 57304 30499 96797 85677 61068 
3077 23
32297 58181 22232 89563 22949 38850 99714 52952 49668 383 21788 9714 39471 68823 40781 55077 16254 16170 81785 30466 96586 57131 20621 
2093 9
24514 24012 68799 78557 32477 30932 87283 39100 934 
2621 1
77983 
1558 0

2737 0

2552 0

3195 0

485 0

1357 0

1455 0

1169 0

200 0

2871 0

2648 0

346 0

2105 0

464 0

302 0

494 0

1684 0

2593 0

1657 0

927 0

2147 0

1683 0

1227 0

38 0

1491 0

1163 0

2612 0

476 0

1305 0

3140 0

807 0

878 0

581 0

3161 0

1398 0

881 0

2844 0

1336 0

726 0

941 0

796 0

2441 0

1972 0

1481 0

836 0

2628 0

2213 0

947 0

3299 0

3297 0

3147 0

222 0

2284 0

2074 0

1327 0

1112 0

1641 0

183 0

2096 0

1642 0

854 0

582 0

2520 0

1186 0

380 0

2325 0

99 0

2111 0

1166 0

2301 0

3039 0

2630 0

2472 0

1111 0

794 0

681 0

3153 0

627 0

2445 0

1703 0

340 0

1927 0

862 0

707 0

176 0

18 0

2449 0

508 0

3020 0

1528 0

636 0

2307 0

778 0

2282 0

1482 0

1289 0

1085 0

528 0

3230 0

2432 0

1467 0

2644 0

1440 0

1914 0

1845 0

725 0

2984 0

1965 0

313 0

104 0

40 0

2702 0

1194 0

580 0

856 0

3301 0

2107 0

653 0

1881 0

72 0

3167 0

2051 0

1086 0

837 0

1158 0

417 0

368 0

2235 0

1395 0

1205 0

1136 0

685 0

538 0

884 0

3199 0

3108 0

3095 0

1424 0

372 0

3212 0

889 0

589 0

3288 0

2835 0

2007 0

1201 0

396 0

2053 0

1157 0

1995 0

1533 0

3040 0

433 0

243 0

2114 0

2021 0

1934 0

350 0

902 0

839 0

377 0

2727 0

2135 0

491 0

101 0

2493 0

1090 0

1028 0

2925 0

2771 0

1212 0

95 0

3259 0

1288 0

805 0

3231 0

2064 0

321 0

2892 0

2134 0

1312 0

3253 0

2934 0

1297 0

2160 0

953 0

880 0

2884 0

2382 0

2352 0

2153 0

1488 0

330 0

2997 0

2378 0

2163 0

1923 0

1172 0

2975 0

2548 0

2071 0

1866 0

827 0

2647 0

1310 0

2595 0

2413 0

1543 0

1125 0

1071 0

982 0

3110 0

2392 0

2353 0

2280 0

2689 0

2677 0

1359 0

855 0

268 0

37 0

2986 0

2711 0

2639 0

1992 0

987 0

846 0

415 0

2896 0

1966 0

1682 0

481 0

301 0

2347 0

1352 0

1267 0

784 0

271 0

3320 0

980 0

3298 0

2227 0

1877 0

439 0

3001 0

2181 0

1364 0

763 0

3146 0

2150 0

1953 0

1555 0

1464 0

761 0

3207 0

2059 0

1771 0

1677 0

1559 0

1063 0

397 0

420 0

2716 0

2320 0

2199 0

1532 0

1394 0

724 0

354 0

2735 0

1837 0

1107 0

797 0

306 0

2189 0

1971 0

802 0

3218 0

2130 0

1813 0

1591 0

1016 0

121 0

2294 0

1626 0

488 0

3175 0

1904 0

460 0

3210 0

2996 0

1913 0

1358 0

1068 0

909 0

638 0

119 0

3092 0

2424 0

2385 0

1844 0

483 0

422 0

2623 0

2518 0

616 0

2247 0

1328 0

317 0

3059 0

1034 0

251 0

3006 0

342 0

3080 0

1696 0

1621 0

1430 0

923 0

857 0

632 0

518 0

3112 0

2508 0

1585 0

1138 0

2599 0

2175 0

1736 0

1554 0

1077 0

2770 0

1841 0

1260 0

1252 0

1208 0

1072 0

389 0

2411 0

2404 0

2356 0

1713 0

937 0

936 0

116 0

3211 0

1783 0

1306 0

1004 0

568 0

3302 0

2645 0

2600 0

2526 0

1385 0

762 0

594 0

175 0

2766 0

2664 0

1746 0

1437 0

1362 0

1051 0

569 0

316 0

47 0

3098 0

2972 0

2894 0

2880 0

2466 0

1849 0

1536 0

716 0

75 0

2478 0

1596 0

1390 0

645 0

293 0

3057 0

2797 0

2627 0

2420 0

1698 0

1571 0

1449 0

1418 0

405 0

3300 0

2722 0

2391 0

2099 0

651 0

1568 0

1141 0

512 0

207 0

2629 0

2419 0

2183 0

1769 0

1189 0

876 0

535 0

2922 0

311 0

3083 0

2752 0

2690 0

1883 0

1451 0

845 0

3316 0

2323 0

2028 0

1256 0

682 0

126 0

3333 0

3264 0

2900 0

2084 0

1602 0

783 0

3124 0

2346 0

1792 0

1145 0

619 0

608 0

373 0

170 0

11 0

3111 0

2575 0

2143 0

1743 0

1042 0

746 0

687 0

654 0

482 0

1588 0

949 0

201 0

3196 0

3064 0

2568 0

1024 0

821 0

3265 0

2800 0

2754 0

2266 0

1823 0

1535 0

336 0

3109 0

2768 0

1583 0

1078 0

1017 0

586 0

553 0

436 0

349 0

3274 0

1373 0

1014 0

540 0

3224 0

2872 0

2840 0

2239 0

1598 0

505 0

2805 0

1103 0

1054 0

808 0

303 0

240 0

146 0

3003 0

2396 0

2151 0

2058 0

2016 0

1820 0

1281 0

1001 0

912 0

358 0

107 0

2571 0

2514 0

2414 0

1374 0

1184 0

1139 0

1049 0

1048 0

883 0

359 0

3189 0

2193 0

2089 0

1565 0

1361 0

1291 0

1121 0

711 0

648 0

624 0

401 0

3290 0

2426 0

2363 0

2057 0

1353 0

1152 0

917 0

891 0

532 0

3200 0

2767 0

2159 0

2136 0

2120 0

1876 0

1839 0

2715 0

2463 0

1516 0

913 0

74 0

2818 0

2780 0

2649 0

2515 0

2447 0

2429 0

2412 0

2367 0

2148 0

1692 0

1575 0

922 0

612 0

296 0

2680 0

2365 0

1435 0

1122 0

896 0

714 0

410 0

3330 0

3072 0

2784 0

2176 0

1898 0

1727 0

1620 0

1284 0

1008 0

675 0

3024 0

1636 0

1447 0

3074 0

2394 0

2184 0

1887 0

1686 0

872 0

3228 0

2078 0

2075 0

1624 0

1092 0

3340 0

2531 0

2375 0

1639 0

1607 0

1592 0

513 0

3084 0

1648 0

13 0

3142 0

1803 0

1608 0

995 0

2457 0

1786 0

1751 0

961 0

3032 0

823 0

803 0

225 0

3056 0

2987 0

2776 0

2490 0

2439 0

2380 0

2179 0

2067 0

2502 0

1929 0

1867 0

1831 0

979 0

186 0

3141 0

2908 0

2317 0

1702 0

1586 0

710 0

3329 0

2949 0

2833 0

2693 0

2194 0

2110 0

1367 0

975 0

2712 0

2539 0

2503 0

1897 0

737 0

722 0

227 0

120 0

2743 0

2578 0

2104 0

1650 0

976 0

258 0

2836 0

2581 0

2554 0

2469 0

2072 0

1460 0

990 0

882 0

521 0

351 0

115 0

2544 0

1970 0

1159 0

1098 0

948 0

3236 0

2131 0

1986 0

1673 0

1137 0

561 0

527 0

143 0

64 0

3296 0

2897 0

2223 0

1721 0

500 0

129 0

2920 0

2757 0

2555 0

2550 0

2535 0

2297 0

1977 0

867 0

531 0

1251 0

764 0

279 0

97 0

2979 0

2853 0

2817 0

2327 0

2196 0

1476 0

731 0

431 0

2828 0

2721 0

2688 0

2219 0

2207 0

938 0

214 0

78 0

2789 0

2431 0

1773 0

539 0

412 0

3137 0

2794 0

1907 0

1905 0

1776 0

1587 0

1566 0

1546 0

288 0

1794 0

1444 0

1064 0

642 0

450 0

84 0

3126 0

1669 0

1569 0

1526 0

1426 0

1303 0

1234 0

3082 0

2869 0

2858 0

2609 0

1983 0

694 0

607 0

529 0

435 0

429 0

347 0

231 0

100 0

3008 0

2329 0

1235 0

462 0

352 0

88 0

3275 0

2882 0

2546 0

2423 0

2182 0

932 0

671 0

172 0

3048 0

2506 0

1699 0

507 0

2749 0

2263 0

2202 0

1715 0

1649 0

819 0

92 0

3165 0

3019 0

2473 0

816 0

668 0

320 0

114 0

3347 0

3312 0

3035 0

2613 0

2308 0

2222 0

2178 0

598 0

269 0

255 0

177 0

3307 0

2781 0

2668 0

2540 0

2258 0

2251 0

2060 0

1570 0

1387 0

1144 0

276 0

3071 0

3050 0

2471 0

2000 0

1605 0

1269 0

1192 0

421 0

3242 0

3215 0

2849 0

2665 0

2197 0

1255 0

123 0

2620 0

2264 0

2036 0

1940 0

1407 0

1250 0

905 0

2246 0

1504 0

470 0

204 0

2995 0

2877 0

2257 0

2256 0

2225 0

1873 0

1805 0

1625 0

1529 0

1226 0

404 0

167 0

157 0

3125 0

2927 0

2801 0

2694 0

2577 0

2451 0

2312 0

2274 0

2171 0

1474 0

1383 0

400 0

2864 0

2434 0

1960 0

1922 0

1858 0

1678 0

1431 0

908 0

750 0

703 0

449 0

3283 0

3121 0

2832 0

2381 0

2337 0

1640 0

1563 0

1556 0

1106 0

1088 0

3331 0

3305 0

2242 0

2118 0

1741 0

1000 0

272 0

2415 0

2315 0

2277 0

1955 0

1615 0

1561 0

1414 0

1382 0

1033 0

983 0

663 0

367 0

3204 0

2936 0

1523 0

1466 0

1371 0

562 0

308 0

2831 0

2495 0

2384 0

1286 0

817 0

788 0

740 0

583 0

3028 0

2846 0

2806 0

2430 0

1833 0

1719 0

1142 0

2865 0

2821 0

2756 0

2642 0

2615 0

2592 0

2080 0

1174 0

1162 0

674 0

550 0

2815 0

2777 0

2748 0

2729 0

1737 0

1662 0

1345 0

1185 0

623 0

356 0

3318 0

3272 0

2662 0

1248 0

274 0

151 0

3325 0

3097 0

2746 0

2558 0

2470 0

2174 0

1974 0

1617 0

925 0

680 0

3154 0

2919 0

2697 0

2602 0

2012 0

1993 0

1891 0

1767 0

1630 0

1246 0

1143 0

602 0

270 0

2165 0

1572 0

363 0

345 0

3120 0

2904 0

1666 0

1438 0

406 0

2994 0

2672 0

1854 0

1795 0

1410 0

338 0

324 0

2923 0

2244 0

1985 0

1918 0

1848 0

1810 0

1781 0

182 0

3011 0

1814 0

1729 0

1688 0

1540 0

977 0

727 0

416 0

44 0

3 0

3223 0

2889 0

2164 0

1917 0

1478 0

1344 0

759 0

626 0

625 0

309 0

2891 0

2047 0

2009 0

1819 0

1165 0

1030 0

249 0

169 0

2983 0

1857 0

1853 0

1154 0

1118 0

864 0

748 0

477 0

118 0

2740 0

2618 0

2270 0

1722 0

1618 0

1590 0

1428 0

584 0

572 0

474 0

384 0

3273 0

1816 0

1325 0

969 0

865 0

292 0

52 0

3044 0

2681 0

2034 0

1821 0

1758 0

1634 0

732 0

506 0

46 0

2572 0

2288 0

2234 0

1457 0

901 0

861 0

295 0

2951 0

2328 0

1580 0

1334 0

1215 0

621 0

592 0

329 0

76 0

3186 0

2342 0

2295 0

1892 0

1865 0

1847 0

1638 0

1468 0

1302 0

999 0

712 0

3205 0

3094 0

1919 0

1483 0

361 0

289 0

4 0

3241 0

3119 0

3113 0

2663 0

2519 0

2303 0

1924 0

1723 0

780 0

206 0

2804 0

2494 0

2113 0

1647 0

1193 0

1161 0

1073 0

974 0

792 0

33 0

3030 0

2847 0

2475 0

2079 0

2048 0

1825 0

1322 0

1050 0

906 0

686 0

478 0

2918 0

2252 0

2210 0

1643 0

1402 0

1025 0

282 0

3029 0

2863 0

2750 0

1705 0

1225 0

931 0

371 0

159 0

2033 0

1697 0

1606 0

1584 0

1203 0

934 0

670 0

618 0

90 0

79 0

2701 0

2678 0

2201 0

1975 0

1354 0

850 0

3262 0

2594 0

2489 0

2369 0

2330 0

2214 0

2068 0

2013 0

1766 0

1218 0

1056 0

1018 0

610 0

571 0

1747 0

1221 0

1046 0

730 0

629 0

238 0

3171 0

2142 0

2112 0

2040 0

2026 0

1920 0

1763 0

1553 0

1517 0

1432 0

1411 0

1198 0

473 0

139 0

15 0

2710 0

2169 0

1830 0

1514 0

1060 0

576 0

280 0

228 0

124 0

3304 0

3216 0

3143 0

3105 0

2785 0

2589 0

2300 0

2283 0

1979 0

443 0

3106 0

2946 0

2634 0

2155 0

2152 0

2073 0

1899 0

1765 0

1762 0

877 0

812 0

131 0

2764 0

1573 0

954 0

930 0

552 0

432 0

3328 0

3198 0

2580 0

1959 0

1916 0

1689 0

1487 0

1404 0

3131 0

3062 0

3023 0

2655 0

2517 0

1760 0

1391 0

1089 0

887 0

635 0

601 0

335 0

3037 0

2981 0

2336 0

2261 0

1744 0

1658 0

1337 0

515 0

423 0

2683 0

2640 0

2510 0

2448 0

1790 0

1789 0

1785 0

734 0

510 0

2738 0

2556 0

2313 0

2212 0

1191 0

997 0

801 0

768 0

767 0

2296 0

1733 0

678 0

604 0

224 0

43 0

3069 0

3014 0

2852 0

2774 0

2760 0

2137 0

2132 0

2032 0

1980 0

1780 0

1458 0

765 0

615 0

290 0

3123 0

3045 0

2543 0

2018 0

1679 0

1324 0

1283 0

984 0

2859 0

1333 0

1280 0

868 0

822 0

461 0

294 0

2837 0

2826 0

2545 0

585 0

331 0

36 0

3341 0

2866 0

2674 0

2625 0

2604 0

2534 0

2459 0

2409 0

2054 0

2024 0

791 0

304 0

3310 0

1990 0

1902 0

1645 0

1317 0

1181 0

738 0

209 0

3225 0

3170 0

2973 0

2860 0

2374 0

1811 0

1755 0

1547 0

713 0

688 0

570 0

199 0

48 0

2488 0

2276 0

2188 0

1818 0

1627 0

541 0

22 0

3213 0

3004 0

2976 0

2929 0

1956 0

1635 0

1347 0

1219 0

2988 0

2755 0

2141 0

1416 0

1180 0

1020 0

952 0

811 0

735 0

168 0

2810 0

2717 0

1791 0

1777 0

1609 0

1265 0

1132 0

426 0

147 0

3036 0

2843 0

2813 0

2761 0

2119 0

1946 0

1788 0

1171 0

1002 0

549 0

187 0

2610 0

2527 0

2444 0

2341 0

2322 0

2208 0

1304 0

1290 0

1228 0

842 0

786 0

669 0

391 0

319 0

281 0

3284 0

3251 0

3245 0

3156 0

2874 0

2790 0

2769 0

2001 0

1475 0

1370 0

284 0

2661 0

2582 0

2088 0

1655 0

1495 0

1386 0

312 0

34 0

3315 0

3133 0

2703 0

2587 0

2368 0

2334 0

2140 0

943 0

886 0

769 0

493 0

267 0

148 0

3166 0

2966 0

2909 0

2787 0

2657 0

2316 0

2076 0

1926 0

1900 0

1798 0

1261 0

334 0

2758 0

2699 0

2653 0

2650 0

2485 0

2250 0

2228 0

2220 0

2002 0

1668 0

1552 0

992 0

832 0

3183 0

2933 0

2319 0

2318 0

2022 0

1885 0

1836 0

1674 0

1417 0

1268 0

1236 0

1155 0

3269 0

2231 0

2211 0

1690 0

1342 0

1321 0

804 0

700 0

659 0

637 0

3349 0

2856 0

2538 0

2436 0

2180 0

2126 0

1906 0

1589 0

1110 0

760 0

165 0

3289 0

3007 0

2679 0

2605 0

2561 0

2362 0

955 0

428 0

260 0

3313 0

3252 0

3184 0

3179 0

2632 0

1787 0

935 0

611 0

217 0

63 0

2145 0

1731 0

1726 0

1052 0

849 0

266 0

2482 0

1348 0

1120 0

1053 0

964 0

815 0

409 0

376 0

257 0

2619 0

2361 0

1951 0

1864 0

1840 0

1557 0

1421 0

1149 0

188 0

2686 0

2666 0

2637 0

2564 0

2549 0

2358 0

1778 0

1582 0

466 0

337 0

213 0

3078 0

2899 0

2123 0

2035 0

1882 0

1477 0

163 0

2978 0

2921 0

2914 0

2825 0

2305 0

2087 0

1714 0

1687 0

926 0

793 0

2883 0

2778 0

2753 0

2698 0

2588 0

2586 0

2389 0

2170 0

1957 0

1389 0

1369 0

1197 0

1151 0

509 0

455 0

262 0

253 0

3342 0

3022 0

2029 0

1739 0

1216 0

1170 0

1127 0

755 0

339 0

3327 0

2138 0

1835 0

1824 0

1562 0

1270 0

1183 0

1175 0

1099 0

617 0

360 0

158 0

3266 0

3185 0

2957 0

2456 0

1939 0

1240 0

993 0

679 0

566 0

546 0

362 0

153 0

2998 0

2616 0

2422 0

2272 0

1801 0

1190 0

1070 0

1043 0

998 0

996 0

557 0

487 0

278 0

259 0

77 0

3285 0

2796 0

2437 0

2102 0

2070 0

2056 0

1952 0

1341 0

945 0

495 0

194 0

113 0

2959 0

2848 0

2725 0

2652 0

2355 0

2065 0

1393 0

1372 0

963 0

708 0

652 0

212 0

42 0

1 0

3348 0

3152 0

3118 0

2417 0

2401 0

2050 0

1772 0

1308 0

1021 0

874 0

709 0

574 0

196 0

193 0

180 0

12 0

2824 0

2116 0

1962 0

1709 0

1549 0

860 0

809 0

676 0

630 0

9 0

2830 0

2462 0

2372 0

2254 0

2205 0

1579 0

1548 0

1502 0

1448 0

1102 0

1036 0

752 0

660 0

587 0

2450 0

2408 0

2209 0

2052 0

1505 0

1338 0

633 0

174 0

19 0

3042 0

2584 0

2528 0

2492 0

2186 0

1757 0

1711 0

1242 0

1199 0

968 0

852 0

197 0

2505 0

1600 0

1214 0

1023 0

545 0

