97
718 22
62835 55585 72224 15628 44990 65122 23736 6147 11288 50983 18882 18196 4638 81603 28971 5077 60852 26526 25029 56292 30835 3355 
506 22
70816 18757 41406 9029 81053 85714 14622 10704 85053 65394 43333 94667 47438 66067 20072 36138 17502 71026 41945 7324 91112 20462 
1437 22
20711 76948 81165 30482 26596 10486 41042 67911 56957 67604 3643 5917 36582 69416 82426 61793 53448 88196 95502 22732 31728 82813 
1436 22
35553 10816 40347 2537 81861 40835 64380 96599 51506 99385 25367 21195 40322 50226 90870 28899 21562 21137 38209 51721 46607 11241 
5197 21
51724 7118 58811 81196 22115 41653 2623 12318 88773 69548 5357 79950 77757 25552 64409 79830 80263 6636 23836 21410 13218 
1193 22
7277 46703 16903 95178 87230 71727 61718 22091 19570 38058 86085 78621 66201 43496 39208 7028 64429 61801 90498 85836 64124 53663 
283 22
72235 54843 11139 57102 53122 99081 79079 38345 55706 89556 54762 7687 60970 45025 82680 52925 4611 7352 65919 86710 28258 77035 
5748 21
9758 65102 45579 2087 33695 52480 73403 80136 10758 15484 4176 81745 64706 21822 11654 35323 3604 4077 27556 88660 42317 
6011 20
32466 55268 93584 9812 70232 95808 20740 52727 3393 19712 32273 34025 80044 29400 55489 86839 78124 27259 48593 61278 
2679 21
18427 93470 35212 97800 86937 61949 75697 4214 7630 91441 40677 11975 1427 65961 69735 23940 28122 23032 7543 86155 61650 
2184 20
40972 46282 89196 1874 83281 3422 43335 29021 27855 52158 65340 32867 65661 33163 23570 56447 28642 16753 67981 46549 
11365 17
83450 78832 23904 43432 63857 13781 17495 69540 31986 48192 44160 5717 82297 1238 15818 55648 5680 
8924 19
18367 65087 1049 36287 10446 16470 86362 88231 44176 74215 45378 62616 76335 63973 98862 52657 25883 86868 22006 
129 19
85508 58218 98435 7368 28924 1275 8429 7265 97564 79057 95238 56659 261 60823 8136 67184 20076 83556 98029 
9664 18
98050 25954 3472 61289 65596 50636 59784 98617 56135 84168 47185 97976 7051 71803 32828 62525 95540 60475 
7182 15
44910 55649 66376 94472 92309 34324 92386 92775 83705 75841 35195 13640 90871 19746 58281 
10409 16
68647 17222 70279 30176 5925 32914 42756 36068 85288 79024 24570 54523 24877 97544 76685 34599 
3752 17
98084 97031 61283 67182 60510 82623 98195 80650 70855 47656 74645 78830 59003 4417 54812 82087 37657 
2161 16
72683 52233 59798 72945 36113 64168 54805 9445 17414 32827 29881 2866 63043 70104 51659 72288 
574 15
69158 71671 22833 66035 47340 78979 73732 77215 11955 61690 11104 18935 34251 69836 34825 
1692 13
28381 6381 22099 39164 8267 15499 41692 56188 13932 72545 7182 62536 58482 
1330 14
28588 79040 4002 2172 38803 75691 90935 61487 88924 50043 31335 38819 34372 58946 
697 11
24982 36199 95005 16969 24795 83905 92517 12563 23354 83103 8934 
3772 17
47499 39314 58213 13614 48732 77755 29603 59725 96569 50201 95764 97731 43632 81383 25654 21782 75907 
4718 15
77973 7328 73372 22096 63709 49804 30187 31419 62080 78212 47625 43140 15949 75621 48962 
7298 14
32931 64729 40501 60763 11 49174 58470 84580 15193 73118 34086 13162 41391 3601 
2968 11
72650 55886 24952 72694 44874 52860 61396 42290 53547 12679 38573 
10352 11
99335 11395 40571 14148 65627 42019 57092 95801 13235 12878 86356 
529 10
40924 45457 44165 19786 6564 11637 90141 50877 81670 60918 
9342 9
80776 63419 7534 61009 11072 26308 44235 4942 32876 
5636 10
1276 16755 42632 84955 94524 73986 97310 49081 40636 28904 
5014 7
55049 78989 17017 48000 50569 14200 44263 
3910 8
66980 83819 67084 96550 28157 1423 25824 99905 
9087 8
42525 92991 60030 85156 28622 95869 73611 52490 
1221 9
73555 56391 61392 30487 77206 62039 3513 28491 63628 
608 6
77246 60234 78971 78146 63595 98897 
5810 7
89759 37388 49537 88201 46691 16114 89297 
3555 5
15017 15549 56700 16235 49242 
9143 7
31237 4180 64206 42868 26307 7741 58730 
206 5
2645 86518 6562 90096 74088 
9594 5
19630 25851 60016 31164 98830 
11296 5
49592 30192 1217 6514 59189 
7228 5
19429 21045 40066 38539 20863 
523 4
39212 1898 88149 93697 
10342 5
68275 7446 69831 33088 86718 
10080 4
44547 11618 53532 85685 
11311 2
16155 53743 
7132 4
71336 3264 29890 69574 
10856 1
40862 
10938 0

10689 0

9872 0

4833 0

3601 0

1160 1
51661 
11332 0

11214 0

11126 0

10919 1
57839 
10892 1
9257 
10751 0

10658 0

10504 0

10492 1
28040 
10252 1
87711 
10165 0

10143 2
62341 31982 
10130 0

10111 0

9939 0

9887 1
36626 
9809 0

9751 0

9747 0

9675 1
96614 
9502 0

9409 0

9381 0

9296 0

9032 0

8885 0

8685 0

8584 0

8506 1
29068 
8383 1
87359 
8316 0

7884 0

7823 0

7582 0

7546 0

7484 0

7442 0

7372 0

7262 0

7237 0

7055 0

6497 0

