57
2651 328
5464 43382 12978 9151 7956 2886 91421 25324 19183 25574 67627 3429 68672 51075 3871 39126 97180 5424 71189 81948 66199 12968 13904 70546 35210 83749 45840 19539 56240 20673 47746 21621 73677 11096 85163 91789 27145 89039 83407 9458 1989 46170 97973 27194 94143 55173 30437 68906 23915 63180 34212 57575 39111 72895 15240 64181 64501 42871 18730 32167 27220 73776 58399 4258 33432 49684 57323 19826 28828 28575 65735 52816 96252 34187 34041 85127 92963 52688 79077 82498 15174 3282 47740 49900 94626 34354 46866 77670 22759 88358 77803 85371 35042 32527 38723 41775 44452 90206 18091 57503 94377 98360 42308 31685 52856 23087 64752 37561 50410 39191 21888 89540 94429 85080 84121 82264 18541 59282 81025 36460 9722 31746 73680 49139 12120 8072 82434 71446 43344 37798 87751 98107 86638 75358 62675 68190 62476 71409 83342 9294 69503 55433 66016 8976 46813 40212 76390 69547 57727 71060 60805 40829 29971 41101 64129 61888 26792 35224 13112 72151 67129 76667 56008 71030 98462 51967 30351 40009 55644 97094 27710 29168 46389 20347 83399 5551 48565 80660 483 42847 1290 61414 7694 11322 8188 18622 42754 76091 80795 10737 82564 22520 11802 3783 13305 71703 22349 8027 2547 5221 22740 73753 89288 4176 16491 20980 80041 10866 92060 83439 86197 13344 64231 39078 8475 18762 29638 35471 68713 3573 35024 60808 86485 59306 71053 71353 2484 49159 52895 39255 15585 21734 70149 86671 65242 59775 40543 61787 67231 54726 51067 15943 83513 69825 86723 17248 39634 70557 75277 89470 6912 66512 1648 32218 22220 17167 37284 75564 52801 6950 82830 29884 34404 52818 90629 35285 29975 7184 18093 52202 20568 48838 63707 33468 61977 40664 37381 88332 23302 50885 55910 97382 73698 68199 31121 75906 81855 8752 80135 3392 5326 80961 11273 10284 2069 28037 40909 60152 68846 69924 20801 43169 27895 77646 83669 34125 43990 75871 64611 47317 80989 89280 58268 2372 24112 73656 5297 87694 44993 97405 47166 62292 39106 97992 6800 54468 3618 84979 
255 196
63994 25794 36801 62568 28330 16930 35628 596 44528 31319 62322 57476 67362 33113 74404 86890 40757 76516 17434 45553 15269 38878 78631 90210 1503 33015 21109 79701 63408 13391 8154 2878 61531 21642 21197 6985 97121 15708 50245 74916 63381 53145 11107 75950 71351 83748 23973 60641 14588 76139 99650 95006 11427 1896 19835 54411 4960 69037 57338 61691 56828 29606 69943 95022 76338 6259 30116 1842 33838 15580 89413 52787 1794 61817 96342 16605 84734 11870 7923 74536 37722 3437 92113 88210 74380 21938 67490 98284 56236 46384 34077 87343 27240 94985 130 22063 28191 82042 19491 76862 80278 71921 20560 26300 52254 76720 76385 68456 57219 80947 20128 41756 92357 76639 75225 52898 34173 24830 69297 60803 60458 8729 28505 92559 76043 39841 36560 65724 684 6012 8973 67593 74714 76852 35767 2109 52167 18067 99346 64079 75491 43099 48021 94456 94643 97229 87067 65598 94618 77200 64555 46700 76802 2315 46077 30770 50556 17640 68958 93587 83004 32903 79804 3684 59293 3885 41773 83963 75779 38751 16365 484 25874 41356 14940 18342 67662 37063 50433 1233 81615 6885 31666 22947 87719 15338 44577 26730 76981 96387 97945 98585 35185 27430 51626 13910 
2676 109
71485 41387 48286 42155 7960 18603 14735 33813 81112 5122 24945 8883 26868 82437 96526 25010 70057 35992 32236 18791 37964 29294 48493 35704 68357 71155 55126 11254 99883 42273 56962 48685 27904 7241 50167 12820 20135 49449 46265 20272 68729 23510 8445 18635 39965 64981 83926 39811 81241 96453 25928 50793 23580 67333 29636 5520 53314 79169 92115 64635 72771 98786 79908 87862 29574 11755 13627 29046 14116 41035 713 46774 16659 92576 86751 93337 19122 98485 88248 143 32452 2449 57322 52522 41994 87092 75188 55192 74680 98784 95711 15892 16546 28656 13924 47560 2909 99390 19504 75590 8116 30419 73888 5981 92017 89678 64367 70023 79661 
73 60
1700 20255 66484 5931 47846 98261 96194 72572 66377 73758 50327 3493 41461 55394 99338 91331 79132 92973 87872 40786 50607 45977 99352 78221 16749 90024 81040 83953 49232 95898 33135 13193 93257 77486 77643 17803 4220 32335 58552 57605 49558 59351 13400 41844 69319 12354 31124 38162 86534 39069 85920 1876 79250 95752 94291 37157 31495 96122 7316 58097 
1531 22
10020 64100 66980 84682 59710 4391 77144 64361 74194 33876 67092 70284 25810 92943 13834 78617 26627 64783 22402 87979 79495 91989 
1868 13
9468 43391 64362 22513 37666 63102 53045 66675 99745 7173 80303 8122 61552 
907 0

2045 1
92238 
1024 0

2838 0

1621 0

2064 0

2654 0

1645 0

1056 0

2052 0

370 0

2772 0

2151 0

2557 0

1572 0

1449 0

969 0

1073 0

603 0

185 0

2573 0

2175 0

2160 0

2250 0

1756 0

1451 0

1220 0

182 0

2962 0

1943 0

923 0

285 0

745 0

2814 0

2526 0

1471 0

436 0

2620 0

1422 0

824 0

2350 0

2334 0

232 0

3040 0

2443 0

1698 0

1182 0

938 0

815 0

474 0

391 0

