40
6684 124
88360 75597 21190 23162 89538 65898 44790 3266 5949 71583 17610 87501 13243 40360 37446 91865 40870 45276 34945 39876 99179 62634 43024 81473 95619 51504 82401 83432 63445 36989 53393 19730 33206 8458 65891 30130 9608 53273 7041 38969 67502 52979 64346 31552 81760 55163 51468 98466 46809 15506 49804 65469 86651 24412 20766 7958 79083 95478 51990 3786 27745 26580 20287 43466 5769 89064 27715 96390 30161 73791 1378 28265 6690 87537 91398 31682 82628 71322 22113 59781 32065 54740 44017 37167 46863 48195 66388 25168 95368 53300 11880 56591 79315 84001 6135 91867 71263 50723 85590 4505 55983 79984 92318 62044 11118 54393 88572 2150 44823 55062 60393 86499 69903 92302 86324 29499 5427 10589 30869 29220 46667 51404 88098 52596 
7980 108
84264 30782 85512 1880 4640 14868 78373 63281 34952 59542 58309 82810 45149 74796 97032 84262 79296 63198 59141 46839 22740 73804 82167 54855 23844 8375 72154 36653 74118 70362 31893 35509 55126 46463 82230 1943 78153 9528 31734 42881 80247 5423 40932 62366 29938 74979 38565 85679 32565 25305 78560 89962 16987 95540 95507 40552 44360 56810 32831 42412 51080 62027 17533 35542 17195 1308 6643 97958 49863 67520 55903 17732 92332 77069 1115 21105 73425 19850 24244 43090 44133 19802 72830 56147 56627 58783 53941 12513 75753 98907 63653 74527 74726 13310 8425 84214 23461 71473 36539 67560 88513 38693 35042 78210 16580 46284 30827 53008 
2644 82
28828 55026 10292 89359 10612 76536 17260 96659 70111 54867 41529 73404 67259 47319 68534 5099 7292 78813 92435 27755 66382 32447 29771 96399 59633 28029 57501 3700 57453 58978 54539 45040 80506 93676 4809 35943 26613 45246 95655 2625 58652 86501 14924 77128 96506 40713 19587 68172 15642 70775 50285 7459 9377 81073 27330 97035 79291 36351 81080 39964 41250 68383 85457 23087 64891 90834 69612 96109 97421 48004 50309 33844 21136 58784 22141 87070 65769 68752 82646 25472 71302 32062 
2399 66
55879 82412 71943 19203 24915 93795 50738 17826 80163 54184 81971 68082 39581 86158 89304 39554 1924 94022 68679 325 65383 8640 1621 50855 18694 99636 68289 33216 97611 56657 64464 51190 41200 74478 91429 21902 48039 57942 18066 38156 58648 89438 95065 17039 38209 38027 48658 50898 54448 25993 51905 97773 5010 17725 42489 59051 76456 88996 56789 9048 77270 70378 59953 17774 40200 58681 
490 53
96295 25444 67598 26810 78315 54456 85606 48169 55335 53324 78915 79319 66535 18042 36717 99916 51928 83344 38180 24136 51109 72318 20254 88428 57717 82215 49130 58828 7986 25930 76537 72142 32539 32629 36941 50746 69038 64200 41276 87244 51536 59460 18887 48593 84890 49253 16719 80775 86232 86627 96042 77146 25844 
6989 37
29347 95291 66260 57727 83400 10073 95347 62939 2202 31497 86530 84684 12277 31620 13306 40207 50547 97982 18850 30222 59194 57124 32490 33739 61903 69211 70309 90580 9775 88965 38117 27799 14274 57333 73693 28729 77746 
1918 34
12089 47991 55653 73934 59350 74586 25115 72933 79549 28523 13681 15953 66308 30442 74721 52986 83206 2655 86912 92434 79909 46050 17838 26167 38722 366 39882 53815 57760 4918 10299 75536 51668 56167 
4574 23
84916 54697 33088 2352 88203 13127 90743 57688 57019 10881 43257 54662 93393 31292 82391 56375 16505 56600 61874 1344 37432 8706 59600 
2434 13
12520 84770 98930 51015 45034 46745 69960 31427 27248 6339 46492 38852 61836 
1872 11
28793 57997 91703 3565 14564 41034 98920 19741 65565 1071 72579 
4255 8
59893 64993 48583 65274 4714 96654 82665 50254 
205 3
17294 41522 61061 
5882 0

4206 1
52028 
1048 0

6316 0

6287 0

4678 0

2467 0

1403 0

321 0

255 0

7221 0

6503 0

6440 0

6105 0

5676 0

5475 0

5430 0

5333 0

5040 0

4254 0

3232 0

2930 0

2406 0

2315 0

2074 0

1819 0

1492 0

772 0

