91
2499 38
88611 67293 36507 81239 15291 74771 98996 38701 4258 42911 29707 69162 62963 39240 4956 45152 17090 60870 75743 59526 56920 6878 10303 86457 11835 35535 60617 84917 3238 47087 55188 75999 46379 86895 4742 73203 90413 85780 
2909 37
2705 55800 7888 23110 28677 49673 139 88997 36759 59248 89420 98288 17635 21082 38954 37816 57594 98678 99948 46256 62842 59827 84509 45024 6248 23599 72156 34590 96750 49768 64643 1608 41437 33608 58502 64109 21187 
5068 37
5737 14300 90049 786 352 65685 5112 68858 84513 54684 60137 29445 14624 23160 80485 18049 14013 17027 67714 84715 63199 54829 77867 41583 71951 65778 77263 26457 36348 31652 44732 73854 95982 50198 36406 15995 81603 
1487 36
62546 11219 51124 91974 61041 5987 49968 30507 59811 86893 76149 87764 7042 35879 97903 92649 98834 95394 76008 62795 5048 86755 24095 5169 37601 41700 67972 98498 3226 27154 10398 49703 2243 66480 3569 99496 
2183 34
30508 16102 97897 32198 95300 71667 4724 24833 68051 67411 79189 30148 66231 2151 83092 87105 70312 64126 74862 32912 51893 36324 37424 12241 10328 24016 91103 59161 11409 45763 7716 92568 22007 39829 
4930 34
47148 44471 96740 56780 22137 35042 33318 16898 92995 4793 45370 17210 66245 9872 1827 585 1326 36246 8190 36467 2246 12590 65639 69306 7847 32174 81387 83745 11640 79964 48712 50850 53086 16174 
7297 33
40249 41532 17671 99184 33339 57079 21463 25508 60833 31237 66108 86293 31673 70349 62212 44004 38992 2433 33169 98027 12242 69204 97281 84075 99652 5803 82463 74168 69458 91903 99125 96793 93915 
1303 33
18958 88444 75132 68365 57756 59738 36320 58384 60041 27885 81765 30875 59298 66807 34648 20070 11724 80940 45457 21912 44585 66836 87211 88730 23831 78268 21911 33015 58151 19090 49135 86905 3481 
7866 32
5863 20521 22134 29217 28899 38707 99987 53047 78595 78513 18682 59346 10593 88951 68192 16633 91849 62670 83642 5626 33054 73717 67420 62429 11231 826 50856 86717 87787 39407 43580 82977 
53 31
96593 58213 39999 27284 33918 89564 72188 37223 75907 36298 67679 26633 19104 49211 93393 38848 31158 52119 64392 73872 24730 3315 99016 48046 33995 22267 89694 32127 29468 62116 82019 
1020 28
41109 79231 89301 33948 37389 14078 56056 59160 1220 19848 9023 76334 9163 77052 689 12191 91245 80330 53861 79888 68702 64774 25194 9306 3468 73312 58418 30670 
1760 26
48317 21833 80818 98079 65002 78530 90411 56288 91742 34378 86512 17946 53142 31113 25632 24001 98859 20774 21251 68597 59572 49858 95389 77210 90069 62359 
937 26
20884 77969 4820 54756 62096 30149 75192 28844 81992 36680 75203 57393 43325 76984 40017 23025 94035 6343 49953 83284 70140 55028 59374 5247 38613 98119 
5027 24
38433 61718 85094 89203 12282 68964 49051 53892 16451 93347 65923 64937 46262 6889 22321 91694 67806 79127 79364 59086 12827 78897 82089 96927 
3964 23
39410 51943 9681 87002 77315 63717 70357 14059 65451 53202 74953 91447 414 43168 65376 37063 63560 9196 47767 5825 32668 71982 53677 
562 21
83253 82597 24962 60440 65110 79741 23086 8148 64822 73035 53554 32536 22640 52232 80077 95520 2494 19654 59255 63868 95809 
4221 23
55310 27934 52019 67989 17772 49031 90963 77362 13002 63660 47828 60627 41410 29002 10898 91833 35486 9452 4684 35779 6687 76266 91615 
1054 19
77427 25054 29267 78817 13895 11989 86715 27614 42455 2583 80265 13824 73989 57952 34530 58186 37789 14770 49823 
4441 17
85139 4575 22516 27306 78234 87507 48719 78165 86474 73496 99421 16871 20875 4873 29771 40022 94802 
6435 14
64223 63752 36383 79463 79457 28210 79951 12562 11563 38201 57959 76177 6388 93461 
776 19
11291 26506 46023 68373 98750 43841 19713 25090 38216 24835 91726 54618 62048 45166 80378 19376 18621 11243 10781 
1291 15
32841 79660 47658 54518 5620 15004 73362 3765 74091 59902 75520 45980 94753 99657 91215 
1431 16
89327 53403 3780 41683 86531 80420 97950 94616 5012 16105 19564 33025 2691 70407 91247 43655 
1290 17
68296 13282 71536 25609 20534 72013 44598 47242 16129 49425 34834 12022 62532 59189 45055 42216 81158 
444 13
99995 15332 70446 66478 1244 70067 66271 35860 23864 73446 90882 59330 83968 
195 17
59458 10990 88373 69442 88740 89316 521 58302 42895 9486 1015 19794 63780 97582 17895 68046 12619 
2041 12
67617 73287 89804 81324 52976 48669 4279 39438 25922 33815 59169 17416 
6180 12
18109 85526 5695 45936 28957 91039 99882 57279 20434 16087 28456 23184 
5078 10
71734 13914 48045 8510 95305 47484 7580 17950 80032 39470 
2300 9
80351 21716 42887 76336 24963 17687 50091 86644 28211 
1313 7
86817 58191 91932 61635 33594 27609 32399 
2478 8
49803 32491 72541 11076 86674 21471 47517 34351 
2388 6
67221 28792 14548 68492 21291 70343 
7322 4
27859 36279 19216 35782 
6286 7
66799 53380 73460 31493 99169 94040 60614 
5656 5
78772 14211 11792 3579 58790 
1795 3
19680 63444 48058 
4900 3
80721 21404 2586 
805 2
28356 84023 
1476 0

5935 0

5676 0

4849 0

3309 0

3068 1
9899 
1928 1
41631 
401 0

7830 0

7812 0

7744 0

7690 1
76137 
7540 0

7536 1
31393 
7534 1
84055 
7317 0

7307 1
95762 
7225 0

7215 2
16660 44957 
7113 0

7061 0

6985 0

6980 0

6972 0

6878 0

6832 1
7304 
6812 0

6653 0

6503 0

6493 0

6465 0

6380 0

6203 1
7146 
6103 0

6040 0

5849 0

5721 0

5684 0

5524 0

5487 0

5486 0

5473 0

5416 0

5095 0

4972 0

4935 0

4844 0

4730 1
45662 
4636 0

4635 0

4585 0

4358 0

