129
2747 188
68833 3635 43180 72606 55309 18322 30161 57059 47858 18158 31197 53845 2241 92725 59716 96151 7848 27490 71603 49238 77404 77116 52876 88844 40614 2125 26117 70486 89981 20177 56178 81223 20207 76208 68509 20625 9017 78518 27347 8019 16671 38022 22178 71672 60262 19559 87089 55173 86598 2635 59034 72109 43714 88839 96509 540 50208 87183 6119 17721 70932 19663 57404 72355 24508 91084 98472 79756 76264 84186 12192 32048 6183 309 69974 29135 35981 75793 10398 7234 92062 66370 92817 2384 28122 77083 99458 39185 61473 26477 20269 54802 2503 20257 71482 62514 61079 8380 60688 83564 69719 93272 82860 86108 68214 81110 84649 44689 42600 1178 83928 44312 48846 91961 25346 75157 76828 31885 86216 24463 2248 1487 66321 51906 17565 66402 90079 34880 601 17502 11842 54632 72459 18024 3343 98420 81457 74407 20571 65569 9591 52888 7980 59771 54261 50353 67900 35696 27124 84079 85601 56645 5858 19105 55919 24553 27247 4762 98151 35255 35529 87258 31402 7323 3568 22638 42178 23554 63343 80141 98535 11455 26168 29852 22757 89487 78246 63894 49409 78835 30040 9448 65740 56997 1336 63038 18674 794 
3786 147
34458 69188 52710 3655 87547 46674 23868 37634 79604 70439 25833 46794 57826 36132 47677 36010 62501 91702 20814 79159 41061 7270 14579 95525 82838 52113 43564 16999 88094 68373 80902 76234 6704 12016 13575 79510 61732 51882 31785 93725 74526 76406 73229 81122 19415 50081 77812 64495 702 71124 46649 28309 82964 64892 51084 36485 99481 49921 33664 24325 93914 92790 34750 74922 54678 52464 82355 66050 19805 84261 48720 3434 493 63889 86180 94790 9744 4683 75942 94078 79423 55242 69623 8351 12459 41133 58243 28460 45366 66477 87633 87024 48842 3692 97080 87845 8263 10464 71905 87030 19653 36615 41619 37943 20402 22592 21095 54273 17861 18444 95185 19689 59159 32822 86394 78113 1810 13567 41852 46975 10916 45758 14175 31082 89428 39081 37795 85962 21738 85760 13939 77409 76073 82214 58584 17405 76168 82318 53132 25247 97825 72455 48026 68337 70973 34764 91127 
2245 116
93362 71250 7763 18087 77090 91040 89894 18652 47305 28528 12010 5090 95190 21141 5166 69920 58434 54056 76911 79498 67554 34871 75941 23948 54883 21311 64314 70622 87732 70631 98112 22048 83692 20271 44694 19830 69147 20742 37461 49981 50356 57626 3515 89131 60598 17053 3465 13341 9842 11079 22388 32392 1220 86903 94276 82405 36408 3383 36857 67681 60784 42207 71449 22478 73955 68563 78811 23038 28149 2765 63683 23443 17436 75134 96978 95134 48203 24864 19725 97494 82730 53877 26826 71864 98947 62899 71813 56191 71799 96144 81871 66007 8818 50288 35164 6343 38814 51582 56585 37763 33964 15386 27200 48097 33806 55328 32430 70112 50285 38124 32237 56210 22106 15278 17631 92824 
2266 70
64752 31566 3019 36094 88626 75965 35990 58555 70504 32808 23312 37758 25089 10687 9081 26345 80906 92699 97978 35652 44092 22458 97342 22039 9892 85291 47020 80696 7769 97563 21750 13899 81079 57102 38766 42278 93280 29572 47431 31906 27356 4900 58035 34692 14477 62154 11560 2431 94002 52753 78308 12885 8578 48710 15436 69556 47361 64406 98419 34273 69644 30795 18434 93100 64669 48199 66691 6549 89317 9048 
2157 53
12640 29419 64482 96602 36831 52948 3316 11628 30616 63618 38393 80702 62595 24683 58360 51285 27362 79132 42721 68799 2920 52864 33741 34668 61016 74845 17576 774 52834 45030 77352 42408 37527 93281 26768 68800 62717 635 80042 62782 87627 25761 34968 5744 53118 39737 59178 22564 83268 32747 16347 93610 94936 
5192 34
89774 73876 10896 16931 69947 37902 77997 29645 6712 46513 43022 31208 45071 31771 99264 35265 83783 31054 94285 60740 39189 37368 42952 81295 96799 98452 9644 93351 91557 54569 46168 90606 45221 5785 
2774 24
16160 83753 96479 26312 39831 30212 19526 96952 84752 4660 76294 52614 10762 8903 99120 7359 12765 38534 5986 59948 58006 4734 78126 9041 
1957 15
52910 4976 63494 22987 60967 43490 3924 71043 69714 53563 73280 67415 28057 38221 41588 
1790 8
63048 24672 53670 39952 52355 60847 36438 85978 
193 5
5411 96283 48957 12879 98095 
3378 0

3706 2
19142 82042 
2193 0

1769 0

397 0

5261 0

4938 0

4301 0

3387 0

1766 0

1222 0

3677 0

3013 0

2143 0

872 0

4619 0

2598 0

2516 0

2263 0

4040 0

2403 0

2035 0

1930 0

1847 0

867 0

402 0

4408 0

3785 0

2646 0

2611 0

2033 0

1403 0

1205 0

949 0

4939 0

4848 0

4796 0

4760 0

3071 0

2818 0

2447 0

2281 0

1831 0

1210 0

322 0

5303 0

5087 0

4930 0

3664 0

3133 0

3015 0

2727 0

2703 0

2464 0

1841 0

1668 0

1367 0

1059 0

855 0

847 0

838 0

790 0

456 0

330 0

4480 0

4365 0

3906 0

3851 0

3834 0

3818 0

3642 0

3628 0

3610 0

3542 0

2821 0

2435 0

2125 0

1814 0

1795 0

1720 0

1412 0

1031 0

735 0

586 0

199 0

5316 0

5162 0

4810 0

4415 0

4393 0

4383 0

4237 0

4051 0

3822 0

3695 0

3425 0

3391 0

3248 0

2980 0

2789 0

2269 0

1135 0

1132 0

1080 0

691 0

674 0

658 0

562 0

127 0

4876 0

4809 0

4736 0

4418 0

4223 0

4169 0

4043 0

4002 0

3985 0

3883 0

