692
1731 10
56343 48560 38720 60890 12327 3419 45223 64471 95203 77576 
3436 10
36867 90958 81552 45819 45468 46185 94387 21970 58862 41751 
11844 9
3844 61737 2179 40663 37635 16988 59239 92908 27870 
1999 10
51236 61793 68379 53990 12165 70422 12736 3149 59190 28716 
6035 10
17256 48185 85665 77960 78121 85144 65852 71620 10901 33727 
5717 9
46223 33365 23827 34404 71190 828 29378 61661 37602 
4077 10
85611 61256 16310 48995 5035 42404 27019 7393 91196 78376 
16895 9
47242 56444 49002 16875 17972 6586 42424 59294 49391 
4955 10
80534 90295 82655 41881 11233 19194 9672 68643 12454 42531 
16207 9
51553 68558 53345 75001 32662 32577 40659 15962 3011 
21327 9
36305 52584 81031 29766 45433 54275 63452 12467 84030 
23336 9
15071 21053 2416 24639 11917 29467 9746 89027 77880 
546 10
28231 79977 33071 93319 68342 65352 8169 46136 92121 9060 
1246 9
47834 15283 15846 64923 72379 64607 64534 12040 91906 
3925 10
21491 15548 62627 54366 41002 16668 25684 79719 46889 90049 
6202 10
20031 57478 43415 19443 52789 41740 11183 27616 58607 63741 
25259 9
39497 11136 58970 86974 59336 95759 89764 32227 12059 
1730 9
5741 86396 56099 43951 72791 35677 48224 32532 5388 
5007 10
37299 33121 25136 67789 94996 7229 68974 77666 18026 81590 
13049 8
39273 38334 53316 63042 32354 3793 4398 19582 
13951 9
60815 24065 33569 84850 85153 82773 50815 95583 88249 
6128 9
43062 57144 75426 68769 18696 22672 22477 42998 58775 
12778 8
31663 32692 1192 68240 49765 26090 44162 49877 
28378 8
76032 51715 82387 64393 61241 41528 38974 19684 
259 9
69074 53068 26164 50198 45335 68540 80798 59120 35448 
7877 8
37289 6109 15193 10150 11639 63909 34419 87747 
7237 9
29185 55933 54895 63061 54958 27378 53850 53780 34578 
22475 9
88166 49579 85816 67995 23629 17707 4673 3610 68103 
1326 8
20476 5584 85566 16440 86322 44790 7944 11784 
7081 9
41064 57786 77018 13515 80823 49956 35377 62977 89454 
29155 9
81057 72610 80452 47975 15171 73550 84437 70115 21005 
160 9
18352 7367 8385 88064 35441 12706 66186 20844 32398 
1487 9
86641 23217 54583 55254 41305 31792 93918 42113 77378 
188 9
24370 90506 83776 89055 76180 13154 47830 37277 83924 
12952 8
84544 53509 89197 20703 81034 77400 76479 34703 
8809 8
69959 51873 76956 2177 18091 71502 22330 82448 
13963 8
29348 16141 70704 17820 11704 68371 52751 77797 
20648 7
83261 28344 25868 23152 92428 12807 65202 
7410 8
90885 39697 5241 9232 70118 89511 92384 1071 
5685 8
51344 52694 96603 94908 78771 46820 94793 96260 
2084 9
87144 54707 84979 87839 10206 16140 73735 31393 82396 
27940 8
21242 76649 95793 45630 4760 68649 60903 25571 
14664 8
41340 78283 53284 3251 18561 36640 55544 72200 
7123 7
80871 7759 81980 50042 74372 49832 95177 
4798 7
31441 42821 53804 19460 66960 22490 3641 
16863 7
45744 69096 71838 65094 21078 44752 32100 
17786 8
86099 94060 69825 70980 16104 44414 27638 89518 
27049 7
2838 32648 42950 34094 73507 66451 20006 
7045 8
78123 58286 13272 71071 79080 44720 79572 58243 
14535 7
44234 75757 42572 47915 29454 93076 5798 
772 8
49476 35470 93290 84866 71154 58158 65651 16360 
10370 8
96552 89245 42957 30533 84560 4142 32429 84577 
6790 7
16257 8513 30043 15752 84466 62000 19646 
576 8
76142 75164 29471 60423 41616 93871 24390 46128 
2625 8
18248 93128 76177 642 52043 12531 25669 62091 
4294 9
55543 39468 13703 67708 29063 57587 24904 36175 25910 
16946 8
54658 89784 94224 37054 89758 2827 63883 13157 
5835 9
54261 90493 15145 21343 48843 48373 77282 85735 11734 
6561 8
52900 95887 71288 6798 69459 24323 27639 78791 
17005 6
44749 52531 25938 28226 86566 53730 
20679 7
1400 79159 82426 56430 56425 72463 89727 
25898 7
62604 87357 18401 25378 58608 1415 39359 
16938 7
21918 87548 49890 88949 39545 86838 73374 
5881 6
5867 51327 9708 95358 64216 10274 
11369 7
9713 53033 60389 70989 78708 44646 43052 
14843 6
86030 74586 65644 12587 77446 76275 
6745 7
25334 17250 70959 89667 62370 56904 20586 
821 7
54599 19739 64650 92860 7967 18467 1639 
19243 8
77411 38546 90380 54739 5329 53560 46578 86304 
6499 5
4984 84819 62252 35439 91901 
25631 8
88708 95285 66057 52299 74733 10414 64029 46496 
19237 5
54862 69597 69383 84119 44433 
24467 5
66736 28260 43732 17338 68121 
7924 6
51703 40869 65 95267 14048 71906 
21572 5
73205 94521 37011 57828 73313 
4558 7
57688 51520 43504 59314 31546 72780 25187 
217 8
21405 52265 93235 56536 78524 47003 25873 42739 
28564 5
64683 88784 30789 3484 78068 
10079 4
68995 92440 90387 49407 
24453 5
85900 41524 6777 65613 56750 
21625 3
32070 36992 58486 
6453 6
82970 65797 47101 62186 19023 42012 
2241 5
43342 69301 5750 43862 92847 
2021 4
73578 12203 29818 73474 
27240 4
48050 27146 86466 28388 
14305 4
1016 42100 22146 22278 
20040 5
10773 2963 94250 83456 58710 
20863 6
39602 35777 88864 65795 55606 65660 
6380 7
79146 94382 63318 8734 86280 92778 41672 
28643 4
45443 95214 46632 57625 
28332 3
66991 83031 14974 
13563 3
90419 41983 91265 
3598 5
23407 62359 57414 72486 13255 
1652 4
36824 58429 19320 81223 
28837 5
20509 84393 263 52954 89053 
11921 4
9681 62905 6729 40592 
16769 4
6932 4353 19093 61768 
6325 5
20278 62163 45458 11944 53469 
26319 3
40640 82041 68866 
2622 4
14622 11117 4658 18869 
2417 4
4567 8034 18797 62134 
17907 3
30538 83475 6567 
15277 5
11416 63320 33717 3537 91685 
15066 4
53315 78754 87951 17076 
28717 3
13105 41453 10340 
27222 3
77593 26077 57209 
21927 2
53672 48081 
20413 2
19117 15229 
8455 1
70193 
5579 0

4268 1
80600 
29261 2
35744 22566 
29226 1
65982 
29202 0

29190 0

29187 1
89841 
29126 1
919 
29124 1
88715 
29114 0

29111 1
26557 
29073 2
39689 70175 
29006 0

28974 0

28960 1
24090 
28929 1
58037 
28901 1
34680 
28900 0

28895 1
54010 
28889 1
42816 
28836 1
16109 
28825 0

28817 0

28807 1
21794 
28795 0

28782 1
45627 
28778 1
59210 
28761 1
39759 
28744 0

28738 1
37189 
28691 1
57231 
28615 1
76311 
28608 1
32319 
28566 2
45984 16838 
28560 1
65228 
28559 1
42686 
28557 0

28540 2
93011 3480 
28530 3
77825 16152 51019 
28516 1
48280 
28460 0

28390 1
28241 
28375 2
84924 29714 
28342 1
32397 
28318 0

28313 1
49659 
28298 0

28273 2
19942 66727 
28270 2
71737 55891 
28241 0

28218 0

28216 2
91069 46928 
28199 1
16966 
28142 0

28139 3
81242 72166 17961 
28112 1
20633 
28094 3
3072 8689 67426 
28092 2
54957 75384 
28020 1
8637 
27970 0

27947 0

27941 0

27928 0

27913 0

27910 1
48904 
27888 0

27870 2
93749 5962 
27851 2
74905 90658 
27841 1
47247 
27764 1
36884 
27722 0

27703 1
9825 
27648 0

27624 1
29105 
27605 0

27590 0

27589 0

27579 1
77679 
27557 1
78100 
27455 0

27428 1
74789 
27400 1
87149 
27396 1
80220 
27374 1
18638 
27243 1
63147 
27199 1
78841 
27182 0

27128 0

27120 0

27064 0

27059 0

27057 0

27043 2
13452 30820 
27041 0

27032 0

27007 0

26993 1
11281 
26938 0

26930 0

26908 0

26877 0

26873 0

26829 3
81285 43175 56244 
26804 0

26794 1
37901 
26783 1
18899 
26765 0

26705 0

26662 0

26646 2
17803 18421 
26638 1
9942 
26635 1
87460 
26624 0

26609 2
83352 42028 
26580 1
94109 
26514 0

26464 2
47404 56097 
26460 0

26454 1
28604 
26427 1
42008 
26362 0

26355 1
40439 
26351 1
86666 
26336 1
81832 
26323 1
35797 
26317 0

26314 1
35536 
26310 0

26309 1
30738 
26296 0

26249 0

26238 0

26220 0

26215 0

26187 0

26164 0

26154 1
57511 
26147 0

26136 1
65909 
26095 2
22079 65240 
26093 1
94896 
26042 0

26033 0

25974 0

25923 1
11623 
25900 0

25893 0

25857 0

25815 1
39172 
25796 0

25740 0

25732 0

25716 0

25693 0

25671 0

25659 1
24245 
25648 1
64633 
25646 1
13140 
25637 1
40844 
25617 0

25582 0

25562 0

25531 1
57741 
25484 0

25423 0

25349 0

25339 1
73155 
25300 1
34981 
25262 1
32642 
25261 0

25255 0

25221 0

25168 0

25152 1
25419 
25143 0

25104 0

24975 1
57631 
24944 1
7781 
24924 0

24874 0

24859 0

24855 2
67701 48327 
24737 1
9341 
24715 0

24646 0

24638 1
88612 
24621 0

24590 1
42431 
24584 0

24560 0

24477 0

24469 0

24431 1
48022 
24425 0

24400 0

24373 0

24355 0

24311 0

24305 0

24283 1
78808 
24197 0

24163 0

24141 0

24118 0

24097 0

24081 0

24077 0

24059 0

24052 0

24046 1
71989 
24025 0

23990 0

23948 0

23943 0

23927 0

23904 1
11019 
23852 1
80880 
23806 0

23792 0

23750 1
68466 
23721 1
94957 
23649 1
53716 
23617 0

23603 1
30482 
23561 0

23549 0

23526 0

23441 0

23436 0

23384 0

23334 0

23333 0

23329 1
83060 
23317 0

23292 1
24263 
23273 0

23077 0

23037 0

23014 0

23011 0

23009 0

22988 0

22977 0

22976 0

22926 0

22857 0

22848 0

22811 0

22783 1
70483 
22774 0

22740 0

22731 0

22697 0

22675 0

22611 0

22598 0

22571 0

22566 0

22557 0

22498 0

22484 0

22422 0

22377 0

22376 0

22364 0

22309 1
29341 
22305 1
34546 
22290 1
85405 
22245 0

22236 0

22175 0

22133 0

22126 0

22120 0

22106 0

22055 0

22030 0

22022 0

22015 0

21996 0

21962 1
15861 
21937 1
90456 
21912 0

21875 0

21862 0

21856 0

21827 0

21804 0

21776 0

21737 0

21722 0

21677 0

21658 0

21592 1
65887 
21579 1
52277 
21576 0

21529 0

21515 0

21503 0

21501 0

21483 0

21434 0

21389 0

21384 0

21376 0

21370 1
78551 
21345 0

21293 0

21261 0

21223 1
25624 
21189 0

21180 0

21166 0

21140 0

21129 0

21116 0

21097 0

21062 0

21058 1
81160 
21033 0

21021 0

20951 0

20946 0

20927 1
39132 
20900 0

20846 0

20793 0

20792 0

20764 0

20737 0

20735 0

20706 0

20692 0

20683 0

20667 0

20653 0

20628 0

20624 0

20612 0

20593 0

20570 0

20545 0

20523 0

20488 0

20483 0

20470 0

20456 0

20454 1
27983 
20414 0

20399 1
10190 
20393 0

20353 0

20300 0

20289 0

20257 0

20250 0

20198 0

20178 0

20155 0

20141 0

20120 0

20117 0

20116 0

20080 0

20067 0

20060 0

20056 1
37483 
20039 0

20028 0

20019 0

19996 0

19969 0

19965 0

19929 0

19890 0

19826 0

19807 0

19686 0

19674 0

19633 0

19623 0

19594 0

19593 0

19588 0

19579 0

19563 0

19523 0

19397 0

19396 0

19370 0

19332 0

19330 0

19311 0

19255 0

19209 0

19208 0

19125 0

19120 0

19090 0

19055 0

19054 0

19050 0

19025 0

19014 0

18967 0

18934 0

18915 0

18892 0

18891 0

18866 0

18848 0

18842 0

18828 0

18821 0

18808 0

18795 0

18790 0

18789 0

18684 0

18677 0

18668 0

18656 0

18627 1
95561 
18596 0

18588 0

18573 0

18403 0

18394 0

18381 0

18364 0

18338 0

18323 0

18282 0

18262 0

18258 0

18216 0

18204 0

18184 0

18164 0

18159 0

18157 0

18156 0

18101 0

18094 0

18090 0

18074 0

18020 0

17997 0

17992 0

17965 0

17942 0

17930 0

17891 0

17887 0

17874 0

17796 0

17791 0

17746 0

17743 0

17739 0

17735 0

17711 0

17696 0

17686 0

17671 0

17621 0

17615 0

17597 0

17590 0

17577 0

17558 0

17539 0

17512 0

17508 0

17492 0

17444 0

17417 0

17403 0

17402 0

17302 0

17249 0

17229 0

17180 0

17171 0

17138 0

17116 0

17097 1
49591 
17032 0

16836 0

16801 0

16788 1
25262 
16778 0

16744 0

16739 0

16721 0

16673 0

16657 0

16609 0

16606 0

16604 0

16599 0

16564 0

16540 0

16527 0

16475 0

16412 0

16409 0

16339 0

16335 0

16290 0

16267 0

16225 0

16205 0

16197 0

16154 0

16118 0

16114 0

16093 0

16078 0

16075 0

16064 0

16046 0

16014 0

15972 0

15957 0

15951 0

15905 0

15883 0

15829 0

15777 0

15710 0

15688 0

15660 0

15652 0

15647 0

15548 0

15454 0

15444 0

15422 0

15400 0

15391 0

15367 0

15354 0

15344 0

15297 0

15263 0

15225 0

15194 0

15183 0

15165 0

15152 0

15130 0

15110 0

15001 0

14966 0

14938 0

14936 0

14899 0

14807 0

14793 0

14761 0

14678 0

14665 0

14649 0

14618 0

14545 0

14498 0

14493 0

14479 0

14444 0

14434 0

14320 0

14306 0

14303 0

14289 0

14277 0

14206 0

14205 0

14188 0

14138 0

14116 0

14115 1
6974 
14103 0

