304
1217 108
17645 8262 15734 24118 8477 22029 13557 5203 23292 21335 11995 16120 11473 17325 24315 8007 23192 3317 24111 23066 12044 12099 22640 23109 5832 10329 25367 15926 25734 15133 21972 25462 13550 3468 15637 10806 22322 17384 9396 23463 9989 20375 14416 25485 12486 23169 11144 22873 24957 9253 23785 8286 9103 20095 22426 2591 7991 5467 1373 1960 22504 173 1608 18725 1031 25270 12182 15499 20041 23665 842 15078 13202 19508 22241 14642 8230 16409 21822 24245 14470 8671 2330 6320 4850 14245 12838 25470 24432 22454 16044 7610 985 9622 7037 12729 5357 483 21028 13175 12026 21881 6543 18295 11791 3679 7040 19054 
3694 5
6491 16448 12101 15894 2079 
1891 5
2483 15218 9000 2484 22337 
835 5
9670 2068 5657 18330 8677 
778 5
13673 17230 13812 21248 1765 
315 5
15756 18706 17805 12184 14656 
3101 5
22089 14088 2991 19829 22756 
2551 5
8114 23373 11169 4237 5463 
3898 5
2526 9908 14455 15896 20241 
2833 5
18223 18108 755 7317 18332 
533 5
19552 4435 23590 11800 23454 
3880 5
7066 24688 9360 6023 84 
2884 5
20296 21484 11035 17124 15273 
646 5
13088 13455 5940 18234 6422 
4139 5
12654 2018 13291 18651 11589 
37 5
24074 554 10613 17854 23526 
2439 5
3238 15079 3904 4073 18277 
3210 5
22659 25142 9534 2921 1071 
3056 5
21200 8621 23215 22646 3046 
1562 5
10788 24735 6364 5655 18130 
3872 5
15017 5901 6115 15778 19536 
1186 5
25576 21754 4689 22480 22582 
2719 5
10132 13235 16330 18796 6427 
4124 5
269 2981 10476 470 23481 
997 5
17462 18621 20337 23527 13110 
540 5
10177 20371 4049 10882 14243 
657 5
15449 21918 12441 2090 23663 
2063 5
14534 10980 16056 13120 20585 
3577 5
15409 3595 11261 17803 7952 
2480 5
20877 5381 21364 19676 18034 
1012 5
2379 24314 17134 24885 5708 
3835 5
19910 23497 10648 1004 18500 
1310 5
13225 6864 11315 12667 6611 
3075 5
3695 183 7245 15410 13970 
1685 5
15794 7612 7577 23584 13731 
3647 5
6202 1585 23690 18049 12293 
3842 5
25234 8793 2342 24573 21902 
529 5
17259 6965 18447 15040 25645 
302 5
6060 7558 21744 20933 279 
650 5
11147 7211 2221 1005 3917 
3048 5
13604 5161 19271 4896 19525 
1779 5
1209 18185 13886 24455 25165 
2954 5
3028 20280 3433 24506 9483 
2273 5
22177 2077 22932 17400 24759 
574 5
25298 10429 12537 16503 18591 
1797 5
3493 20471 5383 3019 1715 
419 5
24013 669 19974 12159 6105 
3528 5
15028 1057 5568 17570 25384 
3053 5
19329 18760 24820 16995 16889 
408 5
10884 6298 21809 23723 7891 
189 5
6380 10220 9665 12000 14352 
180 5
2783 3111 12673 18205 909 
1291 5
23171 21657 807 24598 17476 
3468 5
12898 10112 14591 17118 24222 
2617 5
24596 15114 3518 8016 10371 
1514 5
2142 19566 11364 6949 15177 
2116 5
24125 19279 19032 19259 19000 
4013 5
11060 22236 12210 12966 3531 
2696 5
25749 20956 7046 17770 17525 
494 5
5527 21722 6441 16799 18841 
2078 5
4814 19233 836 17191 12378 
2821 5
25458 10755 20695 22128 17386 
4042 5
7380 8676 22878 21434 13693 
2361 5
24892 11773 13026 3450 17115 
2697 5
6555 16418 18922 22221 14453 
3236 5
7520 8600 22048 8061 9183 
2934 5
14349 16860 5076 12846 10227 
2953 5
18843 13153 3109 7684 12281 
336 5
18731 20741 9881 14483 10821 
3668 5
11290 3603 23743 614 595 
3989 5
3968 5496 16803 25560 22409 
3892 5
17812 1814 8700 24930 16770 
396 5
19146 15565 11902 7195 5479 
1161 5
5035 4905 18874 7552 17745 
1981 5
16903 10794 2630 8422 6856 
2348 5
25292 4933 22136 12957 19692 
1680 5
4521 21340 9868 5576 14757 
2623 5
19791 9774 10011 20024 17508 
2327 5
19037 9838 20710 19368 14801 
291 5
22973 5341 24054 5252 17637 
3114 5
12203 12157 673 16908 4361 
1988 5
14496 8375 22978 18426 11546 
3501 5
1387 6668 23045 13765 16682 
2172 5
13501 9041 15558 1886 21464 
1328 5
24516 19776 19405 1860 10008 
2386 5
18057 22841 12910 18596 18506 
2231 5
196 16377 21134 20655 15930 
2305 5
5565 7454 7087 20911 17884 
1902 5
1579 2264 10611 5897 10527 
1091 5
8373 6338 18350 8783 20965 
2965 5
8786 5004 13141 16362 437 
2125 5
19756 9972 20131 11493 6610 
1879 5
8492 15686 19346 10953 3425 
3882 5
6751 4872 22506 9694 21841 
2229 5
25344 23482 11225 14751 25685 
2292 5
10435 4013 5960 1008 14106 
1845 5
407 18835 2144 18614 10247 
1550 5
12200 15866 1428 16349 15251 
2100 5
8205 2511 13186 19481 10491 
1314 5
18854 7812 13910 25619 14299 
2541 5
15493 12102 17310 22826 19754 
2084 5
10376 22342 18476 16268 9496 
2715 5
830 7880 14466 25005 1316 
1435 5
4187 13101 21842 6920 1660 
2419 5
7483 23915 15164 5448 9410 
1465 5
9440 11616 5431 14513 23702 
1444 5
6430 16421 6211 858 22381 
2151 5
9188 4633 12248 24591 24639 
1972 5
1664 3256 6169 972 3342 
23 5
14488 7801 24635 15811 8695 
1013 5
4618 22639 21519 20980 6058 
2848 5
16637 14058 370 3065 25067 
672 5
20175 2827 12230 24758 9753 
77 5
13262 22096 7758 13903 20964 
3814 5
421 10659 14593 14811 2160 
664 5
24775 11896 19342 12422 7024 
3288 5
18078 15317 10308 16054 11005 
2747 5
20058 2475 15553 25166 23467 
1070 5
16502 18066 6006 22715 1229 
1681 5
7377 20600 22478 6336 14930 
3934 5
515 7512 12451 24693 19241 
1590 5
16950 18857 6728 24615 17270 
3466 5
20857 23707 8028 7844 24214 
2445 5
14353 13465 3334 3169 10216 
153 5
3388 2146 22990 8169 8372 
3387 5
5691 19680 11417 5331 21538 
2303 5
10152 23798 8170 13166 10572 
3420 5
18400 14059 10551 7831 6741 
3375 5
22164 20063 23351 3943 10517 
2672 5
15506 2939 8292 19469 8309 
2378 5
3631 22700 22891 9313 3746 
3286 5
1997 11264 18858 11809 1817 
3693 5
12411 180 9799 7165 25762 
3269 5
11748 1374 25134 22556 16347 
1657 5
5429 11352 19872 18014 111 
846 5
19170 16481 15587 19415 4673 
109 5
19180 22876 11497 16699 22134 
410 5
3702 5721 9646 20096 1232 
2481 5
5000 2844 9810 9637 16368 
2596 5
20712 6915 24694 1427 13540 
1540 5
17877 11975 24773 21161 23691 
4080 5
23918 5103 1631 12004 6615 
412 5
18093 20947 3633 3224 21044 
2054 5
4889 13493 5213 6482 2353 
2760 5
17514 19627 5289 2252 23782 
2555 5
25224 6834 6215 20918 1885 
774 5
1530 2962 14639 5910 8026 
4122 5
15880 7405 6947 14217 404 
3094 5
23571 993 23721 11273 15271 
1464 5
5316 25735 23654 1114 19548 
1747 5
8907 1488 22256 8845 19217 
1325 5
1756 18266 19395 24836 24220 
3457 5
5651 466 19656 1266 22941 
1398 5
25832 24462 12954 18975 198 
841 5
215 4962 4387 17490 9608 
266 5
16087 21601 16565 13589 18741 
3588 5
3999 10687 10181 19561 5696 
2247 5
6941 18824 5673 7596 579 
779 5
18670 8220 7508 12870 10662 
4077 5
2478 5336 18115 6352 209 
2186 5
1486 6200 22822 24280 18328 
334 5
23304 10454 23751 21780 15141 
637 5
14783 4901 3839 13696 14256 
2202 5
8144 21020 10586 16432 23529 
2351 5
6677 21125 1744 19064 24783 
3574 5
18647 3529 2824 4738 21354 
2358 5
11482 6606 20789 4101 1627 
2935 5
13560 25552 15013 248 25710 
2355 5
6815 16898 23748 21684 3187 
2291 5
20090 3047 12241 12017 2172 
1248 5
8082 11095 17103 25744 3620 
717 5
21756 14370 23174 14767 15397 
2021 5
10756 19041 1653 24796 7272 
1913 5
7470 22998 3266 275 25179 
2383 5
18217 18484 21851 24827 2168 
1866 5
10848 12808 10405 18364 3576 
467 5
25733 14064 7230 17641 13015 
2837 5
5874 5602 3519 14171 20304 
3712 5
4301 7830 8224 7327 5102 
2577 5
6106 9680 2503 5931 24423 
1101 5
5626 16647 3770 9158 4196 
4035 5
16543 8583 6712 7295 20111 
2453 5
25102 19098 18826 12087 22829 
635 5
5360 13836 13995 16833 19549 
3035 5
1265 22684 13003 5819 995 
3502 5
2224 25522 3812 10842 20082 
1362 5
16990 5541 23167 11437 5938 
1731 5
9876 15406 24139 1378 267 
28 5
16317 20599 5814 19172 17112 
3556 5
23863 25025 8870 25085 12058 
1295 5
9197 20549 9518 15173 4941 
2338 5
4127 6347 3084 12290 20445 
3019 5
24005 23700 12881 17093 22314 
2313 5
22741 15798 21267 20943 12558 
2987 5
14251 25004 2374 2796 16765 
1280 5
7515 14303 21733 12397 7556 
3621 5
14662 9733 16388 18169 3302 
738 5
9992 14599 4031 16922 10180 
2220 5
23524 5192 22222 20383 8162 
3365 5
2147 18735 8303 24144 17906 
2743 5
6059 9368 7943 14583 4038 
968 5
6285 1066 12520 24939 7932 
2910 5
6535 21676 21877 10640 6876 
2225 5
24107 1456 22564 7033 6574 
1918 5
8667 3705 7924 11195 7498 
97 5
6736 16390 17261 382 1618 
2046 5
23774 18344 21138 2239 5856 
2949 5
7526 24143 1739 7187 20314 
1993 5
9463 15479 14390 25131 6306 
40 5
23934 22114 16901 16105 9666 
3372 5
23550 2863 17569 23137 6077 
1651 5
5271 3934 3318 12434 22112 
2929 5
6010 14673 25535 15951 11877 
2089 5
8605 15377 13430 10217 3548 
4128 5
12649 23064 4218 3166 13398 
978 5
8216 9384 1199 6184 1497 
3613 5
21091 8651 10238 6817 6608 
1957 5
13130 17911 19600 17132 21685 
1605 5
4643 23917 1413 674 4783 
352 5
21216 6653 7946 22651 4193 
3083 5
8538 2191 24804 14625 8558 
3262 5
12488 12732 6359 8184 6560 
3917 5
2741 445 11930 9991 8527 
1938 5
18716 17327 21429 10553 22146 
3412 5
7615 24349 15466 6387 585 
900 5
9061 23657 10750 11386 2254 
806 5
1029 1544 25745 11459 10660 
561 5
2879 23060 23465 15996 2180 
2056 5
14086 11168 4466 7909 8151 
3762 5
11855 2346 23619 18202 4549 
2659 5
9497 3727 17318 5275 14084 
2354 5
14855 22205 8743 8414 23980 
219 5
6929 14400 15121 13242 7789 
794 5
13795 25156 22374 21759 23009 
2427 5
18554 15942 6276 1657 7384 
2223 5
340 24121 24867 9541 6121 
1008 5
6188 3752 12116 6391 682 
1903 5
7888 10076 24556 20624 18140 
139 5
12155 24487 13133 1605 18414 
1512 5
12308 11242 9239 18957 1044 
814 5
188 10923 14144 25766 15330 
855 5
6645 23490 13047 5249 7656 
751 5
15979 5865 6479 15261 459 
1131 5
24358 14731 908 7866 18979 
1348 5
24579 20897 4382 19568 20165 
3012 5
5162 14487 17758 7208 6528 
1629 5
16248 15253 17284 18121 14341 
3112 5
19312 10637 1204 5890 8543 
2405 5
14533 206 12663 12806 24321 
1564 5
16949 13512 18245 11508 12246 
1478 5
23002 13590 713 23788 9508 
1745 5
1723 6592 12624 6765 18961 
3117 5
10303 311 24322 16032 9177 
3020 5
5778 24022 16049 17097 24146 
2284 5
25376 8385 6591 12929 5201 
1619 5
22566 15213 1466 14072 10873 
2809 5
11601 20484 1482 22851 3030 
1212 5
1111 3956 20882 4321 19490 
3034 5
7055 12686 6465 1432 24550 
3908 5
12032 20273 24400 7613 982 
3022 5
9948 12461 14768 812 18153 
1395 5
12990 11146 20416 16879 4472 
2145 5
16405 18926 11699 1958 1293 
1346 5
14095 7755 5347 23630 13842 
1179 5
7937 13972 15389 13689 17369 
3152 5
7686 23949 10096 3105 8059 
2678 5
18410 6325 8467 22203 2983 
1642 5
8464 10766 3562 9681 17744 
3820 5
15899 15263 15074 10013 9657 
3644 5
991 18389 19029 4051 20288 
610 5
16419 8173 5153 25477 4642 
89 5
20483 19284 11097 21806 25391 
1549 5
25140 7319 2469 3331 23658 
1207 5
17997 17246 1800 19376 16495 
666 5
18599 11743 1024 17241 12056 
813 5
16516 25276 16526 23296 13036 
3082 5
23537 4241 23186 24150 9614 
1959 5
16092 13409 5320 1362 5159 
1183 5
24641 18803 3760 20182 20274 
3475 5
5308 16851 11077 440 24545 
2027 5
12092 6969 6039 8251 19430 
172 5
24154 16821 19949 9038 7982 
7092 4
18715 7400 6068 7003 
1801 5
12137 15616 3055 22612 9008 
2258 5
12792 18865 18744 14844 5298 
1871 5
24771 19530 8965 380 5941 
250 5
19523 9425 11009 9683 6811 
2115 5
19187 272 14146 7855 19873 
3476 5
14509 4559 2456 5425 22726 
221 5
19532 14244 1689 22683 12390 
3742 5
11331 20865 6297 493 8055 
3125 5
22898 12487 8960 2400 2405 
2737 5
4097 9017 2403 23575 23602 
1154 5
23475 2279 21469 15822 22901 
3893 5
2069 12702 17470 7070 6970 
8940 4
8328 17967 5400 21075 
2138 5
21065 8924 19904 8759 23784 
3833 5
5745 5707 15475 21545 5713 
1765 5
16953 24538 9416 2585 19800 
324 5
7170 10200 20352 8468 1187 
115 5
20153 18501 23521 14563 14556 
2998 5
3406 2011 14221 4767 18681 
3133 5
24012 5987 5335 25070 5125 
84 5
7422 10573 22015 14793 3350 
