233
482 271
71644 31636 86164 1296 16496 20113 50788 74531 27015 63839 59651 40045 30019 92696 90685 29993 92618 99140 62327 7705 77577 4013 503 68901 443 33961 90757 86609 16397 80011 81452 58715 54347 35422 82704 28612 20632 96098 89638 85445 62534 83331 61777 51011 47800 33812 3053 93133 12344 8518 41344 65201 75941 21103 87994 7488 5387 51987 67826 7312 68648 72624 61834 85528 77067 6090 65507 28962 48428 22158 29033 39226 42077 43957 35749 88937 50067 31726 24550 14296 59238 69133 89802 8135 16892 16565 79222 66585 50824 19499 25811 28379 48743 35850 55071 1739 83235 43615 46569 87074 17111 38804 3961 73294 47731 11255 21280 49679 60991 94475 66281 41308 85672 47892 76463 58905 28926 98539 75409 68864 80605 46905 25697 10272 67244 69880 90069 70932 83046 52836 92946 97332 58452 16988 7874 78307 95447 19168 77854 36906 95414 20633 30329 34844 70754 80209 69172 48330 76598 60052 71005 86904 45573 41152 91806 33197 21591 34461 29767 54876 28185 96989 13756 60901 61201 36839 73887 82878 82259 25380 29283 54132 87831 40495 79215 25009 5561 74333 14005 20127 44002 7690 80779 50071 14681 54619 96038 42799 57484 39796 298 68631 81820 22415 93499 860 20850 85490 56726 40046 15360 42522 17618 61198 69117 24765 40204 65685 56040 5689 23855 36636 82802 86445 16897 68609 22754 7833 59479 9159 86734 33888 74287 16997 61983 76550 56418 47070 61157 60514 71491 92832 67488 19463 99258 14099 85985 74808 12222 62156 88857 50366 81383 972 92954 75608 48400 45064 20759 35363 79387 77377 92391 16530 82231 98661 90662 45656 24150 10490 30427 2530 85017 98363 35963 41072 80680 7395 74146 14717 45422 
637 127
53604 33657 510 32927 23341 85887 3912 55330 3415 52151 43276 12591 88053 82104 70529 77975 30096 65660 70038 157 49881 48566 64515 71151 31354 26256 93833 76595 22843 25205 64497 20337 27556 53989 80633 62773 69725 25122 23008 92110 43138 96713 88717 76736 58464 54669 64740 36568 9105 14627 7265 65148 14728 3642 37613 17227 23432 9259 54540 43368 97975 13117 96050 22891 85806 78683 68063 32765 37150 20868 74251 47111 56714 83522 53221 22643 78401 19759 21792 80088 79000 39666 24185 90843 54247 13990 93255 63211 76599 92837 50544 79567 14094 44258 14748 68587 80293 99027 88445 62826 46274 68683 55312 37601 62584 59005 75081 47933 60022 97956 48781 98482 86994 94461 40097 20934 32844 82265 8187 76970 59533 79850 91331 85714 24946 33299 73362 
922 49
86716 95023 83648 42736 30246 3995 67048 98974 25743 21850 42272 29344 9864 83174 61170 45507 71313 12703 52878 35018 52045 37915 89458 14088 78182 88181 74911 40521 87374 21719 23315 79161 37121 26717 59693 23029 39329 72601 52823 33947 85346 84954 88591 4185 91373 80704 28617 91086 17184 
2665 17
1599 28305 69740 36920 67450 82111 40635 86075 43089 95383 98478 21277 9557 47996 46383 8928 33506 
124 1
73177 
3468 0

97 0

2567 0

1496 0

118 0

2960 0

630 0

2422 0

3481 0

3424 0

2763 0

2705 0

2583 0

2402 0

2251 0

2132 0

2301 0

1611 0

989 0

3395 0

3101 0

2841 0

1916 0

1629 0

1609 0

1060 0

1842 0

1582 0

709 0

346 0

36 0

2807 0

1820 0

381 0

3580 0

2514 0

2144 0

1825 0

1542 0

1181 0

990 0

159 0

79 0

3651 0

3285 0

3173 0

2911 0

2887 0

2710 0

2427 0

1657 0

1029 0

771 0

2390 0

2250 0

1053 0

734 0

1 0

3559 0

3490 0

3472 0

3319 0

3244 0

2659 0

2373 0

1840 0

1727 0

1435 0

1421 0

1149 0

1024 0

1000 0

921 0

504 0

28 0

3633 0

3517 0

3294 0

3147 0

2768 0

2289 0

2080 0

1575 0

882 0

2976 0

2504 0

2475 0

2202 0

1780 0

1394 0

1224 0

845 0

663 0

442 0

384 0

180 0

3261 0

2852 0

2707 0

2093 0

2061 0

1601 0

1106 0

868 0

432 0

326 0

239 0

9 0

3520 0

3320 0

3305 0

2684 0

2442 0

2325 0

1948 0

1728 0

814 0

413 0

3688 0

3682 0

3608 0

2934 0

2279 0

2018 0

545 0

452 0

353 0

301 0

263 0

3596 0

3430 0

3224 0

2952 0

2904 0

2740 0

2502 0

1960 0

1598 0

1308 0

1095 0

558 0

434 0

3497 0

3370 0

3021 0

2758 0

2288 0

2275 0

2136 0

1622 0

1555 0

1389 0

1314 0

994 0

588 0

363 0

88 0

3562 0

3330 0

3169 0

3144 0

3025 0

2969 0

2883 0

2706 0

1965 0

1911 0

1684 0

1379 0

1281 0

1103 0

1078 0

931 0

693 0

645 0

376 0

167 0

96 0

0 0

3156 0

3146 0

3045 0

2746 0

2356 0

2016 0

1786 0

1681 0

1490 0

1428 0

1023 0

905 0

745 0

505 0

320 0

207 0

191 0

92 0

3245 0

3133 0

2787 0

2657 0

2652 0

2609 0

2544 0

2491 0

2435 0

2434 0

2138 0

2134 0

2075 0

2042 0

1951 0

1411 0

1337 0

1199 0

1051 0

988 0

969 0

843 0

775 0

707 0

569 0

465 0

400 0

333 0

313 0

254 0

253 0

