116
209 110
15080 7082 3742 9701 11026 14598 3459 4017 898 9862 9163 1087 10425 3342 14272 13770 1876 13211 14834 5973 630 11738 3907 834 2507 6428 4406 14685 14613 16092 989 2059 201 15574 9474 12353 14391 11587 5378 11901 9939 994 41 8646 16426 10989 7164 12272 10683 15211 14870 961 9606 12168 14752 3474 15532 15482 6484 7961 13080 13838 10455 7906 10021 13103 461 3861 18740 7402 10190 8739 13151 6890 2906 16542 366 11662 11877 13312 3487 4185 12820 9923 502 6551 9733 11621 1191 3737 1545 3854 15557 12950 15237 9575 14237 7483 12020 10178 14980 564 4480 8160 13037 1804 9427 13674 11823 2444 
1435 35
15243 9404 4345 3932 282 6567 13102 4767 16407 14957 6048 17334 5528 6612 8688 7733 1642 6585 10356 3624 5053 3681 11000 14273 11192 5068 7963 4625 919 14290 11628 16978 7635 10741 2636 
4442 35
9754 2439 11996 7550 2646 2246 8061 18224 10570 15902 9837 11584 16534 10285 6298 8323 15288 9029 5806 3243 13293 1344 5950 11620 2496 13360 15405 5975 17055 9994 7676 15509 10630 2725 1113 
3025 35
2757 484 17140 18693 3872 6744 14476 18502 9825 12998 18475 15835 6405 17112 17194 5853 11826 4338 10415 6466 5968 3821 6698 16088 11911 6119 16087 12992 9943 18449 10438 806 15020 656 8885 
2963 35
5300 15972 17528 17863 13746 16096 15608 16273 7046 13720 198 18634 15192 8097 6231 4552 17303 15387 1275 18329 14854 10431 9627 5420 12371 15221 2813 18410 7441 4049 6777 3988 5942 6202 6596 
1776 35
7553 16348 625 11423 4349 6303 11174 4809 4044 2595 7155 16211 18302 8792 14956 10646 6224 1338 2241 15109 7773 5137 6381 16403 11743 8974 6378 6871 15778 7142 11209 4056 12887 10668 9396 
4058 35
16212 9416 17665 139 13803 16218 8610 12729 1111 3063 7817 398 4021 12384 16331 1644 18661 10330 16282 13253 482 7633 6406 18127 13291 4289 18290 5026 17208 13469 16201 15659 10242 8121 3607 
5281 35
2057 12301 10740 2066 5402 7908 3360 12324 3639 10474 12177 14412 10406 3579 12019 5030 4437 9516 3186 4888 15064 3470 12245 10109 4615 4061 10480 11867 6356 5373 5523 15724 9018 5392 15500 
6439 35
9834 7261 12258 15217 15631 1431 11520 6591 4111 14925 16174 5661 6697 10287 18275 14462 1459 8395 8531 479 14824 9551 17721 3500 6876 17336 11490 6407 18712 17305 15582 11995 3656 9242 2387 
906 35
8616 1607 6245 8758 13362 20 3692 15454 1760 17573 12725 10016 3375 1950 4344 13889 433 4583 7389 18137 11670 13966 7135 3373 14482 16324 4940 18719 2647 11038 17258 8693 976 4803 6265 
4826 35
16577 5742 16198 12905 8504 11250 10986 14387 18087 6814 2943 2802 14644 11890 12513 2879 10063 16727 17489 914 4790 18664 15017 17514 17091 553 3797 7466 16555 4845 1572 3484 7686 17198 6238 
5005 35
16956 15505 5020 1945 15227 978 17377 18247 17973 2554 6027 1556 9360 17538 6078 14182 12635 5468 7315 13766 6070 8751 18262 16854 14867 12219 8554 3098 18783 3834 4766 5868 14977 2026 7137 
5366 35
14935 18734 11338 14397 14738 6161 4872 16833 4757 11987 9616 2478 421 11272 13583 15709 17652 5033 6842 16612 10934 1581 4207 4157 7588 13219 2346 2293 10142 12512 9978 5152 11057 10843 8482 
1757 35
4696 15324 2197 12958 9014 11424 5568 7835 2599 6523 6427 2344 17511 2727 8719 17036 275 17864 1897 18600 5325 5921 14079 15362 14507 3253 12206 2878 18679 3504 13615 8477 11452 11569 12963 
5917 35
11206 15583 6743 5889 403 5223 17875 3993 4165 7903 9172 11087 18121 16272 9199 16356 4201 10031 16001 6195 4427 12661 3350 14415 18236 4727 1863 18122 10249 14822 10368 13217 7622 15850 18653 
4809 35
1687 17374 6554 14847 15246 15108 7326 9914 8063 13192 10923 16068 9683 10677 16436 6577 11767 7881 15264 12431 9846 11993 1102 10915 4483 12722 13592 8670 10866 9494 7431 15250 6746 3744 13955 
5620 35
11332 2737 5594 7186 14212 2096 9649 15166 18422 1364 8768 13480 13814 12159 13195 11747 13093 5936 236 328 3853 10999 17131 11830 16085 15924 16757 18462 1533 17978 4479 7400 13289 6832 18469 
4446 35
11388 11686 6465 18809 10734 15344 11699 17300 11176 10725 14111 6536 8754 5786 10441 144 13053 13332 16404 13911 2419 15829 10730 5469 17243 11385 2058 3357 13271 15077 17992 548 13694 13877 13690 
5195 35
2301 5158 5267 16910 16029 6261 4029 4844 4395 10152 11848 3621 17508 16508 7678 11976 8231 15585 1207 3731 7609 15224 423 4064 12314 4 17708 1295 18206 3302 2412 773 5778 14113 870 
2984 35
4086 11968 15434 634 17133 12921 8780 6728 4434 7378 12976 2290 11476 6669 8227 8211 2008 16969 8822 9527 7423 16984 4978 10743 14718 9157 13379 7371 7763 17788 7604 286 16699 15267 622 
2989 35
887 13184 9227 5104 12022 15234 5168 18776 8485 15615 6241 6281 18222 10161 98 9171 10966 11718 15097 2552 527 7198 16323 6930 8233 5996 6603 15493 485 12683 2219 16803 16989 825 16306 
6296 35
8668 4356 1951 4774 18704 14218 390 2105 3713 16147 14126 13063 10433 10903 16196 13925 17200 10664 18523 4468 13629 18835 7159 8326 12966 16142 18360 17162 6329 14618 13936 14520 12316 11364 5672 
5975 35
8282 9861 924 13496 14766 14277 3016 17549 17432 14343 13985 17655 5705 14067 2883 14941 11191 6132 6489 17707 16546 7627 3866 967 8349 5374 6776 9941 16962 11289 18257 2076 956 12790 7955 
6595 35
10151 17881 10985 537 16777 14551 7427 12765 15413 12857 4624 12789 13675 7990 2559 17985 979 15351 5499 14380 6260 17731 12368 5554 5529 2896 11546 6307 1714 2209 14891 8971 6429 11918 13458 
87 35
16859 16509 11629 15797 2610 4420 3042 968 12388 633 16676 13553 16099 13913 10721 1723 7368 203 18299 2670 6558 5893 1024 10494 13723 16918 4792 9738 16952 8122 4286 17796 7548 6850 7260 
2844 35
13485 13953 12005 11808 5493 2108 2188 9635 14509 5060 5055 4057 9085 11105 9316 12835 7350 14213 4176 1012 18622 18352 2039 5780 13475 9828 3682 9345 10004 16478 13562 14219 11652 10736 14174 
4228 35
13270 1997 11223 18508 12755 17493 7937 8879 7494 174 2217 2574 5194 3427 10627 14254 4535 16166 17014 2904 17152 9785 6150 16268 1307 1168 16920 5181 12399 7229 9354 14137 9722 10351 17348 
5996 35
13314 4663 11949 8658 5877 7246 15492 8496 18667 6463 4807 2694 672 16146 14134 3326 14536 8736 13036 15880 12152 14927 11407 915 18326 17262 12654 8453 4195 1412 2787 13035 1320 6893 660 
1384 35
14194 10418 3746 5952 4980 2463 6639 13344 3780 7289 7026 5437 877 13434 8860 15229 18656 5981 1755 3769 8250 10104 6609 16630 18599 12869 18777 16637 5429 463 17641 6408 16794 8113 8526 
358 35
11091 7959 2616 13586 4131 11284 7212 14101 5390 3209 10342 15197 12549 5379 15701 10408 13816 365 691 10941 1042 14453 18218 14667 17278 6762 17595 7311 6085 13699 991 12642 10785 10617 8529 
4754 35
4726 18559 8525 2575 8906 3174 8197 7621 16819 7131 5977 14098 12228 7190 16869 6297 12929 11472 9520 6727 2718 13992 3611 3424 17892 3726 18770 9120 16589 10692 17630 9002 11893 1805 493 
2795 35
5616 7596 6324 3894 10953 14597 10946 4348 14545 8426 7021 18301 10829 2593 9749 15730 12011 14534 6786 12447 10643 6573 8630 18227 14455 1448 18681 4429 13776 5829 10176 11908 15401 3817 10092 
5358 35
3511 9017 2582 136 11938 10914 10405 7393 9303 13841 17479 9223 4162 18749 5430 2079 1993 15606 815 13375 16700 11700 1566 14029 6026 11492 10830 2018 16022 0 7203 10640 3802 17471 18698 
8363 34
16206 3897 13373 3455 14668 15853 843 9866 11161 4113 12024 18094 17579 8107 8510 9967 14123 14689 10411 2910 18303 14630 13875 15305 12007 15718 16119 15478 10319 18730 7872 2912 16991 9656 
6054 35
9196 5536 761 10044 6833 13885 3902 9579 5584 3629 18294 4313 6346 13118 15275 2229 10423 16647 5514 12626 15147 8499 2687 12006 9320 3105 16740 4140 7501 7594 17689 1632 6109 13352 165 
1448 35
16161 4930 7036 11405 863 18834 17648 10920 2799 8441 3689 15008 10626 18839 2122 13426 4265 2776 14464 11390 6916 12183 1470 3762 9624 4497 16687 9533 7470 5634 17944 6330 7196 9500 17846 
1418 35
3408 15041 15466 11067 13265 14692 13696 14047 12816 18156 6423 7308 8741 9802 3303 1636 16299 11396 5333 10165 3811 4605 845 13609 13059 4385 15479 2253 2326 6467 16411 14779 17606 16160 4291 
1718 35
2043 2041 15415 4484 10549 10599 11468 7067 5357 1720 10449 12997 3268 12469 7880 12571 2071 1710 9887 9849 6739 14771 14609 1613 5547 11763 16290 15033 12281 10272 1609 13759 18765 9676 6204 
6620 35
15765 16361 8900 7030 17061 8237 3913 8257 4827 16357 16489 434 8530 11811 15843 6552 6997 15883 3809 6994 8238 13891 13918 14982 5765 1612 10070 3292 3235 209 10396 15817 1912 9652 13350 
2950 35
13493 10980 9497 1397 14154 2332 13862 16526 12279 3620 11431 13772 2617 12948 16130 13780 8999 584 17277 5162 11785 16929 822 399 18209 16532 4518 7042 17037 9088 5715 9631 3974 1773 3552 
2477 35
14209 8203 6311 8302 15842 18800 4967 1611 17218 9071 268 11645 14014 8116 4274 973 17650 5768 1641 10942 848 9458 7167 9935 13404 13974 18067 5874 17392 13714 12622 13698 4976 9959 4576 
681 35
12582 1176 17815 1813 10290 4756 2798 9893 18106 16569 13515 6279 4411 14167 16013 4416 17961 11948 12564 17867 15202 8519 4513 663 1514 7574 7570 11557 15839 7457 9648 4010 9779 17782 818 
6074 34
11865 7911 7747 4799 11226 10823 10815 4603 5203 4958 2608 3908 3644 15484 1144 16848 12182 5225 10813 13343 17085 18767 13246 17165 1786 1803 10379 7898 6517 7054 7929 17023 9091 12065 
5190 35
1104 5785 17310 18186 15568 16707 2685 13385 10563 14939 8626 9519 3277 745 7015 17135 11516 13969 5990 5177 2568 14691 8096 4883 15481 11574 15969 8249 2321 6564 14987 11659 17762 8397 13692 
2194 35
9366 3196 18568 12004 3356 12698 18022 3009 9695 1078 13056 1130 214 8516 13221 5467 6559 12925 18468 9138 12957 8843 13430 17945 7060 14514 14195 2303 2304 11077 6338 8361 10671 15881 10254 
1091 35
6607 7824 3531 15979 1577 3533 4439 8077 6926 2592 8222 7916 3336 8486 13198 9682 1585 9822 1862 10868 886 14500 12097 15651 5257 6249 9807 3493 7426 9164 11827 11121 7351 13044 17504 
3081 35
6912 1212 14590 14926 10119 9082 16172 2454 14168 18325 12195 18402 2543 4174 5126 15793 3541 8026 8003 13865 1133 2086 8480 2957 15444 3973 14129 14873 4377 2131 17981 1244 11508 14124 2392 
910 35
6563 6674 9092 18171 4100 11184 9597 14592 7333 3057 1345 16860 17337 9925 11221 18525 18697 9908 8292 15958 13872 16463 7631 18243 4753 4840 10047 7974 2103 11233 8960 1540 18136 15830 3979 
5928 35
10638 8873 17475 2141 16233 17355 2083 9485 10296 2788 18228 12989 17167 11552 9221 13676 1164 7343 14983 16493 18030 16888 7464 18817 7844 13137 14216 8685 14136 18484 5284 9349 12212 11572 8433 
3283 34
10158 559 6645 15882 12770 14112 16276 9755 16886 14452 11638 11422 12487 951 7993 522 12568 6441 6611 17979 7053 16343 3030 18154 13874 5266 17488 6200 7852 1552 4449 9394 11441 14334 
4381 35
2837 6847 10470 13852 2531 6470 9658 15433 13630 9897 2556 3146 18428 8595 941 15715 3793 8015 4033 17700 520 6379 4990 11351 5850 13356 7439 11724 13325 16884 10094 7741 940 4233 17784 
848 35
7554 12562 3210 13795 705 5023 4186 3949 13571 1559 15522 9491 14491 487 13233 14400 3414 9384 4604 2600 16836 14468 16108 10502 5283 12818 15051 16850 13651 10824 16459 5330 6395 11496 3740 
6425 35
6018 1021 14942 10049 9336 7018 4321 2395 17086 9605 11094 13107 2843 4376 11858 11073 5757 5870 15525 12807 16502 11655 1003 8652 13453 6646 9218 7646 11522 15632 17449 10565 7560 15596 7254 
1692 35
7909 846 11113 1292 595 2731 1808 11042 16939 2640 13340 9947 6142 5618 14481 7721 2924 11812 576 5317 2941 11493 17316 3545 11007 17408 8638 1818 8242 5399 12241 1964 2762 9933 11443 
391 35
10466 15511 1909 11611 16791 4489 18638 10917 12058 18252 9566 18761 9808 16042 16378 11643 8004 8066 17778 15322 17842 4076 6104 5542 7013 4091 18238 16195 11092 10718 14084 5324 11936 949 6291 
5405 35
8324 993 6723 4910 2359 14037 1056 7514 11533 18808 9439 13931 8633 13408 14024 8844 574 10437 9584 4830 15160 14279 4570 18420 16320 13227 15925 1733 3388 8421 294 3918 755 1679 11346 
5950 35
15341 8325 16934 10439 13338 7341 4027 1744 14820 2753 16302 4065 6638 18354 11549 10374 15327 9757 3195 13486 13258 5598 4554 9918 1387 4276 8420 9296 9402 15700 13504 11919 11154 10810 14389 
3748 34
57 9692 16322 10195 9038 8328 15287 12604 12466 12227 8604 5516 4508 17070 11806 18671 11517 8363 13162 12470 984 8920 2755 2618 9340 14355 3934 4309 14732 14145 5930 1381 7994 1409 
3034 35
18593 11983 14513 16743 12275 8969 17955 15689 8524 13153 6803 8773 16768 4675 9734 3982 10301 11617 2233 14662 2966 10322 16660 14078 10975 2099 7732 10631 18619 12381 1415 17505 11932 1785 8170 
3063 35
10509 13771 10481 112 17220 18052 17087 13958 1227 8664 12560 6830 5985 9087 8921 7997 2400 4800 17103 931 7128 13467 6308 17690 4590 185 13519 7226 7918 14192 17685 3137 10576 18006 9285 
3612 34
12108 11246 7847 15124 151 4257 5959 3923 8944 8992 3594 9847 17371 5830 1529 10082 2782 7696 5611 8068 16703 4575 5101 12977 17347 15508 4900 13007 1633 6159 11928 3605 18070 17758 
5929 35
2983 17692 9506 13861 4302 1069 10888 1447 4270 17797 17260 1373 9003 18327 11736 16730 6024 10305 11316 11939 5277 5763 18731 13779 14874 3688 10008 1934 9054 10625 2299 13197 10192 8462 592 
6764 34
17088 17794 7505 17829 10316 2468 4698 3999 14354 68 4161 10911 14341 11104 4235 5394 5078 14996 2678 18711 1093 10772 3223 8037 1375 6203 1267 14899 18158 3756 14715 8761 6828 15621 
658 35
6634 6251 2269 10467 3048 8034 1312 13801 18606 4768 14842 4405 2502 8523 11783 7085 17058 91 3220 3011 12362 12919 4647 12294 7612 1160 6399 4522 11339 14763 17410 2136 13413 312 13959 
6855 35
3001 6740 16316 2174 5876 2143 13045 18592 5670 8615 12444 13374 15796 10885 5059 16202 9953 1626 2693 18674 191 11879 18305 14228 5109 7934 2839 7488 15571 9368 3362 17568 3377 11329 3079 
11 35
17201 8136 3519 14508 14934 1500 10497 8910 7756 15766 15339 315 16556 5508 11825 10754 7882 2823 6199 14386 14893 3898 8457 4566 8905 17 9926 2193 10935 12229 11126 18155 816 13368 10763 
6612 35
1502 413 6437 18526 9514 15589 8866 8837 3446 15742 6569 15541 15381 2186 9377 12398 1055 8212 6924 9131 11990 16728 11362 7843 9049 14287 16483 10269 5304 13129 6401 9079 4119 8663 1114 
4782 35
4716 3747 443 11567 12811 2165 6504 9286 9766 4759 2774 6302 17230 12930 13813 11107 2807 3193 17122 14894 14093 15837 6475 6965 5760 12523 13572 4687 364 2988 2908 6688 17736 10652 2965 
3488 35
14806 16305 12646 2202 14677 8796 14897 15875 12131 7922 13560 13031 11111 4466 1946 11924 1983 17226 5297 11142 14560 14903 18758 12747 15941 5597 3532 11297 5401 13616 12218 3722 2390 2470 14912 
5870 35
4630 6548 18723 8958 2228 2158 3691 12855 15383 7572 8373 17113 7219 8907 10284 11447 14505 3229 18504 10649 970 8103 8131 5898 11436 8978 12909 10832 12847 11703 7522 6812 7870 10348 13355 
7392 34
14392 14931 12990 4991 9034 15014 937 11387 16151 16641 4050 17649 12037 15162 13064 10827 13961 6885 10875 3708 5928 2572 15161 13143 7416 12214 17193 5553 12173 14489 6028 5476 11049 2088 
2875 35
7299 18282 16785 15935 5440 16843 4156 13091 9932 5687 13578 2506 7971 3471 5653 465 10277 3901 13660 1900 3343 8181 12731 3002 8553 8195 10234 10748 4820 17328 6107 1705 10138 16528 8842 
3481 34
16243 4388 15073 18654 17922 8575 2732 12971 12332 16682 3453 7108 10326 5604 9946 11437 13481 5421 17469 9385 344 7671 18372 3543 14585 3852 3006 12983 15904 9409 11579 17976 7467 8318 
5368 35
17051 5450 3667 930 2398 16789 15354 11187 15591 2842 9273 3197 10354 13477 3525 4431 9187 2371 18278 5931 5822 5989 2273 14368 13716 17083 12768 5253 16028 17816 4881 17268 10090 10712 16623 
6554 35
5983 11980 12609 4685 10385 2756 18786 4524 5054 5622 12736 7884 16758 17783 8192 1266 9823 10669 1567 13387 621 9346 7771 6210 1546 3771 18232 16482 149 18117 8463 7613 15779 6473 18041 
4015 35
6280 11793 712 7316 14369 2272 3847 7583 9748 3829 1404 3389 1624 14089 6486 5136 11237 2124 13512 3925 4218 15000 12694 11123 4074 16294 2629 8187 4120 2237 8627 9393 13461 13389 3058 
5326 35
14407 258 14765 9803 3631 18250 5372 17145 18717 18101 11275 17627 18384 13935 11751 15446 6927 1817 13663 8177 5368 15092 10056 318 18477 1621 1198 6327 17673 9189 13906 7679 9796 9011 15427 
4802 35
5533 16070 2494 2227 14150 14473 649 18339 7007 11735 126 2728 11715 4826 10039 16857 13658 14375 8229 10666 14729 10291 4740 10206 6464 10639 13903 7120 2433 17775 3037 17716 6921 1094 932 
8393 34
16425 6592 3031 12393 1765 9028 11478 10865 13212 8451 1901 10826 5485 14848 5397 8455 13548 8175 2135 16604 8055 6384 3475 11098 5863 12546 11159 11946 10800 15515 4653 12475 17631 13829 
5341 34
7674 14088 12083 2164 5698 8045 1961 1304 13487 14850 14632 1615 16747 14710 17666 14857 17249 5247 16570 5663 4846 13423 10345 10940 10581 13760 16656 10215 10363 4134 9177 16466 11786 17079 
2180 34
18319 9739 11040 3421 5882 4829 2054 12141 593 14995 14868 10185 14115 2030 3053 5783 9768 18400 624 5452 3278 15743 10697 18537 7684 11342 10798 2581 6766 12263 13445 6673 11677 8263 
5004 34
14657 7658 4261 4425 18189 492 9569 4166 15399 15947 13249 18392 18754 15865 12788 12167 16176 129 6845 18535 8094 14652 15395 12437 4245 2343 18827 2285 7915 11156 17373 467 18414 13747 
1555 34
8782 3561 15004 11904 15533 4886 10042 8666 1557 8891 188 1196 10890 10432 13523 16715 5436 11729 11137 10492 14048 7509 7904 3674 14458 358 582 8502 1998 4750 8091 5960 4327 18505 
4768 35
7310 2857 14988 17383 985 8943 3712 11112 7503 5234 6505 1590 571 16716 13076 16381 15018 17195 3257 1960 5905 9508 8039 1236 14257 15265 15719 15232 2044 348 10524 15986 13671 4019 14525 
4767 34
10085 13514 3248 15212 1689 16997 6221 18012 523 16071 5887 6149 50 3081 2081 1768 2875 4922 8069 10969 9051 3308 17634 7885 1011 9200 2750 889 7086 142 16193 16951 7565 14748 
248 35
17421 679 16023 1777 8333 5566 17926 10484 16359 17460 116 3787 8811 4105 15394 17279 16739 12170 18645 5700 6623 12956 14440 9613 15203 232 3327 1715 11723 4744 1000 3418 16035 12621 8194 
3596 34
680 333 6701 4264 5423 8099 218 7783 1599 11469 4025 5461 16863 17510 15390 10381 18433 6343 9882 304 4444 239 4972 5913 1007 5035 17515 14936 6589 18700 10332 1507 7168 415 
1942 34
7469 12203 11868 9693 2438 17840 15245 15734 16753 3108 2958 16837 1795 1341 5456 641 3753 13917 15784 4112 3951 9521 18794 8790 5083 11340 838 1099 5626 4494 3599 16840 11641 10451 
5164 34
10268 14798 17968 6112 5524 1019 10219 12995 14777 14997 5582 4181 4304 4470 14208 5860 1421 3721 3233 11254 14582 18378 6268 11180 11280 6477 874 5711 16370 13948 2324 5031 959 8980 
6061 33
12832 551 15542 13857 18796 11430 15527 2034 13527 12675 7558 4623 4187 12543 12584 6326 3665 15815 5160 106 11282 11307 14895 16438 6021 16827 12328 14285 4549 9789 12603 3401 3425 
894 34
11056 14260 7258 12975 161 6347 9609 15268 8186 5139 7561 13405 5398 17050 15149 18492 6783 8760 1712 12923 18108 6147 8366 531 9971 6578 11365 5489 17748 1286 7430 14676 2528 12053 
2725 34
18054 16712 13252 10226 8018 11650 3804 15529 18775 2736 17011 17412 11036 13284 18570 6305 11537 10361 3047 1767 17059 681 15005 15531 7623 16437 8342 11198 18249 2072 15180 7317 1584 7973 
3044 34
17301 2377 8487 14998 12932 5781 330 4146 2719 5993 14158 14816 11245 6632 11321 7742 10232 14388 14099 11 7473 11207 18705 13827 1347 12133 2856 224 6425 12516 13206 5966 1436 13986 
2252 33
1782 9304 6829 8966 2204 6587 16448 14233 5154 7022 16948 15422 6209 3952 4798 12088 17149 10571 760 15357 8225 4292 9985 1346 11127 17787 10593 5825 14035 16497 274 4127 13785 
7818 34
9150 18169 5673 7425 1170 8272 2558 7506 5733 17177 5689 9090 12678 12003 16472 1991 16086 794 10722 1457 6151 10561 17419 15956 3813 9096 11378 2270 6537 15887 7758 13817 2969 17757 
6532 33
13516 15998 12656 7767 11257 18004 7718 13900 6841 12636 2297 1625 104 17705 16457 17158 3413 18789 10267 14344 13000 1762 9929 15125 17613 16277 18075 6708 14757 12164 1904 5276 3878 
5642 34
11023 7804 5739 16900 14869 16164 7005 1272 14012 2601 8955 3165 12077 11789 4668 5102 13941 10115 12422 9957 12320 929 11032 8262 521 16024 4153 15712 17323 5755 2127 3550 15814 12867 
1709 33
18403 12659 9254 1491 7863 10651 12166 14417 513 9622 14021 2464 15380 6665 18629 5187 17253 4473 124 1665 13094 8634 5531 11269 13003 17368 3757 7827 14858 417 2271 3536 5787 
7066 33
18554 1746 1619 7433 5122 18501 9614 8406 18513 4977 15858 7530 17825 11070 16150 6275 3067 17688 12391 16140 1280 14401 1919 18832 3597 15600 16006 9109 340 15281 5971 15617 17049 
5312 33
16591 3112 11448 995 5929 11319 11570 1434 10009 6446 9395 9852 17403 9540 3752 8474 1224 12601 18102 11805 6531 9660 10448 9563 6561 18205 9297 6454 8140 18467 13761 2312 17284 
521 33
7762 8146 17857 6358 18386 11575 12597 2351 18291 14774 7250 12967 8748 17544 707 9617 9950 4567 9689 18110 14792 10164 1522 4107 1958 16344 1319 4797 1916 4993 8408 3132 12401 
3622 34
3977 17255 9355 8221 15514 4681 222 9601 6375 6397 14523 16648 15196 1879 14750 13981 12104 11235 6144 14837 454 16560 13639 17614 18198 13200 17263 9856 15214 13176 8218 11247 10573 13957 
618 35
1526 357 6825 15543 18441 13165 7815 15775 12089 11052 9513 12061 5525 6935 1296 11607 2930 6069 1282 10283 16011 5358 13882 11704 17541 6502 5198 6790 6888 1466 17566 14446 4850 9515 13098 
4034 34
17789 18099 5264 18556 8717 685 4509 2945 3844 15684 9477 11080 3791 1722 11959 15965 17880 9072 10128 1141 10744 13815 10196 11045 2775 11910 2748 5680 7045 12530 430 9600 17911 8021 
6515 33
16044 14457 17467 14198 7346 16980 6541 31 7517 3778 9816 2630 11102 16014 13792 11999 3331 6802 11777 10323 16968 6447 5941 1962 4481 5043 3617 16280 8804 16553 17102 18132 16234 
6402 33
10252 16275 9490 15266 9999 9585 14271 3933 11680 11835 4331 17996 13277 18370 15806 7068 3863 18529 15852 788 6228 9640 17956 9459 844 12482 16487 7217 2898 8488 10259 2048 15723 
5733 33
5220 2994 2348 4793 3941 2157 5556 7928 284 3766 8578 3698 3320 3142 859 17470 14384 5577 18281 5443 6542 3770 9595 16733 18760 10761 17851 6118 15927 9821 3219 494 15804 
3824 34
13964 5131 5210 4092 9475 14025 17706 13538 2735 6695 3944 10271 2166 13321 8856 9921 1823 10007 10983 6737 2922 565 11495 11454 10125 15638 12202 18208 11068 14948 3465 1994 17257 4272 
3441 35
9433 5299 15909 6702 9026 7463 6215 378 11046 17604 16541 14578 1167 6946 4939 11988 16732 7405 14541 12573 4334 11069 5857 14853 3501 11500 8476 14721 5896 5380 13491 4478 16714 3017 9212 
5634 33
8381 17532 14305 5292 2882 15260 3135 894 1368 10098 6108 14693 6831 8674 1984 17737 13680 16270 13876 18195 4544 12704 14584 7536 6693 14964 3815 13357 16414 12927 10708 7291 10964 
5318 34
63 3291 17997 639 16047 11494 18293 3422 2881 6239 15690 5014 166 17447 8311 13366 16831 12034 9125 16499 1384 5828 15015 6361 15602 786 17934 2979 16144 2824 2345 9958 6453 2407 
27 33
12070 10143 9980 9671 17876 7179 1836 5312 18567 15378 6628 12619 11585 1199 8495 10419 8503 17755 13414 7941 960 6877 15022 10297 13752 8924 17093 2818 11921 11310 5307 396 309 
3589 34
7382 6237 1325 7765 15737 11371 12686 15236 8942 17720 1322 8917 17729 1458 5044 58 3250 7682 7493 13412 14533 10526 10635 16807 1929 13058 8667 9468 2016 16535 18718 13319 4752 1053 
3212 34
17569 6293 8393 2657 3645 10828 16281 6376 13330 5144 7632 5724 5505 16940 17191 10208 10203 605 8163 18752 14258 17682 13183 16217 18225 16190 4013 5271 13229 10871 16855 16458 18083 1480 
5108 33
7986 1101 4041 10685 15128 11063 3567 17384 2053 5784 2538 1097 10108 7183 11234 7249 3241 11973 7801 6950 5951 11578 9235 16769 13501 2660 12457 2012 4582 8952 5388 3795 9936 
5217 34
11084 16549 9558 6772 6323 12023 7750 6301 5348 8377 6568 3270 4297 14105 12306 14002 3730 4148 10074 7808 17777 15816 4380 12455 1333 4171 14004 10737 1908 515 1186 12800 2394 13517 
