120
539 160
79501 64575 25265 55428 42149 7383 53457 71099 79431 2479 33064 53073 29404 61608 86852 10952 98698 85974 95473 21379 85946 25829 17862 27527 87012 13353 50852 50271 65670 68701 56666 58849 43980 89975 96884 21085 55964 72126 44651 35979 42802 91543 21208 83841 58162 53240 39300 9004 9405 63123 5496 97844 40867 11226 95607 93699 95340 36183 62863 84168 72719 26760 92713 91175 41609 50825 89573 25788 96004 78261 28739 18812 54577 28808 75006 20790 86235 33951 6440 97321 94158 32520 37181 81825 15464 73769 90155 68335 57849 24878 6400 48776 86743 73068 56641 11635 44925 96933 36298 3038 46254 63749 71626 89726 44198 71757 5079 41135 38533 88772 76736 55028 85240 40200 89629 43133 46248 52016 98292 69709 28380 66105 17801 90711 52424 53179 53065 84609 98840 83232 287 17742 50541 36115 59837 22265 16307 43665 81516 51182 84742 2267 86002 9408 65721 11597 69415 65900 58726 73547 38131 46766 70324 33634 80003 4436 10759 8673 9002 69685 
6085 136
29806 53100 59111 20860 20436 35687 37965 12664 90025 27942 48114 80614 88541 53607 93898 67705 66624 16655 36742 23779 44996 67419 46548 16023 59882 49900 46781 91687 2874 94479 24179 50761 32990 5742 73743 74464 20150 26595 76170 62665 49392 86346 66215 33881 14965 25727 26035 10484 62003 17093 81610 49208 75612 67737 72671 24888 84148 9512 75320 53556 94583 69355 56737 61842 18176 92018 90775 15616 61857 63805 62004 23487 7680 52724 79683 59827 12255 38188 14305 87461 48119 17927 63893 61895 76314 31140 49760 70817 9563 83511 79354 66063 25717 38669 1407 98085 20296 92074 90090 26288 93614 6803 92444 20318 59370 25795 5433 70290 97841 89729 16242 31077 982 10923 75702 68627 95610 38438 28645 39228 40124 45652 58483 26025 94601 34701 33337 43150 1053 17886 63867 10463 20848 81964 3214 10476 
2191 117
66124 60714 69997 38876 41058 78670 8782 72112 48968 76523 8707 26909 74055 41335 79722 46420 40069 14520 80442 76269 61209 16640 84323 14682 97723 55234 63268 75675 72346 39454 64702 98725 5724 58019 37728 17389 75551 35982 75890 50719 22182 94843 36277 53840 82453 45707 98585 70434 16446 34647 61025 49884 42570 27514 56985 75789 59314 30066 65453 72013 13818 73079 35677 62117 88504 51520 31782 24675 51670 31028 70206 92456 62969 9283 6860 64189 59994 13266 32319 91541 31584 67161 77295 64982 97243 52691 8965 4224 2673 41515 49322 17776 85090 71753 10944 47944 51153 71078 19000 38736 9091 1266 79687 48437 10053 82931 29331 65947 97891 36067 14712 74904 10269 50938 44460 61976 25618 
764 96
52371 79767 59193 50231 87210 57562 66703 66155 49363 57498 27676 95740 21756 91718 5898 84813 40882 37220 41640 34303 69850 12550 24908 23056 19298 44630 55579 72544 69851 2743 46080 67714 87359 1975 45337 15378 89451 97881 9061 67223 16582 18231 22915 87313 91297 44547 61508 59560 37336 23768 21546 54929 89176 57713 96398 28561 4117 71446 96900 71836 48927 81616 30041 92530 56240 28035 96771 74846 21891 39071 95783 76486 90277 59185 22098 81020 42601 98114 28469 87820 40521 61490 47518 44975 14916 38769 98354 35732 77028 49263 76934 96668 88433 16680 22722 67641 
317 70
734 84110 86696 12498 5460 26261 32102 53652 38821 24470 49117 30963 68781 38918 63960 1982 5407 19687 9593 79484 18506 69317 12349 73987 14406 77465 24454 99539 18975 85202 69541 14714 69076 75902 76644 44492 85018 98655 49564 2454 23043 4126 87658 27686 63550 74847 63892 60413 35344 64573 67220 89659 27411 55916 23526 45044 47739 74245 76135 4251 68346 20044 69788 44764 62736 25718 13852 30714 72356 20470 
3837 67
63847 15363 73553 77831 73770 7685 45261 64490 58010 87140 7832 60412 33644 10003 32268 54438 89782 53299 84678 54466 60145 77095 20482 45308 16047 24934 9638 76312 80875 7945 73597 83935 51124 77697 87501 45954 70759 30689 74782 93399 36736 2661 43754 54821 11626 79043 3217 38461 89609 60399 64357 72711 70395 220 96749 41412 21228 23408 29102 21974 53902 46981 55632 46899 8683 14299 97640 
699 43
62052 71438 58943 42148 3175 38062 38067 44145 23824 23651 19258 15976 99810 63266 15725 18067 39029 86473 86379 50495 86327 21135 99755 92628 95533 73552 87584 38387 75771 69308 19144 97840 49523 74229 62187 83100 74919 38962 55864 79927 29172 20703 93815 
4408 36
57982 657 17395 46824 13175 3835 29808 13098 4697 23214 77975 98018 46443 34540 31871 99015 70521 52590 77892 35805 35753 37992 84274 39801 90104 1379 30720 99758 60848 66249 61390 31864 2460 38155 5787 89567 
1841 27
85070 94849 38957 40910 76336 36939 60332 61622 18107 1109 18512 2937 48743 2767 84634 15926 33728 4728 13515 6751 82164 61286 21966 68080 14702 61746 44595 
3958 20
24829 71187 21897 76799 47488 54862 76660 18180 188 46674 46181 48594 8518 1255 86768 27399 190 63560 31213 71801 
1315 13
21975 8291 18832 20158 32327 22875 42467 16613 58151 61756 8610 90887 46972 
4840 13
32486 71508 63660 45736 43230 73916 22567 23132 88581 30972 70131 15108 2358 
1826 6
34737 62137 33418 92562 49913 34850 
4874 0

5844 0

1729 0

5474 0

3731 0

3779 0

4373 0

324 0

1745 0

1713 0

5004 0

672 0

5472 0

4836 0

4277 0

513 0

4034 0

205 0

6000 0

2664 0

1406 0

5547 0

4860 0

2109 0

5479 0

5308 0

4730 0

4083 0

1483 0

521 0

4678 0

1570 0

1123 0

6235 0

6009 0

4718 0

335 0

5040 0

3715 0

1329 0

1243 0

943 0

519 0

5590 0

4770 0

2203 0

2019 0

5214 0

3870 0

3153 0

3012 0

2064 0

2036 0

119 0

5433 0

5024 0

4726 0

4706 0

4265 0

3284 0

1837 0

607 0

3623 0

1988 0

1363 0

597 0

115 0

5852 0

4456 0

4019 0

3781 0

3074 0

319 0

5972 0

3860 0

3658 0

2848 0

2301 0

862 0

6071 0

5643 0

5628 0

4355 0

3669 0

2952 0

2682 0

2372 0

1316 0

546 0

6051 0

5430 0

4897 0

4538 0

4222 0

3429 0

2677 0

2082 0

1915 0

1573 0

1416 0

1276 0

746 0

677 0

46 0

6202 0

6069 0

5985 0

