732
8696 20
35619 45104 44776 86267 17085 89554 3876 87902 38304 24855 77630 82092 78115 2284 82577 94634 66416 42488 5076 65791 
8728 19
71936 35203 33260 69082 65433 50050 87702 32405 56671 10134 74374 73194 74978 35881 72584 47730 18116 81479 15654 
661 20
48941 87312 32402 83190 46618 77606 50977 25973 15297 26557 49350 31489 55860 41272 44823 15973 86001 9112 5110 66405 
7358 20
8226 6016 41726 81897 46729 65508 65619 36550 63957 45114 59605 34271 81543 47834 46203 30585 67570 34122 51487 88944 
8384 20
29310 76168 27699 71023 90223 79781 84313 24067 67329 15212 84933 67804 45614 54344 4986 37923 69826 34713 81966 89482 
3597 20
40462 30212 95110 43268 15572 44464 11413 10118 37962 76133 90138 43181 26650 84345 90342 82493 12667 73670 55285 59146 
9294 20
42080 72711 16973 96726 23597 68640 97076 42870 89243 7009 57516 37909 747 37479 48181 54341 59429 87581 33522 57295 
6871 20
40071 599 47629 87851 67662 31515 12282 59306 42836 75548 36149 80127 74615 74736 16615 59246 66013 21581 39044 13601 
8181 19
82963 39996 15098 76450 45999 80560 83126 49564 56979 34337 7259 52171 23141 74272 59532 29408 37489 56597 40430 
8530 20
11503 81373 87719 5892 26138 53582 59089 88957 32631 2304 20859 16064 42760 19448 98024 99723 22968 96213 27044 82458 
2610 20
1382 65479 61304 49113 77032 39325 48043 89240 66708 4174 7820 74761 25060 53356 30494 52297 11071 10458 48745 71113 
9647 19
6639 93830 20992 36874 77077 22523 36307 29392 69201 25354 15121 35547 14951 3723 46419 25514 24037 95318 47109 
7984 19
44930 27980 6981 57104 7690 38861 57279 91557 40900 55615 78896 88120 97991 96995 83098 98660 59248 60574 56008 
6977 17
66128 32183 70449 71114 50143 34286 75975 32393 26326 17293 1942 99975 97203 16614 48057 70124 99006 
6897 19
56907 95402 83304 28038 71074 14860 10856 3932 87937 54263 6564 43423 14925 48793 75602 16476 73295 54084 37550 
6185 19
43886 10957 64503 26521 88182 94908 13777 85140 80553 39140 75533 1550 81670 50605 47875 53631 4259 92901 49168 
2044 19
29958 39554 69029 71861 27066 89068 25945 63471 64546 92294 79761 7230 69976 90947 34336 2766 73699 63723 84863 
2394 19
47576 34607 94214 40639 96142 36757 83514 1998 63799 25967 43263 95029 73569 6758 20575 12871 36193 9796 29201 
9847 20
40102 53569 49572 25360 83320 76930 96190 11764 81346 98774 83562 67470 90236 51583 34886 42249 31148 86436 37905 85170 
1349 19
28366 22375 94002 45850 11511 19353 74174 82237 75381 17539 56202 42110 32056 50069 8164 86640 63894 44508 75694 
1356 19
83283 52190 15920 73445 49706 77787 89796 40507 61543 74453 1718 98328 70779 66975 63860 57786 7850 74656 13975 
8839 19
73517 93992 13780 11548 81713 62467 17418 61444 25692 80409 4964 15830 66404 30601 79479 48420 24954 25978 76776 
417 20
1989 6910 94957 53611 54617 35858 275 15324 96586 66048 10368 24763 99685 93582 60189 47041 23860 42052 67351 95889 
5771 19
86501 33122 1209 28069 24242 99914 72219 64988 59863 66534 3612 93974 75809 79899 54432 93188 49265 33987 61655 
8738 17
34438 20614 68221 1081 46844 42857 89237 2052 92795 33701 88550 485 69069 47390 10840 36519 41936 
2590 20
59603 58315 54953 97615 34053 43951 70859 83513 78111 45635 29997 37688 5742 48875 24522 45069 66541 90452 42927 81087 
29 18
93750 80532 77682 66311 68449 12708 33042 69361 80009 55674 33336 68691 77350 99675 97733 50056 23600 69534 
165 19
70232 77458 56855 28355 37089 6338 82111 76135 81958 78600 57068 71402 78531 77356 91426 51720 33518 88798 29967 
4717 19
56201 65413 2654 29078 36568 51880 3319 86264 68665 67252 43891 61195 61563 81351 28190 26828 49956 12998 79767 
9855 20
60258 74200 83257 45533 55738 34698 84226 89198 14014 94033 64392 21342 79077 31629 2999 56073 18568 51479 24583 69233 
7104 18
6640 86511 88759 92978 52594 14464 11303 87687 54403 2984 50761 80549 31313 13281 61556 72320 71194 26014 
6338 18
99700 12190 60792 87196 95615 14542 90076 24605 84191 50679 68607 73241 28228 45550 97460 85867 3993 87956 
8691 20
48126 46058 1012 33992 55052 80049 35565 87419 18437 15480 78477 20152 50247 78715 55714 29434 85175 15371 11153 59290 
8931 20
44975 73422 46470 5681 56908 78860 19568 95780 30542 85129 9389 68618 14462 48430 99045 14270 73278 51296 64479 79669 
6464 18
78557 73781 58880 71231 73743 49221 42483 37271 70117 7568 84763 66338 51166 88610 42093 7421 19163 8972 
416 17
27052 96196 71411 80870 58698 61397 57140 78548 10280 82929 19674 84065 97542 348 1508 34561 85782 
6979 19
89839 41474 32591 40294 57859 71799 71246 93347 41412 21211 30325 25493 15498 8991 43631 3425 18600 22906 76206 
5551 20
2017 82686 16393 42531 49872 40140 25876 2528 46752 53504 96884 2612 12935 42489 29773 99068 69726 35382 61909 30948 
6446 20
26401 15900 97353 66792 68545 68205 46530 53448 69144 69387 36923 35735 27618 83774 98393 35871 99013 78839 10142 58291 
1737 18
11483 75184 75599 7055 24216 38352 41108 1912 35667 75169 18610 63090 10209 39513 96574 74518 28258 7610 
6079 17
36151 81771 15659 16853 80276 77000 76709 22024 12844 26665 61223 97034 72673 49 49798 51612 10997 
5263 17
73291 34601 15260 64389 38744 35600 83457 36344 21385 805 41725 37405 63602 32725 78398 27573 90365 
2737 19
1780 35484 13839 78710 64827 77444 89450 43703 40330 46156 3905 80130 33748 31512 9560 3325 25708 87118 78758 
8093 18
89863 53286 34533 70998 84931 1934 15847 3141 17236 5675 11320 97945 22993 46747 93112 39976 35669 18541 
4535 18
77091 28322 69520 66425 25667 36600 7516 58582 4879 96236 81877 60973 23752 57008 17603 59703 30949 28816 
5604 20
88745 9206 98615 83808 9978 26363 26512 42354 3229 21085 83291 89538 19539 63689 63423 74267 60539 98019 95456 75707 
6644 20
89990 62465 5281 47332 52990 87633 79918 60249 35676 34217 91504 2164 10816 32722 59710 43182 39066 67532 73905 34688 
4951 19
60464 83976 54317 96872 60946 17168 17051 47056 80866 4648 94786 99435 84586 28703 9077 81802 97325 58531 79988 
1348 17
19371 53262 13098 39422 90465 58518 6111 27379 41574 65834 10838 56091 90943 73329 9142 55706 81953 
6636 14
42641 997 71874 5454 54092 97223 34089 1816 60066 95361 75695 47982 88953 32592 
7438 20
92491 76815 43162 1137 35463 42865 51686 50938 85581 86426 68645 50115 74677 29776 82920 7093 59314 89848 39760 60101 
2541 18
23352 96147 57554 79040 25662 73929 12444 32094 41831 12038 54239 98796 43459 29965 19302 59039 14967 5197 
9027 15
30917 80014 57018 65839 672 33279 66363 7339 7881 32154 87363 96865 58873 65327 16771 
6253 19
51545 43682 10342 66108 98355 77863 34810 71436 81202 51490 43797 83025 25956 9713 56995 98882 51496 1822 96307 
4138 19
7028 92204 45568 17444 74424 68663 55497 97831 57207 16048 41421 45495 34073 96595 37046 67693 59332 57000 6958 
1985 20
21711 53075 17474 61947 55034 21684 79703 44967 75766 36762 12654 85728 46771 50199 52897 15175 71188 21898 72046 77460 
5853 17
45690 74745 69503 15189 86337 95766 35992 74376 46472 40237 98161 7334 52055 26098 78738 71022 51319 
9218 11
71906 23172 41448 8590 70639 27311 24201 68963 35538 89612 50339 
53 11
19871 45897 2478 60488 1061 70968 67042 56156 61098 42293 27198 
9985 19
5474 86708 18118 352 81477 35989 4521 95315 81469 46976 43277 39791 57997 13262 94829 27065 44342 31641 71651 
9751 19
30671 83119 97787 77396 94983 88494 86798 40731 68269 36902 6374 78043 81153 15698 12414 92385 68977 67431 16176 
2269 20
13151 68373 36013 77141 83406 54550 7341 37632 27432 25367 24443 96431 16400 77337 54049 48995 21349 79711 60244 96225 
4144 14
62863 53109 28661 22877 75399 25841 82676 24065 61793 68020 45036 39404 39049 37344 
9934 14
62769 40644 26078 85896 76048 33290 31611 48939 61475 13865 42785 12599 50954 74498 
9562 10
90086 17388 24074 78801 6065 43028 73374 54582 66324 82933 
8050 17
68239 93694 18693 42059 37194 39647 50751 70363 63540 12728 813 24179 36105 88971 63265 3975 78373 
2137 20
70379 37854 56949 23621 64790 14704 4572 44632 36726 75376 26245 46404 93795 56775 24477 75016 88626 23019 70737 16397 
122 10
89613 22078 37843 98090 47800 78834 12344 70053 13385 55902 
1488 13
24347 5672 94462 22695 39288 94939 1762 80258 33891 32887 97224 14619 37975 
4343 10
98181 6854 2801 51840 27144 14267 30423 98499 63682 7638 
6285 15
10892 26159 96251 10521 50044 41241 94245 93151 14578 86520 62169 24073 32485 86974 83809 
3993 15
47019 56292 58199 92861 21837 89549 63237 57768 4313 22861 80554 60365 50285 90129 43520 
8178 9
9401 81080 40436 45833 4923 53621 40020 50677 96730 
5023 19
71227 57179 42712 75447 32205 66078 8667 54788 85676 13803 72850 31201 82184 73933 50887 5825 90649 87136 44869 
5345 19
860 89116 97852 15602 94530 98257 32964 24450 62392 72349 11138 17624 31374 36536 95436 90912 13629 30131 56301 
1226 14
77342 44775 86281 44968 233 62617 22973 94276 96907 8998 64032 95939 46361 75758 
8982 16
59681 66278 22153 5325 61247 20310 47826 76643 64244 86490 87726 39197 79323 80064 89082 60915 
8910 19
61520 97575 43138 94724 92261 32055 87320 56663 4878 42750 55435 83365 35807 26215 22611 81603 19559 19798 13132 
9692 17
991 12574 90107 94674 59362 89000 4046 53196 17138 49181 6893 38246 70740 10196 45235 44492 95232 
2297 17
32352 98491 19238 67018 61759 74118 54343 20451 72402 48161 5511 6718 42504 70960 26037 34902 44219 
993 19
37640 5913 15551 93522 98506 73163 73605 65658 98571 82869 96099 1939 76936 61584 62743 3923 2896 81791 83276 
3550 14
36462 62814 67059 38174 48062 59389 60417 30761 44797 74796 25997 9428 61815 77749 
5172 20
51447 57499 4624 78612 70466 52269 6742 17102 52564 57587 40985 22553 863 71104 45727 8430 24432 67828 5955 32583 
2923 15
9779 64384 54171 49587 3340 19756 20732 51640 17764 89943 87908 78873 84721 87323 9340 
3318 13
76786 43084 69979 1598 61006 58059 15194 32281 86023 94732 45513 22250 80271 
438 19
66969 35391 83889 99274 35054 32649 42082 15813 80223 11330 66175 69232 60434 89610 38629 79345 26861 63712 27092 
1037 18
91667 36246 59078 46511 43317 11076 89697 59650 90410 38137 17608 67113 97148 90382 23309 61415 86998 83452 
3301 20
25109 89106 1990 31788 96993 19561 8738 16442 40547 4023 4947 38908 19556 92476 2972 87044 71697 17449 35755 70229 
4330 11
96715 71274 72368 96206 60050 2290 80442 97836 87042 6287 52496 
3868 16
88866 35657 15235 78867 15483 8246 20585 93556 71860 77797 48204 36551 14853 79373 45565 38492 
3340 18
89643 82696 96673 54815 23964 77225 8177 76201 37866 7453 31484 66710 34884 64382 45755 46621 33191 1489 
6997 16
89931 98688 78792 5905 19589 40161 29304 15745 17992 87668 28159 789 87233 72751 15852 66150 
6054 9
4824 58795 69265 4114 19734 63110 15284 52082 61539 
3694 14
65797 5169 23734 15275 25839 18790 41072 71694 35134 73461 336 51636 6270 8169 
9028 15
33839 1506 85016 37017 90292 70946 18377 69008 75877 27682 83450 51723 71195 9170 151 
3483 19
90279 42098 11010 87119 51336 82304 72828 94901 909 87024 94004 37523 30642 18848 91934 88637 38455 69536 1098 
9463 13
43157 30440 69491 12448 71472 42681 77451 21219 20179 33674 29093 5247 4551 
1224 10
40119 56486 45202 23191 61704 7351 70091 46850 625 70152 
427 11
40282 97772 44066 77837 50193 75089 99282 98000 92463 77656 43303 
2250 15
38008 10297 87671 68845 14779 46943 19243 87037 52198 54812 3417 3737 95542 84817 70257 
486 19
97830 4790 62384 70433 92872 57487 16438 74082 1886 17824 92546 21153 32434 30785 80033 28477 78122 77753 31791 
4193 12
82470 16068 8596 51587 29869 52011 58278 97482 99564 34675 49397 24403 
1331 16
69820 69818 38127 59676 12924 25333 72124 53581 3541 86946 81015 31281 36055 41770 59974 82656 
1844 17
95886 84941 6335 67733 28593 32769 92028 98585 47525 3226 20577 82730 22883 69508 67700 54363 19179 
2510 12
20151 88952 51299 410 90510 94567 68356 58544 39652 58393 19813 70989 
2440 12
36019 32503 17250 95621 29022 52280 48961 273 51054 38466 44569 95859 
6793 16
5382 74394 79152 6450 33019 42097 67385 11329 35889 19311 77295 93306 57183 28348 17817 31062 
2359 15
9508 55889 14067 60259 78319 30503 98686 63497 83803 19053 20678 28632 12451 52615 85810 
9629 17
76914 33547 63036 87028 69054 51633 13258 29531 18160 50041 56195 88717 60819 1721 30591 37812 8705 
9486 17
77993 25214 29781 88324 29916 88042 144 96171 85828 42294 1142 3667 13021 47863 25217 50136 81616 
7658 13
8891 20970 40645 25826 48988 6353 16453 55638 62112 25900 47815 31242 82620 
180 20
22770 56086 52970 71005 98128 862 79716 3243 20863 72660 75870 84541 97815 53633 57753 65750 31588 87213 35394 54866 
5254 17
86005 19128 12758 7143 3033 77475 56441 56823 36272 41281 16734 28576 54325 56542 37471 14429 76406 
673 19
73053 37068 58881 17215 46508 72520 50079 96349 29444 44256 93437 59134 42583 92933 97092 20178 4694 74144 65306 
5175 12
34740 886 70139 29872 12890 62499 81030 74994 51604 31419 57263 6659 
6940 17
69993 27468 24199 57710 73925 39870 85883 42102 79244 9446 6553 26739 58983 59466 89434 39164 60078 
9733 15
39173 58005 38374 90923 55543 58337 16989 55530 14939 77857 25678 52738 73503 46377 4715 
5589 14
28172 30920 93461 16716 18607 63705 41680 8447 59911 7436 59009 68026 32515 99825 
7285 12
40018 63576 89313 26738 11089 73564 5389 69891 83724 81492 65547 24772 
5227 13
47732 7672 83714 81167 46717 56598 62742 40790 20469 93187 33407 74622 25082 
8591 18
31632 10379 50910 84079 55863 31112 79328 4367 30074 78446 94483 64419 92938 60267 60237 2595 49613 58214 
694 12
58055 95671 57748 50489 56320 42094 55401 49859 62376 44731 76704 2487 
5836 16
74107 21366 99548 60268 93283 64724 4677 47206 29522 69869 16605 59628 29682 11646 78095 15179 
5966 15
49097 54755 19845 83074 13419 31161 68638 84774 24337 37855 87237 52220 27856 71086 32717 
8177 19
86465 62193 37076 27778 18057 61129 12332 45970 34772 72882 12082 15824 87722 47292 19949 68303 41349 30779 42461 
9596 17
68283 28257 92897 36022 46877 70628 62020 82845 350 83745 36722 52255 74803 24317 6407 58817 83441 
8283 17
21288 75797 34666 69572 52552 81890 94482 96375 29584 93762 84177 91275 77395 778 93624 75951 13885 
3726 13
25619 60925 84645 4363 64035 32226 36631 28561 19778 28990 85115 64529 98339 
2537 13
51082 16092 83929 67715 93270 41602 64285 95777 84262 29581 27730 46571 91004 
7470 10
30834 25892 47689 89688 60595 58776 24953 99819 97382 14340 
3525 18
60690 22992 53202 39839 33222 88124 26248 28338 4701 9648 72796 5122 89782 54655 97816 80204 11729 99793 
8958 15
35279 63505 37144 60861 406 59386 19992 60567 55120 12006 9150 56082 37090 68824 55618 
9986 15
48409 4568 27290 7492 13568 11635 92716 18829 59227 3996 67087 53312 70134 48586 85635 
6915 11
65488 39955 36036 74797 94434 5398 42644 29988 85197 71522 85422 
54 15
67037 84312 25896 13920 66803 72890 42403 52778 1443 50638 97254 81349 16396 49211 24468 
906 11
60103 51287 44052 11604 24241 36627 87150 2770 75208 73612 46263 
9686 18
12234 58585 1739 19857 67539 67202 98885 18898 4984 65300 92969 3052 66874 89718 91702 29417 65441 82545 
6916 12
11809 72127 99970 50484 73880 52775 69602 41285 30454 70456 28824 1234 
6418 18
14997 22844 79744 82879 91998 96150 57577 75744 3708 39035 4176 71901 55251 7124 81382 99717 36770 55802 
8056 13
31110 63827 35890 3561 75487 45770 24457 19817 87430 34361 17128 96476 28167 
3871 16
93037 83757 34264 38562 67022 52692 98821 67314 93465 36057 6198 86380 2283 60672 29774 68647 
490 12
88188 10519 60348 30696 39605 97000 5411 44257 737 53040 24207 104 
5202 18
18250 60356 31782 86155 19273 21096 65496 84690 58369 62898 97824 34541 24818 87187 84619 58381 70761 15311 
1927 15
40567 86437 73243 91736 23592 23729 3347 37925 57500 25473 77772 33481 45031 32340 27236 
7096 13
14081 74848 51471 3912 7263 56709 98137 59961 70558 21657 37822 74167 11788 
4490 18
58202 71337 81386 16060 70238 83630 44635 62514 77937 19038 95526 49258 94608 73041 39788 88257 73008 6041 
4713 20
7840 20958 42024 16018 72070 4500 47016 6256 15110 97498 15233 2430 70362 79089 18798 344 86903 55232 20393 76521 
3491 19
39981 83403 16186 36976 24849 92693 52272 84838 24919 87251 81078 49651 52810 19591 751 55230 74566 39672 77477 
5789 16
54566 87405 50132 13429 62416 347 78124 30447 15119 16737 31614 89758 61402 34964 5401 97026 
1989 13
61260 79182 39893 85142 89037 24761 80644 60870 97175 51836 64154 53033 70849 
8025 12
89138 12329 42969 60747 94355 1439 24977 64190 95861 98568 14159 86652 
5269 19
27223 38405 26048 5257 7929 39365 86823 9236 50139 24854 55893 61193 66959 41417 32970 34903 79595 84148 63780 
5530 19
59366 81846 95967 1436 94165 8809 70492 6221 3036 51062 71384 15173 59019 78721 36305 76723 81028 19170 38569 
6913 17
83790 14559 46107 90774 16714 33046 87433 64705 53882 15183 36458 28372 46861 47134 39853 7138 5856 
8677 18
59762 61954 69066 98603 36527 63444 84362 27075 87787 86212 5765 75934 11813 57476 65537 70719 55736 54100 
5169 17
77688 12931 31372 49902 9265 81107 56605 7598 29783 96286 32860 66741 60266 84648 55356 26720 79585 
1453 20
17714 25123 54983 15385 56190 28208 24651 38811 66733 39332 49749 74243 1339 59341 61255 12015 70749 68226 51412 22832 
5948 13
80915 42117 4378 62993 57115 37934 28857 21026 33742 84791 50950 94212 73319 
4439 18
6785 40174 54368 72389 91600 10386 75771 75100 20796 39744 13903 11204 24579 65954 42593 99588 30114 9881 
3729 11
2650 91787 95081 15581 83971 25485 92769 62809 52186 11564 45274 
3091 15
5660 24479 90370 33403 33875 78266 8607 29249 64373 30466 11278 50612 37800 86977 57247 
3050 14
7507 17096 20053 89911 80440 31709 57053 55851 41617 77035 63291 69020 14042 20139 
5912 16
58401 15943 77245 7871 88435 63121 99381 14229 56772 17694 36075 35156 13665 55233 96622 4145 
6396 12
71240 14995 28919 80236 68119 14039 10810 49992 16288 67310 53076 72098 
8649 13
33636 62417 61716 68823 26555 89832 30396 89830 25295 94712 81110 53719 45589 
3764 18
51167 85103 69583 56429 71135 95518 6181 86064 75741 60695 26712 89748 84960 69806 33508 6290 76664 4642 
4589 18
15019 60847 25544 63137 69690 96842 7474 16290 96657 57543 85547 13094 68905 21652 37167 42443 35659 65364 
5193 15
57071 69331 45002 31968 60938 74255 32326 84756 55715 28848 89721 78377 21798 78706 36532 
706 15
20841 2800 13147 15331 28375 2442 10091 9322 90300 1804 20981 96598 10130 21956 27067 
1448 14
89811 53233 91418 45379 95566 14370 97191 46160 88725 92889 88507 45990 61385 52876 
6493 10
18975 82563 75107 88148 56683 17080 80393 92547 95151 24233 
2276 15
16594 88880 49600 40974 53887 39529 60061 28198 83080 75298 80809 50057 59168 43859 22235 
1970 11
30317 80411 49785 13325 60718 92429 35806 71777 60864 22341 17137 
7351 17
54109 67279 72240 58439 61674 34023 72391 40042 38075 13311 36168 23973 22850 14182 3102 96421 28531 
5272 17
37152 6228 26000 54677 14946 18631 83652 52185 49264 37339 38740 37519 79790 44610 8396 50995 82744 
6152 14
28053 5991 71306 14160 6747 94538 6315 3713 75597 71362 23049 16806 24180 33034 
8587 19
67325 4685 62910 76951 56007 61696 64378 35465 37892 89433 96446 44756 2274 32612 61852 79082 47251 75555 39498 
3186 18
15050 60091 64921 68807 31037 33520 37262 25812 12675 11697 5550 12170 15814 96963 9898 63734 4252 13938 
6374 13
1683 1633 19661 82233 74859 3336 18203 46438 73713 61458 29970 39290 96364 
7908 18
44321 44520 30794 34104 76460 49429 25304 34323 59497 44876 98041 50020 27706 60343 90029 28502 51800 97239 
6236 19
95663 46152 89336 72514 26472 74537 37495 85494 43916 49075 71100 89773 67257 89011 6736 31748 23755 21997 97316 
1952 14
12985 71355 91043 43701 57365 31511 33240 63474 61733 90973 42604 80224 96773 41925 
4058 13
46516 84900 55020 29557 53443 46267 56871 62267 7826 17426 7336 50042 27207 
8390 19
32568 42303 48266 60519 49743 87760 1030 90866 56049 52167 83316 17788 27709 65036 18962 9561 93150 90497 44742 
5804 17
94485 99751 90819 91571 51893 4467 68128 41712 8105 22763 48473 62136 8102 62289 5917 30618 34521 
4297 19
41818 40293 7838 40342 71757 77693 28652 25838 75660 8519 10514 85081 19612 81533 55765 596 50128 35826 5924 
6023 12
92097 27053 7563 94561 82460 33275 99298 21768 60407 64872 65630 90994 
9200 18
95783 40998 49335 23736 5786 75076 72874 94798 26733 90870 81025 86219 59635 15517 8628 13319 23611 21877 
4933 20
20954 39705 94648 26933 67725 92209 14509 23819 26349 8786 23748 93439 79794 84850 20475 12876 1839 17651 79686 38428 
577 11
70531 87248 76519 15164 48924 78649 2151 33333 40761 71558 598 
3907 10
14146 45631 92245 99279 42943 34950 58981 27219 33825 39237 
1014 17
62913 33578 74625 67950 21950 76791 30283 55274 41197 19587 77146 7927 27325 74634 65429 46274 37599 
6115 18
63877 83165 74708 46716 63246 1292 68866 8724 77082 28690 31377 25374 87223 30659 20120 37543 61183 7852 
4213 14
94775 84254 24738 77531 94145 28342 79678 26825 66911 9895 46208 47974 29636 16057 
7327 17
97546 91198 10089 2444 91892 66385 50738 80916 62968 5377 72011 85856 7209 89861 69788 23059 56397 
2631 20
28844 95646 53154 27196 41551 48846 91910 65968 46628 98470 51443 72913 92325 86463 39248 49839 63405 11334 72613 30747 
1307 18
46815 23465 40496 72959 33850 60016 52535 1529 77218 75297 48817 37105 24787 54991 76167 82495 30185 86902 
5020 12
72364 56306 61717 28296 24078 84053 23908 97385 71679 34753 70976 11335 
2429 20
19201 68148 80317 14201 49180 50104 11679 66504 8951 57579 14625 87863 37185 11092 16390 65499 2292 14546 85520 79520 
2651 15
87520 7277 69343 6709 84919 33345 15485 51735 90615 34930 303 87639 35995 98402 89695 
9582 19
80930 79771 91380 49047 71517 18295 65333 72460 62732 76051 38096 57117 15781 75325 82593 26027 72058 68781 25539 
9775 17
77110 63160 77427 79094 63112 74620 61448 40064 94834 91818 58834 4152 7553 65172 75873 51106 10071 
5981 15
40538 13890 8497 35899 60168 13581 66557 22909 13949 31851 74969 59199 52751 99955 70177 
3369 11
44346 36496 1077 38612 64757 61874 50739 19956 17204 15038 49076 
7585 16
52337 89139 57304 1813 31492 87122 48431 89855 15929 20683 56351 47330 22583 29629 68980 25213 
9667 15
13401 59887 70655 54762 90180 36504 43833 16180 40011 66302 56222 94791 20501 66630 50609 
7791 18
23942 27113 54133 35109 83007 41427 75810 87331 49959 81321 87958 48237 26638 84014 32187 91641 81874 93181 
2998 19
3616 16572 31009 41318 13822 95424 71448 88364 26160 31381 12141 94677 54540 1070 42006 59790 14986 26729 87616 
7042 18
60582 42074 72464 37687 64879 38712 77640 24343 10231 94727 18110 79123 87349 18938 1911 92896 27467 69648 
1915 12
41270 38654 15968 76080 42436 53905 28859 80609 17522 22528 88549 24537 
4556 18
32157 40510 57800 36222 87866 37414 43049 15115 45034 972 64985 74165 54089 33926 76785 91644 64604 56560 
6327 19
75885 69984 28670 17312 13024 29164 30559 4165 73051 54813 85312 81507 30031 18304 49531 20231 97058 44738 17976 
4457 14
89928 29127 89588 48851 90672 43625 29944 10762 39188 52833 87383 13166 72866 74825 
5339 19
74857 8649 63380 97317 93773 61805 72427 57668 56296 82022 11166 58639 40789 57166 68007 42866 21895 58878 12125 
3552 16
43720 31819 89918 68779 4127 85967 42 12167 69434 15879 53591 77022 64890 46670 39157 58989 
1668 18
80410 44718 9362 36335 24030 55783 58743 67446 45921 46296 40392 71723 97548 21420 77215 17657 54122 77181 
5532 16
77124 9624 58431 75618 36759 45150 76154 64219 20449 84803 81458 4594 70554 56444 8841 99553 
156 11
13469 15885 65197 1251 54977 73296 20438 46885 42859 47307 36043 
6355 16
97645 41965 33872 70258 20133 84084 65387 94618 50907 17030 62766 56480 31177 44783 10185 91485 
4631 19
80045 80217 9577 49982 43970 98260 49649 66446 52408 56132 15196 40434 85608 80023 74390 6866 489 12505 63708 
8300 12
33813 54196 41532 62377 92704 73038 31408 60051 10836 51039 15770 9754 
5851 20
8445 79965 3982 23556 21720 87530 56563 30381 12513 17291 95728 45502 85653 3163 21555 35601 99002 21719 50129 16980 
5426 16
72585 5925 19950 48107 28081 75702 80817 89167 72459 51907 8856 68419 55517 80783 45328 94840 
6538 10
63790 78623 14933 46525 80291 14029 11118 8287 70242 44112 
3883 15
81808 44369 73083 97903 33589 48709 52270 51928 42944 24416 73176 45299 99574 60726 22713 
2901 17
21422 6452 19814 20707 25691 55482 32616 94766 67673 12040 88634 58807 13741 34002 85111 71126 55760 
9316 16
5807 70147 99852 47309 82906 37623 47249 75727 83085 33100 43322 78016 42636 19434 85069 23358 
1464 11
10968 70201 32197 31005 90673 6964 33607 61212 23162 32384 40376 
1948 16
51547 21221 44912 85158 90682 44627 62011 21302 39560 47299 87494 27621 80843 99273 14595 55184 
599 19
65840 77874 84613 56373 86730 12746 11155 89722 2772 70241 78333 95277 91700 23800 20019 25834 77534 87674 87928 
2097 16
71974 13950 4479 36914 56512 59220 99396 58614 95184 70408 55915 30639 19472 72902 35119 84576 
7098 11
90624 95965 70642 92652 7070 13858 89075 72707 18441 81733 33795 
2746 17
27449 2760 99148 37813 77302 61610 39339 70366 84885 6172 11870 86804 81792 96044 17972 92342 94130 
5811 16
85320 74557 27102 35642 45346 50897 17872 73954 99537 13126 74209 1668 30850 72936 97719 72787 
9013 20
64716 79910 88859 28809 63012 56101 23750 45327 41657 52400 75957 97195 33431 73728 64041 46927 56551 49605 47364 92583 
897 16
3370 19537 89915 44446 35768 30177 90241 31964 62212 6362 43187 92813 64407 13632 85252 71146 
2075 17
24782 49072 84055 68423 1448 18433 18122 39879 70852 86288 50393 41424 99139 69430 39111 4859 38228 
7259 16
28997 72463 70983 5724 14752 76191 32807 65832 25195 44513 28395 76989 40686 14943 40291 28376 
7974 13
59320 26314 27448 26355 45484 36882 71379 76647 20571 74034 46166 46572 88310 
2848 14
31963 69102 58578 43702 98293 94845 33192 77165 28308 28054 65442 74347 83820 50366 
2159 14
95876 5075 42551 7283 11073 73915 5738 37790 3137 26220 99497 4601 47592 20067 
5357 16
30926 28226 86311 61566 49688 23666 61616 69433 2897 29070 41159 14299 88026 41964 15395 86499 
7942 13
38346 18351 8695 34307 47228 88800 16439 10428 4209 32854 59023 42341 45612 
3891 16
70328 96200 77393 36064 64916 21847 5875 92040 69713 46221 17549 27807 45174 42805 47052 86807 
2754 18
98693 4700 71756 52108 65435 63882 64367 86571 64840 60594 64036 51675 69218 81834 65303 35310 70011 47424 
1044 14
60239 32697 36160 46398 51997 46663 35191 47616 94797 72992 14907 60159 2081 60633 
1520 11
34953 70041 59509 34585 24175 63132 32689 333 15181 25451 42209 
9671 11
32937 76265 18246 12328 55891 78821 68750 77785 92380 27758 90304 
1296 11
80466 19174 88340 88752 28937 9005 26826 95303 84642 45191 95991 
1760 10
5901 39132 49620 14830 22422 40929 58487 82880 46805 28953 
5547 12
3379 49370 50578 77720 71951 9153 79694 89992 77659 83536 5500 35887 
2892 19
51425 30672 26190 51820 85247 50451 37513 56667 55996 15090 20135 74543 20815 53745 9474 4658 72634 10531 69949 
8392 14
69215 80643 41824 29951 42060 20066 99981 6519 96946 32513 95714 96203 2231 36885 
1584 17
80641 55911 51502 39082 13976 20516 67789 75917 21771 11055 35610 87744 92745 95584 91937 41634 30631 
4660 16
39466 49130 75421 50666 72867 62952 34629 82664 6364 10404 18015 49197 68486 26081 53046 8268 
4637 18
63609 28299 26142 46712 95262 16353 59528 50684 78679 72198 48895 96659 67409 54237 89342 58115 89102 20123 
4381 20
21975 38669 40460 18215 75947 3505 1852 49126 46161 24950 38524 81256 47841 58217 4894 89736 1734 31979 50195 54841 
984 16
5364 20155 38364 55512 64584 3149 10131 98443 62866 78657 26821 43392 43599 73305 67207 99627 
7010 13
3374 50049 76342 73618 32844 36326 84419 76992 6527 88013 33506 7866 9494 
4112 16
572 27645 65305 35584 7423 49884 67144 30218 88453 95395 72854 8516 8967 68058 46917 13957 
2162 18
93034 31645 49668 54504 17961 42376 81610 63614 31401 84861 54449 34879 81932 66269 35593 33165 44531 54155 
8260 13
8391 43255 81941 63560 47005 35133 92119 2337 83122 75316 3518 59725 87805 
2919 16
66105 2194 92778 36953 45296 26334 37464 22402 832 36354 22673 86866 41339 35907 43217 43173 
7218 20
75619 53763 17868 42873 41014 91340 51664 46565 67526 32922 9385 10604 19101 45458 68180 21624 7404 49821 58235 88476 
379 18
60701 50125 58268 83468 49135 86948 97853 93399 40299 32075 6458 48493 89172 39454 72588 64684 47267 97232 
637 16
31175 33750 57881 63248 53337 69260 40066 86656 55018 76310 36630 85689 27172 81280 47643 76965 
7956 14
23650 34990 86621 25103 2365 19498 11082 59305 43098 99270 39793 8361 89710 91358 
3034 19
44302 45572 70245 1035 25349 47277 50059 69266 18416 28057 88522 91869 64024 67044 64825 65198 41881 86482 97841 
4676 13
11921 50741 19836 52453 48092 44846 90023 32880 59718 12589 58308 52489 51827 
783 18
41389 49971 593 99401 50900 32306 89896 63943 68715 92020 99706 2958 18165 14838 67862 55062 85759 42106 
8388 16
7524 92996 60592 57484 65980 93028 47698 73436 5630 93683 25618 55489 40309 693 70556 97776 
3955 16
87897 21941 21980 96437 76480 13169 6022 48803 88248 62354 77965 63838 9607 38251 20670 48400 
625 13
19051 6725 14438 19915 40621 36083 47274 69751 43832 83509 45573 30496 33117 
8834 19
27790 26969 32461 94166 47838 28952 15140 20112 94079 24810 57592 17043 29971 73288 27208 66250 80124 69488 47536 
9100 15
40503 79050 41747 67500 72373 1905 11852 53450 58793 26345 14179 24333 48829 6610 28665 
2214 17
71149 6515 5449 64376 37980 69006 25274 21223 59437 45646 36172 59288 88742 94368 69665 75024 51556 
8149 10
16863 79950 87508 71560 59349 39297 11281 46288 42728 88199 
1065 18
77947 91882 78289 87160 73016 93966 56400 54970 9015 76483 33295 36080 59899 39346 28543 50281 9836 95946 
5956 18
61150 73217 1566 33959 51647 57377 66314 65480 81811 92215 83263 93419 7784 62969 34372 23111 18497 89882 
7989 14
22925 80808 6800 31099 46874 12877 34694 46347 39418 86559 92114 95793 33147 4181 
4986 16
52927 66917 22541 36753 44980 54419 25224 40099 6363 99737 20097 1414 40128 63605 3255 82988 
9564 17
78145 39193 32607 38194 65091 4400 3879 47827 70424 56167 77329 94564 87438 92259 89514 36491 69604 
5173 15
38361 24828 48565 99749 45825 12320 46987 38728 72990 24304 28708 86399 55724 78571 32962 
7294 16
9222 87816 64804 14773 92094 74403 83381 83796 14520 10973 23108 1412 79261 12787 55349 21556 
7729 18
24647 28235 31058 43920 4197 6685 15638 80885 25440 16001 86053 5343 54159 31033 72099 89627 15641 74182 
4463 18
28195 7858 47964 39388 25685 87340 25398 53413 49953 83013 45282 829 32644 79233 90453 93378 33779 47407 
8683 14
94313 22774 76224 70123 94739 58644 87996 54414 15613 5972 16759 44385 60422 25176 
6568 16
56609 15778 62870 82393 15107 76297 67360 48044 95390 47901 77119 24258 73865 97611 53979 40682 
8582 13
95124 26310 31680 60342 36499 73331 83989 41460 90971 78272 56004 91550 36362 
1397 18
17529 14265 45733 50055 56640 83582 1422 62582 13136 29597 11232 73566 80506 18788 92248 95221 66665 36689 
9108 14
67184 69876 97664 3767 2947 44442 42463 87785 10878 5784 14044 85237 45545 21047 
1977 18
58468 30722 86932 74523 26223 79439 89875 94900 49282 44362 35476 80164 30488 58335 64735 67078 93365 43892 
7985 16
16292 89738 26172 45443 74395 53066 2 70264 92409 13931 87738 55560 16010 33118 56341 80493 
868 19
24532 71352 20414 52243 47902 44131 17941 98580 50525 50252 89428 42156 55200 38056 4267 19436 48775 26508 4022 
38 14
42521 61902 734 96167 97654 40183 45134 92416 40728 5620 21305 51190 10335 8915 
7166 14
43444 35811 20255 99387 98138 86148 74754 49505 99442 34912 60913 59221 58833 60261 
6760 17
58782 18940 39307 55649 84077 77028 92406 62767 98616 85057 950 1126 76560 44692 65570 55458 52244 
2293 13
98604 92725 56425 8227 61028 34447 73439 89524 45466 9744 66863 61567 88376 
4606 11
34227 44605 93551 45877 24020 57936 40242 93740 20684 78370 59143 
1606 19
70957 22806 70198 14572 16695 443 89988 87052 82204 70712 74681 81083 60313 73298 5223 92791 93400 81745 95307 
9002 17
62316 12124 52024 13716 58943 86336 39863 99659 57226 2591 14234 49905 77985 31122 42901 16782 34020 
5438 13
94553 87397 98 68452 13272 41381 44812 6373 76256 89930 49632 60056 527 
6754 12
48874 16462 73946 69574 57188 6136 64971 54195 47046 9716 60674 38055 
8755 11
94470 33836 62812 90955 16968 94835 60364 88997 25511 84915 8641 
1373 19
31404 18763 35685 41060 74489 83590 43493 60932 53709 44301 85717 54436 40442 25918 65244 89229 37280 68101 18782 
425 15
81000 75010 51475 86321 90604 68633 98376 58348 95214 76580 11372 80044 18998 26221 85559 
5437 18
58359 29133 84137 62156 75118 39244 78972 63416 40517 90727 10326 36537 70941 99313 46209 49865 37541 19419 
9710 15
6781 2326 20296 81390 3434 31160 3849 35928 67212 30201 983 93727 63170 56679 74772 
1653 16
37098 38343 94606 23427 57035 29400 94978 93600 28095 28629 53375 28621 32573 13447 98634 85842 
87 17
98751 71808 5534 2467 57561 34907 27257 41079 50480 21592 85988 78681 50554 25699 44709 28830 98047 
9800 18
29458 21735 37308 62670 39110 83343 72334 97820 62235 42314 23887 27170 4382 16573 84088 65584 29173 87909 
6470 17
52430 20950 95501 50052 35795 18006 97803 64147 52709 81962 1076 22269 90831 1969 97384 55265 28558 
1773 15
68833 73845 18163 13988 79356 16687 56875 23778 79246 13491 70494 83220 93441 33405 61380 
7307 20
7843 62934 57695 94495 48963 69264 22807 83317 75500 86853 89015 9078 2575 80389 98806 60425 22940 67741 82144 1736 
3324 12
56075 98469 49851 27589 16067 6316 77126 63905 63487 80630 23321 29258 
6606 16
5144 32002 55231 83662 40500 89288 1236 40239 47923 28087 63240 27485 92191 40103 53170 4697 
4265 9
88057 54609 61731 19267 38289 86119 92124 43685 71532 
7308 14
10896 21713 75913 48460 67249 11678 78871 24598 38808 97823 29482 31752 54440 40867 
7571 18
47873 32320 86307 14748 78861 84042 77627 25497 14527 46106 50211 20278 38860 94825 35514 92146 98311 81760 
7515 11
32060 77803 32430 61005 13034 63763 1370 35357 5656 85042 27885 
9291 19
61965 90997 18754 49163 67203 31620 98661 55315 21108 85620 77294 70367 28135 26874 18872 43178 28222 6043 66701 
9095 13
75822 3621 72812 18313 86290 12473 93109 49484 14246 17192 86613 92928 20395 
3998 13
30958 50288 19932 94628 4051 57688 71934 88054 97779 64979 89508 91337 53876 
5568 14
11989 65855 66563 40116 15721 70548 22644 72568 11333 86322 83113 17432 45053 67294 
2778 16
53630 5212 64301 10732 12271 6688 13424 95289 7237 11107 75312 92159 5981 61039 66600 95839 
4661 13
17597 72713 21867 81257 81821 13396 84872 42756 10589 97597 429 3276 51616 
8518 11
85977 38231 56852 92374 41806 36836 11461 22438 97315 1534 48724 
7107 16
92792 3106 21113 91134 31035 55079 52873 78077 36800 5810 75126 99389 3172 1787 34814 7865 
3124 13
99244 31431 99456 57835 79809 42065 11593 4303 89360 88888 45851 24803 7441 
7039 18
91512 67834 77918 35573 42126 42519 36815 27978 83474 50114 77076 85555 72967 70713 76407 20064 27899 71440 
2495 20
66336 26985 47549 27764 14896 65060 1722 45994 76494 22049 4707 68844 98988 36009 48434 86643 75157 92082 65423 86359 
4817 14
73641 94199 42036 89661 86077 69823 15645 30252 54216 71596 88560 48229 11129 38858 
7038 15
61179 99644 64379 87874 80352 22970 34793 74706 3068 11272 45102 70019 43484 16268 19777 
4275 18
46631 60857 63686 80892 86342 47970 21220 70417 71821 2809 4338 32042 95189 86091 80800 93416 98905 92110 
8098 12
20487 52912 86941 35499 83543 6241 32178 78523 48510 45918 7982 98316 
5926 15
35943 78192 78639 69838 40395 86784 52752 97132 71833 33209 87561 66234 34786 18542 59526 
9616 11
86840 1692 17570 99815 1364 75156 7556 16417 41559 78190 26504 
3422 18
70129 13697 73275 54137 60459 44517 9029 35111 37954 448 5674 34821 19997 40663 8208 32509 33537 33414 
3402 16
24221 72049 27412 26356 27345 11416 90872 46430 7899 81827 36767 16323 10026 75387 17988 51228 
3531 13
93569 41001 55981 75963 7859 84945 90534 54890 79157 3915 54901 70972 90491 
201 13
36432 22782 41939 71461 45238 55418 16015 71506 97865 59402 37292 10122 9003 
6612 17
61274 26840 51976 22393 3698 11996 90289 91424 64075 60509 63998 41036 56585 56700 21810 1584 53430 
3564 16
77305 1094 59508 5687 67647 85539 22124 50257 92079 62024 73121 83454 90183 82267 61102 45590 
9243 12
3924 76302 8337 18699 21694 83456 83845 58247 49558 37978 52460 27334 
693 15
30884 79029 18233 77061 24973 66704 34392 66038 32671 38587 84908 98204 39490 52967 70660 
4351 16
39778 19361 62473 29015 12710 91438 46872 11978 63437 74284 79471 16849 38794 69918 46112 55224 
7995 14
76518 7514 78404 25285 19974 95027 30852 72285 47295 5768 55364 74621 38128 96627 
7408 11
17309 7268 63356 29267 83295 86432 30840 86814 55750 90957 62906 
7274 16
28536 41077 99322 56897 11288 15416 67335 13037 98846 79949 97279 65962 56510 70856 37253 37224 
4496 11
65932 51627 92646 61278 53580 15628 93963 95947 86869 2210 94856 
6972 14
80801 13346 69506 71093 85067 83738 49303 10341 87157 33784 88995 52281 96133 66092 
2551 18
14251 63646 98891 2279 63513 77586 75682 81248 4071 7810 94466 66606 65908 96644 34329 24642 10820 76527 
5299 10
54506 93645 98286 55542 50784 86125 60588 79448 26872 24657 
3882 12
70321 40561 11716 96397 97302 59879 49323 14591 19096 69472 15361 36839 
8665 16
38066 37733 41039 39045 23743 77940 11950 86722 87357 14354 41158 45781 52747 70889 19430 28944 
5147 15
22453 7494 53547 25915 72544 35705 62803 44093 3587 11510 88450 98183 5397 4505 72695 
945 16
70182 59483 64662 61938 33554 99617 54232 15560 17173 33302 62066 79334 73256 19221 46515 92601 
9889 13
17833 75653 75279 33093 70722 99860 28851 32305 47077 39701 71030 55108 29752 
5957 19
12683 93648 73285 16118 9519 14059 69655 16538 92937 4178 30236 45400 7362 38263 56863 41798 15857 11601 69754 
6386 10
11094 19711 2109 49757 67054 59511 71764 17594 22813 9874 
8795 17
47816 89427 30617 31898 51607 7588 75616 72714 7515 35653 81608 33606 24629 34827 20115 11887 19282 
461 18
39768 37561 36998 43121 42774 47063 88031 33194 79697 47118 8756 47155 47097 32445 50918 19242 50539 83538 
1549 11
52239 47431 78457 39536 92602 36648 5245 52007 61854 98461 25013 
9797 16
83705 4103 33849 32109 20576 21164 88882 51079 93826 45942 31216 31556 52045 50621 94156 9823 
5511 14
67852 90565 5058 3635 67863 57863 74398 43412 70096 32655 89150 79788 6168 28429 
1364 20
46785 61473 9703 53457 22118 67215 6637 5480 50191 16602 35016 83629 13278 36175 7442 78179 43337 18075 95115 31631 
7555 11
80645 59433 9913 34991 98853 49271 33388 28735 93960 62262 31057 
521 15
57801 7326 82837 88648 85149 53166 61408 4233 76673 2254 35549 98259 2059 84559 11261 
26 11
18513 31193 57812 28825 89591 36834 79353 55793 38644 21296 33647 
6001 17
73661 21401 15542 9506 95049 18285 2465 51208 16340 23407 79879 79986 93593 50160 49955 68073 44179 
3399 16
28034 35814 10465 74295 82928 40973 31740 64165 36676 37944 48438 35323 19469 22569 61191 76703 
8679 17
59905 24578 53446 4751 72105 11756 72708 31354 8456 80923 84389 95335 9977 32609 91990 69152 80286 
8330 17
75340 35579 80067 19806 17885 30160 63306 55804 35551 48779 27438 58250 62001 45963 59117 91846 86200 
2955 14
80141 63230 32015 88160 6516 23994 33459 55897 53844 56846 82628 67929 45602 56386 
351 18
71296 1814 29227 53201 64222 25187 56992 50555 46738 5061 26163 98744 40494 95938 94307 33654 84397 67705 
136 18
59229 44802 13761 40032 91654 80739 30890 62274 59705 77442 58009 96918 71630 26421 98607 43787 13762 82340 
2598 13
64464 27840 1537 85206 47813 69476 13580 3615 30837 81761 77400 86608 72870 
4402 8
12941 59661 92752 56187 94612 28026 31459 4185 
8033 18
2919 8024 90525 38348 44501 88568 29245 46948 55854 41502 99271 73056 64948 85106 26887 68909 86261 87991 
9641 15
95066 91498 13853 90634 39752 56583 85065 52231 46240 77591 91071 79482 78078 22138 79147 
2786 14
37310 15562 29626 88803 99560 10714 7537 53376 38790 72419 55427 25368 27246 34993 
684 18
76599 59709 47959 96289 89530 3569 18534 62168 77143 76404 29962 7471 6642 90353 78566 17968 75396 63941 
7329 16
36041 6974 33372 40915 10995 67948 44482 49621 54767 12897 22373 4662 7340 77390 65062 52917 
9460 12
2404 22338 72555 66906 87693 87181 10043 3868 19632 60724 27752 43007 
1569 18
91751 6122 47136 13592 97917 28729 81231 3942 45485 70031 82766 76920 73389 13479 53708 90907 88716 30870 
5076 18
53659 5897 95265 84936 71239 31972 58890 75343 86919 88867 54394 6149 69382 91725 61896 10279 86242 4276 
1596 15
79620 43430 75356 60540 25014 30880 29111 76098 99733 15116 66979 11141 5745 19531 2125 
1538 11
89539 52573 41813 68919 18017 28339 47429 42143 58325 26690 65580 
7178 17
73537 92943 28941 28205 6418 7190 60660 70644 43564 932 84338 53133 52879 49819 91401 98044 84549 
4681 18
76932 13242 5920 8956 9211 26436 20058 74041 72529 50545 83177 36866 25106 55202 81294 42506 88926 74710 
7734 19
95387 92277 95683 76638 73853 108 42257 25989 59922 27975 16254 23806 12479 47672 90738 41152 70372 96541 10068 
2123 15
85609 51924 39376 68382 73898 32089 62090 15956 39169 49792 92894 230 82833 85395 24924 
7021 16
8126 69638 66024 19902 71524 34954 71094 39880 15673 84776 65056 14586 93967 58903 78444 86633 
9505 12
9010 25253 31978 32170 82550 89049 3604 91610 61376 67620 14852 61134 
5427 14
25335 48764 78939 92912 33340 16191 60495 95337 75811 28677 37203 70834 13678 96387 
8505 19
51950 91543 75626 82264 70781 63958 99498 40259 80284 10869 86182 35399 62215 4848 44883 68405 68816 53693 64527 
7601 13
70028 60839 77438 51149 9712 30420 48744 44649 16892 31394 4908 83421 89117 
4613 11
64159 4585 38373 64138 12729 81600 17347 7768 61798 7670 69642 
3065 14
27791 36925 88681 57679 61023 9538 13897 57157 57986 78668 54699 72236 18806 67243 
794 10
74291 19230 26937 19564 94453 81411 19740 14396 9991 64596 
3247 12
90099 18090 32734 93744 93240 81926 30501 22884 66506 94655 7233 65871 
7975 19
72722 24213 52789 83556 61299 25559 98766 37579 3073 20873 40404 62832 9242 59175 69390 34605 70037 5211 36179 
3586 13
57227 71835 69041 69328 44102 40780 7837 5869 43105 15365 86665 74127 66498 
458 16
48823 30142 31129 56783 97306 52949 43977 28797 80536 16259 11323 50016 28423 128 45076 62355 
1559 13
48838 83093 90715 51878 52328 13735 44809 57844 91615 49428 21448 94008 32310 
3947 12
46971 40480 18930 29341 50385 92530 6863 12650 55870 97418 70178 21316 
3156 16
60921 70022 41816 44433 17659 48445 93278 41314 20300 18056 82727 5883 69169 68184 43827 94725 
8758 16
13373 66675 45583 57507 17985 77120 18403 74958 51760 95727 5445 60299 49244 24925 68057 36492 
1268 17
47798 98037 17914 42468 30239 12045 85192 73816 97669 80268 17540 21854 6648 2779 5787 37784 68325 
217 14
59223 36514 61774 48188 30982 30737 70281 12165 62843 48249 35495 58261 75360 13804 
350 11
63551 16689 4757 28363 2565 43238 77936 8204 39345 55647 34408 
6806 18
50328 31491 45483 38916 93911 64492 63429 91537 31169 30564 62223 77625 61957 25068 45570 95854 55264 99485 
4236 18
18928 71976 48622 59741 5946 57619 87071 93326 87281 8116 8349 53937 19151 64831 18658 96879 82187 56437 
5823 13
88220 13532 49895 79718 66275 24400 55451 38145 9684 56423 86849 73523 62045 
2974 10
35412 22104 91679 60700 47619 26510 72919 59990 44150 80041 
6486 15
11390 66215 23532 89846 91344 6411 47806 69965 44642 9782 71116 62904 91195 15388 46936 
930 19
15374 77709 50122 98123 69882 60154 30940 68671 24536 24066 64593 64149 69252 62830 8878 55988 31670 68975 76659 
4037 15
14868 98773 10238 57868 36940 47427 81436 84441 54646 25943 37484 15345 90516 79528 56820 
79 13
5547 40712 75224 20294 15601 95827 81522 68010 9743 3069 34003 17409 92238 
5313 18
18388 31866 9801 53210 80434 74021 60437 81844 69937 25944 46276 84725 25581 145 82066 50286 74841 20380 
4154 13
2105 3619 50924 26091 32941 51548 816 66068 1117 59035 63752 35994 89968 
4250 20
64845 79679 25688 12544 98758 95329 8999 4060 8404 20049 59754 25963 22377 71909 95498 89802 66035 6612 89315 16418 
679 17
8937 76598 98826 5008 10728 38913 39950 5442 1380 85535 63537 38440 56499 66304 28064 42288 93904 
2957 20
86534 61837 54493 55932 85993 47661 92555 23816 30778 58996 9027 92453 65272 7117 98914 14432 47103 32919 53080 54888 
6702 19
32460 89309 25794 18442 19296 36390 25065 65657 45821 46273 22817 75983 76843 41999 8808 81785 93166 63639 50753 
75 11
72551 43652 28823 22522 43815 92243 80304 45665 65236 28878 90752 
5400 12
26374 17307 94870 25252 92324 24341 88666 43461 64213 3783 26949 69093 
8190 15
46345 82179 63055 86973 71534 42732 33263 84964 71017 14996 56899 56861 69522 26622 60097 
5889 14
52847 67023 24905 60145 46453 50516 41564 25503 53753 52052 196 92496 21957 56880 
4614 13
4248 59414 38614 92694 6797 80231 11040 96201 44479 89416 90052 32798 76366 
7869 17
23714 62892 38105 42863 62230 42010 23022 48235 2088 29222 52757 31536 19458 79648 21874 17469 81064 
728 11
71631 17456 5940 20376 70282 71880 99924 57477 13816 5031 44705 
3418 15
19757 8222 92780 21134 78891 98243 4314 39322 12207 65342 67750 37794 96870 28143 48325 
9124 17
32653 44053 62522 92274 15298 21421 43429 94572 12780 12191 92903 40886 79060 15162 60377 72526 17411 
2161 13
85231 60933 8541 77726 35535 42313 79403 33316 54735 11177 27813 90603 29731 
6246 11
68475 47975 35090 12292 28024 77570 33834 9343 52410 72842 49176 
6594 14
50315 54261 23659 31640 23273 87680 56405 86297 84968 83086 28837 78452 62447 67175 
7693 19
25314 54135 38123 28229 44264 11113 77084 89295 57349 3799 63759 46440 68186 92043 61718 48395 47120 69254 11502 
3472 12
98875 95870 15701 28175 54738 92424 3501 35120 587 59977 1105 99557 
678 12
85487 33440 94664 84236 17194 47386 14878 8939 68211 31520 36725 47622 
7739 16
69544 11215 42148 58625 67403 93056 43944 96318 18705 19893 35185 34932 20740 17861 91052 14132 
5890 13
45170 21303 87132 51014 54564 2906 38068 86418 6903 59698 74252 21789 60359 
3216 11
81216 74598 74588 70762 20333 21563 14944 79179 9436 72361 66583 
7602 19
19354 16194 57756 55866 51179 92992 68971 35322 8564 73009 69532 35406 93420 84010 24569 66308 62940 46366 20107 
3536 11
84469 26612 2153 91468 94519 7099 78188 63716 30838 82930 25393 
3766 11
97610 53710 23121 41609 98159 72504 89793 24788 22781 52837 96098 
1736 14
76014 14500 64976 25645 69424 38986 28835 3596 34738 98996 63766 17055 87013 79834 
5968 11
34276 45326 15547 53808 17157 25980 92878 19106 52656 72515 24225 
7713 10
22803 12043 26360 21411 2676 87456 40319 29200 95984 76137 
3112 10
43657 28722 88931 31194 91109 88333 34679 14404 45668 85324 
8364 15
4091 41327 72560 81998 88838 97319 11546 24009 12066 96410 83689 61859 60410 27425 57450 
3094 11
62188 10417 96483 41836 91141 19811 94442 70804 72753 26457 4876 
2900 11
63775 64218 51805 71673 15207 47321 5624 8159 314 21725 42158 
4073 15
2359 68855 46024 27061 80978 27832 28100 74354 54761 55069 15461 10082 63376 53563 26997 
6137 15
49339 2745 93606 20860 29301 94337 87126 39948 84257 6511 11968 74131 53930 73726 30085 
4252 17
73224 19213 86957 72729 62340 26067 73659 92372 73169 87121 48475 58654 28200 41155 69466 51077 34069 
2898 12
4151 27128 3733 18833 39434 26924 31889 73496 8979 69486 40590 96321 
1504 19
89495 53279 27272 73289 60114 6788 33029 48312 55493 5201 87612 81801 76629 36228 10783 25159 95023 12996 39026 
4194 13
40861 16943 13128 73906 53815 56177 77193 66263 54420 21300 23520 7184 19288 
2006 12
94498 96323 16873 3964 20664 88446 79411 27157 42790 96719 75657 42447 
5664 19
90558 48407 99451 46966 62042 59453 89379 79939 64089 71750 23238 92874 56387 74449 23990 26666 47216 35355 6082 
3859 15
13583 30049 53180 84076 67860 90034 40901 67990 61686 22248 50188 51337 24656 76163 17275 
1302 18
59592 80925 70175 37395 33320 30149 87842 10070 11106 36161 64725 77959 52201 60380 10683 80169 86249 44582 
8148 15
77328 798 80619 65106 38314 94396 74372 8749 7387 13337 78940 92203 90519 14128 33056 
7191 14
5609 45325 55252 33140 35312 19977 60405 86154 39828 84098 12118 20961 55622 97099 
498 13
75135 77897 72849 38688 11241 85390 4651 80075 74383 14276 84687 95302 64733 
2973 18
34945 69762 98433 33853 14497 14362 37616 34494 48717 25017 78862 12163 33642 99807 18578 27393 61101 75883 
6105 12
20379 90529 47926 78601 82513 62894 52177 96217 12500 24102 14567 8071 
1189 16
18505 83259 27803 92432 97821 79407 87032 24042 45900 15220 4207 96492 42713 95218 18054 822 
339 17
55575 72357 17915 46187 37593 86688 13498 34201 19998 36061 42160 43697 69372 88088 79228 27942 77635 
7699 19
81304 31268 55520 57789 11227 52718 97305 28705 14901 55838 95288 39033 63206 19924 66233 69624 81612 33178 89265 
3376 19
52944 45742 46074 5317 4966 9500 7997 27132 5472 69567 69095 33396 43711 80503 53369 70632 66007 44679 42109 
4749 16
81797 1428 38677 3103 39743 16155 75299 82221 56596 44007 21535 57605 13811 26268 24773 61905 
9461 15
16352 9925 87580 40413 8414 19856 78587 4073 40090 87140 63315 44422 35751 29586 1827 
8773 11
75291 17779 56192 85276 13380 57468 89908 36647 40334 5104 33557 
8122 10
93479 98957 6121 22757 55650 93036 99042 62802 53274 70857 
3548 11
40089 7620 43615 85798 98495 18494 15037 49240 69461 72581 62046 
2114 14
83510 97640 88984 14910 55529 12604 49784 80922 86476 73809 16998 46622 61073 40958 
1310 18
21496 24043 84607 58675 58607 59988 54090 83275 71875 32186 66170 57469 72089 55867 80156 21089 72820 29655 
1438 20
68407 23290 2534 81831 97390 71586 70205 12833 32566 1026 57769 42181 28131 2235 8610 93989 4492 78128 10044 65681 
3720 13
39381 46806 19264 60814 63846 35343 11291 84943 31747 47043 85826 73304 41114 
7312 19
50617 49967 44421 62565 24747 12490 47154 61924 94242 12197 88202 28791 58254 39265 61897 33892 27440 23031 18369 
8381 18
71304 77955 80165 67433 47617 73556 19668 4713 68023 60797 35589 65589 1217 57847 79498 88359 31023 35758 
9656 18
69692 40244 29505 67639 60770 67172 70693 5714 77205 46988 84892 41026 28586 1713 52553 74266 58660 52737 
1583 11
51661 3175 55081 83788 70635 83539 61582 50676 11536 35160 41484 
9103 9
40936 63709 98080 49435 46179 51298 38012 12231 59467 
9600 16
84139 64856 87758 69973 48526 67015 29343 92817 99091 53341 78409 77425 84785 36851 83775 56260 
6665 15
94640 35658 78328 60207 88816 50515 21582 31325 96148 67942 14148 49364 20270 15422 90309 
426 11
48728 5242 69733 49744 6427 63707 89569 34598 47318 98210 44266 
9752 8
27133 51247 3775 5944 43989 27738 55576 7306 
3220 16
8620 19603 94160 90438 54555 8025 20613 82464 64952 24106 47995 54061 80587 57394 54112 50392 
9250 14
64333 91350 85035 44363 81473 22362 56990 26902 40283 47229 50572 401 36413 13243 
1415 11
36581 60818 59570 86353 12331 67311 89423 83073 35560 11057 18746 
3568 14
57089 38570 1417 31134 3120 9324 37582 34112 5430 38169 20511 15600 40438 99956 
2813 16
66646 68473 49290 41988 62532 80108 58000 68282 9635 68518 59293 70506 10793 13137 36337 50388 
4449 17
98500 83404 77964 94003 46057 78847 97606 68749 65525 74759 25783 78519 37354 58512 46169 36067 19175 
4988 18
16906 38009 49700 51197 11200 28523 11922 5799 61986 30035 29791 50618 35058 20568 93955 64253 65045 65671 
320 10
33873 2459 39993 49966 38859 12364 17918 76245 41305 338 
1288 16
23362 34637 6248 48631 17535 58451 75480 45021 44331 76667 68253 96875 72681 31277 73343 65587 
6423 18
16915 6832 18339 40246 95350 95909 60935 7116 51462 64766 59936 10228 83681 23991 28524 9657 92164 29438 
9061 9
97758 6623 14719 34454 40717 6237 97493 42091 36314 
1362 12
99195 16381 23576 59183 50782 33033 9594 73931 29277 18281 6294 67810 
8109 11
66840 10811 75268 5407 34450 31540 23360 42782 59017 36052 52339 
6662 14
33638 44556 64323 46197 22401 2576 53378 67410 59662 77505 11990 95718 63706 65002 
954 16
38923 36525 38254 66165 16694 7208 68463 46680 40783 57105 85444 69425 30830 91488 39654 86164 
6057 9
16604 23430 30803 82939 98002 72172 92341 58911 67348 
9927 11
15046 62049 74206 79480 25242 30544 6861 6495 87095 75180 79254 
4883 17
97689 7687 76854 44064 5521 65990 53038 72340 89809 45225 6218 45736 52215 95446 4236 1183 50646 
7525 17
45561 97017 25477 26753 86673 42512 98220 15870 90166 52997 97906 29807 45917 39591 47337 54004 69856 
4963 17
99629 28048 34875 28802 32355 21883 62023 61153 13355 21360 67334 36289 99191 39937 44372 31380 42460 
3126 14
75788 65807 1899 29032 78439 80516 91310 4943 77864 45234 44698 45856 66138 42096 
3199 12
31616 50556 39943 55105 30461 52228 88395 2875 68187 34905 98845 47618 
1731 19
95703 43551 45653 49365 58646 62603 9773 68097 88863 6756 26239 26296 40693 4499 84056 44982 76857 2408 19645 
544 18
80035 88151 52857 79069 86525 12210 92935 54599 70486 70381 83191 24778 5532 63084 93935 39911 81871 1499 
71 10
70663 85486 74881 6349 48167 65594 39726 75600 62816 75318 
9302 17
44023 23442 31657 39129 22657 15916 24685 46052 20060 16179 8397 83431 85456 43289 85673 38601 35617 
5642 12
93260 94043 35781 48781 72079 8433 14285 49797 12160 61093 79255 66818 
8896 19
57153 96932 9647 31074 20100 69415 38522 97426 32486 95375 82346 80737 45229 64989 76707 48716 31674 83277 9218 
219 15
74828 29210 5852 64195 71026 32900 62614 93066 75503 158 59145 66546 80502 98384 39162 
117 12
77801 47988 5922 25033 77041 650 77334 1511 67040 84600 60073 70006 
4696 9
12829 54663 34933 88240 99763 83870 22119 71248 51178 
2824 13
55254 97295 55607 72587 97960 52131 7772 46614 14508 10632 59793 87607 91273 
5286 11
53652 84511 47790 22812 74002 33603 27086 4117 94415 60639 83647 
6258 20
49500 39742 18166 64880 80381 89297 99517 1626 78186 6905 91261 56382 52036 4743 40405 61990 79538 86338 18399 2681 
9373 18
70583 11392 75104 63585 38801 86777 26149 12790 47709 66104 43687 67642 30136 71619 14100 54309 8685 42278 
7544 19
67706 13399 91815 20078 19966 44018 54771 74945 23574 38212 26082 30934 91142 31305 28023 88862 13364 50145 95545 
3979 15
23630 94197 93216 10049 26728 20470 45508 530 96016 64361 9043 74542 32274 60135 12753 
1959 19
33065 66986 79779 37814 92586 15504 37462 8816 30360 6488 65440 30904 26841 80465 40740 22070 58849 2558 26926 
649 17
13206 32687 77560 1987 31071 6013 91100 77909 16961 57234 971 61901 64470 43976 67689 57763 11228 
5525 17
28392 73677 985 25763 3297 53555 93457 9905 2694 75965 60775 37553 72008 77308 51593 64360 91800 
7870 16
47421 66256 20086 62662 20596 57523 19673 31090 8072 41283 36838 69464 30476 63337 61103 31063 
3957 14
58342 59251 31778 35096 69539 94704 57425 80855 51174 66732 51680 62852 47833 7543 
1533 12
75930 86906 28961 48497 704 39028 58829 7331 21579 59692 34357 20335 
436 15
41981 63990 73634 94503 96497 6930 20540 86715 11589 65951 48725 58907 78386 57743 6619 
270 12
97247 97589 33876 75116 83779 89072 20521 68709 95657 99707 53802 73124 
9787 10
4320 22920 9694 89953 10729 10500 7021 5200 2616 15218 
1430 16
52734 2531 86408 7282 53609 41002 15871 68892 37841 18858 65702 26965 65737 222 89197 77859 
3667 10
80618 67393 69139 13608 18478 41337 88836 62143 31002 84363 
9096 11
22767 38478 95825 41134 37455 83646 37806 30748 85824 91376 35543 
5640 12
9164 61560 72413 22465 99638 23579 466 32527 63281 32475 20267 60344 
6197 11
25916 60903 442 16441 25315 6879 63095 19843 16497 4942 25777 
4071 18
1247 94424 55463 74335 27163 46286 98312 79811 90802 17754 74907 9579 87110 97270 78278 53820 2580 68396 
1154 19
76263 89411 4517 21593 94666 38244 68390 82830 33886 87964 22384 93107 44725 33249 45281 78403 13341 36558 10939 
3042 12
23208 49064 53959 13287 8592 21090 15248 27473 88664 77913 13929 87748 
1906 17
10481 49715 26068 28221 57508 33200 12108 56452 71320 94019 64520 14576 39267 41627 12547 47343 75392 
196 10
66180 49095 90527 21560 83139 33435 22238 89215 5115 13141 
7702 18
44431 44954 69145 29319 42188 22798 10293 68778 95141 8305 84473 89217 57316 45200 81986 9761 5790 129 
917 10
97211 85545 29121 38274 99771 3449 59516 44084 33126 60729 
924 9
27088 30692 63681 68117 59119 2009 9573 32869 2345 
6076 15
18577 66935 8076 73316 90393 12702 50101 10124 20059 19881 98737 88709 20161 16963 31939 
5074 14
30193 59660 97818 86785 63890 82409 70063 83208 68450 61251 77968 15556 69540 89090 
8051 16
33971 92154 92932 70935 48653 83812 84860 21255 26694 88618 81413 97421 51450 60486 57355 98272 
3937 13
62823 63472 90046 80435 1859 80665 40054 9537 7363 43555 9640 80937 49214 
7284 9
28091 44657 49577 86741 65710 26506 21785 79682 20810 
9276 16
31186 42442 95442 59640 9279 35307 6272 35265 18749 31961 4684 69224 81698 37231 16185 9145 
7258 13
13832 49014 66786 79746 73383 53365 66192 83588 79404 9938 33015 60285 51793 
4772 12
14058 5871 80451 61067 15021 42719 57075 10587 73300 20258 56268 48141 
832 15
86392 29746 98497 76482 3870 4567 54441 4118 53142 17213 12923 44419 85275 75680 29059 
9417 12
22550 77497 51205 27907 35128 45149 32451 20866 24671 99892 94487 61369 
8569 13
92334 79948 27666 20946 38083 2644 86805 61663 71048 22059 85709 52315 50467 
4201 12
81159 479 39389 93801 86555 10444 26927 81993 98822 5013 58652 64755 
5305 18
43610 41062 40781 82840 47738 99155 86953 23882 23796 69757 19571 11876 70001 43830 77186 36309 89914 6778 
281 20
77402 47053 81944 13010 22164 20667 59726 89640 43663 77729 1500 90495 48546 55156 39299 36781 10581 70653 71018 43427 
7147 10
11699 71419 53476 99286 93179 34682 3484 7912 10685 66666 
1476 14
47921 36162 67602 57158 72019 80283 81097 75901 67690 71712 97603 1961 97715 62389 
8314 11
56962 8642 63791 26183 3608 2974 49592 15104 68776 41045 13404 
4406 15
95558 13387 35493 34718 52839 85131 79146 58691 27419 83932 93480 19981 98381 56138 95250 
7611 10
53390 47914 18521 77532 38709 31248 72767 71784 11570 56217 
3566 19
99332 23447 34244 21913 41308 87341 96537 83078 38042 21248 94099 95612 23914 917 82110 91949 46784 36185 45854 
9589 14
14669 14702 98722 92805 98307 92862 89391 33645 65717 58108 75639 51509 13326 10210 
418 15
83635 10022 2220 32286 13043 11662 19776 3445 77440 37161 75538 29113 99480 71819 19290 
3572 17
61989 60392 89382 56378 57615 83768 92553 11614 58966 7170 65971 36954 71847 52260 25351 4815 38634 
7184 13
36475 32327 25782 62815 60148 14636 23227 55249 86439 9827 87944 38503 52405 
5519 11
51651 24010 83437 365 15397 19901 73965 4356 50803 51519 1821 
3593 13
47659 34994 54417 67321 86790 43069 93767 97806 43298 25849 98014 63730 56321 
9956 12
84525 73679 97509 38387 83481 46911 26478 32066 882 86895 39065 51185 
8843 13
62185 75867 51046 50624 58949 39604 82538 56130 30128 78685 26685 41879 4463 
2954 14
70287 43645 99236 6962 54611 77838 40455 50849 8866 18793 16431 15405 91776 60427 
7804 12
10549 40986 65230 42228 30002 72232 90637 51995 50894 79845 3827 55552 
8701 16
75890 32468 22983 68291 87327 33887 70145 82586 17641 90433 5863 7804 10655 22625 27998 39610 
4419 15
7974 69748 87742 90526 6448 75666 4977 29822 27996 76124 59494 6557 60288 23924 6598 
2151 14
61360 67340 12005 42867 32336 21836 57231 89199 81858 90935 43102 18408 66458 27306 
6029 17
85567 90447 48449 75020 96859 93137 9711 11396 15123 6174 20803 86811 88249 55830 83667 83137 3780 
775 18
92762 19951 34440 33699 24624 93207 92895 86356 42350 37864 9437 51609 60471 50228 1915 49603 38090 3580 
3 12
6008 49233 54205 4982 75988 68679 23414 92770 19769 28715 1441 43193 
8303 10
74081 75871 65494 15817 34574 86922 97887 38797 10372 99530 
7825 10
4067 96742 83329 50956 847 85744 2219 46689 49239 28581 
9951 17
30746 79279 99083 23612 51430 29724 93979 98805 30497 64155 50703 15113 59129 75166 50730 6896 83863 
2481 9
32350 50236 64259 92733 97443 18774 59755 17475 91495 
7084 12
16320 25638 25547 39056 47433 38327 29223 55157 93825 70667 50476 38219 
6053 13
64052 14903 43194 84235 86403 1327 76670 54178 7730 36102 56377 72001 82195 
8301 19
42833 77553 60520 77403 8668 33035 59243 80421 56580 68204 25209 94550 73315 93091 86813 91618 79257 44378 79564 
1489 9
16618 84676 18780 68669 10960 6539 98757 40236 89091 
4284 14
20698 72299 79590 23103 39219 74488 33387 94524 79501 84059 91306 76024 95026 40266 
5465 12
93477 96489 71758 19351 98642 35703 32846 51954 15842 61574 7394 78779 
4001 13
13030 21650 90042 65591 79390 31140 8528 97667 19280 81051 13888 29890 45852 
5287 19
25182 28737 85930 45300 27536 3206 10141 84768 69034 3028 70320 7137 74984 74627 8987 25386 61540 6389 78017 
447 14
99655 94389 62651 22670 78051 80374 36595 20040 91188 45028 84599 1235 25508 83893 
2434 17
65033 92955 87770 82765 93848 29508 73924 87879 42422 66377 26434 88569 20481 33774 73658 43721 38988 
733 17
74547 79180 92724 55817 86454 49094 67770 13284 65928 10133 76251 80266 83833 95415 66261 27665 5837 
5999 14
96427 11566 50054 21000 10128 59137 70701 33623 41739 75402 42056 89070 75664 69509 
2197 16
57436 67937 22898 69829 39264 38300 65362 74961 2661 18572 36327 85786 22665 77999 74586 89320 
226 17
35050 32160 23681 50448 47086 90399 5523 3695 3913 77675 81207 42972 7484 41896 83398 1954 20514 
4065 14
69141 69244 43537 90021 18030 33951 16624 59940 44996 9496 6561 86029 50234 99292 
9761 10
91084 54689 97918 97684 74259 28058 91986 61586 3750 55044 
510 19
36085 14700 58361 68384 94691 12979 16880 52722 64848 39147 61597 32718 26530 78369 93514 59844 17887 35139 24451 
7530 13
4571 51996 37256 36738 98622 55960 80508 71942 10843 80264 47145 80002 44690 
6086 12
32128 54036 60980 23985 49256 6661 28780 62948 49150 36609 70427 18590 
3252 15
39908 48006 73258 64590 47058 42389 34047 60014 19691 48502 59604 4770 53769 45418 99535 
2703 15
76451 33571 75411 35143 77725 56131 35603 50817 97736 22680 96945 70683 35062 59556 68548 
4307 16
88684 17072 27993 91001 96763 71545 89948 97752 4436 72488 58064 55707 53092 74562 57498 31464 
593 13
4576 98908 20253 97468 55806 29224 55337 8236 23907 97676 24653 27216 50082 
1874 16
88265 6524 46601 39683 16826 12569 87458 67362 10693 33390 15509 58190 28906 71871 72639 63855 
9425 11
52493 20210 326 34703 65094 30226 96922 53662 20963 17849 72756 
7777 15
79701 14376 26636 93426 20705 59567 408 57641 90702 91120 58955 47567 64101 91346 36507 
589 18
89772 94381 18253 30181 46369 74890 75521 57073 7765 23870 49194 50768 70997 62712 82433 54931 14154 70329 
907 10
36274 22820 38694 74734 47831 65891 45218 94303 65743 41567 
3515 16
8307 11158 47627 23401 249 82949 15073 84767 55555 18482 8583 7204 22484 50864 32424 24663 
4019 17
46896 75900 24748 73502 77622 68577 8242 4418 93507 45883 22638 28194 97352 57610 70984 86048 97287 
7100 15
6481 89946 32001 56797 95752 53284 28590 15796 6493 45844 9171 72154 38947 53704 61080 
3966 14
49803 16019 57430 25622 62225 95149 74493 99125 939 60619 23171 69537 51394 11189 
4100 12
51164 35103 29972 61020 73240 18669 80240 68742 18176 44205 87147 74854 
670 16
30010 55431 78 94579 87611 3678 4271 26758 30092 69896 56364 69335 88282 2649 49807 44753 
613 15
29089 45699 1648 27843 58267 66286 64411 58866 58538 62608 3318 53323 6207 23127 98922 
8198 14
26204 51113 58483 59495 88933 41823 79594 48942 20928 12267 3079 10738 96298 92622 
7667 12
39613 4956 25153 26569 6573 73264 77727 28346 19697 87755 62098 27384 
5207 14
70848 17041 84685 32399 99365 88987 92304 4706 27487 63981 27863 28017 51 17947 
7747 18
83130 59915 75420 60059 92543 71937 38767 48522 8911 42904 96160 86558 38585 63041 30365 25528 23214 86636 
4346 12
74795 26532 49466 27145 66736 37910 28209 42961 15630 59401 74401 94078 
7479 15
70357 14401 18725 65444 99231 35496 2043 84395 40981 73378 37020 48569 87337 23657 85975 
4472 12
11639 22 68847 35070 77229 24982 44076 74212 96709 91501 6311 13360 
4742 16
56443 71519 93082 96223 13207 10573 19146 1743 31598 40125 79458 80334 31916 8825 22189 87984 
1249 9
87288 43004 81969 60004 24923 13016 70255 10207 76800 
7148 15
32426 49863 8543 13913 3013 52707 4474 15901 43448 71203 71260 48396 50825 51731 52590 
9050 17
17366 88577 88542 74653 49814 23599 69708 48854 71952 36869 6413 15685 3889 77321 8051 58266 78140 
3877 13
56436 96445 78695 10917 99715 99109 63049 51413 73025 49300 93138 71269 15317 
7645 14
54916 5565 16202 10327 80297 11713 51951 98631 91775 7549 33181 49720 38206 28757 
1092 16
59653 60900 23667 88606 33965 88470 62425 982 81673 33526 61238 21791 26714 52829 50309 59219 
2414 10
97573 7645 8296 61711 80871 72821 67102 17574 3831 44723 
3958 10
96791 35488 24376 24093 27397 92298 9205 41880 62135 36360 
1031 14
93725 77389 39289 72693 56018 55790 70788 34293 26976 80848 94560 94385 80219 51452 
8427 14
3442 82839 98543 79441 50819 82993 10276 43211 3291 28841 79329 63169 33516 85437 
4349 17
68591 39803 19868 69053 83273 22040 69018 3962 60602 21012 40730 59310 87918 44325 68319 67045 4968 
517 18
41481 46862 90605 89982 74245 54503 30055 79584 60630 47947 81806 45419 73642 54076 57333 3476 49599 74050 
6202 12
35878 47571 3489 73534 70036 69527 92835 18657 81666 32439 26051 88430 
2670 11
36386 20137 97775 88535 82671 85795 87329 89242 39426 61752 69200 
6957 13
41944 72670 69907 32686 89883 94880 8280 35443 97950 4446 93239 16211 51669 
2866 14
93806 46262 77892 2817 48432 68317 70773 79980 81489 22845 17006 13047 62728 33902 
2722 14
22626 30535 63545 91360 58239 98911 75712 85352 91586 72772 2495 75932 68648 63596 
3961 17
56275 76039 23102 16499 76044 63866 11497 41373 94222 91102 22304 44288 30526 22892 93394 2633 99374 
9368 14
67656 25003 52306 6710 84092 198 96881 52200 65338 50940 73662 1751 26343 35333 
7966 17
56677 75659 9878 78202 13122 64564 24211 16955 42956 23469 94502 79914 26860 61359 81350 7252 53645 
4376 18
89126 98040 13235 92619 6162 29485 11674 67537 39423 89574 67236 50534 85611 13887 35578 11920 61068 36979 
7256 16
33739 25935 24119 41554 8926 65158 10760 50095 5014 86858 13834 65334 36733 12778 25048 2354 
2468 18
67246 15132 59586 22455 55111 48757 6745 76499 71515 58641 82367 92160 64188 4270 97638 75860 44075 84408 
8115 17
42042 8794 59648 44821 24706 30964 63046 27096 58683 2937 65956 18726 2286 75904 61358 80126 12144 
6442 15
27191 71791 82710 38770 20785 83160 11660 36183 71284 73213 11172 69280 6299 52025 36383 
6537 10
47626 33790 17495 34347 49660 16189 31147 89357 93851 62561 
143 13
13638 279 49036 83523 39825 77545 66255 52677 60993 12602 5193 2562 66161 
7794 17
45367 40631 74812 91529 78504 52235 724 99225 26148 36270 55377 87669 51994 86671 34555 45017 63276 
8227 11
98057 27268 37691 37562 34154 15680 37490 60280 23534 88068 27711 
3229 14
99601 45433 43290 25510 60149 43248 45081 10429 35511 9100 76434 96380 65445 74019 
8119 10
29952 18046 50102 80349 66799 20358 71164 43961 86886 61888 
3290 16
23482 82662 90740 18661 76 33484 84907 81172 93512 17413 10959 14447 28385 91742 3676 79759 
4231 16
22830 93013 28 33514 81509 37715 26108 83453 7049 6070 21764 17548 68464 48429 52359 24035 
4675 12
86055 28410 26293 70252 73490 36137 21239 77775 81589 84202 80042 97422 
6212 13
62838 10024 84445 15924 35388 35386 29498 14766 52625 28692 96981 11374 5696 
4484 12
68414 52878 52758 57031 55439 56565 19123 2072 18372 10703 49925 25986 
6346 11
67514 84554 86457 10844 33365 53784 80243 30385 31839 86061 39747 
9921 12
4632 49816 42806 70450 76698 96584 96109 31524 44225 51518 3929 5165 
1222 16
18914 31943 47746 77507 76095 25850 6691 66617 13764 40964 83967 78527 18917 49871 45088 66597 
7823 12
13575 61273 81343 71873 50974 54319 45769 22647 16731 1341 36717 12201 
4046 18
47550 55001 45505 83754 25200 21386 34800 63367 49922 99007 80920 9968 93155 5601 69492 37364 64874 48110 
1617 14
77589 93865 59984 29324 28758 2333 90550 29606 91605 26184 19774 91056 47934 70432 
8730 11
29795 80550 78006 28565 99587 70577 97591 3066 38448 54180 17254 
1746 10
10129 85863 87020 13698 97538 46817 63222 56409 48698 46504 
4160 9
82157 57938 55481 45332 97979 49384 87595 2923 33134 
2854 14
49002 85806 67260 6340 1986 88593 50157 94586 82910 41904 48426 66325 65857 21531 
5327 19
42237 88264 63407 51877 99218 83701 77762 27648 28744 45937 9908 90862 94202 12826 71382 82095 70315 10520 5678 
5108 20
49875 34110 59575 23862 64238 14232 33685 79332 12918 38650 57384 32043 94578 44397 85404 22017 81021 35036 18639 64626 
7568 14
62233 17092 62643 74596 27999 99280 95150 1043 90270 13940 6727 98554 84207 47483 
2926 13
54429 40328 38518 73405 71063 64459 40243 766 1535 3508 43807 58374 28810 
4397 16
58227 62566 70596 57816 78149 26663 18659 1045 63839 88370 10042 47282 61075 41856 5263 27853 
4998 14
64813 98951 29651 39343 12270 1512 93976 68796 91734 88601 96086 40625 53011 33620 
3799 12
88472 15914 61032 80779 15463 19530 11880 58789 51969 39530 10226 46694 
7978 12
98577 16223 7918 99802 89022 24632 30839 35563 77267 35948 35967 38717 
526 14
87714 67485 29292 2504 33586 16110 98157 9200 69570 54307 62761 16735 33981 1491 
925 9
21489 81649 62837 49873 54010 8095 10542 81081 67473 
4243 16
39913 88258 59160 93977 79234 7236 84251 98923 97226 43064 81980 86541 9299 51708 16267 14031 
3612 10
12164 75570 74097 94125 16598 22854 26970 15834 60652 25134 
2971 10
80017 24353 58629 76906 76820 74047 80061 14407 28812 30422 
9336 14
31985 4034 50935 14610 18601 7095 89465 76358 77454 95682 18473 70375 98817 69072 
3919 11
90734 1184 21917 40245 66590 94347 4461 89941 15819 56056 69802 
1543 16
25996 496 24628 4455 80319 3414 86630 99264 55319 12232 81675 37255 68795 52022 1636 98801 
5480 17
43927 54781 78536 69440 48773 55859 20817 25249 19780 61739 40792 55509 58589 77432 66940 13266 70508 
7392 11
14046 31634 57124 99762 94898 61742 41434 12413 29265 6165 53723 
4245 10
47418 13323 27749 30077 13249 1261 30999 95230 58098 51737 
3137 13
31877 15651 68531 95449 12859 48265 81047 42346 55276 85694 16685 72824 82284 
2509 10
14228 44888 15991 42915 2006 72907 17423 63796 16645 99990 
8567 13
57663 42869 94263 58509 2786 84623 87239 75567 32966 40151 61202 90600 69569 
5983 10
68601 88286 10734 43767 86527 50626 12029 10662 58448 63731 
9350 16
52026 21805 86116 73452 12312 85579 35891 73293 53856 97322 71105 71689 43367 6068 13875 74829 
1506 15
43158 63896 26680 10774 35612 11935 32575 76033 87382 95044 74048 16653 81939 38992 45517 
8417 14
15806 34207 5554 54051 95160 69505 48496 29388 59672 84194 90421 91406 52090 52851 
7460 7
7904 50899 57650 74126 82758 27716 38039 
3328 13
66257 60333 26713 68887 70920 47850 26667 12262 67785 57902 80203 16127 7347 
239 15
71350 73369 70868 72392 9766 98361 82499 1599 18522 41516 89876 18200 37133 49031 12443 
1588 17
51817 62772 12455 73895 27446 6186 64328 38411 98187 13277 48737 96807 45472 24869 28684 31691 59422 
111 12
70445 38153 55457 20320 15253 61427 1559 40466 79430 8792 78382 97759 
6273 13
857 43226 75959 12488 97091 76040 62490 95368 12008 64713 60312 5951 12290 
2991 15
80187 71546 18985 82300 90602 69656 35481 465 85266 37044 11897 37961 3424 5604 11800 
5723 16
71578 12861 57518 63477 30312 92131 94210 24408 38371 38632 62640 99295 59787 10708 43470 64924 
7474 14
31076 56439 46285 56389 96179 10447 37821 50513 88361 40882 74623 20262 52192 55913 
8663 10
9850 6134 8726 17711 49876 38608 60655 43539 97554 87246 
309 13
79531 60152 88030 19890 85953 65057 35295 73142 9524 17401 32493 43885 51725 
1265 14
43649 23903 16146 74434 86827 6345 12384 40536 15495 63830 72999 24675 19613 62157 
1537 18
83836 48693 12074 74527 42729 97801 91907 10681 61374 87307 37321 69114 17099 72268 54007 2729 6451 86409 
5177 16
65536 98745 39707 40377 87343 62448 97785 37729 12620 40825 40640 55279 31518 35665 63765 28931 
3194 12
83891 71611 48668 20979 4095 67871 73420 18218 12605 87799 76102 87381 
651 11
90403 3188 73341 47205 85449 46527 87609 63256 56654 66517 42721 
5545 10
44168 78978 50728 90134 96531 40587 1458 73872 53786 79351 
8534 12
84520 37898 93623 17498 84302 57696 80071 74239 86509 77373 29668 88065 
6376 15
59318 98150 42351 22087 1766 35278 90647 18011 13501 48362 76000 85245 64170 13562 18111 
6109 9
19931 1178 71786 93430 25854 12003 61318 39924 89884 
7928 9
89039 69764 39961 14802 71044 34476 44740 27903 31765 
4177 15
7032 6626 76985 62027 7074 53773 83485 4981 92357 55037 7999 46104 29695 96601 46241 
9980 18
95073 65284 18809 67749 65687 93626 7725 26187 62181 54620 13131 75845 76719 64647 27823 71117 678 90109 
6289 10
24167 11857 93353 25275 67445 9609 80833 37646 757 63421 
9479 17
35487 28004 61572 63922 53203 95238 49270 77538 45904 26242 91530 7706 47936 15938 94436 65691 53463 
9663 9
58710 6858 32752 5190 28336 33696 66331 79944 88994 
4350 18
21419 22032 92255 69962 47931 37207 11799 4891 47900 24984 42829 10101 4595 461 63488 11263 65685 19095 
7305 11
23444 89141 17735 27769 569 31000 71052 41276 95997 16103 80227 
