304
1217 108
19508 19054 173 3679 6543 7040 9989 22873 25462 14470 3468 1373 9622 24957 14416 15926 8007 23169 23292 2330 8286 22029 13175 18295 7610 14642 11995 15078 23463 11473 8230 15499 16120 22454 13202 7037 25367 985 22426 13550 11791 9396 6320 25270 23665 5832 9103 1608 12838 13557 25485 12486 1960 483 10329 25734 16409 11144 18725 23192 15734 22322 21335 21881 1031 12099 12044 24118 3317 24315 15637 4850 5203 21822 21028 23109 17384 17645 8262 20095 22241 25470 24432 24245 5467 12026 14245 7991 24111 20041 8671 15133 16044 8477 23066 22640 20375 9253 5357 842 23785 2591 21972 12729 17325 10806 22504 12182 
3694 5
16448 2079 12101 6491 15894 
1891 5
9000 15218 2483 22337 2484 
835 5
5657 2068 18330 8677 9670 
778 5
17230 13673 13812 1765 21248 
315 5
15756 17805 12184 14656 18706 
3101 5
19829 22756 22089 14088 2991 
2551 5
8114 4237 23373 5463 11169 
3898 5
2526 14455 15896 20241 9908 
2833 5
18108 18223 7317 755 18332 
533 5
19552 23590 23454 11800 4435 
3880 5
6023 24688 84 7066 9360 
2884 5
21484 15273 17124 11035 20296 
646 5
6422 13455 13088 18234 5940 
4139 5
13291 2018 11589 12654 18651 
37 5
10613 554 24074 23526 17854 
2439 5
4073 3238 18277 15079 3904 
3210 5
9534 1071 22659 25142 2921 
3056 5
8621 23215 3046 21200 22646 
1562 5
6364 10788 18130 24735 5655 
3872 5
19536 15778 15017 6115 5901 
1186 5
21754 25576 4689 22480 22582 
2719 5
16330 10132 13235 6427 18796 
4124 5
470 10476 269 2981 23481 
997 5
17462 23527 13110 18621 20337 
540 5
20371 10177 4049 10882 14243 
657 5
21918 23663 12441 2090 15449 
2063 5
13120 16056 14534 20585 10980 
3577 5
7952 11261 17803 15409 3595 
2480 5
19676 5381 21364 18034 20877 
1012 5
2379 5708 24314 24885 17134 
3835 5
18500 23497 1004 10648 19910 
1310 5
6611 13225 11315 12667 6864 
3075 5
13970 183 7245 3695 15410 
1685 5
13731 7577 15794 23584 7612 
3647 5
23690 18049 6202 12293 1585 
3842 5
21902 2342 8793 25234 24573 
529 5
6965 18447 25645 15040 17259 
302 5
279 20933 21744 7558 6060 
650 5
7211 11147 2221 1005 3917 
3048 5
19271 4896 13604 19525 5161 
1779 5
24455 25165 1209 13886 18185 
2954 5
20280 3028 9483 24506 3433 
2273 5
22932 2077 17400 22177 24759 
574 5
25298 10429 18591 16503 12537 
1797 5
20471 1715 3493 5383 3019 
419 5
12159 6105 669 19974 24013 
3528 5
25384 1057 5568 17570 15028 
3053 5
24820 19329 16889 16995 18760 
408 5
21809 7891 6298 23723 10884 
189 5
9665 6380 14352 10220 12000 
180 5
3111 18205 12673 909 2783 
1291 5
21657 807 17476 23171 24598 
3468 5
14591 17118 12898 10112 24222 
2617 5
8016 24596 15114 10371 3518 
1514 5
6949 11364 15177 19566 2142 
2116 5
24125 19259 19032 19000 19279 
4013 5
11060 12210 3531 12966 22236 
2696 5
20956 17770 7046 25749 17525 
494 5
16799 21722 6441 18841 5527 
2078 5
836 19233 12378 4814 17191 
2821 5
25458 20695 17386 10755 22128 
4042 5
8676 13693 22878 21434 7380 
2361 5
17115 13026 11773 3450 24892 
2697 5
22221 6555 18922 14453 16418 
3236 5
8600 9183 8061 22048 7520 
2934 5
12846 5076 16860 10227 14349 
2953 5
12281 18843 13153 3109 7684 
336 5
14483 9881 20741 18731 10821 
3668 5
3603 11290 595 23743 614 
3989 5
3968 25560 16803 5496 22409 
3892 5
17812 24930 1814 8700 16770 
396 5
15565 11902 7195 5479 19146 
1161 5
4905 17745 5035 7552 18874 
1981 5
8422 6856 2630 16903 10794 
2348 5
12957 22136 19692 4933 25292 
1680 5
14757 9868 21340 5576 4521 
2623 5
19791 17508 20024 10011 9774 
2327 5
19368 9838 14801 20710 19037 
291 5
22973 5252 24054 5341 17637 
3114 5
12203 673 12157 16908 4361 
1988 5
11546 8375 18426 22978 14496 
3501 5
6668 23045 16682 13765 1387 
2172 5
1886 9041 13501 15558 21464 
1328 5
1860 19776 10008 19405 24516 
2386 5
18596 22841 18506 18057 12910 
2231 5
21134 15930 20655 16377 196 
2305 5
7454 5565 17884 7087 20911 
1902 5
2264 1579 10527 5897 10611 
1091 5
8373 8783 18350 20965 6338 
2965 5
13141 5004 8786 16362 437 
2125 5
11493 19756 9972 20131 6610 
1879 5
19346 10953 15686 8492 3425 
3882 5
4872 9694 22506 21841 6751 
2229 5
23482 14751 25344 11225 25685 
2292 5
4013 5960 10435 1008 14106 
1845 5
10247 18614 407 18835 2144 
1550 5
12200 15251 15866 16349 1428 
2100 5
13186 2511 19481 8205 10491 
1314 5
13910 7812 25619 18854 14299 
2541 5
19754 15493 22826 12102 17310 
2084 5
9496 16268 10376 18476 22342 
2715 5
7880 830 1316 14466 25005 
1435 5
13101 6920 4187 21842 1660 
2419 5
9410 5448 15164 7483 23915 
1465 5
14513 5431 9440 11616 23702 
1444 5
858 16421 22381 6430 6211 
2151 5
12248 9188 24639 24591 4633 
1972 5
1664 6169 972 3256 3342 
23 5
7801 8695 24635 14488 15811 
1013 5
6058 22639 20980 21519 4618 
2848 5
16637 370 14058 3065 25067 
672 5
2827 24758 20175 12230 9753 
77 5
13903 13262 22096 7758 20964 
3814 5
14593 14811 2160 421 10659 
664 5
12422 11896 7024 19342 24775 
3288 5
18078 16054 11005 10308 15317 
2747 5
20058 2475 25166 15553 23467 
1070 5
6006 22715 16502 1229 18066 
1681 5
6336 7377 20600 22478 14930 
3934 5
515 12451 24693 19241 7512 
1590 5
6728 16950 24615 17270 18857 
3466 5
24214 20857 23707 7844 8028 
2445 5
13465 10216 3334 14353 3169 
153 5
8372 2146 8169 22990 3388 
3387 5
21538 11417 19680 5691 5331 
2303 5
10572 13166 8170 23798 10152 
3420 5
18400 6741 7831 14059 10551 
3375 5
22164 3943 20063 10517 23351 
2672 5
2939 19469 15506 8309 8292 
2378 5
9313 3631 3746 22891 22700 
3286 5
11264 18858 1817 11809 1997 
3693 5
7165 9799 25762 180 12411 
3269 5
25134 1374 22556 16347 11748 
1657 5
18014 111 19872 5429 11352 
846 5
16481 19415 19170 15587 4673 
109 5
22134 16699 22876 11497 19180 
410 5
3702 20096 5721 1232 9646 
2481 5
5000 9637 9810 16368 2844 
2596 5
24694 13540 20712 1427 6915 
1540 5
17877 23691 24773 21161 11975 
4080 5
12004 1631 5103 6615 23918 
412 5
3633 21044 3224 20947 18093 
2054 5
6482 4889 5213 13493 2353 
2760 5
19627 17514 2252 5289 23782 
2555 5
1885 25224 6215 6834 20918 
774 5
1530 8026 2962 14639 5910 
4122 5
14217 404 15880 6947 7405 
3094 5
15271 993 11273 23571 23721 
1464 5
19548 23654 25735 5316 1114 
1747 5
1488 22256 19217 8845 8907 
1325 5
18266 19395 1756 24836 24220 
3457 5
19656 5651 22941 1266 466 
1398 5
18975 12954 198 24462 25832 
841 5
4387 4962 17490 9608 215 
266 5
16565 18741 13589 21601 16087 
3588 5
5696 19561 10687 3999 10181 
2247 5
5673 6941 18824 579 7596 
779 5
18670 8220 10662 7508 12870 
4077 5
2478 18115 209 5336 6352 
2186 5
22822 24280 18328 1486 6200 
334 5
15141 21780 23304 23751 10454 
637 5
14783 3839 13696 4901 14256 
2202 5
23529 21020 8144 16432 10586 
2351 5
21125 6677 24783 19064 1744 
3574 5
2824 18647 4738 3529 21354 
2358 5
20789 1627 6606 4101 11482 
2935 5
15013 25552 25710 248 13560 
2355 5
21684 3187 23748 6815 16898 
2291 5
12017 2172 12241 20090 3047 
1248 5
25744 17103 11095 8082 3620 
717 5
21756 23174 14370 15397 14767 
2021 5
24796 1653 10756 19041 7272 
1913 5
22998 25179 7470 275 3266 
2383 5
21851 2168 18217 18484 24827 
1866 5
18364 10848 12808 10405 3576 
467 5
14064 13015 25733 7230 17641 
2837 5
5602 20304 14171 3519 5874 
3712 5
7830 4301 7327 5102 8224 
2577 5
24423 9680 2503 6106 5931 
1101 5
4196 16647 3770 5626 9158 
4035 5
16543 7295 6712 20111 8583 
2453 5
25102 22829 12087 19098 18826 
635 5
13836 16833 13995 19549 5360 
3035 5
5819 13003 22684 1265 995 
3502 5
20082 2224 25522 10842 3812 
1362 5
11437 23167 16990 5938 5541 
1731 5
267 15406 1378 9876 24139 
28 5
16317 5814 17112 20599 19172 
3556 5
25025 23863 25085 8870 12058 
1295 5
9518 20549 15173 4941 9197 
2338 5
3084 20445 4127 6347 12290 
3019 5
22314 17093 12881 24005 23700 
2313 5
12558 15798 22741 20943 21267 
2987 5
16765 25004 2796 2374 14251 
1280 5
7556 21733 7515 14303 12397 
3621 5
9733 14662 18169 16388 3302 
738 5
16922 10180 4031 9992 14599 
2220 5
20383 8162 23524 5192 22222 
3365 5
18735 8303 2147 24144 17906 
2743 5
6059 4038 14583 9368 7943 
968 5
1066 24939 7932 12520 6285 
2910 5
21676 6535 21877 10640 6876 
2225 5
22564 7033 6574 24107 1456 
1918 5
7498 7924 8667 3705 11195 
97 5
1618 16390 382 17261 6736 
2046 5
2239 23774 21138 5856 18344 
2949 5
7526 24143 1739 7187 20314 
1993 5
6306 9463 25131 15479 14390 
40 5
16105 16901 22114 9666 23934 
3372 5
17569 23137 23550 2863 6077 
1651 5
22112 3934 3318 5271 12434 
2929 5
25535 14673 15951 11877 6010 
2089 5
10217 8605 13430 3548 15377 
4128 5
3166 13398 12649 4218 23064 
978 5
1199 8216 1497 6184 9384 
3613 5
8651 10238 21091 6608 6817 
1957 5
19600 21685 17911 17132 13130 
1605 5
674 1413 4783 4643 23917 
352 5
21216 7946 22651 6653 4193 
3083 5
14625 8538 24804 2191 8558 
3262 5
6359 12732 8184 12488 6560 
3917 5
8527 11930 9991 2741 445 
1938 5
22146 17327 10553 21429 18716 
3412 5
24349 6387 585 7615 15466 
900 5
9061 2254 11386 23657 10750 
806 5
1544 10660 11459 1029 25745 
561 5
23060 2180 2879 15996 23465 
2056 5
14086 11168 7909 8151 4466 
3762 5
4549 2346 18202 23619 11855 
2659 5
3727 5275 17318 14084 9497 
2354 5
8743 14855 8414 22205 23980 
219 5
6929 15121 7789 13242 14400 
794 5
22374 13795 21759 23009 25156 
2427 5
18554 1657 6276 7384 15942 
2223 5
340 9541 24121 24867 6121 
1008 5
6188 6391 12116 682 3752 
1903 5
10076 20624 24556 18140 7888 
139 5
13133 18414 1605 24487 12155 
1512 5
9239 11242 12308 18957 1044 
814 5
188 15330 14144 25766 10923 
855 5
23490 5249 6645 7656 13047 
751 5
6479 459 15261 5865 15979 
1131 5
24358 14731 18979 7866 908 
1348 5
24579 4382 20165 20897 19568 
3012 5
6528 5162 17758 14487 7208 
1629 5
15253 18121 16248 17284 14341 
3112 5
5890 8543 19312 10637 1204 
2405 5
14533 12663 24321 12806 206 
1564 5
18245 11508 13512 12246 16949 
1478 5
13590 23788 23002 9508 713 
1745 5
6765 12624 18961 6592 1723 
3117 5
9177 16032 24322 10303 311 
3020 5
17097 24022 16049 24146 5778 
2284 5
6591 8385 25376 12929 5201 
1619 5
15213 1466 10873 14072 22566 
2809 5
11601 22851 1482 20484 3030 
1212 5
4321 3956 19490 20882 1111 
3034 5
12686 1432 6465 24550 7055 
3908 5
982 12032 20273 24400 7613 
3022 5
18153 14768 812 12461 9948 
1395 5
12990 4472 20416 11146 16879 
2145 5
16405 18926 1293 11699 1958 
1346 5
5347 13842 23630 14095 7755 
1179 5
17369 13972 7937 13689 15389 
3152 5
7686 3105 8059 10096 23949 
2678 5
22203 18410 6325 2983 8467 
1642 5
8464 3562 10766 17744 9681 
3820 5
10013 15263 9657 15074 15899 
3644 5
19029 4051 20288 18389 991 
610 5
5153 25477 16419 4642 8173 
89 5
11097 21806 20483 25391 19284 
1549 5
3331 23658 2469 7319 25140 
1207 5
17997 19376 1800 16495 17246 
666 5
1024 17241 11743 18599 12056 
813 5
16516 16526 23296 25276 13036 
3082 5
23186 23537 24150 4241 9614 
1959 5
1362 13409 16092 5159 5320 
1183 5
18803 20274 24641 3760 20182 
3475 5
5308 24545 16851 11077 440 
2027 5
19430 8251 6969 6039 12092 
172 5
7982 19949 9038 24154 16821 
7092 4
6068 18715 7003 7400 
1801 5
22612 12137 15616 3055 9008 
2258 5
14844 5298 18744 12792 18865 
1871 5
5941 8965 19530 380 24771 
250 5
19523 9425 11009 9683 6811 
2115 5
14146 19873 272 7855 19187 
3476 5
14509 5425 2456 22726 4559 
221 5
14244 12390 1689 19532 22683 
3742 5
20865 8055 6297 11331 493 
3125 5
8960 22898 2405 2400 12487 
2737 5
23602 2403 23575 9017 4097 
1154 5
15822 23475 22901 21469 2279 
3893 5
12702 2069 7070 17470 6970 
8940 4
21075 17967 5400 8328 
2138 5
19904 8759 8924 23784 21065 
3833 5
5707 5713 15475 21545 5745 
1765 5
2585 24538 19800 9416 16953 
324 5
1187 20352 10200 8468 7170 
115 5
14556 18501 23521 14563 20153 
2998 5
18681 3406 4767 2011 14221 
3133 5
5987 5125 25070 5335 24012 
84 5
3350 14793 7422 10573 22015 
