67
5865 16
15984 31464 61084 51168 39349 42173 58991 72299 47761 32168 2529 42642 49742 24909 36919 55048 
5864 16
67449 19193 54430 68602 38137 67467 18298 75562 63179 67958 93711 94076 41468 8584 47438 11417 
5863 16
75177 17834 20150 41565 82987 28526 88213 67836 56523 40510 5954 94235 91098 72985 61078 36363 
5862 15
20058 67621 39597 90248 64356 54318 60201 44415 99605 97750 6006 94029 16673 44846 86334 
5861 15
27177 53102 12037 25712 65448 29235 64401 65980 45231 85615 65638 41904 66740 20076 71310 
5860 11
26780 38876 76878 82426 72974 51557 99786 90198 82148 2973 66558 
5859 12
42037 89887 39199 78492 68471 13657 3342 77871 11059 31847 54653 51698 
5858 13
96214 91653 20647 57128 89431 77170 72386 673 3614 69527 35093 77019 82082 
5857 12
23002 32446 99593 70449 27380 57738 97027 37773 11462 42340 64299 6769 
5856 8
36224 83147 48959 12971 4702 79095 52375 26169 
5855 13
63094 71721 42466 99447 98884 49162 95973 66884 30922 140 52987 58793 15465 
5854 11
38719 73247 78163 36034 19792 94636 31676 1619 75312 85702 88376 
5853 9
10729 75281 89726 38710 49072 96741 70738 32925 33097 
5852 12
73191 1241 12318 90524 45897 26492 78272 20782 47101 14440 68768 53772 
5851 10
50393 82049 37307 57541 86928 44363 5250 89327 60808 27275 
5850 11
57669 55236 58945 87790 85707 79268 46811 3693 53817 72368 2934 
5849 4
55247 95760 14613 88547 
5848 8
6123 3645 94426 17906 31490 37045 37000 76296 
5847 9
59334 42389 43042 33401 64069 36957 75749 97632 24465 
5846 11
73284 69935 47423 26549 3659 63337 69916 32227 60799 11423 73493 
5845 7
18241 54615 49084 15481 42914 92556 72642 
5844 6
85774 11657 10496 24711 23100 36682 
5843 8
4929 75996 1908 94566 73568 77373 1355 55276 
5842 5
33898 59008 56024 79261 26429 
5841 5
7504 26546 56710 52984 32068 
5840 6
89309 84248 79710 45420 90703 24647 
5839 3
75032 16100 6427 
5838 7
8898 71604 74619 29557 82897 49856 92680 
5837 4
58339 87137 35869 70292 
5836 3
11878 57539 74706 
5835 4
51534 92792 46019 27087 
5834 5
34836 36773 9625 46271 2502 
5833 4
42684 72563 58244 50491 
5832 4
49975 86910 6304 10524 
5831 2
90776 12543 
5830 5
36795 94034 99180 40693 91831 
5829 3
11521 20514 3412 
5827 3
45982 99481 47036 
5826 5
73350 4970 99732 61424 52779 
5825 2
28660 95890 
5824 3
46883 31347 91034 
5823 1
34705 
5822 1
649 
5819 1
28631 
5818 1
49387 
5817 2
85719 80622 
5815 1
77847 
5814 1
48568 
5812 2
24188 10687 
5810 1
78254 
5791 1
25426 
4336 2
91001 23307 
3411 2
13948 26283 
3092 2
49577 85595 
2264 2
20383 59460 
4936 2
97360 54848 
5615 3
74136 76749 62876 
3281 2
93275 80200 
5041 3
26009 32929 56667 
2650 2
10129 87007 
3710 2
72819 26629 
3327 3
33508 18615 34921 
4043 2
47899 71413 
5455 2
56684 95628 
5594 1
20093 
4934 2
9418 41887 
4510 2
15862 76308 
