34
529 270
55311 57166 21213 61653 20957 74418 45312 30360 6886 24428 34819 46553 60623 22050 65960 75800 50969 47302 64880 12678 42201 77863 81351 28874 28529 55580 75938 82960 28549 57952 48104 77899 53703 81283 63500 481 18065 54336 26299 32723 61185 83645 55413 22805 32375 49815 50133 61858 57339 26292 72516 50507 981 19102 70585 50425 61237 22039 65481 30829 65059 48144 69392 63373 29149 40883 11961 69836 53041 9669 66830 27895 35145 25719 19930 64139 36092 4901 40677 81021 34865 74438 22773 44540 67200 14155 31996 64635 83230 50578 9104 58722 799 24385 16739 32459 71291 77645 75650 34398 18562 4892 42591 21883 31999 41075 49614 4000 45883 37089 70027 2 44118 22806 72995 76557 69138 6662 3224 49667 32514 42757 25586 79222 7747 74654 16600 39503 36549 82464 14698 83084 45992 4274 54139 61008 893 73110 34165 39003 39614 7050 18764 50854 2532 68326 7435 50508 5906 44609 53676 38964 51162 26471 70439 7883 83739 12667 71507 18816 81842 15869 49650 41329 23021 11025 60833 28195 54269 65503 79262 67141 2741 58832 9848 27429 80779 40993 44170 40717 24492 50254 69482 69349 39670 32588 2016 52435 42870 37698 11835 17902 14228 1437 13425 37212 48173 17575 52186 28095 29783 78585 54312 48142 69760 24425 28219 1286 31597 84235 11573 71716 54997 70781 17534 42450 43939 66023 70786 82403 3358 54050 60811 57118 37986 25454 47209 26172 55879 43889 39065 57808 44740 19942 80297 13656 68765 53348 33510 46611 82909 75783 80427 63555 3548 50709 77677 62603 18819 60569 78013 40656 72189 9707 62567 70246 34233 56356 44249 61233 20648 697 11496 10090 63148 20819 82778 12522 33841 18817 
813 46
63104 70613 62973 79692 18304 44325 9101 6871 9499 26143 14106 44867 78457 28953 62670 5503 61161 15759 535 78129 36849 594 77706 83675 30604 56153 21149 18664 49349 21276 51361 44349 69040 13962 22484 58658 31166 33566 76808 52054 71662 67538 30737 74229 62301 79060 
895 46
81907 58261 68886 46886 62649 15613 75943 75471 32769 34117 28160 49675 74129 57207 24869 62503 32845 38368 72607 52494 73674 61986 68746 33567 51920 80970 39835 74753 11710 56559 9191 52164 48291 77374 35167 69676 82623 34374 62235 61505 13640 37317 24473 67117 21751 72018 
238 46
51422 26392 56437 61270 69333 76892 61558 75317 52073 18675 72391 58154 58716 11561 47114 22651 21746 29659 24986 8482 53206 48539 26796 5565 48184 25078 1675 76623 81024 10990 46193 41540 28677 50333 24301 1493 79539 75161 78440 13294 33831 44187 10951 60460 57465 31253 
3521 45
32483 34519 26192 36028 63448 54885 73811 72782 39100 4511 70948 48059 74484 67048 42394 67439 78596 67630 36119 26004 64325 54943 52246 10600 55046 72739 62776 11232 59054 50197 63115 3288 65897 9929 74179 72314 11712 7312 10573 44065 10736 22015 32061 62125 49817 
165 46
82872 65514 70010 61079 52756 67871 80163 55505 15228 79519 3605 13024 71768 14951 18661 47763 17421 79731 53217 52918 56551 7729 60871 13971 77985 76089 7065 12946 3767 80073 17788 64198 22630 16886 42722 5407 12539 39017 19005 34894 46907 10396 28990 5577 39512 5911 
368 46
18469 64024 4167 42646 15013 47434 79889 30036 6509 36308 55853 73468 82243 83455 3562 25877 23917 650 35392 2212 42424 38653 67985 18313 74538 37764 22156 52526 70055 14234 2570 61820 18023 37076 64287 76133 46658 12990 57699 14299 59507 32009 77970 31011 46005 80148 
2866 45
45053 64732 24801 25089 8401 7781 51991 46037 72369 37116 80676 1821 59147 2195 15622 65368 14835 67177 10860 20750 35083 28573 35424 55160 23127 63262 4768 50343 4626 83740 38593 61741 66931 14296 65403 75591 67174 39660 67111 13708 27987 65592 80405 58744 60486 
1519 46
23535 43281 53647 36628 81649 24755 10180 69743 60167 64008 51859 62084 15320 36452 29127 14527 52389 21859 222 72107 71263 55085 7081 32594 11487 24059 10194 68515 17896 46518 7186 79760 48079 447 65994 78629 61062 45989 75218 12583 83513 19 74673 32217 12344 11440 
663 46
20224 56485 6709 21052 32913 39866 23478 25867 37712 61846 57396 31134 76512 28876 43986 18436 81883 82817 10993 42248 19893 10199 9550 48379 65715 66364 21715 69806 76524 10980 60143 36132 31160 24779 12221 17894 51769 36326 67198 30225 48861 71251 41378 61568 5145 46289 
1603 46
9381 38255 2256 539 31883 59476 63238 60954 12516 32473 64080 73371 64856 5539 62431 37410 65714 13823 41335 14503 1644 43198 62898 44657 84114 72636 77561 2064 35751 59938 65486 64662 54920 58893 50484 45478 59495 16012 7955 78773 64188 24500 72595 36471 53420 59998 
1392 46
29959 68383 1956 49141 37395 59876 32712 71096 40972 34555 28922 46040 69790 20586 27447 59505 21671 36818 65421 66016 41422 31830 72033 53477 15914 77638 42798 16001 6437 74203 64475 53608 80622 515 59396 82718 4023 33524 64081 83507 11793 84294 71747 11632 40646 78973 
369 46
48315 18487 39417 57711 48066 39842 74993 11678 80855 62658 5318 31403 63055 27979 44080 39910 60084 62169 64470 37580 61231 52144 28914 76096 49412 20831 46238 75111 3448 57760 51261 17970 24443 32296 47327 42339 1671 62417 41648 13117 73022 33865 25323 35483 69059 71975 
2992 45
37019 72266 70893 46302 45937 76299 27517 6055 26866 76119 33336 53767 61478 47892 74101 57089 33047 13732 61131 14425 41023 46492 67848 31804 20534 7444 44811 40760 76093 53964 30104 47420 32969 48085 68463 27985 34881 13687 50476 57946 65177 71803 62053 30940 21309 
1133 46
25020 32214 75399 53995 7959 25126 32503 74948 27348 54628 41387 8740 2579 42785 39405 42601 29210 38400 80890 3856 65565 32383 82797 437 78923 24636 60850 19556 15674 79633 30312 29890 15626 47256 43237 77003 23298 82806 16255 55873 39897 32642 8302 40986 67034 28358 
1318 46
63034 14510 45073 15051 30439 19850 19686 41983 43765 79653 1642 74031 68893 26196 63570 49125 30349 81609 43675 47855 27248 58724 2524 14125 32325 6877 50317 22088 18351 60523 23492 59603 629 29323 32149 80586 58864 35989 57 67674 77227 61127 2168 58607 80022 72351 
1801 46
82447 65702 8734 60633 1097 31310 34646 77969 72858 820 17647 57961 41784 24335 73480 65638 16398 16259 78396 55598 26130 24702 53545 74746 82113 65200 12369 76603 77999 66573 81367 64693 10796 57915 74382 33438 55726 46992 7512 36470 30192 34906 44595 11902 83957 1276 
217 46
2839 53521 70202 21297 50087 32636 11588 31990 73035 16405 49135 41316 70383 36829 74761 82051 58557 82472 51424 16420 54245 42090 46875 61738 83421 11916 16496 7494 49185 38726 54768 9783 79631 54784 54465 66431 72059 23402 43791 22369 7675 20309 2234 49512 14423 72440 
462 46
82546 49823 66569 73008 70414 68978 38102 48593 53768 12298 12724 31595 4385 24008 16475 22468 44889 28237 27543 48322 12471 47094 36088 46478 26454 63106 75720 64961 34821 43852 2432 9180 43576 64102 9009 30914 38409 24364 73640 15403 45051 40442 59008 10361 47222 37293 
1558 46
24934 67303 8375 18004 65822 40771 14829 37354 32224 49491 22709 24388 82793 75732 34775 9529 61610 69968 46274 39315 68001 43531 18709 76582 33693 60942 70114 19986 32435 18630 51754 48945 14517 51004 43384 83565 15672 22840 63153 14384 65598 4301 31425 28124 57844 24414 
2506 45
7921 34923 48042 32081 14921 73114 69238 25073 65057 8674 76056 25416 44148 34696 52883 43874 31960 22758 71935 18896 10397 81785 47785 38381 49196 69928 58514 29876 39077 77038 53292 52689 28103 2385 44591 8157 5437 12403 78197 51406 72317 9251 44390 11170 19668 
1141 46
6111 78410 46786 18613 26997 49019 47407 52293 33211 58084 32763 48359 40569 64207 64289 5760 25730 21880 16139 38220 35279 27571 12835 51026 16235 11795 55697 26751 45311 14766 43562 83310 58870 61145 69374 35203 24926 23289 80411 12327 82193 40710 40294 80627 40740 28945 
1818 46
78699 38808 14869 35653 53950 76679 25147 56603 1712 9055 1740 35068 4503 76491 36665 40057 44704 62363 52139 65998 76103 68089 12332 23498 82585 36219 80919 68201 77241 3317 70905 424 8022 68402 19324 33685 51017 49130 37428 71984 24599 47465 48327 39485 3850 61296 
1077 46
82004 2656 5589 63878 50997 902 55864 8684 6947 18273 69092 58129 70624 79345 47686 60304 69322 5509 69194 72653 81042 56702 38744 42939 81749 33461 66755 76669 9390 78906 67701 27932 18370 36815 73394 82409 36944 7047 14867 43275 36422 13516 56874 38298 71722 48667 
1097 46
44902 74211 37114 18473 33778 54797 30159 59061 48836 74480 43190 73534 67332 65841 29898 5732 20405 32118 5885 4650 23159 71160 3996 83587 22861 25046 19836 41490 66024 60812 75025 33409 24013 4566 82154 83471 54510 60827 73745 61110 59150 35371 26432 16747 13056 44382 
3028 45
30811 5930 10252 67215 53978 83119 68638 31305 26658 16141 27369 66958 80106 20679 1714 664 38095 53128 54191 55005 66955 36356 71129 18980 52696 71369 44277 74264 60 27442 3006 2261 75033 952 61539 80415 30147 52838 32311 31122 3757 73716 44904 61857 42682 
897 46
59441 14197 61990 44352 16840 10944 4819 54785 19299 51018 56565 79360 67915 62803 76798 67744 75561 78398 48048 14096 38176 63361 83280 7832 15683 1088 56213 69296 11044 50475 21588 9325 78555 75259 63546 49626 12220 79148 67586 34875 8560 40475 50619 83577 54053 8495 
1790 46
59749 23661 8419 32360 77741 29623 34202 61983 66395 38555 80417 47358 73597 40331 42232 14122 49460 47303 83412 12617 12439 13014 19155 44853 40150 15790 32704 31231 31438 63618 30431 8717 84259 50693 47449 72445 14054 19132 64797 58422 67185 71693 74310 37842 23144 24390 
212 46
59023 32415 74832 51564 7525 11706 64728 54876 52630 53567 41846 20703 22928 45156 46303 27599 59238 10726 23354 71042 78691 70687 16643 73216 29079 51757 46657 31161 11519 62680 14367 55120 40026 6059 62643 1054 31711 8330 34641 74286 26238 63883 40018 47252 63187 79863 
2947 45
26276 25671 9155 64972 83804 64767 77729 4053 62154 60096 70627 7421 19767 18881 79837 23090 49171 64193 23639 1337 64321 18491 20374 63123 49414 45082 58048 81295 78549 16433 21612 24530 30270 44126 33964 27774 66411 10388 72920 56093 51432 49889 60208 75486 7247 
1093 46
83668 78162 34249 59895 49876 58959 62035 38751 428 19417 44568 6571 55154 18585 29401 56195 27307 62616 65640 47818 4194 23055 24380 22178 33652 19716 13817 21292 17443 52493 4413 55389 76318 19105 78263 46057 25746 29462 13616 43988 3697 6107 17652 9828 30168 4636 
1541 46
60297 70303 65429 64503 28363 68980 60862 80792 37934 81617 4885 37933 66167 9936 57468 77367 21165 21108 60692 4150 75439 64622 71293 20832 54820 72211 11191 27982 21501 10233 39400 70423 28607 69393 39547 81237 33996 46589 49446 1450 60288 175 732 5397 7588 70525 
1793 46
46614 15037 14126 34922 73515 65083 16295 33037 123 82782 58963 60717 83181 32038 15436 11944 47822 19875 76364 32787 39588 7133 80791 17770 56082 6737 67406 13422 73391 23216 64685 76423 20447 21763 50352 19490 26814 16214 81936 6912 84215 49235 69821 9784 13315 56958 
3513 45
35012 71681 80419 6200 36497 25261 35638 37718 11476 23386 55325 51139 7484 2874 62307 57520 37906 2776 48985 64694 27381 3814 50992 73492 83457 38207 22054 12957 63660 71204 18141 4542 49724 77935 8286 17817 81379 84124 45441 333 27766 22090 1935 64782 30047 
