83
6810 16
34762 19915 34081 24481 26043 24111 27884 4455 80462 7900 1227 11789 22508 58271 39776 37336 
6809 15
26637 9562 41529 82200 56332 988 48039 69950 83495 36957 67696 58317 81731 54734 73338 
6808 15
8523 24208 57430 63521 84697 56110 68155 20612 97397 72587 67258 60981 87902 16667 28116 
6807 15
86258 78784 5806 43042 39935 77537 43520 41597 54357 45572 66634 95900 45530 53463 65652 
6806 13
60904 95361 97004 40364 28361 98382 16532 15327 58347 76035 57943 69270 71587 
6805 14
17496 43835 20647 22443 23032 59241 99997 86833 88717 45378 53407 59252 30982 487 
6804 16
17634 20671 38656 63113 79813 88431 2763 34166 28461 87387 83536 7734 15319 29367 36958 5869 
6803 12
34626 86636 19040 34341 78027 19238 4834 50602 21154 9389 27359 20702 
6802 12
82402 45709 3221 47264 92540 52965 79965 19536 47485 69160 72684 34252 
6801 9
71611 29113 96098 37452 52467 71230 72621 79320 62063 
6800 8
63374 56915 27694 60849 55218 65617 5544 42569 
6799 9
36676 81944 80781 97974 11505 79041 82156 48992 69968 
6798 7
74097 68543 42800 51512 6428 86438 16980 
6797 12
63005 61518 71648 98465 90345 22871 42093 34855 34427 69724 31423 15413 
6796 11
2319 94595 75025 3060 98095 67190 72483 72872 71888 84828 43494 
6795 6
60386 78870 38637 62039 49214 29614 
6794 8
75241 15978 80577 92420 9552 92802 34755 58456 
6793 8
91237 7909 78780 17516 86323 45501 92718 12128 
6792 3
93020 97689 22889 
6791 11
61044 71594 54854 231 65705 37486 3741 4018 9769 45048 85322 
6790 7
63616 21989 59313 74505 50836 18551 598 
6789 8
25146 66825 82419 50886 47886 49329 3280 13775 
6788 8
82365 29277 9522 84356 66013 72481 22437 13305 
6787 6
23211 92337 77141 81016 6176 75649 
6786 8
35905 44323 31738 82130 29318 50821 50043 25109 
6785 7
24420 2731 73643 21151 52623 27003 62369 
6784 8
87863 3806 77052 23946 63622 80605 3512 68302 
6783 7
40433 55354 85683 13811 44060 88070 96552 
6782 6
71651 35743 55474 84063 93510 81974 
6781 4
68775 21199 68443 6812 
6780 3
3451 32933 29150 
6779 7
22464 15836 30039 32414 8911 16636 11701 
6778 6
18409 3837 2568 71625 63694 87834 
6777 6
96744 8083 22170 75279 7670 59834 
6776 4
85656 32379 61634 1250 
6775 6
40470 47287 47766 39747 22594 18306 
6774 5
6094 37605 51273 71400 94605 
6773 2
72226 60598 
6772 6
14211 4593 74937 83832 96498 74674 
6771 4
16409 54979 53244 14676 
6770 3
71827 60735 49646 
6769 3
19126 79191 65929 
6768 5
51175 36520 77699 49569 9283 
6767 4
75651 31029 22294 87486 
6766 5
5328 94861 59852 60759 87210 
6765 5
28594 4825 60840 32320 79604 
6764 2
54793 84308 
6763 3
78839 74761 62783 
6762 5
63855 50056 7854 43653 83709 
6761 3
18009 32001 46432 
6760 4
32272 42891 60713 3785 
6759 1
62125 
6758 2
79708 80356 
6757 3
4812 59630 67249 
6756 1
21383 
6755 2
99497 59372 
6754 1
46358 
6753 2
7827 71169 
6752 1
95051 
6751 2
49044 43072 
6749 3
90848 60406 87582 
6748 1
67551 
6747 1
78364 
6745 1
39855 
6644 1
3312 
6542 1
61536 
1266 2
82213 37095 
6741 2
16931 28026 
4226 2
75912 73292 
5110 2
75444 20242 
6722 2
17357 14124 
6442 2
60750 75922 
4940 2
53862 64356 
5340 2
55787 51775 
866 2
26564 80273 
6631 2
15972 30279 
6027 2
83172 71123 
4145 2
50410 5138 
6014 1
80701 
5963 2
32491 45433 
3850 2
95893 56975 
6030 2
13303 129 
5727 2
66820 6032 
