78
9881 12
3019 33817 39755 63291 46996 17906 31024 37708 33931 13266 43909 908 
9880 11
35965 27283 50107 38882 3415 59445 41939 57091 27447 37110 39465 
9879 11
702 8295 26832 23206 52481 22294 36801 52697 63975 20870 15758 
9878 11
43739 10869 10651 23338 41787 64779 56825 70784 67470 43333 14915 
9877 12
31661 66248 12614 22115 41605 37950 27635 56862 12923 10905 44490 7790 
9876 11
20666 35507 11991 17640 22607 59549 19211 51503 14790 69412 50042 
9875 9
63699 27206 70734 57783 43964 45620 64042 67075 75113 
9874 6
44302 48083 61465 15514 16955 37017 
9873 6
71460 41499 8380 24472 39851 35871 
9872 8
27210 56032 68486 20592 71629 70342 45304 59828 
9871 10
2096 70550 3827 1676 75182 37400 59150 52890 29035 17494 
9870 8
35408 70598 21149 66773 43494 19290 73551 5199 
9869 7
74890 66499 27890 50469 66298 10857 43195 
9868 6
56795 50634 74580 71207 20407 3183 
9867 6
22436 39105 15469 52718 15085 38762 
9866 9
29126 42526 62107 46141 8071 31105 51822 69020 37265 
9865 8
26778 20294 53187 7845 31632 26325 14421 1882 
9864 6
40744 29087 387 52633 7041 35338 
9863 6
10727 42118 33252 70220 38541 22240 
9862 6
6487 34000 66826 41806 24112 3815 
9861 4
50000 60291 18937 20895 
9860 7
64658 1491 13730 62171 26169 41648 14066 
9859 5
50623 2990 8460 65697 45489 
9858 6
14382 64158 24522 69734 74701 4645 
9857 5
27080 11375 38555 24442 13311 
9856 5
6578 49264 37384 69624 30955 
9855 6
11019 75218 44657 6921 35458 35896 
9854 2
61276 21989 
9853 4
23064 6802 61626 32360 
9852 6
51972 20906 12633 69713 865 8585 
9851 2
72673 10943 
9850 4
55140 29341 11562 24363 
9849 2
57945 52892 
9848 3
70384 34505 29474 
9847 2
70763 19984 
9846 5
40800 71861 71330 1831 71127 
9845 6
40997 2772 45397 17323 5781 74595 
9844 2
26489 63215 
9843 3
56134 10309 46764 
9842 5
23283 13757 28724 31833 59120 
9841 3
71846 274 43329 
9840 3
26821 54346 65916 
9839 3
23336 15161 72880 
9838 2
56297 42310 
9837 1
11320 
9835 4
23084 25443 43839 72756 
9832 1
51225 
9447 1
64820 
9432 1
66572 
9422 1
47066 
9400 1
73411 
9365 1
60307 
2827 3
72253 32654 29136 
7616 2
10805 64167 
4505 1
31100 
6423 2
39478 15040 
5948 2
53283 53021 
8434 3
64159 10182 24167 
9064 2
49910 35806 
7731 2
45278 28177 
8338 2
52723 16879 
2930 5
59611 69536 67296 36796 50657 
46 1
20411 
4440 3
6149 42202 21854 
8214 2
36275 12050 
8601 2
70940 8505 
8989 2
16923 2710 
7425 2
10550 6856 
2549 2
37032 64842 
8396 2
44871 18661 
1964 2
4908 46703 
5803 3
36653 30767 33275 
6071 2
53738 8176 
5437 2
45518 56533 
5131 2
59118 42209 
7398 2
59907 23470 
9321 3
43559 44447 17565 
8962 3
31030 48523 70834 
