15
4187 101
24076 46951 13426 20696 79296 31244 34135 83285 9834 28584 43634 21880 34662 24451 1339 8277 81603 53388 21801 97785 67742 55972 98400 53625 79227 40629 32982 76175 83392 72752 72998 41883 31064 90629 24821 3061 42349 86992 77381 93538 12180 75484 94145 82259 55588 87379 69400 65374 37845 42858 16976 87235 34895 55481 17563 40250 29424 30614 53149 44404 39483 88597 19536 92259 87220 28876 95035 71709 58986 11874 26260 19011 50341 68733 22967 17326 56784 17938 99165 68997 81905 91095 51358 80070 1590 51024 84720 32633 10178 36817 57646 83142 99171 39250 93759 16679 60778 33843 15331 55172 41684 
8944 91
57731 88657 48288 72604 78616 54752 79819 28666 26636 1083 47237 12627 87547 61558 50892 58621 92989 5650 5412 99023 90355 63450 75879 63853 48537 33551 75716 94082 72553 58556 25008 72601 96878 70792 72611 93259 97905 76779 80691 2602 23204 60126 79094 70789 76716 95089 67260 4371 32248 41511 69632 58408 95954 8522 86884 76767 24116 69560 72685 64195 75845 47837 56472 50114 34691 88488 88856 12422 87822 28743 44019 83570 48483 42004 11811 24811 90683 96534 52333 41411 89943 27796 8967 47218 73861 36533 45190 20070 41037 57252 90334 
1204 77
66914 34398 24671 55540 67963 98306 12040 77991 31972 83565 54216 50511 26264 76409 56262 35286 44877 26543 54062 52557 79955 41303 62462 69290 55760 56980 48044 90000 41347 7947 92101 24248 59688 6584 31194 65291 50131 49352 15643 17731 55122 42345 78494 34976 72534 65609 44243 43801 83241 2227 73527 58451 93486 51040 51878 4207 33493 50053 31096 48983 17931 40270 37727 24137 85716 45796 82551 60269 93012 51605 85825 982 33312 15738 71561 10660 88158 
5310 63
87376 83404 40037 25153 46971 87618 7648 849 18581 51108 76610 96672 66405 5401 66031 20098 54978 87915 70233 81793 38734 39097 7222 71014 39399 68320 51405 42189 88917 92908 7864 96964 93871 74480 63583 73511 20416 52514 50859 76065 43474 5348 94598 68763 68912 60847 30012 46934 87093 69115 423 39286 56706 3977 5848 65159 99847 73781 82698 90765 66444 32933 70946 
4477 53
21250 11559 12922 84255 32361 3500 9399 26096 76043 23003 34349 76636 43958 80330 79457 38574 91418 59373 91562 34563 82407 46195 37852 65526 61978 61546 74043 36410 53250 87544 53604 4097 77071 87651 86844 45333 61184 81602 33499 45813 8946 41959 67444 60813 26629 43569 41192 41831 31741 32177 61902 49215 67282 
1452 38
3585 48022 19293 31418 34370 576 27817 5091 43194 8362 53829 52165 16632 95671 50770 70306 42243 60648 81420 22646 44845 28038 5375 23565 98871 24687 79158 12798 24201 88282 88870 72219 95342 13419 4860 54398 77571 63628 
3196 35
41956 20889 88058 93128 45655 54975 69951 94995 14494 1648 63896 85276 23670 1517 44254 831 92918 1690 65855 71504 19571 4271 68246 81489 69137 81825 43456 99779 48456 17878 89164 73403 67250 63683 93541 
205 28
6672 42630 12318 24934 50860 64490 97396 10343 55896 28285 90134 64580 25082 3741 56197 91492 20641 47731 57886 19355 54956 24506 73032 19278 88375 39911 81499 66219 
1527 20
52737 59462 83309 84790 16182 45441 32234 76297 11088 30493 40247 73159 66839 17044 76568 32388 71118 98999 9831 3057 
1956 12
87278 64945 39509 13021 20385 27174 45242 29457 4067 61506 44697 6340 
7114 9
28638 21172 2491 76118 30619 24541 68927 35154 38747 
9029 5
79428 67012 79038 92419 15892 
9054 1
67746 
9056 1
2712 
9053 1
43392 
