107
10190 16
19605 80510 67142 80989 33995 84280 21265 76862 16528 54934 25550 51171 37554 87866 55519 38403 
10189 16
97567 56338 50724 45886 69579 32483 33873 42169 40398 93451 67033 16529 35003 81052 68273 63959 
10188 16
16270 73817 26318 50120 4041 96566 8659 76328 84717 94624 22204 19529 46325 83092 23186 36630 
10187 14
98499 81267 50832 61486 98020 32587 32369 42523 85734 61281 61102 96454 6337 83950 
10186 14
7515 44861 92352 30301 29976 87743 24470 86043 15855 90411 16231 20548 61163 59067 
10185 15
56703 30160 15213 42281 69068 86695 92400 88059 39535 43122 40423 57236 87344 81587 19898 
10184 16
25405 46333 9785 23586 43944 29525 36738 773 3264 14435 2758 59420 88019 60044 92491 91107 
10183 11
67028 98753 36363 89268 68526 30736 94135 44474 33965 21693 1952 
10182 13
16259 3981 78144 82523 41063 91979 88098 8709 86050 97332 81737 68935 35602 
10181 12
8224 77172 74207 73438 61480 63918 17216 79330 18274 72580 63290 45685 
10180 13
64384 4613 36417 56082 61543 49298 94875 6181 54841 95537 64430 22903 6937 
10179 13
97170 59419 22163 97483 19209 74578 5829 26903 70174 25964 59977 80572 76819 
10178 12
34569 15470 40794 93109 91916 41045 57771 67541 38777 28100 21587 22091 
10177 12
18841 40193 75303 13468 59016 52490 10069 8196 11972 11351 30523 25501 
10176 13
41490 32220 47553 53903 32379 29546 15313 5638 24536 32958 69850 35996 91804 
10175 10
31106 27813 14050 14907 245 79641 86964 3724 76723 90433 
10174 8
42282 32541 63728 75590 63456 48338 75082 59202 
10173 8
23204 3928 72203 38526 75197 3479 12035 66652 
10172 9
39764 55095 7394 53715 52214 93178 22034 7391 3030 
10171 8
70575 5459 6255 41771 77225 20133 64659 66153 
10170 7
448 34229 18410 62600 51329 67199 26818 
10169 9
48315 40694 61196 79845 42100 1243 91868 32898 35178 
10168 7
44658 52013 94884 79228 72920 70202 50643 
10167 6
26430 27601 7818 73464 49545 61444 
10166 9
50011 8007 63659 87324 84637 9871 57216 37564 28336 
10165 5
29085 36959 75497 60144 58414 
10164 8
14049 77569 71167 49191 66909 51556 9328 57954 
10163 6
89894 69179 49615 14752 52177 50501 
10162 8
62751 11020 49943 20804 54694 77183 96052 67191 
10161 8
31244 59308 47986 29660 29108 44338 58374 51873 
10160 9
2203 59696 74065 90390 35385 31430 12886 8278 53106 
10159 6
87769 78902 30149 38616 74898 5466 
10158 10
77103 36661 7379 79495 60361 80981 12599 93371 89603 66273 
10157 6
67019 24140 51285 48081 98504 27682 
10156 6
86537 39282 68174 71307 13046 12559 
10155 3
90752 32103 59022 
10154 3
50827 52116 77962 
10153 1
17198 
10152 1
63505 
10151 6
18054 59513 4730 19890 59461 44429 
10150 3
39214 70289 4600 
10149 2
18911 18111 
10148 5
80554 35716 82230 64968 7813 
10147 4
86528 32192 47730 18378 
10146 2
96900 81775 
10145 4
38893 7575 79804 55177 
10144 7
56320 35149 43903 55951 6667 66997 76673 
10143 4
46646 31149 32994 60803 
10142 7
23414 6575 10302 76479 21710 26265 39799 
10141 2
72296 8451 
10140 3
34624 84868 17975 
10139 7
39922 71422 50156 46406 28676 7706 19437 
10138 5
53601 13665 48350 27074 32032 
10137 2
97158 75128 
10136 3
3860 9865 61722 
10135 3
31424 93327 22284 
10134 2
80242 2603 
10133 2
36808 18599 
10132 2
93640 51634 
10131 3
34107 92232 15773 
10128 1
56909 
10127 2
38947 45624 
10126 3
17472 81619 40629 
10125 1
68503 
10124 1
13274 
10123 2
5279 39226 
10121 2
1099 2452 
10120 1
5479 
10119 2
74893 45928 
10118 2
62047 21128 
10117 2
63778 70475 
10116 3
21506 40533 3502 
10115 4
91692 56417 68026 74327 
10114 2
17762 61708 
10111 2
36485 4669 
10108 2
10259 2493 
10107 2
30188 95167 
10104 2
34684 32543 
10102 3
58746 30090 88994 
10101 2
86762 64003 
10100 1
93476 
10099 1
15325 
10096 2
13015 84212 
10092 2
4631 94260 
10091 1
55260 
10086 1
11910 
10085 1
11322 
10084 1
44657 
10083 2
16178 47717 
10081 2
90600 2285 
10080 1
4778 
10079 1
29072 
10077 1
28688 
10076 1
98084 
10075 2
24577 27268 
10069 2
28446 75755 
10065 1
43158 
10064 1
86550 
10060 1
79893 
10057 2
7180 69859 
10053 1
51740 
10050 1
40810 
10043 1
98710 
10039 1
76366 
10035 1
1070 
9994 1
27265 
9964 1
88650 
