17
1110 215
70024 85485 35643 1892 35177 5137 77831 83042 68718 47817 82513 16612 4764 99322 75916 7607 45176 51379 16492 63501 12578 77643 64214 39005 89224 55340 66037 43273 79497 38420 96374 72990 35638 47525 14354 90389 95330 86008 41231 45149 44997 7439 26248 70466 22176 11350 48366 55918 67718 41123 61486 49332 22324 3021 37028 92401 13182 97116 35503 79599 67084 52143 1931 41212 1174 98036 55851 82032 2125 97785 38003 13289 46969 48852 5478 66750 80153 77987 18380 33019 95467 50925 23969 71221 42030 58213 84913 37767 99380 42151 44111 27920 66273 58392 78943 81378 70919 53967 43615 3483 47194 45377 97682 84548 99752 44630 10347 6535 73304 34345 77302 8562 6027 7566 39733 4837 40773 40214 65260 44710 65096 43826 44336 33508 27085 14583 52902 3668 28555 12038 83292 41137 91113 53936 94871 21444 60696 75988 20128 1236 96267 46130 28057 17221 71733 22124 72046 37265 42306 42649 49153 20869 95138 19170 6864 37385 41296 75534 96230 42916 71066 49901 54389 26243 90870 80925 67616 46816 12433 76140 46769 50445 44825 85377 93724 81702 96346 85125 83562 6551 79268 59944 13275 14315 58640 75118 55607 29469 16863 83101 8934 7594 43983 98684 81616 74396 12877 30351 42250 95676 10941 29044 43934 51620 85982 88461 86680 50310 19699 49275 98453 12531 57199 56530 48941 
1109 146
13583 32377 1686 69530 11799 10618 47080 87162 99331 42010 47586 20901 30819 47922 46183 51027 34761 30698 92310 91257 21900 30432 86316 22019 64296 80401 50863 40218 52393 97820 80895 86796 44879 965 38133 242 89245 5913 68962 69039 20903 33564 2063 51554 19425 8959 69138 80549 43680 11060 42121 90036 61344 41771 24721 2403 32245 27232 22880 82833 92953 78117 85002 12488 5654 15379 77211 74574 19545 86543 14245 34353 17567 62533 44068 4431 33312 40489 51908 44191 84276 41555 40376 97488 25905 21732 70925 49300 82084 88648 46512 30745 96350 40537 25309 92797 88507 64644 12092 89722 63174 23414 90009 75153 99508 75718 61684 37903 40646 89567 38232 13411 60312 52688 58080 25428 69614 19566 14123 78293 54212 71015 37913 45995 18349 13474 63820 53636 30545 41592 25460 94285 67263 17743 92352 65671 53848 94519 85372 25875 54646 40209 7350 21109 15065 69142 
1108 98
82272 64515 89317 27906 12250 82799 50688 98727 14818 66515 53314 70519 31240 38599 49892 80863 24384 6326 54444 59146 69981 56923 84977 74099 9265 12701 7140 47900 91772 36040 99683 69547 70138 50805 60756 41674 56562 96420 47119 98560 91237 29546 72041 77426 49382 79378 91803 36646 24339 31535 47509 71382 55279 90519 2746 30120 64180 71013 64623 47767 50618 92172 37110 24138 17109 66658 73828 19735 15764 18904 86213 53892 31402 87320 23266 14167 31074 37980 59169 4163 26395 23395 59462 44521 27664 99891 39366 74085 58901 52589 48507 72841 49903 11303 82004 57737 78138 47009 
1107 68
42080 23152 3062 78749 81774 5403 58221 58263 79986 78069 409 93226 50201 26431 99218 16194 66068 9227 16010 70210 1102 62661 40160 51645 34814 61933 47723 22142 55962 54195 73043 65208 85547 8725 80484 93729 3397 46568 13856 10984 32216 41838 20186 42002 99434 4826 20260 12172 10882 87611 50699 71192 38525 67712 52279 46624 26143 3622 88441 82263 12939 23226 37721 60650 98698 88352 84602 26684 
1106 46
54408 51826 22906 2221 21927 8197 77790 89020 89738 46662 27072 3768 83513 78956 40150 17042 23849 80077 56317 89892 50627 47046 93885 78996 19201 74366 13677 78428 30390 86043 47730 19813 59700 88351 37495 56694 74365 11386 55899 77478 15225 26262 66100 74039 61155 77947 
1105 32
72656 34736 20094 32741 74239 34034 60183 1282 36112 31038 16008 44300 84771 58617 92479 39071 87903 96828 18029 97602 56639 1264 30048 6268 34500 1955 31527 47330 95548 23258 84099 42116 
1104 21
37126 34711 93486 73701 71959 76235 96272 24324 34029 69742 61917 38603 13530 12948 49507 88200 99353 13209 28089 63420 71452 
1103 9
54554 57355 30806 91202 43463 97781 5569 12396 49748 
1102 8
34683 42829 14569 53067 35565 10846 99809 29401 
1101 2
68597 44221 
1100 6
11332 62632 18825 39636 1437 82422 
1099 3
6 15246 55331 
1098 1
44189 
1097 5
28104 64383 72048 11097 45229 
1096 1
12482 
1095 1
1667 
1094 1
4638 
