61
8901 13
77308 79097 27785 49147 24450 20075 24054 7560 61441 51988 69772 96639 78846 
725 14
22028 16801 16173 23925 76888 93895 95311 89255 45011 4171 26686 91965 71879 95291 
701 14
12145 80406 6646 59860 76956 69728 62646 48937 87483 70577 28158 40609 8773 50389 
392 14
79201 47024 69636 87006 7189 70899 69095 62556 78710 28600 21855 35484 53523 87319 
6229 13
84436 7197 71083 73391 36341 76105 14320 70398 30658 6346 59342 59281 86616 
216 14
48127 72696 96663 56056 74981 12169 10239 47256 45379 48941 63087 53685 21307 30478 
1289 14
45598 8920 79004 47188 52080 61628 60858 33137 70607 87345 34652 72086 92080 41207 
9526 13
82641 96513 76703 48908 37869 35474 93897 4553 89450 15952 20782 24492 50829 
7656 13
94836 13360 59022 61087 68782 22222 82674 30619 93655 89488 40119 38650 18394 
375 14
53132 78036 62626 70826 38427 6375 17151 58961 18041 74799 87775 95038 3563 48874 
7239 13
73023 13577 71572 78904 78250 73845 57069 44289 61741 81265 77649 10649 37728 
904 13
8752 89465 9884 48407 12464 52092 34748 93785 8566 56509 4949 94475 45295 
8586 13
28329 4676 62688 53073 42413 36350 58478 31087 10020 3235 47411 36630 32251 
4889 13
49875 91933 10608 42666 65136 42107 4491 23083 61847 88379 85054 62132 76075 
1033 13
89303 57548 89175 75918 88193 52533 73116 86360 60744 40591 49719 42374 5543 
8766 13
64668 25901 69100 88375 29634 128 81291 31946 34577 45312 30333 35887 12511 
3011 13
2219 81819 25681 44191 82449 746 93127 69857 72237 16951 51934 30160 40930 
696 13
75114 104 60660 75410 2717 65797 94063 75438 75781 1496 21949 66232 44480 
188 13
77873 27621 49961 45104 17731 86053 67138 73153 42313 77456 422 56358 66166 
3891 12
8929 40152 11351 36016 90958 6213 41650 31786 13929 23896 95108 87361 
740 12
34969 5247 53194 32233 92475 29662 94405 31305 74431 79199 51586 47962 
5542 12
42622 5309 11636 26796 94995 39650 90900 19558 19118 24751 83975 66902 
6187 11
66515 7225 87442 82713 37730 27932 43803 89012 72730 46632 73809 
1084 11
15131 52857 76101 86599 64067 96668 53583 11051 14782 35877 68500 
1864 12
85090 33993 17581 9673 6602 78209 37492 82159 37664 23711 26531 93059 
7003 10
62748 32647 94471 17746 70307 68703 51434 50183 17137 43010 
13478 11
32543 11803 85440 33401 83706 55324 80850 10218 65886 86828 95063 
679 11
7131 73572 36588 27731 13048 96144 54390 67204 29054 57529 25787 
3863 11
70048 23388 25491 36287 11446 28167 71486 39346 22562 96736 7194 
12191 10
19370 53626 62793 46374 82244 87998 36327 75234 35181 71561 
7184 9
80073 31338 80957 33770 71365 71773 61092 6916 64886 
10793 10
27210 25415 27170 92998 9160 63875 23901 93442 84446 9284 
6543 10
30649 21730 12924 81852 7171 35008 64251 47120 11004 12561 
13195 9
12215 42672 74423 58174 63429 73613 11560 73646 74006 
2964 8
37429 45032 9837 50062 27286 57310 87925 57419 
5401 9
22905 27414 11074 24336 37576 5745 59636 81938 69732 
9515 8
2386 42268 35353 65048 27606 85347 52221 16261 
5704 10
30963 57980 58538 59246 1410 44798 66205 16868 12188 26687 
5306 9
19451 31079 71591 30875 38779 2661 6466 86603 33343 
9282 7
20168 75209 95828 42426 85211 48255 63131 
5120 8
79209 60573 24302 39359 41307 33073 39574 65143 
3810 8
10321 87662 13124 93392 18777 64032 28190 12920 
9657 8
62559 19289 60993 7542 78156 80528 24371 37540 
13245 7
76208 94135 79893 65970 4195 54674 7962 
12066 6
93722 45650 25829 25877 90131 41189 
9729 6
41968 68653 15533 93781 44894 64667 
601 6
78480 18492 51061 51149 96856 2327 
3978 6
23373 722 69707 4442 93962 16629 
9268 6
65928 72957 52428 78689 8578 76124 
6882 5
64724 22407 34359 28719 20759 
7465 4
59024 70803 6263 46908 
13191 6
67074 37600 32116 39531 59972 17372 
3505 5
82360 64270 32764 12797 22866 
9074 5
41807 76884 52035 14848 22991 
713 4
57733 91624 93166 79340 
6114 4
88109 38712 32009 43890 
1583 3
21067 44671 63239 
12044 3
67480 75672 35209 
10190 3
75622 27489 17959 
13255 2
74072 13605 
11184 2
24199 31151 
