113
11327 10
38173 29653 50978 21011 66532 17287 26779 16249 74160 11000 
11326 10
54252 26280 13649 60999 3582 33661 30801 15050 17176 46986 
11325 10
67284 40140 46148 20825 74629 12270 25698 59761 73649 49408 
11323 10
22976 44547 6573 18956 77377 62097 77621 6679 66234 51952 
11322 10
914 1918 65377 66766 25355 16500 27256 14740 60702 61257 
11321 10
66748 59185 50090 4073 69429 68521 16891 33179 14371 9219 
11318 10
16340 56925 52980 10326 25750 9872 16656 35387 19141 8053 
11317 10
49094 21125 20736 16753 40324 50513 4710 63390 32167 58816 
11314 10
1189 480 34656 21051 50031 68589 71067 318 19663 70775 
11310 10
653 975 31970 69779 7046 43641 16501 10228 9391 30112 
11309 10
14672 57675 54265 8564 17568 41301 57201 15099 20404 73261 
11303 10
75958 24416 33658 26109 62476 65401 53253 60338 34294 77006 
11302 10
16726 54557 61640 29808 56464 72400 56821 15964 20655 8439 
11297 10
50430 29209 50110 57136 15141 3852 75096 35552 55481 12246 
11286 10
47989 50003 73477 59997 66152 72396 39163 1904 26743 18444 
11283 10
3865 68469 37440 69321 32919 61656 52659 68024 71233 58277 
11274 10
63170 17131 47318 21469 67585 15802 8307 63582 12681 22627 
11265 10
18048 29974 2475 20239 7624 64070 71305 29906 33128 72766 
11243 10
1479 43826 68476 44774 77494 63111 50975 33908 1884 59308 
11228 10
22850 29767 4892 9774 71478 70465 21277 51727 65668 18346 
11208 10
29525 21310 6428 74862 12419 67911 29927 55917 48451 22299 
11163 10
72847 70780 3714 10753 31331 25111 59656 50710 41615 32111 
11159 10
9203 49248 4420 9852 31939 677 20577 1590 22868 19894 
11158 10
75416 70534 17415 69295 15505 18774 50229 47165 8971 32404 
11095 10
41298 45407 70390 32013 67061 8241 26107 50533 22079 29726 
11080 10
7803 34926 22504 21817 12945 1521 58551 41041 6572 51562 
11015 10
4900 11585 56589 76038 5182 50640 47122 4381 36909 68261 
10997 10
13670 3215 4410 62251 54914 54940 1401 19580 5176 35031 
10991 10
43824 321 6997 53669 31529 44176 20501 20826 65006 74005 
10954 10
46514 76100 1743 13449 73805 6115 42528 33095 73680 20313 
10933 10
20420 50155 67649 6181 6631 45683 51845 5871 12839 61571 
10893 10
24121 2724 22816 503 2449 55903 64018 27473 37370 74080 
10868 10
20424 41930 55575 57416 17895 19925 61572 7776 9414 69908 
10848 10
39310 58013 25930 33456 65451 74518 72139 7193 43736 41928 
10674 10
35747 19954 38088 16605 69726 70648 27332 77276 58031 54725 
10508 10
30713 32015 18302 64528 40173 31309 66246 10071 73647 47459 
10464 10
4901 16159 74895 11414 34440 34689 14635 53154 52730 73140 
10416 10
3979 32550 62999 72199 2468 5608 61825 7278 68099 37651 
10375 10
35931 31832 31323 70796 472 58190 43534 17490 20651 2001 
10160 10
27472 1219 23084 52195 17134 54374 3209 9397 52190 75567 
9524 10
43948 18856 15522 34853 7160 35659 75330 2212 35888 74446 
9359 10
44468 51718 66086 53863 20378 68775 9960 30890 17266 27190 
9059 10
61008 21165 71965 69966 59583 47280 57876 64360 9125 30373 
9038 10
51073 20807 75143 6886 33466 18459 22384 44830 21771 75317 
4992 10
40486 43212 8407 55321 24288 75439 4064 70344 47624 61078 
3297 10
43037 8823 26563 33515 14007 54669 4138 2300 11681 54846 
3170 10
2218 10206 31341 31745 15666 53252 37614 70679 75574 73760 
243 10
19026 42825 50046 4104 29611 22611 37514 76428 30556 7730 
25923 9
70467 74982 9323 52254 16513 17541 74173 17533 1144 
24930 9
43825 25770 30919 49302 15455 25203 51170 63589 11147 
22779 9
62703 50095 24658 66210 22537 43630 37900 13762 77200 
22058 9
31725 49912 5139 35238 35393 17697 34898 62123 69644 
20432 9
51116 37861 71040 57556 59027 38867 66042 31088 25287 
11695 9
20387 8866 31289 15180 64161 1844 15418 6748 31107 
11048 9
47085 41607 62182 55031 34506 71330 24134 67180 77799 
8404 9
37595 9678 2904 8403 72863 3961 12069 17721 33435 
8073 9
5996 2471 42379 13437 62823 20762 58088 13248 21661 
6083 9
14086 11962 985 7422 58815 23079 38220 67205 10116 
5690 9
11021 50543 68146 21276 44621 76628 70265 9252 69911 
3970 9
15160 4035 37379 27610 36659 51506 49386 42232 67322 
2878 9
35561 55151 76310 41472 27100 2585 40716 18560 57395 
26461 8
66640 32388 36610 2546 74513 35616 31059 37631 
26018 8
7063 2383 3667 46445 12280 76228 71866 60906 
25093 8
66059 50236 14485 14839 76230 94 30809 8190 
23968 8
15330 36426 63529 11608 50509 77175 22533 58307 
23295 8
6819 75936 41911 30873 40901 69855 38023 4417 
21437 8
47108 11140 21854 76369 25767 71838 42529 44841 
10665 8
71219 44583 59113 38710 33702 24208 47564 16916 
7550 8
39217 45023 33795 27961 75648 60676 61422 1302 
5384 8
42069 67893 2023 14451 61490 57512 1495 44826 
2620 8
12322 42373 23532 7965 68721 32905 63743 2036 
23602 7
5654 40375 13886 22305 41832 12966 18235 
21038 7
24011 33396 35972 370 27975 8584 42132 
18407 7
42989 51001 50558 74006 34450 32476 36023 
16423 7
4464 73612 74703 46338 13745 73441 37324 
13491 7
46627 14022 15645 50042 11732 61826 26055 
9875 7
68338 13168 68793 23562 37748 64106 46013 
9317 7
50616 58670 33172 68604 40830 22949 7449 
8745 7
64295 36361 73737 65796 34706 55004 58518 
7201 7
48978 67934 54285 44592 25310 2098 14945 
3040 7
59786 34562 45067 68849 50166 64297 48388 
24630 6
10009 37887 16856 2263 24377 59373 
23399 6
77009 11493 15245 71060 49044 5443 
17907 6
38434 3350 70270 49941 53362 33502 
10274 6
51673 10745 54010 77639 14100 71850 
7985 6
49855 40285 37153 47995 42190 62887 
27311 5
31945 29056 8504 76106 56412 
26326 5
19008 14802 56764 73652 54938 
24683 5
21721 1199 25645 15897 23466 
24277 5
4236 10726 74158 6235 26598 
22315 5
64619 67132 66236 7900 67044 
21938 5
27306 49582 48982 68621 43509 
20423 5
32063 1824 6807 45510 33384 
18160 5
66564 47313 33710 73201 4773 
1049 5
58910 58071 30286 44904 58573 
944 5
21891 28280 4889 12339 37785 
22636 4
12152 53659 70497 23867 
21361 4
65986 55241 35910 38608 
20454 4
34774 6120 36933 54214 
19319 4
26113 42191 49348 35578 
16571 4
41517 1723 51576 55126 
14016 4
11386 29857 2765 32993 
12869 4
46870 30618 56968 4845 
26861 3
36599 9208 49823 
26787 3
74958 15753 72281 
25149 3
22278 9119 52231 
24898 3
8771 56165 21751 
24547 3
18112 29240 69221 
20930 3
13162 31761 35838 
3574 3
8433 74032 10860 
754 3
10166 21079 53360 
24567 2
5693 49096 
27270 1
36879 
