25
8363 119
2748 93439 51005 95971 97527 38818 99365 51231 78183 10568 44618 70628 73516 8166 82146 61747 74730 84561 70216 51289 14832 14969 57925 64959 65813 65505 83396 34857 87273 32393 11773 86356 87196 40893 85890 79310 2541 78122 2173 33021 79087 67251 76410 31941 87452 28022 33893 24352 9928 93114 82173 68142 56675 2111 63547 64570 6948 52751 21355 15634 49278 18379 57870 41658 67024 82588 83171 48019 27221 63956 16011 73558 86863 68955 31702 78055 82741 61918 92525 94841 12327 6342 37737 7774 61279 52906 95835 90079 64708 738 5539 33487 75654 39241 53472 571 82386 77374 91597 69686 80566 95986 48060 81614 81461 51483 59239 4004 74627 85337 12914 21365 97093 59853 52649 60902 26136 76615 43820 
8362 89
78008 56026 48023 20705 3977 20909 61557 73709 57735 33359 46226 10801 13019 65117 66087 13235 98714 86274 104 68435 3169 79124 87930 19874 87810 10353 2353 67474 69535 66793 30177 44321 44998 51290 40742 33986 43568 53205 40206 57595 74432 69334 16499 19864 40398 87565 96923 50989 52647 75545 13614 69219 35604 15344 33882 51410 2811 75245 68105 92423 16610 2980 75077 95263 36043 79940 51565 20416 63575 8839 54590 57699 45555 343 95930 13414 23556 4972 89336 43143 2703 27413 16695 71449 60762 1817 12828 49360 8266 
8361 77
90188 31203 56760 35930 59557 44288 46768 31877 43186 30424 55974 44983 87352 92736 75936 19795 56284 80189 75938 81548 82262 63071 93005 12695 23378 26078 56468 71770 49615 33897 23588 7362 56861 16432 4664 9754 14720 9213 27274 34646 40831 91036 95234 39267 3232 27246 56404 93156 54367 15843 75676 86410 58765 48297 10461 9485 50937 97760 60199 62726 59675 73922 39020 78822 72780 4884 632 61048 5276 71759 1615 30332 22790 86466 96817 62526 17364 
8360 50
81974 32429 54077 6761 85474 82256 55423 4351 20767 98371 4055 69230 80379 76370 15800 45151 37782 94592 3868 16114 51948 52222 44020 67753 38511 33924 49940 66554 53343 59980 41958 27824 13464 62600 93669 16159 49273 31361 48402 55735 14627 69097 19174 81821 56630 39669 82396 71593 16209 98674 
8359 50
32731 38726 22613 261 2784 65707 28081 57914 83535 95644 25335 27580 14084 93789 99536 14878 63688 13699 93380 41792 99579 38746 93608 55129 81049 74690 40140 20057 98597 83128 36113 73844 47905 72014 27995 74548 75653 44843 23856 62383 26993 54368 52616 76745 7945 8021 10746 42610 88537 49716 
8358 40
75226 57960 28103 72039 54830 42702 97028 48691 15473 78221 19467 74433 31351 95209 60251 77686 74640 64930 55438 95610 14623 25520 39519 59193 45870 75221 54592 69140 95911 5942 369 64092 199 14966 24299 92600 2877 79652 67133 22119 
8357 25
72142 70256 16455 80632 9445 33946 83736 12558 82128 89996 18560 73362 49098 27335 83385 81561 19030 23392 35932 93468 60796 91391 61313 53487 88570 
8356 21
90947 38205 15251 29155 14338 37264 53659 15526 37377 24191 78690 19276 53879 39122 12096 34028 75052 69671 77790 60408 7084 
8355 13
24741 96367 21545 72678 87317 80336 68311 51081 56485 64900 82275 77626 85074 
8354 11
6389 63364 29507 56998 4046 46992 80018 7139 28995 68999 55201 
8353 17
35780 37759 28482 25614 31621 17328 92082 38936 98318 42739 25372 53367 54976 1154 34191 42805 64280 
8352 3
37472 5326 80024 
8351 3
78217 8337 70568 
8350 1
28414 
8349 3
45653 90234 72989 
8348 1
73612 
8347 4
85532 90269 68420 21172 
8346 1
26293 
8345 1
40785 
8344 1
24654 
8340 1
5881 
8339 1
79844 
8338 1
78761 
8335 1
84260 
8334 1
2332 
