34
9280 107
95003 20520 90132 78395 98516 52321 53421 3240 38520 90486 93096 87341 68444 57838 4676 21494 24180 68364 34230 55914 86785 73332 65473 46821 88644 28771 45554 82017 65480 33925 46015 73618 95259 38733 52405 48479 1739 98729 76976 4426 88654 91463 67734 85025 39895 4882 33890 17082 61728 76931 46095 62019 28440 36410 22695 65147 41395 37409 23389 76032 94946 6996 15881 8004 10200 85395 40024 11952 76832 53027 94119 50125 79673 83011 40520 70083 98879 53778 72989 66449 16247 67771 13493 88787 96245 7623 89987 95288 88358 77178 9662 16774 34642 53499 67105 78094 22625 71328 89646 40561 90517 66288 6542 66402 41143 95679 99526 
9279 91
46137 47599 63887 67664 57281 88925 15695 34167 46395 34844 59853 7126 15641 5581 13070 22208 86869 36064 8788 84810 65229 20628 36928 70032 33610 57476 29803 35858 13984 73743 26629 49538 36812 50095 54034 84861 25072 87464 98012 47389 40356 89196 49664 96083 91784 25241 97345 15251 48366 82320 42404 47651 18528 86316 56355 26785 81954 7154 83959 60938 56293 65290 82273 44303 85415 41937 54795 30516 45396 36979 71032 2182 7998 30444 94876 24633 98015 48958 67730 61146 67341 84154 86346 36998 53963 60355 46552 57391 37723 24835 70510 
9278 78
41614 52844 10120 58637 98638 55405 44540 62378 18578 8252 84135 91479 18992 97817 92254 36576 16665 70058 51326 42335 13758 95205 8780 53657 37960 46749 40499 20128 38332 34749 99510 82794 76455 26264 26025 41547 48473 58075 25321 84224 12265 46573 81103 73980 9109 25880 63424 73276 30497 96249 94620 76576 7779 42349 13227 11845 28867 1569 70332 89052 28278 93701 44572 16288 27585 85770 56516 86194 8739 92604 17579 34491 21525 58390 49740 64444 55454 46435 
9277 72
40449 88413 76915 30106 18436 32894 58679 6260 44345 99491 81146 11861 68318 19037 45412 14053 74689 27720 12652 84427 46446 13350 54821 28183 79982 28231 11010 3964 54316 15146 15863 32148 25695 4595 86871 99940 17230 46094 5535 14354 38499 82276 51210 49873 24994 47068 94366 81041 20259 92910 27334 37214 45793 97649 45256 49851 95733 73228 69402 50663 97335 44514 50215 61334 40374 61137 89128 23930 85040 40847 14383 22168 
9276 54
14382 65845 14798 37638 25655 19918 98102 79384 57447 81197 35917 58277 9330 43693 35901 45323 44723 17220 38306 56641 87932 86124 65104 32233 68844 10537 86361 4050 72987 2842 50551 29302 10635 75166 36755 44853 38737 10137 17570 68093 45331 45655 10415 87941 30494 4638 54006 67942 30861 86397 30796 77974 29488 71038 
9275 37
78136 4013 48965 45368 22070 37659 90304 84642 15351 41085 9450 53097 74400 98855 45899 60337 21846 45346 40132 87301 47772 99000 54797 68885 82928 29708 11193 15528 62021 71395 64669 28937 72245 67809 86123 71462 88128 
9274 45
52310 83000 97359 48699 50490 90738 15497 43878 35985 5199 75461 19676 12081 81944 2622 25915 70942 98694 5514 74500 29118 71740 75560 23378 17419 48936 88150 67944 1420 8954 9466 40604 76477 23731 76974 14227 31486 35861 25553 26891 85227 31995 30838 94181 77627 
9273 37
93052 34355 15879 89946 57479 43018 51624 41835 41190 2142 70304 3252 74488 49660 55966 5137 91032 38303 30806 16203 53711 91715 40730 32278 27107 47683 59845 30183 14684 50300 47000 11729 21458 72179 87275 70753 18245 
9272 31
77685 85695 78123 57812 98082 81551 7557 73576 95250 84312 6206 23086 60609 62758 37564 29744 93084 86412 5262 76727 83071 13531 37880 61412 5832 18939 86647 11598 55816 86373 85073 
9271 25
5658 62334 41074 30885 69624 65053 72689 99391 8236 56184 91543 57921 30115 40694 98304 71593 78753 52851 92519 97917 26402 26032 64963 27081 69265 
9270 24
51523 96670 19836 69962 21465 46439 80507 20603 87491 4131 43192 35227 45123 590 28026 34529 90988 51477 97975 40954 90897 65161 77438 84311 
9269 22
63976 81990 42420 84289 88160 18404 65403 71509 11288 86978 92872 37523 21854 95511 85881 79923 52170 44192 27124 72303 51433 25106 
9268 16
48983 19935 31553 54491 73495 67604 25530 65710 34765 17112 17680 51309 84875 70003 83517 35487 
9267 12
94266 44438 78957 31800 74056 13324 4782 52268 84350 67583 19797 83489 
9266 11
13674 98161 63236 74527 59155 68966 7715 13276 50080 98791 22546 
9265 8
1037 53740 46593 15162 21207 4965 97039 20687 
9264 13
95781 50360 27498 91785 73280 40106 23066 9234 30963 42423 64472 18938 61716 
9263 8
39410 6350 43675 88503 93943 27406 13119 44583 
9262 7
84594 7476 49735 85572 97886 36856 38632 
9261 5
57984 79433 25579 92495 9855 
9260 6
38408 78420 885 45207 17358 7162 
9259 4
91789 97776 60945 93342 
9258 3
24295 54113 48477 
9257 3
73409 29902 35742 
9256 3
27703 79546 29917 
9255 2
10972 79411 
9254 4
58055 36359 76487 3283 
9253 1
27697 
9252 1
56020 
9251 1
21469 
9250 1
52067 
9248 1
48789 
9247 2
10655 19134 
9241 1
12640 
