148
323 590
14778 45530 56261 28553 81975 76152 83074 1998 56482 51193 83960 81296 86417 22080 69785 61360 79455 89528 21343 44791 19105 22153 7066 28354 58948 22253 89285 386 66872 78424 48552 48068 45398 70522 33559 21265 42061 31692 8754 59838 52238 56805 22786 72059 97887 58427 60219 14674 76435 90927 26212 71504 31741 18429 98332 19473 53519 16185 41743 31348 55388 46717 49493 66879 82280 92652 65177 568 55564 41591 97496 57421 90862 40487 24065 9403 24711 34865 28314 97906 81967 44353 73155 48539 88871 19198 56623 56959 68489 58026 36989 88119 2665 25593 39324 89900 21064 46965 23081 1768 72370 43934 76739 91321 57257 43562 68777 60747 53471 82097 49062 90854 90039 66632 93737 10180 54201 68658 61263 95432 13933 72217 2627 97718 25206 81235 68042 97781 87787 9579 5481 60922 79671 39143 51966 72074 43390 64770 94264 16205 68804 40598 94534 98191 22708 9691 6613 225 78970 46652 95620 19669 15998 99616 57676 21052 87945 53522 42071 70669 54950 56857 27046 51714 39038 33029 6599 99629 80614 21240 23468 89859 86874 45561 98982 58118 45745 45468 31269 52142 11368 82736 4786 61294 55753 778 34498 79131 92898 7978 75339 11692 98158 35757 82244 15719 93242 51656 54375 65948 38129 52758 27200 59580 88137 7554 66713 69382 91668 25924 67606 41968 67276 39348 73961 71558 72969 82829 30766 43890 78733 80046 93824 50905 21751 40241 69596 14672 70988 99228 78279 68755 23532 76504 8112 35505 77710 96986 77133 34519 28410 431 58298 69493 33655 94438 78403 51583 43199 1513 65035 37578 80914 53984 41832 50118 74229 75849 36327 79566 80503 13764 89526 20668 18207 61366 19321 21831 30020 69833 19878 17804 60222 7355 97636 23180 53920 93841 24360 52194 25770 32224 57489 66807 28873 55319 25001 56415 41206 94592 69995 46843 60844 40204 55523 93377 36213 81977 66326 95675 61929 3633 65921 35672 92839 92687 63392 25956 7527 42491 14928 70807 37331 37166 46124 16601 42534 46145 75853 97834 82922 99703 76908 12234 14763 68556 79523 2437 15824 72471 74965 63619 64553 33615 81017 13393 75067 39383 53230 88627 89173 51190 66357 95601 32809 17086 67325 93898 53764 85596 87383 75173 93143 7623 25290 76214 55883 83586 83715 22430 22206 87472 96169 43970 23414 31622 73583 75770 26501 16967 61244 81968 70601 10165 98304 19977 96055 56653 18734 95744 64646 776 19935 82386 10857 23936 67901 34119 65353 40372 33039 28146 36396 64471 9648 55945 71115 67499 47615 94782 28705 80555 94455 53394 66251 14747 11858 9939 70137 82267 60892 61766 4962 48854 90003 51965 6774 43025 66410 82639 67631 1409 51876 26928 46203 59916 1790 43167 39988 61916 60491 33444 92941 2909 39385 56569 61220 8375 38067 77584 32002 20404 12075 7068 91962 54723 17881 43761 88389 85458 10138 16091 76528 95073 31527 82021 67297 88668 79989 80371 90238 91616 77875 35277 24391 43249 95904 73725 11346 77627 60916 20999 21342 86395 27938 40801 16152 24814 67062 18031 22888 20405 56771 64761 35572 97644 43240 47249 57189 45492 85164 38119 55053 7964 39711 37059 99448 74375 3113 7048 93881 56063 12333 11176 74388 147 18630 29393 36058 80801 68377 98309 35583 90568 14114 23341 45395 18328 23641 99857 35565 43789 80980 43372 55365 52438 68427 49838 8312 3237 66528 73910 13673 68984 81361 16441 10772 33871 87600 93028 17308 52475 78076 51443 64060 78440 32253 68175 46178 79401 86418 28467 54391 91108 99731 31617 63634 6506 5666 90275 24313 60662 72474 19778 17813 54199 90421 10091 48935 73790 79982 52608 27201 23696 61446 8056 7807 10648 1094 13989 90823 75426 16554 77558 4197 99136 89399 59298 53092 21402 
686 27
80062 57078 47974 92450 82885 55904 77769 56203 40542 98481 63814 64029 44679 11010 88257 50212 64711 40504 44749 42065 21567 56406 78310 17129 47580 88404 73698 
703 27
78792 79636 39451 3966 58601 94795 74288 39144 55049 47327 3367 81612 37819 86953 49704 33285 82323 36258 27707 94266 63982 3757 23719 65528 40262 69062 71476 
1557 27
71586 67607 38281 76101 88873 11813 83385 83491 49084 37159 97205 89223 31329 6856 2565 99952 49354 55238 87831 82743 94093 47683 79224 30804 5258 40952 33086 
1148 27
34240 74408 69546 2764 29993 36672 17697 17516 39106 41972 4621 17008 50721 73882 40131 5875 5883 6937 27546 80246 9850 32337 26514 20879 37695 22316 45346 
1157 27
23708 23014 8497 14112 9456 73658 33664 96060 28870 10169 13815 15074 65927 13713 51200 81628 69520 96025 4038 39128 11579 9885 27319 80093 13801 81225 72835 
447 27
51002 11471 68298 31353 98755 88566 64669 63017 94046 45417 34316 48841 39030 69026 83044 92809 46714 49865 95918 57106 63518 50434 465 90678 88772 51290 88746 
1599 26
10503 18627 96170 33167 83025 42853 46449 23029 45029 49891 28566 8507 38006 91708 84703 74126 70292 84691 78452 23722 82306 17009 77159 19267 14305 55034 
295 27
35588 7990 13129 26539 4312 5414 43938 76057 93257 11034 22815 72035 36233 46451 92563 42748 93519 9758 78639 25786 86530 25265 55268 69479 97734 53703 23376 
289 27
62419 49085 94155 31951 62349 32330 41966 10106 63460 55868 24779 62441 37073 83488 59777 4073 71147 79971 94050 58442 14453 17177 6463 39912 31727 78371 97479 
420 27
53466 67258 31632 89677 26017 20389 37665 51287 62890 19110 74392 29842 67371 22732 43004 2397 94237 93214 22624 36788 11794 59423 6085 20028 13988 33807 55087 
473 27
13580 73074 49882 73978 26269 90401 12154 1081 34804 58737 82510 66788 52924 70226 75610 15768 25879 12701 89496 22364 93225 74078 31576 94265 92236 15319 80109 
382 27
95519 12043 75605 21210 5193 37957 80376 14513 50738 64198 23380 21459 940 13378 15047 55702 21927 72295 99638 87660 19309 3813 2737 32216 42059 50109 48690 
490 27
25921 90537 73185 54299 99055 21491 10804 97383 78369 94967 54962 94348 44843 31238 71910 19814 99718 13453 7179 62138 67120 81774 38436 89953 5078 32585 48395 
318 27
18774 84544 40370 121 67576 87307 36434 41532 46667 55325 45778 23150 73762 91850 85732 84233 76175 96446 37046 94301 95598 69178 87885 82023 70398 35191 92395 
200 27
12718 51253 22194 92822 84379 77281 20869 68771 71452 47793 21132 64353 51521 50730 41957 32924 25814 8518 84200 77907 15471 4478 37808 35579 3787 73940 51203 
748 27
86835 64616 44191 75991 9090 92415 36509 54806 68476 8054 68578 94851 77414 17051 76316 4009 34232 28402 46516 96192 89333 38116 90866 20414 66637 94811 65295 
443 27
39358 77786 93351 58928 10871 41015 61007 44440 25461 93044 3873 89393 30518 39380 18693 26682 62717 73729 95434 78954 39465 6074 85039 30418 43980 22163 80634 
1470 27
39280 75225 13380 37022 23974 46524 10296 61811 85763 68038 12638 59967 57696 88206 29188 74938 5262 29008 4620 423 75847 88629 49196 66122 62574 59205 34656 
1067 27
84333 21261 39991 13907 71851 5214 2986 35015 32437 57163 46706 31937 93208 42805 23610 75544 69587 32267 26040 63465 89575 43202 63406 91751 16792 6252 85387 
317 27
64622 67193 25232 105 48133 93376 44988 53357 17807 23596 61853 19757 43485 38115 89718 7792 4805 72356 27638 69223 41212 56315 84707 87117 38762 68078 71935 
67 27
51977 9824 4509 72696 31535 34003 54247 14115 60717 78123 35554 57402 91139 79374 46849 83650 11874 42137 89384 76168 69063 68186 92068 823 43957 11084 49167 
709 27
10932 75705 76373 94080 3901 82812 50423 62105 18691 84175 40464 42215 10270 8631 86422 8340 67976 60240 9046 34445 82575 78572 74962 14250 8487 56319 21056 
1624 26
60159 60205 78264 46028 69671 50678 7779 52234 6488 31575 38164 98056 92629 74507 1020 9630 75481 35597 81878 35662 21071 98793 55891 76601 31475 29573 
807 27
78027 96687 48745 76352 52557 34212 77439 33322 56667 6851 69199 78857 36882 79302 656 87633 58410 83097 60328 371 2141 50860 78094 12822 6769 87481 30987 
814 27
33908 84946 81619 47844 32696 84704 68029 83584 26984 42503 35486 72336 8242 55125 18114 83411 72845 64851 34584 4982 34702 19770 10785 22467 1474 70873 27683 
253 27
26030 33093 27712 49005 98626 56751 96790 92529 84300 76738 47095 34142 46824 5088 36269 52775 69038 3201 12305 35813 15871 90750 97643 37714 35679 53432 88265 
1515 27
20733 47943 38768 6902 39534 96196 33596 90046 12860 50124 49797 20029 34789 79237 59613 85579 99218 52574 71808 49481 16288 82083 40929 2240 7632 37168 81052 
190 27
26669 15207 26083 73247 37859 22472 98940 98065 7677 48550 70876 78943 63396 93542 97720 45869 75718 96967 43299 47495 82544 37200 61556 17360 68718 67117 34714 
1682 26
52127 99462 41121 14155 28138 91406 84824 6267 66623 88314 99850 93221 90025 43336 78300 54441 31605 72665 5139 36223 73080 79230 30883 69054 25599 59086 
1689 26
11949 17246 21594 99546 8616 86482 72178 75652 51151 5800 39240 41486 17076 74557 61230 1217 19227 46445 37730 96061 27131 4251 44292 57269 56835 2999 
822 27
49424 73051 98153 44737 57791 23174 57809 84657 7492 2049 15414 20271 33897 15737 4545 21361 2189 50211 33722 62474 7035 67333 15706 95725 76931 13516 51103 
207 27
35964 39229 91085 67395 1854 38992 31815 38118 40942 25105 68254 67880 78386 26062 99247 26178 7701 88122 47598 67226 65423 34761 96705 37002 69738 76300 72473 
371 27
24876 75007 54695 92913 80625 79781 81751 45606 40205 87807 28535 42728 67893 9788 76061 22397 53078 98092 64149 78428 8714 78674 81238 22189 90395 67543 20509 
965 27
68549 54921 54344 58742 96459 12506 69742 66140 59131 14386 70400 33132 51044 99726 29965 88560 22188 93267 19229 45999 81078 40890 6271 65694 19241 83174 81889 
19 27
48335 27978 48471 25976 79547 10866 6016 51312 63500 52804 52935 65130 16868 36617 10839 59012 34434 75129 83390 57868 78846 80550 10720 79016 42696 82663 18261 
885 27
73766 67373 1819 15532 89836 24374 51732 52099 43766 74222 99232 59191 24645 87679 56960 41597 40216 12089 17520 65314 13763 27258 44282 1885 49213 64335 66001 
1444 27
75235 91207 40174 72039 36514 85020 12647 33059 50239 92640 44260 28715 56101 14684 59840 82676 79561 77826 5229 60369 45514 15247 15407 592 25628 24199 5725 
89 27
5391 28885 20239 3243 26025 48031 64792 38135 42774 35303 20735 14575 89875 53109 27354 45522 95210 5270 59461 39980 80494 64950 83443 52324 85498 7311 51329 
62 27
38481 15991 8138 93758 86639 87689 56817 3940 21601 9463 39345 81506 137 85153 4694 55707 13606 9735 41510 4309 83099 81876 78194 21106 25861 16459 47044 
639 27
9802 90760 84859 85984 54833 34747 5299 44886 41181 3229 93539 46458 73385 33413 3691 70801 97198 93756 78471 35426 73852 21339 78894 2382 51703 83087 65768 
1396 27
23822 84282 68878 22243 29958 47459 52502 64905 68303 4044 73097 17178 45780 71841 5574 28928 65991 4220 10151 7366 48694 64090 29458 93801 99316 29514 5369 
1167 27
33296 95905 99030 18968 71377 64506 42212 76119 62355 13394 94161 519 30535 96225 57413 97438 88719 35171 44079 80065 59979 10193 84671 62882 28050 45986 54256 
765 27
7095 30865 17563 86228 30548 66694 41048 30106 87706 6324 93085 53983 74485 70560 97000 89267 26224 66758 73744 25489 80927 73895 85780 86957 76329 41655 10913 
1690 26
2074 62189 54435 88299 77058 41191 48667 90361 51303 8262 68577 79582 86600 19006 60586 25433 7016 14992 37846 43270 67836 85106 84227 59802 30792 19114 
208 27
74220 60070 70708 56756 68131 68638 64542 71799 60550 4897 47217 44182 59059 59117 42004 41739 68970 68655 83740 65324 73153 61370 82125 1804 87140 99428 42443 
1493 27
1202 97456 90811 60998 90062 37469 1754 7815 78609 13206 18110 96941 14615 39524 57577 74026 19999 64183 90752 11167 44211 23885 40679 79556 44591 65103 76430 
169 27
89413 46969 39891 59913 96166 36383 90785 30003 51059 66570 8796 36215 53317 82018 21353 16022 84508 72097 92293 93305 72365 81317 53265 95389 91755 68081 42821 
1377 27
6504 11375 78113 13273 38340 91817 65657 17910 31336 35279 30581 91122 90713 97334 72559 43801 93275 85391 93771 84968 42123 98473 20391 43476 44486 85595 15432 
1196 27
79308 51888 37476 57335 95235 84086 12639 48551 74391 45127 87306 45190 62206 78349 20794 7566 25291 8159 3801 82108 33703 9524 95567 59854 50235 54821 67387 
813 27
32887 91665 84625 64590 76993 32408 10357 87949 78011 59143 17543 54021 70250 94627 75903 36398 64548 50081 41334 24613 35357 31458 64331 30439 16739 42627 53812 
140 27
69812 58000 66503 66095 41276 44489 35601 48153 49771 60568 49464 49243 89321 20178 90602 74184 68440 80576 88938 58844 82849 14391 16182 80789 75140 82006 45830 
1116 27
75784 3601 98544 35437 54502 94439 56495 36485 46132 48760 73712 41802 85093 16458 13583 70631 40275 65258 37769 50975 63892 29315 15464 64940 86843 84539 76553 
106 27
88774 81280 87754 19941 68225 17653 64996 63789 32902 39599 96259 95465 26225 46778 10875 89558 69878 21244 48271 71096 95124 88415 95393 12695 95778 66138 68818 
534 27
46421 95556 81611 18664 83444 74698 52166 37561 64928 49904 36836 99537 34408 25274 19471 93356 86722 49036 91970 57098 71559 11639 59262 40411 1899 5465 88573 
398 27
80282 87033 47558 13480 41120 22697 45704 64850 57341 86361 30635 40392 47069 5766 74691 46336 47623 63706 55190 71432 26786 14835 90699 54644 25374 88358 75296 
1002 27
26659 6184 88244 69233 99259 1788 85040 46291 5649 92585 14553 57431 91815 57066 54273 4058 57417 22774 27083 98590 2683 12575 32030 67864 40531 19044 76783 
926 27
30972 62135 85762 64970 17633 92289 20293 68796 71061 90088 77641 368 22738 68667 85460 49681 17916 72095 65821 40147 61303 69463 78093 79114 42236 25532 30771 
111 27
31555 530 95572 80373 8192 42129 69811 39700 31915 1827 31455 45005 36554 1980 22849 89738 41475 62516 79394 94181 66243 36686 75218 38630 672 87101 67520 
148 27
54482 87795 4246 95989 66864 57214 72056 4668 8988 90865 53975 6423 90320 96732 39573 54236 32531 65943 42426 93808 24500 85911 54310 66170 13107 99144 91622 
1226 27
57225 90057 10656 93448 44138 74827 86545 82207 34606 32069 92059 20832 22601 4588 18564 85698 6243 28195 39124 85688 57270 39588 4230 39918 1420 3667 44702 
654 27
6992 2387 98659 11746 96877 86858 70683 78725 23505 84786 40785 31283 67447 91298 36118 45773 76639 73316 33291 13362 76670 20807 29285 16805 32297 24251 52328 
1579 26
35595 68082 51245 70680 2205 57449 55295 92575 99179 92615 28253 90071 27806 36475 46158 92329 96726 58041 17185 57987 36746 31126 98844 13545 26986 37223 
525 27
19697 50963 66859 13131 68847 67066 87069 30855 36754 5015 6278 76881 7761 89765 79410 23770 29417 25144 39114 51085 15309 93347 25474 93456 64485 99282 42820 
1585 26
82400 75033 51047 75181 49332 19686 31338 5951 43133 47920 38906 25680 19649 91986 24223 54207 92836 64581 80763 66573 14759 5316 28036 15102 87267 72397 
1008 27
98118 95883 95714 97875 20872 48189 45793 98311 51214 97247 61695 66281 25727 37174 29878 84788 63858 49536 76445 48732 72437 75794 90904 47242 24952 57605 98439 
248 27
27042 56253 62943 65703 76068 40479 65140 11162 92736 51387 64461 5448 44084 54445 43614 90498 95137 4107 72266 48810 30309 38437 16774 13667 90064 75284 22340 
1606 26
42354 15790 16452 1696 29883 28834 76986 16974 67381 35691 24431 81488 11474 86913 18864 60621 56995 91348 55525 11227 39397 33152 11667 49100 60204 99288 
582 27
77651 65008 37101 90041 98377 71596 79704 93007 72551 21345 81481 40960 91677 32418 97182 44761 93939 46791 67330 57364 39837 39261 30353 57107 36592 6123 75983 
1269 27
62910 1126 35326 32732 41012 79468 23264 64906 43620 89268 80786 36378 37973 90997 77498 42299 34717 98013 86750 84274 51975 12022 81495 53706 5204 7678 10630 
614 27
78233 31432 81463 30122 71057 70326 869 39033 78375 57010 45922 74744 81035 45429 11643 87995 14043 10054 54955 93001 48342 42676 20409 69370 12318 42338 74087 
1342 27
39448 35667 11834 3614 86610 38796 6718 43508 33438 18396 54635 15011 21555 49555 48926 53551 98825 51199 19123 26014 27499 58960 75771 92855 13429 51559 69642 
658 26
43290 88671 6980 64196 30313 78324 74624 45130 38452 81483 85059 83515 86769 43758 6527 47382 19713 43954 84312 46002 87770 64406 23589 43861 28031 14332 
440 27
83442 59694 11594 47094 91135 63462 31173 15055 94456 57670 21503 79810 45713 3868 48697 38702 87676 34733 5037 74022 6322 7010 40248 71958 55461 59161 70624 
667 27
7981 23713 94290 88360 64480 790 88733 80201 5049 21175 81634 67005 62625 12671 71676 68540 52685 28572 48404 1564 84899 12345 67821 36955 12377 92551 6273 
177 27
28338 59165 5564 10040 35099 40928 71481 37098 19407 33044 88375 93872 98442 78763 24937 36340 21969 5733 81125 56516 61880 53543 38874 95785 21093 9412 53246 
1591 26
99841 54569 16598 41474 47665 69328 77913 99278 60428 60336 38707 59791 19380 38313 1022 43956 10657 74379 76296 27506 98357 2004 37041 20487 33594 78333 
74 27
70623 75624 9464 25209 50027 20712 70357 34644 94678 45482 10174 20504 50331 41635 46293 35178 12524 96309 85371 32421 44593 79399 68968 22848 43899 29291 10731 
442 27
26640 64695 27439 78042 22921 8328 14571 83730 33159 26683 54463 45779 67552 64142 77598 51145 73994 14395 18473 98413 87892 44355 83277 88297 42017 2331 26159 
1293 27
68928 45285 6731 98417 99220 97453 8169 14431 57783 22912 33424 3334 41669 92713 63444 93367 372 35570 71589 96512 94510 7331 91111 88187 50752 63339 97639 
1683 26
84762 84391 23143 35139 61674 34089 89138 468 381 98040 52561 1059 80514 95563 28382 39689 83622 12474 79977 71836 68514 85561 48649 28302 98993 65517 
322 27
17321 43121 21484 50902 27653 73888 12979 49837 96088 76473 63621 53564 73700 36420 77896 43075 55658 2836 57048 46573 40065 54350 63853 44294 2470 41792 5126 
438 27
31498 87131 67713 42117 39659 65228 12364 27002 64349 17949 11748 81752 29040 12544 16875 59786 1002 57388 21292 79572 60807 99057 69358 65070 65362 907 12973 
18 27
12064 58772 50551 81200 85828 15174 42270 51198 313 35513 88451 69576 72311 4269 9974 46184 91319 3499 56239 23443 5528 26530 29708 95055 65471 80259 89545 
856 27
30176 85353 27199 20670 47263 61205 47549 60779 95855 33416 48921 54712 51471 91740 78929 67559 14678 25251 47750 8563 67791 68907 95632 1782 93033 85548 20723 
713 27
50419 85591 29599 74789 12619 79194 52267 90679 39310 41742 87769 60044 30178 15042 50128 75403 68565 926 99213 9438 51027 52159 88925 92556 54193 37636 42906 
721 27
66603 48381 21495 98850 47852 31057 82337 35794 92092 17654 34484 70608 37222 5479 97187 52296 45646 62488 76674 20902 72431 16238 45455 33997 15320 43361 30108 
1453 27
84632 20888 42723 12012 93101 45374 11095 14646 67265 88028 5662 88141 82227 34992 38778 22583 9308 49523 190 99411 13065 37154 11292 2089 80018 59837 98811 
1174 27
58756 99679 81530 47889 97324 40650 76556 63540 25229 34856 4463 83847 14783 17469 51064 25138 54249 74346 52833 71284 94716 92746 3659 47050 13338 44160 9318 
471 26
69147 45353 97200 37512 93715 37737 92863 58508 99413 24481 74251 86141 64618 44442 22894 53247 15720 71710 83108 74871 79151 57958 66322 4014 30395 66708 
395 27
70611 14364 98292 48771 55836 65687 86276 41646 81792 17841 8263 21020 49906 9299 45631 48741 42393 79899 31077 98761 49356 27801 72926 55082 74739 21586 55061 
642 27
20564 52707 82600 79789 79434 86980 92388 10387 9980 75894 83541 39939 18753 96213 42621 30511 67831 8906 79917 50216 98029 61441 63454 92637 4010 22464 56185 
512 27
84028 64324 55768 22578 15485 24646 80293 74206 88978 42552 85491 80523 24623 12084 11602 97969 28964 64600 839 3196 88223 52793 3035 79079 29486 62594 27089 
460 27
44488 69791 15493 88230 53582 95382 40630 15465 29224 13828 69803 27388 21045 15880 40085 73911 49438 76414 36069 95116 21556 23923 43695 15393 32058 49144 39627 
238 27
8067 42980 63781 63240 60136 51183 28679 92939 48274 15703 54700 6500 88787 76336 47953 79200 85265 59968 58836 30594 52812 40738 38776 84730 74443 34664 62225 
375 27
41748 22067 47392 83720 81075 69826 29038 63923 47357 23801 15097 28400 71911 70827 92549 80482 94431 65492 78268 16026 64536 73290 68733 20580 58472 67827 85438 
414 27
68148 78072 11288 44715 88803 86006 58837 83755 91157 19940 56321 38166 69975 91831 14464 40948 11068 5630 53616 42755 28568 8115 88183 29339 44965 61991 5860 
104 27
80028 83201 59520 14808 63546 22433 25501 94041 26397 8264 21581 2466 10915 9857 78618 69973 3184 3647 94367 50676 27702 64643 75455 28245 20674 71689 85885 
1341 27
13775 88031 25255 24543 47611 22370 58615 3852 60982 72013 7967 684 66999 24836 97995 85724 81622 21482 44280 79426 56776 6866 82848 48852 50465 11218 9112 
1187 27
99751 82640 1403 51378 2016 83959 27916 89544 91978 77100 31187 35422 44272 32628 36298 60441 64132 61392 82346 41870 59355 6690 57271 16903 44293 99196 79271 
665 27
54835 80632 74261 50954 97676 95023 87743 97250 92824 11388 50543 7885 37150 96763 5728 54101 97657 49394 17023 95038 84777 43428 65931 85998 96648 55522 94083 
1009 27
30149 81839 47908 36832 51577 90049 76400 99258 43426 66535 85654 46636 34797 42948 70939 8015 29537 70145 10257 47867 1133 74636 4487 11045 84322 44385 24851 
340 27
82957 38774 84161 73453 11829 43734 83139 65993 40015 53507 57936 85853 55211 96344 85483 23905 919 14576 3862 52500 53716 62311 93030 30156 6338 27156 85165 
92 27
90598 4303 75864 36730 51266 26796 86657 52097 11171 79175 24695 2821 50307 16297 25245 19313 76873 81091 57280 9753 86211 3825 4720 8397 41600 64570 84310 
1614 26
74563 70740 27521 14069 96057 30688 99141 67217 41585 63108 15516 25609 18238 17914 91444 75545 88579 57699 2092 20584 55818 81165 45724 65195 31347 59121 
112 27
26183 17025 35328 51326 14276 7059 41977 96051 83485 8954 11017 69689 83507 15827 5021 80005 30449 88386 67755 47548 9682 80486 20183 20767 75108 78591 66801 
346 27
76513 62017 10636 53148 28767 40562 95189 3019 10957 24269 55519 45805 33987 13411 90304 13076 87734 9936 26316 76996 66613 7805 49813 34630 68879 72247 29916 
1295 27
56645 97468 72341 79023 48595 99559 25338 65773 40543 81749 27991 21641 35919 11447 35516 86580 90127 12428 14267 66911 79472 15619 34433 7480 56113 26446 70791 
963 27
76671 79801 37719 39517 84961 34375 1863 39041 50150 50822 96502 80286 72547 96613 92515 16453 50755 85068 84623 45663 57403 57333 81779 28608 43847 28744 51981 
551 27
47922 46310 29510 60532 79905 97705 30255 79706 93342 8468 52558 28043 21765 21267 37000 56766 46260 73552 3744 38985 30783 36815 33817 11260 99794 44189 7416 
136 27
10431 40166 4492 19535 60128 35176 24616 98723 69531 55276 51550 80692 19783 65112 32579 8620 71026 70691 55341 87049 58870 94717 68493 70420 1896 76817 70997 
1582 26
17658 60837 75830 64653 67550 32505 76718 17079 9357 8547 81473 18949 75671 82876 59974 69125 909 95147 73330 30674 77365 51723 2862 65281 13622 96273 
715 27
12208 51466 87943 19638 62232 46511 78074 20112 80032 36889 95412 90947 55957 16242 87438 52490 74425 15145 44193 31201 17789 12708 41092 98044 66449 267 18209 
335 27
20005 41853 19021 69992 28666 87524 73295 62763 33248 86475 28757 43931 71005 21197 93078 17622 63507 72416 11896 32458 7313 76942 22226 44940 93783 92851 13865 
528 26
79075 12810 72971 99574 6521 63906 93659 68031 66362 12014 23499 67138 79504 83935 76083 92184 47515 19162 18590 46603 20511 75201 53594 1684 59779 86714 
216 26
47530 8742 89126 7525 61877 46026 41554 71006 22575 67752 84848 20478 41698 54926 67098 71201 91134 12612 48631 73113 12939 69541 8688 3286 28559 88344 
225 27
98789 69879 89760 53515 56767 6544 40333 10409 74955 80069 83875 8858 82749 17709 54130 59638 87930 93632 51930 43071 92922 86072 88837 46591 95941 56977 10585 
350 27
38457 3790 36644 96107 71172 77068 30568 2264 67805 84125 77069 54053 20482 62966 98122 78162 95005 2324 24980 97398 85341 27121 3589 26029 86978 35401 71065 
1369 26
16893 93616 99333 66061 57608 31832 35344 93728 10267 782 48116 58219 77052 23157 62680 84328 95836 43783 79253 71936 24807 77999 70674 83509 37411 44771 
376 27
95039 43337 88332 6502 49228 73243 59579 9133 8139 19813 34833 23645 28034 40938 35829 34086 68938 36997 3177 47626 18279 13822 86664 32215 20953 98503 76805 
1672 26
22982 98587 5683 20802 83432 19673 59452 14574 43892 78271 16201 24107 4334 85426 57907 40076 8275 93364 66011 7012 42124 53845 737 99381 32893 55610 
1306 26
98721 50176 89369 64347 22620 1208 8271 37606 85261 30824 86078 16982 20720 85277 63325 6771 25836 71862 91096 66592 82854 95053 84212 23433 72019 23723 
526 27
87586 80757 23626 41060 68526 26362 15099 68329 11483 60046 17625 66327 42835 91563 91105 80276 65474 49792 29521 91840 21152 42476 81107 17384 39780 85348 29884 
1566 26
42801 44012 67774 41703 31924 89657 14727 22548 69730 86091 36466 52703 94809 73656 34952 41149 22406 42827 76261 93717 40108 46723 18127 37047 71419 63717 
1362 26
77851 58965 7956 10709 6204 67377 8650 69174 25223 45588 24512 49652 18919 52264 75148 89983 6947 60501 23160 57253 28204 86591 89145 46454 55432 85345 
33 27
51622 26723 8044 94605 30913 74135 4203 40157 31382 44295 96886 11011 73932 95895 58089 18898 15621 67780 2486 34028 16480 78601 16260 42083 32060 12110 18419 
542 26
83587 15817 22915 8867 61082 23583 30788 40676 85049 50250 68480 66569 29444 616 95279 99013 25496 61525 96822 85134 30895 2323 50813 62959 51348 92984 
1322 27
50974 16214 98267 87621 99799 2365 38669 71164 39626 1361 85465 70908 41715 79096 1946 46192 83335 80510 25226 30197 62885 56407 68603 91219 38291 29385 25736 
316 27
98735 54912 99484 63946 94875 65667 14484 67278 80597 10595 25564 18741 90820 66978 27950 32013 17858 18580 12402 43408 347 87759 21308 79218 64495 91482 86885 
562 27
75032 65885 90732 51878 26982 93227 51117 50393 81263 37064 83421 85184 39077 93173 80491 29715 28807 1283 63263 31662 7451 60912 50383 16716 8753 264 57738 
1237 27
40843 1046 70975 90595 56870 85087 46123 93556 62077 62863 25082 44122 64971 28451 68682 38683 71735 40748 15301 99837 11028 12776 53269 67733 99201 95879 96935 
1424 27
45462 76780 48410 26327 5495 30661 44346 84655 42155 15216 39951 22135 9491 54090 72380 54568 76301 39831 84118 40353 96155 38791 2441 45744 43197 39847 54527 
1175 27
64744 53459 24277 45520 18467 51689 77021 52449 95561 91479 30764 72372 27527 23717 52055 76344 50509 29770 55852 59763 3099 45798 30871 57603 15028 64094 69784 
1224 25
82583 58097 57817 24283 41886 28169 99113 30515 30088 29171 22728 92055 6058 30112 36588 77223 69796 86412 16127 96443 69191 64668 74097 53342 86285 
133 26
22212 24399 30955 44716 68820 19009 58375 50845 7305 94525 83337 58122 55484 85171 17355 72142 87927 7773 13105 67925 78494 45355 19081 32638 6585 82496 
907 27
5640 12049 11251 66591 17817 49989 72322 33676 33851 58729 95616 93144 51826 61175 3997 54966 41224 67145 44845 69794 37638 31406 42831 74293 80930 74939 8699 
270 27
148 53489 883 62477 38925 39572 35133 47085 70356 44952 81831 26089 53472 43732 77433 16490 5017 25650 5626 79489 77335 14514 63667 59137 46538 97197 57053 
961 26
94845 98032 30441 22793 29953 84880 34705 7391 74541 62386 46712 60584 78276 59406 88392 77152 64723 93486 25623 24684 81098 74339 78450 31992 51442 23817 
353 27
48331 14662 58912 90638 83252 51358 13496 74100 58407 55573 55079 79848 80627 83062 23760 5509 29625 52372 52266 10837 80394 87799 12304 30311 62415 58475 34570 
55 27
87258 69899 31698 38186 25837 27443 82638 89512 170 93805 64929 46612 65686 495 58154 76990 68188 22331 2112 82884 66581 22925 5105 33696 56484 19583 98334 
1337 26
34130 71803 59536 1937 51547 44462 55816 51040 14075 70092 25785 72379 66169 75028 50435 95719 71791 14547 25371 49903 54524 99203 79312 98264 48936 3708 
1334 27
44080 124 63372 20618 50284 94682 14163 43872 78742 70362 52279 22429 92194 18930 51037 46774 84818 17304 30691 31456 40513 32708 56054 9234 24887 69219 30885 
1474 27
55039 73867 55521 39681 73454 70609 43903 6743 33476 45655 40035 72101 87705 84252 55293 25493 22098 46299 33630 4150 43996 58135 49602 79167 87272 4244 13244 
47 27
24912 95947 38442 35870 61725 27466 20774 19275 86180 75708 71743 1491 2476 97852 54059 59368 13520 37095 61043 88279 41251 51501 20464 22327 39107 77085 45553 
271 27
22666 78948 95380 7103 46929 49827 39502 11324 7765 10937 15267 63399 11311 191 61391 16172 85820 11861 74708 18710 62860 59027 41804 54761 11173 56314 27789 
1477 27
58424 74834 13140 58938 56171 59775 13487 98290 40010 71493 82907 88071 54139 74815 56230 59319 50395 41016 46600 21929 24878 28226 8460 4859 65714 22600 8568 
1638 25
58949 8254 97555 9675 82750 34828 98960 38411 46716 9628 29745 71959 39665 14776 29811 16562 78470 99281 5740 32432 42958 71531 82791 51475 54307 
982 27
44757 3948 71600 77830 23684 48902 89484 90702 79735 2223 24597 53121 22534 69428 67285 90819 8762 58542 61384 44515 59408 90751 42964 12640 60002 21676 85282 
