75
9906 13
71504 14907 66542 74684 30731 39356 69144 41540 52220 48617 66076 8852 57427 
12109 13
60527 46422 3962 25463 48976 34636 77306 12626 35798 67017 42625 31767 29241 
5259 13
4439 15303 4745 36512 13276 58159 51564 17333 36493 62317 18894 30888 74452 
18685 12
70178 54408 9010 6106 9999 76966 38934 6463 32082 43703 14657 35143 
7003 13
40246 13255 32889 20526 59548 36409 78801 74133 72843 68048 59726 37806 76633 
9753 13
35164 56740 41317 55938 4436 39841 32004 1896 11776 76950 13367 34554 44232 
8202 12
77613 29890 54337 72166 67099 55790 38792 39202 80295 27276 28282 109 
9854 13
55993 40233 25698 8318 17806 2858 3942 79357 41649 4206 11081 30724 63209 
3449 13
37773 816 74324 59491 35735 40496 16612 5798 42344 18733 42863 13286 6452 
2959 13
51838 12559 2121 63957 70092 1719 53248 20155 37692 56902 9793 56197 785 
12453 13
72293 32792 74533 78070 30317 50322 51923 48969 36028 70739 16746 66558 30953 
2272 13
15914 5694 60935 64527 31422 46253 30052 8687 35206 5665 34152 40024 18770 
4657 13
64710 69704 10841 28603 72427 12788 71956 56121 48251 61691 62115 33017 80169 
11437 13
72145 71631 72964 5985 41666 48174 6835 1164 22315 55355 4774 7968 3405 
5002 13
54730 69237 4949 18921 63433 65771 20030 79058 51833 54370 76692 10906 52390 
10635 13
69396 38853 34591 72960 38607 68784 38108 64567 41134 17544 21698 61835 1476 
5179 13
63620 70302 70337 38508 54383 3785 61488 4664 62681 54786 66513 31786 53610 
255 13
31525 64304 1723 41447 6082 33621 23884 49221 37848 46418 48859 31660 14856 
12830 13
16909 26768 51634 17970 53599 61505 51383 21365 11020 20880 40373 51031 5442 
5952 13
77234 8754 58462 76530 49292 51537 50698 12713 62269 67287 48391 20533 77983 
16246 12
34795 20083 45585 2108 56788 19007 9613 51568 43748 12050 72191 20340 
12352 12
32350 41522 38313 5610 63235 4954 76245 36953 21804 53554 32328 11299 
12921 12
9515 20327 15353 21990 76228 72283 44564 71260 51548 75269 78073 60570 
6257 13
54909 34845 66179 59210 17490 69287 13488 4856 77846 3906 73949 53939 9693 
3715 12
30222 64299 70998 49003 52522 20942 11131 32589 41651 27911 26413 22356 
19190 9
42733 40606 78234 26135 35175 78379 61365 78427 31630 
11877 9
33812 8519 66706 11969 25590 75284 65728 46491 28621 
15497 10
78533 18080 73302 44356 9633 44115 58162 62949 32042 69454 
282 11
58220 17013 53693 7068 41955 34896 8065 71052 45304 43220 41324 
481 12
8783 32080 18113 74239 39601 27407 57355 26695 78573 50068 43521 55405 
19182 11
50085 35387 48461 40404 12125 75575 36970 59624 21518 5152 3111 
12559 11
36617 50722 57374 65578 45015 17693 51215 13782 36358 671 43188 
18526 9
43132 37361 19453 68714 74742 48696 31018 45308 22786 
15505 10
54222 65336 7504 40426 6124 43517 72719 9645 79720 13752 
10523 9
22462 70610 46008 60551 10330 2254 65287 8301 61794 
11954 11
21976 80494 38550 8652 264 46106 1098 43285 20724 41020 49570 
8244 11
77387 8583 56929 55715 70409 23749 60431 18562 73615 36949 63610 
6523 8
50992 59708 20166 73904 3592 21949 14382 34244 
9276 9
35956 35780 62400 21808 311 77922 74844 2260 53673 
1453 10
73423 62766 58440 12343 15093 66362 33622 80015 2419 20535 
4285 8
39020 40640 57076 75040 72574 10664 52025 11085 
12046 9
60698 25115 46973 19770 80719 15542 29918 9694 29971 
1177 8
41140 1089 6192 54436 63344 53866 11687 67726 
19106 7
66462 6612 69132 3008 29175 44019 31850 
17474 7
40901 3863 28770 80566 46087 70718 19331 
3289 9
5579 28986 48926 24160 13957 55370 40484 65337 43796 
8070 9
52618 53441 9726 47570 11877 23944 60670 21833 52600 
3952 7
67405 29968 38570 36499 2418 54384 74635 
19467 7
50869 47208 23363 13999 59010 16231 75460 
17908 7
31267 12955 72673 77097 35330 15120 16582 
13780 7
73200 35036 62798 3654 25724 77412 32111 
903 6
18301 56709 62744 36849 1518 47735 
17711 7
79521 48775 39467 56909 29892 22837 57358 
7464 9
33794 70589 32184 11922 79254 23130 75352 9117 4116 
9818 5
11082 65692 14347 28493 9208 
13108 5
2546 81034 25446 60688 5717 
12096 4
40454 78854 32084 29112 
18189 5
76265 41168 45476 24337 54372 
8163 4
58285 11190 21196 46209 
18065 5
70764 52481 47276 38001 40300 
12363 4
56604 47691 69052 15911 
3272 4
51455 72560 34855 38555 
6621 4
18193 61636 29955 634 
11718 4
32600 49904 51279 63887 
1662 3
14140 14549 38299 
8343 5
62031 12742 75305 38610 23968 
15639 4
10837 19714 17558 55736 
18456 2
37827 73863 
5289 4
6312 30027 26106 28999 
19705 2
44027 74434 
17899 2
1286 52569 
19840 1
42492 
19836 1
31829 
19800 1
27523 
19786 1
64292 
