37
2447 30
87205 34792 38481 99838 60466 89331 91756 68921 70806 58966 54647 42599 65635 51453 32005 13449 65283 40790 19399 4430 16961 57612 84970 60468 7797 95342 61424 92830 85314 31396 
1204 30
9499 67749 2655 96690 43252 33884 8610 28835 19622 56014 7522 55220 26573 98533 24907 13845 73023 42161 10713 37276 58642 23460 34962 64020 71797 64219 70836 76908 44198 42448 
4022 30
46982 36777 57419 56165 35732 87364 98674 61694 49785 37070 72245 80746 19750 99640 70883 11266 76233 96187 8269 73430 71928 34185 48732 77261 69451 50277 84365 10513 11567 75004 
3911 28
97397 94898 21904 94719 17311 89394 78273 28051 4961 19886 90413 26728 98868 31143 82680 20529 53485 47209 16387 26672 72039 74969 83665 23024 80537 17511 68315 77878 
14 28
82596 4634 74121 89568 21104 41067 97088 95920 49342 380 32559 93710 8716 90950 71401 91331 25820 95901 31040 65958 1730 9329 11556 83271 92876 51835 82201 21549 
3586 29
4499 69650 74992 57978 81325 29685 45058 72843 35147 12727 70938 94740 79146 76286 11513 88227 8712 85138 7518 22361 30692 10832 3611 42430 60989 66170 56997 82174 73572 
226 28
90541 93505 39446 57868 49651 4233 84013 69832 84711 85760 38374 38792 35450 91025 34817 34352 30006 69582 57194 55142 40183 29895 10165 90988 60542 29459 46532 85635 
702 27
7258 44399 58323 37600 83548 14695 71868 72768 13680 85605 17664 51936 24807 67878 25422 52474 75572 40280 37119 87836 26765 21036 4801 71864 51765 69552 70355 
1402 27
55743 36402 49388 74739 39128 80901 56654 77501 20420 18583 7607 40110 48961 40923 11089 85469 62371 24711 73009 6498 21033 28386 75010 34492 72953 98412 54803 
3267 27
47928 11258 75928 37582 91039 89867 64585 98134 37715 32891 30814 37454 35672 29676 19233 43966 30431 96368 21140 33737 39996 69955 3710 51722 29305 98570 72176 
3850 26
79009 95653 59229 6731 39477 11289 28477 16010 21212 1975 94384 86996 90002 35891 6513 24439 32750 7179 24128 11505 76036 85981 31745 12378 34720 40312 
2970 26
15031 97447 64038 48335 65318 67597 24289 15055 13328 58712 28020 88294 97572 71473 95017 68779 11891 83065 97419 37428 65462 3519 69247 76558 86928 27230 
856 22
78659 24624 40443 61545 78187 2563 55191 56447 2126 8050 80048 72657 78656 13514 46703 76998 475 44211 32385 83800 99816 50196 
5014 24
75160 93797 19141 82242 29847 20924 39219 30127 35784 44158 46276 13346 63123 71562 24071 5629 30048 22724 49339 56791 86608 84479 28773 97113 
2102 22
2690 62176 50989 44326 15339 505 55624 7326 53829 79734 49758 98913 87100 98298 92934 97591 69608 76709 98896 31491 97219 56464 
1207 19
59733 56252 91653 44800 61776 74159 13939 88621 60507 17917 60628 33594 11380 48580 9388 62316 76555 64658 44990 
5754 18
25313 72093 28469 26423 34251 90768 50315 45168 41885 9885 24035 94378 39261 43890 89722 94054 19527 12655 
3504 18
63716 49314 10560 31081 68417 79551 32760 97943 15863 94595 43341 45430 15309 17497 16753 39194 30536 25532 
2956 18
97022 68739 66382 20952 21262 15858 7495 29632 9134 36037 40287 84301 86894 91019 59005 97842 57185 59039 
621 20
43667 36693 40406 66687 28183 60405 14627 70219 68766 12888 48792 1544 98536 385 25581 70317 95219 62385 73317 93415 
2380 19
52701 58868 12850 12932 34545 39772 98830 39890 71178 32460 27112 54506 40732 89680 60020 4319 25887 63680 25834 
4274 16
20047 62372 21430 77758 23509 91998 19728 92905 59638 75803 10947 40605 48256 42746 7193 26913 
4973 15
45286 79375 59034 53833 30506 65522 91001 97910 54174 24238 1233 81660 78389 89748 727 
1392 15
25966 34871 59283 47551 55643 12546 87127 75114 50967 22145 37649 33231 29503 70609 58579 
5436 17
11246 95988 96776 47151 37000 72279 61714 76468 46390 89267 76487 33009 37810 13065 71209 60048 38139 
36 17
18211 20939 13355 18932 55772 9556 50217 34319 17536 14718 57600 34374 83226 18508 88535 46601 66052 
1801 12
41369 37414 32362 54674 7537 9047 70177 71355 49194 83201 34888 42259 
2670 15
70677 75590 5661 92632 92714 63083 2975 63769 40354 18060 10129 59085 77305 63579 5039 
4042 14
50583 90282 28708 3636 63012 36554 14177 94453 67577 10133 66697 77197 54396 84564 
6114 10
78828 88609 64324 15913 65911 73310 84853 78727 8340 52587 
632 11
75466 61691 69018 70258 92942 37583 98150 21902 33755 53343 43941 
1099 9
72983 47889 73371 67337 51229 33990 42287 94560 1699 
1820 11
90470 79178 28285 7542 24240 74115 62520 12680 83269 45713 97542 
1359 9
87871 48839 52129 26056 41741 96499 44186 75163 71279 
2429 8
8035 45887 91804 84912 81843 1789 86510 9309 
496 11
34472 73992 97363 52380 38829 31157 21106 1472 46202 54849 74603 
451 9
67652 99239 99144 52206 12524 74848 58118 77108 44787 
