10
2687 39
52976 6286 45269 78545 70404 57839 87522 47792 14134 65597 30895 15340 69556 79773 55556 67310 73368 33671 60328 39053 96954 74897 31941 92491 28983 9194 40798 33769 29585 87573 72885 29381 30822 86196 49006 65961 37328 28276 62862 
3232 35
78489 10466 69322 99370 26951 98741 13136 87311 12765 75847 44920 4259 82426 25124 97908 59104 93315 79955 32557 65747 42245 16359 26028 21173 12960 60766 7689 28675 88024 76121 87725 93140 56551 11023 2705 
1237 33
15245 7373 9494 24729 37511 51358 61953 84435 87872 79823 74167 4074 8445 24357 57510 69814 75562 18164 478 25568 67808 93154 21053 77240 48621 64179 67267 45537 7868 73456 34645 89073 86549 
5898 19
28975 80417 70579 18899 25771 28393 25045 28964 86420 73092 89622 43730 75065 56829 75392 33822 72110 55703 4708 
5238 17
7745 27293 48332 3912 84855 32850 89918 55196 6409 6643 75084 26543 99435 23080 42405 68198 40951 
3590 12
85948 31521 56753 30686 57834 39666 79439 53630 1598 33355 24051 13837 
6194 8
63595 70084 44109 33400 51403 38569 95414 76824 
8832 2
63987 98046 
8847 3
1034 72853 91913 
8838 1
9968 
