12
3812 132
26832 27494 17668 94157 94019 26467 86790 66733 91585 20286 23990 28400 46934 54724 72179 19286 30572 55 11200 29725 50942 4720 84750 58804 7666 90891 64921 13391 86257 93533 65884 46140 24604 87728 93942 21431 49062 29162 21373 60128 71805 68916 38594 93760 83427 42158 89073 95203 54381 79410 94606 68233 5927 31955 92825 59530 63547 17108 1980 57448 49140 62281 47210 98383 80000 18550 31984 18190 86517 69969 45717 69622 89761 57200 88481 59779 60873 85289 65088 71440 34364 67883 67838 84660 46916 66002 35264 3250 84904 60844 52001 64462 69012 11060 5367 8995 72550 71623 38170 61698 69604 52116 45158 51895 24432 50802 67173 18395 42570 24750 72670 65690 5190 78504 62074 78180 1053 53971 52535 26523 80706 34046 49683 22678 72300 49162 53218 51721 48464 43651 33603 83516 
1077 109
78149 26099 74513 82930 57556 19279 83843 47966 19780 22853 46693 47193 96024 83841 42631 4298 17801 4164 13269 92256 65440 13950 47713 42198 5499 53932 9975 61348 63940 86601 43738 15673 56329 49230 67726 79357 47612 77475 21590 79779 24028 23559 7586 82573 38916 98963 59354 98880 5638 94909 82432 10882 14178 15226 49951 24402 16572 84715 26603 35222 4017 91195 30570 2933 23434 39003 96184 35243 21813 55832 31196 17458 37824 71014 61831 67583 87235 53091 74144 95737 17938 40059 91482 89306 93106 44242 89479 38191 4751 42474 57472 24860 75561 48936 38144 72805 66269 89974 93177 31906 9981 36849 92995 43334 68088 51725 77725 80175 89043 
7157 83
46253 44979 36845 16891 27658 28142 93375 7761 34248 82979 49749 53980 44488 62925 11372 38366 21611 99451 44506 34348 5222 43365 8969 48472 74268 17052 80569 18107 43228 59880 41436 83101 88731 66610 18795 92828 73059 76723 3146 95550 96755 25558 23599 60328 72502 3223 31654 84379 27314 41821 29102 64421 25010 71028 63979 94115 41432 29237 14809 6570 45398 17229 20501 4980 45042 87440 85434 35925 88418 4398 17627 37268 41017 9072 97147 27171 57391 3075 2412 23283 56903 41987 47257 
7285 61
28163 36785 82982 12473 93238 88788 41637 19877 33571 69413 44500 57515 67249 18113 79561 28221 10111 26377 44747 20942 50321 7770 804 50636 86789 45830 96824 74533 3737 20367 33144 52000 33236 98743 77329 58824 68663 63944 84318 29342 49290 96794 67844 41402 48091 84510 61428 87872 23692 48136 87370 84389 7292 16727 68115 73949 57136 88809 53966 76589 72421 
883 45
21067 29400 86659 23683 30328 13099 10735 69537 63260 28566 42560 8214 55110 84859 14408 59249 65151 19399 52926 3523 60282 22951 71084 57097 86710 89120 91086 34865 16298 1143 87223 42333 12351 25607 95209 98868 30477 92394 9020 3800 50457 97140 90397 23179 71583 
3030 33
3752 96503 4026 68147 65813 3249 83746 48844 97721 46112 99404 30972 42526 74145 23215 81852 86633 95911 19960 79228 54854 87629 86816 26428 70857 4806 65318 42957 94729 90613 11414 22646 5292 
4468 23
26444 9314 79394 31629 41366 43774 14728 32038 6419 36525 81721 23970 24111 51553 77480 90554 87122 15075 42653 42388 32752 98935 49288 
1943 18
9083 87086 45301 68526 45372 92963 97484 2101 56585 13867 76501 79302 8351 62476 24711 27835 28229 46509 
973 11
49508 95411 71616 26550 66922 22712 51854 27697 6889 67259 17216 
7531 5
68337 95415 46758 12348 72745 
7575 1
82550 
7569 1
32114 
