18
1398 132
77796 16228 7484 19834 5551 98933 66946 25599 56945 50564 87861 88424 5968 24352 99788 79920 78278 39310 95934 64589 39308 10691 15653 81993 15071 10942 549 16746 10464 7579 67679 51100 50413 46431 65046 58292 8918 24956 43932 55501 53697 79844 16897 36978 92836 47552 4263 29956 71721 98735 22815 1877 25707 89506 16917 87145 2510 95283 18991 99420 46478 79670 29316 58520 69508 64229 43611 86471 18656 69387 41877 71001 20104 54187 23928 3057 97832 33908 55181 56031 28024 110 80701 81323 68828 11135 9133 9332 62115 64391 8566 16677 93678 30265 92348 50709 8134 82186 60219 63057 30806 35684 14800 66105 94377 17053 86166 11448 43466 87232 10497 97109 33833 34681 32249 76333 87562 24385 93677 79826 15821 42059 8409 75034 18849 55081 32418 60552 27531 82715 8449 37639 
1397 109
43006 50464 69848 18831 48230 96730 50088 55626 51050 50087 9420 86463 57328 96294 32044 92691 37016 81779 50546 85093 94745 51286 67423 25704 25543 89608 66391 47021 60112 45215 75037 64708 294 67391 31365 93023 10668 48700 47906 67832 38511 32568 97202 2393 51954 69041 90310 94509 19154 40537 73488 48325 54000 53330 61598 98698 37946 11962 49845 39393 6613 54992 55952 1054 560 91448 81096 75985 15461 9309 77390 57404 66942 73355 74888 1320 53190 73196 67871 21780 53775 6377 5753 33478 66338 4256 12831 65847 56533 7549 84107 44635 58886 35619 89161 22743 40809 19682 69976 59667 91948 5800 70455 22905 79440 1876 52326 92683 30080 
1396 84
90323 99432 9251 71185 22391 31876 34502 53583 47852 31057 11905 60454 82526 57814 81709 20737 88434 56151 29551 57274 87132 81475 53389 62940 45035 68946 67692 73625 12510 69497 19296 30119 40175 9946 66794 58331 90065 58541 89687 77127 68471 50691 35263 68198 58145 47235 73770 21927 28769 5582 5442 28697 40397 82175 61834 29745 10396 56429 56732 14964 17687 98858 21193 77185 34886 83910 16438 44384 74768 910 42814 13369 64311 6707 71050 36425 6008 28964 19049 72849 68723 47562 242 39305 
1395 67
27022 58726 39156 97809 87402 54278 53137 367 88340 90243 55304 87713 15058 33030 96429 86778 31753 77692 73432 1194 47323 83842 66305 42728 71209 8012 74728 87866 3784 4220 87102 29685 54146 17101 63890 7013 46091 21678 3973 60743 18340 11376 70609 5939 92851 44687 36070 92936 83456 9628 48221 23662 75015 53656 71779 94 27203 40319 1544 36551 38768 42483 6260 35354 62432 42146 18507 
1394 64
15973 70033 95909 65191 73970 19231 5780 52681 22277 42696 12232 87095 42884 28253 7497 45754 17253 30666 23407 416 83999 54843 31168 56399 10339 30953 59661 19121 54127 91761 56766 52068 54864 35008 71153 93353 51919 82072 96609 2150 68529 45726 78154 1152 34256 6454 113 16217 6409 74481 68096 41574 66485 12936 6148 29600 70766 20018 94095 48527 66336 91722 54639 34575 
1393 44
93983 27883 62810 24282 21574 91323 34788 97776 25000 97851 70307 38851 16845 30556 80254 44069 4079 51117 11226 80696 19552 20632 40638 3878 18440 73337 67443 82831 78257 97917 17361 87282 20978 25759 39091 78425 41008 20680 94510 13349 56116 76468 83068 5838 
76 39
66957 5980 57359 35027 14791 92987 29862 42822 78900 6905 47756 99433 86416 83950 53 30345 94884 33031 61799 99650 70364 63442 62202 69639 2022 42011 34414 42595 37044 87806 6690 4038 22439 8429 15883 57529 58102 17697 48641 
185 34
78697 3462 6799 15165 42412 39038 37493 84663 26843 10952 82686 98701 83740 98549 94302 66117 69257 33736 19573 92260 70692 50720 90512 43914 7573 99695 42873 75687 1579 27778 78407 51263 43701 71245 
310 32
71658 62408 42289 48465 37125 75673 21714 71294 53779 88764 39718 70146 72810 36134 24904 26399 89719 66328 75328 3984 25136 30650 3216 79820 43934 29375 8167 3692 23653 71838 59529 21472 
961 21
74653 37908 45585 45262 70740 97258 50848 38576 15600 89131 11035 11250 14458 74307 26126 2996 38130 31203 86128 54608 60983 
722 12
96564 18977 10212 32104 15091 39380 48241 47399 95512 84012 53973 46865 
738 9
58914 43755 46494 13356 51084 26819 13285 50854 60027 
45 7
21353 87891 74468 14735 65784 62999 68983 
586 4
38189 61565 92471 11740 
606 8
59520 72154 27525 3076 96991 50071 87656 45321 
983 2
95402 21425 
740 2
39224 52404 
362 3
94861 6558 25835 
