21
7942 125
78507 13050 67482 28763 96084 94442 88808 3979 69827 62359 99920 93471 17558 95123 62054 95677 24159 31868 82097 96807 18261 74817 14864 30122 96260 70617 97655 4081 46467 94259 50177 14185 72369 29454 70053 31950 68891 13011 36617 90860 97121 14764 58576 75704 32483 77553 48115 37938 28842 63943 58038 12696 63287 77873 3014 56962 99074 33245 66045 97471 84942 96021 45785 71073 94617 59049 13136 34259 35228 26761 38651 46436 75417 25100 19859 21318 94071 11166 97348 6997 36010 57199 59172 3372 57750 23322 79359 29189 84991 67913 4289 39171 40773 48641 90440 4617 83092 23930 27964 13120 29311 4851 29078 57108 28029 7621 18583 77984 63013 86403 88714 80633 61802 10437 71298 30426 61112 38487 43514 63315 78996 82746 479 41768 5298 
7941 90
63383 41897 52297 73539 14838 86997 77952 43699 59269 48784 61973 39456 29416 21180 30555 34187 73370 18882 49676 71933 68618 39683 26820 88055 36285 74673 17497 16915 14635 37516 65717 400 40809 58976 48512 95874 16750 44716 13271 82406 68447 16535 56677 45085 74714 77920 33103 8592 53651 14921 41936 64552 84564 65364 6254 75946 8800 59620 3682 12223 80420 915 7395 12653 39708 14197 89998 61142 19735 79017 56130 76411 11989 71685 86122 71328 37191 45820 71864 35679 61081 46734 83805 50063 47188 23000 99721 12654 38373 77915 
7940 61
45410 89574 61634 77093 17639 54391 88642 90174 11761 92517 73636 17084 36693 89587 23031 25926 46241 15636 97055 78351 83706 34990 81475 41107 96608 7372 42231 57843 63 81953 32089 82026 874 52057 90906 58832 13072 7610 81849 85702 83956 97012 72393 409 65870 71264 55253 43248 11374 87138 83809 86250 14732 23303 51392 9104 77943 20473 76580 40393 13637 
7939 55
54400 11950 67584 52417 29750 25916 55170 470 93837 63815 88650 34640 29918 86993 18443 85589 52168 68865 94980 83385 62210 36410 59605 24591 14349 28560 33362 39681 52244 78185 88285 63451 17155 55766 49660 82314 19370 61123 67146 82610 14874 34301 87216 56449 63995 84194 72777 18414 73577 45868 81754 70667 46733 37422 86209 
7938 52
46723 43929 27934 82346 78724 82259 22118 84614 89073 57022 52207 27579 92764 43785 95299 47045 36303 64409 17090 13967 79652 25412 92504 42387 66620 56100 42048 95426 8380 91500 71786 55285 13080 55606 37969 15201 88881 60655 37910 8758 14772 73614 65255 49989 86085 29173 32965 85650 59722 35333 82829 95048 
7937 26
87414 68492 56163 56898 6134 83362 36147 22434 71103 28889 13308 21527 26974 63572 40635 20602 95591 96268 66909 17512 34470 35160 18607 46000 9738 24764 
7936 29
88689 68031 16099 45013 13038 56305 34293 71484 90190 95430 39035 79872 27926 87290 59463 9138 47589 22197 59872 82447 13220 81749 63130 79194 79417 51276 59756 78197 24144 
7935 22
81123 93913 48914 64871 25283 43875 76500 48787 84324 31129 98880 51387 10465 73040 98164 26893 60701 28418 26888 23082 63241 57733 
7934 14
36337 80805 800 55021 12590 41072 22973 39885 7642 82639 37493 84659 13649 76245 
7933 11
39601 69099 64558 95050 72610 94315 24949 75115 42828 22687 80103 
7932 10
39981 25414 52187 85999 64968 6027 4339 99771 71121 55246 
7931 4
67930 20256 38363 84287 
7930 4
92325 97458 63051 47006 
7929 3
38545 35944 79221 
7928 3
55788 46056 24614 
7927 3
57922 96025 38314 
7926 4
69200 8291 26865 79902 
7925 3
42737 84187 14754 
7923 1
36767 
7922 1
78791 
7916 1
1119 
