50
11746 21
19553 21019 40291 15812 1604 17311 72824 62166 1861 23451 31345 36511 57909 59643 16287 46860 50231 22153 51244 38724 55484 
11745 18
2533 15179 70040 39902 37506 19936 30781 20023 18928 33809 3873 9200 13951 20323 31111 37747 39203 20486 
11744 15
62403 38007 28614 21356 35328 5872 25396 61243 8479 61675 61250 21215 38728 16411 29632 
11743 20
10216 16073 4103 75049 34598 62117 4643 61820 19641 28615 53192 19019 50994 49904 38385 60144 41404 39430 60573 34962 
11742 15
64653 55124 2523 38324 45543 5364 52494 50650 4909 18367 46278 68647 53967 29912 74208 
11741 15
71762 6415 54574 63331 43938 62046 73758 44117 33117 22537 66928 47458 12388 40338 17077 
11740 15
53507 11498 9705 39003 47178 66676 70874 42222 72512 16500 2993 71461 65126 60805 50418 
11739 12
14662 61836 70115 67006 22157 34021 58122 56297 35600 273 68962 40500 
11738 14
74054 21663 4365 41509 40033 63462 11094 34650 23887 66709 66252 73347 10247 72458 
11737 13
42190 42836 23581 37442 24443 31437 47954 67692 26427 57247 28336 65758 11447 
11736 10
47096 59416 22667 70405 11968 32897 54599 68364 7832 57999 
11735 14
52921 60813 33263 632 40250 35746 33213 46901 32746 57219 49370 63368 29041 69715 
11734 9
71627 39431 3195 46383 64608 33991 58784 58318 41348 
11733 13
46795 56631 42221 32986 26743 60509 18300 42401 73306 68698 28173 58310 38071 
11732 8
20988 6611 13184 33551 32699 58492 13545 73555 
11731 9
1872 27154 29063 592 28338 22627 37032 55025 5501 
11730 7
43802 5745 61877 16184 67894 60221 23458 
11729 10
57246 36015 28493 4465 66446 26117 69164 23537 51042 25526 
11728 2
51070 5903 
11727 6
71373 69097 68408 51573 68354 71202 
11726 9
16392 51727 18960 39320 29633 19363 28139 72076 35255 
11725 6
41711 69501 35830 55562 28187 50362 
11724 6
56376 32212 3997 56452 14692 39675 
11723 3
7475 26768 4373 
11722 4
44503 65440 28197 13243 
11721 4
23667 38354 1878 46755 
11720 2
67135 21447 
11719 2
9288 63145 
11718 2
62604 8913 
11717 4
33811 14674 57583 33907 
11716 2
36673 52947 
11715 3
61860 8272 20682 
11714 1
4294 
11713 2
57203 43353 
11712 2
14671 24192 
11711 2
49780 72034 
11710 1
64626 
11709 2
15366 55510 
11705 2
17448 40481 
11704 2
18752 55936 
11703 1
31921 
11702 1
743 
11701 1
29242 
11700 1
53654 
11699 1
35735 
11697 1
25867 
11695 1
11407 
11689 1
60058 
11685 1
35959 
9839 3
70000 54280 24876 
