296
4617 145
18213 23635 16171 23480 34773 32416 5096 3591 30962 22238 17702 12681 33155 21853 19770 27244 40355 34432 24397 4285 23929 6017 26472 3957 34358 33793 2911 5026 683 37154 34282 39533 35016 7217 31313 37108 19659 8778 21024 23780 15962 8350 17954 29159 22017 38750 40923 36259 37123 38688 2573 38541 34859 18368 35391 563 20280 1903 980 29210 33855 22241 39375 32318 21898 19343 2723 7166 36755 24265 1750 5534 994 17638 2787 133 33065 33587 36741 23530 35959 33905 2234 10457 36294 5852 40902 15191 26076 1042 18308 9900 24440 17529 5067 25124 26956 15303 2930 11558 19242 24533 30003 38035 7020 9454 35671 35516 25472 30012 35028 26797 33252 33403 12623 17764 37047 21480 1101 20234 19714 14597 14265 11052 22969 5506 2510 25924 27438 25288 10150 6460 7984 34171 41250 23197 22140 3646 17934 757 13413 31125 8631 41001 8983 
3624 31
25130 20616 25017 28265 4468 6169 38344 27872 36091 17418 30986 34645 172 23624 21457 38985 6670 32439 22224 24304 26731 4790 36006 22589 23460 1622 28579 32587 12857 17986 25685 
1325 31
18229 19280 35079 21847 542 5215 11613 14678 23878 11726 21922 18799 18891 27992 3357 16646 22112 32920 6449 20098 12972 886 8429 31278 30263 5075 7280 9313 1314 32188 16226 
4948 31
40267 21548 10019 5070 7145 17170 27578 21799 30766 16541 38963 7990 33626 15491 2943 25958 29330 22686 14972 32695 33761 3493 29597 6660 40526 40754 14977 28763 16567 30242 32312 
5529 31
4106 4437 2746 20059 11585 25413 13711 30780 9887 36235 1613 5960 1539 6009 35949 10274 26763 40694 29407 38264 38845 25267 33891 34256 9043 27091 19885 26801 12398 35646 12459 
6604 30
27771 28914 17722 7763 41316 26978 8029 20007 41381 13017 25329 4041 35219 355 36832 17739 34590 14523 12103 32821 27961 10004 707 469 37130 5423 36867 28024 1560 34927 
689 31
25540 21930 2813 18725 29368 39162 16702 21862 28627 13831 24684 10908 19975 29417 16163 4852 1376 19827 11222 34885 168 3840 37974 31580 20395 37922 18902 36120 21846 35991 10708 
821 31
30283 9748 8754 40014 36876 11875 1521 18647 27680 27251 12472 21708 153 12684 34101 1654 15987 25325 37138 19447 13245 20017 30473 38272 30215 18124 37364 18450 28873 145 40590 
116 31
8274 19239 19244 31101 28294 491 3324 16086 17510 21972 33312 16117 18694 40715 20983 35252 24282 20331 32714 1373 5261 24355 22365 41229 22759 21714 5930 15624 5986 5518 20505 
1704 31
2772 1461 35126 13672 16942 6223 15513 3738 4707 21794 9443 7149 18943 3119 31595 31503 2975 25306 36019 29916 40916 23054 29220 21857 15257 32814 10195 7513 23428 19300 2322 
3833 31
17047 2459 884 40484 40575 27549 31611 22346 19030 40462 31196 9331 5115 830 31100 22868 33575 29798 25261 23563 894 17966 14627 29093 26779 35904 3153 10087 40977 32502 17575 
4704 31
36819 16983 17870 11552 11602 20744 35148 37103 19465 7565 9343 13269 40337 9203 22552 35187 9419 34541 9656 40880 7330 27737 30110 12341 15259 27111 29116 34267 23487 20233 9178 
931 31
14753 15888 34309 4736 5516 36743 20877 8335 7462 39184 13349 27752 13 19667 9188 34820 33942 19529 14476 37639 125 22843 40311 4943 26436 18927 33024 32269 32766 26105 38520 
5673 30
34612 366 11611 41233 9124 7711 17323 36812 20106 4949 13705 31307 36254 5828 38228 25508 17813 4821 6762 16757 5239 9369 5083 4582 35898 20573 8128 11689 36564 5145 
1489 31
17825 41223 13536 3460 21515 25373 40953 21805 25921 36061 33937 5563 11797 17598 41041 727 3436 29126 18466 8473 21135 15750 32307 33622 33149 4644 13400 1559 40128 16189 29983 
3387 31
39202 19882 14586 38962 39515 7821 28095 17261 10325 15851 40684 39480 10273 35347 13120 2478 30569 4499 13258 31491 1318 28179 16720 16266 30036 8933 12541 36086 5262 27863 22840 
404 31
17770 19962 1160 24743 21449 3901 18084 27401 27027 21116 9348 11050 19821 37080 36414 25367 12270 7124 25771 22715 5717 17103 6251 21771 38731 38775 20526 27800 29182 9379 30745 
4153 31
27917 9163 9562 24391 11289 28798 26104 23810 38646 7273 21775 32255 20861 30645 25683 16478 1605 30755 12888 802 35482 13238 8030 10400 28391 28507 16878 9097 36894 37698 14350 
836 31
14819 26984 2816 38123 6943 7735 22641 2095 14315 39103 23027 3795 14794 30153 31510 29793 25431 19272 9661 29938 12829 7773 5364 32309 14920 10347 3603 6690 34248 37810 26867 
2483 31
896 25247 15453 26453 23313 37444 3834 31398 38979 20902 15386 22737 570 17616 38785 15100 8485 9582 26858 36666 5231 6721 19173 24948 14402 36500 29758 24179 13199 10329 34558 
5027 31
29591 29972 26543 18497 29646 39716 33012 21937 25840 27441 5705 23943 8557 25976 34576 29635 14234 26835 13481 38945 1828 1219 2195 17086 2311 26959 17892 28517 19099 8533 20839 
2416 31
25881 17822 18662 23158 36390 22594 26680 30810 30518 17802 19803 14888 37041 24492 3867 40389 21088 21281 28422 39867 28963 29090 33114 21569 34670 3441 6433 32168 33706 31967 32404 
5553 31
13283 38773 15282 4881 5454 4103 906 39232 5749 36682 27451 12376 4388 5823 17142 22123 21123 10425 28152 37049 7643 34687 25046 23234 7854 8467 21173 15183 18619 7713 10674 
4666 31
3421 17628 24551 16291 23765 13402 40488 24699 29357 26897 35294 31906 11566 22085 372 17357 30710 19069 32681 24986 5942 21444 9466 30505 12360 40706 26519 3239 8990 37657 31498 
2688 31
8542 35836 19231 4678 39224 39051 27414 15349 30452 36638 28931 38767 11319 33474 10914 27082 6170 40161 17347 7320 35250 15299 38462 28096 35507 14371 21218 226 29838 11519 5614 
3312 31
14452 1583 29334 19468 18127 34518 14685 27642 16554 6205 24272 23694 33522 39071 26693 12187 37524 40291 39681 31574 13747 959 35942 31300 33393 23560 18261 11266 37119 30149 29402 
6792 30
9891 23346 21118 32657 25656 23809 30470 5316 19498 32018 1598 33537 12269 7196 40903 37916 18995 2806 37452 9365 22 3428 30199 10451 35813 2348 36076 2361 19983 2790 
2276 29
22904 16012 15536 7507 10918 41291 3405 40089 25313 21243 8958 24864 22135 27862 16714 33876 7495 11003 32913 32650 6186 24031 33090 21392 37306 8866 36986 4720 34963 
1172 31
37593 3874 36298 10029 25304 5453 11061 9364 35335 17826 32362 41062 18390 4541 10909 37939 35480 12939 18200 14708 24229 22280 24744 23731 13451 34443 10158 15509 143 33818 19110 
986 31
14442 6387 3471 36040 5652 34788 32109 5770 6266 40270 25903 38408 21743 9586 6421 30319 7125 38278 10473 18290 30525 22607 12897 10631 7954 16594 16737 26417 18577 31081 27886 
3292 30
22944 5049 16235 23693 13318 35358 19561 36945 36114 34281 7556 3476 26257 9879 9090 18393 25711 26443 28736 27212 19925 4591 16794 61 8971 39825 31372 12236 15693 35727 
4151 31
5773 12841 24194 7861 7414 28991 36539 36028 29448 3004 29903 30380 33014 35322 27988 20768 15092 5408 28767 20500 41134 14735 21317 6227 26962 16828 16211 10985 23847 33204 12629 
5479 31
2529 8413 29564 34255 19247 11073 19027 10807 17911 26989 27893 15216 13109 22154 5987 25626 9303 19286 13194 20144 39419 23980 26248 35364 22144 15372 26608 12647 38656 20149 18809 
5744 30
12733 24045 26426 5780 40819 16985 30542 6795 12819 20696 39468 11615 26615 41372 17855 4458 39308 29842 23966 37877 40033 40004 10810 28874 15459 34211 4266 2900 37474 27818 
396 31
15444 2560 16498 18661 9081 40492 34270 16188 21082 39520 36334 7067 28954 5250 24343 31553 18245 32871 5011 26411 10516 39447 20694 10974 301 15307 28098 7476 2845 22601 20684 
5402 31
733 33872 39796 34962 35351 15676 34889 11892 40297 40862 22122 25036 41004 25879 32977 7506 29077 16485 3463 9596 24314 9827 26935 21897 15041 4128 9255 18446 29086 28164 11512 
1923 31
12606 22286 34522 4620 29200 10514 34258 27614 31634 27492 14384 1767 9755 26336 16612 38333 26276 40983 3287 6206 19182 7488 24566 30379 6300 18342 9177 20279 37700 1855 240 
243 31
13306 29309 10690 23532 38200 39832 7550 39738 13872 22480 7525 18300 8252 1693 38498 4040 25944 11442 39486 18256 24451 19824 15679 29664 19360 10503 21681 26520 18218 33897 34130 
5830 30
5905 20984 7904 12974 24400 31068 8378 17007 11345 15826 33999 34557 1395 34854 25284 23877 36018 14077 10471 31751 5989 34988 29926 38201 24350 18288 33130 33650 23709 31292 
2204 31
13653 2844 34698 32501 23253 14808 31527 27506 17968 28683 893 31666 30617 8757 36075 35438 17839 35422 23989 23171 9624 19327 37044 9512 10127 10234 25435 38925 16493 40427 40524 
2730 30
29316 36803 30113 7721 39541 22592 18732 25249 14742 36744 6386 28895 9234 40139 22765 25610 27171 25894 17867 34960 35794 5100 7783 4951 13645 11178 34880 11377 24034 1405 
1220 31
31356 8037 29463 15331 23615 11136 39508 28697 11730 28633 26517 21519 2683 9064 32653 17295 16932 15724 10264 35560 16248 20265 9441 15580 2054 3002 11155 4191 11559 33123 3690 
570 30
22881 37601 10208 15147 21050 21670 24419 25953 32239 25830 25855 17649 27908 13060 6220 16458 1018 24561 16634 21354 12573 1412 10430 7625 36033 41075 7420 33214 14989 16756 
1247 31
39751 7564 1030 28125 5539 10747 26774 16030 7515 15927 20822 18668 20072 28706 27772 23639 38508 17364 25895 24153 3827 7120 38130 8190 22313 5429 21256 271 37466 1941 31091 
2643 31
98 20454 23567 13581 26174 9278 38682 4654 10903 40557 16730 8024 27602 180 20223 33605 18830 32247 25095 12982 25408 40890 11909 21547 5374 12552 17639 29492 36110 28944 7546 
3174 31
9053 15971 37339 11110 40176 40761 3654 29259 21754 6068 11203 32954 25453 22268 36805 40844 3570 11115 7089 22165 33196 35356 37500 22178 3430 6294 26178 8873 18240 10732 29580 
1637 31
10018 24788 30814 24339 24563 5560 27378 32809 4336 27831 20533 33365 389 13133 13553 4686 36679 34094 24685 33260 11962 21721 37887 30459 5996 15758 40094 20578 17632 15563 27160 
96 30
3727 16200 5242 15275 33800 39612 25802 29696 21438 4469 22988 25283 1834 14285 26916 24124 35951 4948 13138 6557 19619 16215 22041 16343 18375 32833 28575 3822 53 37547 
1936 31
531 33372 26187 11847 16746 18820 37270 33947 7541 37431 20740 29017 3970 28370 20188 21328 20396 23455 22476 9680 10847 12727 17120 28071 34652 29121 30886 12447 35302 11838 36296 
3481 31
25382 30474 12757 6733 40156 27304 13438 27479 32945 33933 3317 9516 17582 28046 32844 193 41061 22815 14560 14682 31977 13235 40183 27942 32972 19199 7472 3689 31142 12869 35378 
3764 31
26318 16052 40974 35562 4035 28408 8478 8156 27038 16723 32895 33411 5197 10307 27136 6905 11280 11454 24707 5735 30181 316 31061 13130 27871 19990 10495 20594 40605 26351 25870 
1978 30
25785 21720 30733 5557 11944 34791 3480 1374 36349 16962 5174 23260 41072 7875 11647 26840 25150 101 7872 30964 9355 16871 13440 26782 985 37162 17724 29299 3759 37868 
55 31
17264 33163 40357 11810 9869 10562 9207 13260 34143 113 18459 19123 3102 21059 26556 24560 9175 4888 27560 33434 19677 30479 397 4224 13346 3681 40122 18277 18495 27204 7521 
5875 29
12174 6059 19190 15264 16895 21709 3508 16119 29157 31066 37990 28241 731 29336 37024 38783 21336 20026 37209 37618 6494 33134 18543 2424 27551 1168 7998 21319 26499 
5931 30
30584 30931 41106 17437 36104 12880 712 14020 900 35695 25030 23649 9590 9067 28104 25659 7409 9425 14430 11551 9658 31741 12346 34492 41000 17841 13427 1843 39609 8025 
5526 31
10436 18980 9595 11691 2793 26333 31518 7853 39696 39715 30254 18739 22410 34408 34860 23237 34182 38074 31547 24324 29994 34415 35953 36275 25947 15687 5267 18207 16600 26041 28892 
2467 31
41351 37001 5320 30405 37811 20922 12034 10945 13951 10854 34926 39406 38704 5842 14829 10261 8010 24845 24665 32978 17312 24670 10606 1344 8469 17687 36717 13812 27164 25906 7401 
2286 31
9151 4704 15617 19906 969 31295 10493 6541 38537 25772 26153 21814 29206 2178 2839 41185 20032 34811 28064 34684 36629 19314 8792 40608 24843 33981 33738 38403 13948 1052 21666 
1237 31
28324 39711 1790 41027 34322 36291 40218 41340 11288 20918 12861 20720 3411 31133 5725 4467 17644 12599 19216 34758 39516 3998 21521 35834 5033 19246 36512 19089 27208 26583 41028 
237 31
25102 16952 15334 1572 36445 5755 26373 27742 646 41059 11972 7097 33358 21664 30378 10212 684 12464 24541 39771 11812 8118 7820 33792 25291 27303 37970 5168 30521 39077 22158 
2487 31
38391 15862 26988 30414 33305 15173 30870 30116 18408 39705 39657 23785 18878 39866 3384 18969 2371 21800 14232 10700 41348 25805 21138 33602 10859 36529 39564 21107 11360 22966 36494 
3927 31
8911 34712 2655 4768 24795 23714 11256 38204 2887 7136 8881 25716 11510 37803 11598 26924 21578 26302 19746 25163 26965 14768 29198 41269 38639 10182 34327 6184 14543 771 35896 
1499 31
14619 21270 18544 20292 6083 26890 29411 30392 13686 6123 17059 7712 25298 35892 5697 5441 18620 35680 12842 38249 21384 12023 4222 15798 6455 24278 36951 32331 24898 38384 15705 
1639 31
36855 39074 7328 22168 11881 41339 5375 1765 33416 16091 24907 32162 25092 8354 19701 39922 28157 6474 36085 22735 27014 5829 384 10790 9075 23942 5514 40724 28722 18798 4635 
505 30
29163 21179 21517 27517 30483 28161 40063 23162 30626 33268 16861 5137 20291 39883 32948 5616 14554 28886 20689 10323 10569 1722 34789 19774 2942 9846 2998 10615 18031 37999 
5835 29
12691 9921 20718 17445 32028 9467 33187 31012 8561 9324 672 16146 6635 33282 26594 2140 23311 24193 11895 4940 437 7689 28823 20933 8285 4986 26811 6815 23378 
4759 30
4208 25447 26032 41124 15586 19612 9564 17093 14241 850 3297 12003 14923 12874 30130 10685 27024 37556 22096 2728 37453 1906 4761 9763 27719 10506 26353 40152 33241 33223 
5568 31
25337 17427 28611 20020 23034 2675 3515 13778 41184 11942 26667 19719 4767 37343 40809 21166 31697 40613 28854 22317 27159 38612 3709 31775 17157 13418 18723 19869 18352 19477 32868 
4719 30
24022 23656 22857 33742 13302 5863 19850 26139 11855 18744 28538 21802 9836 23073 27434 1668 31590 2688 18133 4606 6033 11495 39037 6456 12936 26296 33173 12837 2025 9788 
1332 31
35795 38048 18845 41095 37959 21813 4193 18509 7818 9214 2673 31506 25741 33865 31860 2527 19538 40217 1171 12794 23892 32494 1846 39820 22081 8305 8977 12737 7545 24628 33610 
804 30
11708 2301 4978 8353 20915 28248 35014 34209 17329 12895 40765 32193 3105 9070 16008 38240 540 41347 8616 25220 32155 34230 30838 24346 15437 2916 20574 503 25858 39135 
5148 31
32232 39910 28163 34403 22442 13476 29575 3794 35916 13215 18684 38151 15120 37428 30138 40811 548 36830 34065 24790 34699 13357 10427 10938 1928 26628 4492 19340 1133 23334 17206 
2468 30
375 32203 20150 6422 3387 6303 24695 28343 12142 40753 40946 30253 24208 13677 35946 36797 21013 40942 11072 1764 18179 5184 23887 30598 22256 6704 11080 34591 8107 3769 
3959 31
28190 34135 5710 29780 22007 25666 35720 11018 25412 13533 20608 27706 15743 8486 11277 29871 38133 9652 40062 30970 30475 12218 16303 24637 35121 28766 37660 32851 6643 16426 40149 
2781 30
37836 38992 33756 31170 18761 34667 12197 37703 4362 33536 828 30939 31187 26019 7271 15243 40301 23118 9726 27707 5147 32196 16517 40803 15716 13601 24687 2065 15 27321 
5472 31
34242 8869 9273 2540 29823 15692 18478 19693 20165 37896 17553 11131 20965 5622 27859 9563 32085 32672 37454 20618 27393 12424 19466 20458 41082 2242 998 21430 34439 15791 762 
1671 31
36722 35787 35175 8785 29262 34478 28008 26455 22333 10919 33445 31773 8711 5058 38544 30729 6458 24956 21322 18562 27780 38100 17569 22014 2641 12345 10555 12230 17684 24373 27660 
3357 29
39203 41045 27134 32169 4952 431 20532 4560 21128 14859 40363 30942 31013 38944 7634 11423 8976 12884 15778 10872 33774 18271 9554 14747 19828 25864 35633 20813 13183 
3667 30
18150 23687 22567 15589 28868 49 9147 8685 178 22132 20717 1212 18354 3588 31891 32558 24612 19818 35315 32047 32274 22798 4161 15812 14641 8959 30998 33646 32561 29642 
2907 31
36107 3501 41289 7104 30983 9311 11124 34316 16555 3202 16473 25299 30237 35136 16108 8255 9268 12161 37282 33804 16477 26091 36392 34833 6891 9242 26745 32035 40873 23728 14680 
88 31
37571 12924 3381 8411 7101 32409 5409 20831 34571 17711 33008 30718 31102 13185 18138 27567 40568 36900 4595 29942 12009 6125 37262 1652 30570 18726 10435 20998 27333 27331 22604 
4892 31
31815 28478 2001 37275 28274 41040 13822 14365 31379 28817 14493 8547 2067 20037 17921 25303 14583 28947 15158 7749 14477 10096 7667 38905 4581 17773 6842 39527 7192 29584 8238 
5238 30
2761 12955 4309 18806 39694 17420 15671 37723 24381 9835 29428 12707 25884 5218 17742 19974 21053 36999 24511 30 23048 40528 353 15945 17517 14740 10627 1895 10505 30935 
4043 31
31074 19574 4093 25585 6323 13616 32740 29905 21646 19762 31821 37360 388 20880 22522 3264 3336 20612 15558 5536 12276 12622 1706 29689 24543 37503 7491 17430 13414 33709 15506 
5669 29
27611 30498 15348 37479 40665 30084 39341 9699 9838 14103 35878 19631 20738 29438 34060 10862 945 3195 11281 36881 9121 40243 2333 6511 18425 26387 36031 25607 24761 
5440 31
33186 18423 38470 37376 24454 19833 4253 32463 20510 15909 10411 36868 22878 12958 32798 19958 21165 39605 40907 12666 946 929 25612 13867 19935 22080 33387 9358 25073 37277 14010 
1398 30
34905 12325 26925 23521 1770 10780 35631 9045 5947 15573 37988 9292 8924 7942 9749 37542 13458 27124 14419 29146 29930 22425 9862 27471 32580 36141 24029 3459 11607 9871 
1593 31
27773 12893 16387 8858 17154 20287 10141 17375 7880 18360 23166 21504 33687 24398 15575 32635 36895 23448 23535 9153 1954 35509 33559 16010 3740 14987 18314 9990 26764 33648 31460 
2470 31
5005 18479 26976 14965 3308 13336 10691 34737 8405 739 28508 14323 13254 19904 39718 18644 18136 22963 31916 1777 37663 12626 26420 27610 12319 31558 26384 20647 30820 12944 34875 
1415 31
19108 16549 10314 38119 31918 40412 4400 3695 40378 3951 8211 6814 38304 36524 38171 20021 41179 38735 11696 28818 5963 33267 11934 15385 16617 13821 38159 5866 15822 31633 32289 
3232 31
3593 29318 8396 23801 37445 9518 9727 19700 24226 590 38972 31887 13755 8760 20425 22908 28484 7622 30716 22781 30688 38628 550 23167 35792 32371 14845 4885 13723 14356 9868 
814 31
23885 24629 16384 30879 37983 23890 14904 14679 13761 9314 38510 9413 24550 1377 31958 39525 39394 31290 37315 32172 2005 11849 17004 23584 392 33104 26773 773 10282 35128 11614 
5240 31
3976 22766 25942 6313 37126 36163 22776 36391 23491 23707 28352 22311 12973 5857 31830 9058 10601 17523 21772 19383 4631 7478 11555 22353 33329 25856 11034 23294 11841 22829 19890 
5188 30
27605 39205 9256 26942 18675 21474 18309 32822 33007 25026 13107 25371 6600 21212 23205 2637 11237 11856 7720 4402 9012 5958 9933 12706 27906 6755 21629 15739 23996 36010 
5410 31
40252 5006 13284 9620 38030 31011 4037 36972 24692 21043 41139 34461 21628 25872 29934 25776 29717 26438 18802 5578 38286 17298 24351 1946 29520 23899 8098 15300 5275 15328 28784 
3499 29
21732 24132 10053 1304 20779 6165 29302 27662 31024 13141 6164 9997 18792 30982 199 703 20852 7341 23895 18054 19941 37872 10545 35611 18821 22061 32855 24506 22817 
631 30
40068 18909 22429 10958 5886 28518 19778 13543 4613 24218 27845 31115 22104 33169 20336 21316 19811 25981 36356 25568 29460 26878 34953 7630 11544 39949 32408 16327 20410 37695 
748 30
32001 15070 2566 40255 32384 1132 25246 29125 23353 27671 17058 32273 14654 37279 36458 18919 31426 39172 991 41362 18460 5114 4079 15236 35677 17258 15126 18698 30963 26052 
1503 30
26663 4794 20844 4648 33844 41368 33949 15521 26171 13603 30339 34016 4019 7771 24270 38432 419 35288 17213 12686 9362 4936 19569 16446 10291 774 24930 6275 6060 17253 
2974 31
35117 41080 34490 1482 25675 7129 4232 31454 15175 30677 1976 40868 34635 22959 10045 26330 10426 39428 18439 10930 35138 2312 11314 31797 29653 27801 29531 36435 38891 14630 22348 
2504 31
26242 25047 4045 24648 13366 40330 18304 18266 16777 29914 39460 35529 21831 4183 29413 26146 4680 18469 6053 6138 40390 8752 2063 8101 20648 5119 33673 13726 40262 10322 18731 
2813 31
28048 9883 36080 9412 5336 16014 36618 19831 31183 24808 14727 10899 28836 13992 9274 9996 37676 32832 3763 29331 23718 17990 2569 2556 12896 14258 17134 24169 39538 12133 23220 
2014 31
4850 29544 13861 15556 14141 29156 10233 6544 5641 24659 26921 29161 33856 40305 31047 890 39149 10359 10284 2394 36485 3843 28909 12638 26734 33011 31121 21940 6137 12249 5285 
203 31
11827 13417 7371 38874 5574 29442 15698 26754 34530 27546 33098 27055 19799 27805 9833 441 23068 3272 8680 31659 37655 32965 34727 1641 18345 3235 8834 770 14080 4795 26390 
1905 30
41298 39003 15077 2802 29532 40617 11872 13532 37059 15082 11201 19554 39930 11956 9280 21655 24181 37523 12211 35668 19104 22551 1348 27710 16109 38866 40926 3573 40133 17467 
1477 30
23948 38572 15781 33895 38373 22580 24625 12385 25768 35414 7662 35764 26918 40510 22342 14608 7878 2183 27590 33584 19521 9643 8870 41078 16371 34212 36322 38606 11970 33904 
5736 30
35689 27339 29964 10023 7889 27067 6335 26655 9167 35269 785 2134 6849 17177 20212 7593 29370 2817 19870 16997 36896 5437 14328 13736 33550 33423 37690 34909 1140 27077 
858 30
22834 7392 29554 34062 22416 17179 40785 24430 10146 14012 27959 41066 22454 40340 11440 21582 15934 14191 35765 16022 14690 40762 38483 20929 32478 17128 16268 33086 13691 26177 
3660 31
36810 2455 27993 26064 21935 26056 19488 18935 8087 31763 1011 12977 8587 30386 16495 18458 33592 26151 13849 17248 4694 21941 1934 12804 20932 35089 2320 28845 34137 36088 6833 
4475 30
15972 28342 29118 8697 13815 13407 10649 38225 17761 1248 8864 8388 4973 34587 28925 5841 26601 8072 39936 17017 32929 17528 13609 3590 30628 12787 17390 37439 5969 14348 
4201 30
19303 13236 1012 22111 1994 29559 31127 18244 14670 7333 29486 28623 1027 17246 23283 34489 30696 25174 16761 12952 2693 19826 20979 4327 28946 518 41114 16375 29537 18404 
2548 31
29043 6233 18234 37181 21099 40438 24502 28539 3853 9540 18758 7023 13293 15011 31029 21842 38283 28864 20409 28940 18278 2123 4835 22082 9605 20690 36632 24660 34906 1596 10923 
2324 31
27857 16459 26654 23805 40154 10856 23103 6753 19571 21055 29688 8307 27588 28482 16645 1907 27542 11101 14618 11243 39336 10001 32817 19909 17791 4863 20542 22328 3617 38345 10033 
5283 31
26275 10316 1440 15225 28328 31223 3370 11149 6821 3015 16928 12362 27807 16838 7870 40795 34088 27052 25866 22079 23261 26223 32800 25784 18955 37368 28369 9777 39345 26072 7313 
5049 31
37446 24463 16621 22702 13333 23486 24653 29267 33676 7426 24806 11741 21036 37210 15389 35333 40467 39045 24175 39670 38702 10703 11974 4782 8433 7130 13035 38876 25635 2940 17262 
4003 31
38978 38396 19902 23928 36720 16944 13999 32278 25764 31120 19731 17751 10103 20434 11954 41244 38503 35244 23533 23781 21603 7562 18805 14651 9544 36223 40896 11291 8857 20886 24531 
6089 30
6575 1232 20514 35963 13201 28523 6135 693 30210 10410 9285 17554 22775 22550 22319 18464 11987 36508 10624 30150 17396 22340 25643 6924 29378 38141 3525 16965 36308 2362 
3417 31
10113 8954 20328 5461 38952 30108 20872 12813 24726 18382 8189 2849 26066 20005 3211 18877 12726 4486 38641 14329 29765 14736 18429 5707 2376 23389 7029 26358 7173 6585 34413 
3671 29
8748 35120 2711 10217 38482 5413 26456 5452 7141 15263 36929 11242 844 26975 9000 26346 37110 8 24083 38694 25842 18012 23362 24777 12553 10028 36469 22873 35701 
2290 31
24614 12537 17607 26898 5307 16476 13131 28090 9336 12001 7229 39466 28259 34425 74 29066 2851 16862 37851 17178 27620 36573 10069 24171 18753 15669 2190 36532 37252 38145 30804 
5781 30
3104 9850 36473 3215 33625 695 19066 37598 19310 17838 21066 4030 7923 24025 9648 4563 23338 34704 12903 17999 15665 29676 32340 22928 21660 29214 31881 38619 27354 14242 
5889 29
11567 16316 18519 36915 32603 11719 35988 15266 23388 17379 39813 11765 34261 14634 33124 9534 3159 132 15431 4988 30932 34869 2037 34969 2528 19335 16192 12062 2027 
6215 30
31306 19773 14731 21803 13095 28972 28661 31359 22457 5092 12336 13688 34249 16180 27891 12543 17516 27224 30944 17514 40169 4577 16429 32528 12289 29977 18713 29790 31208 33319 
1984 30
33509 17669 9646 3041 12389 10456 27118 16172 33047 17804 35908 40293 25106 3361 7216 14739 5732 40480 3167 28243 37560 37224 1080 23558 16178 32983 5244 28587 16957 2082 
5688 31
18142 16732 4221 11235 34348 4820 8306 11523 2006 29319 36216 528 1422 31483 28670 13155 19600 1307 37824 32043 14104 26382 1397 19471 20441 35202 2209 19926 41071 18552 31759 
1070 30
27745 16480 7844 21260 24003 5628 16824 36450 9397 2364 34890 31298 39166 9133 27127 16951 3580 33136 33886 16859 3141 28217 31682 19839 4127 2530 22822 25654 21644 23259 
3148 29
2541 1195 20351 5206 39349 17783 36729 2759 86 30795 40869 39893 15920 30739 40784 2314 9631 12531 7693 12665 10384 24577 23970 33397 32326 5173 10983 8566 36800 
2472 31
41344 2757 23744 39060 29174 16416 33775 25379 17642 7450 30358 9638 27613 32542 7188 19946 35730 38788 5398 25043 12827 9794 6195 28300 12053 20538 6019 35291 37391 30878 15481 
1087 29
232 38580 40859 18615 34907 15377 29745 20461 29655 8510 1630 32727 6962 32987 40664 15608 37528 38502 7299 1966 15787 23465 5648 35467 18705 35649 11025 28460 25595 
5503 29
16894 8272 9686 5906 11290 1383 4081 9955 23161 26808 22664 36 30851 18598 30858 33936 37866 40932 22230 11562 33717 6410 11673 29339 10512 31716 6975 7837 11636 
1916 29
30289 8567 34275 20655 12745 18221 12407 17092 9328 15305 22254 24912 26645 29837 22616 16654 13036 26904 18912 37373 36355 1231 6760 40678 17862 18401 32702 3434 1616 
656 31
12190 16042 11103 35199 14483 21453 13676 25927 5002 19930 20230 16355 15244 30754 32647 37427 32575 9463 2753 21706 8972 27368 14912 22495 23018 38162 41367 26922 28218 8408 15472 
5153 30
1341 21209 26587 26880 14558 28776 34378 31221 3771 9180 27002 26418 1295 16854 25728 13988 32125 35289 28615 28866 11998 11177 25883 35800 24676 16699 33168 3403 19924 28558 
571 30
1520 41331 28060 27239 20725 40909 19015 39370 19372 16283 37035 20969 10422 40211 2367 26213 13479 1854 1717 10156 12758 37032 35184 40894 1072 33105 40835 6910 21361 31318 
2605 30
31119 36559 7563 22314 20202 24382 27319 19289 34221 29421 10153 14821 14267 2441 16724 25063 25787 17382 38529 4742 37516 8654 7645 10101 3537 19058 4102 40906 15213 27263 
4933 31
17071 12678 35059 24094 15001 29879 25242 38521 41282 15989 13719 9619 33039 34144 4715 31188 12105 24818 40053 14511 38824 15850 12146 29508 9710 11376 27035 25121 39545 31981 37243 
410 30
30573 32666 24458 6809 17408 19846 18005 1169 9561 25520 18494 7206 40473 39686 18865 29640 34692 30806 1150 4751 6159 8774 17690 23322 4803 2015 35200 30833 17326 15592 
6599 29
38124 35571 33682 29857 8520 3905 35064 11054 15475 32529 35749 24099 40347 12579 29073 24522 40591 17806 33940 27337 36490 9125 37837 12732 6263 7669 2632 23014 10917 
2179 30
15999 36011 27216 38835 11417 15511 13982 6993 29679 2923 5235 32732 31369 37122 32706 429 9085 40039 15548 35463 15436 7310 24866 39881 17629 32205 21550 27262 30073 36518 
980 29
10375 32588 24480 1877 9782 28616 17564 64 7952 22678 8847 27307 14005 15838 34895 32429 26792 10011 16835 32539 27837 10902 8903 29144 36989 20211 19966 10633 9251 
2742 29
41089 13752 3006 18800 23333 30087 31178 19177 7289 38182 17288 34928 12254 9318 28395 37083 4799 211 34147 2751 22651 31675 12283 8939 29593 16972 9225 15804 16759 
6312 28
2596 20762 37355 33822 2117 4312 34694 6563 25899 3944 19509 901 39850 1499 30083 26553 345 33125 7652 36100 38319 38595 14296 27482 27948 28039 36706 8287 
1702 30
9511 8593 40583 17070 33752 12371 7040 16135 15792 4211 22566 213 17600 500 13122 18941 23137 20924 617 26457 34253 28998 35428 32418 13415 38338 9061 9604 10874 3484 
5763 30
32711 21558 23619 37977 17532 2144 14683 41193 29902 26406 14631 11384 14309 11527 8994 14530 27277 33323 5528 14211 33408 27195 8476 12427 9464 18831 3606 37831 9079 13690 
3067 30
36827 12968 2340 13086 17790 7231 35031 35599 15627 5724 37869 3780 39785 5647 17356 29551 17698 32767 10798 25225 6390 23360 25735 22060 25691 22098 1358 4669 16290 38101 
24 30
7244 5227 6490 15952 11866 32759 38010 18612 37077 26181 9910 8772 22997 20657 16826 33182 36169 20039 24493 12417 9020 24271 30209 25023 38883 5013 30911 23155 16781 13983 
6472 28
34319 22637 24574 11678 5836 37356 21641 3978 21121 7831 34514 5034 28383 7708 33459 14261 7295 29724 16727 28576 36519 32357 1794 24889 1821 291 41272 1356 
5696 31
30133 26205 8767 11666 4903 35186 526 19921 30834 21405 17959 868 24160 12061 28059 11792 14109 23496 23538 32467 15775 15733 31779 23763 8937 20469 25640 17215 12512 39888 23755 
4703 29
1082 4815 19913 31805 25417 35401 10799 19629 29139 847 11713 6191 11301 40092 33512 19961 14674 19891 16125 4900 939 31959 20767 13334 25971 3003 27353 41299 26458 
828 28
6102 34383 36730 35205 1768 25178 34430 35201 26900 914 16204 31639 265 31377 12799 36367 30284 6712 39939 292 25418 950 2734 10710 37761 2587 16840 24709 
3009 29
60 30776 24387 31960 4462 12310 17833 31360 24514 11230 17737 37506 18607 41324 19169 24337 21176 28941 40577 5277 14591 15813 5521 28896 39000 5860 34925 1522 1950 
0 28
6466 39627 2519 34076 30329 27814 38317 8254 760 10611 21259 39400 21337 35141 13089 1008 16550 38672 13162 6722 34646 23676 23401 21763 32251 36265 25739 32366 
4396 31
24092 5593 37201 23376 33122 22685 35825 16988 995 16963 6406 22780 34259 20045 26207 27532 39819 7016 22563 34923 4844 7470 18037 8926 28622 6049 29207 22274 18741 6623 5899 
4166 27
24429 4080 35265 7793 28116 7591 5891 4215 12705 2096 32974 3698 11605 14009 27211 32815 38754 3773 16935 36774 24724 36839 9248 14869 17322 22031 11840 
4822 30
33273 16380 26486 21045 9173 39944 27876 15165 21307 40571 10925 23514 38079 39911 9861 3103 26538 5426 37220 33630 36451 28828 4287 14890 30411 32630 36273 27915 106 12663 
3537 28
5486 20714 36077 1658 35609 25433 21155 23028 17166 21302 31209 34495 27990 22466 6367 6243 32926 35752 26609 25552 1999 38786 41273 26404 7979 13976 4721 17685 
3287 31
9585 5776 38189 33162 8053 313 26765 14951 24967 39766 16741 5620 13377 37861 3148 29360 32752 26133 4538 16729 3815 39407 21109 30966 21992 21279 13159 3783 16372 8749 24232 
1250 31
27896 21034 11378 1636 7777 31854 23482 8298 8212 15198 40958 35133 2004 35933 11723 20644 6551 34335 33510 1969 39476 22956 9082 17385 23842 29712 28210 1746 20721 31657 36713 
5269 30
35543 35837 26537 9912 6193 27181 30950 27332 460 6507 28377 32080 18235 40335 22059 15690 218 30225 2945 34702 26099 4152 24187 28021 33481 24544 26340 25348 37623 30174 
154 30
22366 11769 3757 17391 7961 33841 34930 9687 9689 26074 13991 25746 32488 4503 10560 38746 20431 31728 23256 16522 38411 24865 40940 27183 701 28417 15649 20095 22947 9154 
294 31
23962 39789 15829 38269 39434 14756 7181 8688 29787 35688 23778 27969 26385 33116 22982 15417 12239 11784 3315 745 6757 13779 11625 3265 8442 2327 5527 5166 6389 11979 2648 
2931 30
35620 11204 24957 36790 1822 26952 27955 8766 2467 21640 15461 487 37416 14049 11893 31621 13261 9130 39040 24309 22053 24481 34323 36605 40911 4409 23407 14069 37010 6492 
4989 29
31592 5094 30996 5458 28753 21710 2201 36737 35248 39270 24246 30128 12935 33521 38177 39942 5340 10823 7087 5343 3113 21925 24920 38203 13994 17453 33555 867 23991 
5334 29
13363 39653 22077 10468 40870 16865 13544 32009 8702 20345 4918 20062 9235 10092 20605 8545 11455 8803 29734 17029 28631 7138 7894 19508 35659 29 16419 1310 12640 
597 28
10802 22570 12040 39092 4963 33885 16849 32483 20102 9968 16751 22201 11321 26201 36977 31658 662 12833 40799 27359 24768 19786 22484 23264 38799 11717 16898 24775 
2108 30
25384 30015 36009 23945 29821 17535 20099 41038 40547 3045 40943 28537 25674 39276 12633 16542 40071 40260 14281 34959 24342 16106 3906 29165 18789 5742 10667 15286 41207 11125 
2221 29
3720 24955 17158 23208 8450 20570 22034 323 2276 17122 38791 2384 32187 33174 11484 18217 32170 3637 10523 1838 7032 10811 6407 23795 24739 3667 1930 30875 10907 
2606 31
19071 12304 5367 34502 36594 32535 24111 5694 29725 32854 14518 26625 33727 20551 13563 1067 21885 26279 17661 30348 433 17479 39844 20489 17952 25530 23047 12392 6758 24895 26029 
4893 30
15637 13708 23308 34529 23860 40278 4868 41343 35950 622 34730 16326 24823 22906 18513 23708 33754 30164 2545 8728 27023 40810 18512 1809 14695 7387 29848 36521 21718 37604 
751 30
24978 29270 8838 37709 39410 22065 37212 24689 40506 4289 23135 37847 14463 38340 39438 38886 13331 3723 28703 21977 10484 2116 31591 14070 37507 5810 10869 1464 7736 32402 
2981 30
34223 26122 5445 35442 19287 9745 10294 21927 40436 644 23902 37591 5995 37799 18155 11560 36598 7704 25714 16074 27234 22836 36364 27156 4601 3883 16994 31930 33589 25909 
363 31
5392 40422 29600 19898 13734 6056 26283 2784 40759 22028 38592 20183 36602 23762 40555 7770 38515 2411 25518 39986 17508 37777 409 20787 41142 1300 4763 29324 17940 19398 3039 
3876 30
17383 40578 28548 20775 11941 39090 39664 10112 14481 7502 39542 1048 30354 32256 20784 40802 2920 38990 1606 16141 35056 15815 5387 34328 11540 22225 19573 21634 33299 38706 
1402 29
10499 38011 31577 25013 24784 29379 10787 4487 39456 3479 23273 7494 1754 5048 25234 456 39459 39513 27667 20276 26241 2177 12425 16427 3643 22727 2091 33562 25839 
1523 28
4116 12496 18593 14450 33270 20219 26494 30770 40569 6020 11143 12534 40457 39361 1731 20850 32186 13610 19852 30884 12806 1151 26167 26300 10324 27563 8818 33344 
5705 31
16165 38942 1835 29436 15359 34527 25167 25686 30248 19959 22401 268 13782 12226 6177 40671 21416 11116 28368 1006 38009 21057 1653 20692 10381 33690 32911 122 18770 37426 22549 
2208 28
19743 29818 27345 34888 36299 25157 20609 7243 35354 27552 7317 35612 4807 12826 30882 8074 4504 11170 30039 26155 4891 15508 32827 7249 15039 29557 27388 18385 
2698 31
32760 40719 21673 39332 9013 33254 20771 36133 11697 33594 24778 22965 34887 8638 32907 20964 40479 25535 21973 13811 3835 33875 7351 10817 30567 40096 30605 27240 20925 4747 6504 
2549 29
38609 30697 15281 30499 36887 15297 7963 12715 35948 1388 2059 40793 22617 12452 12738 33832 14514 24953 8832 22880 6317 11365 39471 33946 29224 24191 8477 17175 39355 
2196 29
23852 6781 29756 31708 28977 27880 10952 8793 13033 6568 25096 27720 15477 13512 37396 5555 13076 24569 22729 38954 31825 2523 35410 39639 576 31625 41162 16231 27966 
4831 30
19698 19984 25369 10137 26375 12262 14746 10939 27117 803 34096 5172 12597 25321 28540 23426 7402 41376 37042 6847 38476 20438 8530 33887 20393 31976 10709 17187 1940 6657 
1411 29
5564 22259 7527 652 7532 36301 17293 36078 19650 18833 36415 32533 10812 7194 19745 3675 41242 15802 17422 14783 2496 14572 35392 28371 13175 3135 28498 22714 33600 
1300 29
37112 10083 7651 21707 39663 11635 24862 35375 32969 27903 19323 21437 41012 2373 31531 1313 38936 20552 15789 17927 3890 32730 1610 25603 41097 40849 11089 11634 23136 
2683 29
27089 940 30816 30874 12688 37730 303 5676 20082 10613 917 25358 6613 14111 2299 12848 9626 5635 34719 33314 23541 37419 29123 11722 9927 37464 13048 20222 34841 
1567 29
20646 37642 4540 22985 13985 13393 34244 37410 12497 29659 30453 29008 22150 32919 1695 35947 19444 30582 7690 22948 20036 12860 13942 1530 6548 19176 21378 3514 19841 
2436 31
40596 10404 38594 32582 29608 12135 38382 27271 39490 30255 22285 21130 19837 38819 32175 15384 35259 13502 8788 23750 14860 9642 3687 26875 19995 31198 37121 12351 32131 40828 5701 
4402 28
15277 40140 39030 16706 501 36495 28721 23477 25935 11236 32151 20271 28770 32030 16160 30572 14288 15079 6761 12488 40205 18447 26102 13412 38294 17578 15380 16243 
883 30
25564 1780 19956 11105 36303 4779 15160 2068 27495 5608 10658 23593 12220 1801 38538 19586 15886 33830 4926 6981 23612 36561 8301 29980 19223 38486 28885 25248 2294 37947 
6256 28
12984 12840 27481 13217 8343 14776 7139 4571 40697 21583 24407 12022 23386 25170 7011 1419 10791 7482 9171 14562 28974 17415 21672 36154 35140 22993 32394 38720 
4250 27
7571 154 37964 19381 17727 21588 13739 28581 15834 12248 6197 8126 14944 25536 39749 31848 19313 9371 5931 33847 4882 27474 23302 18641 10522 37778 36090 
2792 29
36157 19816 3171 28250 12808 11536 17666 40871 3781 33452 21094 29909 12429 4002 7050 1785 34098 24801 9738 12412 14073 19722 2618 7234 14299 13403 26352 19809 26326 
6103 27
19760 10447 7119 22206 16844 9644 28929 28311 19704 1385 5337 9344 6082 26138 23318 19597 13947 15415 2724 31004 12509 9394 2833 6368 17366 28019 177 
4500 30
33683 39055 23684 22117 22975 8733 15547 21601 24220 7955 19034 35538 25757 6475 9804 1057 39102 15818 34108 16789 31559 31858 35243 3358 23727 5723 13829 30742 14593 14016 
6361 28
27242 4418 9569 14592 29369 9284 35403 11253 24359 34057 41055 360 33384 17350 30928 8574 30050 7388 2401 1403 36210 7405 4010 27417 23127 10507 16806 15688 
185 28
3334 33201 7583 22050 40032 36845 24976 3023 37791 24663 32615 5105 22478 9902 17772 18238 33735 31932 37101 13922 35468 24714 4436 9681 25600 21596 19475 10944 
5730 30
1527 26600 9497 10454 14387 5359 31334 32398 34344 31147 9732 35557 14991 41107 13662 30185 20259 4998 12363 31189 37870 4185 21606 8064 33103 10306 35344 21781 40587 27778 
4273 28
38813 2085 38862 35745 24084 22045 3736 15162 11599 31150 27076 21267 14907 38020 35893 37708 31048 25455 37505 13612 30163 10228 10579 10915 20120 40008 34374 28996 
3539 28
21308 20679 20549 39650 41349 40273 35044 23794 21811 2508 20187 23734 5835 6865 14771 26034 14195 13666 4199 14276 20999 32799 41208 37052 1007 19052 217 18455 
31 29
2938 4828 29380 34463 38266 30211 37432 11075 35025 12761 11747 36714 21204 16310 36622 33627 25012 7867 3808 3772 31419 27464 25210 39547 5266 11325 28226 41143 18174 
5492 30
5859 27051 35872 36931 26853 16456 2957 20858 37948 29582 2773 16605 28169 29395 29290 25667 26682 21998 33740 14915 5497 34172 41369 11371 18348 13531 39532 6468 5381 22554 
892 29
21535 28033 7674 9671 3427 18555 11571 25401 14707 8090 8695 34764 39101 21049 33770 31823 19204 38025 26617 40972 15068 29038 28207 4147 23276 33581 24855 24599 33517 
5065 30
9555 4870 24311 38146 30893 38573 19603 35266 41121 25112 3214 39385 22724 37257 28308 20339 22872 8086 18074 16557 36923 14428 22437 16259 23317 21200 1453 37109 27842 41033 
3867 29
25560 35715 11850 37918 7723 38796 23783 28626 2852 9756 35905 3123 28174 29028 19483 2437 29866 18687 25586 37741 9706 19385 15539 16279 7933 34485 16253 26941 32086 
4473 28
39083 11520 27088 18017 13020 19087 23434 37670 22793 40948 24851 24490 40514 2128 24027 5673 2609 4074 28571 31145 8923 4391 23953 31654 36903 33974 30948 2563 
399 29
1117 20563 18027 33240 19074 3024 32036 19439 40233 1851 12500 31459 33233 31114 19172 36167 18651 39379 9129 39190 2937 1033 5753 34697 36257 36872 23086 23340 32283 
1533 28
19188 18862 22016 17830 25747 22761 41021 16388 12138 20556 31499 22725 33628 25064 31371 39847 16855 13453 11078 15541 12277 23753 15780 40572 38368 5373 3158 22533 
5464 30
15355 5919 39333 38875 13877 21074 28459 14033 19953 15427 17928 6514 23122 4942 20622 1700 11062 14183 32199 1075 33152 31864 14036 2657 12700 427 2329 34952 18438 39723 
247 27
3980 13092 39005 38401 12131 8444 14448 38358 2659 33171 3274 8984 34056 5683 20810 10584 7548 21443 29826 16734 30370 14874 20963 38457 13090 39309 34762 
890 29
32493 21741 19942 7604 11094 3774 19938 1872 33668 23913 40214 21194 41337 3124 26541 32993 20791 29509 461 27715 18476 39815 18182 14456 2503 37481 30856 35104 10044 
3480 30
13307 22321 13100 21955 30350 19443 9951 28802 37742 30276 32033 26805 17601 6909 18227 36347 35488 14988 28544 39249 37392 9436 36980 7209 11992 22155 10298 30352 24030 13358 
2780 29
27407 4133 39540 23296 8554 23837 27847 20503 19680 40855 7790 31277 39199 26479 35977 32782 14841 28814 24137 27804 22069 30661 10755 22682 35173 16352 24641 30132 33272 
2003 29
26084 8110 37968 17342 29588 4174 16377 769 862 31642 31911 14228 41270 15044 37693 31929 10749 12122 21757 6784 7812 11865 1740 32333 15932 36369 11267 32219 140 
734 30
16374 3703 33689 14866 30144 24894 41241 38966 22852 32123 10123 36527 30493 36836 14386 17985 35960 37078 34086 18413 29257 467 21105 34225 27650 25593 1267 5314 11114 24820 
3653 31
25465 8464 9001 20325 36688 23202 23689 23315 24619 18042 25275 23327 18860 30752 11392 13082 5535 6256 36289 10448 39382 56 13728 36811 34278 37185 21733 370 6794 36940 29742 
3903 28
27143 17969 8340 26885 19955 10705 32242 30527 10602 19157 10794 26561 28838 8865 30520 32555 23057 26048 12314 7296 17837 36648 14148 9989 35936 40728 11252 23621 
2259 29
19796 40439 34510 3779 17465 19856 29592 6472 33574 35742 40308 31433 14131 41206 5009 670 750 7451 9551 15809 5036 10002 5649 17039 7941 21330 29106 26749 24848 
2796 29
20923 38561 9200 31107 34666 35850 30907 14186 33524 21851 12816 19265 35213 7654 38472 16808 38427 1769 29894 13376 26298 13664 29099 3072 16267 16959 41239 10231 30805 
2297 28
28325 2284 19403 7755 27205 37632 18981 36113 23303 37302 33016 29111 10301 14342 27373 36950 10973 35570 1153 273 30556 31288 40854 29050 38564 34722 29087 32348 
408 29
23863 41160 9115 36847 19437 40460 25566 13699 30974 4201 25088 5400 11233 2215 11145 22181 36140 33491 14170 15239 40055 4311 40119 28839 14422 11994 37553 16127 23011 
447 27
8452 22713 21888 18556 31992 29577 13424 9976 4186 37345 10783 31335 7190 31236 5380 20078 35436 29100 6663 13450 25916 14613 40624 33890 16181 3029 4618 
3836 27
37901 18359 1788 7607 5474 27645 22856 5833 26259 10071 3348 31509 26718 34420 15391 5171 1361 24520 38329 18874 28645 32383 23779 39129 25442 40019 10887 
2965 29
39409 35722 28015 30847 40517 41218 36947 8164 2555 22553 27130 6183 14445 12339 6324 36380 41210 26220 11547 34431 13667 29810 21450 22998 22645 39595 25000 6562 26559 
4726 29
35171 21320 7012 33126 11148 13594 11798 23633 1315 3228 22083 13324 7804 3872 28572 18033 30103 2615 4264 5362 40086 38110 14766 29044 21002 16060 19877 16394 21277 
2104 29
38342 7275 6728 3817 11983 12099 2506 5263 4122 6790 1614 27989 7343 3030 29158 25956 27096 38841 35236 23792 26310 10965 13447 28849 2524 25054 28617 18863 13025 
1416 29
25781 33087 24587 22483 4660 287 28813 27556 7082 16280 3330 39594 14278 9155 15946 6245 5510 38070 20837 6344 6329 25470 28222 7411 19794 35001 4131 20268 30808 
4939 28
9489 4837 29148 3701 30619 19184 8026 15002 22809 27209 24380 28005 41350 27716 2334 19026 25574 34738 20365 30068 19588 20686 7191 7977 16245 14901 16103 25605 
958 30
25101 28158 20073 401 11793 21909 29870 21425 1291 38795 29988 35298 21296 29312 39381 3185 14172 29293 41231 10232 13442 39659 26465 33284 19159 14996 19348 21739 2810 11637 
2486 29
21576 13738 30502 15249 27878 1409 26721 13454 15887 31111 26452 5027 41195 12163 29917 26424 22709 16264 3098 21931 7795 960 9974 8532 32896 40820 3642 26129 7490 
1055 28
4706 40175 7169 32779 11955 24189 13765 36463 31395 11207 28960 38390 36128 28994 35906 37913 39069 3240 19162 16744 22354 17451 13188 28806 19147 37944 12520 4688 
654 29
4519 28824 26953 25322 29437 38115 16216 21424 24796 1346 29764 26818 4851 38830 29843 12026 9506 24924 19198 33096 31163 34980 5055 2922 19520 33519 7447 40015 24199 
5866 28
35923 40884 4018 21975 39144 2051 33193 39583 16767 37086 7014 34842 30480 25750 13810 3968 29072 40648 33681 26293 31938 1771 18870 7580 26828 38433 35673 32345 
1823 29
35096 11334 33586 37515 30792 25139 13646 5106 5142 4386 26685 31243 12852 33675 31600 13319 29953 39717 34434 18151 1251 2658 33799 15005 19705 39572 27179 25065 3706 
5967 26
5690 22294 615 17294 30922 33198 3851 39905 6340 30698 35233 32486 29289 17913 7440 37144 3282 28335 10580 34843 9448 26231 29911 18371 13064 12882 
2829 28
28010 4070 37045 3518 28479 31487 34526 19544 22170 33743 24647 32812 8704 38967 9522 21178 37848 27508 2338 16081 13593 13468 29524 23897 882 6603 31305 26101 
962 27
4822 27135 27050 38296 3585 26386 35919 32623 22925 7811 3455 26297 30555 11419 22970 14738 18819 31368 28951 5935 3086 27036 30668 6052 37540 3506 9340 
311 28
15279 26912 13546 26334 35176 3509 18195 8963 21054 40644 35420 13604 2948 18743 37429 24172 24578 17857 35210 13735 31790 16519 4623 28837 22494 21493 12086 10843 
5456 27
10064 23993 1174 2130 9426 31756 8456 30118 29388 40667 4148 9959 7822 11385 30995 38366 14873 13905 24477 9806 12550 17434 21533 13862 31202 3513 36657 
3399 29
31684 3420 30638 5802 23681 462 35797 21153 37820 5571 23564 15712 3246 1978 10775 32590 28283 3990 15657 19400 1987 8886 27278 39443 20749 21402 21784 29068 11676 
332 29
14594 2118 23408 38176 1034 24813 30694 15583 3278 20559 11644 36910 15356 20763 26085 20342 40970 38477 8140 19757 22785 9258 40326 12302 17273 483 17234 35917 24540 
3457 27
6573 26086 37758 14015 20011 28022 39048 19815 28428 11705 39903 14295 22408 5882 2602 7608 15354 24513 10010 7931 20318 7590 3314 3754 24206 23669 16673 
5170 28
32577 19759 26894 32973 12130 2143 9894 36503 37344 24155 23572 23080 979 7672 10038 28551 5499 3564 24085 17699 29190 34471 36043 15988 40941 11775 10871 2087 
3638 27
36870 7375 6526 2030 21524 40241 12818 17900 8916 34584 20830 31598 7018 21460 6723 38579 19092 39118 14652 6400 19715 54 37437 36726 17244 27424 29621 
3339 31
39578 36547 22915 700 18530 10867 7827 30091 1959 10009 16532 11918 30335 30321 18489 36506 32921 13301 1912 17277 35505 33424 17942 18443 15291 39258 31030 5403 15137 13895 27718 
4283 29
22796 30888 6109 2859 34978 32658 40651 7978 11193 3616 6362 16674 33759 37857 41260 5466 1861 18167 22020 40523 13066 37421 3558 2630 30634 262 36479 13425 34004 
1173 28
33334 6950 28556 14235 13038 39996 38393 7312 28901 4139 38423 23834 2747 931 2840 14908 12033 15799 4902 27074 23215 37891 14193 27483 69 38446 15871 13143 
2021 28
1847 12748 41277 14426 36687 21638 23631 4987 32291 5062 20941 34048 4663 10490 28546 40876 15713 39211 5992 10196 27080 2407 37161 32300 27883 6873 6238 8115 
5031 28
4062 31983 38097 22723 34934 38208 25647 27652 6079 11781 12171 10629 35191 28410 7832 25665 37945 36663 25059 39326 30119 33471 40879 27608 25613 10901 3305 38104 
1985 28
24411 4335 36372 11938 16164 28607 17257 24256 25699 20659 23657 5399 29129 27457 7395 17784 1428 27838 24283 20247 25861 35535 1591 31206 1817 31947 7049 15399 
454 28
21852 13854 12575 28178 34614 15062 7236 27920 1663 38129 37733 14880 11819 6308 2112 82 9993 8543 35735 21871 44 7055 6420 28412 18451 4559 17866 17789 
6550 29
15621 22945 21101 7659 3870 36501 20480 38216 12 16514 15974 16079 16462 27515 1937 2636 34755 29845 11683 5631 36013 25825 34779 18003 26402 38262 13626 29109 7235 
6448 29
8483 903 15115 8947 12662 29012 5428 38059 36094 35997 41213 6361 39559 949 19646 4241 18595 2239 26078 12777 11038 2542 31237 32825 29345 692 14861 10518 37512 
167 29
23651 35885 32976 20760 5273 12916 27901 38626 25256 16897 40597 30593 7687 15132 18581 9282 34849 36614 34201 16041 21481 32645 7633 35095 20124 32952 7852 9529 3929 
2048 30
30406 5643 19776 627 29507 5216 4294 19241 4804 35802 1827 35501 36786 20638 12975 36551 6274 29825 32120 28969 7922 7102 2766 22325 29860 8768 11707 23705 31109 36444 
3493 28
29946 20385 20899 27166 27688 30429 41180 14471 21023 11622 36883 29685 15531 16053 12347 20894 34812 6552 22377 10024 11336 4797 11525 16373 14971 21697 22110 30945 
4343 29
16420 34404 32682 21114 25014 6146 13558 17755 15939 4118 24000 21836 33516 35744 14101 22786 2248 24470 13972 449 28958 16047 24371 24368 27145 2272 8428 16620 12923 
5417 28
6404 22200 17155 28258 1805 28220 19255 5748 22051 7722 39835 33439 23287 12790 18366 35434 37997 14061 34631 18773 25606 34167 6106 20643 9405 30731 20217 39330 
5917 30
8050 40766 36278 32117 29567 41255 5368 39131 12588 4976 3259 8783 10444 35602 36665 38536 5038 18848 14982 24251 6649 24146 14393 31172 40162 25969 33813 20231 24887 13222 
4281 29
15043 33002 13727 28585 29037 36185 947 127 30096 5401 23620 22791 19349 27165 27489 27034 31462 16339 29620 1406 19523 3451 16857 3056 24399 27338 28820 29054 31321 
6618 25
2470 39759 18336 15718 23893 9702 9224 13428 26551 27854 3697 15323 18351 27436 4239 28191 19164 39228 36914 39952 6901 13777 8117 29908 26127 
1792 27
11356 9390 11668 2884 22356 31836 14609 19590 37012 31365 10765 31269 9281 20707 29211 10114 20273 14041 37826 13455 293 24394 9321 2918 9743 21688 411 
2985 27
18674 17546 10419 23752 3052 6381 1736 33400 5489 12272 8000 2487 34644 32908 33327 16232 32891 9637 27740 128 23270 19365 2536 8799 9031 889 13932 
3299 31
27810 15837 40172 7147 13845 5778 28284 36597 18055 12109 8111 39299 32564 41178 36877 36270 36768 23458 4641 26850 4788 24462 35666 10616 8088 19101 13627 3989 11342 24928 7862 
2005 29
38568 6369 9537 36694 1495 25410 25383 41274 31644 36193 27583 22978 11410 35653 36221 19086 41077 2162 36676 22784 18412 24414 40298 34948 31354 17919 2698 38698 10205 
2589 28
36261 13923 40000 1511 34372 13335 20070 16311 30109 1071 1894 2231 8051 8150 15569 5611 32477 4843 31587 31900 23257 31281 33033 18467 35182 5686 30691 329 
5752 29
13863 26605 17168 31338 25725 31709 37325 24385 26160 11500 40544 33266 454 18976 27098 18095 26075 27299 15260 12307 24249 11882 29625 29192 37007 7657 39068 13057 16967 
4195 30
10656 17786 10976 31505 15343 18295 5913 23908 22743 11561 26140 34174 18769 18992 1597 20546 27410 14505 4614 28534 3462 8152 33541 23258 11037 16469 808 22384 16467 32211 
5929 27
39798 31472 8851 36705 12698 17567 25260 8049 36625 10733 35303 37276 30720 2832 30227 3296 37573 27281 39288 7682 40221 27898 6217 7641 29373 18079 10110 
122 25
14085 37124 39384 28292 34864 16996 14488 22485 34838 23761 24798 2888 26114 20022 34785 29015 6527 8693 25763 12227 11961 26528 27273 314 13903 
2339 27
25900 19581 14581 28705 7817 22909 23592 6805 14304 16755 22930 37385 31643 5077 19111 10936 8692 15805 27246 11425 118 14836 22620 3132 5964 13562 32100 
1528 29
10622 33815 2680 32636 137 22363 38514 37167 3997 41300 6493 15406 2285 2718 19250 32998 19156 28100 4321 37488 35623 23190 32747 2495 4899 37740 18973 29400 14431 
697 28
40318 13483 3753 34440 22896 39208 24335 18287 33514 16873 14201 32725 19696 4187 2048 29643 8540 31814 28299 5167 31555 29180 37562 28672 8071 13540 4980 13401 
4716 30
6011 29001 9472 31667 12904 30418 1010 33973 13325 29999 39784 39584 26860 9676 22272 30179 29540 7135 32089 19452 27704 37206 31271 5344 39804 12162 6374 27732 881 1558 
3982 28
24098 10596 5908 34417 9608 11341 39368 13486 3829 23502 9696 35657 6240 17474 39689 24321 35629 13383 8649 26393 31554 8207 17141 36480 12408 12251 12610 36271 
1650 28
9760 15808 28651 22961 19832 17595 7553 12699 11789 8905 22090 20519 7838 8060 4006 8440 5484 9867 4055 34655 21010 32376 15031 30301 6201 26588 36808 9117 
4977 27
28007 944 29117 22092 26855 8226 40036 11981 37424 5594 15164 37176 25700 12747 25672 21421 33166 27386 12027 25687 25169 33922 14401 2824 8214 11302 30125 
5506 28
17682 12630 30106 38667 20364 10532 29344 19420 3310 4670 5292 30862 19059 16255 14159 17881 4419 11628 26812 4250 24860 34958 26313 34516 23069 28593 18149 33464 
496 27
36874 22115 14165 29145 21879 38659 16816 28894 24693 14236 22394 18259 30224 4229 34778 14733 8360 18738 7733 16051 22960 22465 19654 14497 9830 32984 20859 
1566 28
33811 16530 29809 28483 10891 33050 37549 20301 29503 35481 15658 9215 28407 30432 23291 40709 28685 40397 29120 15075 21426 23788 21614 27795 34828 26944 9847 12851 
984 28
4518 2586 9377 15720 3303 21466 8553 9360 38388 39565 10574 30751 24004 866 14474 30201 28392 13145 21225 9753 38037 7362 5143 4059 10318 40877 40794 13471 
113 28
27293 7925 34766 38739 24313 39790 7887 2108 40087 10515 11577 4730 9056 37984 38031 8231 34436 8777 20220 18554 5468 10149 27925 14534 7025 4178 37557 35801 
3677 27
20241 38073 21934 15979 8319 25952 34750 7336 13795 15091 35884 11298 19135 5872 40662 40773 81 11231 14138 14169 7034 11675 23286 35747 35847 16595 14703 
3694 28
12752 18189 11629 25328 30949 19861 13825 38627 30554 30298 11469 14306 1729 36073 10885 26820 10711 38458 20937 22532 33601 7908 40631 36071 35899 26379 5296 12949 
4104 28
26549 38045 35409 35274 2582 13629 25749 7248 18021 40645 25829 1671 20727 24519 8912 35750 20274 28987 27533 10661 126 32185 25297 33764 4514 18453 33608 11927 
2044 27
2965 31798 5609 36376 40949 14519 11036 14605 34693 23279 28219 7810 35527 16432 34534 15901 10048 10659 36942 28055 36202 31525 10312 25307 3922 23425 990 
603 26
15177 36170 468 8741 15752 34850 31059 29240 18813 4717 28397 3935 24028 22996 2393 17204 26595 39305 35670 24617 36772 16536 41084 39079 2339 39808 
3477 30
28880 5476 19486 23886 28619 21264 29173 6837 6378 19268 10066 39096 29713 2438 31301 20640 40198 10621 19694 5890 3744 11239 4315 21867 23422 14407 22593 37022 38794 25999 
2207 29
10332 25467 25583 20371 1220 13568 27445 14398 3793 10684 26157 40550 1996 19036 8417 14210 32142 35973 1621 14775 20075 28458 6515 21690 6983 12957 5650 22329 25144 
6324 26
11275 16888 21624 31027 30637 2727 30823 8177 5162 37941 22935 3566 37920 15630 18383 22574 19075 3322 39324 33353 23364 32093 9135 20079 32246 31573 
2547 29
19298 34696 15199 27791 16494 183 12467 32037 31914 32233 7766 12983 38460 35278 1204 40373 9845 10348 4646 1507 3120 4690 10846 26098 1266 28028 30965 29254 30167 
857 27
14699 34589 15715 16167 19484 14325 34036 22974 36232 21397 27081 11543 7463 19007 17548 4460 33205 12212 8957 1673 26474 17681 1044 12498 30456 34306 6372 
4554 29
20111 38134 37245 40609 3893 30369 38181 1446 41271 8897 23391 11337 23862 3921 14854 4431 40220 9853 32171 2896 23007 13234 2103 2106 13522 25506 9011 2627 27233 
2182 28
23683 27957 3812 4602 18430 39174 20623 17812 7953 18767 2635 24982 32693 2420 17637 13986 2227 27318 31325 33209 41294 25695 17171 37780 30151 20868 24298 20018 
2497 28
16484 35115 41287 32505 4735 30152 20482 24075 34560 31116 24605 28636 34639 1055 28967 40584 33801 23957 25985 23725 5063 22362 1229 18284 14546 26566 30244 26869 
5301 25
28678 22585 32608 23356 27099 21502 11097 25857 8033 40325 11187 8992 21679 35304 5667 21845 11221 40966 40331 5141 26735 26671 28899 11744 17693 
6149 26
10049 1696 31618 32904 30516 35656 21080 23938 40116 29647 19073 6826 39908 6385 32230 15832 28102 23297 19068 33355 20387 29147 13997 34481 12113 6022 
5447 27
24666 20182 13844 28339 15645 34675 31224 18050 34053 17241 35282 37341 24115 30860 24844 18979 30388 14621 40963 26945 17214 1108 26589 22149 13519 13126 27874 
