28
7053 141
38782 24097 39038 18108 61976 33524 86653 17010 24572 2581 70096 31340 39364 33790 41882 4571 89473 54768 83158 16014 29460 64835 72649 59445 69104 60372 77542 79161 95143 72962 53127 54482 51968 38321 32158 16847 93730 83092 83063 96949 90448 27939 15950 84646 33605 81109 46712 89888 93515 29269 38894 15251 40140 98127 60385 33001 22991 57944 29532 70637 46628 76912 65996 80417 96570 52240 61902 64934 15399 13326 19329 37073 86932 12040 93381 29738 77744 21254 52623 98097 63654 36653 35052 96477 45934 95717 72533 51929 7265 28324 53233 11473 75695 75008 1642 2785 80792 70064 79500 48254 79567 61030 60322 14477 64414 78489 21941 99298 19319 35189 96969 88535 89669 91734 853 52177 15267 41754 51628 57513 4167 9524 67356 11931 51982 991 47737 85524 26922 59819 10387 53661 53060 65069 33235 69694 11040 191 11891 47449 57185 
7052 116
89062 97161 15653 98426 88444 71383 35882 56938 45060 97921 50520 57477 2111 56634 79818 30669 42736 28537 33004 37895 7095 13008 23317 52135 82993 13698 33267 37553 77535 63307 94654 48375 93722 84549 9719 96466 47451 56447 83235 36751 27853 43641 44485 10155 74598 1559 31222 93446 53216 68285 60273 55876 8585 63083 41568 93313 17060 9086 52283 92197 71259 34198 59110 70269 72300 97864 16990 98443 92119 1037 35393 97321 40559 1197 52192 31354 94664 66118 4202 45150 57414 66454 54057 19914 11854 24524 6688 82774 33697 35067 11166 67582 84276 58603 13014 53258 73584 79155 77332 86537 99322 70845 94854 75332 60529 74541 36913 90613 84213 4414 38763 18545 9841 56700 70767 48849 
7051 94
65026 20543 27639 94544 44236 73250 3602 93881 61186 58838 77325 88648 80672 52062 27031 82745 74188 42469 67890 4546 39710 5558 54612 601 12565 19351 11027 74652 76797 93826 89838 79617 26191 66977 38020 33241 81316 44530 31296 54596 93038 81430 64031 78500 76623 99080 33874 8160 24647 85160 30326 91493 1398 82853 61299 17651 12875 71786 38384 42603 73513 7977 11400 43527 57896 85417 41008 27607 32097 44675 80116 6454 51515 33832 28446 96483 58799 72629 78062 56692 69625 57263 34021 41337 12793 78504 51705 13954 59602 41422 50148 76589 89833 40184 
7050 77
38815 15075 65513 66764 93717 23461 70816 14025 63960 82594 21155 4697 72183 74733 70707 43528 1312 26509 82813 47206 4133 76642 69927 58775 91918 54717 11197 62287 75623 74380 47798 97001 60073 77446 40082 88308 72676 57784 9060 54964 34675 7445 56660 88493 55362 19582 46837 51812 93519 6500 65752 2886 19447 68084 61233 16844 65132 83190 23465 69720 24926 74198 13617 29848 18359 74884 94623 30550 81864 92709 82247 53546 86218 30486 79363 9544 51735 
7049 64
49943 2277 37224 32363 1466 19238 24019 80916 29660 36600 87693 36565 82860 20745 95518 33238 42657 67567 78779 63393 63790 91788 38232 38714 2084 3668 13055 11803 62770 53765 20110 362 69743 30857 66132 20071 24710 19793 65151 11794 92116 74645 77906 78150 15327 33434 66226 94723 31312 32266 78045 62950 54577 49670 41625 26069 61748 8076 91395 19536 54781 51828 17343 98945 
7048 60
31724 6863 77946 73607 71550 43880 53072 68870 45040 94993 86367 49023 41285 36701 67494 69246 22040 95835 75618 27539 13128 55629 42055 68705 61231 19717 31359 34142 96862 13815 15430 97237 94258 55543 45012 82827 10267 68819 17829 35248 28946 64339 51517 98153 71265 35066 42896 78552 70747 1260 22030 35931 64664 64651 4990 61815 4152 61545 35425 21801 
7047 48
49534 29195 26181 47307 16133 17181 77922 85001 17677 68041 45510 43974 27131 43930 51855 81181 87528 7444 40914 41372 97123 54712 30091 48556 76525 36458 55416 99086 34152 46442 8855 92838 81787 65219 86934 38011 86026 5498 85241 70210 83179 74588 58651 85450 50018 31358 37609 26607 
7046 36
25322 49098 63414 39799 12493 54833 12614 59841 5335 39748 13461 64967 9271 16527 70987 15455 52879 54764 81213 97154 63240 39444 65582 79844 55183 73561 49746 88500 23713 68047 92740 60238 29159 80661 19448 88028 
7045 30
17549 78176 75940 43251 57294 99904 90084 77583 78874 39894 33150 77889 97761 2551 50187 57560 82657 36012 16033 45398 39193 9368 5705 40479 4622 39658 16468 27371 92898 10135 
7044 27
60399 83750 77090 13336 51637 98014 54020 67496 6052 25897 15457 72344 30931 24232 57228 41408 16838 45237 93164 70839 72010 87930 29809 4957 90694 32053 28353 
7043 22
81670 61565 57140 65712 9906 58368 97892 27290 26414 34640 89997 56438 92249 52165 94086 54469 65003 46809 66957 38095 65814 62293 
7042 21
86532 70833 78522 71347 56649 96765 65111 59448 43902 81294 62451 35027 84062 67209 52646 81634 36293 60148 10654 32368 66105 
7041 17
88666 90125 13405 68840 91545 78770 97698 22950 5601 71741 19206 77925 99666 15307 6268 60183 93712 
7040 10
86562 48627 68782 57021 62796 73899 6265 23313 76606 67056 
7039 4
4237 94346 30313 89840 
7038 7
82965 72733 37413 76444 54894 80845 87317 
7037 2
33972 83197 
7036 5
63102 88125 26002 48845 83056 
7035 3
63598 87505 15363 
7034 6
75498 90627 89456 78983 62715 47653 
7033 3
74638 46135 30232 
7032 2
62943 54006 
7031 4
84067 47061 23290 26390 
7030 1
11599 
7028 2
48717 921 
7027 2
7987 67295 
7023 1
69034 
7016 1
90975 
