72
12304 8
13338 37860 41012 20775 26315 45697 24499 34594 
12303 8
71064 56592 64729 54317 46189 7280 33783 5146 
12302 8
58506 37181 12093 1695 14486 19932 68081 10639 
12301 8
24906 22395 57408 44494 48930 23246 47968 38670 
12300 6
59228 26538 4570 26651 26248 43008 
12299 6
42170 13189 62548 57836 47724 70078 
12298 8
39846 5370 41247 7066 11242 67021 23855 48880 
12297 6
40783 75850 73822 53995 63344 44765 
12296 6
39430 63312 40688 45880 71737 31006 
12295 4
67992 8462 59650 20692 
12294 8
3912 51191 67239 136 60097 10668 71598 16159 
12293 4
72265 24648 51643 14299 
12292 7
63963 17906 75482 15119 38725 40969 18476 
12291 6
46636 16485 72566 75062 33095 13968 
12290 6
8550 67826 20512 59448 10117 23334 
12289 5
40884 9383 3834 51067 59876 
12288 3
27081 38944 66558 
12287 4
14662 76345 49686 24786 
12286 2
9940 15458 
12285 3
62236 17011 13982 
12284 6
56129 26636 51948 63904 71020 725 
12283 5
64581 15744 73848 33296 28140 
12282 5
14639 74583 34119 57023 31231 
12281 2
60086 7983 
12280 3
14182 32595 44370 
12279 4
24436 11012 58199 10418 
12278 2
53119 30390 
12277 4
13491 17984 75740 35392 
12276 3
38892 59451 53191 
12275 2
48436 30402 
12274 3
61045 39480 65905 
12273 2
44438 32166 
12272 1
2202 
12271 7
77125 58224 5504 28534 18990 45326 52675 
12270 3
65306 3060 73077 
12269 1
49347 
12268 2
13842 6743 
12267 2
77009 73795 
12266 2
21335 46098 
12265 1
72317 
12264 2
2731 72675 
12263 1
4581 
12262 1
59031 
12261 2
35562 32068 
12260 3
58280 4107 19907 
12259 3
16769 75933 52347 
12258 2
1917 48547 
12256 1
25481 
12255 2
58840 67542 
12254 1
44835 
12253 2
49804 35699 
12252 2
33439 73815 
12248 2
38046 61233 
12247 2
30949 30712 
12246 1
65580 
12243 2
45284 58513 
12242 1
38690 
12241 2
37220 54520 
12240 2
70204 683 
8629 2
17344 3095 
10152 3
5223 74155 32388 
11023 2
31073 17208 
8935 4
67582 3056 66901 62957 
10603 1
60824 
11726 2
38568 14149 
10760 2
10599 57190 
10471 2
10036 58451 
11395 2
24024 20995 
8446 2
22221 10822 
11857 2
10660 72042 
10775 2
8095 62227 
12079 2
53963 3836 
