43
13203 15
47299 6924 16434 17584 6 51268 19871 38564 28447 37427 25152 35550 49234 39797 5947 
13202 12
12680 45827 36701 44195 48534 52182 25918 29667 32774 50812 7696 39007 
13201 13
34206 9004 3833 52172 35139 7484 35358 18541 8248 41472 11605 37550 3549 
13200 13
19075 27514 11200 39403 19223 40371 11032 41332 29339 27146 42588 29005 3199 
13199 11
20651 48196 33992 10486 26533 27914 15326 49550 2282 20165 39398 
13198 12
41209 12070 24683 23767 23407 25387 31344 44930 10949 40565 39589 27590 
13197 11
14988 8735 10845 27591 13678 26669 48562 6021 30542 20198 51125 
13196 11
4792 14354 42135 40698 34366 34628 16381 23909 3254 14137 16466 
13195 9
45548 17718 24709 19392 21263 3404 42741 20360 10144 
13194 9
48613 6858 8605 15654 47925 33228 5990 803 42980 
13193 7
39761 39749 48774 37479 3013 31614 43290 
13192 6
7069 14878 32289 37685 7826 47551 
13191 6
27526 12120 5881 10374 46640 10015 
13190 8
12576 50059 12456 17675 19009 38243 16081 34683 
13189 3
24084 50890 15797 
13188 6
4444 22332 37023 9257 889 10635 
13187 6
3882 28214 33842 21185 16161 24974 
13186 5
1082 29061 7285 17864 17346 
13185 5
40527 18833 27279 36560 7244 
13184 4
47374 32710 40496 18706 
13183 3
14212 18312 47958 
13182 3
38128 18543 9908 
13181 4
31650 37032 47818 24529 
13180 2
14846 12438 
13178 1
19601 
13177 3
42553 35471 13917 
13176 5
7810 36064 27166 40520 49092 
13175 4
6383 40933 40689 5715 
13173 1
14560 
13172 1
41943 
13171 1
2624 
13170 2
2448 15305 
13169 3
6229 20559 20200 
13168 2
52180 27729 
13167 1
49626 
13107 2
6381 9087 
1734 2
50678 30318 
12790 2
26548 31280 
9687 3
16334 49950 13684 
4302 3
40716 11908 19512 
3262 3
16494 28099 47472 
13018 2
6339 3442 
12138 3
29225 22595 29443 
