50
2499 38
62963 4258 98996 39240 69162 73203 4956 75743 6878 29707 46379 60870 56920 86895 11835 35535 3238 81239 4742 59526 88611 38701 60617 75999 47087 15291 17090 90413 86457 55188 85780 45152 84917 42911 36507 67293 10303 74771 
2909 37
57594 96750 49768 21082 38954 23599 64109 98678 23110 89420 17635 36759 72156 2705 64643 6248 139 59248 59827 1608 88997 62842 21187 45024 41437 28677 58502 99948 7888 33608 34590 49673 98288 37816 55800 84509 46256 
5068 37
77263 36406 15995 352 26457 18049 67714 14300 14013 60137 90049 84513 14624 17027 50198 81603 29445 44732 84715 786 54829 80485 5737 77867 36348 68858 73854 23160 54684 31652 65778 63199 5112 95982 65685 41583 71951 
1487 36
95394 5987 5048 99496 7042 37601 5169 86755 86893 61041 24095 76149 87764 3226 98498 10398 3569 62795 27154 91974 97903 62546 51124 35879 49968 2243 49703 59811 98834 30507 76008 11219 67972 92649 41700 66480 
2183 34
12241 32912 68051 64126 16102 24016 91103 24833 30148 51893 2151 7716 92568 22007 97897 36324 83092 87105 10328 95300 32198 67411 39829 30508 70312 79189 59161 37424 45763 74862 11409 4724 71667 66231 
4930 34
585 79964 69306 56780 8190 50850 32174 65639 33318 36246 83745 1827 44471 16174 22137 17210 53086 36467 9872 35042 45370 16898 96740 7847 47148 12590 81387 48712 11640 4793 92995 1326 2246 66245 
7297 33
82463 31237 31673 41532 98027 44004 12242 60833 38992 70349 97281 17671 33339 99652 25508 2433 57079 84075 40249 96793 99184 74168 21463 5803 91903 33169 99125 69458 69204 86293 66108 93915 62212 
1303 33
80940 30875 68365 44585 49135 58151 59298 88444 58384 23831 21911 88730 34648 59738 45457 87211 81765 78268 66807 66836 36320 27885 75132 86905 11724 57756 3481 18958 19090 33015 20070 60041 21912 
7866 32
68192 82977 39407 38707 5626 43580 29217 826 83642 62429 88951 10593 91849 99987 73717 86717 11231 78595 16633 22134 28899 78513 20521 87787 50856 53047 33054 59346 62670 67420 5863 18682 
53 31
72188 19104 31158 33995 39999 82019 89564 22267 62116 32127 36298 37223 89694 52119 29468 26633 99016 75907 93393 38848 33918 27284 24730 96593 64392 3315 48046 58213 73872 49211 67679 
1020 28
79231 77052 9163 689 3468 91245 89301 80330 64774 37389 59160 14078 25194 12191 76334 1220 33948 19848 41109 30670 73312 53861 79888 9023 68702 56056 9306 58418 
1760 26
98859 91742 21251 48317 34378 68597 62359 90411 95389 80818 20774 56288 65002 77210 21833 31113 24001 59572 53142 90069 25632 78530 17946 86512 98079 49858 
937 26
81992 83284 75203 94035 5247 57393 6343 38613 43325 54756 98119 62096 49953 76984 75192 4820 30149 55028 36680 77969 20884 70140 59374 28844 23025 40017 
5027 24
16451 93347 59086 85094 67806 65923 64937 12827 96927 6889 82089 79364 68964 22321 91694 12282 46262 78897 61718 49051 53892 89203 79127 38433 
3964 23
53677 63560 414 32668 37063 51943 9681 9196 77315 70357 65376 71982 43168 5825 65451 14059 47767 39410 53202 63717 87002 74953 91447 
562 21
22640 60440 8148 73035 32536 95520 19654 63868 59255 64822 65110 23086 83253 79741 53554 95809 82597 2494 80077 52232 24962 
4221 23
49031 55310 91833 17772 29002 35779 47828 91615 27934 63660 6687 90963 35486 77362 67989 10898 41410 13002 9452 4684 60627 76266 52019 
1054 19
13895 77427 86715 27614 73989 29267 37789 11989 25054 49823 57952 80265 14770 42455 78817 13824 58186 34530 2583 
4441 17
16871 48719 85139 78165 27306 87507 73496 22516 20875 29771 40022 86474 99421 4575 94802 78234 4873 
6435 14
28210 93461 76177 36383 79951 79463 64223 11563 79457 57959 12562 63752 38201 6388 
776 19
80378 18621 19376 54618 19713 45166 11291 91726 11243 38216 26506 10781 98750 68373 24835 43841 25090 62048 46023 
1291 15
74091 73362 54518 94753 32841 91215 79660 45980 3765 15004 47658 5620 99657 59902 75520 
1431 16
5012 2691 97950 89327 19564 43655 53403 91247 86531 80420 3780 16105 41683 33025 70407 94616 
1290 17
13282 20534 16129 44598 81158 62532 42216 49425 25609 71536 72013 68296 34834 12022 59189 47242 45055 
444 13
90882 59330 70067 35860 73446 66478 1244 83968 70446 15332 23864 99995 66271 
195 17
97582 12619 42895 89316 58302 1015 63780 10990 521 19794 88373 9486 17895 68046 69442 59458 88740 
2041 12
67617 59169 73287 89804 39438 25922 4279 17416 52976 48669 33815 81324 
6180 12
23184 5695 28456 45936 99882 28957 85526 57279 16087 20434 18109 91039 
5078 10
13914 80032 95305 39470 71734 17950 48045 8510 7580 47484 
2300 9
86644 50091 42887 24963 76336 80351 21716 17687 28211 
1313 7
58191 32399 61635 86817 33594 91932 27609 
2478 8
72541 49803 86674 21471 11076 32491 47517 34351 
2388 6
21291 14548 70343 67221 28792 68492 
7322 4
36279 19216 27859 35782 
6286 7
73460 60614 31493 66799 94040 53380 99169 
5656 5
58790 3579 78772 11792 14211 
1795 3
48058 19680 63444 
4900 3
21404 2586 80721 
7863 2
84023 76137 
7865 2
7146 95762 
7862 2
91567 44957 
7861 1
63532 
7860 1
7304 
7857 1
41631 
7854 1
9899 
7851 1
84055 
7849 1
28356 
7845 1
45662 
7834 1
16660 
7801 1
31393 
