13
539 160
20790 44651 6400 66105 78261 72126 84609 71626 50541 13353 50825 16307 89629 96933 94158 43980 70324 33951 86743 50852 44198 90711 54577 53240 28808 71099 89726 53179 62863 7383 95473 72719 68335 79501 58849 37181 22265 53065 25788 55028 8673 73769 46766 41135 28380 63123 73547 95607 40200 24878 9002 25265 48776 43665 32520 53073 36183 33064 97321 10952 51182 85974 17801 52016 98840 18812 58726 17862 10759 81825 287 2267 96004 52424 83841 9405 2479 50271 5079 9408 61608 28739 11635 6440 38131 5496 55428 46248 53457 86235 38533 4436 93699 85240 85946 87012 89975 64575 11597 88772 71757 73068 40867 68701 95340 69709 80003 9004 11226 63749 75006 98698 44925 84742 36298 3038 97844 65670 56666 46254 96884 15464 27527 98292 36115 25829 26760 41609 89573 56641 86002 92713 21208 69415 21085 33634 57849 69685 83232 35979 39300 65900 86852 55964 84168 90155 42149 43133 76736 65721 59837 81516 29404 79431 58162 91175 17742 91543 42802 21379 
6085 136
26025 67737 49760 10484 70290 25717 53100 61842 94601 49208 10923 7680 17093 38438 39228 9563 70817 74464 79683 49392 75320 76170 91687 62004 94479 15616 3214 982 62665 18176 31077 66624 17927 26595 16242 10476 58483 48119 92074 36742 59882 12664 43150 63893 25727 90025 93898 14305 20150 40124 67705 93614 63867 20318 26288 69355 35687 10463 59370 50761 31140 87461 48114 20296 56737 12255 27942 38188 62003 5742 90775 25795 20848 26035 66215 98085 53607 33881 9512 2874 5433 63805 90090 49900 92018 95610 46781 17886 59827 6803 44996 46548 72671 88541 92444 24888 89729 1407 73743 14965 1053 76314 61895 23487 16023 84148 61857 38669 97841 32990 83511 33337 67419 23779 53556 66063 16655 37965 52724 86346 29806 81610 81964 94583 79354 20436 75702 80614 28645 68627 75612 45652 20860 34701 59111 24179 
2191 117
71753 45707 66124 61209 91541 82931 51520 69997 35982 17389 80442 53840 75890 74055 51153 8782 60714 38876 56985 49322 79722 51670 29331 4224 94843 63268 39454 61976 9283 10269 58019 71078 5724 10053 77295 37728 40069 10944 8707 22182 65453 64702 41515 59314 6860 61025 64982 47944 14712 52691 50719 55234 13818 65947 98725 75675 64189 67161 26909 70434 41058 49884 97243 75789 50938 34647 36067 35677 14520 92456 46420 1266 48437 13266 19000 9091 44460 85090 72013 32319 97723 41335 25618 16446 78670 48968 31782 75551 84323 38736 97891 36277 14682 17776 8965 70206 72112 62969 73079 62117 79687 74904 88504 72346 42570 27514 31028 31584 59994 16640 76523 2673 82453 98585 30066 24675 76269 
764 96
97881 81020 44975 28561 44630 69850 89451 28035 22722 87313 21891 21546 28469 61490 34303 67714 22098 98114 96900 12550 96668 15378 37220 23056 71836 87359 21756 57562 44547 14916 95783 55579 46080 87210 91718 87820 76934 50231 48927 4117 84813 98354 39071 81616 23768 30041 9061 74846 52371 16680 41640 2743 40521 79767 16582 67641 27676 57498 38769 89176 92530 45337 88433 47518 90277 59193 57713 1975 49363 61508 71446 5898 76486 67223 95740 40882 35732 66155 19298 54929 24908 42601 37336 59560 69851 56240 96398 59185 91297 22915 72544 77028 49263 18231 66703 96771 
317 70
98655 26261 18975 23526 38821 69541 4126 62736 14406 73987 84110 27411 99539 75902 76135 74245 76644 64573 67220 49117 2454 87658 60413 38918 9593 44492 69317 23043 77465 72356 74847 63892 89659 30714 18506 24470 19687 1982 13852 35344 12498 63550 55916 85018 85202 32102 79484 25718 5460 86696 20470 45044 4251 68346 49564 63960 69076 53652 69788 47739 14714 5407 27686 30963 68781 44764 734 12349 24454 20044 
3837 67
21228 220 36736 73597 60399 70759 30689 63847 45954 33644 73553 64357 38461 16047 43754 41412 84678 7832 70395 60145 87140 45261 46981 64490 29102 15363 77095 89782 97640 74782 51124 93399 55632 79043 72711 11626 7945 54466 24934 96749 8683 32268 53299 46899 7685 80875 45308 54438 76312 77697 14299 9638 83935 3217 77831 89609 87501 53902 10003 60412 58010 73770 20482 21974 23408 2661 54821 
699 43
83100 42148 71438 58943 97840 39029 74229 63266 92628 19144 38067 15976 29172 79927 50495 62187 86473 99810 55864 95533 23824 44145 21135 99755 15725 75771 93815 69308 23651 38062 3175 86327 20703 73552 62052 74919 19258 38387 87584 38962 18067 86379 49523 
4408 36
35805 84274 98018 57982 5787 13098 31871 2460 70521 77892 89567 37992 30720 38155 34540 46443 657 3835 13175 39801 1379 77975 90104 4697 31864 61390 46824 23214 29808 60848 99758 17395 35753 52590 66249 99015 
1841 27
14702 4728 61622 1109 6751 94849 2937 60332 15926 21966 38957 18107 18512 85070 36939 13515 61286 48743 82164 2767 61746 68080 40910 76336 44595 33728 84634 
3958 20
63560 86768 188 46181 76660 48594 21897 71187 27399 190 1255 71801 18180 54862 8518 76799 31213 47488 46674 24829 
1315 13
61756 16613 42467 58151 20158 90887 8291 22875 18832 21975 46972 32327 8610 
4840 13
73916 70131 71508 43230 15108 32486 30972 2358 63660 22567 23132 45736 88581 
1826 6
92562 33418 62137 34737 49913 34850 
