22
3416 97
96259 65194 16000 23159 77333 35811 29772 56668 86654 79518 39631 41351 36122 42143 16845 649 5083 75104 81486 71617 89988 12277 91088 86818 51175 25460 47841 37603 9537 40843 59295 30198 73390 57784 56379 94064 75247 80292 89503 44839 43623 36519 52478 73029 82372 36639 7440 4041 78850 40611 7562 8994 83493 35165 57498 25254 84425 48367 18878 96828 48255 61085 68078 1513 3406 63208 11074 57882 94942 59974 98329 6587 50312 7473 51292 78557 6383 74230 45217 65017 10488 31503 86100 6239 47629 7573 79188 22058 98587 26112 3956 97833 54936 70162 37390 8158 68753 
3258 86
45353 94496 69779 55423 34581 21826 62518 38208 99259 18631 83936 58498 40280 23608 62471 63402 55458 70748 48540 92133 98403 72575 13498 41436 13470 32745 36308 32937 16831 55062 55555 75724 72744 18007 84082 77317 88162 48157 82540 62926 9213 4142 13122 61237 81286 22300 61338 99457 93165 15092 7555 1733 19781 89763 59296 38781 95993 4666 53440 97217 87581 96084 2873 27804 53289 94114 79300 74482 53313 99851 39537 22480 19994 61394 12543 87021 93858 46288 82673 32028 54279 13055 94378 99184 56398 76747 
5826 79
25244 34255 29450 85280 83586 97448 7492 35601 2370 49087 89462 81000 43227 70856 70634 35700 23955 77695 7502 14161 5631 77059 71969 2809 65694 44773 86293 94820 14986 86056 67006 34264 6324 70233 46189 82424 24270 93966 32045 80466 9458 40494 52444 99927 82194 18013 3643 73382 87205 43534 97805 11726 39649 73275 9001 97127 1260 51427 10819 3289 97110 14086 94219 6664 47283 93603 87845 53232 11089 17226 88174 91008 59336 15859 99056 96932 76848 37479 39212 
3055 69
92944 83337 35494 41223 95149 93773 78015 45686 70908 21413 47335 87363 41860 89273 95081 20725 18296 39970 76873 55841 91153 32458 1691 22353 32128 7822 89931 58543 95071 60860 52823 5380 25776 78405 66488 8071 65970 26030 74507 75946 33462 50868 24352 12340 22510 13583 41190 55731 64205 56994 65644 72887 31456 78852 64043 27553 25187 80822 26594 87270 46115 99026 28 11699 68044 79817 30736 23710 57953 
1121 59
77745 37604 15247 92278 84816 75633 54426 628 27752 36450 13127 48400 27103 1036 92217 68880 18770 41529 21986 42664 76087 11357 98206 71882 92250 15978 80403 59150 30683 86928 1569 37762 30281 53896 32177 70923 99019 73480 15355 10464 4796 55901 3376 45893 76164 61126 53691 77197 75251 16088 44016 17719 71602 98275 52175 46586 18567 71636 38592 
6660 50
73821 13435 89737 86151 41530 90734 36109 94261 83884 23584 83587 93999 48244 91111 44153 72956 52777 61823 26094 69470 81066 10866 65486 30622 80674 12957 25420 13321 99550 41133 36456 99872 58036 67617 91447 85461 38560 99581 11040 71727 9867 46607 85071 4825 65603 19109 98263 80755 18349 60734 
6401 47
20814 98571 10509 53686 68115 91330 89629 81147 86891 32694 10981 47404 72112 58982 90972 61699 24845 10974 50219 91898 16263 23614 70377 6326 55659 48973 85986 79714 49213 44746 44428 72863 53678 96108 91784 88054 26727 16546 24355 51623 4232 28081 95588 41682 82443 90757 71074 
5017 40
12562 27265 17003 19970 49726 90232 6984 5087 61528 71581 67280 58796 53302 23723 53805 88533 26564 88207 74088 75735 37002 86416 64438 52640 22533 67015 78683 18831 81558 96609 9588 93465 33664 19738 67970 98432 28041 66008 69139 14728 
1305 31
10652 93132 42638 94574 76985 99803 84302 13478 88750 84642 8963 39041 4466 52679 46909 53912 75933 25285 58896 957 65892 84782 46504 46480 5461 12659 25575 26431 55640 46503 22447 
6203 23
56760 77912 11400 96495 98824 69827 59794 65253 77865 14800 9566 64571 51317 80511 89450 40691 51054 55502 35062 50115 88929 76421 63381 
2525 20
34527 51497 16970 27886 45412 11626 80518 10683 20835 83526 12645 87461 39842 2849 7125 38579 37964 44801 33141 54569 
4062 15
56855 58456 56861 81455 65731 50459 57526 80283 84617 99578 34185 77781 66723 3283 84338 
367 14
59541 22808 24945 54779 57342 97662 44757 17423 86154 93254 39752 23233 29509 63276 
52 11
50013 13873 54232 10264 62817 91354 45790 35361 12871 93335 66487 
5192 8
95768 20419 48164 19931 14279 64874 70360 8804 
1223 7
89097 22210 74854 71625 37175 77089 71804 
6269 4
93300 59242 22478 49925 
6729 1
64469 
6730 1
75334 
6727 1
15198 
6721 1
6225 
6719 1
29801 
