218
1731 10
12327 64471 45223 56343 60890 3419 95203 38720 48560 77576 
3436 10
81552 41751 58862 45468 94387 45819 46185 21970 90958 36867 
11844 9
2179 92908 37635 3844 40663 59239 27870 61737 16988 
1999 10
68379 28716 12736 70422 51236 12165 61793 59190 3149 53990 
6035 10
85144 85665 33727 65852 71620 78121 77960 17256 10901 48185 
5717 9
46223 71190 33365 37602 828 34404 61661 29378 23827 
4077 10
7393 42404 91196 61256 78376 16310 85611 27019 48995 5035 
16895 9
59294 16875 49391 42424 17972 6586 56444 47242 49002 
4955 10
90295 68643 12454 9672 41881 42531 82655 19194 80534 11233 
16207 9
40659 51553 3011 53345 32662 68558 32577 15962 75001 
21327 9
81031 36305 84030 63452 54275 29766 45433 52584 12467 
23336 9
15071 24639 11917 2416 9746 77880 89027 21053 29467 
546 10
33071 79977 65352 93319 28231 8169 92121 68342 46136 9060 
1246 9
47834 12040 91906 15846 15283 64534 64923 72379 64607 
3925 10
46889 21491 90049 62627 41002 54366 25684 79719 15548 16668 
6202 10
41740 19443 43415 58607 57478 52789 11183 27616 63741 20031 
25259 9
59336 11136 39497 12059 58970 89764 95759 86974 32227 
1730 9
5388 43951 48224 72791 32532 5741 56099 86396 35677 
5007 10
33121 25136 77666 67789 68974 81590 37299 18026 7229 94996 
13049 8
53316 32354 38334 19582 39273 4398 3793 63042 
13951 9
60815 50815 85153 82773 88249 33569 84850 24065 95583 
6128 9
22477 58775 75426 57144 42998 43062 22672 68769 18696 
12778 8
49877 1192 49765 68240 31663 32692 26090 44162 
28378 8
76032 41528 82387 51715 38974 61241 64393 19684 
259 9
68540 45335 53068 35448 69074 50198 59120 26164 80798 
7877 8
34419 11639 6109 87747 63909 10150 37289 15193 
7237 9
29185 27378 55933 63061 53780 54895 54958 34578 53850 
22475 9
67995 88166 49579 85816 68103 4673 3610 23629 17707 
1326 8
16440 85566 7944 11784 20476 44790 5584 86322 
7081 9
41064 77018 57786 80823 13515 49956 89454 62977 35377 
29155 9
80452 81057 21005 72610 70115 84437 15171 73550 47975 
160 9
8385 32398 12706 66186 35441 20844 18352 7367 88064 
1487 9
54583 41305 86641 93918 42113 31792 77378 23217 55254 
188 9
83776 76180 89055 13154 90506 83924 24370 47830 37277 
12952 8
34703 76479 20703 89197 84544 77400 81034 53509 
8809 8
76956 22330 82448 69959 71502 51873 2177 18091 
13963 8
17820 11704 70704 16141 68371 77797 29348 52751 
20648 7
25868 12807 83261 65202 23152 28344 92428 
7410 8
1071 92384 89511 9232 39697 70118 5241 90885 
5685 8
96603 94908 46820 51344 96260 52694 78771 94793 
2084 9
84979 87839 31393 87144 16140 10206 82396 73735 54707 
27940 8
45630 76649 95793 25571 60903 4760 21242 68649 
14664 8
3251 53284 78283 55544 18561 36640 41340 72200 
7123 7
50042 80871 81980 7759 49832 74372 95177 
4798 7
42821 19460 66960 3641 31441 22490 53804 
16863 7
32100 65094 44752 21078 71838 45744 69096 
17786 8
70980 86099 16104 44414 69825 94060 89518 27638 
27049 7
34094 42950 20006 73507 32648 66451 2838 
7045 8
13272 44720 78123 58286 71071 79572 58243 79080 
14535 7
5798 29454 75757 44234 93076 42572 47915 
772 8
35470 49476 84866 93290 71154 58158 16360 65651 
10370 8
84577 89245 4142 30533 32429 42957 96552 84560 
6790 7
62000 19646 15752 84466 16257 8513 30043 
576 8
93871 24390 29471 75164 60423 46128 76142 41616 
2625 8
18248 52043 76177 62091 25669 12531 93128 642 
4294 9
25910 57587 13703 36175 67708 39468 55543 29063 24904 
16946 8
89784 2827 13157 54658 37054 89758 63883 94224 
5835 9
21343 77282 48373 11734 85735 48843 54261 90493 15145 
6561 8
27639 95887 6798 24323 71288 78791 52900 69459 
17005 6
25938 53730 86566 28226 44749 52531 
20679 7
56430 72463 82426 1400 56425 79159 89727 
25898 7
1415 58608 25378 87357 62604 39359 18401 
16938 7
73374 49890 21918 88949 39545 87548 86838 
5881 6
10274 9708 64216 51327 5867 95358 
11369 7
70989 53033 44646 43052 60389 9713 78708 
14843 6
74586 86030 76275 65644 12587 77446 
6745 7
62370 89667 56904 20586 25334 17250 70959 
821 7
18467 7967 19739 54599 64650 1639 92860 
19243 8
77411 46578 53560 5329 90380 38546 54739 86304 
6499 5
84819 62252 91901 4984 35439 
25631 8
88708 10414 66057 46496 64029 95285 52299 74733 
19237 5
44433 69597 84119 54862 69383 
24467 5
28260 43732 68121 66736 17338 
7924 6
40869 71906 51703 14048 65 95267 
21572 5
37011 73205 94521 73313 57828 
4558 7
72780 51520 43504 31546 57688 59314 25187 
217 8
56536 42739 21405 25873 52265 93235 78524 47003 
28564 5
88784 30789 64683 3484 78068 
10079 4
90387 92440 49407 68995 
24453 5
65613 6777 56750 41524 85900 
21625 3
36992 32070 58486 
6453 6
62186 82970 19023 65797 47101 42012 
2241 5
43862 69301 43342 5750 92847 
2021 4
29818 73474 12203 73578 
27240 4
86466 28388 27146 48050 
14305 4
1016 22146 22278 42100 
20863 6
65660 35777 65795 39602 88864 55606 
20040 5
10773 2963 94250 83456 58710 
6380 7
63318 8734 41672 79146 94382 86280 92778 
28643 4
46632 95214 45443 57625 
28332 3
66991 14974 83031 
13563 3
91265 90419 41983 
3598 5
72486 13255 62359 23407 57414 
1652 4
58429 19320 81223 36824 
28837 5
84393 20509 263 52954 89053 
11921 4
40592 6729 62905 9681 
16769 4
61768 4353 6932 19093 
6325 5
20278 62163 45458 11944 53469 
26319 3
68866 40640 82041 
2622 4
14622 11117 18869 4658 
2417 4
8034 18797 4567 62134 
17907 3
83475 6567 30538 
22480 4
11416 63320 49591 20633 
16408 5
78754 53315 81832 77679 77593 
28717 3
41453 10340 13105 
29142 4
26077 80880 70175 65887 
29301 1
48327 
29299 1
16966 
29298 2
65982 94896 
29297 3
57631 70483 93749 
29296 3
15861 94109 45984 
29293 2
19117 57511 
29292 2
73155 42008 
29290 1
87149 
29289 2
68466 46928 
29288 2
67701 48280 
29286 1
81242 
29284 2
89841 7781 
29282 1
87460 
29281 2
67426 9825 
29280 2
49659 83352 
29279 2
72166 30738 
29278 1
37483 
29277 1
37901 
29275 2
78808 22079 
29274 1
42431 
29272 1
9942 
29271 2
82966 54957 
29269 2
63147 9341 
29268 3
39689 16838 54010 
29267 1
53716 
29266 1
48904 
29265 2
65909 56097 
29263 1
87951 
29262 2
48022 71989 
29261 2
35744 22566 
29260 1
25262 
29257 1
95561 
29255 1
24263 
29253 2
78551 85405 
29251 2
18638 59210 
29250 2
17076 88715 
29249 1
51019 
29248 1
56244 
29247 1
81160 
29245 1
65240 
29244 2
57209 76311 
29243 2
88612 53672 
29241 1
66727 
29240 1
39759 
29239 1
16152 
29237 1
24245 
29236 2
43175 93011 
29235 3
71737 25419 75384 
29234 1
91069 
29232 1
78841 
29231 3
18421 64633 47247 
29230 1
34680 
29228 1
30820 
29227 1
37189 
29225 2
57231 77825 
29224 1
40844 
29221 1
86666 
29220 1
32397 
29218 2
55891 34981 
29217 1
32642 
29215 1
70193 
29214 1
27983 
29213 1
28604 
29212 1
30482 
29206 3
52277 8689 90456 
29205 1
35797 
29204 2
26557 74905 
29203 1
39132 
29199 2
32319 33717 
29198 1
45627 
29197 1
42816 
29194 1
48081 
29193 1
74789 
29183 1
18899 
29181 1
13452 
29180 1
80600 
29179 3
29341 83060 11623 
29178 1
47404 
29176 3
91685 94957 24090 
29174 1
11281 
29166 1
10190 
29163 1
15229 
29158 1
17803 
29157 1
78100 
29154 1
919 
29152 1
17961 
29149 1
13140 
29148 1
11019 
29147 1
80220 
29144 2
19942 84924 
29135 1
3537 
29128 1
29105 
29127 2
81285 8637 
29123 1
40439 
29109 1
42686 
29108 1
58037 
29096 1
29714 
29090 1
35536 
29084 1
3072 
29078 1
42028 
29077 1
6974 
29047 1
90658 
29040 2
16109 57741 
29025 1
21794 
29010 1
65228 
29007 1
5962 
28998 1
34546 
28984 1
36884 
28956 1
25624 
28955 1
39172 
28953 1
3480 
28926 1
28241 
