57
1123 18
22109 49102 50696 37140 20704 5692 2957 38519 10781 43015 202 33976 1318 25531 14297 60858 41316 6533 
989 18
58863 53708 22010 37132 6883 25124 27978 26296 1309 55480 3462 5245 28692 45260 52802 55654 49577 61192 
2163 16
9296 47143 37407 10990 2071 18142 33958 4050 45578 3814 22987 29440 29988 49387 36177 49170 
6775 16
3631 13178 50776 36887 13965 41096 33918 3498 5426 38880 44655 3481 2739 59658 19464 583 
6774 14
46411 1075 49123 44741 29336 41952 20844 42867 15593 5033 27849 55943 59468 6016 
6773 8
13570 22117 2200 17138 36399 37269 23581 33831 
6772 9
13142 14339 21496 6191 28031 7917 30924 30168 46643 
6771 12
53802 28415 7431 43242 53312 28605 60289 54945 1859 16523 23463 14955 
6770 8
47269 34877 35768 54750 32749 53591 45575 51463 
6769 9
21195 4737 60752 28283 29284 15091 43803 22544 1080 
6768 10
36345 60340 13265 1379 30684 25938 6099 36737 60102 40271 
6767 8
59075 28375 23127 42450 52141 48741 52080 60596 
6766 5
279 5813 12809 58491 21933 
6765 6
57231 46954 36167 56324 23544 61106 
6764 7
9729 45514 32689 3212 14243 22337 2297 
6763 6
37378 21167 26674 35669 20527 44930 
6762 5
48519 3178 17300 19222 2660 
6761 2
36625 23443 
6760 6
44225 38242 44206 3518 29013 15755 
6759 5
37409 37663 15510 57272 12119 
6758 4
27523 25849 31515 20480 
6757 6
10967 22336 41723 44553 25979 55772 
6756 2
13937 55873 
6755 5
59242 51568 36144 9826 21210 
6754 4
30386 19067 32478 12995 
6753 3
57256 33194 49832 
6752 4
31039 42620 41733 30159 
6751 4
51700 55389 48481 39597 
6750 3
37284 4822 57906 
6749 2
11071 38489 
6748 4
33473 30317 12169 51414 
6747 2
20583 42041 
6746 4
42561 50375 25067 52285 
6745 1
39219 
6744 3
42081 27421 39715 
6743 1
6140 
6742 1
53056 
6741 4
2880 51924 32450 40855 
6740 2
35935 58486 
6739 2
25250 15875 
6738 1
21436 
6737 3
36541 45368 36989 
6736 1
5928 
6734 1
11656 
6733 1
26082 
6730 1
45090 
6729 1
36779 
6728 1
7532 
6723 1
21850 
6721 1
43992 
6716 1
55017 
6714 1
41954 
6710 1
30128 
6704 1
25915 
6698 1
44459 
6694 1
16391 
6688 1
55823 
