56
981 13
99176 72381 26500 71716 30778 85156 5007 24285 85661 60836 47567 29232 50026 
1315 13
93357 79896 70640 80540 78484 97449 79777 61677 96350 74942 60291 823 64774 
350 13
98954 89512 67613 66388 37950 56330 94107 59392 91300 25492 56588 71363 66105 
2629 12
58871 88390 50353 79615 5155 61502 84496 52425 93911 70643 83390 8217 
6292 12
42089 55177 99712 33751 5885 46036 21044 74136 16383 32604 70237 90395 
3041 13
60659 296 50696 17884 88455 84328 74409 43695 42959 63474 50684 42421 61570 
10969 11
20778 85341 48684 10286 29226 19412 88648 36001 62665 83310 38261 
5251 12
12014 36793 54661 17007 99211 32695 7252 98623 28903 21628 96703 36224 
2012 12
95172 64416 21744 39173 15248 23417 57253 45197 61181 86833 52076 60884 
8732 10
91653 17038 83704 10202 84138 44074 22705 92168 22041 61459 
5143 11
84822 81604 60417 2629 75114 92938 21111 98923 1590 35986 22291 
2063 11
91573 28715 10382 58815 77465 78947 11189 32995 67806 68841 59738 
4187 12
19385 85893 94774 17300 46760 9652 90044 75835 59536 57926 28587 44957 
824 12
91121 73293 43238 64378 14160 87972 26608 97100 42225 75497 54772 81151 
3166 10
2436 95126 7243 81895 84633 83197 55638 57959 12062 44160 
4495 12
8656 77046 5138 32895 48271 29487 28580 25959 54959 27873 59444 57571 
4197 12
66549 21627 18001 86586 54902 19063 31308 45213 17171 91191 56182 62674 
4990 11
70027 39967 58637 75867 52208 64514 67593 77241 73975 57608 20441 
11229 8
13463 10026 90664 60977 26167 21076 42364 85541 
5650 8
17659 18936 99099 28464 2704 64692 58753 37915 
144 7
55369 13374 77896 2174 46560 88078 91557 
4140 6
14038 13065 33844 34821 68351 53353 
4126 7
75572 64501 16262 96711 71598 39667 68199 
3488 9
72499 83503 80440 32464 61529 84196 94571 8075 40008 
1987 7
11631 6736 85018 25755 37293 53083 34325 
1662 6
46744 61605 11520 44631 66317 21203 
6854 7
28868 2531 40688 61880 90216 6835 719 
8323 4
45674 69178 22072 24206 
2812 6
85817 80337 28725 28913 29203 15834 
1778 4
64455 17310 69683 24111 
547 5
63590 57157 8389 60457 11086 
11103 4
34369 52706 20234 73869 
10474 4
65266 71943 89452 51624 
11285 1
99999 
11284 1
77085 
11283 2
51826 81607 
11282 4
53050 9854 19673 65570 
11281 3
97012 65816 44327 
11277 2
33932 84173 
11274 1
35024 
11272 1
90563 
11271 1
48525 
11270 1
25553 
11269 1
61588 
11266 1
41634 
11265 1
67005 
11262 1
86970 
11257 1
16177 
11255 1
26795 
11251 1
506 
11248 1
20905 
11247 2
15410 79117 
11238 1
58535 
11235 1
76237 
11199 1
73169 
11187 1
96525 
