325
503 173
15390 18232 62544 42538 93733 60933 70040 89655 54417 99354 92040 83198 13692 92795 38572 50404 6521 12824 4230 5897 16703 36288 88411 79952 26054 40961 35362 6794 37902 60993 15293 11514 24797 87213 67802 58646 90351 9503 37822 10849 75364 8098 5020 12006 54215 47947 43538 2889 92057 10480 75006 90576 61352 3477 45600 97168 97788 9533 89616 70875 12835 16694 85269 46574 527 91828 89920 57739 28207 9169 22796 63657 32987 29153 39618 54804 42272 24419 65015 88569 94078 5071 44294 81132 30293 3810 33069 33402 60026 61576 9349 5003 47242 12701 1766 37365 7946 44078 53613 96186 29004 72001 16716 97942 33924 66527 96919 58513 72335 75628 68775 78492 27946 70262 20111 40631 8468 10708 99892 20808 95785 72529 94044 68901 44482 44533 90212 58837 33758 84367 36874 39687 90431 34871 14615 27070 36552 81041 43968 18340 73127 83367 82271 5785 61540 6051 94930 65421 51477 54462 3846 50858 79811 92556 38441 10452 48057 40752 98813 33162 61632 12979 98170 99640 3080 80951 58289 48976 1123 81912 86974 85698 41311 
627 26
47641 66677 95166 57745 69005 24599 7127 66027 38607 13560 52012 45726 32012 70514 37447 64016 92710 61741 13025 7231 25397 36454 14269 12900 91213 82555 
5695 25
60919 85398 45422 77913 7134 84797 70683 37543 14353 78187 11296 92951 3379 55997 56255 27743 38483 11277 33313 24818 26280 90045 68052 59813 95886 
708 26
38825 13878 94540 33549 42346 79986 26292 44096 17560 85522 25157 35274 14384 38130 68430 87871 52604 46212 90693 70622 1019 89112 73894 17482 34933 42048 
2166 25
29149 76337 62069 40683 68270 14656 31677 69338 37788 42894 22001 17448 20911 13092 44104 99870 13033 5554 8267 83728 88860 58510 66072 28416 61327 
5467 25
57595 65750 18244 29145 31222 91491 97105 6289 80084 41123 22565 87367 62346 94685 80228 94362 95055 47492 20314 95674 18223 22631 52963 48963 76313 
1532 25
94148 85455 12578 68424 92946 21185 19465 32342 21712 56452 39628 40051 14447 44582 19047 51585 51682 84091 56475 265 54263 70709 276 38989 51240 
3061 25
82088 55301 16242 7207 61675 17703 19522 84772 35614 88740 44994 35295 96863 28247 91626 37923 57515 90093 23725 76224 1053 56026 46038 13341 52765 
133 26
41112 34865 99571 12194 64921 23506 22062 65216 54482 10812 33755 29865 87416 47089 698 12779 3155 63720 61181 56930 95962 67562 13331 50920 91740 68250 
1055 25
21650 14750 84650 33930 97173 46555 69150 56083 13612 62060 24084 29934 94363 45169 13121 34608 93425 38185 28034 16815 88301 41419 38563 29771 31041 
2691 25
78110 72683 86253 72887 9040 40600 30415 355 4767 94278 16062 92863 83597 63722 79806 2912 12288 90958 77300 92117 34889 4438 55920 95532 84964 
3532 25
37722 69437 87590 80698 85173 14643 33316 3277 94206 45315 45105 69729 55177 89952 20773 96939 36204 7419 62999 72193 48838 29624 72662 96040 78536 
5302 25
43316 87675 26546 36749 45849 7786 64927 78854 78594 89752 97506 81978 4249 66980 78924 78926 83273 61374 18335 77471 90880 65824 78921 3013 10092 
235 26
87615 5191 75244 14971 49251 66273 68178 56600 31225 17667 75882 48937 59038 88687 36554 28031 81977 48292 9082 41469 12923 35832 14175 42116 59708 2825 
1779 25
2909 2043 72303 88087 14686 98678 21728 32674 73507 71084 72374 25201 22649 90640 59775 42352 73192 82337 57447 52048 95143 67117 2953 59356 65252 
3924 25
94973 8226 6493 13650 8276 79486 92177 9238 76879 10057 22515 51571 48694 69684 92612 81233 94900 60013 7480 10245 26725 62360 99693 95268 84408 
1577 25
48938 91697 52517 16143 49348 32773 35468 34103 59198 32637 53499 43931 16624 87473 92684 88386 31061 27339 36298 25047 92562 32522 86801 96992 5618 
3186 25
8115 29069 33915 4437 1940 90106 65315 30266 97083 36671 5152 90914 42607 4501 17262 44457 30557 71801 90195 51044 3893 89029 76742 52943 85247 
763 25
21589 55134 37294 54800 40587 73940 61601 6875 24052 32325 79064 4106 33663 60635 89816 93347 40707 90390 34320 10611 21578 26537 36208 25642 53693 
717 26
92526 56808 54073 50951 58945 90748 1446 95735 84293 87792 70792 90350 13956 36710 19106 86621 31657 20226 29139 50445 81324 81824 99158 17336 68897 29898 
1612 25
83072 41600 28534 99129 42019 27854 49084 89901 13354 23374 60268 89883 56030 23281 93758 20484 92492 7067 45405 38302 89165 40472 15046 71795 25389 
1658 25
40077 33012 38958 5121 43268 37904 12867 59542 38027 63391 17412 75013 63815 99850 62352 31932 11729 49297 36477 84595 36781 18472 45601 79268 23530 
3134 25
5901 91125 95426 87721 65397 24662 50038 53317 14369 19659 41526 18288 86571 90371 92010 19931 33076 24405 38251 93976 3338 52229 26866 56223 6749 
5297 25
97525 39094 8871 98572 29723 14427 63566 57283 61286 91662 16732 6392 73758 88919 71992 1138 93759 16386 3775 7113 48417 985 13126 17021 64917 
4853 25
35591 27035 95322 60851 8775 78688 490 83618 41696 4971 63195 4804 1248 43991 72688 34716 54511 74280 92193 97560 70527 16205 21894 14323 9759 
2490 25
42921 94804 55482 77880 24786 81931 74627 51938 44065 88894 8515 14150 13493 38860 31863 89578 30544 46582 64478 88861 96944 25855 18393 67382 40227 
2796 25
88522 91999 14726 49903 14024 90615 68314 55375 95801 5992 81693 19615 54127 25056 87362 9780 8423 34582 77211 67748 39326 87709 67327 48498 96503 
5668 25
96063 60706 26320 30347 66953 4323 79740 15186 58334 28604 67608 2523 59241 52322 85268 71154 42197 96604 19033 44197 28676 40355 55926 83446 63998 
2220 25
48725 48277 81864 11404 64667 26711 6738 63238 27730 8989 12262 52485 93359 8117 62489 59280 77334 43918 12299 15949 11528 2368 47827 14267 10513 
915 25
95663 75866 74385 40300 43870 5367 93479 59601 88928 22044 86035 32077 82027 17430 81839 49693 30006 55587 12414 77001 10588 79205 13987 13246 50969 
5357 25
15394 19726 25501 46424 74 80603 47759 79228 34397 29321 41238 72358 35296 98648 6035 65304 79684 70630 92401 53346 58064 70790 5752 13222 67225 
2007 25
19960 75532 80315 42476 33976 87755 82897 95238 18392 11654 50917 31914 36859 58208 72142 22568 2467 26788 92603 95861 59531 59164 31162 82430 37993 
4169 25
15732 46734 16954 28081 88866 58404 37301 61176 25767 23054 75188 64923 51784 13896 9725 64934 252 15818 80933 96443 99037 62207 60178 21608 25618 
3547 25
51746 66846 72388 11525 33599 49894 12631 52 37864 48059 7414 46957 37564 30606 89966 42400 66919 65258 64154 19856 28102 63118 80670 24063 63190 
2338 25
55977 19604 30390 24820 97636 54605 29357 67231 76620 63533 53607 58718 65839 59108 35518 27942 5799 68341 70480 7727 37109 66813 85111 12346 63092 
2275 25
54118 80862 72588 19398 82775 84134 59702 1807 12580 64354 58254 77006 59882 40471 47420 9955 55990 16663 94342 6088 42442 47383 21153 3133 4139 
4261 25
96363 35773 37617 76757 15187 85128 69 31989 50769 32813 76039 44275 68217 23505 5024 72479 27124 91260 89158 20483 34490 51366 272 36972 48436 
4443 25
12257 14585 58985 49818 18302 14173 37655 33132 23921 33431 70988 68730 77352 68749 14123 31642 48348 95826 653 85625 46045 50770 28792 67076 75219 
4897 25
62758 67266 33842 66392 81936 16691 31314 49644 2051 48606 75459 65467 69326 2033 94110 82756 66022 28184 3573 26735 42172 97713 49870 32728 7546 
913 25
69422 5940 29041 85245 10565 57344 89959 92156 72844 87661 31289 76705 84406 8322 85447 18261 75844 28462 50000 31700 45372 99876 77507 1961 35496 
1009 25
12889 66768 74598 34353 5843 66236 87124 85051 39908 60625 29550 15582 45197 82032 71840 11920 24785 69298 75888 3072 81747 37750 4174 9710 17749 
952 25
44891 94451 85943 96032 87110 91749 12264 7707 49802 70264 25992 18228 33581 36462 86894 8986 99061 97709 94772 32755 14072 5859 93343 93219 4372 
2329 25
29623 80884 62788 71769 49895 8522 19205 91995 39275 97495 2202 24840 25934 12700 99315 84451 92644 88026 15663 73941 88124 97138 76437 51438 39784 
2797 25
70290 62427 60449 28640 51 9133 67900 89086 56894 31688 57874 66532 4655 61623 51507 42867 84940 71660 50279 71863 26126 96713 14561 38208 73207 
203 26
47902 84500 57183 65366 70447 44095 95325 22150 77719 65037 80418 57608 27930 55071 71152 13364 87629 24791 36178 39242 45498 22182 16758 98309 73659 44374 
116 26
37881 53345 31419 69610 50749 59132 86676 5703 37954 92608 93933 89003 46693 17087 90855 94373 86604 98358 48818 4966 74597 70291 23115 95104 95989 70853 
218 26
99668 80957 42196 53715 69447 70893 60653 40907 27757 91169 56760 51952 67514 3731 50403 52676 11452 58381 46151 7932 79905 25432 20806 90401 87642 1835 
4917 25
95729 3026 84014 8211 15072 13907 4523 2942 88006 34021 36608 25703 28219 33632 83609 46663 40996 67633 9345 88081 38224 9267 95802 87243 66877 
2937 25
53495 46433 81744 72081 68635 13476 84836 7628 29339 18218 97797 88745 24139 99519 13714 40495 18453 43034 67609 60614 11619 29242 18871 70592 15712 
5643 25
25739 31839 24195 56947 29439 79485 17672 57050 24569 20586 74517 51709 91063 59569 30176 48583 32190 88921 40989 28619 93519 69429 15433 49396 61575 
620 26
58701 10314 84919 71425 73600 98843 70698 65459 11881 85317 22535 79904 6098 31226 53239 76384 46803 38655 44403 11924 46715 54586 74238 87433 58197 66627 
773 26
86121 47924 39345 35986 52454 42934 31526 34461 25505 43325 44465 79979 44876 4486 82494 81574 69941 59302 2579 21565 40711 81877 19776 83396 9530 70549 
3813 25
45040 71868 25842 84768 94227 20086 56340 2661 23112 50673 28726 23723 73274 72872 64310 5259 61920 15176 21858 58126 9720 30231 63211 75752 71858 
4485 25
61721 14864 98950 2550 2330 32369 94001 7160 91200 95852 52238 75039 51907 26182 89879 5797 20933 82427 37889 78950 16584 82898 11923 44150 76354 
1426 25
12149 10788 6895 77848 2001 56566 83402 74266 30252 11604 97500 93059 83205 7672 50136 21765 32766 72020 68843 4312 7866 90998 99110 80800 63863 
4173 25
88056 64201 52339 15903 20657 38443 60397 84398 61173 24603 47285 14120 68636 6154 74881 3601 82034 60834 75517 5853 27560 63985 89770 80018 38320 
1062 25
59434 32662 62960 63309 11145 59323 49112 32209 3612 98073 83614 70981 73583 27175 53818 99249 94294 39260 79048 97142 6365 4179 30064 25962 5339 
4038 25
57920 5237 33075 12852 32828 68859 49490 79982 99831 23588 53128 87803 68168 82172 5582 11626 23189 86470 46631 42206 72563 32108 29408 10522 10735 
5617 25
39125 65181 49196 11082 47406 50618 63912 47336 17387 68403 21414 34232 76084 44855 65126 71440 60415 85416 19628 21023 21229 72901 49164 82108 16930 
4287 24
31133 219 65994 78477 83183 85680 97099 50026 81845 8727 79161 52700 74273 80774 49810 62884 96112 89576 24458 72801 88541 52650 16905 2831 
3484 25
64137 9492 12157 94878 58051 31634 34808 77333 35421 22416 59432 53902 96048 88218 93078 92050 33186 85665 83020 63103 14036 54633 83251 25347 61190 
4105 25
715 61379 49976 13724 40645 51004 45410 85249 82216 41894 38009 46742 88443 84863 9010 10995 80407 18839 24516 14288 56775 10799 45207 56360 63760 
2192 25
37875 43817 50104 9961 99919 90814 32661 55093 92917 68325 72982 22681 4344 84229 16173 23699 95936 52085 35198 81431 6697 12848 13561 67099 14234 
2947 25
46473 11007 42560 8307 98922 51619 49445 44750 68100 34134 24498 95679 57568 93532 67638 54734 60559 44266 1086 73511 11941 48626 53027 55332 36438 
1887 24
34251 43992 73166 51755 82087 40044 66871 77004 20825 91186 24145 62164 30782 3558 68553 65689 42617 28795 40247 52513 29328 85770 54286 22743 
2736 25
38532 36387 95403 82871 8665 59455 35964 39205 58971 96892 24468 35494 49995 3605 29531 23623 75930 19219 99455 16701 18106 53954 12398 50333 38627 
386 26
22797 66376 32703 18857 76704 32903 98353 18605 25049 37178 39723 33780 44145 49558 11096 56837 4871 39423 48403 88281 68443 8325 96702 71578 92483 67784 
2493 25
40941 48396 16156 95791 76864 11781 47828 72498 29234 47105 20284 21267 65928 19891 48414 74658 1718 35681 47983 51360 8122 34155 65573 52563 29183 
4224 25
86010 12610 17666 92632 67826 39928 58954 28829 65012 4518 83528 55330 32014 66289 61397 98360 67256 16183 92226 14823 34576 98325 23079 21227 72455 
667 26
91295 41077 29020 18899 86679 74064 43214 9006 24081 41848 42125 78342 76179 58392 59411 38089 99052 46926 58194 70359 46376 4928 55759 74389 73770 97162 
1910 25
60986 85528 6548 73070 62778 5879 35601 28653 46185 4792 36531 65307 61593 13933 84908 63109 92006 13504 88382 66655 59089 85031 98921 31659 60392 
5125 25
8124 94094 8856 73130 39955 49769 85287 69058 15193 60729 72248 79336 77400 59495 11133 94621 1936 22291 67615 87626 55145 88636 59805 57082 51088 
5034 25
85507 59116 37576 93975 38233 41026 51442 89204 48309 35980 38545 83793 49107 16788 75899 22026 42535 16664 23702 70131 45166 72403 33965 29735 40506 
1095 25
42200 84133 2044 52941 72377 56665 97666 3603 95693 71266 79246 42480 34435 41340 14751 17731 51310 74589 88887 25498 74812 13633 90208 211 65852 
1509 25
3876 54536 37062 9470 66837 63636 99602 14525 94740 97926 16508 55965 89693 2309 84788 3561 92683 80732 87971 90953 64577 75141 68212 25534 77093 
5563 25
88830 32572 80174 37495 13016 25527 23809 43270 56795 56639 48477 48056 95126 94015 25782 35943 56567 50173 89023 15392 37463 92530 94557 92264 35371 
5632 25
32477 43949 58313 15402 60387 8213 46221 73461 7674 3457 20328 68417 15310 43684 32883 45733 51027 30727 35542 26548 55573 26940 48619 39146 37521 
3459 25
18146 6427 48473 19973 94766 73629 19968 31564 34558 78729 19794 87267 68692 59439 20815 34743 81147 63257 36394 67044 67993 44748 80708 26561 71684 
685 26
49023 9154 82078 20135 6157 31117 15838 57900 54207 61244 99585 72531 55686 26157 70461 95329 48453 25043 83320 76943 33218 32869 6416 21393 58477 2109 
1187 24
2998 16771 22674 88137 30896 50687 41514 62555 84488 49917 44190 63746 18040 48714 52345 18692 14262 70541 73599 59918 68744 66613 5696 76198 
4248 24
95489 97271 30151 1829 49361 51548 7706 69452 48612 1663 61666 40136 15698 6252 57016 70618 96994 53395 22950 41559 59389 85491 67091 92121 
295 26
69876 52089 39268 39211 29105 85145 78977 86011 96420 56949 943 13696 21101 93426 30065 72682 90977 31803 51717 50240 70289 12141 22073 8638 74656 42697 
3127 25
96409 96974 62689 42164 38099 49089 41105 5620 88159 34961 94215 16557 32655 89998 16162 29122 7612 32022 47118 19885 80499 91945 58076 40962 2029 
128 26
30638 6077 69045 62687 63838 32201 10354 9934 81268 64681 11533 19078 15367 85623 31665 98832 51110 29383 52005 99541 59406 84957 52330 64455 67319 50966 
2502 25
8617 22935 72609 40264 79782 10561 76574 33068 74120 76234 29786 44069 43302 34764 99155 89597 39706 79323 73876 40626 5682 56722 93951 74650 58957 
5320 25
73768 20497 24673 45555 46566 40749 82201 14661 36032 43658 60974 94552 8921 96390 19272 19190 44448 62223 55027 15542 35365 99703 67115 1340 43695 
1856 25
91312 90931 46763 33261 32509 35841 81546 43187 91132 81528 13426 9326 64306 66867 1593 96961 52117 88615 56088 87190 32923 91919 93486 30780 29362 
182 25
85117 12864 62637 8487 85673 10592 31331 52373 39112 94691 41304 59817 74139 86186 79566 51099 81875 53938 83208 14965 72402 10051 9140 90879 81440 
497 26
52947 14976 76417 17421 16453 80918 83586 35072 93274 22668 24602 1013 6089 34262 43942 54445 79403 87742 29322 95086 98339 16176 62572 96247 8937 5132 
1812 25
90353 79411 80745 84730 4717 5283 50035 34275 9313 10174 12983 92568 6913 19985 65275 83412 69834 3582 22281 1650 60191 84674 10319 70967 20453 
1015 24
31969 20325 11186 96469 61483 78093 42770 99653 48384 10375 71093 31515 84626 50191 53895 41576 88144 83493 65208 10982 75894 52285 1414 24511 
734 25
65709 71417 86373 59426 62345 3199 89364 63978 45386 97486 17760 43145 84147 46089 67296 79762 28712 43364 38348 37714 29085 45261 64423 57267 64126 
4710 25
73290 35357 41722 28599 21768 98419 24126 78278 2822 27582 58132 74449 44630 15168 15120 82544 76249 22961 56758 25103 88487 51096 40207 41389 76242 
1202 25
37422 87218 56690 41916 86750 48514 69939 3460 87279 42817 78683 70594 59296 18514 68336 90578 62991 84567 37019 29198 10944 83053 83433 82845 13596 
2079 25
37028 95917 60814 24819 71760 12754 31009 55952 35184 69213 53705 33123 99566 25729 31783 54613 16468 59847 994 94034 54551 84442 31646 4939 71921 
329 26
10148 88493 10171 37414 33374 54644 405 77799 64873 33327 81599 49175 71706 82288 57683 41087 34661 80040 52697 42462 28094 10215 65827 79439 51858 313 
2324 25
98855 97060 67284 19595 28897 46306 69632 9917 63383 25097 30250 27997 44720 72986 99406 15748 13170 6484 86199 78764 13340 48375 85179 34402 95727 
706 26
55804 54147 24459 29672 86409 14804 4958 30283 20158 43599 8998 76090 27292 98610 45196 56807 92713 57599 32441 47982 64136 86592 47773 83669 74582 30539 
3071 25
23675 34404 32478 87565 5974 840 69203 3213 89179 10458 65614 42767 66651 13494 73037 47064 81878 80069 89096 4347 49826 45611 17899 84242 4290 
57 25
50569 99157 74660 51910 4992 3553 11785 49805 35940 92224 44858 80934 41013 10044 1058 62522 48004 58015 68021 12492 39806 24253 64151 95879 98269 
196 26
33992 4603 77057 99434 57201 19569 97264 33165 64931 71976 62441 94879 27659 63477 47056 49471 68142 48924 79078 446 38032 75740 91019 50804 58152 94576 
3921 25
59463 73630 19183 5730 37266 29280 45732 39769 46426 83415 78152 1394 92381 24206 55002 17769 15416 49524 91811 38189 94684 14516 10779 51799 43504 
1852 25
77916 28945 63977 21505 48897 61052 74861 1657 72210 48000 32872 83422 67237 49466 69636 38786 83750 78489 48992 25807 64067 85615 45312 65892 54788 
4493 25
79387 1780 66448 39914 72433 37563 67183 13467 48457 87266 85029 57454 44102 93991 58777 92278 72628 20796 61165 30730 15404 56747 60982 39341 98055 
5307 25
79389 92330 89568 34214 66204 46903 78780 70111 35268 94224 80279 65887 41900 62762 4668 67971 72197 79924 67261 38395 88346 13880 71510 75747 87838 
1029 25
65203 71216 56508 63054 44796 95041 5340 29346 24172 15385 31302 27610 8751 25791 54816 35545 40425 87345 59152 86188 67176 92988 46362 1183 748 
315 26
79914 77200 58072 48586 27328 65810 40406 62494 12381 804 99863 1343 38394 18629 70966 51224 15990 42356 84542 52766 77646 24198 74641 6982 22937 70759 
1796 25
78762 54351 26769 3547 52758 70318 45951 63256 8228 71393 1029 39997 22541 71928 68387 28223 44080 75845 59525 23371 47909 29284 96268 16824 87879 
1337 25
9137 95857 89907 84849 72173 64012 83846 91879 60835 38514 59969 38673 74537 31701 81349 69490 51795 64682 44079 69620 64198 26674 1606 8363 6590 
863 25
49201 56084 61319 57036 62917 37020 31367 59146 91595 98533 67301 56813 35041 7190 38632 4131 60169 15323 66059 58047 82964 10435 40417 30828 88304 
4280 25
3489 52921 58962 66047 63416 54885 38557 70985 90843 87757 47129 29288 47121 19211 98203 58951 87962 3402 4306 61047 9569 47292 1178 21722 55056 
412 24
42763 45273 14572 12798 20228 75117 78106 92503 71878 67098 75293 90666 13740 46077 64204 81152 61495 55389 16714 69514 6557 79642 93491 82309 
1858 25
42586 93179 33435 14409 75094 8121 64074 85978 82120 56812 16982 73108 15756 70434 19805 91102 44870 63756 1841 8618 76623 46412 99953 31786 85877 
1896 25
52047 70184 76722 54526 53294 40685 81964 51653 52771 28388 11929 70583 67980 1092 39636 53392 87857 6602 90171 17932 58670 84817 83210 52203 16353 
2274 25
58469 63108 92706 87160 53387 8680 34485 82375 72551 16671 30074 7868 43083 44222 28595 25314 11539 70706 38954 84286 27826 37435 8418 52516 30464 
98 24
78992 92952 36423 65302 1212 90665 41878 9527 57908 56510 55492 90702 33377 49665 4594 31778 97719 79759 44724 94390 45078 54349 29562 67006 
2873 25
81879 5911 96017 72918 68547 48160 70328 4681 77491 36772 17495 12676 85415 87506 78435 80672 6786 9292 13798 77517 19523 4752 52114 97561 58553 
3522 24
41048 1617 97505 15548 71841 27008 84427 89976 17713 14154 8555 46090 7733 10531 94829 19050 40420 54040 13282 5388 27234 38763 49372 71145 
2621 25
13221 22338 75997 31408 97999 84956 74584 47343 93990 74174 24828 10766 84312 18578 91905 50133 99558 42661 69049 95527 10256 80352 26729 86505 28193 
268 26
40298 69810 15196 56725 83265 13753 32916 4044 97765 18745 25325 83845 63731 76917 50798 13082 84944 51871 96745 5365 72305 48380 8287 9619 16628 67792 
5764 25
68151 54555 77356 57477 22173 73031 86280 24836 86861 36707 50843 140 96264 56493 83529 41142 89042 93769 28836 56312 87177 74161 39866 22857 90191 
81 26
81241 48948 93039 94750 82103 95873 75458 15882 71811 13509 20800 12447 72440 48929 1903 46283 30106 1937 73377 38578 49184 77514 607 94216 96554 55609 
701 26
98453 77732 3002 70068 74648 99772 53206 80067 16700 33233 29644 9867 36190 82666 26505 74534 31385 83794 37861 31716 62254 56742 86173 30652 49529 91991 
788 26
77466 46005 54533 80726 27022 13162 37871 73579 41705 88207 9956 31464 25620 93067 83186 24434 77359 20871 70145 75674 10306 11595 57785 76966 64257 31654 
550 25
71504 13079 46656 69324 32143 20398 43828 94195 91814 91486 87236 22310 2064 42742 18568 62944 31527 16595 62910 9061 37909 43246 72886 44116 35958 
288 26
88033 27107 13362 8649 71665 9486 60871 67948 44992 77182 81121 11807 28008 35625 56399 56329 95436 27688 65114 25457 30543 2477 85864 45381 67916 66196 
3353 25
62179 61586 45210 56259 90549 64044 59755 19580 2359 84415 37885 39265 7974 84503 94602 96038 30510 39408 20544 77445 95356 22672 38595 67299 2213 
5671 25
8357 2031 54005 67351 37987 77697 30493 6834 61976 75872 62832 16558 41370 98212 25387 42025 97067 43501 63295 19153 55325 38332 63618 91928 47596 
2321 24
91369 43091 66744 33329 89315 98321 7088 18902 2612 57813 91090 83050 61866 38498 26217 57951 62548 92411 7517 25265 88035 97090 81775 95287 
5591 25
44805 62137 37424 79054 93071 15621 68760 30970 5846 16214 68311 2235 57677 89766 37383 49010 58463 31435 4173 12712 15627 46096 22625 73542 29427 
632 25
63774 46341 2039 66418 29164 21356 88241 74843 99688 23014 88320 25944 35621 40185 61989 82622 4976 21847 92204 83784 47972 70532 74133 39168 13686 
240 26
59393 59437 79707 28497 10741 41586 67460 1252 23350 50244 35852 70801 56912 83998 9871 76602 638 20571 64591 47709 73055 24955 97647 15520 88839 96667 
5622 25
29056 44828 15893 12130 79786 50987 57446 56392 15735 98556 85804 73158 24520 28418 42030 89587 30940 43728 87574 17545 99063 40250 88126 6755 7718 
3769 25
42816 71289 18345 41064 53491 97830 72869 59937 29392 61759 40485 62377 67786 46623 46572 46018 41933 5801 67313 53956 97074 31556 41116 3247 12981 
741 26
83189 58290 63999 31304 846 46482 56615 41271 26805 65604 49729 33986 92836 93150 58430 76107 13220 66411 93930 77729 28579 53618 46709 41936 80278 84648 
445 26
76353 51599 74345 24545 18039 36970 80348 28650 66730 52899 18487 34894 49642 80668 41994 47667 63961 96402 61539 228 78351 16914 7412 17470 22495 18606 
4532 24
20485 46308 64434 69233 41092 21058 81918 51238 75360 91299 48833 92005 84221 45087 88910 3583 50313 59344 60965 72131 18881 63839 30400 41986 
5565 25
27982 22222 77912 45827 64520 31342 81542 54848 16413 75494 34515 10414 68261 19105 76725 96381 67534 53783 74968 87743 27717 51565 49795 56040 93034 
5091 25
33737 47560 29894 52810 72944 70873 60014 32154 98616 85067 28424 44038 61939 15545 52208 61080 96927 53327 18927 34363 35381 23186 82662 76221 9779 
964 25
17894 42194 49433 18044 59806 17314 68073 46630 76636 22531 56978 94520 23266 75537 66099 47072 53984 6716 84915 89644 60395 22128 23801 10184 81735 
2161 25
34054 44821 86372 47939 42145 17428 859 1122 98466 84527 7354 80781 21770 18556 69405 84149 13760 55539 7118 64448 43848 88203 96572 27216 45245 
5237 25
64522 29599 44047 4377 28393 88964 68990 32587 58593 96878 47232 58143 74315 5829 57768 53015 74237 55150 2185 74675 14272 60408 11192 83088 34484 
4147 24
26857 57853 87829 38271 11956 94343 70992 18573 82545 16227 87341 57773 90988 39998 54677 6210 31535 88110 66483 98331 90726 70102 64541 4215 
1875 24
54113 17382 81734 22844 44413 52736 40073 32912 8820 84413 20118 8950 23983 8919 78987 84203 32490 28110 11809 62175 63996 3643 4583 20792 
1084 24
81559 39701 40619 37320 71734 81536 99669 35802 53 76988 94426 9182 49835 93886 89232 28343 84722 61667 94795 67600 28956 8470 85612 62191 
5649 25
15125 59199 97601 29185 73176 690 5489 27332 45084 35411 2978 34788 48971 31737 87966 30667 71339 79003 40586 8302 84951 74476 20654 61820 35909 
306 26
80406 59275 56110 43743 60757 29172 8835 32402 64217 23749 17985 22925 96355 34509 38112 32112 97605 18219 98096 70766 54695 55383 16720 67363 61212 65617 
5587 25
14092 66213 15591 88191 93516 19118 64362 18647 49789 98328 31268 63645 41839 84174 81119 51455 95741 73020 44141 29093 98272 6257 71520 67072 91396 
4636 25
45161 83106 45262 7994 36446 35246 57098 58380 34283 31109 92752 33339 45391 87593 46490 54639 5753 82978 43455 24658 10915 56132 53576 50863 53808 
184 26
34995 92462 87417 92835 51862 51794 93713 9063 82917 13245 66328 8056 45836 97897 22822 95513 63953 81535 36251 58666 10018 88319 18513 83636 38315 81641 
5266 24
2521 16339 59173 16151 58758 64804 31186 83717 21113 16764 68421 23764 1980 38122 46922 70712 36924 99626 6591 62913 98168 63608 69994 10227 
523 26
81303 59413 59121 40584 5664 72218 42529 68842 69889 94305 64498 92637 1379 78499 28440 44474 37407 25008 68830 23976 59153 61881 78855 25421 13804 66585 
4255 25
669 9043 11233 72911 44585 97132 98557 88128 90467 41126 15622 62258 31264 6708 94512 87760 17498 45721 32667 43822 84524 45882 73465 38196 12872 
1459 24
86109 53147 20462 13414 36079 52224 12799 22303 10276 63126 65346 69559 51258 81792 17415 32011 20096 23009 76370 87436 37970 67149 11100 8663 
353 25
13520 65347 2282 9707 12522 37310 42333 97157 40268 37838 43531 20092 75791 90806 54822 44424 69252 59684 72737 4659 23191 17004 5972 4075 67049 
4973 25
37056 10397 50787 30943 85436 78283 47818 24150 58797 783 66351 10409 16724 91784 54626 30270 45560 47661 12082 3230 79784 33111 86625 76222 98069 
308 25
42513 49148 30985 101 62972 17624 2038 32948 89781 10853 24621 4371 32560 3139 25689 21083 50077 89506 4707 9905 57862 2584 66528 75679 51176 
2346 25
75240 10502 90299 98434 13293 13312 50009 45677 12622 28128 28239 19887 64599 3678 9360 4449 32483 99175 79747 17359 66168 15960 4418 51174 95440 
901 25
80102 22165 36063 478 43312 77508 158 73835 30920 10969 99386 46757 51157 79149 65954 36414 18733 15920 33999 56069 55790 42764 10999 7699 44555 
53 25
44211 87747 97397 92869 13979 61200 53831 62578 61794 76964 74789 61048 1073 87107 19755 67683 43869 70695 47044 94399 9473 36611 26617 86935 54733 
4200 24
55595 22042 57038 82538 27176 51787 88931 47633 10343 98094 52362 59227 56125 85520 12188 87105 35426 85936 56335 55460 4587 11695 67927 65621 
5105 25
5623 81822 90103 99864 42071 85613 73483 16189 70401 78994 78418 12669 81357 10743 5150 92777 41879 85410 99825 27534 38568 74772 95438 98957 51771 
5716 25
83421 25858 14245 83126 92782 10526 75103 25146 38469 60072 59637 58637 90955 38922 50976 83471 49898 46014 6478 31868 77096 70139 7212 82900 70209 
5252 25
38628 3049 9921 52260 16066 5702 18271 28531 99295 40649 53061 80024 38689 38029 30565 66903 37079 74289 9274 12840 76106 56310 42390 19336 15009 
732 26
24156 85063 45260 66881 6780 98062 37328 85874 92180 71945 65067 76410 37381 57757 58045 26208 25694 40637 94889 22372 7115 4957 31792 28896 2863 3770 
665 26
67310 74241 41091 88535 22964 23679 52270 33951 71525 67657 21919 21643 1729 91478 90456 5360 56861 38588 51544 15095 84764 97523 4125 66831 23290 78 
5700 24
15448 95465 89375 53142 75609 86171 80219 3469 28211 66514 88157 71112 61149 74177 68676 69769 33962 55565 78693 79450 22771 30934 80523 34260 
1542 25
89844 51659 49939 74974 2080 12693 22116 30021 15415 70119 59178 14279 73547 4622 80869 63989 69846 55664 467 88706 24659 92766 23445 13608 4855 
2847 25
95877 20441 39140 38190 18200 69210 31038 35533 23840 64229 1185 56682 10083 82820 71690 56347 58478 35361 23750 51324 32909 75154 36654 78776 32428 
1060 24
78940 48975 59651 95371 35523 67277 98736 60083 84060 1637 59223 18829 4759 43283 65297 59492 16513 34440 46224 26990 39652 57057 99940 82812 
510 26
41479 43057 86357 82969 54265 11599 42674 37535 29444 23819 42565 38875 45199 42680 72580 71050 83480 68206 73587 21258 68693 9983 5133 93354 96223 21931 
4418 25
20603 5447 60136 85624 93692 69212 17440 34007 12585 21359 39978 62290 47790 20393 79080 20025 22140 7745 96813 14215 62423 80450 91539 56390 6584 
5760 25
66814 99451 87001 46141 76358 54655 18770 82500 2925 74890 71746 9950 60098 63651 84827 8015 51390 86120 55457 50014 81742 53329 41654 63887 62355 
639 25
4524 27115 84141 65976 64674 90306 55652 46816 8442 41757 443 10654 12371 89304 30558 75414 70559 29294 99742 18533 34692 60469 28737 6492 32056 
5393 24
65934 84067 84341 41617 56608 9715 20583 51968 98674 31590 65420 39318 49191 34876 6765 74845 37695 27405 94556 25067 37534 18778 98962 71758 
4867 24
42556 42796 24934 27075 58257 41996 17947 33963 57139 52267 39255 12745 44640 17625 13324 17122 56341 12118 60263 77278 67909 64610 839 44772 
2156 24
24776 25691 42477 94176 11538 61536 40315 26641 76603 24404 73559 94970 9007 54920 8266 18699 2585 18738 98049 84016 79685 14578 82405 7686 
699 26
70906 77580 8610 71490 3857 60313 22582 51120 30188 61970 21441 41509 89808 93229 94322 83990 57887 50312 32914 77081 82206 85062 99995 9314 77222 87129 
351 26
58913 13254 87982 82590 29913 25848 71074 8093 75661 20591 6251 77765 87392 44397 59807 4732 31928 93079 2193 21383 12788 67258 69690 34024 1439 79453 
5205 24
49750 45581 80706 72601 33657 1264 88909 3024 13379 29732 18898 49574 5848 87366 82160 15130 31758 53694 28632 62141 6572 75938 13792 33266 
425 26
90887 42645 59308 54262 45164 57637 12191 27242 2272 37627 97787 24161 83007 17484 78158 39207 7709 98347 34965 52556 33970 97543 12490 32574 20248 51445 
3381 25
26070 65042 52488 48634 12125 78070 55373 67924 57950 31326 27970 88305 59676 74168 82851 44171 40392 32795 3841 16116 35155 67253 51465 72216 5835 
4644 25
87087 92234 58085 80371 97457 14050 91774 13120 61205 97353 79628 37264 79102 64553 27489 76497 39766 64788 66607 25518 53097 67932 34198 62356 12407 
3658 25
57259 40017 10495 51614 57156 57492 65110 10553 67014 58101 476 17393 17705 94720 60573 38932 44224 23114 6626 70256 73370 85499 37032 47076 92555 
977 25
32439 11513 57370 37884 2845 11710 11127 27479 82773 63333 5070 50206 26958 10464 76979 2504 63146 52150 81258 18174 23423 5791 97265 45645 53338 
3393 25
9866 75362 57717 14640 7085 22519 1570 64899 30580 2923 4630 92689 67170 7588 56087 18380 5420 60936 67711 86557 59894 35506 12070 16070 52816 
4656 25
40755 86028 301 93166 57484 29706 92627 91375 18773 87099 19863 43322 12234 5766 34721 34826 31899 82605 83250 77761 10756 3747 38817 4970 54875 
4031 25
62339 13720 95237 78088 57923 41491 77999 33042 80791 78920 71022 64241 28053 12591 26757 68728 26510 25712 49620 5617 2916 34472 48713 6076 58402 
4888 25
28051 11152 12214 64256 12729 89359 95836 2169 10789 27953 35139 78144 87657 42679 48031 47640 46265 87736 64269 66926 28429 34875 91334 53644 64426 
273 26
36702 43746 33553 93843 74104 32063 76082 67406 49153 12017 42793 16615 51476 73825 81644 42133 88257 24894 42131 6825 57074 16603 64043 53413 39190 90888 
3958 24
61748 29983 95162 18538 86350 12047 77344 43582 64367 71276 30806 98716 40817 57327 62732 95549 5899 12321 2580 74899 76595 17570 63587 18194 
4966 25
19941 62437 27580 91155 16168 6627 84541 60257 50881 99814 20698 41000 11831 10378 12918 37740 37962 81572 36388 10600 30237 49313 11593 32016 23125 
5126 25
74373 92162 33037 92424 14768 13843 96336 11472 32364 85773 74538 37319 30247 71378 16693 60969 93267 26430 44169 67398 24978 92948 48340 10247 11869 
429 25
15574 97631 22075 77949 35001 4648 12281 15817 66586 56798 32699 6571 50857 46331 31754 14826 40289 86018 63580 36459 88995 572 62683 20466 45870 
4683 24
32536 96095 42035 2448 56270 11562 63369 66413 21604 77704 38903 784 27671 29968 28554 31283 33643 91287 42635 50421 31178 92161 23525 47715 
3838 25
99878 44623 52348 1196 87973 76316 69829 90658 47147 97723 29073 98904 92074 699 49212 36257 60363 14493 37088 91068 65999 24002 90237 8490 48475 
678 25
11109 3476 75561 22946 18482 60509 36911 53335 52511 1275 25679 42937 50008 62477 55291 87138 79976 82711 20409 12878 23492 31010 37312 92120 16105 
4152 24
74683 33592 62059 98252 88790 89200 40326 77017 13002 87005 79826 8065 21579 72863 27196 55570 58739 88143 89910 93555 59117 47774 36400 33152 
2826 24
41911 75931 14841 34908 31865 10984 38102 95051 29511 74199 87779 59595 52969 56453 53985 59354 14362 27037 66755 78646 77536 88401 36167 96533 
309 26
81648 99213 54082 83912 11427 11858 89600 28968 60290 71422 20856 58260 3611 2379 65294 91527 21908 6856 31959 76443 97419 24746 95180 30002 9945 8395 
3204 25
87187 90355 78882 14321 16303 25568 12903 97189 78016 45795 11125 42107 26315 27903 4400 89114 11237 50387 92600 69775 5588 20392 40691 8632 3579 
5450 25
78565 14920 54225 36383 76232 89436 15053 47502 4231 29987 22345 74970 67575 96081 17674 51256 88046 22948 92925 95870 48717 44499 2741 34720 95183 
693 25
27771 31400 86366 67848 27721 9268 99353 75372 8803 9317 99677 86020 95690 96044 9982 99951 13829 63851 55788 59027 13463 43198 28600 89802 47447 
401 25
44553 63957 6401 68821 16872 8581 43610 38105 30265 91100 7607 32241 73999 390 14049 38281 8192 80881 11728 64606 59284 39825 6255 46007 64220 
5066 25
92256 65596 12885 56371 12375 9892 45354 73308 79766 84379 88348 81246 92391 48356 1682 45594 76188 3056 1803 11043 3143 33933 76701 19495 91635 
4696 25
5739 11341 5858 22197 16263 49304 59974 38385 81662 90676 84036 6736 79432 35183 61902 83372 46636 79409 754 31966 22981 95599 75221 2806 14341 
5023 25
30129 90689 97248 30917 22386 58455 45360 31093 59118 38805 57584 54409 78917 69313 12846 25491 78670 26812 65153 76517 60841 96870 83268 90892 6464 
3013 24
88572 53437 30113 20305 30071 29052 20923 29545 25175 70908 72966 39807 40046 98862 84670 82477 56694 63034 5270 46248 28159 72244 885 27114 
4026 25
24706 79165 6849 96643 81534 14601 78059 37121 11825 70032 71358 91407 4202 90824 25428 34334 17455 91944 15986 44228 60065 70690 1482 720 69124 
2025 24
36967 58888 74053 33611 37657 34380 93087 44166 10209 48614 5888 11140 8005 94550 78188 7997 39228 822 56956 33639 62989 46359 99077 27396 
3305 25
67557 98088 96796 14052 75173 7457 83119 86022 5723 7294 18921 78005 7655 55528 21495 34145 70137 28610 74769 57106 58415 8898 98571 13289 93391 
5260 25
18971 70163 72265 81178 86876 44732 37570 80897 5547 36072 35549 97739 36248 96292 80911 45414 13401 75273 25280 37977 19121 24570 74980 47143 59211 
160 25
66343 35050 84867 54347 40613 63853 44757 17 29206 15833 41103 7377 50392 90581 91409 49048 83346 22540 60576 14559 48450 34818 51017 32931 35081 
565 26
68826 79900 54034 82988 39521 73650 71434 55161 95317 33323 751 21896 33848 59606 8697 76924 87959 6426 41313 66007 58914 35798 90496 95974 74760 52944 
1407 24
12692 81905 14696 74626 73751 42639 83983 19505 95381 43976 731 25430 84182 79230 39441 7238 36342 16043 23869 81740 57922 15348 88974 72311 
4270 25
86788 87493 89824 73210 16572 42328 89861 80678 63491 18796 86661 28515 62713 50701 17160 90325 27928 90385 69419 93609 30328 67142 16257 12506 15342 
4799 25
21247 22788 53867 31194 60335 29155 68506 31245 7751 52979 68646 60931 39095 17308 26271 60194 18155 20016 46117 1146 48295 84385 92190 71851 47936 
1640 25
8763 9042 54622 80273 90901 54974 32355 77048 34700 6236 85822 42820 55744 41088 5605 26520 40818 28041 58056 7933 15386 72249 34811 3752 96230 
341 26
21723 27587 22282 96500 24050 9547 71297 60844 40143 53209 17907 24663 35308 61992 50540 77727 19921 59405 41228 38026 94491 61993 15272 70185 50628 89350 
1530 24
21501 91352 65234 82798 78117 29108 14472 92740 76770 2830 14218 83937 93157 32365 76108 59831 93488 43177 50812 69223 22085 51232 79055 24965 
2054 24
21001 11239 85569 29739 2019 68943 17315 39848 10739 42978 74583 39721 16748 26700 84550 53485 71537 19754 98923 37391 72695 32274 44334 24221 
1073 25
50164 8656 42703 67217 60377 76185 40490 50001 25089 48399 43398 13460 5793 84501 1531 50261 87828 28828 30294 86401 62152 24924 27519 10011 85297 
2620 25
23298 42551 96480 60088 5842 67990 1336 9718 33064 53659 72505 8613 49009 88702 55901 67010 65497 48631 43193 80568 76191 66220 7383 57899 39394 
1777 25
87907 34085 14607 78871 37746 24914 5413 68128 91868 15110 25606 57789 29008 76945 94391 81710 47553 99280 32268 49266 65145 68691 91002 56904 69755 
1911 24
31083 94821 4333 48622 5278 16924 83626 28862 55813 83159 51732 98307 137 2435 21177 30687 94122 45277 44598 28301 53639 75303 61162 44514 
5404 24
46661 18702 63573 49382 10243 54252 42365 53765 74447 38857 41486 448 64433 61744 65727 21308 85611 23841 61633 68034 38056 44479 57478 39864 
3042 25
94746 82995 91393 98613 54896 51663 45066 33326 41108 77413 32204 90859 73495 78452 25998 70263 97034 50732 73752 96988 22249 8291 76239 58829 57250 
1603 25
54806 99287 17823 90395 69715 6740 15495 37087 12344 72204 62692 67417 15403 28855 3393 50680 99170 67371 47099 18111 93884 48264 59243 53380 47401 
4165 25
49249 43586 90366 23711 23144 70481 39034 87518 57665 83918 3839 35971 18615 12517 2096 7810 37847 40499 40780 66076 32322 67228 22010 91719 64170 
139 25
62380 28745 61888 45982 51597 60094 243 84577 31156 84855 19671 15883 53352 17037 53500 52295 41483 22678 23892 88923 67732 75133 9414 79203 85541 
2676 23
71206 55549 45309 91664 57233 18965 61624 41325 40210 82710 41808 83797 31620 21684 13858 78829 56442 93151 8329 69145 13637 2215 47978 
5177 25
98858 41163 13622 12087 40338 9774 67805 30537 24281 36675 72191 20225 46024 40273 19557 40735 86408 49037 935 43371 17700 5082 78733 13450 68281 
1752 25
48815 69525 78922 29110 18057 93881 98947 51990 60753 56927 64380 13788 51018 99949 84505 28185 86844 53446 79597 46570 47314 98847 641 71789 33753 
4466 24
99959 59139 57333 70924 83067 24907 87620 87785 81423 85707 3257 26743 16026 4573 67769 28466 63244 7091 82158 54305 20910 22157 33005 78914 
1913 25
2075 11708 57399 54877 92725 84643 58444 57696 27400 63664 75338 6711 56140 79267 27369 18787 46375 59772 91952 99998 13333 47566 66507 93974 71148 
5771 24
13038 81157 64704 20635 63124 28297 5250 17217 35685 56134 73604 80632 72950 93770 65728 15786 99794 3044 18468 54350 69732 24871 49508 32682 
5489 24
35559 54149 23558 4833 36637 62182 31970 28280 91833 93962 57087 16115 3510 54743 69598 9965 25671 36751 4769 11282 90315 28547 42564 20397 
4899 25
7509 75269 85762 39894 24243 30063 59789 94431 1028 66978 12244 25212 41958 59869 97791 13047 22211 96349 40362 35566 71225 84167 98935 19728 53410 
2076 24
70714 20760 48370 11660 55102 51404 99305 77141 95339 4405 43897 44184 86434 36456 42481 82753 72591 28170 21193 49498 71193 12594 75764 54352 
7 26
45037 11396 88303 27553 13852 51802 53878 15934 71486 96229 44759 72935 67610 29207 40696 79466 34335 33148 77815 605 22917 67124 74961 1085 14144 72832 
4488 24
66157 71178 75182 28455 308 50705 78748 50116 96086 43196 85616 66177 4824 31251 19494 91618 13442 25486 97933 62515 16360 91962 24153 49866 
1360 25
53848 43950 56844 49842 37957 78793 80886 5450 78281 79044 33197 71874 48590 53075 45811 93825 596 69406 69968 90956 75968 23500 30454 50492 93686 
765 26
49630 89897 14858 89312 18752 30624 42722 48706 63821 76661 21104 45470 81144 35174 69906 36344 47602 16333 10300 4 20514 12652 47770 60532 71680 78321 
5309 25
77683 17082 36508 93513 80742 17389 63577 22279 12484 76881 29517 36492 34769 42874 75555 52819 73394 75145 79863 48736 70287 2756 64769 95650 40306 
5025 25
52613 96250 25714 46536 29840 89984 7797 75490 44647 59177 97610 91394 30298 67358 37097 72699 56405 738 61674 31218 58517 34905 38374 13090 64592 
5382 25
55979 95824 30660 49897 99554 44258 56922 11226 20789 75209 66954 66427 47985 38310 23170 22830 51041 74739 14868 92639 68649 73378 38824 90140 15508 
3719 25
38533 35145 38965 33070 29533 345 87978 8953 68701 38868 1634 41433 73017 49985 75026 17456 96722 96672 18243 99493 58536 19717 93639 73928 6987 
4552 24
81589 75394 84860 4785 11859 84102 84041 84284 76944 2650 88299 33573 89604 16567 20146 53056 67274 78115 13837 37234 5208 75792 97097 80705 
151 26
31465 57324 76650 14009 87508 83139 68631 64605 58437 65453 47843 2363 17141 74645 78429 57077 72320 25258 39276 15767 68081 18670 92205 3111 98305 82933 
4391 24
8563 41225 54224 10485 38589 34907 69320 76555 52306 40042 14972 80156 1407 12814 40992 61795 20472 10072 12041 70484 12144 95466 73766 327 
2209 25
71973 75008 68951 99956 32947 58964 79822 94357 94170 53077 32102 31256 55385 71903 87051 79565 88220 28692 90010 5963 7835 50028 97776 97420 11211 
2350 25
58215 74464 86164 71592 26986 94208 75455 15241 8209 31017 14249 13871 49222 45501 11690 79701 14591 25510 11272 37656 61930 3252 81709 47862 44628 
4406 24
57601 78275 91274 15227 13998 21220 96492 2104 15994 76814 72567 46279 20357 1435 2911 36132 95812 32243 70673 51735 69247 79265 25063 94561 
5574 24
87070 48578 32746 63129 56154 8496 59141 23044 6433 52477 95200 92911 34414 206 53384 17025 27101 41776 57083 63248 26896 38246 59773 92586 
4623 25
54954 37156 69078 10757 16542 15539 75212 59522 56565 62581 30280 49489 66012 90288 20735 66982 90170 56191 73715 74416 2849 81110 83035 22586 17151 
4020 24
39906 35261 80807 9784 26015 47914 18564 63545 14720 57585 93871 33597 60746 25857 95964 69558 38629 24001 32030 68224 12790 39842 79851 33287 
5408 25
95028 83451 83925 25087 5590 75887 44193 69382 58812 97332 83363 20716 2542 89815 73667 31232 58423 68146 48084 13743 67350 75636 88208 44464 1247 
4482 24
87741 16171 68214 86611 68491 88940 92475 44041 65505 55302 92467 41688 86211 83831 36629 33605 52216 68987 8720 39210 35906 17023 13728 14653 
2285 25
4468 78508 46634 97494 95031 21797 17698 8557 89416 93272 8099 44896 70312 43847 7747 94606 13127 60782 75501 72619 62056 82938 4818 32692 63675 
4954 25
10264 88816 78592 80873 88447 65440 60416 83510 2841 14599 59185 90870 90745 26429 43071 58300 55174 45417 75509 10187 9117 11633 12418 88330 92731 
4364 25
40971 38298 18054 34166 82479 58801 45609 30689 26761 47271 45774 55578 39090 84673 4741 27159 27518 23274 30372 36808 7690 33699 6964 62219 13565 
552 25
87781 77521 343 91939 3309 77186 42953 55923 95725 79938 49616 3392 70999 52300 88485 39943 71616 79082 55252 6430 60784 66245 22594 40874 32113 
5006 25
1643 44564 828 26153 56560 35845 85969 70195 65415 39744 17250 23149 71431 28121 31316 27829 10133 18661 47349 16740 16037 58210 49785 63428 57846 
4667 24
87260 45473 45054 43309 98892 3403 30577 16327 48942 33474 54333 19750 1352 58403 79229 34403 62929 45163 69314 18403 86534 45815 94896 64716 
3881 25
68262 58937 27030 63848 3729 14922 51874 42412 93311 76908 35709 9461 48054 14700 74829 83132 16785 18183 23391 13869 43542 28152 71666 80581 73489 
2174 23
36867 26295 32521 61326 25078 33525 21013 10725 37181 53830 78171 3136 56718 36549 12621 49537 43440 32971 93913 76795 98395 11759 37866 
1781 25
18172 43021 12022 22427 53424 16053 37826 58148 65356 4081 27901 41841 22276 41133 26780 40843 31380 54600 77480 41403 89168 69469 52073 89773 86914 
2295 24
5813 21748 77408 92518 68546 99103 96815 33506 95635 37547 59876 56610 9089 94164 73126 74250 63164 28054 51863 57093 57528 4342 60973 14717 
3718 23
5944 82014 36973 15443 18363 16708 41543 18687 34697 96202 64688 42826 75347 15306 83824 83829 18611 78244 45759 38870 57592 90270 69149 
5804 24
30154 84943 19535 41599 59580 54821 7260 8026 33043 54716 48983 31897 38402 40178 98107 68287 94199 83600 79640 16246 58275 13099 57030 40465 
4882 25
16080 15273 33686 5905 11292 15815 57182 21921 17978 90799 21301 3113 60564 44279 21718 30275 88074 97407 111 84969 69352 84778 13342 14565 58283 
217 25
86536 86972 21675 89257 98845 69806 77838 66580 67538 4267 16165 66270 94273 135 86633 74866 24547 18074 14692 30650 25006 80859 87304 79083 77008 
80 25
98775 7375 59781 37927 75981 13492 5726 36269 23073 83215 10292 87942 35607 22298 69917 12803 86133 28550 14906 57150 85271 69262 22953 82657 47861 
463 25
60358 55197 26863 79629 84873 99190 89265 4644 45376 95483 20617 30213 98095 2941 46282 45910 60790 9344 67867 95990 67205 43555 37353 57841 83988 
4960 24
72446 65369 13899 58151 96603 88829 56181 49452 26649 51464 65528 97687 33231 43739 13314 14911 25768 161 79896 42832 99300 12882 90762 73785 
4984 24
40934 18112 44062 31090 89762 14438 35577 15559 60264 55949 11876 86485 55679 78397 48898 15480 47060 65054 61356 3685 16478 78724 30972 6954 
946 25
98108 15137 95421 18884 30610 85999 85495 29077 4902 99490 14955 8657 58498 68269 57812 88549 68905 15952 37040 16816 6158 94396 96263 86192 76291 
3663 25
40938 63719 55112 25865 36008 58970 56013 15049 3023 65335 45931 67935 75724 90837 6064 32743 20311 10390 18602 86869 62839 97186 64665 5019 93755 
5154 22
44712 20711 56386 79955 35656 58344 67495 33047 86956 49465 96638 52562 46990 9916 93460 35395 95033 70521 80964 5418 12795 40152 
339 22
40726 48779 44780 36952 47062 94539 56128 39420 98520 16886 73373 69432 74456 82298 52881 82690 3868 53686 88970 38123 32537 17530 
3793 25
56534 35100 34685 53610 82276 26472 84265 64096 73782 410 12067 77336 67048 40098 72552 60817 1393 56280 50216 24793 72160 62302 32860 28509 8931 
2088 24
47053 64968 55344 96254 35364 19665 93252 339 99606 95740 64277 21621 93021 68404 61243 47896 24577 10577 50235 77237 5968 76166 92114 44775 
3386 25
36184 6475 46599 21611 17615 27435 88750 90256 8505 3228 11150 81906 77928 38202 4645 62131 6296 4706 86491 6496 9340 88384 20582 18737 34987 
4158 24
49646 40331 92303 99645 51078 64856 2589 41806 40864 66678 107 31683 50464 93439 20084 3082 66192 65873 59956 95103 48129 57885 7074 37557 
4880 25
37313 66001 76281 47480 32362 44265 19590 54250 92129 18479 32489 26128 47997 44304 74765 26212 86456 68454 29695 18820 25519 10539 69540 75627 46246 
2342 23
58243 36955 97229 81755 28011 68265 42530 26402 14592 84593 55765 19936 82059 73423 41463 51848 41534 30402 95277 17066 20625 44716 49457 
800 25
61648 78180 44997 8535 37941 16387 29830 39463 38937 58584 14378 85595 98844 63927 66708 21619 30915 88959 35121 80482 51402 96567 91686 90239 88115 
2171 25
35209 48021 38316 73882 33278 66895 45446 40943 24739 633 84418 19593 68020 76511 20937 81286 18500 64288 75270 64172 61753 81638 29030 76712 11184 
5433 25
30196 75450 48280 42508 47848 91779 29999 80248 13562 28529 33200 44319 36514 82857 63182 42222 47045 38966 63562 73450 66660 15478 16382 44241 65406 
1158 24
19348 53923 41393 69258 94166 32480 69977 51052 11794 65323 32125 71808 10916 51690 52917 64231 99634 60658 55040 13875 9233 22847 70444 46714 
38 26
46672 47786 95249 36481 35563 47008 91043 19287 17989 75193 38585 91573 55057 13061 11177 69167 68632 23800 14031 14737 54048 54984 67491 31132 39782 17885 
4427 25
62679 40986 99432 61079 3960 65299 5629 18678 23701 12844 61962 86069 31741 17841 21108 48701 41528 27664 72348 72727 99217 37852 87908 36661 46848 
2724 25
96020 71566 35046 49822 9269 642 30306 84614 94612 10837 77558 13271 89648 91652 59424 86218 66309 44011 10765 67453 86345 59135 41366 41435 40270 
2053 24
28487 55648 75084 61861 10159 66176 54679 48595 11892 8735 81881 83090 75384 52606 50509 70091 23168 19656 21938 6665 65760 57988 84599 52651 
5454 23
86506 79293 71180 42731 38334 29278 79119 19943 76697 48109 90927 47639 43301 33759 41721 67654 1675 85373 76782 39982 23556 8269 17228 
434 26
57443 34180 12916 59726 35854 12379 66487 12544 66790 46681 50413 99349 66437 50764 24140 51900 91839 94745 51822 64745 36921 95519 77660 609 17979 79426 
213 25
41465 73591 90874 71869 62008 19037 75023 60360 47289 89785 79106 73424 50898 65805 33059 4164 13877 63251 37983 73354 83517 64476 80266 44323 52525 
3196 24
52268 45073 5220 6440 96517 47286 82768 1809 97871 76125 61193 15066 5032 6325 68068 45121 79673 39027 41489 19388 29609 13356 67034 97598 
4969 24
14659 82123 59933 14099 17477 90134 32645 76508 30511 87557 97217 31387 53151 93707 93779 847 64108 9029 23695 12444 46702 90327 46942 76540 
2489 25
72996 75975 11105 15379 70238 24582 91708 16048 40368 43874 31666 33272 26494 36034 46171 30431 15660 62459 12205 20229 77063 41882 9173 10128 96737 
4431 25
7538 47772 88960 14939 36915 58624 21200 92087 28684 71367 90062 29249 69451 59688 26129 79856 99701 60309 24795 2259 59896 69335 44030 78954 1099 
4419 23
33831 3517 96738 81650 80511 60955 68861 83264 2498 80980 72391 22758 26646 22354 18235 28304 67175 86385 48556 64666 18816 24043 48149 
3144 24
11147 36431 76360 13432 30426 12195 80825 24730 6021 32318 21940 49762 23561 90087 61419 77384 6409 8217 9409 84187 71474 29409 31995 120 
4181 24
32678 55516 67680 63325 66066 15938 30507 66285 52398 57782 48327 30603 20997 72518 77315 50406 4161 18947 32468 13425 19508 50566 66128 48482 
3342 24
83082 81580 28396 65770 53605 76216 2743 85474 57052 689 6354 31108 97355 80109 20353 84893 22362 14716 98546 8304 11750 50600 65630 58181 
756 25
71791 64831 9968 46070 52132 93180 76849 69647 46316 29424 15822 97452 46297 93621 46730 24218 31043 17449 27526 17657 41660 55948 94851 16536 54398 
4575 23
9529 63679 77812 93097 38613 631 50383 35106 6703 54631 75608 63048 92317 68853 13106 66555 18197 32630 18123 56276 89010 9966 30483 
4229 24
83671 84625 55489 83598 15757 16825 25053 95670 50697 57530 87567 46915 24350 97827 24041 54645 95095 13408 47895 89913 1479 18334 19429 56264 
810 24
42031 79222 5461 48209 86308 60911 64357 23929 34336 2992 60876 48957 52242 50190 7504 9339 3533 30010 10769 90671 35186 10183 65603 60350 
2320 23
77 1017 66656 25640 88688 75736 92918 76977 28615 6219 91770 28918 34829 90358 55082 92350 73289 40216 45919 20313 78593 62237 54370 
1088 24
49794 9176 22346 86706 86058 97148 58635 64728 6709 67248 94595 35505 23646 92004 2481 30549 89919 95804 25544 81837 46198 34731 34666 14852 
3612 25
26787 52515 30843 49884 69749 83816 81799 22445 77349 7413 83714 53906 78532 7249 7858 48459 41981 80478 43592 74264 28452 94151 14724 4623 71221 
2793 25
84469 2799 77593 62862 95684 8595 5497 55239 84237 41812 80313 79361 57629 29744 12567 38668 34243 34844 94136 4687 35192 72814 74328 56986 24187 
4571 22
69004 50040 27442 86512 25073 71328 79631 62893 50583 49766 3115 15598 96804 22336 39141 25895 72164 22547 62266 18296 38191 75727 
1543 25
99193 94667 17561 96918 44680 44121 71430 65024 48073 84007 89651 90518 5864 51865 71007 66284 40408 76327 38468 67084 84110 99877 99900 54582 43117 
178 26
39438 34162 7098 8837 16302 32272 58700 64446 54345 45990 82764 45388 233 40006 19785 96431 65187 16418 1524 63471 46840 78973 16423 43367 20408 41904 
2566 25
91886 45621 72907 33979 38280 71912 39221 67203 54194 8131 99749 70070 39149 34367 26706 29483 45834 79667 8567 80619 73527 56971 83895 67487 30898 
2671 24
8742 47104 85177 10835 75659 85668 45361 21116 82746 97748 97678 87166 85852 1662 37059 31154 81998 93168 51525 90766 84588 36700 22072 76105 
5108 24
84905 61506 25219 41416 28464 30515 3203 48415 899 58609 1231 76324 96494 59897 92791 88024 33729 23546 19265 86748 33917 97279 67211 54466 
4793 25
10265 73088 49105 71981 96516 3622 13670 89216 69544 10617 47303 3030 35988 19197 73903 23152 14168 50180 46745 36358 16933 22240 9329 47047 74066 
3324 25
53827 91885 59563 86654 19916 34897 55472 9224 93190 15738 17750 20979 91522 5902 24562 23291 19432 9907 52014 97835 1184 26285 36173 76826 24407 
736 25
34696 49066 39401 6078 37400 37890 74462 73251 8593 68714 76978 52250 23322 82238 45016 90605 25991 40552 9756 47119 36670 28010 28281 66986 81527 
408 25
39896 52689 27157 27087 1912 31192 59683 57639 86735 35596 24353 27883 37289 43156 38615 45525 29199 77207 93266 36150 66203 94345 26734 23184 29557 
4974 24
83180 42251 55603 87222 42924 73795 18805 80857 66684 69291 3409 30542 42324 81305 96096 8158 38807 94850 37920 34339 35598 6976 25749 8088 
5718 25
19081 76488 19333 26759 35863 17806 57590 97600 65856 97360 48336 44859 64253 2954 68516 3186 78861 34983 16753 26930 70830 75941 62640 85706 28721 
