115
14937 9
81426 52525 32061 34483 31152 77400 63409 39184 38115 
14936 9
42287 69691 11092 83696 16258 14531 49126 8587 14881 
14935 9
62766 48039 33280 33332 44905 78898 82301 25933 20850 
14934 8
31589 46067 8523 33658 1905 18748 77344 49635 
14933 9
34273 1932 52011 34203 34193 40298 24664 72709 58819 
14932 9
34834 66129 17162 68820 66043 10349 28543 20364 60173 
14931 8
72258 26341 25843 73203 29144 47549 41478 48542 
14930 8
67282 21994 56873 10200 28177 68566 48945 84529 
7913 2
84593 48987 
7576 7
8402 3132 65620 79772 4824 45167 25051 
1142 8
21675 44176 73239 73801 71427 16345 48773 32378 
14209 7
6145 10889 44215 3309 77203 52285 7487 
2736 9
84489 15605 81635 58603 14156 71988 24254 73858 31416 
12304 6
75487 37467 10476 56909 17064 18947 
3452 8
70420 52517 53993 5740 47269 82576 12654 3833 
8851 3
14143 79678 59473 
12973 4
46460 11067 75427 74497 
11482 4
57011 72795 75014 26825 
11108 6
44804 5286 26600 32710 906 70181 
1473 8
41716 81102 49858 59804 43444 19164 38408 34743 
9901 4
63065 30194 7325 47568 
10943 5
11868 83345 19481 37731 61287 
7094 8
65499 1919 68341 59690 21462 49370 44956 15149 
7774 4
56248 9233 28914 85154 
4535 7
14443 76053 40866 81486 52133 22677 16762 
12614 4
59869 43282 71771 16896 
14212 6
31075 82046 71306 49724 11730 43760 
5538 6
79612 46710 29035 33685 54688 35818 
11269 7
6176 12152 28605 55045 76675 30931 18445 
5340 6
54607 69961 4376 81687 66150 45652 
10992 5
5288 209 57209 58390 43464 
10571 3
7710 83582 71861 
13513 3
70303 45115 28129 
13425 4
72407 60447 19871 53361 
12554 6
79843 34218 66284 58163 24756 75965 
11328 3
39942 58959 52820 
5058 1
12763 
9213 4
1184 38899 3330 52089 
10553 5
41982 57837 60754 46624 18914 
2332 5
31035 44749 30390 58685 70523 
14690 5
35065 74944 11579 25746 23298 
1161 4
18295 35997 39662 80404 
702 3
65327 42388 83710 
12402 4
61766 16391 39021 53727 
12176 1
32644 
3408 5
48084 10415 69394 22145 3009 
9289 5
12132 46855 39081 52927 33854 
11644 5
41633 78272 21510 54158 85076 
371 2
70337 20104 
6276 4
47322 34404 58657 57446 
10317 2
42073 81454 
14625 2
78555 83898 
286 3
78999 60977 37517 
14811 2
76762 7541 
10718 5
13002 10968 43454 78945 42637 
14366 4
46999 41207 62821 303 
12583 4
39427 58595 77726 15429 
10412 5
8796 48397 76934 79012 74543 
12971 2
61130 6867 
10665 2
51752 72609 
10361 4
34824 1728 63493 3114 
11457 2
74762 77216 
5547 5
80396 13775 81114 21109 29159 
3809 4
48881 47887 24896 15643 
10774 2
43286 54833 
7495 3
83347 21311 48419 
7372 2
51303 6218 
8022 2
33203 69601 
3517 4
79378 73513 67745 11990 
11067 2
76923 46891 
6878 4
15112 43637 27744 34482 
11150 3
68463 47074 13496 
12154 3
79673 51839 68399 
11416 3
52486 16601 74990 
11390 2
35554 43411 
1411 1
63106 
11525 3
47229 53107 28592 
6635 3
71943 72377 8259 
4615 3
84012 65715 30046 
5235 6
81005 71185 10360 33030 55545 42274 
12204 2
2192 8812 
8970 2
33275 1996 
1991 5
71310 70024 39909 16815 61172 
12772 2
41695 52831 
301 2
7787 77650 
2482 4
75542 6099 14669 1699 
2139 2
5094 6714 
10054 1
6143 
13429 1
34285 
14920 1
73387 
10963 1
58690 
89 1
68950 
1285 1
19063 
378 3
1271 22188 64224 
3938 2
67573 7735 
854 2
35100 11734 
11395 4
26898 13969 37784 66606 
1392 2
42914 75652 
6387 2
77550 54969 
8262 1
76615 
14587 2
6880 12966 
8195 2
82743 30953 
981 2
26803 53111 
4114 2
12147 46621 
7574 2
52771 83549 
10488 2
41312 32048 
7149 2
24019 81317 
1325 3
9078 5705 28538 
5578 2
63667 24949 
1027 2
18889 85148 
12201 2
68353 35549 
10883 3
47416 57156 16082 
6811 2
47259 23375 
12024 2
62487 60831 
494 2
3589 8449 
