84
902 10
93782 22881 14224 59693 74107 27614 64307 31244 2414 4154 
306 10
28017 20750 8497 41573 16488 33838 30395 26540 45827 75910 
426 10
72320 42867 4001 12221 49221 4761 86248 57384 86745 27421 
4162 9
8432 70701 473 36821 940 38866 32443 86358 22235 
7169 9
19011 87080 24737 7564 54391 85692 92460 73994 20803 
8519 9
83869 64763 5668 42632 41171 71153 13048 78078 80046 
20212 9
27579 78945 31791 12678 74923 26778 41741 43537 78819 
13135 9
87161 53813 26218 22268 71755 88619 57993 94062 4972 
5664 9
601 75841 92957 17356 50461 65890 636 31988 68291 
13291 9
92486 83756 23514 66433 47428 35593 59640 92763 62978 
10603 9
64181 77071 36968 75813 29653 37293 32841 90822 59647 
637 10
57403 6552 84404 1495 36017 62491 50007 2812 88566 3821 
372 10
78177 92600 69697 57506 69308 50657 91533 34022 59207 53518 
21512 9
12345 83909 14519 44464 22810 53043 7156 41257 89894 
7847 9
83936 62374 22214 30564 34911 66819 80333 15170 4136 
10992 9
8613 90269 74777 37268 89507 73629 64920 11028 42428 
522 10
43205 25 4503 70454 82385 37913 71833 78952 61928 78018 
608 10
36362 45776 91182 12464 47873 23119 31938 74208 46339 30279 
589 10
64425 26577 73801 85361 21042 52259 53125 81620 14019 44341 
16688 9
48839 24291 59689 65823 89759 7634 92177 72744 36482 
482 10
66410 10816 52134 17720 7790 44502 31257 9340 26912 91025 
17654 9
62890 14792 53513 48504 72572 69477 19448 41096 44965 
11857 9
73640 71849 71835 56887 64315 26257 64903 73079 59817 
10503 9
5483 50380 6128 4222 73958 41902 38818 71300 68771 
12372 9
3366 50210 37601 79759 13521 40731 46088 50816 53346 
3649 9
39575 34987 25117 78809 35284 82625 91282 67739 19149 
24898 9
34472 17390 89712 19277 23255 2611 21408 10817 60913 
6102 9
9585 16751 36963 7380 54610 72118 59780 90969 93909 
2850 9
53178 80955 57106 2122 25939 64582 42335 46624 64437 
5278 9
49736 14532 19245 28905 13101 52423 43158 26452 81424 
17033 9
74402 44065 92106 53845 58069 72361 61867 59230 83748 
17086 9
60307 42543 20849 10612 92482 88100 655 46243 15271 
2928 9
12823 41737 66527 46101 69123 8529 90744 40955 44692 
2610 8
13536 27684 44339 47909 14979 57810 86030 38405 
6080 8
18918 31113 2799 63291 62070 90475 19587 8997 
2523 8
48731 64924 34431 68977 20747 90488 3381 63200 
16081 9
76950 57014 89736 52687 34158 13469 71437 3007 61479 
693 8
48216 26982 52492 53004 46262 35225 63642 90439 
3719 9
80278 12153 2512 387 49467 13226 72848 79338 59762 
212 8
39910 86470 89262 89024 5609 43407 76456 48998 
18637 8
23275 34754 6695 28657 65052 75380 74423 86989 
14586 8
36420 4845 39444 45982 18353 94081 84048 69909 
19472 8
63332 90009 73061 54442 38295 12726 6659 53148 
7443 7
89897 48810 57248 61860 30667 4266 23139 
8841 7
79899 5852 44697 25006 38731 47101 69764 
18498 8
76732 70292 40959 82606 64447 40336 91087 71397 
23148 6
38049 18110 83670 21559 42015 70740 
11808 7
57921 37178 30794 32782 69487 40964 87679 
8210 7
31500 78030 43089 41555 11333 94260 93685 
6417 7
49097 17270 15487 10187 58575 37661 93448 
19915 7
33933 68400 89414 24043 91536 26293 37938 
10668 6
81864 72550 52682 28179 95272 43510 
9381 7
57996 8182 95158 36041 36634 55270 5851 
9633 6
28090 28295 33628 38465 8278 72768 
22693 7
29956 24780 93383 11036 60787 80743 55599 
4103 5
26789 47878 88820 81251 68511 
20100 6
17918 23092 21919 13434 67965 94049 
3980 5
65797 88401 80666 68962 89114 
18633 5
92620 20357 58513 44475 85865 
3124 5
67276 29827 6315 339 61608 
3095 7
21763 23494 8237 4398 51606 83089 54045 
8366 4
63273 91301 32159 43865 
1028 6
29625 42547 93411 66380 44997 42301 
11526 5
33875 48515 42040 92672 20266 
23985 4
52287 79382 19611 21702 
15302 5
51708 87884 4648 80435 58382 
13625 5
81250 26904 21786 53921 86001 
2464 5
11422 37329 2068 42903 64261 
11355 3
77177 26866 68431 
22834 5
37409 27923 75853 7989 48152 
13318 4
94002 26163 95171 75132 
23619 4
49627 58349 41193 49734 
2878 4
56890 78476 28283 16141 
1286 3
74502 66458 25242 
6638 4
36385 92319 7290 51252 
7631 3
64913 32137 34996 
888 3
20717 95221 17864 
7868 3
18444 5156 44016 
22573 2
1386 60112 
22522 2
53438 29621 
24202 2
8581 48055 
24091 2
4897 44602 
24904 1
31787 
24828 1
86431 
