83
10064 10
40652 27140 43946 20337 51589 8786 22663 32785 13223 26159 
10063 9
29668 22669 34061 24953 1097 10577 52298 32510 34769 
10062 10
26034 2382 12346 31003 56082 12768 31944 23662 20452 5588 
10061 9
14919 32473 13363 58448 17005 55230 32258 36395 24613 
10060 9
1607 28815 61241 55438 28847 59269 45827 24397 9649 
10059 8
49789 60240 40188 56476 24636 20350 52472 53552 
10058 9
12964 34710 59040 34468 49112 60931 4192 33437 15228 
10057 7
43389 27629 28828 53521 54472 11275 32016 
10056 7
34479 1738 40730 52625 35111 49991 41232 
10055 7
27318 49464 24310 9276 17798 28036 13679 
10054 8
5505 45260 54313 17143 3734 23750 1785 30331 
10053 7
38243 55351 61390 6483 27495 55353 12906 
10052 8
27537 39502 21973 14776 9459 51913 26496 60287 
10051 5
41249 60152 5577 9740 45416 
10050 5
60729 43173 33054 30924 61603 
10049 8
6644 50012 28123 9605 2676 58188 17934 49026 
10048 8
20611 17122 26529 16698 36212 14343 4160 59017 
10047 4
23416 30995 15790 833 
10046 6
46651 50010 44084 51027 56585 60843 
10045 6
55425 18697 57349 44367 15145 42094 
10044 3
53362 40591 24068 
10043 5
48032 53209 22985 9678 33249 
10042 2
57537 25714 
10041 6
27605 4063 54080 53001 61232 23817 
10040 5
46297 58353 37560 32773 48898 
10039 5
4626 42457 38101 7224 58131 
10038 4
3749 37215 10756 17873 
10037 5
42662 25028 6929 21419 25009 
10036 5
59983 9397 3791 42923 1017 
10035 4
56817 52128 42646 46321 
10034 2
52174 45631 
10033 1
38815 
10032 2
12364 45378 
10031 4
14260 28996 12579 30629 
10030 1
42070 
10029 4
13578 40240 20867 14072 
10028 3
554 55743 28612 
10027 3
57210 16214 27548 
10026 4
28534 52400 46158 45371 
10025 2
6105 9050 
10024 2
25712 247 
10023 3
4550 38749 40140 
10021 1
7789 
10020 2
55887 11143 
10019 1
125 
10017 2
45453 40112 
10016 3
36825 42370 22711 
10015 1
50728 
10014 2
25304 18006 
10013 2
57481 3105 
10012 5
39226 41108 18648 35649 61935 
10010 2
61665 25806 
10009 1
10621 
10007 1
17973 
10006 3
60000 44574 20828 
10005 3
35138 41979 27004 
10001 2
22480 2997 
10000 1
52246 
9998 1
22470 
9996 1
7376 
9995 2
21150 55641 
9993 2
23855 20761 
9991 1
127 
9989 1
45087 
9988 1
53542 
9980 2
1907 32424 
9979 1
27759 
9978 2
60538 49723 
9971 1
17478 
9969 1
20873 
9962 1
42695 
9961 1
55377 
9957 1
9484 
9955 1
58660 
9954 2
37077 39103 
9951 1
59512 
9950 2
62157 59226 
9948 1
46552 
9942 1
33712 
9920 1
29051 
9917 1
47102 
9883 1
45498 
9864 1
37960 
