99
6129 10
6529 44439 41196 24638 87261 83386 3713 65863 67864 57059 
9823 10
33993 74858 52970 64992 45601 73971 2405 373 48425 58381 
8573 10
82615 90836 44086 25085 3495 46293 5118 42709 89826 21574 
9310 10
24441 41991 40552 25638 47153 86455 39892 47885 65303 43659 
683 10
51033 44058 23168 25990 68788 30458 3533 86128 57807 37850 
7451 10
14009 70502 92009 82289 40321 26166 65649 14481 45767 33952 
9982 10
37331 69141 81904 86052 44690 17436 26889 11247 20444 76025 
692 10
5149 79432 86986 78660 11749 11713 67185 81778 13961 33830 
6386 10
25723 25894 32779 26398 53289 33234 20528 81952 81185 87633 
7460 10
51938 45273 91261 68543 73394 87997 70459 34223 36064 6233 
9093 10
46166 45901 42754 87592 56426 57981 89087 18024 73695 20012 
4155 10
64720 80437 39855 9507 38862 14496 74654 27932 77951 60542 
9758 10
37811 28725 29941 47258 19545 14274 3045 17708 89331 73058 
5724 10
35066 87441 32949 51541 17077 42503 29743 23279 78415 5705 
678 9
78781 71950 38138 67689 42821 65705 31507 48578 13848 
9527 10
74116 77937 67590 50953 55463 61955 18243 26362 80392 12270 
713 8
57428 47762 76494 38444 21768 88911 57303 42497 
7786 9
34887 38443 54773 5283 30763 71069 12200 42056 12821 
8902 10
52200 52336 36713 61902 53334 43370 22986 49790 70276 68126 
4713 9
8357 21250 8130 74287 31896 29880 59055 21489 2388 
14148 7
19274 73136 50632 54350 1442 66228 75586 
16179 9
28455 56895 76216 79065 79262 34712 748 55509 83580 
3542 10
64886 80716 16049 80700 58986 71075 65214 35946 48074 15865 
15786 9
41744 5843 83213 59172 70684 48975 23853 35492 80440 
251 10
35915 23486 17581 29096 27209 92187 85135 72317 72893 71077 
7034 7
49708 80373 8748 68514 36756 52826 52357 
10894 8
45077 2999 64426 39085 42397 87840 86353 9779 
3178 9
60953 92995 22570 51812 80139 44560 8504 62840 64301 
16985 8
62876 11916 90804 52128 46237 51558 92249 34832 
17325 8
38839 33626 67294 30325 29778 20491 5879 31501 
5921 9
65481 59339 30521 57188 50407 92052 15952 3032 9339 
2247 8
90208 88428 56069 25443 71033 57589 42677 41654 
1271 8
39149 54342 4398 31995 13675 85625 64561 29201 
9932 6
59122 91206 44392 14711 16467 34068 
2006 8
65905 18780 54039 49057 82220 85145 2870 66576 
7076 7
90478 34906 89186 80404 6376 80651 53001 
13446 6
45571 25903 35662 13850 24946 7458 
4107 8
74708 46789 52929 41993 85261 3423 84648 85966 
10203 7
32852 81643 15119 63113 77797 65192 27068 
8622 7
77122 46278 23715 74189 4984 58394 31289 
4316 8
64473 29913 60563 36481 31060 70279 21660 45776 
4341 7
56788 79173 16050 22368 17662 57522 10130 
14989 5
11689 50491 84482 22152 18239 
10565 7
8303 80144 2172 9679 14600 15157 60863 
7580 7
68195 12433 35010 46662 78366 84158 77787 
14343 6
93119 77770 39471 546 65805 17304 
5445 6
35113 70391 6857 36519 31409 87327 
12809 5
3681 17139 66563 63210 26966 
112 5
60881 59407 14943 67233 79401 
7159 6
47536 5919 2872 10587 85389 1642 
288 6
52623 80018 28393 70523 89745 68477 
9609 5
47661 18431 1812 20309 73787 
2934 4
79968 2362 18713 22007 
5563 4
79751 32934 82242 51182 
9645 6
65583 63594 84689 84532 81383 16364 
1252 4
43286 66869 33749 4419 
9756 5
56909 7539 76491 69274 77515 
17713 5
51818 37657 34532 24873 79827 
9361 3
47765 57750 52078 
11212 3
69089 11334 70415 
4793 3
21639 70690 80405 
3243 4
59375 84805 51892 78950 
1063 5
72251 19285 75112 84228 63677 
7950 3
30542 70731 84506 
1004 3
74156 92449 52456 
15782 2
46027 24173 
17025 3
33237 53493 93175 
17733 1
37056 
17805 2
11827 8441 
17804 1
21849 
17802 1
76445 
17801 1
89510 
17799 1
65406 
17797 2
46345 43939 
17796 1
28436 
17788 1
78994 
17783 1
23132 
17782 1
58888 
17779 1
76757 
17778 1
28339 
17777 1
68065 
17772 1
54142 
17767 1
80087 
17764 1
28981 
17762 1
12028 
17755 1
1234 
17748 1
72622 
17745 1
79041 
17744 1
67879 
17735 1
57553 
17732 1
1155 
17720 1
7205 
17709 1
73533 
17697 1
67211 
17679 1
44060 
17676 1
88410 
17670 1
3846 
17635 1
26858 
17618 1
59875 
