38
2591 38
36467 5695 33918 98119 94035 67972 65002 81765 80420 54518 98288 62532 84055 89564 521 47242 67411 68365 74953 91615 2691 57393 5626 3569 73446 21911 21404 89301 81239 80032 1608 19104 9023 34351 75999 49953 31493 73312 
2579 38
76266 70140 76334 59161 38992 7888 87002 65923 78772 29707 68964 15332 65451 75907 28456 79888 11291 78268 62429 63868 73496 13914 17635 9899 74862 30148 73287 91694 72156 11989 36279 25508 99169 35879 81603 39240 47484 22516 
2447 38
14013 14770 4793 14078 5012 45662 53086 88730 37223 34590 89316 12827 1827 45024 59346 77052 66836 54756 11724 33339 83745 98079 25054 55028 59160 78897 53202 33948 48045 32127 91974 78513 87211 29468 3579 35782 21912 59330 
1928 38
414 16174 58384 22137 18682 91833 34378 64109 68296 21716 12562 61635 51943 30670 36320 59374 58502 42911 59255 11792 6248 86293 95520 83092 41631 62795 28677 2433 16871 49211 59169 18049 5737 79364 10303 69162 38433 43580 
6308 37
96740 45055 50850 63444 37816 38954 66271 98750 82977 82597 31113 96750 60833 23160 91103 45980 54684 91726 1244 52119 59248 39470 72188 3468 61718 32491 56056 60617 28210 14624 49703 33054 1015 49051 79457 49031 15995 
2067 36
69204 60440 99016 38701 91215 91039 43841 32536 58151 27614 34530 77969 36507 24016 58191 43655 12191 49768 33025 20774 53677 84023 79964 48317 92568 42887 93461 3780 62048 62963 32174 32668 33169 73035 88444 86512 
778 36
66231 17090 90413 71734 18958 99948 12619 87507 15004 75192 68373 16129 70312 13824 95394 28356 86674 45936 90411 58302 20434 86817 14211 21463 8148 68492 37063 64392 25922 35779 3315 30507 80077 13895 60627 83642 
7428 35
80818 78817 786 73203 18109 33995 53861 99125 70446 47517 78595 75743 33594 62359 33015 79127 60870 70343 139 45763 6889 10398 47767 68858 33815 52019 16660 77263 86895 98498 57079 57279 21082 88373 89203 
6614 33
11409 91903 46023 49858 91247 67420 91447 5987 91849 73362 11076 9872 67617 86531 74168 92995 17950 86905 20884 79660 11563 19794 25609 83253 39407 90882 62546 12241 826 29217 12242 96927 87105 
5564 32
57756 3226 51124 17895 36759 66480 98678 22321 53554 84513 10898 3238 73717 59526 91742 63717 24835 39999 35860 43168 46379 7146 34834 59458 55800 84075 91932 22267 41700 99995 4684 78234 
266 31
9196 48058 5048 49425 71667 48046 80485 60137 80330 59298 24730 13282 57594 16633 96793 37424 15291 95300 55310 9486 65376 38848 93393 88740 69306 1220 86715 78530 89694 36383 59902 
3755 28
28792 73989 64822 19654 83284 2705 16102 44598 51893 44471 44585 75520 24095 84917 66478 77210 34648 98859 32399 5112 11640 66807 76149 80940 43325 23086 9306 63780 
1508 28
65639 6878 4258 10990 14548 23110 72541 53380 26633 79189 49803 45166 59827 97281 41583 50198 31673 99184 53142 47828 8510 49968 31237 6388 79951 50091 4575 53403 
7521 26
86755 64126 49823 63660 85139 19090 84509 82019 48712 86474 10781 20875 2243 95389 88951 3765 35042 69442 68192 5863 94802 2494 21291 91245 72013 67714 
7360 24
2583 77867 16898 38216 38707 41410 20070 4820 49135 52232 94753 95982 65778 86457 63560 37389 22007 5825 99496 14059 19376 23599 11243 38613 
1429 24
99882 52976 62670 36680 352 27859 95809 73460 22640 66108 29267 4724 80721 85526 50856 70357 56288 99421 25090 68702 12282 24963 62116 79463 
7353 21
9452 7847 87764 82463 27934 31652 5169 9681 85094 85780 19216 7042 30508 20521 30875 7716 17671 24833 41532 39438 68597 
397 20
56920 61041 36348 57952 56780 42216 40022 66245 3481 66799 76984 44004 17687 12590 79741 38201 59738 97897 28957 29002 
1886 19
45370 1326 8190 17946 47087 585 58790 14300 71536 23184 81387 59572 29445 88611 54618 70349 11231 37601 7580 
299 18
57959 27306 70407 62212 25194 44732 24001 53047 16087 80351 4742 88997 90069 44957 64774 31393 36406 62842 
4136 17
5620 70067 59189 98996 77362 80265 60614 27609 35486 19848 86644 74771 46256 79231 59811 33608 5803 
2899 16
26457 87787 76336 36324 16451 54829 93915 27154 69458 42895 49673 76008 32841 67293 32912 60041 
3430 15
21187 45457 28844 42455 23025 98834 76137 68046 4279 11219 65110 58418 39829 37789 93347 
7456 13
71951 75203 86717 97582 78165 77427 35535 75132 90963 36246 39410 64643 82089 
64 13
99987 74091 48719 41683 76177 68051 19564 77315 95305 67679 23864 19713 29771 
6347 12
89804 67989 13002 48669 20534 53892 95762 81324 2151 10328 58213 19680 
5405 11
5247 27885 6343 67221 17027 25632 31158 64937 63199 63752 73872 
4638 10
94040 90049 17772 98027 2586 11835 58186 21471 84715 99657 
6398 9
40249 91567 41437 47658 9163 55188 17416 99652 46262 
1730 9
81158 97903 4873 18621 63532 73854 86893 4956 21251 
7757 7
22134 94616 10593 30149 28899 40017 6687 
6799 7
59086 62096 89420 24962 83968 7304 16105 
1633 6
17210 47148 81992 97950 26506 65685 
7097 5
36298 80378 689 92649 45152 
5043 5
21833 12022 27284 67806 33318 
7375 4
2246 41109 32198 23831 
7395 3
71982 28211 64223 
7271 2
96593 89327 
