35
6165 13
17310 46036 78484 13463 80440 55638 67806 50026 98954 74409 8217 86586 95126 
6162 13
20778 70640 50696 1590 75497 44160 95172 2174 22705 43238 28587 36793 76237 
6156 13
39967 2704 57571 5007 85156 28903 89512 21627 93911 52706 46560 57926 506 
6155 13
54772 48684 98923 73975 51624 14160 5885 44074 88078 84328 92938 96711 61181 
6153 13
51826 296 42421 21203 26167 12014 70027 15410 97449 52076 83390 33932 2436 
6146 13
83310 21744 15834 11189 40008 69178 36001 53083 91653 48271 21076 86833 18001 
6117 13
71716 25553 60417 71363 93357 32464 77085 41634 53050 28868 30778 61588 78947 
5802 13
84822 29203 56330 16262 72381 42089 90395 37950 81895 24285 90664 57253 68351 
5797 13
85341 91121 94571 27873 90216 59444 2629 85661 54902 17659 56588 64514 55369 
5330 13
45197 35986 10286 21628 88455 26795 61880 61570 32604 31308 65570 60457 84633 
4749 13
57157 21044 60659 60291 66105 58871 11086 46744 83503 66317 42959 52425 823 
2494 13
96350 61529 68199 45674 5138 98623 58753 22041 90044 21111 85018 34369 56182 
90 13
81151 23417 15248 75867 29232 81607 8656 32995 88390 81604 54661 94774 58637 
10976 12
75835 50684 79615 67593 17171 54959 86970 47567 85817 67613 63474 94107 
5762 12
25755 70237 19673 91300 85541 7252 61605 22291 8389 40688 62665 75572 
1501 12
60977 52208 17884 64416 29487 91573 44957 35024 28725 61502 75114 18936 
755 12
33751 28580 17007 64692 67005 61459 71598 29226 33844 89452 28464 64501 
10057 11
48525 99712 8075 17300 90563 60884 11520 45213 64455 17038 65816 
11191 10
59738 73293 13065 58815 5155 10026 57959 19412 14038 10202 
6968 10
7243 84196 77046 19063 96703 13374 12062 79117 64378 64774 
6566 10
20441 39667 22072 58535 97012 92168 37915 77465 84496 24111 
3181 9
80540 84138 34821 66388 73169 37293 20905 719 74942 
10038 8
79777 88648 26500 46760 99099 79896 66549 99999 
2321 8
10382 32695 96525 39173 9652 80337 34325 63590 
10535 7
28913 16383 87972 68841 83197 50353 42364 
10335 6
91557 69683 53353 38261 71943 36224 
9060 6
57608 61677 97100 77241 73869 99176 
4654 6
83704 6835 60836 20234 55177 99211 
2804 6
59392 9854 44631 32895 25959 43695 
7164 5
26608 70643 72499 85893 77896 
9968 4
84173 6736 62674 2531 
3716 4
25492 91191 11631 65266 
11257 3
16177 28715 19385 
7477 3
59536 24206 74136 
10495 2
44327 42225 
