14
709 133
87095 36978 46478 86463 58145 93677 7573 58520 30806 99433 39038 1876 2510 7484 36134 16897 11448 53389 29375 32568 79826 66305 94510 5939 67832 59520 18831 37639 54187 45215 27203 24164 57814 78278 98549 71050 66485 96730 88340 30265 38511 69257 34788 57359 53775 67391 92471 33030 71779 97832 31876 94 294 97258 94095 68529 17361 68946 7549 43006 48465 60027 94884 83950 37125 73970 2393 38576 45035 16228 6707 496 3784 22391 92851 81323 9332 12232 16677 74728 69848 30953 56533 87132 28697 24956 87806 11962 11250 20737 19834 81096 57529 53583 70033 59661 66946 93678 18440 39380 10952 99420 51050 53 68828 70364 75015 76333 39393 75673 19552 88764 71245 98933 8167 14735 56766 99695 89687 13285 17253 69508 22815 25835 48241 29600 68096 9251 73770 92260 37493 27525 13369 
545 121
63057 6377 53697 50071 64708 69639 30119 47235 2022 16438 6409 33478 94861 25704 91761 11135 73488 70307 47562 4256 92987 47021 74481 42059 24904 88424 97809 4263 98701 53330 42412 29316 6454 92348 33031 53656 74307 51919 35263 64589 5442 71209 59529 4220 42884 71001 96294 20018 62432 13349 54127 87102 76468 61834 37016 26843 22439 71153 66391 5980 7013 41574 3878 50464 56399 51100 39224 55081 89608 27022 42728 87232 23407 15461 62202 82175 52681 30666 24282 47756 8134 94377 70146 42822 48221 87402 70692 416 10396 78697 65847 19573 8012 90512 87656 58541 25136 35027 72849 11226 50848 44635 16845 45321 57328 39308 78154 50087 11035 40537 99432 82686 22905 61565 26126 92936 38130 25000 5968 40809 29685 
1373 98
40397 44687 19049 17053 26399 42483 77185 79820 1320 30556 10339 21714 69497 19154 57404 16917 28964 91448 6799 35619 50854 87562 88434 98858 33736 80701 61799 2150 67443 15091 55181 92683 57274 6905 73432 34681 20680 83740 62999 20632 67871 45754 90243 4079 25759 66336 83456 52404 60112 19231 17697 74468 81475 113 91323 87282 71721 75687 91722 50413 85093 96564 27883 7579 48325 54992 8918 34502 62940 47399 242 42011 66794 44384 70740 21780 46494 41877 43755 99788 6260 66117 63442 5780 20104 15058 60454 82715 1579 1152 70455 62115 28253 23928 35684 2996 10497 97109 
274 78
13356 72810 14964 38189 53190 51117 6690 55626 86471 60552 80696 69976 97202 67692 79440 15653 74653 50564 18507 9133 35008 110 87145 94509 90065 28769 82186 29956 18849 66942 26819 9946 77692 18340 58331 89161 7497 21678 67679 43466 56732 37908 73625 54000 37044 66957 50088 43934 3216 71658 56429 16746 73337 82526 11376 31057 6008 23653 42696 3692 43701 19121 83842 5838 86416 910 47552 14791 45585 81709 32104 94745 3973 58914 97776 98698 42146 30345 
1296 63
95934 50546 58886 6148 24385 10691 30650 3462 15821 65191 10464 56116 43932 95512 69041 47852 74888 40175 50709 39718 36551 21927 20978 69387 38851 8409 64391 59667 42873 17687 49845 27531 86778 46091 1054 87713 36070 54864 78900 11905 23662 1194 48700 34886 51286 46431 18656 68723 38768 66328 54639 96991 98735 31203 10212 53779 36425 35354 83999 46865 66338 93353 48527 
766 50
55952 91948 33833 8449 67423 79670 99650 97917 87866 78257 3076 96609 15600 367 41008 80254 71838 32044 56945 27778 560 43914 77796 90323 47906 97851 68198 68983 74768 60219 60743 40319 21353 29745 73196 61598 89719 72135 25599 25543 549 51954 86128 10942 14458 15973 24352 66105 51263 47323 
277 39
58102 21574 58726 5582 81993 71294 8429 9309 78425 53137 84012 34414 53973 32249 54608 51084 79920 58292 79844 70766 5551 29862 55304 84107 65784 68471 31753 10668 18977 15883 75985 60983 95402 12831 65046 75328 15165 45726 87891 
123 30
56151 52326 83910 12510 3057 39156 12936 56031 18991 62810 76517 6558 77127 21193 19296 50691 45262 71185 78407 14800 5753 1544 6613 9420 21425 54843 42814 82072 93983 22743 
699 23
89131 9628 11740 87861 89506 43611 48641 86166 95283 39305 28024 1877 16217 31168 31365 64229 75037 70609 73355 15071 75034 81779 48230 
528 16
72154 3984 44069 62408 90310 96429 17101 55501 52068 93023 95909 64311 19682 34575 33908 54146 
1204 12
37946 42289 8566 50720 84663 54278 5800 39310 30080 92836 4038 39091 
679 8
32418 25707 94302 77390 82831 92691 42595 34256 
51 5
29551 63890 83068 40638 22277 
1391 1
21472 
