10
4452 207
79132 38588 72467 31290 78597 74666 64486 49521 64961 41282 20005 11011 99150 94994 39357 27664 94102 65668 99065 76840 8070 38439 50800 74418 50543 76027 21579 77128 46010 2953 74579 62227 95988 93982 22754 10357 83778 32683 41398 51445 26267 95484 97469 39027 95717 20220 58580 91301 28250 65828 98212 56830 53752 45713 60098 27871 95006 80862 46962 59815 57695 27151 45336 5589 35952 46385 49911 28958 85671 15715 54684 10959 35860 23519 18471 2756 90838 8316 11295 43043 67766 47232 5224 64508 64558 20368 18084 62617 22066 25643 50425 48700 8185 51866 66323 27508 67042 72354 82931 94702 52001 90713 52670 96127 24273 37783 28439 60212 22148 61469 65979 6807 91413 82948 59872 58250 91638 68022 57543 1487 16306 29146 24367 81475 13220 55311 93011 87709 65875 44239 72625 64058 31081 68412 3952 72693 23802 83843 41318 72146 19690 82744 4887 84122 84252 51807 85081 22312 26734 72436 40616 48023 30574 75517 54620 61413 63864 3663 25282 28884 88042 71518 54802 30165 20491 86512 18539 16196 57313 74981 49937 41009 50316 93295 99465 94746 99832 54418 78169 10696 5815 95935 72571 48793 86160 31274 89033 26249 43512 50506 97717 70726 10854 9117 83167 60406 55262 66253 20698 84504 49696 20833 71026 55256 84599 36239 36623 
446 166
68171 30716 70581 74733 25828 36960 19852 34232 17444 40546 50080 93400 17349 13264 84427 27423 10264 72965 24150 57491 13513 38274 19668 26154 90110 71604 49907 68783 47827 8064 40576 48723 82184 31500 49228 43971 85058 92768 83337 58434 24132 63140 74390 9690 85416 66035 81772 48058 1306 15791 84132 69919 61318 64481 76946 45454 53710 16621 75699 17029 35634 15455 14399 59549 53865 40677 66147 98748 11542 11412 95443 94391 29550 89158 9405 4827 47306 59951 61074 54965 26569 90616 20362 52426 73095 20904 98438 80528 6194 83039 42248 46865 70740 87214 71331 26992 10827 84388 79811 74930 79780 31458 95881 39660 78566 12544 20515 13645 34834 38320 34253 8855 15288 25083 231 87985 62280 40984 73236 93388 33380 44697 10731 10463 41470 73387 5108 20419 94809 35544 7748 18278 42759 3981 91004 88630 85939 83600 31113 72777 50956 62522 26969 39885 2207 89844 94680 47098 16060 58243 12440 82056 92588 20435 35953 4959 9656 34600 13389 43529 51373 64844 80165 92858 9702 15514 
437 122
87834 83874 76260 36308 28155 52277 99707 53456 46885 65796 28852 91639 32865 8324 56852 19383 11361 49337 90990 26813 16603 28914 10467 51534 38758 42483 84633 3838 69686 79258 72206 10500 69472 14487 18692 3284 40727 27270 32907 24585 86849 34431 14467 21024 20409 3802 86062 82854 138 89279 20961 68386 86931 82824 74349 41772 12609 96531 46020 11841 60513 57916 90249 54028 60390 75894 80677 3614 23943 9552 92376 39697 64445 27194 55873 15007 73885 29583 99332 42115 29407 76262 13004 12687 84844 53663 83455 91471 28185 99226 67039 48394 67696 27207 70277 64625 22950 24176 44156 46052 69505 46777 24968 33572 14657 66757 24759 36302 6626 69676 32189 29643 21902 57320 53533 27489 66565 77456 43744 75437 16345 3118 
1351 85
20276 48631 37841 24061 61649 96810 72233 76070 29710 30158 60397 53264 31865 91367 57438 68507 26276 23449 57483 91826 43830 71256 31488 62219 73659 57208 49081 56716 70194 29225 39177 63061 67889 69748 74582 27098 93727 71188 57767 83944 29497 54017 29427 29322 25236 42224 26047 5275 28414 95505 5486 39440 13915 71294 86612 81786 17789 39237 56064 73734 25068 17093 86498 57440 93624 40480 83764 49665 45672 27283 20900 22729 38031 25745 49155 20344 63734 69925 89236 70184 12183 37356 70294 67399 35462 
2674 57
55071 53298 43985 4510 5095 75747 65776 19337 11176 89300 97146 29862 91392 87904 54756 50503 56476 56360 37266 35329 38550 54910 58770 14915 90789 58148 43465 52271 82821 70929 27057 86949 48351 58111 11423 66700 21137 44011 55133 51268 7552 813 17450 18073 34964 16745 95660 60625 29271 40464 24714 45249 8991 39039 11022 58498 3026 
2330 39
70621 15298 26094 48685 3521 25056 2631 49661 26743 34683 14471 50151 77822 29358 24236 82438 71885 2813 59123 14669 53427 19421 96792 62332 51852 71482 20588 85944 29321 6238 39418 32115 32689 72360 45373 25203 31987 62297 45425 
560 23
24246 87576 9096 52932 39710 37731 42595 31698 79852 13817 72166 16624 21159 25532 81335 85925 91474 73318 31333 46247 35717 61975 97317 
2426 13
67247 13782 8569 36982 91886 16837 82996 19489 90739 81948 30474 33605 39874 
3950 6
37171 57639 74515 20593 59762 1841 
4830 1
11915 
