12
6284 101
91492 11559 30012 24137 12922 71709 14494 95035 17044 19011 39509 68997 59688 41411 20889 99847 4860 99171 45242 31244 31741 71014 38574 60813 17731 33312 26543 61902 61978 87651 32982 83392 90134 87547 33493 3585 42004 12627 72601 45441 26096 41684 68912 69560 56262 56472 81602 71118 6672 53604 79038 81499 51605 50053 96534 25008 48983 21880 53388 57886 75716 66031 24541 64580 61546 74043 87235 6340 5650 92908 40250 12040 58556 88597 31064 9834 1339 66405 5412 7864 17563 45190 63583 32248 47218 44019 74480 33499 88856 52514 90683 40629 32388 91418 67250 46195 50511 831 21172 99023 94598 
8437 94
46934 20385 40247 92101 20098 34563 41192 53250 59373 34135 56784 8277 25153 79296 83142 36533 60648 20416 86992 79819 89943 76175 34349 13419 63896 98400 25082 23565 70306 88657 76118 81489 23670 93871 2602 29424 99779 65159 45813 34895 61506 72998 69290 55481 93538 48044 30493 54062 43194 81905 70233 98871 35154 9831 93486 20641 17931 66839 79428 57252 66219 88158 81603 61558 76297 24934 54978 63853 41511 76767 41883 56706 43392 39286 48483 83404 41956 37845 16632 87376 69115 57646 90355 73403 98306 47731 55972 19355 48022 3061 34662 84255 97905 87544 
8033 80
87220 87379 67012 54752 36817 65855 72752 95089 5401 69951 81825 73032 71504 83285 54956 76065 44877 24811 39911 46951 19278 44404 77571 79227 35286 57731 33551 22646 21801 72553 43569 81420 51108 34398 67282 27796 73527 85716 18581 423 68246 60126 55172 12318 96672 5091 58408 51040 68320 17938 93012 75484 26636 4271 49352 87278 3741 24116 44845 28038 41831 30614 87093 56197 24821 53625 17326 52557 33843 58451 31096 23003 16182 26260 90765 42630 24201 19536 82407 88282 
3128 65
26264 3977 72219 15738 3500 9399 5848 93541 91562 10178 56980 21250 82551 42858 95954 44697 39250 72534 67444 42189 44254 78616 51024 63683 73781 54398 98999 55122 85825 40270 43456 60778 27174 77071 50341 42349 24248 30619 55588 76568 16976 87915 83241 73861 32177 23204 76409 48537 51358 86844 88917 39097 7222 39399 5348 95342 64490 11088 65291 1590 92918 79158 28638 88375 1083 
4051 53
82259 11874 50859 43474 60269 97785 94145 83570 87822 85276 4371 31972 67746 67260 8946 91095 73159 38747 55540 58621 41303 41959 68733 32361 62462 76779 34976 41347 37852 96878 52333 77381 76636 42243 32933 96964 31418 92419 73511 13426 65526 43634 83565 54216 36410 49215 72604 69632 576 32234 3057 38734 60847 
2833 41
4207 97396 5375 2227 66914 10343 41037 31194 27817 64195 93128 12798 1517 90629 69137 84720 93259 55896 54975 51405 66444 63628 15643 19571 37727 50131 83309 80330 68763 55760 81793 40037 64945 50860 93759 94082 86884 44243 22967 71561 92989 
2676 32
24671 99165 12180 45333 28285 26629 76610 8362 45655 2491 69400 1690 88488 50892 24076 78494 87618 88058 46971 48288 8522 849 59462 67963 53149 80070 28743 72611 51878 89164 7648 79094 
7643 24
12422 2712 20696 88870 42345 28666 7947 32633 47237 94995 65374 92259 70792 28876 80691 43801 34691 50770 24687 84790 39483 24506 58986 28584 
2672 19
72685 70946 68927 11811 50114 4067 70789 6584 15892 29457 67742 24451 77991 52165 16679 63450 90334 82698 65609 
7018 14
90000 75879 79955 47837 79457 8967 4097 34370 1648 76716 17878 61184 13021 53829 
2135 8
10660 20070 43958 75845 45796 76043 15331 19293 
8629 4
52737 48456 95671 982 
