11
3838 180
34855 4643 28711 45876 12137 7970 93548 93471 93892 11427 9096 17237 45070 22002 96567 32904 95737 83781 9886 95041 4684 680 35129 82421 7508 16068 6031 55126 2150 33570 32922 38299 48389 94229 15639 89091 39144 68652 887 62779 93356 67134 1324 85034 63993 50353 56108 50592 99303 78551 31551 24965 63344 14386 6779 60672 31805 48869 68207 80883 72744 8418 97746 96187 41843 59546 36316 52135 33249 98148 32463 52819 87033 81659 63845 43081 28241 93817 39130 31636 91235 95731 25824 94774 43369 85053 96559 78724 55429 14837 35937 2100 36721 81806 72215 70047 7237 79600 46997 87695 87400 7329 7784 41698 411 98777 82437 3209 48799 7864 3212 86868 87961 78782 45156 59771 95081 78248 71313 39441 99881 357 64749 96433 47155 48498 97241 43584 76159 67835 96475 33402 28492 54730 52771 24776 69615 62865 30271 58032 16738 31990 39899 67195 31414 94337 20107 57429 17536 7210 34014 37383 96095 58978 91658 8070 90095 42330 9554 99693 25433 32805 96105 93964 55311 12570 51239 25848 67677 59382 25534 13624 23170 39482 90738 97095 49869 39763 15083 65881 
678 153
83475 47706 77002 20948 86548 94925 44329 48998 86074 47887 73703 98891 48746 49376 91991 72619 68451 21659 42325 83773 87923 83066 45777 1380 55125 56131 99104 17962 81771 92190 83304 70515 42697 21832 17149 55872 56074 86486 83837 37590 32720 5295 1199 5448 77872 62204 45114 27290 83321 96766 13706 30941 9251 73276 90157 1950 21610 79859 63049 60208 45147 37922 49271 59866 7738 87375 69232 96489 33241 57291 87374 45416 72705 26361 64631 13890 19063 43980 91374 41061 86704 59740 66179 55206 99974 90914 50186 59332 80293 63621 62428 29277 88769 21200 58361 44902 37268 14738 53123 58004 87258 55109 73210 59225 86275 27019 35418 15021 46895 31989 62417 35979 13582 70695 32261 39624 50823 18759 61136 98998 96318 36893 53535 47397 69492 20185 70166 85386 33292 48874 12462 99563 74893 85998 14598 71610 32975 38571 84119 71184 83892 130 23016 86697 25593 28141 729 56215 34620 36351 74053 26946 71586 
1006 123
65721 42044 77408 97691 96206 99689 86701 50008 50905 12413 63166 11741 21224 48637 78316 75608 72935 71211 17326 4374 35772 99109 80404 14607 97032 97675 11816 50627 26101 1257 94078 6428 11665 39851 29228 8711 11823 82878 72311 95799 83412 38217 27061 5489 69834 69670 24167 42476 33470 59495 80577 49746 15152 28802 18485 98432 28977 29375 17350 45752 56423 83232 28310 25392 40821 17263 35729 21746 65827 23436 29093 59419 30205 25343 44104 80297 31960 99064 12147 572 12415 80646 59086 20383 37979 30014 33145 87137 44095 5612 40079 82522 75841 25980 68580 5972 79478 62036 41986 86714 33450 39682 32489 39990 78829 331 61183 20665 98614 11640 55444 86838 20939 54706 38105 38026 67733 43573 10656 69668 53279 67654 87396 
4167 92
30111 90072 96951 37473 19052 37006 67140 55674 59322 91209 16585 58292 31080 9618 60562 22205 12609 31471 45267 40218 19108 61585 51270 12793 69596 60801 21072 51514 23707 62656 24586 41631 88313 55131 76426 79777 90115 7465 22087 13441 72188 23747 48257 32772 9293 39832 15902 86778 76116 45657 4295 11662 33489 71309 99754 80044 49651 87184 8770 47237 18672 13850 25765 81715 54576 20415 90915 99366 17551 5778 74412 29858 32837 68850 92445 47549 83586 9182 85407 2905 96939 63814 53115 45441 73954 83014 68846 80554 72796 52823 25786 25548 
3644 70
41342 74648 20155 14078 32396 67645 60646 13591 91373 73937 79604 55259 76618 71013 62119 59090 48915 56840 16244 69049 64774 72877 91205 75613 39197 55595 67222 44837 78770 61722 39093 15823 15585 81249 53284 46559 76466 95079 9630 10183 18413 78881 18442 8726 42926 36339 27296 56051 16104 41756 84696 54312 81452 53444 8326 62033 57878 87990 76685 85550 11029 56336 6709 49953 90410 72666 94847 9822 82919 74643 
3132 49
98386 26877 96564 31633 5316 71028 96990 96727 83009 87047 71161 41534 92008 74769 44639 11464 59147 78863 68181 51129 37438 8906 99727 47853 10322 23632 5785 72631 98938 19780 73220 14821 1658 9381 46511 62220 9476 6671 84188 77947 50379 52843 56590 70762 30247 33927 24451 91346 21917 
468 38
26238 80084 53711 10523 49724 37742 49137 61285 34829 33034 3873 23294 78573 3043 87376 71304 95485 37367 97861 25240 59050 87532 69071 26598 17834 16289 84933 56882 36041 16058 83878 12515 41745 30294 26856 46129 68718 69297 
5464 25
72768 23539 11443 190 24173 80590 3121 83139 28240 55042 38561 14734 3654 54761 30676 75240 90963 47293 60988 22259 27458 13859 65771 68525 66686 
5022 13
49298 61241 50665 46359 38443 82674 82806 11305 77432 24774 99425 71779 83929 
2504 9
344 62951 83251 41082 34811 702 87864 4453 75966 
5532 4
4963 62555 20318 10166 
