10
2623 114
60154 94109 63181 55104 60214 27459 63850 38770 17188 41313 65796 39723 5214 82273 18496 49932 63342 2461 2974 90652 19161 97837 75627 24561 538 36361 17037 55920 83050 68507 61079 41218 67820 32087 17126 73025 47010 6156 10860 27769 58395 55462 83480 22822 34231 24819 92302 32499 45610 55426 17870 55891 67879 99983 49840 11601 65349 33227 60030 68074 41211 16778 20115 91050 42111 48456 8958 14265 2442 84114 48533 45787 84020 54449 30940 93316 62780 60936 87079 46130 49882 16007 69402 10624 96283 97604 32122 2284 47375 80169 13231 25221 19502 53177 23794 1130 52793 73523 70889 10952 49386 4493 6922 11475 9066 86404 6994 45909 94148 34848 96724 57990 18903 51106 
846 103
88800 82811 8601 98222 17729 36054 5219 22821 58311 36684 30391 30889 55256 98729 23890 89525 1870 84817 89364 96084 33738 60508 15363 79251 37645 55669 19985 82622 87902 55340 86121 60744 14795 58618 52752 59397 60591 52089 20738 81408 9768 71814 54219 5477 92971 29438 92763 82267 17600 84591 3 34067 62896 68356 90986 92339 80108 17283 75905 1813 78283 89996 3066 97359 48043 71320 45234 10023 35818 18974 67680 74207 69781 65580 55079 66597 83956 99409 64949 73069 42498 19049 58687 10818 19594 94545 95636 86918 98759 12705 9995 31148 67784 35530 57765 40911 8743 79676 72401 61100 88806 36623 48653 
7709 80
62016 56267 57487 15451 70176 93313 25073 29246 67215 79110 67800 74131 63094 87885 83034 5792 67986 2688 55223 22984 8267 14248 24651 88342 63929 157 52352 80802 57932 64022 13653 97769 92805 59383 71530 89184 65690 69256 74052 69759 10021 50999 17649 87559 5505 89570 86613 43094 68305 83191 96250 99310 84608 85761 86834 89972 65897 60101 17332 47603 55355 49384 39017 18754 91326 90476 52124 4806 32444 97177 41605 51570 23256 97858 68225 57023 79393 48980 37302 55810 
4913 62
60265 28970 78784 47789 74785 32789 87905 98335 76490 69673 92160 37408 23261 51187 93759 66908 54605 30409 65288 67914 52769 16269 73619 41045 51485 29350 66581 73420 97590 50488 90073 72488 4006 38100 54437 40932 77126 63557 95040 49998 45232 15605 46554 96018 76817 99147 71078 27291 82855 46581 84278 26698 19925 99347 73321 62209 6587 7560 47702 47579 76554 8768 
4395 48
71318 57211 27077 20467 78872 34500 71824 55471 38416 53775 96640 6031 46120 94921 18573 57294 68539 52132 42813 55820 57116 63897 66454 38251 88614 55477 71743 86512 7533 65773 69009 90786 22402 25485 39795 9939 23817 66938 53662 64807 36496 61440 21808 78203 27372 39517 67678 81119 
5581 38
35913 67129 45871 38320 76113 14718 70116 38626 18054 6279 88238 49030 7546 35330 7867 71465 93899 50875 29337 99597 76614 30618 79580 64926 30019 5242 54120 68050 20920 2437 10830 39485 60340 42521 98273 70239 32566 78281 
3009 24
12751 39488 78349 50989 43305 11973 79098 74087 7216 37576 99940 34479 2771 94157 87311 29078 22416 7731 55259 74588 80092 23541 13229 58626 
8363 16
88044 30050 4944 28574 39210 57839 62473 7127 85817 42318 10740 41287 7691 67200 34079 4580 
1385 10
25245 52111 13288 74249 93705 43333 40845 36452 222 10962 
8765 3
72920 26257 24266 
