77
929 10
61867 4648 81620 64425 63642 30667 71397 80743 19611 2122 
928 10
74107 78809 44464 79899 48216 8182 49221 40731 12464 93411 
924 10
38731 49627 636 24043 16141 87080 39910 43407 21559 46101 
923 10
77177 62374 23494 75841 64437 32782 23255 29956 57014 60913 
922 10
36017 88566 13101 73801 1495 12726 8237 73079 32841 37268 
918 10
90475 38405 44475 28657 5852 8613 71833 12221 10816 57993 
916 10
71835 36968 79382 50007 18110 33933 72744 89736 74502 32159 
909 10
14532 95171 34754 5668 55599 90822 13469 26163 48152 69477 
908 10
94002 59693 13536 52687 79759 58575 3821 59817 13048 52259 
900 10
89897 37409 20717 48731 53125 79338 75132 22235 23275 49734 
898 10
59640 24737 38818 11036 83909 47101 26218 47428 22214 38049 
892 10
53513 94081 78078 8497 57996 66410 64582 28905 5483 16488 
889 10
2611 17864 53346 83936 26912 42428 57384 95221 75813 655 
874 10
61479 940 91087 15170 66527 56887 43205 11422 22268 4398 
872 10
86358 64261 6659 5609 47909 36041 80278 58349 7790 70740 
819 10
44692 73640 52682 40955 44965 34472 601 73958 41193 57106 
786 10
72768 2799 64924 4136 21919 24291 91025 80333 83089 44341 
725 10
42547 63332 55270 44697 34158 51606 69909 84404 17356 25939 
714 10
82606 30279 40959 19277 75910 92486 67965 36634 73994 19245 
647 10
36821 60787 48055 12823 26257 83748 89712 50816 41171 71153 
623 10
19587 21408 36482 4897 59780 82385 41741 59689 91182 13226 
594 10
92482 64913 25006 5156 41737 7380 88820 84048 43510 57810 
513 10
46243 4845 6695 21042 78030 42632 20357 83756 40336 37293 
432 10
46088 53178 23119 71437 14519 58382 26577 8432 41902 72848 
372 10
57506 92600 34022 50657 69697 53518 59207 91533 78177 69308 
66 10
29653 68962 67739 31938 86989 339 3381 2068 88401 81250 
24749 9
473 87161 23092 3366 31988 64447 78476 6128 28017 
24492 9
6315 36420 92106 26866 95272 78952 33628 8529 54610 
23571 9
7156 26778 76732 61928 56890 73629 26982 57921 26904 
23245 9
41555 43089 85692 74423 90269 64315 26293 4503 72118 
23167 9
45827 34996 22881 53004 5851 81864 59762 42543 72550 
19093 9
43158 78819 31257 85361 44602 86030 48810 92620 33875 
17099 9
63273 69123 26452 82625 27923 93909 28283 62890 12153 
16039 9
64763 68291 37178 83869 2414 2812 31787 13521 37913 
12076 9
87884 44997 38866 37661 86470 42867 75380 28090 30794 
8968 9
90744 12345 2512 91301 4154 29621 68771 29625 52134 
3144 9
66458 68977 77071 88100 42903 36385 24780 387 67276 
24822 8
95158 71755 38295 48504 64920 37601 35284 54045 
24223 8
92460 28295 34431 91536 51708 38465 71300 21786 
24141 8
17720 76456 53845 25242 1386 6552 86431 42040 
23259 8
90969 86745 42015 37329 11333 28179 59647 27614 
21989 8
90488 74402 75853 14224 49736 50380 66819 23514 
20831 8
87679 72361 58069 93685 45982 14019 86248 57403 
16500 8
50461 74208 66380 89894 14979 20849 73061 64181 
14374 8
40964 52492 30395 43537 65052 48998 89759 7564 
12941 8
49097 47878 85865 21702 62491 68511 51252 15487 
7599 8
52423 46339 89024 25 72320 74777 64903 3007 
143 8
20803 78945 8997 92763 39444 31791 54391 42335 
23515 7
92672 93383 49467 80955 94049 17270 78018 
22337 7
12678 31113 10187 52287 19448 41257 92957 
13693 7
22810 65890 39575 92319 62070 42301 48839 
7856 7
46624 44339 4266 62978 7634 15271 17390 
1878 7
81424 4761 31244 54442 41096 72572 68431 
24365 6
90009 36963 61860 92177 29827 9585 
23338 6
33838 65797 69764 26789 86001 50210 
11100 6
68400 88619 53921 94062 61608 16751 
10913 6
69487 8581 59230 31500 70292 83670 
24500 5
89262 44016 80046 70454 63200 
23913 5
23139 4001 18918 90439 65823 
23236 5
37938 60307 35225 34987 27421 
22591 5
81251 41573 80435 20750 89507 
22122 5
17918 32137 80666 94260 21763 
22056 5
27579 14792 13434 60112 18353 
21329 5
63291 20266 19011 93782 30564 
10923 5
10817 93448 71849 46262 47873 
23393 4
32443 26540 25117 8278 
21511 4
89414 44065 44502 89114 
17729 4
45776 76950 20747 11028 
16352 4
18444 43865 19149 64307 
15096 4
7989 53813 35593 91282 
12117 4
53438 9340 27684 57248 
24499 3
70701 4222 53148 
19044 3
10612 74923 58513 
24341 2
7290 66433 
23812 2
36362 4972 
23528 2
53043 48515 
24834 1
34911 
