13
2455 160
43230 74782 9512 1379 63805 64982 38533 11597 53457 57713 73547 55864 69076 6803 60332 29808 91543 20158 35677 82164 68701 28380 37965 84168 68781 27399 90775 61390 87461 30963 10952 92628 56641 9638 70759 63266 46766 93898 15378 59111 1407 9004 79687 86743 28739 98655 97640 94158 48119 11626 52424 69415 69851 18512 89567 76135 37992 69850 76799 39071 657 8673 20860 88433 79484 76170 5433 77095 42802 97844 3214 73068 38155 22722 88504 67161 17395 62665 66215 14712 15363 71508 10476 6751 84274 10759 2743 23043 6860 23526 51182 76336 59994 10053 81825 95610 98585 47739 49564 87658 16047 20318 32990 61746 96668 21208 54862 33337 35979 95340 27411 67223 48594 91297 87820 14520 23768 69355 38188 22265 97243 68627 40069 56240 69997 24888 38821 45308 46548 50719 80442 80875 70290 62736 40124 28035 66105 76269 23487 41609 48776 49900 12664 17742 19258 83935 83511 72013 12255 32102 65721 45652 3038 42570 190 41335 59837 62052 31864 39300 
4852 143
64702 73987 94849 7945 31077 35344 58151 44996 18176 37336 26595 33418 36298 15725 1255 220 79431 9283 20296 16582 79354 17927 62137 94583 49263 30714 14916 19144 13098 59193 2661 16242 79927 4117 70434 38669 13515 54929 91687 44630 55916 99539 72544 90711 24179 67737 64490 50852 25829 75890 14406 63123 42149 55234 87210 37728 16307 42148 23824 46674 49523 34737 18067 34701 61895 188 72346 61608 46420 51520 60714 88541 43980 40521 72112 16446 5460 36736 63660 27676 32486 7680 73552 98292 90155 35753 75702 26025 18812 53902 67705 67419 38736 47488 24934 74846 5079 91718 75771 40910 93815 31871 25795 88772 9405 5407 18107 86327 9002 46254 81610 86852 12349 25788 79501 74904 30720 53299 24908 61286 44975 48927 77697 19687 59560 12498 21135 20790 22875 21085 83232 86379 43150 45337 90025 66249 55428 75612 56985 73770 51124 14299 49208 
116 119
46080 87140 45736 33951 20436 3175 75675 44145 1053 21546 59314 92530 34540 32520 2937 72671 2479 58010 32319 85946 62117 21228 70521 33064 97321 96884 53065 7383 96749 61622 92444 97841 38131 734 56666 18180 52691 23408 18832 62969 40200 48114 97881 26035 86235 17886 36067 55632 23132 86002 21891 79683 48743 27514 13852 4728 71187 96900 55964 57498 31584 68346 72126 69685 85090 79722 13818 72719 91541 9061 21975 60412 80614 8707 38769 20044 2460 21756 16640 982 96933 78261 57849 41135 89609 73553 45954 66063 8291 57562 94479 44492 97840 62863 10463 45044 8518 71753 24829 38918 53840 25717 28561 58162 95473 84323 72356 53073 76736 10484 54438 35687 99015 64357 287 47518 90104 46981 96771 
2359 96
46824 77831 65947 18506 44925 84742 85240 1975 37181 33634 21966 25718 54577 61756 14682 43133 70324 74464 3835 30972 52724 18231 61857 76523 36183 58483 92713 8965 49760 95740 20703 4126 68080 15926 97723 23214 2673 78670 86696 84148 83100 41640 58943 12550 24675 4436 4224 31782 87584 5898 69788 20470 50271 86768 71836 79043 73769 44198 35982 90887 2358 2267 98354 75006 65900 90277 21379 38438 99758 71757 54821 27686 29102 70817 29404 84813 38062 5742 58019 69709 26909 79767 5496 14714 15464 77028 84609 69317 42601 53179 85070 93399 37220 23056 6400 50761 
3872 73
70395 22915 91175 44651 24470 22182 55028 61025 98018 39228 94601 20848 2454 41412 14965 38067 87313 20150 76312 11226 92562 60413 60399 17776 52371 17389 39454 62187 65670 30066 69308 15616 25618 67220 5787 19298 77892 84678 41058 63867 71626 55579 77465 85018 66703 53652 92018 63960 25727 4697 74919 98840 30689 33644 59827 40867 40882 96004 46899 53556 72711 64189 67641 39029 44595 9563 13175 49363 30041 81516 16613 38962 16023 
3431 60
49913 68335 96398 53607 59185 27527 21897 76644 46443 76486 66155 13353 17801 47944 89451 64575 31213 44764 38461 73743 94843 31028 9408 58849 61842 29806 63893 36115 19000 66124 48437 74847 62003 50825 49322 99755 73079 74245 45707 63560 38387 87359 67714 95533 50541 76660 51670 86473 34647 53240 27942 16655 98114 84634 36742 85974 77975 16680 43754 77295 
4935 47
38957 7832 59882 3217 10923 61508 71801 71446 88581 15976 81616 71438 93614 92456 9593 28469 87012 46248 10003 11635 32327 46972 10269 86346 58726 25265 98698 63550 89729 14702 73597 89975 46781 89629 28808 98085 61209 22098 50231 89782 81964 56737 70206 26760 44547 52590 29331 
5655 37
26261 81020 89726 23779 9091 98725 46181 10944 92074 60145 87501 35805 62004 45261 14305 33881 36939 42467 34303 44460 59370 23651 34850 89176 63847 84110 51153 89573 24878 63749 50495 1109 18975 22567 17862 31140 89659 
4845 28
5724 32268 29172 24454 28645 70131 52016 74229 53100 50938 76934 17093 63892 64573 20482 26288 41515 8610 54466 95607 49884 76314 49117 71078 75551 85202 99810 13266 
1973 19
65453 15108 63268 8782 39801 43665 4251 61976 1982 6440 57982 49392 71099 48968 75789 33728 8683 75320 36277 
689 12
2874 93699 83841 95783 7685 80003 90090 82453 75902 61490 35732 21974 
5695 7
82931 38876 2767 73916 74055 1266 97891 
6271 3
60848 69541 66624 
