11
4621 120
51231 92082 90234 63364 41792 64900 4046 20705 90947 21355 2784 49098 60251 40398 79087 11773 25614 46226 20909 64959 12914 79652 72039 47905 85532 23556 40742 64092 13414 30177 85890 71770 70568 64708 37377 31351 93439 31621 39122 45653 32393 8337 58765 17328 15843 56760 80379 81461 39669 68435 28995 44618 45555 14832 15344 82146 369 28081 73612 99365 85474 83171 9754 10353 35932 55129 89336 9445 86466 6948 24299 35604 80336 44843 4351 44288 73844 22119 92600 92525 12695 27580 59557 98714 82173 16455 87930 6389 51948 42739 35780 75676 63688 56998 61747 15251 56630 35930 95610 51081 31361 49716 57699 70216 76615 2173 18560 53879 98318 19864 65505 23392 85074 57735 61048 5539 64930 61279 16695 87273 
4829 108
53205 56861 8839 64280 20416 62526 31702 261 72678 7362 74433 56485 79310 45151 14878 24352 53367 42805 1154 95986 84260 51005 74640 55974 48019 93468 10801 72014 104 18379 199 48023 51290 67753 96923 91036 10568 27413 15473 16432 76370 57870 86356 33924 29507 5942 52222 738 79844 2877 87196 32731 68311 70628 37264 57925 31941 88537 2703 81614 75545 9485 77686 19174 31203 82588 16499 27995 62383 86274 16209 25335 63575 3232 56026 13235 60902 40785 8266 34646 33946 59193 73709 56675 56284 19030 78761 68142 26078 571 13614 29155 69219 67133 49273 34028 55438 42610 96817 63956 4004 12558 77790 53487 37737 13464 71759 51483 
5489 85
69671 95911 40206 15526 69097 39519 98674 78822 92736 49278 61313 59853 88570 14720 95971 66087 34857 14969 33897 75226 53472 64570 28103 48402 81821 49940 38936 1817 78221 56404 63071 16610 30424 77374 84561 95209 27335 75221 22790 78183 12096 65117 26136 2748 54077 68420 78217 3977 50937 82128 19467 83128 19276 82262 54830 53659 63547 54590 54368 73516 8166 60762 38511 83385 55423 67474 98597 93669 93608 21172 95234 76745 78055 83396 93380 23378 40140 94841 48060 37472 93789 40831 5326 82275 48297 
7069 66
86863 49360 97760 20057 67024 99579 77626 93156 72142 33487 56468 10461 54592 82256 45870 21365 14623 43143 57595 71593 37782 61557 75245 33882 8021 83535 54976 28482 27824 39267 93005 52647 7774 78690 90079 66554 5881 10746 85337 51410 73362 44321 95930 43820 13699 89996 75052 44983 95835 82741 50989 2980 75654 69535 87452 57914 39020 37759 74730 62600 9928 44998 80018 69334 80566 28414 
4215 50
632 54367 90188 14084 16114 7139 2111 4664 52906 60796 24741 67251 90269 44020 78008 26293 73558 74690 9213 69686 79124 81049 38818 27274 75077 78122 72989 36113 2332 92423 2541 81548 16011 52649 91391 19874 97028 98371 94592 27221 59980 12828 34191 72780 39241 91597 73922 96367 343 62726 
3479 38
15634 27246 65707 82396 70256 21545 86410 33359 76410 46768 15800 20767 26993 75936 3868 25372 16159 95644 40893 43186 24191 38205 6342 68105 66793 87810 74627 23856 53343 4055 68955 55735 79940 93114 33893 51565 14338 60199 
6579 26
4884 55201 51289 23588 7084 33021 97093 59239 74432 49615 81561 71449 52751 87565 69140 2353 22613 59675 6761 81974 7945 68999 41658 4972 32429 43568 
4318 19
14627 97527 42702 87317 69230 60408 14966 36043 48691 2811 24654 52616 38746 87352 3169 17364 25520 80632 57960 
8246 12
13019 19795 61918 95263 33986 75653 30332 1615 46992 12327 75938 99536 
7751 8
28022 38726 31877 83736 74548 65813 80024 41958 
8288 3
5276 82386 80189 
