12
3365 132
87751 69394 3543 70138 42586 66905 69088 33278 72120 19839 46407 40692 2894 81453 61348 4100 78259 80249 45909 36393 59634 87907 33605 11819 82654 56699 42497 24797 65193 3836 40796 51075 1486 1604 52487 97327 79589 9002 68068 75836 51309 28997 59978 10427 63060 10396 87781 56847 53274 56975 91923 59494 39670 26243 45131 62981 99628 24179 97024 650 90156 50411 31550 74464 62043 22365 48296 2155 590 93702 71778 91254 42109 24474 33114 76745 32936 33099 27764 32209 97959 42846 15515 1197 23340 72964 12489 96809 21378 42198 39722 74761 5880 82714 63787 49134 21423 16768 14422 44392 46860 11480 8579 66247 64599 80430 49453 14362 7126 23141 21798 30838 96633 54222 25981 74421 93776 21864 84876 62057 33425 64848 97442 21377 86324 72286 19670 72457 87838 4204 22598 84480 
2575 117
43123 86691 70679 49780 61108 88061 88213 53515 60244 46467 86757 57520 42273 54142 37108 23869 2669 7924 69412 43559 42721 14663 4633 88003 91395 59800 17693 4643 57530 39461 71079 16535 11261 87051 65920 78244 59480 59539 77659 97989 48354 73973 15703 50859 14936 10773 97855 54458 56663 18163 87248 14506 56404 97046 13472 5647 33277 21606 40617 77515 72290 18082 74694 60646 48178 98878 91220 83316 13291 27734 31908 53604 60821 37742 66336 75165 54579 90858 52520 51873 76386 38727 94573 32795 50152 94140 65065 78662 15035 73236 128 82447 10970 92520 5534 21916 70252 40743 10798 12861 1130 54040 51431 33381 21789 52756 1032 87113 13202 3807 83239 52191 26808 52081 77940 66381 61913 
3108 96
75826 28655 57089 2581 11511 57270 71097 16290 19185 1192 70249 95791 46550 28654 63495 26621 14599 39245 35584 45064 74371 96319 59711 32880 93983 49377 27786 37014 93997 72258 944 92385 40476 90526 8778 22323 34773 15014 40454 84119 18900 49815 30821 56417 55349 5657 13879 92260 13844 8884 28845 32226 535 73079 69986 39403 756 78642 87098 59661 38945 3796 34152 75549 49666 95947 88377 51855 21067 92969 66498 86660 85994 91457 17856 97868 2762 49265 44078 75915 52020 49662 70892 43330 40434 60224 66501 31837 83092 92749 87185 43866 54667 26680 55126 67045 
2552 77
65199 89359 42327 78557 92774 91934 60610 54526 4838 27230 93008 23279 66319 73565 1842 22931 8695 84868 97968 25584 72486 72443 44557 45764 27238 76711 54932 7789 10329 16259 85880 49840 83387 49569 33818 47838 94824 38323 2600 54568 17811 94727 24940 10026 21848 66973 31443 28324 12666 16550 1142 51240 54646 45364 13396 81587 29293 17009 46775 69679 71535 6051 44478 85657 93649 58054 21396 95106 43303 80026 62481 68377 86460 32222 810 71725 98207 
2181 58
68756 92654 18293 18517 48979 39602 52534 37045 85520 71202 67995 9346 56517 29948 46496 7451 33826 30947 68229 58370 60503 87687 41118 83945 3844 39354 94941 37474 32304 79793 9141 40190 83740 22658 86540 93724 26341 21655 8436 41854 47076 29187 55239 5074 42352 54379 83512 44132 58324 74577 16371 64689 6473 70052 2970 69058 71024 80765 
3442 45
13465 29633 709 75674 85519 30901 24094 74385 24823 32191 34894 10639 93709 41 33453 85674 50375 31486 13473 47861 61832 22944 38919 74829 31875 83788 49297 30577 88090 1931 33772 11917 44875 86875 95040 28927 74450 42714 73132 85726 8170 57245 12457 2577 83543 
2360 31
17712 17986 73813 40857 95125 29275 92411 51392 52567 77750 6946 98927 36663 99670 97358 97352 3657 52456 59422 6184 58637 64008 69019 99257 69910 69330 88035 15850 27066 24799 32645 
1320 24
12325 64452 36473 63765 8447 10743 98605 88096 25715 46988 62762 8963 17018 3939 80462 26398 97831 16612 15676 12891 27046 57862 47002 30072 
3817 15
70218 16939 6967 52465 11758 2335 5904 24914 31211 96499 25941 19868 63696 13662 1423 
1056 12
45365 91577 20617 3911 81829 49214 59255 47877 80603 1779 85227 38167 
3301 5
54410 11532 31267 93694 59526 
4089 1
76170 
