39
1826 17
25109 54979 79191 35743 95900 22594 92337 49044 2731 61044 95361 49329 28361 37605 2568 9769 63855 
1825 17
20612 99497 487 60750 48992 5806 82156 53862 54793 45572 67249 58317 58271 29367 75922 13811 40364 
1824 17
97397 62039 6176 61536 60386 77141 83536 54854 43042 79604 88431 22443 51775 16636 70046 93020 41302 
1823 17
37486 49214 65705 94861 37095 47287 19040 59252 2319 72872 74505 6428 51175 59313 84063 31738 50602 
1757 17
34166 38637 58347 24481 53244 32320 90848 47886 20647 80356 82402 48039 72621 61634 69950 80701 22170 
1715 17
52623 78839 22871 96498 84828 68443 84356 9283 84697 67258 53463 86438 8911 68775 50836 63374 39935 
1548 17
63622 11789 83832 3280 47485 1227 92540 64356 71611 28116 71594 96744 46432 60904 24208 34341 34855 
1120 17
74674 23032 49646 88717 9552 7670 22508 83709 34626 11701 18409 14211 44060 74937 45048 78780 29277 
908 17
71400 78870 51512 68543 50056 52467 75651 23211 22889 53407 66634 7900 71169 72226 31029 62125 26637 
6684 16
95893 37452 15972 6032 71827 80273 77699 23946 54357 29614 55474 45501 80577 86323 5869 27694 
4093 16
34081 66013 32414 92420 85656 92718 28594 43494 13303 21383 97004 7827 69160 95051 50886 63113 
1299 16
63521 32001 16409 5138 20671 35905 29150 30039 34755 90345 50821 75912 59852 87582 24420 3785 
5459 15
87486 17357 40433 45433 73338 42093 41529 57430 7854 9389 96098 75025 87387 67551 58456 
2848 15
36957 57943 80781 18009 97689 36676 39776 59372 94595 71230 82419 69968 3451 14676 8523 
2142 15
129 3221 42800 30982 3512 63005 24111 59241 78364 86833 40470 93510 62369 62783 91237 
6006 14
28026 61518 60735 98095 94605 16667 5328 56975 77537 97974 74097 73292 32933 17516 
4100 14
44323 37336 22294 51273 56110 17496 78027 68155 3060 3806 98465 38656 43520 19126 
2473 14
8083 67696 46358 15319 72481 4825 55787 45530 6094 36958 21154 71648 26043 15327 
5712 13
29318 22437 65929 72684 36520 92802 74761 6812 30279 11505 45378 16931 22464 
47 12
82130 75444 60406 75279 69724 59834 69270 19238 60759 50043 73643 32272 
5913 10
1250 39855 14124 67190 42891 13775 54734 21151 4834 25146 
5305 10
83495 9562 71625 82200 18551 55218 60713 43653 63616 79041 
4661 10
85683 49569 47264 9522 75241 43835 31423 63694 32491 71888 
2834 10
50410 16980 47766 87902 4593 77052 68302 4812 15413 3741 
6093 9
26564 62063 76035 82365 79320 34427 21199 60840 28461 
1325 9
80605 17634 65617 65652 66825 81974 3312 83172 18306 
57 9
86258 98382 29113 21989 80462 82213 42569 87210 7734 
3358 8
3837 34762 2763 19536 12128 5544 86636 43072 
3723 7
34252 16532 71651 4018 52965 56915 60981 
6505 6
81016 71587 39747 20242 85322 59630 
3602 6
20702 81944 231 60598 19915 45709 
6740 5
96552 60849 32379 84308 7909 
6674 5
78784 71123 79813 88070 72587 
4597 5
55354 79708 81731 13305 4455 
6508 4
56332 75649 27003 87834 
2780 4
79965 15978 87863 99997 
777 4
27884 598 27359 988 
2978 3
15836 66820 72483 
6807 1
41597 
