163
20971 9
41660 26195 25331 13533 19851 58089 11562 34370 16373 
20970 9
2127 67084 71173 75294 55122 66011 49316 20722 66711 
20969 9
51218 4680 6899 24475 13661 45096 59837 74442 40129 
20968 9
59223 2580 21680 21619 24471 42330 43595 12689 48865 
20967 9
51857 12245 51462 2394 67881 36864 20272 26934 7302 
20966 9
54326 71919 5507 57098 38794 33243 68513 26360 58389 
20965 9
32661 2333 78680 63319 70043 41102 54533 30720 23375 
20963 9
66076 16479 28446 34091 31835 20730 659 50487 19710 
20962 9
13278 10559 1625 17936 61493 16492 32718 64955 66879 
20961 9
43087 74227 7614 58140 7743 75444 52425 61563 5340 
20958 9
32554 56852 14270 32172 40864 12012 4699 2670 14373 
20957 9
51096 57646 43441 65318 15090 7224 45687 22436 32214 
20956 9
17527 22065 24402 19776 57796 10439 43703 32828 54193 
20951 9
46589 10772 72635 29148 14808 39738 70938 47907 33829 
20950 9
53471 32939 3850 63753 46853 79296 25057 31099 19815 
20948 9
27333 40232 36834 40471 58456 60620 40294 18313 28260 
20946 9
79433 19770 43528 30389 17319 78532 74021 49625 48463 
20944 9
32303 31780 52503 75751 55264 16911 75021 53508 17832 
20943 9
64774 7604 55850 22456 42423 32449 60548 50649 33102 
20942 9
34343 15280 65193 31058 79388 35409 63803 76028 32316 
20938 9
46028 44453 48107 64916 66041 27840 31488 37014 39579 
20936 9
66968 41204 66656 42261 42405 8886 17714 2987 58571 
20935 9
7332 46026 51343 37798 79642 60045 47746 992 40329 
20929 9
68331 36724 8748 72637 32662 27726 46356 259 58390 
20928 9
44551 69016 12474 74668 58810 4392 78684 3568 21399 
20920 9
44863 42133 8983 36675 69009 55621 74721 61126 67904 
20911 9
25514 78363 43337 10250 57200 64551 18886 51968 75057 
20906 9
13510 33701 51375 40805 67196 71746 57832 70784 54468 
20904 9
51335 8005 9944 15951 33364 10453 61692 67898 35141 
20896 9
21480 7662 24209 61352 29413 61505 34671 6504 28724 
20872 9
50320 55061 46750 25745 4304 77364 27233 54535 36011 
20834 9
22554 63169 4974 60875 33127 45244 15715 48404 52992 
20831 9
30621 11071 15141 42601 16638 44344 4665 73752 30743 
20812 9
11310 9990 70741 3307 65038 39815 31214 27977 55821 
20798 9
5579 62916 58885 53429 44521 41327 8377 39011 35900 
20756 9
54770 57877 61608 12361 57443 48922 15475 72568 29667 
20698 9
459 20135 51824 17323 9497 50130 8925 48863 45626 
20695 9
34568 70638 27952 27516 65849 23952 74888 4793 17621 
20693 9
66637 18451 13421 7914 29508 50707 42849 79377 5429 
20638 9
59921 23391 41006 35105 11723 74 31685 70962 7069 
20636 9
5598 73532 33572 67585 36623 60285 78863 1225 37589 
20600 9
56384 30071 59924 64343 68017 3304 6150 10296 1907 
20541 9
16771 73962 57895 35326 16115 24408 8434 63365 64909 
20534 9
31374 16455 26027 13320 19531 9960 48883 37782 9508 
20506 9
35502 31034 7580 68227 10426 65437 20842 3820 40113 
20374 9
45975 65926 61638 16011 51800 47425 21583 35948 38666 
20297 9
69994 35398 31150 58848 359 43531 29549 78316 9642 
20188 9
8341 62008 8401 22160 59493 6149 44648 56904 44824 
20102 9
19343 4865 4317 5681 72414 33699 47599 73472 57228 
19910 9
25923 7115 39379 63537 1284 57331 58143 74811 27570 
19708 9
25370 72603 14009 34597 40799 23882 17490 39748 77011 
19686 9
17212 74232 32432 37216 60159 2318 1203 48520 50756 
19650 9
49943 26859 45197 38396 18079 28820 59394 18371 7561 
19624 9
43053 23195 9663 68240 48100 49431 73221 71608 5026 
19597 9
53651 45999 6302 44771 62213 37597 38058 47353 40218 
19303 9
8441 57461 10525 57442 13815 43235 72039 13211 6292 
19229 9
71731 25642 74943 41882 37433 10061 74958 12073 36895 
18703 9
12240 60609 47958 2867 54488 30914 15714 13620 51697 
18618 9
74743 30772 65602 5317 22298 18960 42286 55037 11684 
18461 9
13240 26728 1766 26819 44717 78776 13509 48259 48290 
18384 9
70360 51276 53888 32965 5810 12252 63882 37840 1506 
18012 9
3219 68457 58726 29844 56209 60810 24640 62744 65556 
18006 9
34006 31999 5963 77877 41726 58088 70145 8114 10729 
17998 9
31199 78672 53853 65030 68703 66240 37192 19969 4289 
17528 9
24380 75441 48451 17211 23849 3715 8459 55018 74639 
15120 9
42894 53638 44914 49594 32057 68176 45319 5671 65490 
14460 9
976 46570 7251 20028 5208 227 55411 1866 45972 
13917 9
23788 35178 12062 61456 17830 38795 61418 56942 74019 
12961 9
54233 69003 22308 72005 78910 79362 12741 47076 35527 
12192 9
44565 13224 2422 76677 75356 43022 61558 3396 61457 
11152 9
48809 65485 15881 48093 31565 71306 67154 36000 12639 
8460 9
22185 50111 6773 39268 56589 46114 6090 46664 63719 
5671 9
56945 17173 42123 63861 16090 50342 19326 56951 25282 
5485 9
14831 31253 44116 36886 26781 56615 27421 70731 72134 
5163 9
57008 37687 39319 27052 22054 39707 56477 66933 21083 
3417 9
25402 50885 27175 44730 77700 11607 38314 75589 55959 
3202 9
69249 33583 16581 19042 8137 30754 37923 41338 40595 
2819 9
43783 13716 76886 53733 71050 46914 37260 16865 59468 
22743 8
30525 12242 62627 12798 30234 58157 48825 17469 
19944 8
65999 54572 73983 10407 18375 8358 45813 11344 
18898 8
530 79073 36648 15713 30005 78408 2327 64244 
18550 8
27632 18000 19887 61936 7975 75772 78612 45316 
18498 8
47770 31296 36135 45013 66659 51546 9892 51345 
18375 8
6146 25951 41872 52045 26724 23822 70577 2972 
15683 8
7521 51062 23981 6042 65781 40816 24216 14670 
15315 8
891 71273 38268 69591 6312 57243 52326 36497 
14856 8
47053 71325 59622 6031 44792 55110 77823 69903 
14299 8
54054 27258 42081 45055 19708 50182 32299 26588 
13363 8
48015 48278 5891 42622 67476 50336 64703 74626 
11625 8
72741 51611 58537 18568 6678 8628 40934 48736 
11088 8
51767 59266 26778 47567 24636 45371 21518 63705 
5264 8
47272 44047 28883 77443 64043 74205 33109 11838 
3035 8
56025 51022 36468 6739 25861 59536 75085 4993 
20514 7
70982 45471 24666 69396 57029 62559 54921 
20088 7
9210 17512 69611 46846 36472 57419 11770 
18884 7
68101 26929 376 31888 13991 76888 65914 
18707 7
18678 51555 67575 18150 24459 23508 38299 
17959 7
73158 6243 33808 41912 64115 18188 76951 
17080 7
25375 63877 39517 74491 32548 12931 33643 
15693 7
24678 5650 67529 6254 16986 7966 77544 
15431 7
34836 52273 35299 19197 51420 40942 38399 
14143 7
32287 61959 648 4474 17782 11987 27573 
13015 7
52885 18969 18004 76790 26018 54931 76269 
12306 7
21567 17712 15949 69134 9915 30109 2962 
11560 7
70756 28232 56192 67578 7458 79736 69418 
9225 7
55321 23468 51964 18264 22417 20554 12312 
7479 7
69420 58486 54487 18830 75100 4345 57248 
7267 7
65913 79398 36780 47032 43379 42890 22381 
6878 7
73933 1036 53317 68853 29012 34738 47774 
21579 6
25486 39085 12353 12713 43296 57281 
19339 6
65731 7446 43757 64174 48423 13894 
18330 6
12426 50323 30000 32562 3124 77273 
18100 6
15095 19000 75710 63048 55258 65766 
15349 6
67385 32319 17939 69667 54584 33481 
15284 6
19667 30155 76535 29737 67876 55144 
12933 6
57615 3309 50474 12826 11171 37409 
11863 6
64330 13094 51469 25341 34128 37041 
9888 6
62551 41429 6477 6126 23723 48500 
9585 6
1801 13553 47696 46838 49 20541 
7789 6
43828 3483 21965 3693 28101 22070 
2241 6
51608 45785 27055 21886 47807 79039 
21507 5
18324 56848 20301 71129 79313 
20690 5
17686 32134 4361 38388 74077 
20582 5
30151 74910 47777 7956 32976 
19860 5
72118 48109 18453 1026 15488 
19386 5
66355 16242 2540 46717 56735 
17228 5
31578 42157 56256 19566 58451 
14960 5
12586 5928 19659 4561 40906 
14764 5
26288 38742 32065 60201 78813 
12181 5
27062 46200 45605 58192 62901 
9961 5
64684 39624 79508 20003 58754 
8030 5
21566 70528 35176 16334 16729 
6192 5
36920 40397 40316 37834 6298 
21562 4
45886 38992 58895 8340 
21345 4
1066 59159 28672 51797 
20955 4
37905 54504 22985 5505 
20505 4
23496 30107 22415 44923 
20328 4
59201 31812 7286 49691 
20185 4
76473 76585 71950 16182 
19343 4
60523 54355 28610 17814 
18854 4
44448 76194 23983 72537 
17345 4
3293 32063 70591 58762 
14999 4
50051 18094 70576 74804 
10691 4
63942 49764 67492 2586 
9151 4
72735 4051 54068 100 
9126 4
74145 70312 78019 26766 
6528 4
44972 74698 48567 948 
2251 4
17494 12681 71177 4821 
20558 3
26229 74347 35277 
19479 3
42100 34622 3807 
15943 3
52350 853 51012 
15521 3
26949 34691 19440 
11982 3
43319 7294 35781 
9765 3
3908 7529 20025 
22590 2
25685 43425 
22493 2
78843 31715 
22394 2
70646 34866 
21686 2
43678 46300 
19506 2
19193 72448 
16543 2
2080 35974 
13553 2
69595 58311 
22757 1
45699 
22715 1
44995 
