101
5040 9
89417 45414 4614 12552 14536 25089 19269 7606 76839 
5039 9
81186 44561 46038 34681 27348 9874 90614 33842 47971 
5038 9
92526 7491 52040 86430 29485 16614 24107 17720 31510 
5037 9
6512 11826 23145 59423 4099 5403 96030 770 65093 
5035 9
19394 39966 25678 94817 71153 25760 20699 34240 25122 
5034 9
2732 5283 90098 80446 9339 34148 16053 16608 24166 
5032 9
6130 30030 20986 26107 66276 27597 73018 45367 6366 
5031 9
37871 91697 92029 42146 96065 94519 8482 81067 8526 
5030 9
59618 96040 17313 19703 78680 80453 51813 29044 11657 
5028 9
81796 35162 86460 63458 67050 27420 35585 43547 6068 
5023 9
55138 16011 59485 30332 50869 53211 7871 84385 64188 
5021 9
15607 81646 10434 16999 72299 31716 24637 5490 66004 
5017 9
42403 81913 31184 63551 32737 59721 1600 59188 25867 
5016 9
32141 95346 53246 49156 16802 65540 23031 53904 56232 
5015 9
2081 27004 47616 3580 57031 61533 65811 8404 88935 
4997 9
79816 28809 70640 40483 21283 32139 46417 53235 66580 
4995 9
95669 94998 65949 90888 3986 51172 60236 46260 68645 
4989 9
79178 86357 31403 47639 5858 9867 77391 18344 47127 
4982 9
79691 82178 8241 88791 86667 78205 67526 31330 83178 
4966 9
711 82387 76555 75035 17905 82255 19218 5545 49425 
4959 9
16431 19597 74781 31595 69621 58399 55034 62843 10817 
4943 9
90421 8022 92318 51577 76102 74625 29568 27122 37955 
4925 9
45530 60234 58826 41050 64567 12313 30026 89670 13836 
4917 9
76487 59184 61958 2757 89816 51717 3774 53651 81651 
4855 9
22499 13737 63377 85001 87444 74875 39975 5240 84974 
4749 9
18039 33536 12954 93711 28342 49909 41798 72167 69487 
4734 9
49624 40632 63792 33633 51155 64706 43294 78199 63588 
4639 9
5091 8230 29383 39853 12955 30983 49172 90015 60850 
4637 9
71159 43262 87931 1359 33616 23622 31897 21511 2500 
4582 9
69357 345 7930 1561 85335 17608 73557 12771 7641 
4492 9
69786 89528 40519 41795 81597 72894 16776 92335 12323 
4462 9
90026 22823 73847 55056 63757 19804 45660 3349 40026 
4150 9
44744 66109 28057 19921 85662 27028 88307 92612 73628 
3447 9
40089 22200 37634 87726 66557 79049 68908 41986 93821 
3402 9
22180 62111 29753 25157 18797 63999 16391 22245 15746 
2952 9
32583 63519 78990 74530 8085 51357 50420 32882 91547 
2745 9
57516 70187 5349 93222 27402 7585 40388 79255 6548 
2694 9
50024 13289 38363 69808 45139 74115 62801 84937 88989 
2574 9
58226 14122 93460 25906 28735 76764 66744 92842 58322 
2482 9
52623 33018 29976 40780 6935 90206 86434 2113 60067 
2399 9
81121 71386 2277 22273 33277 55003 55986 18179 13290 
1888 9
86171 20833 35250 58205 56712 24403 41250 36440 34175 
913 9
81299 25466 45795 15382 46137 57085 66770 66941 21921 
863 9
89610 73452 60690 67619 41359 14265 16741 5048 80289 
15180 8
7683 61773 6667 80554 22951 13579 38282 2138 
11316 8
28707 47169 14507 44652 60095 70351 36512 76352 
8552 8
54595 69827 84019 78601 87018 47640 69450 82124 
8133 8
76169 43505 80674 20411 10757 22326 71352 57417 
8042 8
22418 31129 56699 50810 60583 95182 48797 73813 
5709 8
59025 36368 50321 59591 3542 10981 53835 91725 
4200 8
56245 20771 25852 50356 39593 46458 68011 55593 
2884 8
69342 56703 36857 34075 91574 52851 9067 25860 
2636 8
67477 84665 23108 9567 63264 36900 57226 58607 
1263 8
84909 68972 5387 42092 55528 38104 6267 76478 
14449 7
73946 77246 672 61404 69444 71272 72103 
13624 7
6904 13150 727 66630 89027 53469 76353 
13583 7
22281 70131 60323 78101 28710 77258 19993 
12444 7
94233 56647 54497 12291 24633 49106 30218 
11704 7
68063 64662 34585 4827 11122 4906 35918 
11347 7
75430 16743 83531 54318 72143 5222 81888 
9311 7
89309 16465 11407 78454 81512 11950 50320 
2470 7
42327 37948 48964 75327 87395 33133 87189 
2366 7
2781 29666 74227 71758 23483 12750 71236 
15239 6
60934 48553 23193 12728 91657 36061 
14937 6
79333 33288 69698 12437 92532 3229 
13256 6
26485 6817 17788 57165 94370 66131 
12972 6
2153 82486 63658 46451 53418 30131 
12512 6
46901 80285 92984 80256 73342 15112 
9021 6
14981 7282 92117 34349 9443 58115 
6969 6
94578 3447 74652 69352 39710 30050 
5993 6
64049 79545 53744 13595 78562 7851 
5048 6
54956 84211 31676 64547 73191 23036 
3271 6
19986 5251 53404 88063 69495 42532 
15325 5
73101 58077 23637 94013 59317 
14497 5
5362 78936 79744 70952 19905 
13421 5
3760 4667 38059 54542 5497 
13010 5
29031 45723 57437 26587 94175 
10787 5
24381 5564 49787 36797 32903 
10124 5
25649 31787 52940 45404 90846 
9929 5
68441 47088 27139 35471 5502 
7167 5
96094 75356 63052 8624 64207 
4335 5
92761 25795 2666 13334 15056 
15563 4
41030 4047 59312 17247 
14749 4
55595 76940 25947 57234 
13908 4
12386 74286 31835 7172 
12250 4
17138 46136 93738 83471 
10716 4
60964 19816 8825 36244 
2561 4
75455 5934 51932 20886 
14658 3
37693 26245 65708 
14268 3
38000 51996 53653 
13882 3
86642 34370 8059 
12897 3
83494 367 24987 
10065 3
37445 5297 65969 
8275 3
11004 16064 18632 
3231 3
53354 60018 77879 
15364 2
50238 46383 
15337 2
1774 85047 
15126 2
10287 58621 
12453 2
49261 58487 
6677 2
21649 28633 
15410 1
78277 
