12
41 183
19185 82850 99035 6494 19730 34039 43434 7996 19407 3201 78353 91242 4427 58371 94123 14988 62847 46519 24509 77893 50060 63605 49241 58685 84592 76654 46620 66414 89442 10870 24620 33058 52680 16579 23046 62466 3529 85011 89147 53579 28724 46860 25671 36915 94430 69150 30437 56950 93015 31171 84400 42276 49886 5408 66377 4248 87434 3234 68367 38841 86288 15465 49377 36256 98073 45599 5810 89847 45053 10919 5703 34847 78486 59747 75767 18818 25730 85999 76057 21629 60629 73621 77442 80882 2248 31042 72155 54942 78715 7663 86782 61589 48503 63398 17712 23624 19685 6492 16005 31952 77970 84672 22231 39555 3016 42253 41527 15399 27583 87765 44614 96454 70881 49327 74879 53574 45910 8430 57111 29412 99122 67404 29737 22533 65117 15793 58817 41364 97451 59422 53213 33866 18626 84253 96641 91491 63368 78373 64680 16075 89044 53658 76489 62748 56113 40569 41382 28867 61648 37269 99937 95675 95119 35528 80967 1896 68903 89818 76260 16449 19008 26966 79152 99468 69810 95748 58970 6511 95068 7044 74640 7714 57673 90986 43667 64774 82084 84695 35206 42477 73747 83788 69700 
4319 159
43879 89900 81034 39920 99562 93347 22474 79582 19422 87357 62715 67798 94391 18472 62048 6635 62237 73795 48979 53866 74326 13354 59523 13081 13914 85107 54087 57763 70491 90326 29170 2856 23063 36122 18170 31232 24685 16939 60727 35886 78890 81699 67015 31285 58907 73253 43980 4726 38842 69781 53575 35192 70987 31527 84128 1928 87190 17629 9349 50139 28339 97388 72187 82693 60470 90217 1974 52579 34562 20245 69693 16214 89932 24742 17326 20438 43798 23261 63105 72216 46972 16164 14747 42183 47157 4495 40560 54470 13711 98646 73990 97606 60311 37819 83805 96157 40593 93729 62812 39811 42226 88126 46166 82096 40080 59537 5139 91889 73887 47905 16437 54053 35022 10625 84803 48593 57312 60193 36194 93939 98459 38643 85093 63379 43936 79489 78581 71901 31554 51657 16206 46362 18846 67235 84230 42959 7640 62852 74197 28992 83845 32717 28557 14304 25290 79528 16638 24091 17569 50098 25786 85148 77279 26939 40031 94910 8634 60297 81727 
3318 129
12975 13764 33573 90349 14581 84023 42146 89315 43790 12405 91205 57612 78302 67893 74281 85281 12307 97440 8608 3113 33668 8910 86046 86309 69832 25780 74418 5646 90517 83953 57935 83784 22460 64031 53327 16279 93138 79639 79868 302 37531 62381 35511 42321 90436 40066 32375 52795 14880 5022 52213 89361 50076 71653 97041 91109 1977 2067 51705 88640 33063 55608 60185 63774 69665 19365 18194 40005 15704 53583 97693 54140 86984 77693 15248 67333 95175 84349 33009 77578 67901 9325 36452 34676 725 22098 91693 73798 40358 90878 63898 47598 61216 64218 39224 17182 37742 66101 71440 24827 32906 7148 67674 60088 72988 62900 85749 31871 81398 62457 94230 60282 58151 8921 8198 96384 61576 60951 7008 39414 40173 37608 8832 28293 3595 74380 91449 8932 64701 
2101 106
79808 6392 89386 27798 36449 74606 16611 66859 33667 10611 38507 46660 15382 7001 45737 20358 96951 496 5325 9484 17691 98342 97812 34868 60318 98705 88007 89335 33355 63449 2667 1636 9032 85897 66267 92117 46747 66235 77428 88120 63119 65534 7198 72705 6342 8992 85780 87311 48844 1594 48416 67380 93080 65357 12318 73797 65244 25968 31716 78190 21833 95071 64264 78903 3316 845 66053 41488 83271 40063 95557 89700 75778 6255 21114 80942 27541 69363 31744 29471 61057 83290 18451 78842 17341 77240 51199 72991 71732 10199 69929 53703 86124 39563 53727 53264 97896 58619 34188 51658 15824 51904 96867 90703 48276 30476 
2487 79
87316 99381 94840 5533 76019 27513 52821 9001 65527 38164 88558 87902 31870 63585 97406 56319 43486 3104 14997 31252 6808 12863 14373 71783 95398 70619 77805 19078 63816 35185 104 95264 18996 58195 30820 34714 41918 73679 55894 89574 46259 50091 60932 20532 31201 80196 66620 1053 46561 75580 79298 9631 5728 58524 98486 23842 56226 41278 92672 54883 76553 85598 66756 54795 61536 62540 81480 12874 53912 68739 79075 14486 62001 22515 51861 26190 60976 93919 57795 
4189 60
37596 60974 76900 20986 84255 27198 99201 44394 15720 31499 53225 85211 52676 91245 24449 35879 38346 24088 32423 99129 31642 64681 45156 43847 54511 67109 72065 23868 89191 74282 87499 89187 7395 99445 37617 54939 92209 9610 16861 86993 67069 49441 9294 13679 18436 30788 58329 70833 94120 81989 47314 7388 14698 48682 19793 40055 84555 15561 75857 72587 
4848 43
51023 39126 83505 81126 49904 42091 57869 8346 68733 93358 1419 74348 24945 72813 77905 24434 54614 18640 41960 55387 14699 24368 7039 54207 78463 63047 30257 48657 60835 89433 4009 18703 7413 98853 4539 3665 50903 56594 6004 28712 39111 58357 59698 
2414 34
22064 86417 80277 61596 23796 34738 31635 18412 61893 81590 63824 19174 26070 98501 64422 23137 87989 83878 42960 88226 73271 85864 60823 18105 15260 48630 64792 61209 17794 43632 26729 39949 58282 89948 
4212 21
65775 18771 59703 32298 48731 86006 21289 10885 68830 59519 38188 22284 1184 63098 4367 63187 91343 79360 40491 34610 68691 
4337 14
35859 96499 85358 27731 23539 99133 10148 72021 78529 88374 58380 38451 956 62062 
1976 11
70574 33533 33416 31571 93491 66726 24388 89649 34076 49421 12406 
5441 3
32089 30896 86021 
