19
5370 119
42799 43691 26371 52148 28158 53023 54464 33504 34485 39074 95153 17261 48611 23737 14801 81118 19903 61068 92260 54482 20181 50073 7632 1141 78056 42733 38803 70168 7288 68925 78628 12418 36511 49578 33600 34580 71494 8669 11654 29301 95464 37463 68098 99902 28479 44471 89543 5529 88262 69808 9677 23146 13006 25649 7546 64662 9505 43287 43440 12235 42907 79420 34484 88340 61402 42424 32471 96355 3499 53951 84584 27361 57241 43474 44988 74045 6930 63555 82177 29 99299 66848 55330 45687 23868 51978 13009 25694 18360 18541 73037 72728 40706 68246 29554 29165 31592 29685 74365 37299 61877 63622 76030 88677 96492 48112 34432 37184 87536 54181 74188 26800 45820 73094 54041 89826 62055 56680 69183 
2001 116
99862 82114 14294 47168 62192 83533 38786 10010 95025 66455 74878 21507 57605 26726 75249 50456 28098 56750 76397 43624 62456 7290 29651 73932 76825 1594 24893 92038 23327 6333 19896 18012 17175 52163 76114 59328 62052 65388 22923 31017 32601 94404 36540 68711 28621 23768 64073 18909 39270 90965 11929 61670 31617 42889 56118 12695 69094 21219 66761 32993 25522 62683 51244 28587 79196 76875 64244 10308 77008 96478 27472 22077 87130 40190 46751 14012 9803 78711 80051 90161 17079 84847 20716 5555 88226 90188 86856 34027 73199 43380 28550 52920 50541 8028 15874 95163 74909 7599 86385 73516 25289 22913 88295 98230 73711 12227 98562 5105 1875 10356 44802 89017 13762 84402 42573 45572 
4603 103
91037 4659 43664 48661 13663 47096 6967 60486 25571 69290 20679 45400 33248 24267 17645 56954 24811 54351 28401 44867 98758 43914 59897 18102 16651 59011 21382 73174 19648 52651 40165 24974 7681 11226 90880 97936 36267 67442 63199 86352 2525 87023 82498 2601 86700 58235 35710 92635 81358 15018 98861 5400 68111 52009 69018 53214 34727 82057 37108 41543 82797 16327 92811 7486 6074 45896 36191 36891 21307 39274 65329 34033 23891 90470 37211 2389 65586 51299 98417 33915 78719 7909 75532 12138 9710 54602 14407 76538 95424 10578 61460 63692 32972 89795 82679 37101 91690 22023 78676 24425 12942 52278 9476 
2439 94
59585 49936 20374 21036 21620 12012 17610 3828 52045 65974 58493 70497 39497 61269 66085 76556 34011 76150 66197 30358 55861 68949 37820 37175 43501 1992 76192 21244 63063 43936 9798 65204 96267 63633 76276 90272 72304 28208 92459 94306 43679 49604 95463 66972 31800 62431 66891 34998 67980 9724 54780 48568 58647 16373 42512 92351 14130 19532 6697 22743 18335 65402 60969 27085 6807 475 67835 85729 95759 1470 55509 12402 28129 24 31728 18083 5621 33905 74911 22119 43777 8638 49984 98365 77721 68460 83260 18762 68729 15141 31896 17830 3884 44059 
1662 84
99507 35690 47196 97816 83027 78439 30902 18113 21040 92825 28061 72127 14542 4486 36556 12371 98960 83911 12059 79770 39278 52094 72503 3082 42674 68543 4448 99167 82999 29766 35786 34691 38912 64043 72313 87455 80439 24260 7368 89850 29118 69807 73989 41326 69344 82408 94620 80299 70805 88680 72894 60464 16213 50306 22165 71098 36221 15223 56870 71509 81678 67313 82212 67571 71146 23433 4275 7574 92252 24846 17750 70416 25022 54292 3446 59052 22643 78443 40370 87663 65986 80246 86177 36007 
4374 72
78797 20322 69934 7181 99934 8907 98629 1102 23212 49164 86492 76516 68546 20855 53088 91264 97592 28922 83421 24619 55692 94913 65147 60922 4418 18801 96989 71296 3713 59081 53766 62240 13440 13426 32721 77853 85301 50121 64164 54853 11925 70199 90318 12709 22818 49572 15208 92527 79710 37468 31816 34492 14953 28011 90345 60001 94845 21101 28449 6583 9140 40460 82463 38910 57450 80347 17402 60485 59337 62613 311 4807 
5280 60
34584 2309 72625 48007 20430 64334 13064 19500 98390 30392 10377 82163 68383 42287 49589 46663 20107 42649 92816 36864 73874 23342 22381 67486 53726 62617 2843 14356 52955 80910 35852 58362 93263 94440 84658 16521 32001 62928 86065 9650 303 91254 89193 65459 15434 53379 96276 93885 95779 71951 92566 44512 81044 20909 67984 37063 8234 50670 16084 69289 
3325 53
35955 93284 533 43369 70184 81179 42154 49961 53768 40465 92769 6173 20346 40742 84582 71892 19507 72238 77103 29900 34662 83548 74470 67303 91140 96097 601 73178 80762 98817 14732 43125 85361 40419 74981 6606 31946 44137 40737 12834 12453 22345 59339 76851 19535 66290 71649 75342 72521 83360 43234 7413 82052 
1622 44
40909 44933 65923 11999 85383 46023 40367 3896 7459 3564 63357 88489 9500 92235 90449 48925 18421 18398 96251 45614 88628 25255 95369 37606 56009 83977 77711 24352 9226 41035 80532 34898 5170 98407 46639 3199 85029 31226 42504 15784 86279 70178 45582 80272 
2380 38
95723 35821 75586 71816 16591 24486 36510 31419 63081 70869 32998 75664 21173 37144 44743 14070 92555 94168 64069 35702 88760 59074 14555 85071 15390 32573 95406 94809 75208 26309 16293 49184 98153 11060 87742 14277 2795 68063 
4463 32
93584 27775 12705 72469 7778 93459 59857 76936 9623 90862 13156 11457 85700 59545 96640 91896 91345 27984 61252 93649 38026 76203 89162 70909 87696 2965 81550 85423 75048 68381 41427 22085 
2987 24
29535 35827 93359 97328 23659 96557 44360 90210 58563 10986 95812 65235 94338 44006 66811 11881 14946 35341 77179 2879 63976 45660 83788 58096 
4524 21
24064 85559 67439 71661 68242 9457 45668 70369 91776 84616 65083 61213 39687 8465 9983 27518 67174 93731 10899 50267 39588 
2509 17
22418 71938 1905 31265 68630 58559 29358 29879 91016 91120 79953 78106 21500 85842 3503 67300 63419 
5520 15
9041 86204 27762 18280 53135 75565 8405 39559 7530 46484 38261 45634 5159 10851 99722 
5502 12
38880 71404 26238 38677 50270 95314 20795 60590 9765 12075 5955 74182 
5197 8
42877 8461 69523 41904 64256 63075 20890 76629 
4665 5
12301 65548 10371 65563 1660 
6202 2
531 15466 
