119
7240 10
83060 49832 91265 93128 6798 27146 29348 54366 87357 25624 
7239 10
67701 9681 92428 41616 70115 16141 82396 58243 41751 15145 
7238 10
43862 37483 29341 41524 10274 53672 33121 39468 48560 53990 
7237 10
29185 55933 54895 8169 63061 54958 27378 53850 53780 34578 
7236 10
16310 81223 51236 93749 90885 18421 95203 65982 73578 5241 
7235 10
24904 9942 1016 17250 78524 9060 9708 41453 25571 55544 
7230 10
90387 19194 29818 18638 44749 78551 56244 67789 89667 45744 
7229 10
37602 6777 76177 78068 25938 8734 90049 52954 11233 82773 
7226 10
18899 51327 54957 12587 81832 3251 3484 30789 77880 17803 
7224 10
71989 93235 42686 23217 25419 9232 19117 56425 64923 9713 
7222 10
80600 42028 51715 61737 11183 55254 62977 80798 8385 48022 
7219 10
28604 18869 16440 77576 11917 69597 43342 53469 71838 82041 
7214 10
42008 29766 87548 95793 63741 5962 9825 65660 50042 63320 
7208 10
25378 54599 35677 42950 55891 19093 48280 52751 84866 58862 
7207 10
31393 78791 12467 6567 57414 57625 83261 21405 53315 39759 
7204 10
61241 78283 47101 81242 92908 5741 54583 16109 52265 24245 
7190 10
64633 83352 75426 1400 62000 85665 90958 65887 57209 65644 
7164 10
828 41305 26164 46632 3419 63318 42816 40869 39359 67708 
7153 10
58486 3537 35441 8513 49407 62134 48373 27616 80220 17338 
7147 10
46820 16838 32642 4398 79977 73507 35470 24090 42957 34404 
7135 10
36175 31546 69459 35377 15193 73474 62370 60815 37901 96260 
7118 10
16668 23827 2177 84924 94957 7944 95267 4673 44162 15171 
7106 10
95358 64216 76032 64471 86974 38974 42531 63147 24639 3480 
7101 10
62091 36305 43062 73155 70118 4658 60890 27983 45433 48185 
7067 10
41064 57786 59120 54658 34680 58429 86396 15548 71288 8689 
6987 10
39697 28388 9341 92847 11623 43504 30538 81034 68540 89841 
6927 10
76275 28241 48224 58775 74586 42100 58286 72791 70980 63909 
6911 10
77593 64683 44752 34981 34419 65852 28260 69825 49391 56343 
6899 10
95561 24390 52584 57741 70193 37189 65 86566 65613 71906 
6852 10
70959 65202 35536 73550 16360 24370 10340 59210 47915 36884 
6708 10
84979 36867 85153 54010 84437 70989 18091 79080 69959 94896 
6664 10
20006 90419 57511 7759 96552 15846 60423 30482 4353 63042 
6641 10
61793 263 10901 15752 29105 37277 29471 65352 37299 77666 
6499 10
5388 19443 28226 4984 71502 18248 84819 62252 35439 91901 
6447 10
88864 85900 25334 21053 42424 90295 73313 56444 61768 88708 
6403 10
64393 33569 13272 96603 26557 60903 46223 25684 2827 45443 
6401 10
82426 66057 89027 93290 85144 76956 16875 29467 22278 25669 
6258 10
11136 37011 8034 62359 15229 16140 11734 12327 80871 7393 
6235 10
72610 5867 89055 15283 68649 4760 54261 2963 32319 78808 
3851 10
87951 86838 48050 78841 41340 87839 94060 53068 66960 92860 
3421 10
59239 82655 7229 29714 83031 49002 21918 53033 32429 82387 
3284 10
4567 52531 27019 90493 3072 51344 72780 47834 66727 21970 
2086 10
18026 2838 77960 11639 66186 47247 83776 24263 68342 86322 
1771 10
49591 10414 47830 2416 20633 16152 20031 20278 46889 19942 
880 10
89454 84544 71190 58607 93871 56536 35777 79719 23629 46496 
497 10
56430 95759 87460 76479 83456 38720 11944 51873 11117 90456 
29252 9
46136 57688 71154 62163 70704 44720 31663 80823 76649 
28138 9
68866 48904 17076 18797 15071 6729 12059 5035 37054 
25583 9
85566 24065 21078 10773 76311 45819 81031 45630 5798 
24873 9
35448 40640 9672 23152 11784 20476 95177 88612 39132 
24466 9
11281 77018 18696 64650 43052 43951 27639 5584 75757 
19243 9
77411 38546 90380 16257 54739 5329 53560 46578 86304 
16669 9
39602 89511 28231 12736 29378 24323 32100 19023 20586 
16207 9
51553 68558 53345 75001 32662 32577 40659 15962 3011 
14169 9
91906 33727 51520 85816 84560 82970 47404 16988 6586 
13683 9
29454 41881 53804 78121 86466 93319 50198 21491 38334 
7539 9
32227 32397 81552 30043 1415 11416 34703 68643 13515 
5844 9
18401 56099 58710 1639 46128 89727 43415 84030 6974 
4774 9
72379 31441 79159 21794 41002 35744 21005 58158 44790 
2760 9
89784 56904 20703 78123 1192 23407 76142 42404 41740 
2226 9
55606 12454 10206 49659 19684 72200 92384 18352 87144 
588 9
19739 48995 82966 18561 77400 40844 54707 44646 65240 
27394 8
13105 93011 49765 19582 52043 36992 76180 88784 
24313 8
86666 22079 34094 32692 71071 57828 39273 42572 
22996 8
34546 39689 68769 94387 3610 29063 59294 63452 
19609 8
69383 84850 62905 37289 71737 25873 45627 10150 
15346 8
55543 77797 94908 53284 86641 22566 88949 11704 
6371 8
18467 89764 26090 92778 90658 58608 4142 17961 
4782 8
77679 43732 86030 70422 74372 642 75164 54862 
2488 8
919 33365 52299 77282 58970 79146 57587 14622 
1992 8
94224 19460 51019 73205 22146 57144 49890 88064 
1801 8
68121 65909 6932 12706 89245 85405 5750 89518 
29296 7
59314 15861 94109 53509 68379 45984 22672 
27658 7
12531 77446 31792 81590 3149 85735 64607 
23409 7
39172 42739 64534 72486 65651 80880 87747 
21562 7
81980 57478 94382 74789 12040 44414 60389 
19942 7
17256 41672 68995 50815 59190 62186 88715 
15300 7
95583 45458 72463 87149 92121 73374 52694 
14279 7
92440 25136 66736 27870 12203 81285 79572 
11229 7
68466 13703 88249 30533 52900 16966 28716 
29228 6
66451 48327 94793 61256 72166 30820 
28460 6
56750 49579 71620 19320 42113 36640 
26706 6
61661 70483 2179 59336 13255 91196 
24511 6
48081 37635 39497 20844 91069 62604 
19588 6
25187 32354 69096 39545 77825 47242 
15823 6
42821 12165 43175 84577 40592 52789 
14786 6
17972 67995 13154 3641 68371 80534 
4537 6
49877 46928 10190 65795 36824 45335 
3727 6
32398 17707 32070 14974 45468 74733 
3233 6
53730 68103 41528 95285 80452 93076 
1380 6
58037 12807 28344 47003 53716 42431 
27763 5
22490 68240 13157 78708 7967 
25814 5
25910 32648 94250 7367 22477 
22032 5
49476 46185 48843 33071 74905 
20481 5
83475 86280 27638 52277 78771 
18659 5
64029 21343 42998 62627 91685 
13580 5
16104 88166 7781 8637 54275 
11155 5
81160 25262 70175 19646 30738 
28906 4
21242 77378 11019 82448 
27856 4
41983 53316 78754 67426 
26157 4
22330 44433 6109 17820 
25194 4
26077 89758 3844 56097 
19519 4
20509 65797 51703 75384 
18561 4
13452 65094 9746 45223 
13730 4
78376 78100 63883 49956 
5585 4
25868 1071 57631 95214 
3228 4
81057 47975 3793 94521 
27454 3
94996 93918 69301 
26854 3
33717 95887 84466 
26288 3
86099 32532 73735 
24606 3
13140 84119 69074 
21386 3
57231 35797 40663 
20055 3
89053 83924 84393 
29190 2
14048 66991 
29107 2
42012 40439 
26987 2
90506 65228 
26283 2
85611 44234 
29299 1
68974 
29045 1
89197 
