23
6850 22
58310 49370 21356 22627 55484 67692 53654 67135 57203 43938 32746 2533 52947 14662 16392 19553 11498 47096 35735 38728 33551 21447 
6842 22
61675 24876 57246 66928 20486 60805 19363 69164 20323 13184 15629 72824 39320 41711 8479 14692 62046 11447 4909 7832 42836 41509 
6831 22
55562 6415 42401 5364 39430 31437 23667 28187 68354 28336 53507 38724 592 38354 51244 1604 70874 10216 28338 11094 56631 18300 
6698 22
71373 23581 67894 22667 23458 70040 54574 21663 25526 1872 22537 60144 35830 46383 35600 31111 3997 71627 44503 29632 14671 32699 
5855 22
4365 54599 62166 73555 29063 50994 55025 57583 4643 49904 66676 15179 17077 51573 51727 64608 34962 62604 65758 24443 72034 16411 
6562 21
3195 28139 19641 51042 69715 61820 21019 25867 40250 33117 11407 17448 40338 16184 35959 15366 5745 29633 5903 23887 1878 
9284 20
65126 27154 53192 34598 40481 13545 13243 62403 32986 72458 37032 49780 14674 39431 28615 36015 18367 32212 59643 13951 
8758 19
4294 18752 47954 28197 70115 33811 50362 63145 4465 632 273 3873 38385 19936 71202 68962 35328 18960 60058 
10724 18
58492 26743 71461 47178 46860 36511 33263 70405 36673 60221 71762 73758 34650 66709 37747 34021 58122 743 
5614 18
43802 5501 60813 63462 38324 62117 43353 1861 6611 50231 64626 70000 8272 9288 75049 41404 39675 57999 
8054 15
42221 8913 56376 23451 21215 44117 66446 24192 39902 54280 35746 57909 63368 19019 33907 
5005 15
26768 2993 72076 42190 52921 46795 57219 29041 61877 58784 61836 45543 68408 68698 40033 
3818 14
41348 12388 11968 69097 23537 53967 33213 30781 4103 42222 47458 50650 37506 29912 
3665 12
68647 39003 61243 60509 10247 15812 73347 67006 38007 74054 16073 55124 
1028 12
52494 38071 16500 55510 28614 9705 28173 35255 46278 68364 4373 61250 
9071 9
2523 69501 61860 9200 26117 56452 40500 37442 7475 
2895 9
20682 66252 39203 32897 33809 31345 46755 50418 33991 
1787 8
18928 20023 46901 58318 57247 60573 22153 56297 
4339 7
31921 29242 26427 40291 20988 28493 65440 
6904 5
16287 5872 63331 72512 17311 
10922 4
25396 22157 74208 51070 
10800 3
64653 59416 73306 
11704 1
55936 
