22
6207 18
27978 21436 36177 9826 3518 20844 25067 36167 25915 30128 51568 42081 10781 55772 2957 59468 44225 58863 
6203 18
42450 13265 57256 44655 50696 2880 37407 12995 35768 13178 55017 26082 6016 36345 52285 31039 25938 22010 
6140 18
45578 36625 12809 12169 37663 13570 43803 36399 61192 37132 21496 43992 11071 2739 15875 5033 39597 20527 
6127 18
2200 36887 53312 23581 52802 60596 22337 37409 48481 6883 10967 5426 14339 45260 15755 40271 23127 583 
5522 18
18142 30684 14955 49170 7532 26674 17138 56324 60289 14243 6533 46643 36989 10990 22117 42561 202 5813 
2954 18
38880 27849 29336 28031 20480 19067 21195 36541 41952 1379 51700 29988 59242 33918 25124 36737 45575 13937 
5986 17
23443 59075 45514 37140 53056 51414 28605 23463 21210 5245 23544 57906 22336 37378 32478 30386 28415 
3749 16
2071 53708 49123 58486 33976 6191 51924 39219 52080 19464 38489 6099 59658 22544 16391 21167 
5422 15
39715 61106 28283 57231 32689 60340 31515 35669 45090 55943 44741 54750 1859 44930 7917 
6618 14
55480 9729 50375 43242 25979 4822 58491 60858 3481 41723 49102 30168 27421 28375 
5553 13
29440 22109 12119 4050 3178 25250 46411 42867 21850 7431 57272 60102 28692 
5828 12
2660 33473 34877 41954 19222 5928 53802 3814 3462 42041 44553 14297 
1329 12
25531 44206 3498 16523 37284 2297 49387 49577 3212 17300 43015 30317 
4627 11
20583 1318 36144 15593 6140 48741 27523 50776 60752 32450 1080 
4745 10
41316 3631 29013 52141 53591 55389 44459 9296 45368 51463 
3988 9
40855 20704 279 1075 41733 49832 35935 47269 33958 
4327 8
38519 29284 21933 11656 47143 33194 22987 48519 
1794 7
13142 46954 15510 41096 54945 33831 38242 
6242 6
36779 55873 25849 37269 1309 55823 
5435 4
4737 55654 5692 32749 
821 4
30924 26296 30159 15091 
6732 2
13965 42620 
