48
1575 14
78657 47185 24687 2394 48757 62053 90173 27967 45817 35737 91146 31104 32975 71381 
1574 14
51016 34586 70758 47494 31852 1784 57684 21498 43920 33691 87004 64780 46205 26887 
1573 14
10051 78278 56939 74639 3666 9591 53276 5439 54036 29481 49074 11174 9536 48296 
1565 14
83904 45329 8915 31169 9464 67824 72859 28599 30003 88522 40617 26414 29980 87327 
1561 14
40693 64999 49086 14940 64282 4090 11578 80470 95076 13378 15127 50247 20857 75562 
1555 14
38246 92542 16524 79198 77559 21668 82310 13207 58813 43869 49522 40150 78318 80605 
1553 14
89635 73396 72476 74099 61457 45853 58427 2842 78161 5367 81217 74492 58891 53315 
1552 14
29224 26301 5133 69441 123 42929 41080 45822 64620 68040 22856 43752 83915 85338 
1518 14
42333 39175 31315 95421 71105 21275 61315 5473 79690 8236 42572 19750 41572 55559 
1505 14
46371 75784 88173 86394 48770 70523 79180 38806 91861 3013 34952 13360 32438 87120 
1363 14
34756 70473 47972 5112 51896 13137 40484 91232 59827 41135 42055 21280 4012 8507 
975 14
39035 7448 51268 38832 81811 73610 22154 3530 13370 61950 81248 22077 87017 82150 
21746 13
56360 94168 70467 3893 1417 60702 6435 40972 32734 24302 23336 28521 39662 
21197 13
94345 9279 50139 58056 1902 71166 179 59867 47298 37518 49070 6456 33882 
20230 13
45267 49102 84634 68568 38097 63226 87693 85671 82318 56216 74104 70244 25022 
13696 13
69303 15935 7975 45090 12738 15117 77936 61520 43937 55917 11995 70626 59653 
9052 13
39710 74171 69997 55505 44210 41166 22431 88858 88527 36770 13392 77347 46315 
1368 13
9371 52642 42297 54969 59010 77344 76517 72696 50900 68784 55610 37418 11816 
462 13
35721 73902 80197 49878 15017 85726 72783 30018 19450 83363 95724 70378 56908 
19766 12
61158 92023 68347 24185 61571 34831 36302 87230 86775 11007 58835 84989 
17841 12
66633 68436 39953 94310 8734 23617 58223 22819 60998 14478 14197 43179 
22009 11
2384 81107 29402 88900 67486 84651 71228 93772 52328 57275 56993 
18933 11
46117 31354 55095 21341 27184 73580 60348 48539 26889 14259 31957 
18042 11
5110 73898 2819 90989 91743 11991 88561 64356 84497 70130 13530 
16715 11
91223 79007 43273 33429 30711 86526 66304 44389 3752 16893 4925 
9527 11
11470 34550 53117 29343 2978 20903 12329 94470 70503 76676 40225 
20793 10
57915 36053 59495 20443 55534 72920 57964 57375 26945 23620 
19317 10
7607 15862 42194 32064 67221 63292 17992 16031 69157 78152 
8494 10
29930 34814 6189 63874 20805 20035 37618 62716 81462 86656 
3838 10
44430 95871 90437 4758 49814 10226 69801 38111 67288 38638 
8301 9
65648 43192 993 33358 53591 7090 37015 17861 79207 
17863 8
46999 58944 90374 24891 43813 25373 54029 70991 
16422 8
41183 31608 83127 79663 46387 94479 26584 70463 
12856 8
56929 7422 12162 39352 31278 31196 80404 64439 
7212 8
3946 62849 588 14263 26774 39267 94536 49652 
22051 7
34641 94633 71763 96427 85047 55683 46003 
8324 7
44263 1047 10629 37397 55461 30742 51289 
21988 6
23258 75618 10734 30662 20020 29471 
17067 6
45134 13813 2199 85318 26751 59748 
16622 6
66077 51815 1892 88395 28856 56623 
13555 6
34595 31862 43169 74628 8418 47915 
19399 5
38363 30136 56709 60087 19443 
21506 4
52112 44878 54894 1413 
20634 4
5673 43338 51485 67711 
19813 4
26873 83347 68862 90263 
17400 4
425 31502 68988 62071 
15708 3
44690 5450 33733 
5052 3
66282 94656 62868 
