13
1542 129
69375 61768 36976 70421 64423 47823 26609 59859 19522 457 86236 75574 17933 80869 20110 55767 13767 18599 28182 86791 83704 86118 87621 29528 1185 59305 1047 93755 67262 98747 70474 92328 54967 41493 22478 62433 55270 5105 24170 63891 32786 34477 45572 52462 7168 77609 4078 40504 79399 20113 90628 6506 65995 47780 79114 82320 33692 28009 5513 70871 58151 69101 35315 94022 19362 91754 87462 79083 42133 99839 69851 29453 97877 96331 13301 47138 37483 78953 83044 29808 1659 48860 52338 35404 79122 87583 96943 68361 94556 93811 96660 15714 58795 23581 18364 53488 10452 28878 44982 76527 14246 95729 2401 83572 31933 69854 18729 67153 70783 77131 84964 1149 69018 5243 91090 94446 17370 38355 76916 76248 34535 38675 40479 69894 34793 48279 11793 80530 96191 
6443 119
98065 63592 51203 26026 41236 80685 32977 55952 50231 41608 39966 28864 45810 35000 93208 95492 75055 31509 48501 84055 34586 28213 47508 49938 52512 51334 91395 17487 3967 78934 36523 24898 33178 140 79298 45075 54329 7446 21334 776 92943 25395 91466 50984 86217 81288 76132 38399 31608 81992 65402 99344 44558 60803 74019 52180 21790 30235 86553 7339 5951 7191 48169 76155 9123 35158 96262 31744 37801 8668 86157 6522 85876 46534 61574 23702 93930 8118 7633 91855 57164 59865 49224 72421 8582 58403 3714 68180 42091 58440 25771 40495 41282 24503 70597 69273 88376 92873 69226 41465 60678 92712 53193 85836 32583 30983 61238 67998 32547 92638 98112 2266 65624 3049 99847 20748 88889 67399 27083 
7455 100
56768 61390 82695 3780 59884 65464 70880 15392 13099 24241 3679 36421 61438 14801 96193 5787 79350 71589 15283 48765 35136 10848 37986 11657 98420 16566 86979 91827 17569 19045 5848 30271 96531 63273 36606 76231 12264 50496 45950 33373 11689 84014 39076 2009 17763 83937 7915 66631 61436 25182 18926 75664 18802 64381 94607 65014 78759 21289 65011 12326 755 24346 45844 62795 46215 67923 14125 60342 9646 36303 54355 71600 54026 66591 51549 54493 82659 8035 63629 98726 53520 72012 44255 64567 31674 6784 83309 47517 78301 67595 82271 79682 48517 2107 97660 68515 82739 17373 86861 94295 
612 82
53752 95473 76389 16250 92256 31969 20475 49371 65082 98047 41744 23558 92860 19606 59381 73002 51285 43835 25773 81911 56004 79412 91601 6682 37968 59961 33342 55487 94971 42042 49340 58022 68644 67319 80149 40853 3503 59744 79736 76343 82876 30948 34539 3047 70868 51154 61795 73151 34930 58730 64183 29603 99440 57974 54486 69423 95066 46645 22244 4908 80724 76957 376 75142 88835 75065 45927 73694 58999 66789 42257 96653 63945 75846 48021 48401 16973 38772 23337 24984 29641 80361 
860 69
74763 20429 96958 95305 86240 20828 12 75886 60136 31936 26651 41304 19461 95039 23590 51876 2269 9402 99354 18341 72016 4830 85446 97876 61106 61819 90673 10008 91853 3648 9752 61554 57560 86342 2071 12913 70790 6379 4855 1411 99994 82340 95142 48959 75271 63175 44909 14897 8432 4582 95727 55810 75426 13389 91641 2181 69209 98147 95778 9080 57590 66025 82467 51004 30705 10157 98256 35656 65576 
245 54
47656 78249 88755 32157 4602 96009 54505 9201 17915 45772 16844 10863 44787 56216 77945 90860 88094 31120 30745 42271 93647 71671 92801 65479 74333 89275 4588 50357 42737 30522 83886 56491 94983 88961 75425 52016 82368 67179 6655 61062 40139 95983 18658 79250 31759 82142 11652 52840 27723 48076 35816 27538 24474 90422 
7208 42
49930 6889 98457 33687 87848 72909 65596 96221 60517 1885 55471 49600 41895 3803 11874 68434 17197 22903 30467 94525 30026 61008 88080 82620 81160 62686 15617 64366 24643 47692 61985 16029 81203 78118 38495 29626 29889 77683 14322 46318 35287 61290 
4359 34
795 2658 14436 39829 45999 86438 48652 67074 88541 1966 93276 16137 12936 72260 7707 74983 89537 56214 12410 6647 23679 66686 11531 67392 34326 31931 5029 87903 15047 85085 34162 41188 3533 30835 
7671 27
59127 91281 2492 33086 22135 1071 74139 36038 99834 76580 3241 98817 36982 57336 67839 32644 60423 56651 20413 99174 4939 44121 14491 3767 17336 81076 6709 
5280 20
2924 54470 77866 94622 50366 95118 78195 26268 41084 71851 29592 39499 63102 56250 57058 7116 77054 16145 89934 99188 
4011 16
13203 2122 58018 5169 56708 34197 34635 3083 73408 75023 43951 13619 45741 58273 16612 69564 
6848 9
80729 68240 7848 46723 8156 27446 90670 33234 48908 
1523 6
7584 38011 66964 48060 32106 79693 
