15
5260 142
5601 68047 38714 6268 26922 51517 87317 37553 32266 19717 61815 70767 66105 82827 31359 11803 30550 67496 23317 31296 56438 77922 73561 65814 35189 77535 80672 93826 24926 57477 21155 26607 78062 5705 33972 46442 27853 4546 54006 28537 45040 42657 32363 17677 53216 4414 37609 54612 61976 21254 52240 39710 40140 54712 32368 71347 68705 81634 72300 45934 75695 65712 47653 24097 54596 94346 17343 54781 94623 7445 64651 93164 81316 52623 77946 41372 853 78779 68870 27131 83092 52062 31724 76642 12875 57896 74884 60073 22991 39894 62950 46837 16014 15430 53072 16838 4622 71786 19448 54057 56634 88648 39364 17829 67890 75940 35248 31340 70839 22950 28324 69720 4133 4571 90448 40914 45150 42603 39748 88444 82247 10135 34142 75623 41754 15251 60238 90125 5558 33790 921 82594 15363 57944 38782 4237 26414 29269 93381 16033 12565 33874 
2841 131
42055 43528 2581 9368 83190 98014 58799 75332 83063 75008 81670 60183 74598 96477 89997 48717 66132 75498 37073 87505 59819 64414 69034 93730 51929 42469 49670 55543 76623 44485 80661 29738 67295 34675 15327 19351 93038 78489 38894 61565 52283 22040 17549 15455 44236 70707 22030 65582 70064 50187 56700 27371 51828 63414 20745 78552 7444 19914 76606 23465 94854 59841 77446 36653 16133 35052 43974 6454 60372 88535 9841 77889 83750 93515 19319 64339 20110 6863 78500 58775 94993 67567 98097 67494 88666 71741 40559 63240 47061 11794 68782 13014 65219 24572 81181 10654 55183 30232 72676 96949 4167 91493 48627 98153 35066 66977 35067 76797 79155 43880 63960 33150 93881 90084 71259 15457 96570 98945 97123 91395 51515 96483 20543 79617 33001 26191 30486 34198 45237 60399 97698 
422 110
90975 2551 52879 61545 87930 29848 26509 8076 4152 86934 78874 89840 9524 52135 19793 26002 28946 89473 70747 83158 55416 99298 13405 97161 72010 74541 97001 30326 80417 88493 11197 99080 66118 46712 72962 65111 31358 33832 39193 95518 32053 88500 77325 11599 61299 59110 76525 72183 17060 67356 191 48254 2785 93717 33267 35027 36751 86026 87528 15307 64934 1398 74638 15399 80792 23461 72344 79567 79161 92197 50148 50018 23290 41882 86367 12493 77542 29195 73607 57021 72629 86537 41337 94086 93313 30091 83235 79500 96862 71550 76444 79818 64031 57513 85160 16990 74380 63393 63102 61186 97237 54768 73250 13461 38763 81864 58651 33241 78504 65513 
3814 93
16847 93722 47737 11166 58368 24710 16527 43902 35931 74652 68285 69625 84062 57228 48375 57784 97154 89669 87693 61748 78045 66226 73513 24647 47206 39658 47307 66957 82993 98443 84549 51637 59448 8855 42736 11040 39038 29460 52177 71265 97864 85450 92116 78770 44675 27639 43251 31222 54964 65132 29660 82860 19582 51628 39444 71383 60148 49943 55629 70816 32097 6500 9906 89456 12793 21941 84067 51968 9060 85241 84646 81294 13617 1642 36701 38815 25897 74198 4990 82657 82813 67209 80116 92119 57185 36458 59602 97321 88125 61902 60273 36293 41285 
5840 78
33235 69743 38011 68840 11473 92838 96466 30931 52165 89833 33697 29159 41625 15950 60322 77744 51982 14025 10387 70210 2111 72649 65996 38232 76912 19329 58838 62796 82965 51705 73899 6052 69927 9719 24524 13326 81787 3668 89838 96969 20071 74733 11854 991 36565 31354 81213 80916 59445 5335 69694 85417 1197 39799 56938 68084 90627 37224 95143 53546 98127 36600 92740 55876 30313 96765 40479 97921 69104 69246 88028 88308 56649 77925 7987 63790 7095 82853 
286 63
67056 81109 18545 63598 78176 38095 26390 94258 13055 49746 56447 95835 53233 94723 2084 99904 56692 57140 1260 91734 9544 70987 36012 86932 63307 45012 65026 16844 89888 64967 56660 47798 78522 81430 8160 45060 66764 40184 35393 54717 74588 28353 54764 70845 17181 73584 16468 48845 86532 23713 24019 83197 19238 45510 1466 11891 91788 34152 14477 77906 63083 15653 84276 
3753 51
13954 53258 54482 33434 74188 13698 99322 33004 24232 30669 54894 98426 99666 89062 50520 94544 54833 31312 92709 3602 10267 93712 10155 27539 5498 91918 60529 62770 21801 80845 29532 77332 85001 9086 97892 52646 18359 61030 38020 33238 67582 37895 74645 27607 72533 93446 38321 13008 91545 27290 83056 
1945 40
4957 7977 4697 49023 4202 27939 34021 12040 26069 17010 33524 51735 62943 49098 1559 61233 46135 68819 65069 90613 65151 9271 25322 62293 63654 53127 78150 2886 55362 92898 47451 79363 86653 75618 57263 48556 42896 45398 76589 54020 
5002 29
72733 95717 53765 41408 6688 35425 13815 62715 43930 84213 64835 78983 51812 41568 12614 11400 47449 362 41422 97761 27031 90694 19206 26181 13336 58603 57560 38384 1312 
2799 24
99086 79844 13128 54469 19536 66454 18108 35882 61231 93519 77090 29809 52192 43641 17651 46809 2277 70269 86562 7265 62287 19447 6265 34640 
4954 18
11931 48849 94664 54577 57414 601 68041 15075 11027 23313 86218 60385 82745 41008 65003 53060 70637 43527 
5582 13
40082 8585 37413 64664 15267 92249 85524 65752 83179 51855 70833 36913 53661 
536 8
62451 82774 32158 49534 57294 44530 1037 77583 
6889 4
33605 70096 28446 30857 
7043 2
46628 94654 
