21
2310 16
37023 15326 29339 34683 27166 52172 36560 12438 48613 27591 4444 40527 49626 39589 12120 40496 
2308 16
24084 5947 14878 7810 6229 6 50890 7069 803 39797 23407 27146 21185 33842 36064 18833 
2307 16
20198 42741 14846 28447 10374 6383 41472 37032 27914 10845 24529 5990 35550 48562 35471 16494 
2281 16
24683 27279 16381 12680 48774 17864 40689 50059 17346 40716 35358 3442 42980 41943 29005 37550 
2097 16
27514 2282 45827 3013 47299 39749 27526 16466 7826 22595 6021 3882 30318 34206 6339 7244 
9055 15
47551 40933 45548 47472 20360 14560 27590 18312 29443 30542 19223 38128 39398 22332 32710 
5945 15
11032 3199 38243 47925 13678 10015 25152 43290 20200 3254 27729 6924 26533 29667 42553 
13061 14
26669 17675 18543 48534 16081 1082 50678 16161 11908 12576 19392 3833 39403 9087 
12510 13
39761 9257 46640 42588 17584 3404 18541 52180 2624 23909 5881 24974 10635 
12505 13
48196 31614 32289 36701 19512 31344 7696 6858 19009 6381 50812 32774 49950 
12574 12
2448 39007 5715 40698 47958 33992 14354 16334 34366 28214 51125 12456 
12648 11
20559 37685 20165 14137 4792 52182 40371 21263 8605 41332 37427 
11276 10
37479 49550 31650 3549 49234 8248 10949 44195 34628 29225 
11310 9
19075 47818 40520 13917 26548 16434 19601 9004 18706 
10852 8
14988 599 24709 33228 28099 8735 49092 10144 
5377 8
23767 25918 44930 31280 38564 14212 7484 11605 
6599 6
25387 47374 29061 19871 40565 9908 
10411 5
11200 12070 41209 15654 7285 
12547 4
51268 15305 15797 42135 
6042 4
35139 20651 17718 10486 
12876 2
13684 889 
