41
1435 10
29035 26435 72603 87685 69308 65251 87108 28835 34208 45344 
1433 10
93483 24862 54782 48123 22334 49222 21570 94985 35405 21154 
1432 10
152 64232 77261 8776 8042 70809 55703 49046 35559 24808 
1431 10
45739 48694 49659 26707 50472 14855 70714 26379 8658 77156 
1430 10
12431 297 9716 42562 1122 38104 29331 51068 50856 24249 
1429 10
8297 43754 31403 60780 54490 52238 2517 4207 74680 22431 
1425 10
26182 63139 21319 13368 12047 22914 68456 14297 15235 65302 
1420 10
88638 48448 39847 63106 32175 15485 91429 80085 62086 62608 
1407 10
55260 31128 52634 92542 95141 51046 49981 4834 77221 38834 
1396 10
15248 76924 24618 46667 71929 45507 18189 14302 91304 78426 
1327 10
65761 19611 38484 78576 93962 12570 12679 25149 38988 94940 
1320 10
34947 46191 39735 52196 33998 82639 62232 6617 44767 70546 
1096 10
18891 17774 67392 39131 16753 74626 33385 11198 86977 69876 
1021 10
34492 1139 34939 83969 31680 82977 72720 32954 93331 35915 
643 10
6413 70491 32491 18872 61247 39859 41416 86177 52787 41247 
6848 9
8372 74302 67706 74797 53537 36465 90657 16006 80067 
6641 9
12848 64926 41895 35584 79697 50898 23199 94916 5068 
5148 9
13964 93458 59595 38396 72388 57980 59422 73485 8798 
3977 9
41805 26336 91465 80027 15566 22647 28773 10741 9969 
2300 9
88396 83217 9870 78173 18336 59620 53169 76614 75602 
6045 8
18057 54424 19990 91004 68006 23125 33777 9542 
5721 8
67914 51074 46444 31281 28805 68053 82248 5582 
1468 8
89259 86424 74665 77327 93390 25432 60216 4804 
6652 7
83351 48496 54747 24169 65780 45787 18635 
6285 7
89433 87942 57692 68031 47465 80858 1447 
5908 7
33681 29464 83900 63648 10575 49366 9176 
5416 7
15507 83786 60723 4684 58391 45007 451 
4568 7
41349 55716 78460 43828 58366 19225 21702 
556 7
39521 55100 28084 23175 42515 73496 15211 
5004 6
4826 89637 72611 16884 38667 94315 
873 6
23328 67275 44672 25785 52960 27256 
6819 5
56648 37752 42500 3886 39641 
6068 5
3590 25611 24840 22761 65155 
6508 4
60303 8453 26549 65798 
6382 4
82319 55911 81574 75215 
5609 4
12820 79196 44291 80471 
1657 4
53436 19514 378 14323 
6482 3
76870 36740 74585 
6417 3
93265 9650 84861 
6831 2
55209 13113 
4250 2
35523 82522 
