13
5394 106
71137 34004 12089 8812 18637 21591 12378 40857 75825 91926 98082 20255 75385 92746 75749 50200 63923 71399 6361 37378 71747 13735 79661 3941 97112 12078 56126 81169 95842 75874 86883 71437 61937 89874 69476 34123 397 71782 81790 20259 85000 9783 5943 18350 10707 93016 12944 61514 99485 73665 57895 9502 93165 3569 95454 2376 59612 25199 22977 30106 50086 89065 42585 17844 35403 17654 42104 11068 6675 34603 8376 36470 42667 38253 85451 43549 2510 44509 72648 96149 78226 95228 98207 29169 98347 8578 46000 95358 6497 1807 66728 10620 98349 55936 68508 65751 51638 44159 1282 6110 71505 54793 72755 47683 29481 94305 
3511 99
13364 49098 78797 33221 51604 21565 68913 53201 85353 59019 91773 55405 1871 72713 8726 40923 11281 21906 61054 15937 698 64675 8781 75577 33109 41551 8146 27906 99747 85849 88859 4614 26332 76349 42861 15678 41721 94024 8043 66069 20744 46010 99877 31232 5863 27447 55160 7497 74959 62346 1635 70993 76642 274 68114 39859 43485 73972 80932 79118 48493 91267 95912 81090 43953 54675 34839 79931 88339 35501 28909 1324 25533 42963 95610 59322 94683 21909 43104 26421 49889 50009 10057 1748 91759 80557 94053 43597 24689 80857 33259 67345 41992 76377 21042 55147 77116 34017 5849 
3074 85
57742 73590 94921 51788 91245 36686 94610 9821 58610 5708 6222 20260 68431 99450 53971 67852 61969 88814 54575 34582 27144 43437 32424 39073 90519 50322 24508 90592 87897 81190 63817 6215 16136 84766 8842 13819 26664 96462 52434 23531 26948 10241 81872 59 92934 79419 14608 10155 88435 96660 55806 65290 8201 92041 23040 21515 36258 85354 50169 31753 85942 22978 40302 56069 17767 79976 48233 35968 18894 85002 20252 91946 26840 92756 99274 64647 20146 18472 54507 14396 45719 80744 77162 27112 45419 
9423 70
72585 62746 93445 30403 55490 48078 6987 61328 62121 70516 86646 31345 53918 18084 39171 80654 15341 73734 35757 4715 73218 77938 34224 4156 47726 16660 44855 82936 78466 62329 51380 42473 45325 96665 71913 77921 24339 32076 5461 243 26961 43329 26374 36599 12845 35559 4406 48750 97079 66217 68235 29482 87570 53885 97230 5190 1923 59777 2250 16504 75359 18162 12414 98653 38443 67848 35485 84924 76791 38065 
2119 58
97640 53651 55168 94352 73454 77100 50440 58717 87793 94824 78771 34954 84051 56734 92870 69433 53386 60515 99311 9729 36343 86391 26097 61806 83965 69873 33363 11323 78638 59128 32887 87502 36351 90971 32917 55194 74779 72795 29327 54816 58918 40170 5897 76419 20350 3870 13348 96824 17986 82667 64823 47837 80933 42847 40964 81387 70401 16137 
7610 49
96002 71603 2688 72423 17469 97278 45647 27559 94172 64671 64797 20931 16948 65262 24867 15228 45362 81549 93519 160 24908 3136 63019 2116 68746 83237 14053 90497 37357 42944 87189 96335 92373 73694 69594 67028 70806 43241 40719 96390 9651 58675 17886 42297 1094 55014 6565 68545 4602 
5603 35
14849 91869 68186 71096 38588 56759 42773 43603 4468 86097 91878 30917 23857 69101 38604 72776 55552 40685 97814 51805 13318 1196 97233 23625 25656 78292 10677 99186 33220 45761 5165 82695 41033 34797 54489 
4651 29
15568 30900 28120 15464 22724 80548 8189 51675 61464 91470 73554 90051 65014 19426 97634 25953 52223 60308 86439 4642 50145 27743 277 93517 43052 1096 18838 39889 94539 
3821 24
18952 35159 65370 60445 33653 8550 44207 64490 46650 58539 85624 54450 30321 71405 11154 7844 503 88834 60680 2838 52456 74776 57099 6443 
3167 16
1589 46677 50084 7483 57093 76294 45771 52774 63726 96017 28158 60764 24983 41503 70296 62282 
8421 11
1472 28338 13902 11685 90332 80806 41034 5878 55064 46464 60089 
5420 8
16313 35829 41064 20212 11677 71670 36355 98493 
8110 4
84522 53786 5783 15629 
