28
2881 16
98002 46094 38862 2711 27415 15491 54921 10318 28827 97124 63445 61290 35262 92273 8919 2404 
2877 16
89754 67389 85855 72875 7193 49744 99856 81344 9785 6888 38306 99375 57554 61826 34608 37438 
2873 16
11191 30672 83292 86652 43570 13341 78523 31190 13439 84284 70976 64529 93174 69499 20007 59729 
2842 16
76842 77618 27640 96081 85185 50793 27513 12476 13422 99040 30738 34140 27173 38440 94264 25700 
2789 16
11041 45832 78788 93069 7547 17817 71284 5946 49857 22599 37364 83612 98923 65280 21559 92635 
2659 16
67637 21993 40220 24192 11802 84224 59741 65554 25212 58583 57730 73146 97064 28667 25262 39884 
2294 16
75231 67108 72884 24319 28481 80332 40671 62460 34537 63875 28425 7083 4596 77735 32976 13404 
9943 15
78979 2623 88674 81692 52181 56676 44153 15123 53720 95375 57191 37395 67315 92789 72056 
8509 15
3996 84716 13680 70884 88715 31026 34661 42751 2316 7360 60208 12707 34479 83180 55587 
10862 14
56807 26593 53699 76815 47172 77706 40386 52469 87973 21081 42525 93978 25363 70828 
9642 14
67096 14973 4101 55742 8451 87372 85424 83310 43973 12167 20456 84000 3824 62060 
10831 13
54376 10808 56218 53646 70301 42908 34076 53429 87535 86967 47123 42294 12016 
8861 13
41114 9471 73532 78986 45327 15535 8380 39273 7155 99592 69554 50452 65455 
9460 12
1273 69981 48411 52136 67885 46257 78980 13918 57390 38841 80335 54754 
1814 12
66128 3597 90738 64165 71512 8734 53765 74715 40140 73699 44707 95567 
109 12
76720 88576 60753 42791 76024 2523 48466 66470 42648 2434 1621 71570 
9557 10
9464 88173 27638 54354 66292 59437 2879 63591 66143 65458 
283 10
83712 68153 80431 94614 41754 15056 94127 59578 75462 4371 
11197 8
50262 24847 19561 18190 35660 85234 71044 19925 
11755 7
28108 81179 78052 32439 50153 81244 65679 
7657 7
57863 77676 89432 99330 48992 32894 40312 
10735 6
61571 73411 79257 99688 15892 17123 
9583 6
28926 90123 37276 29633 65356 11141 
6747 6
57667 92008 10424 52854 75766 57412 
10953 5
74466 73632 5750 62108 2013 
11360 4
28258 24381 93598 92986 
11396 3
46591 49299 13268 
11003 2
12900 66810 
