11
2421 125
84890 28828 59194 39964 19203 5769 48169 81073 63281 84916 90743 19802 75597 97958 32831 71473 33088 95540 5423 51190 89538 69612 48195 17533 27330 4918 11118 2352 21105 27755 46667 43024 38027 84264 51109 19730 96659 66535 26613 38852 83432 59141 95619 1943 54184 22740 28029 10589 51080 1621 84214 68289 22113 80775 81971 55126 10292 46839 6690 50746 97032 96399 77069 93676 12277 97035 54393 44790 55062 78560 61836 38565 96295 44823 82230 38722 65898 30869 2625 49253 40932 18887 32490 50254 56627 68679 68383 30161 27799 11880 19587 43257 32062 38117 17260 81760 55983 13127 25168 98907 74118 89064 73425 8706 97421 74527 3786 63653 87537 12513 73693 32629 54855 91865 64993 41529 72579 76456 1924 97773 54867 56657 85606 57997 83344 
5784 110
95368 9377 79315 38156 366 70111 59893 71263 44360 63445 71322 67598 63198 8458 92332 72830 35542 27745 30130 21136 72933 29771 32539 30782 51468 58784 15506 6643 27715 19741 58648 53393 79083 28523 38209 74796 34952 59542 74726 18042 83206 13310 38180 15642 69903 73404 62027 8375 74721 45149 57727 49863 86158 14564 14868 8425 26810 91867 70362 93795 41200 73791 29938 62939 21902 55026 29220 40360 80247 4714 45034 39876 82810 2655 21190 37446 79319 325 57453 17732 67259 57942 53324 96390 69211 17610 86232 79549 25844 45040 37432 95478 13306 56789 64200 91398 4640 61061 7459 50855 65769 71943 57501 34945 12089 18066 32447 73804 52979 20254 
1582 91
56375 31682 15953 31427 29499 4809 48004 5099 25993 5010 82628 57124 16505 59600 17725 55653 7958 67520 57760 24915 45246 64346 9528 54740 9775 48583 75753 77270 92435 68172 30442 43466 81473 50738 55163 16719 31620 46284 61874 29347 85512 84684 65274 36539 72318 10881 55335 60393 16580 41250 17294 30222 25444 13681 2150 40870 80163 76537 25930 59953 88098 31734 32565 3266 89304 88513 9608 88572 28265 70309 96506 58681 92318 17826 4505 64464 31893 82401 24412 53941 39554 31552 86499 53815 96654 48593 9048 88428 26580 33739 40552 
2592 69
46492 36941 50285 57717 56591 5427 19850 92302 88996 69038 54448 53273 45276 52986 73934 51015 72154 56810 95347 88360 58828 87501 65565 54697 79291 58978 20287 20766 62634 14924 1115 82391 39581 41034 70378 52028 37167 68082 51928 58652 56147 83400 79909 17039 36653 13243 91703 57333 95655 18694 6339 65891 10612 8640 59051 64891 30827 51990 67560 36989 71583 87244 77146 32065 85679 51404 95291 95065 33216 
7046 53
1880 68752 86912 74586 1308 99636 40713 97982 86530 35509 59460 84001 23461 66260 24136 99916 57688 90834 66388 87070 88965 55879 82665 65383 89359 24244 36351 77746 84262 78153 50898 23162 46463 31497 52596 47991 96042 56167 42412 33844 78315 95507 43090 82215 82412 62366 59350 17838 40207 74478 89438 72142 14274 
5999 41
47319 18850 90580 38693 97611 39882 23087 46863 25115 46745 78210 98466 80506 17774 28729 81080 99179 74979 40200 65469 5949 7292 91429 86501 7986 3565 61903 79296 49130 1344 53300 44133 3700 25305 16987 86324 55903 78373 25472 57019 76536 
7726 30
68534 92434 69960 51905 50723 59781 51536 82167 98930 88203 48039 93393 35943 36717 46050 17195 71302 12520 75536 51504 54539 44017 56600 50547 86651 89962 42881 41522 31292 85590 
487 20
84770 35042 53008 27248 38969 96109 82646 48658 78915 26167 94022 49804 70775 78813 62044 28793 79984 77128 10073 41276 
6894 13
10299 54456 7041 33206 59633 85457 46809 58309 1378 66382 54662 86627 2202 
4578 8
98920 6135 22141 50309 23844 1071 42489 51668 
8028 3
67502 66308 58783 
