33
7953 9
72566 14639 13968 30712 3060 62957 67582 45697 60097 
7951 9
10822 38670 58451 26651 66558 57190 18476 44835 48547 
7950 9
51067 71598 4581 75850 44370 53191 9940 52675 14662 
7945 9
45284 65306 62548 13491 14149 5504 17906 17208 70204 
7943 9
15119 48880 45326 72317 40884 35392 60086 38892 63312 
7939 9
38944 12093 58199 725 51643 51948 3095 10660 1917 
7923 9
5223 57023 14486 67826 67021 76345 27081 30949 24648 
7917 9
72265 10599 39480 33095 56592 16159 24499 75740 10639 
7848 9
10117 49686 17011 73077 66901 73822 18990 44438 75482 
7816 9
32068 33296 64581 59650 44765 7983 51191 57408 65580 
7592 9
59448 49804 4107 22221 67542 20512 42170 49347 35562 
7453 9
8462 46636 72042 44494 60824 4570 57836 14299 26636 
7144 9
11242 37860 20692 17984 31006 22395 30390 65905 70078 
5865 9
19907 15744 3056 8095 33439 28534 61045 19932 68081 
4811 9
20775 77009 23855 61233 2731 23334 7280 67239 5146 
328 9
38690 16485 26538 7066 3912 41012 31231 53995 13842 
11873 8
58224 26248 58506 13338 75062 58280 40688 26315 
9885 8
3836 13189 24436 1695 31073 45880 73795 34594 
967 8
39430 10668 32595 72675 8550 14182 136 9383 
9887 7
63344 23246 10418 33783 71737 43008 28140 
7809 7
40969 53119 37181 683 38725 21335 47724 
4909 7
52347 6743 67992 63963 3834 24906 54317 
3848 7
39846 11012 71020 32388 58840 59451 64729 
10183 6
32166 71064 73815 48436 59228 20995 
11755 5
2202 53963 77125 75933 41247 
11572 5
48930 63904 58513 16769 25481 
9792 5
46098 5370 10036 59876 13982 
241 5
74583 17344 38568 38046 34119 
12149 4
37220 35699 40783 56129 
422 4
62236 74155 73848 54520 
10997 3
46189 47968 62227 
1473 3
59031 15458 24024 
10357 2
24786 30402 
