10
7276 132
65088 4398 16891 51895 31984 22712 30972 12348 33236 72179 69413 41402 21590 9975 92394 28566 63260 4980 63944 23283 83746 40059 47966 83101 45158 49140 34364 69537 29162 83843 17938 45398 28221 49162 26832 23683 72502 62074 49288 20501 57448 80706 19960 17108 31629 30328 47257 20286 30570 87235 23179 89479 44242 37268 22951 68147 56903 71805 19279 6570 95911 42198 52116 26099 87086 55 42388 72421 88731 93760 35925 61831 46140 60328 33144 95415 86659 49683 36849 9314 53966 2412 4751 62281 23559 9981 61698 57515 28163 5292 24111 86790 67883 18795 4017 14178 82573 49749 53218 84318 47193 22853 83841 59249 3223 98383 45042 46509 76501 66002 46934 96503 37824 38170 50321 34348 51553 93375 44979 5638 38191 11200 57136 95411 21373 86601 31196 58824 19399 78504 43738 71583 
4214 114
91086 96755 41017 34046 84660 89974 38594 8351 43334 42333 73059 24402 17052 65440 41637 17668 67844 77475 98743 91195 82930 82982 86710 74268 97484 28142 29400 89073 63979 86633 13950 35222 7666 42631 65151 64462 25010 87223 94019 93238 3249 63547 51725 9072 67173 84750 66269 79561 3752 71028 86517 74513 88809 23215 12351 93177 48136 5190 92256 8969 44488 69012 46916 46758 64421 57472 27171 23990 74145 30572 65884 89306 3737 14408 97140 7761 94606 97147 22646 51721 42474 45372 44747 72550 56329 48844 99404 84389 87370 49290 68337 78149 79779 77480 50802 85434 31654 42526 49508 27658 49230 47713 47612 66733 46112 87122 48472 25558 4164 48936 17229 78180 80000 68526 
4833 88
16298 84904 9083 80569 58804 68663 60844 68916 13269 18107 17801 15226 94115 71623 87728 22678 92825 18395 43228 10111 42957 8995 3523 52000 45301 92828 54854 46253 32114 72805 93533 7586 79394 67583 18550 64921 65690 26467 5222 24711 82432 84379 53971 60282 26428 99451 13391 68088 21067 16572 72745 66922 3800 19286 85289 33571 21611 41436 69969 73949 9020 43651 35264 1980 67249 11060 24028 45830 62925 57200 18113 34248 79357 15673 24604 87440 42560 89043 31906 93942 50457 44500 17216 24750 49951 96184 3075 66610 
1063 67
17458 90397 92963 30477 34865 23970 60873 96024 71084 32752 804 94729 7770 10882 67726 38144 33603 57391 16727 2933 12473 91482 8214 44506 6419 14809 42158 43365 57097 7292 50942 82550 3146 89120 70857 29102 86257 15075 67838 19780 52926 5927 61348 47210 28229 41987 76589 35243 79302 87872 27314 4806 39003 77329 76723 4026 5367 48464 92995 38366 48091 87629 75561 1053 45717 50636 57556 
3278 47
36845 71616 4298 55832 79228 93106 98963 90891 36525 90554 27697 25607 29237 18190 69622 53091 5499 2101 97721 17627 94909 23599 1143 31955 69604 98935 71440 19877 13099 20942 27494 81852 29725 94157 89761 23692 86789 11372 26603 11414 24860 80175 95737 98868 72300 38916 21431 
521 34
88481 41432 32038 88788 3250 63940 6889 96794 55110 95209 84715 84510 42570 29342 28400 26377 24432 26550 61428 96824 71014 91585 43774 62476 95550 46693 53980 26523 21813 52001 59779 54724 68233 72670 
4524 20
41821 65318 23434 86816 4720 13867 67259 36785 83427 53932 74533 79410 81721 68115 26444 74144 59530 20367 10735 88418 
7448 13
27835 41366 51854 60128 84859 65813 90613 59880 54381 49062 52535 95203 98880 
6930 6
83516 82979 42653 59354 77725 56585 
7574 1
14728 
