67
11010 10
52357 41993 67294 80144 64561 32934 38839 30458 38862 51892 
11009 10
81383 23715 39892 52200 21574 67879 75112 85261 27932 31289 
11008 10
65214 50491 17436 19285 45571 34223 25723 2388 73971 23853 
11007 10
41744 3045 51818 45077 12270 43286 70276 28981 36064 64301 
11006 10
91206 39149 84689 2872 15952 52128 77122 53289 45776 86128 
11004 10
29913 64426 8303 49708 2172 88428 13961 48425 27068 15157 
11001 10
29096 14943 85625 92052 80018 83386 3846 56069 18243 14600 
10999 10
74116 52826 87327 86986 77937 80437 58888 71075 57522 73058 
10982 10
66563 71033 18713 23168 26362 53001 82220 61955 34832 46027 
10972 10
80651 84228 29778 1642 31060 62840 17077 44439 35113 92249 
10952 10
38443 30763 8357 44060 84532 89087 28436 17708 43370 14009 
10936 10
47536 34712 5705 3681 55463 65905 70690 45901 21489 1442 
10921 10
85966 65705 84158 67864 33626 32852 86052 54350 10587 12821 
10880 10
72251 33830 81904 23486 80392 5919 64886 92009 83213 4419 
10877 10
84482 59375 42677 8504 65481 81185 28339 77951 373 35492 
10868 10
3495 1812 14496 20528 70391 58394 63594 25443 78660 57188 
10802 10
74858 20012 68195 19274 36481 19545 73136 74708 21639 46789 
10790 10
44392 52970 13850 46662 57807 54773 35662 1155 34887 79041 
10629 10
53334 31409 5879 45273 68543 68126 79432 2870 81952 30542 
10623 10
33993 5843 63113 73695 35066 26166 30325 74654 37331 87261 
10492 10
36756 43939 28455 77515 47765 52078 87840 68788 57059 65192 
10242 10
51812 33237 72622 22570 47762 57750 42503 92449 48578 77797 
9937 10
37850 78950 80440 18780 87441 76757 67590 85135 29941 22986 
9534 10
42821 68065 21849 18239 80373 90478 89186 72317 42056 70279 
9281 10
92995 31896 47885 14274 31507 22007 41991 9339 52623 79173 
9199 10
41654 93119 46293 79065 34906 60542 30521 76445 3423 17139 
8404 10
64992 62876 44690 85145 66869 6376 2362 68477 17581 38138 
7123 10
40552 67211 46278 79968 75586 56788 28393 24873 33234 52929 
7105 10
93175 29201 59339 59875 89745 89331 89826 44086 13848 51938 
5091 10
69141 25903 24638 50632 34068 52336 50953 11689 57589 51182 
16763 9
74287 11713 12433 70523 70731 3713 77787 11749 47258 
9779 9
16364 42497 81643 13675 25990 8441 38444 23132 47153 
7262 9
71069 18431 58381 11827 65649 39471 63210 87997 76216 
6095 9
84506 4984 55509 49057 59407 76491 69089 64720 77770 
2926 9
68514 63677 90804 85389 26966 46345 2999 82242 84648 
17626 8
60563 36519 25894 22152 79827 56895 79751 80700 
15689 8
52456 48074 25085 72893 74189 35915 37657 58986 
11394 8
21250 86353 39085 65805 57981 78366 16049 11247 
9479 8
11334 84805 67233 51033 4398 748 22368 86455 
7771 8
40321 11916 51541 29880 35010 9679 78781 34532 
7256 8
65406 47661 51558 65583 46166 59122 71077 17304 
2224 8
42754 33952 5118 3032 82615 31995 15865 32949 
934 8
6233 80716 88911 32779 44058 42397 90208 66228 
10768 7
17662 36713 79401 80139 42709 57553 80405 
6274 7
7205 8748 14711 53493 73394 7458 24173 
17265 6
65303 59172 7539 25638 65863 54142 
16996 6
49790 21660 56909 16467 70684 46237 
16946 6
15119 24441 2405 6857 45767 78415 
15795 6
80404 26858 33749 6529 12200 28725 
12566 6
1234 87592 88410 35946 67689 78994 
4473 6
8130 23279 73533 89510 71950 56426 
3284 6
5149 31501 79262 81778 3533 27209 
17256 5
87633 60953 60863 50407 57303 
9897 5
20309 26889 82289 92187 70415 
4665 5
91261 5283 66576 74156 24946 
16427 4
12028 57428 80087 54039 
16209 4
45601 20444 61902 76494 
14641 4
18024 41196 29743 60881 
13642 4
70502 16050 546 20491 
6450 4
37056 9507 26398 90836 
4746 4
21768 59055 37811 39855 
17462 3
64473 67185 9779 
16954 3
70459 54342 76025 
14329 3
44560 10130 69274 
17599 2
14481 83580 
16535 2
73787 43659 
17755 1
48975 
