16
6901 108
65845 23066 87941 5514 28026 46137 94366 25106 83011 78123 52310 57921 14383 7998 22695 9330 54797 29118 40730 10415 28937 15497 94876 77178 72179 48699 71462 36812 86412 16288 47651 36928 55816 48936 11288 53778 12652 67105 91479 29902 97817 99000 81197 67730 76727 31553 74400 93052 7623 99510 30497 90517 71328 11861 57281 83489 93096 40499 69265 79982 44514 46015 21846 18404 14382 88787 26785 27107 1037 73618 83000 58075 67604 92872 52844 98791 72987 56184 73980 66449 82017 70510 46573 81551 98729 49660 91715 58637 45331 91785 66288 21207 46552 24994 10655 39410 95733 88150 20687 25695 5658 82320 98015 23930 4595 15881 64472 97776 
4892 104
80507 68966 58390 13324 44345 15641 17230 56020 7126 38737 77685 51477 17358 45256 78957 11193 73743 18938 76915 7557 89646 78395 89052 35858 48789 77627 98516 46821 13227 50095 30494 27124 67734 2842 18528 3283 67942 89987 76931 9466 28440 25880 97345 36755 13350 56293 16665 71032 57447 70083 95205 71740 13276 28771 4676 51210 87341 86123 95003 27585 92519 47068 53657 34167 53963 70942 35487 19037 45412 4965 1420 25579 88128 74500 55914 7715 87491 12081 84311 15146 65053 52405 35742 54795 34765 58055 82273 31995 51309 22546 55405 83517 10120 19676 70058 27703 15695 95250 50360 91463 48479 45323 26891 43675 
8592 92
49538 35227 98082 65480 76477 41143 94181 57479 28231 94946 78420 13674 3240 94119 11952 89128 84427 11598 76455 78094 45368 79923 57812 33610 41074 48473 45396 14798 47000 98638 79411 60945 58277 63236 97649 58679 9662 17680 90897 21458 65403 28278 91784 48477 29803 70032 52851 70003 43192 96249 24180 8739 24835 85695 71509 48366 61728 88413 21494 4131 10635 23378 29302 98012 51624 38733 87464 10537 71395 20628 19935 47389 41937 3252 37723 9234 50125 68885 64444 37564 4882 27720 70332 5832 5581 65290 44438 73495 84289 37638 95259 88358 
1389 82
90738 85073 69624 68093 30444 67341 30115 8252 18245 69962 6206 4050 8788 26025 76974 32278 13984 37409 33925 95288 86124 28183 41614 98879 40024 40604 42349 27498 25530 95781 24295 66402 88503 76487 83071 81944 37960 19836 37880 23086 87275 86397 41190 51433 25553 41395 46095 96083 86373 35901 44192 40374 27081 20603 87932 63887 46593 88925 79384 5535 68364 16247 90988 79546 86346 70304 11010 41835 33890 45346 7476 7779 65229 60609 90304 1739 52170 84642 73332 17579 91789 27697 
2780 71
8004 29708 61334 62334 91032 89946 50551 68844 90486 28867 63424 18939 29488 11845 87301 43878 49873 65147 31486 22208 15863 8954 59845 65710 72303 36410 9450 97335 47599 97359 5137 37659 14227 53499 19797 85881 6996 61716 92910 98102 46446 30885 5262 17570 24633 61137 31800 36998 93943 6350 38306 76032 95679 16774 77974 34749 67583 6542 84135 65473 34230 26629 54316 13531 13493 26402 25655 46749 61412 73576 30106 
6893 57
21469 27334 82794 54821 67664 30963 77438 74527 99940 20259 72245 68444 34529 44540 45123 85025 84810 36064 97917 65161 7162 14684 85770 30183 11729 5199 41547 17220 81954 85415 15879 81041 99491 91543 46395 57838 38303 38499 48958 53027 84594 40561 38332 54113 86785 16203 98855 76832 45207 21854 84154 94266 92254 34355 1569 53421 55454 
7354 49
74689 26264 35985 21465 84350 78753 86869 590 55966 15351 21525 67944 84312 30838 14053 50215 88644 49740 65104 73228 76976 27406 56641 49735 67771 92604 60938 40356 15251 85040 46439 96245 44572 99391 43693 44853 38632 10137 19918 3964 2622 18992 57984 30516 96670 40520 25241 53740 60337 
8542 39
75560 59853 86316 40954 88654 29917 53097 52067 15528 22625 89196 34642 62019 7154 94620 74488 68318 57391 70753 50080 8780 45655 38408 84224 40449 35861 78136 18578 88160 50663 84861 29744 54006 36359 37523 43018 17082 30806 52321 
9059 34
34491 22168 13758 51326 64963 81990 25321 45899 53711 4782 72989 62378 4426 52268 75461 41085 97975 79433 30796 56516 98304 4013 81146 57476 86978 12640 49664 54034 40694 32894 93701 86361 60355 44583 
3492 27
9855 23731 19134 36576 40847 17419 85227 90132 25915 32148 81103 25072 74056 76576 61146 71038 69402 20128 82276 47683 44723 40106 85395 2142 23389 73409 63976 
9215 22
40132 45793 46435 14354 6260 62758 37214 59155 42404 36856 46094 34844 93342 97039 86194 12265 50490 45554 82928 72689 79673 44303 
7187 18
73276 2182 86647 10200 54491 42335 17112 885 22070 85572 95511 48983 26032 15162 64669 30861 71593 42420 
7953 13
99526 32233 20520 49851 38520 73280 13070 86871 62021 83959 98161 75166 93084 
9067 9
10972 98694 36979 42423 13119 35917 84875 97886 51523 
7049 7
18436 56355 4638 39895 9109 50300 92495 
7239 4
8236 47772 67809 48965 
