68
12960 13
60527 38001 60935 18193 38299 27523 19007 43521 26413 28603 31267 75575 36358 
12959 13
20526 65287 20155 1476 23944 8783 80494 53610 4436 26135 11190 54408 70178 
12957 13
8754 52600 57076 11877 47570 8318 5442 74324 13286 35164 54786 35735 42863 
12955 13
62744 29890 61794 55993 264 18113 39356 23130 11020 31829 59708 35780 65578 
12952 13
55405 33621 56929 57358 36028 20942 634 13752 78573 80015 45308 35143 35387 
12949 13
54436 58462 8687 30317 73949 17970 11082 21196 74844 21990 44232 32080 25446 
12938 13
29112 19453 49292 70589 54909 16612 11969 28621 22315 77613 18770 51537 34554 
12926 13
80719 31525 40901 41651 39467 31786 41955 76966 71631 29918 18921 38555 62317 
12916 13
38108 51031 54222 74452 41324 21365 64567 6612 70092 62400 13488 75352 46973 
12912 13
34795 51215 15542 43220 71052 72145 66362 4856 59210 52481 21976 65337 54383 
12907 13
15914 25724 11085 18080 20340 66542 14347 75269 55355 72673 3405 57427 65336 
12900 13
25590 53248 3111 2419 51833 74742 6312 13255 9693 69132 36617 24337 60698 
12899 13
20535 58440 32084 15353 33812 2254 74635 39020 32082 16909 61488 61835 61365 
12841 13
29955 6082 31660 78070 74684 15093 63957 81034 9633 77234 3654 14382 35206 
12800 13
54384 72960 78854 65728 56197 61505 47691 48617 48859 40454 72283 3942 72964 
12625 13
76692 50698 48976 8852 72191 40024 78073 48926 50869 18733 65692 26768 55790 
12471 13
29971 70998 3962 69144 55938 11299 21518 4206 39841 70409 29175 32042 46253 
12292 13
36499 50085 41134 22837 4664 5665 19770 27911 9117 76950 40640 21804 63433 
11462 13
1896 46008 10330 2546 25115 40496 70337 8583 6124 37692 17806 75460 38570 
10874 13
25463 66462 62269 4745 34845 33794 46418 56121 62798 72574 72843 2418 37806 
10724 13
79058 21833 9010 48775 62031 34896 35956 28282 61636 38550 40300 43132 49221 
10721 13
40606 54370 17693 75040 36849 66706 69454 42344 13782 80169 43517 48391 58220 
8679 13
10841 42492 11081 20030 70764 69396 15303 62681 57355 10906 67726 17333 38508 
5113 13
44356 70302 77097 73863 31018 12050 9613 16231 63235 785 20083 51279 22786 
3965 13
2121 63610 4439 18562 5985 12713 34244 23884 53693 28493 7504 77846 55370 
17258 12
42625 76228 32889 3592 38853 78533 52522 73200 33017 74133 2108 67405 
10402 12
67287 48461 79521 8652 34152 26695 53599 40373 63887 77306 13367 41522 
9709 12
53866 36409 71956 78427 62949 13999 14140 50722 56709 77983 68048 20880 
6867 12
5717 79720 36953 73302 12559 55736 35798 13276 38792 48969 64527 58162 
6675 12
9694 32792 8065 51383 49904 35330 1518 43188 59624 64299 3863 16746 
18069 11
43796 37848 23363 48696 80566 38607 23749 65771 41447 32111 37773 
11009 11
311 32184 4116 51455 54337 38313 9999 79357 6835 63620 21949 
8160 11
78234 76633 47208 72560 29892 17558 6192 18894 36493 79254 20533 
3145 11
71260 4774 46491 45015 78379 63209 1723 46106 56909 53441 60688 
18120 10
34636 41140 46422 39601 69704 14657 41649 59491 73423 40426 
15096 10
29968 51548 109 33622 13957 48174 44027 8519 28770 671 
13814 10
77922 11922 3906 78801 28999 49003 47735 29241 1164 59010 
10769 10
12343 41540 32328 17544 32600 56902 1719 56788 30052 4949 
742 10
44564 37827 43748 60570 66513 70610 73615 16582 55715 63344 
17078 9
2260 21698 52618 57374 43285 18301 34855 75305 54372 
14193 9
11687 27276 56604 7968 72166 21808 30953 30027 36970 
13766 9
26106 10837 64304 54730 74239 46087 67099 40484 1098 
19806 8
69237 12788 39202 50992 66076 68784 5798 30888 
18750 8
1089 31630 9515 14907 31767 20724 64292 14549 
18224 8
40246 3785 72719 69052 38934 66179 53939 59726 
12432 8
70739 51923 52220 52390 68714 9645 36512 32350 
6905 8
6463 60431 47276 17490 7068 76530 30222 41020 
17416 7
77387 60670 72293 20166 8301 35036 5152 
15624 7
71504 45476 77412 51634 76245 45585 59548 
4884 7
3008 6452 5579 70718 5694 30724 25698 
18872 6
44019 51564 51568 66558 75284 816 
16509 6
34591 41317 31422 50322 5610 12742 
15609 6
9793 40233 19331 46209 42733 24160 
13911 6
40404 30731 43703 1286 28986 74533 
9286 6
51838 80295 11131 12626 49570 61691 
4670 6
41666 48251 12955 50068 15120 41168 
17556 5
76265 36949 72427 2858 22462 
12499 5
35175 73904 60551 45304 64710 
6498 5
38610 52569 19714 20327 9726 
19386 4
32589 17013 11776 52025 
14400 4
27407 44115 6106 31850 
8769 4
53554 62115 56740 58159 
5256 4
23968 53673 22356 9208 
18810 3
10664 67017 58285 
9617 3
14856 12125 32004 
9370 3
62766 69287 4954 
19226 2
37361 74434 
19834 1
15911 
