128
9020 8
20800 16162 61167 33606 37710 70515 65292 76440 
9019 8
78467 35388 46341 9825 61684 92218 44959 20455 
9017 8
16791 69483 91014 22656 44498 76585 83200 46628 
9016 8
83851 34150 48391 87352 25034 90428 84635 77966 
9015 8
70184 77156 60912 43131 19114 70723 4018 73802 
9014 8
48909 76896 92859 48197 57842 33749 53886 49204 
9012 8
53329 36976 59440 10242 31635 37462 13297 6916 
9011 8
67246 28873 24823 91663 40860 57084 70777 80419 
9010 8
51793 79599 23638 720 75304 14408 52429 2201 
9009 8
75162 26018 88582 19008 8295 34174 20707 16168 
9007 8
73612 79144 22252 77820 31703 72383 53467 61778 
9006 8
22855 8204 36537 93396 93122 74540 92634 84888 
9005 8
63683 63612 75600 61449 47523 80497 29510 31368 
9004 8
32348 737 65978 49088 41935 5866 18164 29006 
9002 8
21752 20066 76565 15335 50944 30512 32040 43361 
8997 8
6076 92658 36803 79927 39181 10645 26825 76056 
8994 8
27217 35283 87688 47289 65863 7155 39646 32284 
8986 8
43582 12924 41524 62506 77762 73297 79067 58478 
8980 8
82654 60088 30577 29731 90297 5393 16836 53098 
8970 8
55603 12342 29771 16080 35851 9781 22519 9784 
8967 8
64520 75327 76982 6081 85488 77805 92109 36984 
8960 8
59246 27106 7192 27813 33333 52357 56611 87509 
8959 8
33620 36056 15417 14818 88360 66977 44051 89235 
8958 8
8525 2203 91967 40307 9906 91073 46623 33873 
8948 8
23234 6833 20422 90640 28679 18671 30984 72352 
8945 8
25885 61141 67460 11715 90464 71657 68263 49435 
8931 8
2281 59759 68691 14831 83600 75391 83300 85596 
8924 8
50657 87987 5536 54775 40657 4043 60228 40439 
8922 8
50822 87908 14923 68558 7968 38886 86000 14863 
8911 8
38937 82929 19288 86966 14832 30818 70629 29074 
8870 8
4064 26709 65525 5575 58965 1927 50779 76846 
8866 8
12690 76074 47738 4769 92106 70815 74032 12788 
8854 8
4805 46265 49742 90064 62292 19588 81513 87570 
8818 8
86239 69948 40274 92865 91385 5847 1274 40633 
8785 8
46577 7432 77880 87204 15767 82757 53946 87047 
8727 8
72617 68171 58749 67678 78970 83013 23624 90810 
8669 8
41076 2606 47718 91307 67704 33593 9280 68918 
8653 8
83354 55303 69099 29399 81423 89342 78493 80172 
8649 8
4095 82428 34112 44333 11166 78578 69200 15962 
8636 8
72670 93060 77327 80068 58062 56217 78978 12438 
8499 8
50954 49184 1312 76512 18215 8480 59696 34664 
8482 8
44303 50897 86412 33485 7819 76987 57639 2209 
8413 8
71451 11931 21664 23133 53716 53930 43151 65953 
8339 8
9594 7697 93001 45252 82336 43932 50685 8833 
8139 8
81540 88930 56310 57156 86837 29685 69574 46027 
7993 8
76925 21013 24030 5297 30272 46735 33656 87187 
7921 8
50202 12154 4125 68754 47307 63050 55181 12358 
7867 8
24594 49617 24109 2596 36077 23535 72810 82506 
7855 8
88663 12111 86362 74191 45249 87797 89260 7688 
7569 8
54247 47668 43853 44358 72342 37380 81933 25609 
7534 8
71026 16683 21621 25564 91481 27290 13809 11292 
6911 8
74745 4457 21940 42737 47636 16178 69779 48614 
6871 8
3200 49495 47577 65402 15591 11619 54568 31853 
6107 8
15617 70587 88689 34990 12030 47868 70739 51081 
6000 8
10396 51299 24145 83407 68335 26437 11473 28930 
5925 8
57750 50143 27159 40092 28291 42463 62352 68858 
5418 8
4397 19156 46468 92126 51609 43000 73117 8121 
4725 8
14948 69515 19914 70138 2355 9224 16885 20645 
3833 8
26670 52147 33918 42468 59962 62191 65908 50058 
3663 8
62224 33548 25199 91111 48520 17336 81802 20884 
3635 8
36626 87723 60282 36296 51853 69917 20556 49493 
2461 8
17774 46483 9582 38839 51275 11685 74642 77583 
1992 8
17493 46078 50029 69157 39253 52933 29719 20317 
21705 7
81239 70233 76379 11720 4441 34882 50272 
19158 7
76517 17818 13658 37445 33725 42248 55279 
19145 7
29831 6489 9470 92133 77548 24048 12641 
18550 7
36456 17075 55819 78372 91715 70551 26558 
17716 7
58187 77171 34922 61693 74568 85539 43985 
17561 7
77223 28589 24554 43335 4689 74662 24203 
10762 7
30469 20477 4725 53180 41964 57789 6660 
8819 7
57676 27380 50828 49625 38189 55678 27375 
7350 7
961 28790 71210 44386 31400 22281 85169 
6331 7
72294 62019 14687 26703 58666 57795 71954 
5646 7
28587 16750 66186 14688 38883 76697 29338 
5220 7
1692 10923 79358 49600 38606 45141 51624 
3590 7
21060 31059 88994 74841 65074 55172 66008 
1886 7
74596 31332 62102 84242 22950 30050 78084 
1194 7
58385 44446 77807 69990 88192 78547 84631 
652 7
45339 9013 49220 17940 52281 38898 84477 
324 7
41027 19661 1765 13890 61876 33848 8446 
22188 6
14899 82886 53738 56049 91257 46065 
18776 6
22531 80894 41447 72939 19500 51827 
18278 6
62775 42797 6315 41375 71801 17486 
12402 6
92189 35154 53308 26541 8721 10749 
8740 6
25872 15627 21462 75944 42513 26950 
6890 6
7002 40468 45404 5491 61526 39144 
6428 6
54619 6867 4153 84959 62934 547 
4158 6
57122 92459 53550 90413 80765 80083 
959 6
37849 34132 37575 31676 66705 18577 
22283 5
73951 63238 47406 71524 21347 
22271 5
66672 52583 70939 85873 2085 
20603 5
24799 9876 10597 83476 70020 
20593 5
45811 66214 80989 10963 71040 
20065 5
36641 74243 75725 38072 6288 
19989 5
9928 5225 57918 15421 17743 
18220 5
60699 85903 65298 82152 70419 
16992 5
81234 89644 59262 37194 38486 
8974 5
22262 18161 41585 85805 8568 
8792 5
37642 63519 72837 90804 28321 
7490 5
72846 21345 91693 60813 49062 
7428 5
29757 10012 52342 18354 43624 
4263 5
25176 14482 43465 86193 83512 
2796 5
78096 26503 62944 61547 60671 
358 5
76244 8502 31532 39745 45660 
22229 4
61405 20802 28985 9342 
22166 4
91762 78436 82968 39460 
17972 4
48511 89041 45686 66899 
17534 4
17465 71868 83788 24838 
16732 4
32728 93135 38925 53314 
24 4
73803 47755 34027 5193 
21462 3
48347 18419 3410 
21304 3
14615 49957 93610 
20753 3
562 56665 91548 
20104 3
12538 51065 18548 
19344 3
87771 41407 53509 
18874 3
77987 37641 59122 
18480 3
89393 67867 89810 
17969 3
48838 92687 38713 
10148 3
35239 40813 19019 
8112 3
62736 25072 36547 
22291 2
12675 78265 
22265 2
28566 79552 
22129 2
73315 26946 
21658 2
70575 3334 
20831 2
64889 89647 
20479 2
46368 70978 
11701 2
25922 51898 
22237 1
84675 
