10
7006 126
9138 8800 70617 95677 67584 56898 54400 48784 27934 46723 10437 12696 14635 16915 21180 23930 51276 84324 7372 13120 20602 4851 89073 63051 95591 73614 42828 56962 60701 13220 8758 28560 89574 82639 26820 59872 65870 87138 9738 77093 83092 25283 65364 18261 34293 48641 74714 84287 96260 64409 32965 89587 52417 82829 84991 71073 28889 79902 27926 29311 17512 63572 40635 61123 81123 76580 35333 26974 10465 64558 85589 57733 83385 25414 11950 71103 99771 83362 75704 27579 82026 57922 46467 37516 79872 55788 17084 80103 39683 22687 89998 42737 874 17639 60655 32483 57199 68618 11166 24159 65255 14874 26893 17155 94315 25100 80633 16535 13050 479 35679 29078 22197 20473 55766 6997 3979 93471 29918 95874 90906 86085 63995 14754 12653 71685 
6595 112
62054 75417 63383 78724 92517 77553 37938 73539 16750 30122 82346 92504 83809 82447 80805 71786 61142 63241 7621 47188 17497 71933 68865 52244 7642 86122 57843 12654 46734 97012 79221 63815 22434 69099 800 18583 39035 82259 85999 13271 69200 61802 69827 47045 81754 95299 84194 84942 33362 24614 24949 14838 68492 6254 43699 36337 409 14197 64871 58038 55606 4081 59722 4617 14732 25916 71328 90860 36285 97655 78507 45820 97471 59756 37969 45085 59620 93837 52207 23303 97055 38545 30555 7610 58576 43875 55021 46733 39885 94617 72369 37422 59463 44716 14764 34640 19735 28842 48914 34470 11989 14864 81475 5298 74673 78197 41107 41897 8380 82406 25926 80420 
4869 88
36693 49676 82610 29173 46056 13637 92764 23322 50177 78351 37493 46000 63315 99721 33103 71864 46241 38651 42048 88285 17558 59172 29189 75946 36303 3682 58832 49660 57750 38314 48115 72610 39171 66045 54391 86403 92325 12223 18607 73636 23000 42231 95123 19370 43248 13967 36617 96807 29416 3014 25412 55253 77952 36147 23082 95426 38487 37910 64968 18882 63943 81953 84564 59269 20256 29750 23031 41072 70053 28763 45868 84614 97348 13072 86250 71264 29454 13136 31868 28418 82314 48512 98880 62210 12590 19859 400 41936 
902 65
13308 13038 13080 8291 68891 74817 90440 99920 67913 63 77873 63013 13011 63451 18414 42387 30426 46436 63130 39601 36410 91500 96608 84659 90174 17090 56130 96084 47006 34187 87414 33245 63287 31129 31950 59605 79017 94071 65717 88808 94980 96025 76245 41768 52187 88714 43929 83956 78185 67930 90190 88055 39456 83706 38363 99074 55170 95430 18443 78996 72777 68447 48787 24591 21318 
7412 48
26865 88642 87216 15636 79417 13649 52168 57022 85702 83805 59049 77943 34990 82097 9104 76411 39681 75115 35228 95048 78791 85650 72393 62359 95050 73577 93913 56449 24144 43514 16099 67146 1119 98164 71298 68031 45013 40393 77915 52057 36010 58976 470 26761 28029 11761 56305 45785 
3161 32
86209 56100 51392 97458 81849 71484 22118 55285 56677 45410 35944 6134 14349 51387 67482 35160 36767 14772 97121 15201 61081 3372 56163 21527 47589 73370 915 79194 22973 27964 53651 8592 
6469 23
52297 88689 39981 40773 66620 61112 64552 76500 61634 7395 70667 86993 6027 14185 87290 32089 94259 96268 61973 79359 38373 37191 43785 
6710 15
24764 96021 71121 14921 55246 77920 88650 86997 66909 84187 50063 34259 79652 4339 81749 
4196 10
49989 39708 34301 26888 57108 73040 4289 11374 94442 82746 
7818 3
77984 88881 40809 
