57
6657 10
21109 28129 14143 77203 34834 1728 68566 7787 83345 84593 
6656 10
41716 34273 53361 53107 47259 65499 47074 58959 9233 42637 
6655 10
66284 49858 42274 62821 58595 66129 43286 19063 8449 63065 
6653 10
44804 30046 11092 10968 53727 71988 11868 76675 39909 8259 
6652 10
3132 77216 23298 82046 10360 18445 7710 48773 52820 65327 
6649 10
1932 21994 35549 65715 68341 67573 1919 24664 48945 35997 
6647 10
81102 41478 13496 83347 10415 85154 61766 8587 60977 44176 
6640 10
34193 42073 48084 47322 6145 52089 68950 79012 3009 61287 
6628 10
71185 30194 46624 62487 32644 8796 84489 15605 6218 26803 
6616 10
60447 37517 49370 81454 77550 21311 24949 1996 68820 43464 
6605 10
7735 37731 81317 18889 1905 54158 22145 14531 42914 5094 
6601 10
28605 82743 41695 72407 14443 10200 54607 68353 70303 32061 
6562 10
46460 5740 60173 67745 20850 69394 13775 18914 45167 40298 
6559 10
72258 70181 39662 3309 82576 83710 58163 39184 33332 67282 
6516 10
45115 66043 33854 44749 83898 75652 71427 32378 76923 34482 
6490 10
43282 78898 34824 60754 73513 78945 77687 13002 73387 47887 
6420 10
53111 11990 17064 3114 58657 79678 33685 35100 35554 30390 
5735 10
28538 58603 77344 51752 31075 45652 28592 11579 46855 58390 
5683 10
37784 80404 85148 75542 63493 60831 52011 31035 10889 10349 
5175 10
34743 52831 34218 79378 42287 11067 34285 35065 41633 18748 
5137 10
14881 26898 7541 44215 70420 81114 54969 48397 39081 73858 
2171 10
57156 71861 17162 84012 56909 16601 906 38899 18295 31589 
304 10
83582 11734 42388 52133 8812 69961 41982 10476 52486 5288 
14685 9
57011 63409 9078 3330 16258 14156 52927 13969 63106 
13766 9
57837 19164 1699 74762 78272 28543 85076 55045 59804 
13475 9
49724 58685 71306 27744 61130 66606 21462 76615 7325 
12588 9
72709 77400 61172 46621 25051 62766 6880 47568 56248 
9514 9
52517 8402 73203 38115 55545 46891 81426 53993 5705 
5862 9
51303 1184 25843 46999 28177 26341 15429 74497 44905 
5174 9
33275 6714 66150 39427 12147 52525 83549 74944 12132 
12150 8
59690 15149 15112 79612 71943 6176 46710 69601 
11468 8
2192 12966 74543 8523 48419 34404 22188 80396 
10914 8
24254 48987 76934 78555 12152 303 75487 32710 
6407 8
39942 33280 31416 44956 76053 77726 3833 79673 
3720 8
63667 18947 16082 33658 29159 70523 21675 20104 
956 8
73801 24896 71771 22677 14669 6099 52771 39021 
14164 7
48881 4376 21510 51839 58819 16391 40866 
12432 7
32048 35818 26825 70337 24756 78999 81005 
11203 7
47549 77650 82301 24019 43411 16815 16762 
3300 7
16896 31152 69691 11730 70024 29035 71310 
13427 6
72795 74990 26600 19871 43637 58690 
9094 6
43444 57209 56873 54688 75965 49126 
9027 6
37467 6143 43760 75014 34203 73239 
14835 5
68399 64224 41312 4824 72609 
14217 5
3589 79843 25746 46067 81687 
14165 5
7487 209 6867 81486 48039 
11598 5
41207 57446 47269 33030 15643 
10873 5
75427 68463 34483 16345 81635 
13398 4
52285 23375 83696 48542 
12329 4
19481 59869 28914 12654 
11214 4
30931 25933 5286 43454 
7314 4
76762 65620 79772 72377 
14012 3
84529 1271 12763 
12826 3
38408 49635 54833 
1652 3
30953 59473 47416 
14857 2
47229 33203 
9377 2
29144 20364 
