61
3674 11
26422 61304 8569 79335 41367 50071 52396 2663 56556 35137 50683 
3673 11
84856 26840 82532 83655 50528 55843 56359 51252 36876 3664 36900 
3671 11
27980 7862 15592 43242 75651 48276 52344 29835 42911 10282 8563 
3666 11
43617 51391 26638 50863 26592 25341 10843 21138 33113 68801 4174 
3663 11
37689 43890 77426 57562 55160 22049 9713 81177 8810 11067 38350 
3660 11
11540 23101 36745 45342 1291 7764 54823 5037 82556 45220 36231 
3659 11
18691 4408 66380 33379 40074 18353 40331 54894 41919 16417 71438 
3653 11
71861 39369 12718 9555 53065 55182 16397 31041 78474 56487 24393 
3648 11
35991 26850 57208 65376 50641 25711 74094 61329 80914 40692 84969 
3644 11
38814 80337 53822 42670 2811 24819 82212 27797 33024 20760 26736 
3633 11
20924 63276 64405 78209 46108 28011 26382 7323 6378 80087 57751 
3623 11
52502 81173 10201 55274 19368 25366 57 53574 6688 58637 81443 
3618 11
7981 11206 34190 46218 74646 16999 30917 49587 69829 77619 67280 
3594 11
56092 84621 35630 3059 40301 23533 68197 36454 18822 37526 48525 
3556 11
2969 52343 48181 8232 67645 67537 34632 9110 72185 73568 67892 
3444 11
79283 57393 5966 55965 27890 5158 84418 21476 81489 55988 80191 
3099 11
36120 53730 66923 63929 54841 68137 65490 60848 34541 76807 52434 
3047 11
31848 53398 63125 31949 67012 75705 5907 67594 8881 44520 77388 
2987 11
35057 8721 25549 24676 58510 34779 56861 80266 30332 39907 21873 
2438 11
56799 79412 32780 19243 1868 15985 46916 18334 67714 29524 9222 
2411 11
82830 52646 67877 41137 790 58132 58137 996 8175 11045 29318 
2029 11
68549 38871 80982 81380 42229 76423 41868 74571 16550 27672 79858 
2023 11
52994 62164 39568 27886 366 53660 37779 43642 52959 56492 15763 
757 11
42543 52369 21405 50438 45030 60713 54949 32004 62196 31240 20016 
404 11
23827 46309 1921 7415 28408 27811 43215 40662 77661 61167 30323 
4911 10
22778 34614 65115 15549 12892 39938 84346 22595 48921 74784 
3004 10
68908 37402 82764 70404 49896 77580 64450 75639 29729 52901 
2202 10
34539 80053 42638 41084 50063 82264 37928 74523 61052 50171 
18293 9
58572 6122 46454 58689 40978 25624 8482 16051 78805 
17654 9
73138 71225 35156 2715 57710 69435 82674 830 7800 
14621 9
75653 62398 50852 78247 15921 26383 78555 83566 32805 
12099 9
11484 61278 3689 18176 67379 39886 25977 75462 76969 
2841 9
4805 77357 62270 27465 5402 56825 57482 79315 42590 
18502 8
16592 427 39563 73639 59460 70690 65327 71368 
17707 8
29554 84776 48165 854 23627 3246 73979 78725 
17548 8
38183 71546 17075 83207 81238 40603 63289 28642 
16974 8
4270 625 22770 33918 46021 26617 74835 68981 
16884 8
71817 9767 69889 52058 25092 55796 77022 62279 
707 8
56734 67310 19833 24341 81257 25559 23304 77784 
18654 7
60444 57475 80943 83833 4963 15361 67024 
14010 7
55458 64184 65676 30292 6188 38115 46706 
8102 7
15050 60835 48666 51414 30753 60993 763 
1766 7
82325 22664 44641 74967 25552 77722 84184 
17877 6
30551 52202 64973 32340 78330 18514 
14879 6
77319 75540 59716 38087 19663 25862 
11804 6
32928 11760 29026 50980 83756 18462 
11667 6
9296 8217 59297 17877 13631 68808 
11157 6
40501 46373 55001 19849 54407 54417 
10418 6
25834 16695 63341 48866 72264 29583 
18161 5
25315 39165 12274 61043 10997 
4226 5
73002 81333 61849 46473 10044 
18311 4
24245 16828 65161 1905 
17906 4
52864 57473 20464 2648 
15705 4
11211 73084 72949 53177 
12499 4
37650 40163 59850 74654 
12424 4
24448 39650 29703 32024 
1784 4
8435 42940 38023 37999 
18313 3
82768 47352 45366 
15158 3
2525 601 81886 
17469 2
72523 68442 
16409 2
47675 47577 
