11
5252 116
84128 58580 23684 13049 53355 8430 92029 13047 35234 70372 39898 93643 33268 41809 71183 47697 81131 28418 44986 65204 62747 99218 89382 4522 68599 6291 27516 91987 29417 42503 12881 33269 56930 17842 26858 59181 67138 41829 75899 19707 84833 31337 56651 69355 33280 95229 3865 85037 38934 11376 1150 37361 17038 44117 31877 37880 19382 58094 78566 64210 96538 63595 53250 30547 36145 67043 78504 78373 67034 56719 4652 42445 85337 54256 26290 73493 68007 80519 14719 92886 18227 67806 80274 86156 1826 79195 64481 24345 70110 70509 36850 81439 1561 40475 40439 10045 44557 33643 8589 3520 98175 76921 64861 44596 40864 22585 97220 3054 39067 26240 29955 76337 77399 84822 21450 67251 
8417 103
13473 56174 57775 41457 76970 17367 64618 12465 1009 24322 74620 7970 40982 90583 54075 96690 77228 39050 44713 82154 83526 58504 3948 91117 36040 82107 86528 97568 98606 55170 22964 65134 53880 93676 49313 49910 65713 6315 19865 360 5165 63048 4463 99113 4436 40800 37827 60355 45656 94702 8061 34179 37412 58690 65020 50663 61989 97691 91455 67628 85822 68684 44787 54954 67250 68979 8424 25900 283 24916 49949 21729 88352 56121 57888 98844 94911 42109 8266 34047 99031 29055 26122 74171 13525 77588 21273 71367 35281 38068 18016 69747 45235 62190 30363 36529 61933 29779 63875 26448 22067 19735 99579 
1126 84
90153 36604 42106 61117 44477 77435 8690 69178 13673 86504 93275 31119 79244 97316 12071 76352 95632 45588 36342 32627 30870 56270 75391 9801 46172 44069 13781 58797 80343 47208 13260 72199 56899 72155 90324 95858 52957 88308 11982 87119 26640 35014 61469 69326 24187 52713 8312 2245 60229 7494 30191 56194 99521 66325 97035 51866 7240 67346 9060 25942 44883 82880 47230 7332 72459 87262 41576 78418 14299 77620 2081 66225 70562 80779 13037 9186 63984 43118 3837 3477 27943 39911 79712 83124 
4600 66
80589 25107 13090 44092 4586 76213 80766 91949 6644 13421 87824 23472 4860 82978 532 50327 90678 65999 11239 85739 38171 64463 67339 88493 20981 80860 26734 97929 42248 20036 26911 20492 85543 91109 94158 82683 96797 52089 22984 11095 63311 8370 47785 83734 67377 48465 28554 1291 74286 353 40259 12405 30271 84748 2468 88537 69663 37666 18232 7726 17469 90551 5998 60472 2679 81080 
6146 50
98061 38970 63381 83765 82259 47662 59523 6697 15165 39754 15356 13680 13434 73930 9546 10267 85138 52046 4382 15770 76100 47977 65687 48552 13219 84374 68119 8127 95937 71155 97790 16851 96158 15013 53739 33617 17012 90500 15352 11283 57605 40071 520 29278 20444 43850 26895 50887 96140 76968 
20 37
15497 78882 65615 40772 29801 82949 97673 2134 72403 65173 71499 95699 85047 9994 72877 51168 79612 53929 74230 17436 10374 19027 49603 560 38075 32877 59308 78306 9752 21343 53430 45456 47894 21865 63883 33719 60896 
8587 26
66056 51926 7615 25466 84854 46560 30098 60632 96470 35216 75105 88310 51736 89637 61572 10338 11312 53320 45349 83152 77997 402 34266 73199 59863 5152 
870 20
95258 86975 71055 30641 83502 84228 58619 76926 11981 81266 87956 460 44036 69465 44228 31049 30356 64033 45407 17181 
4311 13
71944 4106 24413 97454 15559 67658 88593 24195 31025 33353 7048 50794 54209 
2254 7
75263 47669 34391 76535 19655 60711 21282 
8643 1
52497 
