47
1439 22
19786 66980 99335 7277 72683 57839 13162 32827 34025 40835 92386 17502 95869 22006 39212 7265 59003 44990 7630 3264 43632 94472 
1438 22
65627 83450 81745 45025 51724 83705 29603 75691 60970 60016 7534 88196 36199 46282 79057 64729 64429 20711 19570 60030 49804 50226 
1426 22
32466 92309 261 64124 25029 67604 28899 4638 42019 20072 23354 3604 13640 18757 16753 90498 8429 89196 82680 46703 86155 95005 
1422 22
90871 95801 44165 51659 60234 41653 56447 7687 26307 29400 35553 73555 55049 24877 21782 85508 1898 69540 9812 63709 44910 28642 
1417 22
7352 63857 60823 50569 30187 78146 61396 61392 12679 40571 4214 51661 52657 97731 26308 35212 16235 5925 92775 64380 16969 72694 
1353 22
23940 24795 72545 61650 97800 35195 71026 37657 98862 10446 34251 23736 55489 44176 28157 83819 62835 10816 10758 47499 17495 85053 
1315 22
18427 62039 61718 11072 69416 96599 60852 24952 21562 36068 2623 42756 77215 2537 9445 65961 48962 7118 39164 96614 36626 31728 
1268 22
14622 69548 78212 95178 46607 93470 97310 68647 95764 62341 71671 88149 72945 86710 73732 54843 67184 36113 75907 61690 78979 78830 
10683 21
97564 58811 28971 76948 44874 69836 15949 55886 89556 13781 72224 4077 32273 53547 83905 12563 82087 15549 41692 5717 12878 
8153 21
77206 65102 7741 56700 96569 86718 95502 18196 58482 11139 78832 29021 91441 44547 1238 86085 26596 95540 9029 65661 75697 
956 21
70855 72650 25824 6564 81165 64168 38539 25367 44235 58218 85685 64409 5357 54762 48732 90096 72235 97544 11288 61009 58213 
745 21
78971 64206 53663 48593 98897 38573 86839 73986 67981 86868 69735 44160 40347 40972 56292 86356 48192 22099 45457 2645 73403 
11276 19
40501 15017 21822 6381 7446 3601 73611 4180 69574 84168 1423 2087 52727 68275 1276 87359 52480 3643 77755 
8526 19
8267 59798 53743 49592 25954 41042 43140 30176 4942 58281 70104 11637 16114 67084 90870 59189 7368 21137 65394 
3966 19
11618 15818 38345 61283 54523 98050 29068 36582 80044 12318 89297 51721 21045 28904 60510 88924 7051 90935 49242 
2983 19
51506 88660 78621 18882 70816 81196 50201 15628 63628 60763 6636 83556 8934 94524 11104 20740 49174 47185 7328 
4183 18
71336 57102 1275 34372 28588 88231 82623 99385 30192 54812 33163 61289 88773 16755 28122 55648 40862 82813 
474 18
86518 81603 7324 55585 61793 69831 42632 98195 11395 15484 99081 6562 24570 74088 81053 93697 79040 94667 
8228 17
78124 18367 22115 63595 22091 17222 81861 79950 43432 46549 17017 25883 89759 11975 9758 42317 64706 
10722 16
98617 84580 19429 65122 38209 84955 23836 16968 93584 5917 42525 56659 43496 92517 27855 52158 
6702 16
60475 38058 95808 16470 4417 7028 28491 75621 34825 53532 6514 91112 39208 78989 50983 81383 
3547 15
98830 40636 74215 10704 40924 59725 63973 85288 79024 32867 32914 76685 28622 3393 63419 
9505 14
1217 29890 85156 33695 52233 66035 48000 25851 3513 97031 62616 23032 45579 67182 
10739 13
40066 5680 10486 96550 74645 19630 31986 75841 19746 16903 17414 80263 28258 
9345 13
29881 32828 56135 13218 22833 34086 62525 20076 79830 41945 15499 41391 22732 
7077 13
27556 1427 11241 65087 7543 88201 31237 13614 25552 23904 61801 82426 37388 
6975 12
31982 39314 14200 65919 79079 20863 30487 61278 61949 11 54805 38803 
3899 12
86362 98029 58470 71727 83103 98084 50636 77035 5077 66376 33088 87711 
6262 11
52925 22096 81670 20462 76335 9257 18935 4002 71803 80136 21410 
564 11
61487 52490 47656 98435 11654 7182 50877 72288 69158 66201 30482 
11317 10
27259 15193 80650 35323 56957 1874 60918 30835 40677 26526 
4471 10
47625 43335 13235 16155 63043 65340 90141 25654 34324 66067 
10861 9
58730 70232 53448 80776 8136 56188 42868 86937 73118 
950 9
47340 62536 11955 59784 73372 3355 41406 4176 23570 
7053 8
19712 14148 77973 77757 6147 28381 3472 85714 
257 8
31164 55268 34599 92991 36287 3422 55649 47438 
11005 6
31335 13932 50043 31419 83281 85836 
9878 6
43333 46691 24982 55706 32931 36138 
11346 5
40322 95238 56391 1049 38819 
10594 5
28924 87230 58946 99905 21195 
8394 5
62080 65596 67911 77246 2172 
10250 4
4611 28040 49081 70279 
11088 3
52860 53122 2866 
10868 3
42290 82297 97976 
11298 2
44263 45378 
10817 2
32876 49537 
11411 1
57092 
