12
6599 146
94168 19238 89975 28424 60879 83073 79891 24772 18107 4347 13522 25536 38434 31753 886 48442 93377 4933 11088 63040 53960 76525 53890 11213 51345 50404 39795 93126 17283 48334 82988 52873 70478 19609 2120 68334 43838 80683 86393 17572 7099 13806 12722 98024 66190 63860 39698 43816 92339 9055 65427 98482 65327 32995 5109 52385 86580 98032 34139 76245 12436 73481 21919 76899 41076 72418 15549 9352 96433 41820 31574 91846 1004 42171 3614 4635 56332 92027 54905 65701 40274 24079 66103 12860 1258 75541 18736 54196 33241 83685 98046 92925 97358 77520 90607 83181 84515 24194 53936 14420 52124 46895 32884 48 35368 72102 81003 86591 49916 19737 47351 47662 35375 50562 48392 75330 1127 15084 46774 45253 39327 66919 35379 33243 65325 38413 38030 24286 78810 14963 75262 94779 32694 61439 49852 35291 21359 59943 35922 47450 25084 99738 43846 40763 34314 98185 
5477 133
63360 75400 15954 53572 11546 60765 79606 70450 42754 4860 85436 26123 56036 29406 26434 38562 64956 19033 11197 78129 89452 44765 40794 77881 40995 58402 19690 92216 16494 88577 49510 89454 28941 7789 69071 46827 26264 81681 66715 26955 39978 26507 67341 26456 66601 6481 2508 85065 5277 95428 26182 50262 96042 48617 95520 78348 78140 32936 12269 22443 95807 42620 5546 22961 95193 65008 21006 43183 97728 95798 85222 27982 30467 70006 62549 57425 27254 59514 85418 76695 1106 4078 92244 32785 27790 97367 80161 92107 48619 60534 22039 50299 64828 53473 92830 93635 20923 93819 81971 6696 17413 40529 68111 89508 41703 12460 50206 32844 89743 78594 38974 17265 68405 39741 47256 21805 96748 7687 78519 97774 49119 9856 17439 79733 96593 92254 75165 63494 76313 12226 92467 8626 32751 
597 109
87063 39404 10624 34965 57105 7397 10053 16020 61335 13061 87573 51994 7674 48059 59467 45959 725 8853 25244 51745 36368 9543 69761 81891 28858 77632 41146 98449 318 77301 76387 47032 91927 64202 21572 94295 83817 22258 92408 10716 39459 99623 9661 57606 78533 73833 86256 60911 18524 86916 157 41917 47433 45071 57963 34316 31549 98916 919 33004 1396 57371 15294 56211 7455 38268 80955 16425 69450 68681 98190 82437 71976 81873 38958 2475 90697 36752 5496 30936 42921 34144 94626 71373 150 77414 94636 45619 95508 29547 20438 63063 1615 28368 33124 61354 333 30034 41334 64751 81723 19315 53544 28584 46242 72787 47354 19794 3122 
5060 90
41485 82889 44731 63060 34531 1249 2359 46751 21598 72381 81884 44529 83194 80704 27780 65151 7966 46902 60600 79794 52963 39113 1451 12157 70625 68309 48312 10064 97244 81634 89812 80770 37283 57457 97435 20630 4495 42732 77716 89503 91815 47001 89358 44927 41909 22347 86874 40538 2525 70182 82771 4699 11013 71561 36573 99285 50663 75490 40642 33638 98181 17233 92350 63104 30568 21676 5597 33333 9946 12919 91195 39900 70152 1363 65693 96768 81126 8511 21605 66732 16274 56568 49082 90684 36782 87712 7658 17681 44941 58644 
6843 67
75854 80281 95076 73258 57715 79020 23471 43727 74787 90827 93565 99470 4639 24354 82931 50589 98681 22828 85920 51656 85528 72801 67855 37209 29592 18331 2861 99520 77491 3748 66477 59488 16561 60562 93396 57931 10566 33185 55383 95578 69475 19041 38628 60876 46211 42166 60318 15313 94235 86930 869 69612 24949 1714 33593 64 8675 48417 97409 60821 43364 41290 52397 47111 92705 14808 7786 
1167 51
96627 15489 14845 49097 2801 223 33204 7218 66758 11305 29631 38110 63892 24565 36042 69854 17601 94283 8336 46655 28418 36913 36476 94252 87358 43070 68258 67515 83179 67645 26022 38938 75656 45190 40355 32874 89427 18148 89715 64457 79969 93394 66278 19349 88499 72445 67170 69433 18577 68292 86485 
3640 37
33014 10842 48232 3796 30616 87213 522 7278 9877 85023 18773 43716 39146 53399 52534 80431 94947 1282 43851 41915 19410 77265 97825 958 73214 56572 69074 54875 12633 88039 40249 75345 23505 72658 34860 12323 29457 
5565 26
35701 16367 43216 36708 19981 86975 16669 98200 497 61121 60195 93728 64199 19635 19335 70171 88478 81469 49634 35362 20016 77873 30044 18876 85952 24625 
1841 19
69973 69929 62226 25444 411 83176 18074 64591 3981 31604 29314 16468 64901 80139 54437 90300 97268 96780 98257 
5081 12
34384 91125 71425 18985 24308 62039 24362 66734 83853 9447 6470 99094 
5857 7
42763 40824 75106 76595 63515 91699 15925 
6841 3
35493 67331 91740 
