33
607 23
23915 63908 33200 2126 13353 44904 15742 53131 46761 43610 26351 43351 38282 33096 31769 57262 59723 71605 771 31374 49291 15774 66181 
606 23
35226 6425 68549 49193 18059 10513 53614 50428 49113 43342 75877 14749 58497 63733 47537 56302 44440 61316 18132 71649 59381 16225 56838 
587 23
46735 76814 45180 26421 50636 53309 1619 69762 34154 51527 69897 8346 35053 484 60347 38894 56067 20115 34470 14297 63292 32364 29886 
579 23
40479 46602 559 78213 65891 31441 8663 33459 34634 41588 76134 54767 1474 19487 59262 31840 27279 67741 9044 55780 57138 2712 6226 
53 23
8024 67949 77907 53605 66035 62349 51591 22714 59049 55923 64193 28356 27467 67129 3480 6290 12987 41786 35172 6899 47108 1637 20614 
7853 22
3762 58713 73000 49128 14659 53997 35291 29226 54650 44846 66193 49170 28241 69226 50020 13169 47119 43986 43018 3351 64067 40023 
5736 22
64053 17013 16865 60801 62496 25247 69077 76998 72858 15095 9988 45385 3499 22399 23060 67170 70356 12938 16170 59274 68256 726 
1673 21
64803 41830 6801 52681 8581 13481 68418 34758 4535 30221 68668 17050 16934 71249 5875 2363 57168 47281 52928 53718 42054 
1661 21
74188 19320 22515 34472 23068 57964 25102 7288 49474 54062 10103 30922 61934 51208 34399 49049 17576 36618 17983 63914 12059 
2272 20
45154 67521 45030 54398 12553 1114 42001 74048 24199 21124 17909 76591 34632 44237 19030 21565 40604 58134 59327 73091 
5472 19
18978 78114 59199 58276 67604 39483 72066 42276 36670 32937 16789 48025 48494 58421 65395 25913 13764 24304 5377 
6441 18
16148 5597 66126 37831 18920 62401 73163 40952 8115 7571 43150 44572 57682 30117 25949 25557 75606 39236 
2724 18
20072 66477 26941 26672 73241 20372 57812 28375 69140 28150 34448 60136 28418 2872 71973 73159 48767 27706 
7811 16
1865 65245 70328 23558 64565 23169 9806 33582 63577 76763 22966 61813 28381 27534 46302 2268 
2508 16
66634 51333 43456 4124 46866 41489 75749 29461 51415 40664 35993 13885 60786 65350 63674 76207 
5081 15
67627 71210 15309 9034 39876 61693 17145 47411 64603 71648 15425 18119 42535 14126 14877 
2274 15
39051 71916 3985 61751 20230 37194 28806 27956 45859 8008 35887 25162 67557 64640 1123 
7670 13
56894 64826 775 50702 26690 11704 9792 1670 3357 46863 10887 39672 14338 
5512 13
65811 39156 2472 22472 53401 39510 20029 16948 37064 71904 32080 58664 30799 
6662 12
18498 36293 43472 58833 58552 61153 8338 48118 65204 47415 34676 25123 
4936 12
38399 28816 36636 30406 16653 52027 25864 58871 12697 3039 36306 63937 
3521 11
33906 38809 37843 10665 62831 29388 36579 29491 69707 69691 47733 
2575 10
46194 74874 49539 51503 63542 22262 30424 34421 69890 54830 
869 9
32444 25773 16233 71545 16555 46175 67139 66922 51148 
4598 8
71358 36880 22174 20723 48746 37268 67088 44508 
7835 6
53484 20050 23674 48070 73530 10793 
7242 6
3512 64426 20268 58191 36214 71381 
7201 5
63767 61108 13747 56107 44462 
7654 4
26549 32657 73088 69479 
6517 4
11584 324 77317 39528 
7080 3
57306 44327 24521 
7085 2
32968 58719 
7926 1
77616 
