11
324 158
38227 17674 17705 1977 54938 66148 69312 69192 32353 38442 33682 74304 62011 96676 22878 51709 30100 46889 8853 21796 73642 96376 5618 35444 17473 54638 8295 73561 67305 83435 55105 83401 95913 6884 69595 59057 17850 36589 75353 38610 80189 69640 78771 36372 36525 71487 31384 89714 22815 57107 63606 40107 81489 5203 11232 24265 43373 58645 18744 23738 22344 36092 28053 61871 95345 18895 14277 53266 35655 13177 16385 81046 57207 82077 19681 45249 34380 95880 32966 68543 99627 11016 2609 24653 8345 80949 97916 56552 46921 18848 86468 14211 78879 69528 25382 33340 73086 30896 45228 38328 18984 63525 89841 29094 37216 89918 37214 94524 25426 34153 60949 73117 44100 84897 22336 21032 61830 86870 58895 19056 43291 88370 199 49927 87499 77733 29976 74311 92433 2821 44816 92988 11934 80156 28331 9 87681 77978 92994 43209 86621 41805 83979 83002 51711 60639 25136 57288 71956 73165 49203 73152 41135 74939 38143 41531 146 33611 
99 156
19607 80905 62008 24228 76112 95022 63436 80041 91712 50524 63056 99376 79863 11537 54418 90818 89064 18655 95858 8587 29443 18078 83048 27514 61374 2746 65069 13962 26887 45504 74394 35585 3832 45911 37474 32729 58637 6716 44992 69759 78539 53971 59490 28146 49454 14595 68755 60822 98576 17188 25884 81624 24940 27430 30300 45052 36038 96641 36608 9697 72639 1784 50619 72352 60977 13595 31408 18191 50560 80768 52003 41450 41479 39116 38640 29501 31258 97684 69282 58595 41056 74186 56629 10619 10764 9833 11051 51501 530 34826 85424 69022 51801 96089 81969 18098 31452 55575 11310 73535 73963 5329 54672 47516 9753 96971 73971 21521 98611 6262 74696 70377 92565 61059 64657 57254 48796 75220 44934 74173 70186 71898 21730 52289 22745 93663 23054 27167 73903 96697 23158 37159 24536 12067 18003 37345 23444 68272 43244 26414 74375 18306 26440 97435 28084 9671 77562 14134 7559 36249 55353 46462 43642 86213 81301 16522 
112 154
27594 65655 53691 68575 35561 71301 79770 2738 29527 84972 12246 51577 84158 16096 21571 92760 46622 14677 4760 45931 17856 93 45541 32499 41466 37603 64645 53219 53065 50329 34290 48544 49185 11412 23115 18868 20718 57375 79845 69132 40975 36045 33888 13070 89137 9649 24630 7381 22338 22819 52713 43217 18862 84969 89139 73262 34002 91836 46196 23686 89659 47723 31570 72676 61048 38670 87357 49161 74659 73439 22024 33761 8033 38491 12733 56178 98012 35047 87668 79458 35280 59550 21650 12001 5263 51482 80248 94141 80660 36680 11009 48782 30930 65969 45420 4162 4104 74099 70989 64670 30408 52547 7011 92787 32081 57617 96975 18416 41361 6283 472 73493 63908 49097 33010 17206 51793 94084 78109 52750 50755 58122 3158 93061 56702 67113 54064 98634 57452 55678 40393 72359 12861 23181 81699 89016 37073 37294 75600 78376 84976 24978 97998 88255 32832 66253 41756 85690 48929 96372 60101 84174 43491 59513 
294 147
69293 17232 14776 76193 75738 37608 8796 1162 94486 84449 37109 69876 99645 62950 4021 92552 1364 28517 51032 94976 60661 59943 71620 26417 74759 45491 15143 84386 21243 16409 83883 3545 22620 17594 19511 63382 61762 93079 53834 61454 42369 56063 27973 27890 78688 27091 70310 82754 47641 10931 63964 43315 85610 14790 48837 28280 36521 23596 51244 2509 11510 65733 35637 78936 63219 96248 12266 99227 76788 85436 10125 54615 39800 76498 22351 31419 77639 52484 51538 78819 78902 216 7846 99419 98314 48241 84725 15076 4223 41204 21778 40441 62579 53083 41463 11745 30437 71935 68350 33298 84285 51310 40365 72779 57810 99476 7199 3681 91288 8652 69980 91527 38844 32203 63334 95021 45439 13935 51861 97423 44074 37213 61635 16761 26418 10102 94525 39814 77549 87199 76995 72814 67000 25248 91886 79614 36488 21857 78416 34819 25504 88506 5763 36815 22200 78512 85309 
522 97
80027 1419 81095 70053 11078 7298 61126 84482 8181 70770 94082 32260 21769 8798 9261 61568 97800 27635 853 55893 97141 59204 29608 19017 17201 56392 30863 10779 3374 47684 73087 29426 96491 10808 87417 1285 671 14281 93226 26101 68572 29715 92703 29472 48305 98782 39445 52167 34746 36840 20440 64765 4820 28273 12119 27682 69954 58475 59291 74277 20765 7769 47817 35316 18066 2252 70239 10367 49134 66508 41896 12766 25437 93221 77507 81623 12756 42293 69056 61441 27824 33875 21474 20659 9174 646 45309 80546 74756 9365 18919 53787 94995 40008 43419 60926 43033 
639 61
98401 98068 16396 21833 65870 24422 50821 77325 38040 43478 82940 53965 95464 27583 57906 77544 16345 70897 60197 46544 58893 70941 26793 61149 31885 64492 42474 71853 9196 26095 35164 96074 17098 47097 63500 45553 24340 88895 16223 82981 56400 38308 41743 18160 15190 72731 74752 94277 52965 97039 88487 99044 23185 6593 70147 24990 3384 86212 32803 16165 82782 
553 39
56243 38857 68062 52891 34978 76963 772 33951 49545 59788 71996 13374 82729 96681 4129 87341 51146 13748 72489 33233 99741 48322 45427 32173 32468 31815 65813 16349 90860 56680 95919 47157 86167 30869 74588 191 60284 47137 43577 
290 24
45310 15188 82230 3623 14724 48993 46001 17791 19172 49584 31826 24238 43397 76207 74933 55038 16217 90093 18013 23297 23638 20152 38728 16658 
545 11
20146 91764 40434 74342 86995 20425 89445 94661 24361 35462 20366 
758 5
47507 36556 55956 54295 77438 
791 1
24816 
