52
7662 11
29696 45562 82160 10404 90608 23900 24529 4581 95315 28481 88186 
7660 11
23053 64754 14576 8090 64788 55835 23984 12471 14370 42138 89211 
7659 11
7763 35393 64505 10853 21955 71663 18893 7037 56700 83175 74827 
7658 11
78683 74017 67400 18601 11382 98934 17197 77085 41347 7134 22644 
7654 11
85148 16618 81147 64916 44147 49244 28518 37762 31281 48064 97569 
7653 11
80572 41197 71328 14772 82268 61285 17254 81290 36044 49101 24721 
7641 11
49697 73184 29623 22804 78620 69778 90509 41092 19269 57995 21049 
7634 11
61324 14579 25692 10097 99815 21236 6522 90228 61840 7950 98143 
7624 11
88171 12064 82105 29934 18116 10355 91233 57218 46362 92138 82509 
7594 11
79559 56854 14372 4326 25396 50089 14020 66363 67349 50325 25469 
7591 11
46688 93616 87313 28264 29984 43655 21335 36493 86609 10459 17005 
7515 11
36532 64909 10974 35337 49541 71568 79687 75340 87815 47623 43226 
7513 11
2259 78004 96510 32360 91531 69741 51467 29892 34557 42172 42575 
7476 11
20636 6967 23861 6715 21570 53703 27185 66252 94757 41630 5924 
7468 11
5450 28312 14006 72940 25495 55859 25389 20355 47949 75965 61079 
7240 11
22787 70905 81614 71870 74591 47205 4380 98652 70340 29006 62552 
7123 11
88430 17497 5600 89772 2247 42295 20928 11825 96212 56006 60797 
6269 11
7350 43728 51076 38189 7214 1135 16905 97312 77474 45678 74783 
6038 11
29819 61425 35277 5305 96963 91846 32593 77589 89107 54566 26834 
5163 11
22741 73999 52584 70671 53044 74495 2194 70860 4420 67523 21562 
4522 11
23578 8855 41329 21357 59232 53677 47566 30798 55064 52974 69796 
6859 10
35887 61903 47176 43612 87840 33634 15233 97059 66229 36029 
5201 10
64415 42972 24556 48440 53704 11852 27344 84059 19850 88302 
5090 10
14740 27546 13163 68847 8295 58213 71398 66753 36060 18139 
2760 10
19579 63595 68563 17167 72289 14425 40299 80017 62041 74744 
8066 9
70532 17405 71638 61974 87627 59791 14677 89726 85727 
6880 9
70003 97980 66756 49158 8229 66757 14533 51897 43079 
4942 9
13295 52706 68074 18076 68776 91626 33942 85096 50789 
2046 9
75516 15070 65044 9566 44824 95243 10512 26073 94440 
7811 8
44060 44402 41188 8975 47752 53028 34671 48626 
6550 8
10968 7826 89537 46494 73025 51550 86435 28050 
5402 8
8278 93996 98735 29713 32313 17444 6155 5868 
3182 8
39541 1921 15707 12605 42198 61284 80109 64248 
6768 7
20594 47223 753 11317 8386 83377 51866 
6276 7
98191 45543 52287 27859 57041 39631 30235 
5184 7
59848 92015 2694 80174 18572 5044 91748 
3991 7
69470 31951 5326 9254 52006 84043 62364 
3296 7
95339 1188 71185 66912 63719 67895 59402 
6986 6
65626 93903 84734 88141 96343 26805 
5762 6
90405 93380 90878 21688 73073 12126 
5564 6
55638 80226 3915 12186 41609 26718 
4124 6
61758 85157 83022 90090 18075 94898 
4546 5
93123 29753 33520 78416 23174 
337 5
45955 12311 23460 46429 80975 
6251 4
1203 96152 82307 35667 
6087 4
87137 17734 45502 45981 
8003 3
55232 80645 57374 
7814 3
98836 59641 19317 
6066 3
41403 19243 7106 
1633 3
23734 65782 33902 
6953 2
45742 69472 
5128 2
59618 90254 
