45
8013 17
28688 98710 4600 41490 8278 18599 97483 40629 45886 14435 70202 81267 59461 76723 48350 93178 87324 
8012 17
8224 7706 27074 63959 68526 45928 97332 49615 86537 3030 14907 27265 79495 7515 59016 60144 32898 
8004 17
88650 32220 9871 13046 67028 87866 51329 39214 29546 43903 13665 2452 94875 47717 39226 87743 34624 
8003 17
38403 81737 33873 40694 2285 89894 61543 49545 6181 17975 25550 32587 68273 97567 93451 75128 74578 
7997 17
63728 40794 40423 75303 25501 19529 4669 18911 21710 40533 36363 31106 36485 25405 49191 35716 80989 
7991 17
40398 66153 29072 32543 76862 96900 60044 26818 84637 51171 94884 92352 15773 2758 75497 86550 77172 
7943 17
79228 82230 7379 46333 44658 69179 52490 89603 7813 68026 78144 22204 2203 21693 3860 87344 76479 
7866 17
32032 38777 3502 76673 53601 48338 80242 23586 26430 59308 12599 90433 90752 41771 46325 97158 60803 
7864 17
86695 64003 84212 16178 20133 95537 51873 60361 18410 29085 28446 61196 44474 15213 35996 36959 77183 
7664 17
68503 21265 74893 2493 22903 73464 5638 30149 20548 32369 94624 27601 25964 67033 79845 6575 30301 
6060 17
51634 10069 448 64384 70575 56417 26265 55260 1243 7394 63456 24470 75590 17216 88059 55951 58746 
5855 17
96454 29108 84868 28336 70174 44861 27268 16259 6937 11020 15470 55095 15325 16231 91692 74898 36630 
4246 17
32103 32483 19898 17762 48315 28676 39282 8007 72920 17198 24577 52013 92400 75082 64659 62600 91916 
3308 17
93327 76819 68935 5829 58414 61480 35602 39799 55177 31149 32958 5479 85734 30188 59419 52177 61102 
8627 15
54694 23414 3724 59513 90411 11322 29660 43122 74327 45624 92491 39922 89268 38526 56909 
7610 15
59202 52116 67541 61722 80572 18841 64968 83092 47730 1099 34684 71167 92232 79804 50643 
6228 15
35178 57771 50011 41063 81619 30736 11972 6255 18054 74207 11910 22091 69859 16529 3264 
4263 15
67199 59420 19209 31430 45685 6337 34569 39764 96052 18111 72296 93640 63918 11351 83950 
4220 15
66997 24140 4041 13274 32541 21587 38616 72203 71422 22034 51556 98020 78902 84717 22163 
1782 14
70475 29525 54934 8709 86762 68174 97170 74065 41045 24536 59022 77103 31244 46646 
7114 13
63778 9865 37554 13015 62751 42169 53106 49943 77225 61486 55519 63290 42523 
9300 12
38947 5279 12559 3981 14050 80554 16528 36417 81587 98084 67142 90390 
8974 12
50827 21506 34229 59067 44338 72580 48081 19605 95167 77569 80510 12886 
4013 12
43944 34107 35385 69850 26318 94135 50120 73438 773 2603 98499 88019 
397 12
6667 62047 57954 19437 1070 51740 47986 43158 32379 44429 39535 76366 
9515 11
79330 63659 81052 7180 80981 77962 15855 26903 17472 53715 10302 
8159 11
93109 96566 50501 42100 81775 93476 30090 35149 29976 90600 18274 
6616 10
22284 28100 67019 36661 86043 4730 98753 36738 79893 50832 
3071 10
63505 15313 66273 91804 18378 44657 66909 56082 4778 56338 
7058 9
93371 33965 7391 88994 3928 8451 69068 1952 46406 
4300 9
31424 4613 42281 84280 36808 56703 27682 32994 86050 
7068 8
75755 57236 37564 19890 5466 49298 91868 61708 
2010 8
61281 7818 52214 8659 23204 75197 5459 13468 
3582 7
69579 40810 40193 14049 10259 82523 56320 
9985 6
59977 91979 9785 76328 30160 51285 
6210 6
70289 3479 32192 38893 91107 71307 
3279 6
9328 7575 245 27813 20804 88098 
9753 5
57216 30523 67191 86528 12035 
7965 5
54841 50724 79641 4631 64430 
3234 5
94260 14752 73817 58374 61163 
9214 4
59696 8196 98504 23186 
9151 4
66652 21128 53903 50156 
7718 3
16270 87769 86964 
6445 3
47553 61444 33995 
7132 2
35003 42282 
