35
8326 13
35965 61276 70598 44447 27206 31030 23338 46141 52481 61465 59611 71460 51822 
8325 13
67296 10727 64779 13757 75218 10857 42209 70734 56862 12614 64042 26821 8505 
8323 13
24522 65697 21854 39755 36653 2710 52633 56533 6487 17565 29474 56297 29035 
8322 13
51972 56032 26778 16955 1831 33275 10309 52697 865 14790 31024 22294 908 
8302 13
18937 24112 24472 3815 14421 15161 53021 69020 24167 70342 20407 52718 21989 
8252 13
63291 72756 23470 43964 60291 43839 53738 25443 57945 34505 73551 64658 75113 
8247 13
66298 44302 71629 54346 23064 39105 6921 8176 73411 29341 11320 71127 34000 
8211 13
53283 48083 52892 44657 65916 27210 20870 66572 71861 12050 41499 50042 20906 
8181 13
66248 72880 26832 38541 47066 7790 72253 71330 50107 5781 14066 55140 43559 
7364 13
43909 19290 24363 32360 35806 42310 11562 35871 69412 42526 35507 64158 40800 
7321 13
30767 10805 29136 17906 41806 10651 33931 8460 15469 22607 75182 36801 45518 
6264 13
11991 49910 46996 57783 63975 36796 69734 22436 71846 43333 60307 36275 69536 
5589 13
44871 29087 19984 22115 15514 38762 48523 46703 20592 43329 17640 59549 50623 
8019 12
26169 24442 10182 59120 26325 51503 42118 37110 10869 43739 38555 6856 
7822 12
72673 70834 64159 13266 49264 50634 30955 2772 27890 35408 31105 8585 
5911 12
6802 387 35458 45278 17323 52890 32654 74595 11019 28177 67075 4645 
6488 11
70550 62171 57091 27080 63215 5199 51225 3415 71207 15085 50657 
5568 11
8071 50469 20411 74890 68486 7845 7041 56134 64820 67470 33252 
8744 10
42202 26489 50000 37032 3183 70220 70763 56825 20294 40997 
5096 10
29126 41605 18661 2096 23084 37400 35338 37708 31100 43195 
2746 10
41939 1882 37384 53187 41648 16879 1491 38882 20666 59118 
9599 8
702 21149 20895 2990 70384 59907 6149 15040 
9479 8
66499 40744 10550 45489 27447 3019 56795 64842 
7950 8
17494 70940 59828 22240 74580 39465 10905 13311 
8623 7
66826 66773 10943 62107 6578 64167 43494 
7382 7
70784 14915 37950 274 3827 44490 11375 
1508 7
61626 45304 23283 8295 31632 27635 1676 
8609 6
35896 39851 13730 37265 23206 15758 
3370 6
31833 23336 45620 59150 69713 8380 
1802 5
46764 45397 41787 63699 12633 
350 5
33817 27283 14382 12923 39478 
9800 3
19211 59445 4908 
9089 3
31661 52723 16923 
9590 2
37017 74701 
9271 2
28724 69624 
