43
6404 15
56188 65188 68627 6590 13591 22902 22563 27512 37002 50162 1643 4778 87288 57613 62270 
6403 15
72142 55316 26400 59694 87523 80331 34056 33849 52452 58876 44625 48246 77490 23131 94203 
6402 15
86071 89356 40040 47150 992 91076 62508 46815 82267 59339 57127 14960 85947 11196 92815 
6397 15
43420 36602 82282 10728 42173 84908 41002 2874 54684 14454 6052 27125 49720 53076 30193 
6396 15
81174 44844 4074 26766 53056 27853 33058 52525 89651 73121 27317 20611 1950 65947 52017 
6352 15
94308 19805 68243 37462 64592 67944 88187 10700 35315 64826 53658 53805 28123 10167 59155 
6346 15
81669 38188 88955 40130 52217 38996 62942 22281 37805 93443 76138 75877 16453 17147 63422 
6247 15
42876 40207 20665 68718 93402 3499 12907 83104 75013 51609 43350 63690 63865 60589 13944 
6188 15
68738 73552 94661 56196 63401 69516 60337 2249 15749 43425 73201 59964 81352 35771 47443 
6097 15
61115 35473 90806 2671 42417 57612 63335 71310 22864 81242 6515 19854 55018 68442 35057 
5743 15
22574 37292 19186 75801 61571 4721 13780 56380 65890 61505 33009 23790 35331 64320 20306 
5000 15
90036 17249 71291 33664 42897 55017 76252 69672 81474 81889 42120 79494 93990 9935 18119 
3890 15
84569 14566 69191 7214 35983 79831 25434 70709 38795 49214 54465 79644 80797 57439 40366 
2662 15
90998 76151 28884 29491 89612 29142 3772 6150 82391 13554 30854 70757 77871 64013 10284 
25289 14
43412 74902 22824 46344 49108 9164 27149 28831 54125 69868 51467 64178 32770 18373 
2756 14
60823 5893 72414 39820 64895 82920 51730 11062 5342 60520 17470 65236 92571 60142 
277 14
23303 91007 22119 22111 41922 13329 11872 70280 84252 81099 11902 40901 46192 92737 
15149 13
36 89778 12343 13257 79154 16291 42025 71311 37386 59586 12771 57169 3797 
8242 13
85957 12485 91696 44756 57378 39570 8328 9434 6457 26714 39757 58218 31478 
995 13
90118 15304 86791 1525 19344 46397 36102 45015 65809 13735 41771 10670 53898 
23268 12
34546 15474 191 4224 59896 36308 67893 58349 35978 79376 45577 13945 
20216 11
25745 74762 72764 87392 35573 18600 10511 20518 42121 10425 94629 
19667 11
59554 74369 28382 17849 61243 92894 6508 16513 14218 52193 79371 
7382 11
74230 83847 94544 49929 42152 82847 92906 79364 40651 51003 74159 
5676 11
70173 34374 35283 76882 69741 11712 39225 19042 76976 91710 59197 
1141 11
40150 61085 77988 53274 37819 59175 28153 26806 71560 41535 8173 
23776 10
54546 73063 27600 68147 61610 92119 75263 25857 91430 24498 
18343 10
53359 21522 57022 22677 60400 77041 12268 17805 88043 26644 
22545 9
52814 87526 48192 2753 15159 87630 28338 22089 29416 
21662 9
78314 34438 57711 1656 91509 62800 50398 6143 37397 
22361 8
15768 26974 56649 71726 32555 60539 12435 67151 
7153 8
35208 40948 81200 50378 92328 81118 8958 52776 
4268 8
26925 307 69448 33786 18301 14792 61882 56799 
3865 8
19579 68228 18386 85613 17557 15189 23146 4573 
23663 6
35127 26487 4344 46385 12850 48342 
18468 6
92646 63662 34627 70292 41926 83879 
13437 6
34758 6823 17915 3749 37766 33304 
24658 5
67888 91061 54451 12478 79970 
19725 5
52246 77634 65306 26315 12180 
7514 5
18036 36877 71717 71678 11612 
3257 5
51175 51774 7601 94004 88415 
14064 4
21561 34081 57600 69490 
12938 3
80207 18364 87210 
