426
614 530
44152 51044 6625 35836 15253 84612 88833 45126 43923 36121 43197 78605 79071 86441 29886 81884 55982 31377 27860 15646 30354 84197 55520 11350 71873 26022 3032 56666 42026 29405 36075 1945 18234 35197 8495 76577 74127 70005 39129 731 21016 46547 362 2240 79450 80389 74385 1748 38369 16750 62342 57250 71578 37434 74766 79376 44323 27679 49330 17601 55692 66770 49196 43040 55895 34480 57571 42777 68897 80459 19811 32151 35022 24614 20705 52896 70732 27276 59691 57167 44675 62273 72998 36840 15938 82529 59444 59898 24695 74972 44633 35354 53555 13035 51476 5732 8095 78540 40264 35718 88430 3031 55149 78785 16919 40145 11016 9187 87529 60431 7077 555 33318 8026 36909 18217 7634 38151 81288 39606 48586 54481 2226 80170 43023 19050 87890 1485 47233 88847 66530 65747 62893 5981 24686 21960 86697 48675 51881 5477 30018 27939 60829 15651 56741 34648 21944 22666 31626 48923 538 68199 26969 59612 71165 70939 59817 19258 72086 13224 11075 48450 3908 67956 11736 77011 42068 33788 87158 39778 62754 32956 21194 30839 78015 81404 88029 53339 66515 1362 72734 54786 33421 54748 21846 57301 17907 3536 81943 79490 63035 5526 16866 54823 52107 53659 74091 60942 51101 3776 28400 23303 65502 16261 77450 4911 66472 77778 29375 66458 73470 31706 80321 17739 8568 11393 68528 8707 45955 16192 1486 51700 82483 14083 83276 87014 19128 12226 56939 36082 22909 31924 62578 38019 7482 33724 14435 20205 71623 49262 14213 50955 34467 70506 8154 17328 68432 72572 77756 46774 27198 39005 79646 10772 10096 217 40409 36901 69564 25067 83487 16623 62265 12296 20440 13840 68995 52562 15426 17796 10287 24702 60585 11470 42580 85957 29054 1162 84442 16372 38347 24271 61625 68019 46448 6043 12055 6487 45394 61205 51701 72610 72392 71188 12590 32759 51867 25506 35291 19627 15802 14458 77253 37988 79193 25652 68207 29380 8383 7640 6910 34037 42104 85267 39416 8631 25369 37290 63062 45715 25573 74135 81610 56876 85061 102 28292 16451 33045 53851 414 50345 83168 65167 12257 25938 2903 4091 80002 11296 4943 52703 11269 78184 29079 86589 33836 75957 29586 60553 7031 46347 79962 74321 72284 83190 49078 77575 28054 49016 5208 86521 62423 20271 13762 17526 78620 33520 41849 51614 63896 6946 85416 10378 10948 18014 2570 15681 78968 30646 86934 52807 7445 64017 40900 46708 27411 45436 50432 34409 72519 54499 64559 76532 72293 59281 52243 32369 29559 15162 27488 20678 27997 72228 20488 37196 69672 23795 22716 18811 10236 42446 8730 35162 15854 75951 51799 69944 42549 31517 49035 1839 28591 24716 11342 69324 32332 58656 51301 64971 69680 38767 80451 69330 25580 2890 63416 81226 32882 8194 26674 79840 61306 56437 88090 63945 45907 59921 32236 71999 28350 52298 7607 53328 36012 63637 37900 69262 64363 65160 40357 39288 73993 18143 55392 4720 71774 19477 25168 69326 82668 41519 88133 10931 47544 49369 48354 37179 84215 59518 5571 55141 82103 68451 83672 40171 75029 45769 88494 70916 53527 22576 21301 27643 32450 34757 60448 73807 29912 78477 11418 72558 9152 63289 48687 3533 77707 37348 41634 68668 54217 51154 2089 59252 53798 16769 57387 28207 84573 22618 4013 87458 67494 66355 67487 24493 19988 71137 35969 71068 
523 9
63638 72455 61554 89472 67223 40766 67464 30573 49477 
1438 8
8437 74441 2987 31932 69519 75362 81687 83524 
511 9
86832 55571 23202 20823 85833 45568 47236 75659 38242 
346 9
5592 20484 20860 31917 37034 54549 16728 53092 1787 
220 9
20343 24814 67295 89492 26189 53470 71966 34784 85983 
1375 8
45387 88923 27843 60780 77544 70105 4391 51057 
1321 8
53937 38575 75755 64461 7998 20486 15491 43359 
1125 8
78329 63762 452 34885 53403 26481 80112 78868 
1019 8
53996 59065 76828 20756 56445 14342 9159 21386 
949 8
60785 70350 83485 55851 75627 21137 23939 88639 
889 8
4653 6547 37545 13673 32894 79581 20086 43611 
875 8
28593 39049 10654 28856 84895 84476 49765 2720 
680 9
79365 85421 67670 21766 78749 44318 87901 7058 19666 
673 9
46592 83788 14665 50037 49145 21765 2426 71959 14563 
668 9
77665 30370 22639 46521 62146 50514 57314 45314 66046 
665 9
73968 3947 81585 3825 73859 69875 1304 39521 2188 
660 9
9880 58813 10059 76690 50116 65253 20928 44859 61513 
652 9
72155 69490 15309 81252 72646 79695 18528 48942 56498 
609 9
27369 77627 78834 64744 46359 73213 5716 69837 11069 
600 9
10441 3676 31328 60225 416 81947 36603 46500 2791 
595 9
73294 26014 44442 85480 62007 18294 84003 18714 44058 
586 9
64202 27232 27015 67428 52649 52145 4805 70565 10415 
567 9
42940 15053 35779 13804 58461 44758 3492 47925 83763 
552 9
26182 9143 65373 45675 54308 28563 55714 63955 44032 
529 9
41300 9263 18413 38926 74144 46265 27986 24172 79381 
503 9
17059 20978 39098 88654 29720 51632 15963 71320 35123 
496 9
29541 41087 26665 44678 40557 17728 15911 27370 59115 
460 9
56877 84385 39877 43010 41836 89643 65089 36673 81686 
445 9
70670 20014 11234 82381 87129 35248 70000 64528 60536 
444 9
255 20159 17722 1685 58488 28655 44992 48951 23766 
436 9
42622 88758 89002 21292 44922 44681 81335 58653 31732 
434 9
8270 8401 53552 17187 46765 43362 59924 27341 73597 
373 9
10968 78859 83546 26365 79649 65650 25678 84341 78941 
367 9
43552 54767 57819 46438 57035 29048 549 78778 5050 
366 9
32580 56297 44104 42564 21872 56956 61652 21492 6357 
341 9
49753 79899 42836 14030 11780 10985 89561 36551 3650 
335 9
10986 45053 60899 50021 24183 20579 71612 47362 51681 
290 9
61733 56458 58723 27909 85281 74371 10740 19803 73035 
276 9
60266 86506 46532 28192 5118 68665 53620 71969 41068 
272 9
76326 82431 14344 88698 26052 50106 14506 88912 55295 
254 9
21605 89397 75992 5142 74453 73582 70521 68929 29828 
239 9
51856 75937 15587 12586 17453 78720 59613 41590 75789 
204 9
530 13958 53183 25914 5474 77514 52654 88734 14553 
189 9
38022 46720 15790 3772 48246 60592 57252 5264 52066 
187 9
74197 77868 3375 140 46789 76931 17290 60151 80790 
182 9
6159 59421 60741 32135 79458 71871 48256 56546 49687 
158 9
49304 43946 5033 24432 76621 16874 17127 6966 64652 
148 9
9316 38431 64240 81741 19064 89746 17856 35077 56677 
139 9
74485 13209 62182 42085 57694 70371 17320 42897 62348 
84 9
87664 56136 46669 23804 52843 77293 31113 68525 20310 
52 9
40067 33624 38642 25073 70110 10218 5549 61425 55910 
37 9
52743 41516 13461 34337 30242 75581 20677 46042 20340 
22 9
38121 7990 6824 27465 41559 3852 72954 81060 53743 
14 9
61054 51755 47182 80335 63463 16028 25746 24605 8602 
13 9
10261 21785 75621 76300 31205 24232 38761 13710 74771 
8 9
88804 64573 28814 19969 76215 55671 13889 7171 64345 
7 9
36678 1511 86306 52016 60966 50716 588 87733 4378 
1472 8
9793 67166 10403 85613 50961 34733 79079 56081 
1471 8
80538 71342 60550 64197 6763 73639 54146 38939 
1452 8
87137 12163 5424 79869 19487 46593 21422 11847 
1447 8
14312 30644 49044 52185 88776 3627 39600 26237 
1443 8
27434 16710 58921 41343 80416 48486 32567 51020 
1435 8
66003 15971 46734 12700 75080 10753 21736 21540 
1423 8
58255 81593 73315 66518 3509 55907 39937 39853 
1421 8
84827 78389 52493 78305 24969 32553 36911 87414 
1394 8
67225 48890 36437 29605 54470 76193 26459 48896 
1357 8
78847 80983 79860 69759 45292 76260 88621 16709 
1298 8
20127 81795 748 15339 25578 51854 15570 4942 
1283 8
2742 16092 38900 258 84025 15301 37190 47221 
1243 8
9552 58706 86176 8991 60773 53217 30990 18347 
1240 8
65641 33986 16137 77299 34184 53536 76575 47840 
1215 8
75618 69532 3581 26344 37572 2845 12425 54572 
1199 8
47358 32212 66861 50600 39443 79052 23470 2577 
1132 8
14568 44799 65837 18007 5206 73113 66382 32488 
1064 8
21622 80745 46739 5782 22373 49939 52749 22399 
1009 8
61922 89417 58991 20765 17766 21735 76603 6399 
939 8
11161 6269 64757 28447 6721 5291 66048 29274 
921 8
89416 67406 12077 33394 25930 53821 11639 17161 
918 8
206 54847 42083 2952 68042 43539 42510 51551 
878 8
54119 89656 53732 89375 62722 72718 51832 66668 
872 8
50665 33157 19649 78438 37350 19490 68754 75346 
870 8
37331 18531 37285 87786 49826 7598 57687 58218 
651 9
77819 22679 17145 71653 45073 28300 76262 87439 51010 
650 9
26383 76978 1017 57214 58094 73296 70867 12259 67218 
648 9
26573 1018 22024 62740 20361 31501 66421 8217 9185 
646 9
25570 23156 69283 25695 84575 47193 79565 66758 70034 
643 9
82002 20204 68737 15732 49975 14876 44974 80957 33298 
633 9
84669 28005 21894 72938 26707 67498 85712 14292 67941 
618 9
76091 40152 41678 40574 65023 10624 47435 41530 4033 
599 9
42042 83326 25478 85512 49242 4125 69488 58505 43578 
598 9
41090 73700 34945 42909 53230 50412 53666 62172 9545 
594 9
87257 52419 31238 62278 59346 4194 83129 33340 85274 
588 9
1092 47388 21175 13299 3499 41070 7789 78528 63806 
587 9
70225 29023 74848 64965 50208 81429 21390 79789 62713 
585 9
15531 39685 86029 45581 33957 73695 8805 80290 24290 
566 9
16985 66858 82358 66524 81251 45058 64701 25949 89602 
539 9
1143 83183 37897 27513 46451 68120 81874 40093 73638 
530 9
85089 85180 10368 37037 86599 5980 6389 2871 9968 
505 9
42999 64066 43020 39021 21967 68355 13335 34464 27528 
501 9
31158 40948 54782 67902 85156 81636 22582 55536 79187 
477 9
59216 17813 18802 86760 75507 10479 34973 78988 79258 
457 9
69244 48327 50563 17373 13639 41400 11811 87007 45995 
449 9
24246 32034 50753 26233 32927 74678 47250 68858 353 
442 9
31255 38587 63859 86715 32799 5656 71398 81852 72582 
424 9
63756 62572 85965 27741 86959 24293 61011 33492 72902 
407 9
20554 1697 50963 72440 59569 23250 3697 53383 26373 
399 9
25915 23320 14871 2946 60881 85708 48387 5031 61787 
389 9
68191 83880 7825 39465 13617 790 84821 61083 14660 
383 9
6030 9836 78171 45964 39376 59380 88901 20197 70026 
380 9
35122 61892 39952 10150 72816 38608 8481 51987 11052 
378 9
31420 20776 29226 71750 35761 35436 72951 43608 15885 
360 9
10242 1152 24129 71125 75955 7056 16203 16780 41809 
351 9
65412 36836 58645 49115 36462 9378 60810 19550 77573 
345 9
79883 72345 7365 56021 31829 40028 16269 79098 16515 
339 9
41079 16380 3464 85169 34690 66791 45261 16088 47247 
332 9
31098 3059 6075 17774 58782 37802 30337 55369 54996 
303 9
40701 9149 23045 66386 33955 78351 63022 13949 42522 
288 9
33785 17754 83866 23623 14766 80388 60032 19137 6448 
283 9
57945 57235 73036 39087 3077 88453 15898 1349 55901 
270 9
15575 84345 58530 37786 80832 63657 43370 68899 51077 
268 9
59944 6449 4879 82481 52416 80191 31830 5653 85952 
255 9
29125 11575 41252 85940 58892 77388 89254 24090 5095 
251 9
23274 86721 64078 76655 31668 69643 24848 69017 72640 
250 9
71852 87038 3263 53268 51388 10358 49073 25509 9 
237 9
66171 87072 80299 68419 24259 63549 69297 39341 30567 
236 9
74246 33540 46280 13396 20233 71023 64173 39480 60898 
234 9
56388 38222 67344 34955 69104 79269 47463 28270 73367 
228 9
25763 3358 33018 59213 65941 62789 55847 69866 18867 
212 9
10549 87576 65388 69527 84739 34656 46771 15346 51377 
205 8
26525 16890 24677 69277 15092 52010 73481 22952 
200 9
33578 78978 79242 22180 292 59765 76321 34469 2586 
179 9
77030 65602 20235 20519 2059 65809 74303 39374 88939 
178 9
6255 74699 14978 34699 27002 54909 29199 20638 89226 
172 9
19973 6296 31161 38163 79880 61204 71388 80281 30787 
171 9
65554 49003 66180 87290 82380 72885 68666 47316 13939 
170 9
86462 81998 13892 9485 16796 74194 71261 19827 46354 
167 9
55932 5675 26367 61603 11618 23868 8428 43059 15617 
163 9
37493 53437 55395 12437 64927 52724 67838 671 58624 
161 9
25744 32657 71745 2600 75892 4478 18949 15907 41782 
147 9
62297 48632 62093 55329 81019 61693 40983 13933 42481 
128 9
4787 56364 49715 12829 74833 7499 54105 55986 68877 
118 9
11692 47452 56205 29024 36872 65530 40876 33255 22028 
111 9
58846 65234 12321 23806 32522 89118 10374 13625 4307 
104 9
76216 59081 68427 41319 16275 61765 82851 10393 13455 
75 9
26687 43671 85123 51037 36568 60628 45448 43166 14414 
63 9
3933 22195 84140 54930 83631 64597 82632 12360 61281 
56 9
48765 25859 1192 86988 71152 17905 1708 72920 86640 
54 9
18821 57069 68928 81619 42858 59906 38827 24113 56844 
50 9
27246 77379 15274 72648 15510 29277 56921 38544 14343 
45 9
44308 36971 52262 71244 40356 22125 1226 63327 35170 
39 9
63626 81096 44845 61123 65343 41914 46291 26761 24826 
30 9
80671 1756 87297 28204 64026 26976 84379 16758 58984 
27 9
41430 14761 82741 8573 42102 39383 46862 65586 77593 
25 9
65380 55560 13424 45737 9598 72536 80490 41475 34759 
21 9
75104 85966 26058 82405 6380 77944 22042 36387 78562 
1470 8
12186 63070 68795 18104 75421 71922 52051 27410 
1463 8
65598 13636 54741 48915 88080 47850 82235 27772 
1457 8
24269 65998 37422 84630 8866 14288 61965 79956 
1453 8
46650 62968 79920 34336 42215 23889 45692 59145 
1446 8
50941 3872 7650 48912 63372 85411 78640 89219 
1441 8
81297 40848 53057 65958 26054 85645 55419 31192 
1436 8
22359 47805 22583 73404 10272 33774 65244 20053 
1400 8
11491 22619 29055 4973 21726 58405 10544 39134 
1367 8
11321 88727 63058 33229 58529 49218 39564 5941 
1359 8
38413 56003 29915 82212 31105 80900 17646 18425 
1342 8
198 3644 27775 59151 4407 85304 36218 38747 
1323 8
17225 40909 21672 54407 24807 74427 63974 71746 
1315 8
82134 79424 22741 79392 54618 56906 73665 36778 
1293 8
67088 40014 11944 9014 59717 7324 25134 5589 
1284 8
471 38216 11217 25581 26966 74929 84291 67547 
1279 8
24211 15097 52127 57851 67316 52187 64092 42502 
1265 8
11300 56367 84633 36918 31316 59744 38492 63964 
1255 8
8320 23807 43510 87300 1484 12388 83903 16009 
1253 8
79512 54501 82505 57721 13321 57778 58438 64675 
1250 8
22342 69525 23054 59085 68119 26325 53710 78895 
1248 8
31701 62570 27526 69581 46877 2244 85711 66182 
1231 8
63488 60095 48330 88673 53051 17262 7889 20905 
1207 8
46447 60533 48822 76559 23740 88158 65515 86980 
1176 8
6392 23418 88998 38717 63823 32318 82948 75008 
1159 8
58384 13548 42808 7906 46544 1940 22158 8653 
1156 8
28632 27700 72737 13131 58975 49199 85658 4758 
1144 8
14248 43499 87322 45350 88592 10264 5530 48556 
1124 8
89703 21654 21553 54947 70519 29074 28467 74827 
1102 8
57011 55332 12074 84210 52557 48277 7469 50089 
1097 8
58513 59883 58416 52789 9573 73318 26356 75729 
1078 8
3270 61301 19748 65133 4078 35538 44685 41580 
1060 8
85178 1034 14082 6854 12176 74239 71208 55426 
1022 8
11487 2510 19944 5175 42477 74436 11950 56085 
1004 8
19654 31805 34140 78076 29340 60346 51360 88421 
993 8
24100 2318 48115 41887 22037 43409 29981 19355 
985 8
68009 14331 54506 71921 48827 29293 13178 84416 
982 8
1086 864 77143 48837 57182 10238 3123 76512 
956 8
40969 72574 45086 4890 43085 61415 63966 52332 
953 8
66962 57290 56391 81286 62566 45767 8224 2349 
945 8
32890 85054 82998 21453 27028 62921 71311 20968 
930 8
88620 23304 33861 64743 26239 44960 39543 26541 
929 8
64438 52721 32685 50197 33978 79011 78613 12693 
899 8
12854 29117 10803 43541 667 84705 39017 77623 
892 8
25470 39090 33841 16725 6897 51543 19253 74658 
890 8
41473 52105 22513 83277 84473 39531 59455 48260 
859 8
36697 10343 57423 9527 28715 22360 79891 21203 
854 8
48191 47456 58578 8038 59519 76860 71965 30950 
780 8
54693 72668 22233 4204 72714 20070 4425 71518 
779 8
13967 53918 22786 42677 47699 49864 7275 31813 
768 8
83035 47220 57344 82379 47495 80312 57492 63578 
760 8
36985 8738 50710 27151 26209 86608 64141 36941 
735 8
89501 69789 57988 19762 43790 8308 14577 539 
719 8
7019 87886 86973 23980 7586 64153 25048 86939 
714 8
15374 48421 58140 46926 32864 83290 10701 68163 
694 8
56412 21185 19603 15234 16046 86790 13848 57568 
690 8
82311 42767 23160 37580 47418 23486 35955 61474 
679 9
56394 58672 18229 22934 55187 59400 57737 59291 78726 
677 9
26056 53500 63719 17227 39475 11634 62703 17710 12980 
675 9
9315 8501 82522 20385 29660 40608 66990 65065 16342 
671 9
47003 1137 28672 18669 12534 59178 10707 71668 78041 
670 9
60068 71041 86505 17770 38214 69496 11133 33644 40454 
666 9
58665 38810 42048 74244 72819 66102 34203 28171 7478 
657 9
54724 30324 80555 83519 79911 57726 4497 75431 20918 
655 9
21746 11574 61156 13408 59808 39117 75919 15644 84824 
641 9
5083 65637 50744 45960 14320 78499 48953 12436 49852 
639 9
63645 83070 29241 33893 21711 1477 61694 4395 39354 
635 9
6797 66166 47883 88019 54796 11741 89466 2043 18443 
624 8
84457 44773 45630 70671 22499 24499 11638 56239 
623 9
80895 73332 87128 44901 56315 40609 22621 59709 58077 
613 9
36089 65980 15677 53726 67269 86174 37015 79143 34378 
607 9
22204 45786 2314 17265 81996 20637 89144 75381 48928 
590 9
74812 70748 43373 1208 19338 61902 52825 61891 65376 
581 9
88665 46308 26482 45291 74590 54851 86925 4886 37197 
577 9
45941 15546 89168 2580 77824 49027 15944 76849 27855 
576 9
22681 274 10927 44013 6021 85721 53292 14801 25348 
571 9
70788 23638 52030 11746 4986 765 82090 62077 88359 
568 9
21626 84123 55562 50317 74060 74466 5862 30165 19362 
563 9
73371 60249 38915 84532 6251 63255 22622 13938 86868 
562 9
8142 42402 61343 22626 36745 33521 21111 40643 48714 
557 9
65076 83882 88672 44817 4436 29616 26789 28644 22730 
555 9
85688 39911 84605 68603 43380 75877 38384 50475 75179 
554 9
26218 32688 7164 85578 39099 31738 43075 74451 5310 
553 9
22441 31382 84695 58081 33335 36280 24888 79406 2174 
540 9
5680 37307 22846 83577 83269 56126 72143 26004 39125 
535 9
23602 80082 58536 10470 57178 88875 26656 24594 38326 
531 9
89589 79761 55223 54230 38521 75115 12251 20413 62541 
526 9
5415 68215 22429 86070 26154 85047 78907 16538 4527 
514 9
3718 14173 15311 79214 52641 15659 88006 40688 68244 
512 9
89688 54624 19187 66459 54852 20779 51305 72604 14090 
504 9
63742 46330 82454 2744 10501 81003 7325 26025 56720 
498 9
64004 65163 30507 22416 52563 38276 1534 76144 44723 
497 9
45617 65608 40158 56218 19092 72820 17007 26271 48059 
489 9
43318 21068 12239 17814 88070 17578 69205 84399 84076 
481 9
11178 50558 9507 37651 57251 82416 61320 73490 37984 
479 9
75184 53324 52370 40689 42779 51545 84387 34371 44007 
474 9
64337 55588 72796 12012 14724 60534 63818 49816 87244 
456 9
46726 30962 34956 40724 10377 29276 45150 82001 54134 
452 9
13128 51908 74267 28511 71755 17133 74664 82058 12494 
450 9
49829 53521 43579 88511 14540 17985 4162 61606 40633 
446 9
50395 79908 70291 54159 42310 63603 83489 85301 80767 
441 9
80607 27514 5472 34344 72620 67660 19450 25031 14054 
439 9
14046 15447 47985 82010 86598 41557 52305 71983 40522 
430 9
41194 42314 21697 4643 1274 26032 37620 68209 69258 
427 9
83572 7094 37309 41570 40836 60123 68750 89454 67394 
416 8
2701 85260 43566 24180 30987 74610 51759 4990 
405 9
42358 24412 9228 82805 36009 72201 59353 21409 60152 
395 9
26985 85886 46611 48188 10783 85287 20380 28074 16569 
393 9
49675 7186 22828 29870 81924 21223 53882 66092 57857 
387 9
69197 83953 24256 67004 14064 52379 86269 75681 24975 
386 9
47179 76740 13066 76242 6091 83618 82262 71300 27153 
382 9
46888 1294 83796 3664 64892 34908 74544 77474 52300 
376 9
84028 6463 64338 12059 47302 79481 16425 47757 70975 
364 9
23541 13191 30887 21918 46894 70628 36620 39301 44449 
354 9
81505 66266 52179 4756 11351 2989 38720 18196 36189 
347 9
35942 25648 14741 29406 70036 83258 49495 64913 19700 
343 9
64621 13334 10310 15752 4836 72433 85666 60753 66298 
342 9
81703 88285 37172 80512 89608 67307 28795 81986 38905 
337 9
77222 56671 76955 79097 48572 32958 41131 770 54789 
333 8
74020 59631 37094 27058 33282 43543 85222 35131 
326 9
57381 27290 21142 7048 53679 46479 46037 73204 78592 
325 9
54115 64336 6901 37371 43366 38686 84732 32195 85150 
317 9
30479 12536 28651 15778 19684 34475 24118 35822 77449 
304 9
44770 71350 26827 39308 79039 6751 33868 66664 25535 
299 9
51396 24264 26631 40647 84875 41569 68315 76292 75182 
295 9
5977 52964 38663 72398 17463 66194 82902 10702 8031 
294 9
69750 52222 67377 42551 52934 2737 33206 31271 41385 
292 9
83777 14100 59411 38653 75836 43339 11268 64428 7562 
289 9
47402 55646 35987 71106 36334 29047 68020 66224 55648 
274 9
50031 73410 22762 16741 24748 78942 49855 13395 61410 
263 9
73583 66076 8900 85591 80965 35018 69797 76498 58957 
259 9
36964 31886 22546 22257 22524 14332 7596 69097 66221 
257 9
42057 67104 15888 11640 55604 26253 23774 56790 78457 
252 9
72248 38259 22514 72254 80088 68148 78661 69119 18422 
247 9
49256 39963 52292 15212 67007 19488 21729 27091 61770 
241 9
56575 16074 33814 27277 79560 80103 15520 11307 54070 
240 9
86198 69726 89120 20606 5995 70356 22500 47324 76593 
238 9
43651 28466 80031 45636 518 65934 9212 62801 24525 
230 9
63229 8252 7791 87522 78770 11671 49126 31441 44154 
227 9
19639 21868 42895 89275 50535 7276 67852 82924 36317 
224 9
9623 5670 25040 86504 50309 10934 70548 45710 30601 
223 9
80981 60508 36645 66574 28225 26135 87433 8365 50513 
214 9
87026 80736 33381 69090 38398 76149 85565 81828 55672 
209 9
41588 55587 39927 58916 26432 86351 56984 43970 36307 
207 9
34017 16958 24107 56496 79848 19685 19847 86109 21485 
206 9
88722 40837 82197 3556 37055 9643 86661 4547 24804 
201 9
46439 35985 26706 4614 53397 52611 77553 48796 49454 
198 9
31400 37605 10454 37673 3014 214 40654 32992 51445 
197 9
10764 34901 72047 81444 30162 51533 41695 4580 21341 
186 9
68586 85986 87526 35453 32404 70382 25602 62715 77537 
185 9
2728 64283 32803 38656 23692 65733 55733 80067 624 
181 9
85347 41012 18776 52436 33656 47210 49898 62256 68198 
160 9
24423 28767 12223 40362 86695 2809 61111 47685 14914 
156 9
46818 84662 42186 74265 47892 20503 51485 61198 88317 
146 9
25102 9524 81334 53264 68159 17198 6666 19304 66066 
143 9
3934 67478 64342 15034 80638 55275 52767 66705 49804 
142 9
40801 31290 45916 79167 6782 58671 36619 83830 29324 
141 9
8211 62553 48113 41444 78574 28441 67277 23708 74205 
140 9
83547 48569 54151 23509 32430 2713 32168 6352 48177 
132 9
60065 11778 81856 47593 31543 19560 39238 87278 38361 
121 9
72670 84720 29092 73155 77214 30393 78328 78754 78468 
112 9
18499 48563 79182 5641 59670 57511 36717 85350 34592 
105 9
50258 6503 17466 69449 20725 44858 74311 759 41648 
102 9
32437 35842 80058 84372 72126 45491 72941 2482 80726 
99 9
54082 78233 71181 41997 21325 50793 20214 6336 1396 
98 9
49129 62717 4227 10492 46560 1856 27366 55019 14616 
81 9
21372 10000 89415 70857 60468 50347 2350 88801 27100 
69 9
74685 28835 61859 52084 78491 65510 30612 66555 82569 
68 9
34245 20138 7916 10432 84967 88962 87919 31020 3440 
67 9
16374 85623 76660 9897 26532 20140 3076 77591 54867 
66 9
42877 40071 49351 2592 48712 11471 70112 7374 87933 
64 9
70625 51513 36059 53446 20791 4913 17504 19816 82675 
59 9
27628 31897 36659 13442 89342 35837 44245 59046 44038 
51 9
9775 42884 3462 73454 20613 13439 13658 53076 40295 
41 9
56379 4385 22196 82880 16659 67380 29439 88865 84053 
35 9
77246 42390 86287 84227 60955 84495 17808 28495 65948 
18 9
22167 47102 34141 38224 39008 33135 20337 59278 11959 
2 9
46134 7333 16335 76239 84042 7413 1760 89024 1032 
1 9
6943 27866 4366 84289 9421 79002 5772 17795 25120 
1493 8
55544 60232 37748 26522 62684 20389 8509 72242 
1487 8
47508 44574 51169 56474 46959 46110 33109 79655 
1482 8
60688 43778 62734 6632 6340 35408 62457 84955 
1480 8
2150 86735 24842 12218 42177 80525 43461 72535 
1478 8
32554 6807 232 64907 25735 55176 50960 11586 
1477 8
22107 38397 41039 59265 34820 71010 60453 71587 
1466 8
32788 3015 56097 24898 23130 44504 46000 86672 
1461 8
37413 44994 71226 26927 50987 81713 73704 70831 
1455 8
28104 34587 11794 72975 67920 18610 15088 50008 
1442 8
8788 19305 43975 1473 24746 57951 67760 68951 
1430 8
33417 75415 15379 58707 6335 74148 44771 35935 
1426 7
44142 83563 37391 39275 46692 87211 63713 
1424 8
80354 3765 47281 49444 51333 7024 53604 6498 
1419 8
60947 69454 74620 47195 81186 31552 48641 68356 
1408 8
33487 87566 88993 41713 17738 63285 12359 57921 
1403 8
63993 6040 47013 36863 61356 59066 68541 36583 
1401 8
40537 75130 24761 85280 9658 40032 28072 29691 
1393 8
76202 81712 52862 16343 27180 50825 58944 72624 
1385 8
27324 10607 85125 7840 49577 52797 14218 63702 
1381 8
48209 26067 52798 44156 23771 18717 14685 54726 
1378 8
58595 51157 23976 30344 1904 11130 85810 39671 
1373 8
9055 37589 3554 662 24586 41551 53954 84067 
1366 8
18828 32016 55960 83570 52581 458 4554 80023 
1363 8
49959 58327 13823 16511 2778 24173 23123 67923 
1352 8
8770 72544 14756 45027 40581 22218 30261 72246 
1341 8
38996 3100 40960 57127 14268 66029 28480 7274 
1339 8
16677 47158 51532 46340 54864 22904 15937 50016 
1336 8
46841 67073 39399 78067 22761 25886 11104 41632 
1327 8
22818 36445 55358 56329 82584 54830 61971 18889 
1305 8
79683 69164 28614 15349 74392 21132 59962 2816 
1304 8
62389 7448 34669 29882 80100 17358 31108 69570 
1300 8
24474 76049 89535 540 24993 51657 8254 28838 
1297 8
48050 89448 43827 29526 39142 35417 865 71316 
1286 8
59121 35334 79699 21207 72205 22799 70852 61175 
1259 8
10214 82195 75935 20219 48728 48817 80187 15327 
1252 8
41906 13246 82692 64111 4849 37283 36629 88351 
1241 8
78294 38399 26268 82949 61220 57409 83453 7205 
1228 8
63803 22825 42306 11247 87467 76126 57054 65093 
1216 7
78258 6968 49646 74367 38033 36208 5130 
1202 8
49012 41683 25622 33402 9519 22230 57944 67530 
1200 8
14367 45289 38590 60008 50144 17426 36877 38285 
1198 8
47701 30902 4379 55170 28598 73657 65372 35437 
1196 8
85771 89413 22071 88557 50481 36758 66539 86151 
1175 8
41208 70730 87210 69442 73451 65737 28272 46455 
1164 8
73876 36454 33051 37528 49743 73607 25633 23790 
1158 8
54819 4796 20854 63725 34812 25660 68405 13604 
1155 8
65067 35911 77870 26765 26561 30957 31443 12782 
1143 8
28635 54884 5039 25670 28031 12774 84775 4249 
1128 8
74671 89035 88469 41240 28089 69945 6924 41824 
1111 8
22661 63365 81077 66894 67219 64833 18808 26121 
1108 8
68324 74642 68146 25931 56845 13629 27543 84799 
1101 8
77362 4265 14199 30597 82186 67026 7196 79772 
1088 8
22267 61656 84441 67154 10370 39091 46908 69651 
1072 8
33447 6866 35712 12401 40613 61075 42272 45476 
1063 8
49888 10256 50879 62264 11441 80575 50207 23210 
1059 8
10106 18608 32824 83060 44820 48595 34158 17013 
1042 8
11511 66147 57369 19934 34268 49965 65504 72275 
1037 7
24384 67343 64738 51220 9312 79471 17081 
1034 8
68310 35847 49860 73858 37076 60721 30084 36392 
1033 8
70419 19729 50899 9493 78752 67966 69228 47017 
1001 8
37230 12947 8049 79650 66508 69504 7823 22592 
995 8
78503 75607 80346 25484 10901 81578 48056 23573 
990 8
8457 4711 5948 38565 86023 49682 76764 83680 
986 8
52241 29304 39583 26336 73994 18619 36159 47001 
984 8
43569 43988 17235 51059 45564 29249 89461 19733 
972 8
81642 46398 22696 50237 89609 970 26647 86249 
964 8
35867 76775 11453 45162 52492 45123 23281 87825 
933 8
82305 48003 88303 83675 14186 22450 77505 65277 
914 8
79592 81173 27671 44362 88382 89442 3141 9183 
912 8
66004 82232 5181 30861 67708 64875 5148 15086 
873 8
11837 37367 50263 17351 69701 64042 72858 52727 
851 8
23402 6455 81707 71298 9188 72675 21268 42742 
846 8
58018 85835 52157 12624 67880 28059 49391 77588 
841 8
60236 52968 58311 52377 22086 42826 50437 47710 
819 8
51033 15019 69948 75845 10094 7684 49744 40481 
814 8
60999 44873 68327 85776 30598 14452 6717 19741 
812 8
44965 71967 3969 66604 45080 35869 38167 13926 
810 8
65640 49524 55288 41843 356 83036 24141 28641 
805 8
52526 16989 24509 74092 1554 21796 87580 77709 
801 8
57163 48634 48276 88003 12790 25005 88201 10312 
795 8
77167 26138 46274 62345 29506 54545 10189 83531 
787 8
75116 73599 72548 78397 3719 60765 1270 40445 
751 7
31050 34163 59769 56631 60953 55923 67462 
745 8
43165 32358 21351 6394 55516 81931 49138 28625 
713 8
27673 40483 18346 74301 32487 25122 6089 13873 
699 8
55701 43943 3459 67713 13109 31151 24281 51527 
683 9
35465 28383 1331 78771 44030 70205 28636 41335 61870 
678 9
38785 56719 4538 14918 65136 9656 14473 25942 20587 
676 8
1718 38966 36107 39025 54630 28261 69924 71003 
674 6
80225 60100 15214 11291 67634 38857 
672 4
75 46794 88916 45285 
669 2
80433 28463 
