33
4956 17
7504 24909 99786 36224 58945 90524 11059 48568 72985 71604 79261 19193 26780 20150 4929 76878 44363 
4953 17
78163 34836 14440 18241 82049 34705 49742 85707 20076 65980 79710 96741 32446 18298 59008 1619 86910 
4950 17
41565 94076 11423 99593 75281 26009 8584 31676 10524 9418 47101 75177 3412 73568 93275 45982 63179 
4938 17
98884 32925 9625 76296 92680 11521 85615 26546 51698 23100 47036 83147 91831 97360 24647 99447 76749 
4907 17
26283 31847 52987 55276 24188 80200 55247 72642 36795 74706 75996 67958 66740 54615 42914 38719 32068 
4882 17
60201 89887 73493 42389 26492 85595 25426 85719 41904 20647 58991 3614 37307 65638 77170 8898 74619 
4281 17
49856 89309 16673 36773 33401 99732 95890 64299 6006 82426 3659 82897 33508 140 91001 95628 29557 
4131 17
19792 58793 94636 25712 99481 95973 73247 33898 53102 73191 44415 84248 51557 67836 56710 49072 47899 
4804 16
69916 27087 56684 49387 3342 70738 47423 42642 58339 24465 38137 20058 673 42037 38876 79268 
4469 16
40510 52375 51534 64401 46811 13948 74136 69935 14613 75562 36363 61078 57669 36034 99180 37773 
3309 16
26429 60808 77373 16100 45420 52779 20514 57738 23307 2502 89431 56024 5954 66884 27380 26549 
971 16
12037 2934 11878 6769 39199 90198 42173 47761 88213 12318 39349 47438 3693 53817 73350 33097 
3703 15
91653 49975 32168 48959 11657 20782 18615 50393 77019 46019 90776 49577 71413 29235 32227 
1746 15
57539 70292 94426 61084 31464 17834 72368 27275 94034 12543 28526 20383 78272 28631 40693 
1908 14
95760 55048 1241 87790 73284 60799 58244 6304 15481 79095 13657 39597 6427 1908 
594 13
41468 15862 53772 46883 15465 6123 5250 26629 67449 59460 54318 63337 72819 
4453 12
75749 31347 46271 51168 27177 56523 90703 10496 69527 89327 72386 85702 
4174 11
26169 68602 82987 4702 71721 35869 42340 59334 1355 55236 52984 
3813 11
75032 64069 4970 20093 77847 23002 36957 97632 93711 49162 17906 
5639 10
78492 54653 42684 57128 99605 43042 88376 87137 97750 44846 
4451 9
77871 2973 54430 67467 92792 11462 68471 28660 72563 
3932 9
94029 67621 38710 30922 89726 35093 78254 10129 10729 
3388 8
75312 49084 2529 54848 63094 71310 45231 31490 
2864 8
11417 10687 37045 96214 90248 24711 86928 91098 
2924 7
36682 70449 3645 61424 41887 68768 82148 
3689 6
15984 56667 42466 72974 86334 64356 
5401 5
94235 91034 66558 65448 92556 
3643 5
85774 76308 34921 50491 80622 
5357 4
45897 72299 88547 649 
3800 4
94566 32929 37000 87007 
5309 3
97027 36919 57541 
5856 2
12971 82082 
5794 1
62876 
