20
8472 94
10613 63913 42002 13656 35848 29863 12022 78219 83723 72071 21757 82394 50090 90956 15192 46911 14787 50711 94644 13386 86801 51925 5988 32594 69702 45010 67529 40867 59083 82187 19983 54648 9388 97829 93111 59772 49995 2623 70114 17454 11938 63206 8356 68419 3821 93280 91386 87867 60583 75578 84358 4504 1456 3255 2809 37735 36946 13811 43248 64902 82403 63381 7338 61446 61466 1951 89075 25811 99695 51044 69843 91027 73890 64273 12054 63210 4713 81460 81498 30718 26045 2260 39878 2060 27919 66055 17363 8502 56647 3836 73444 81129 68791 46537 
8202 92
15852 4351 71031 3941 85014 99143 40906 76540 38687 80379 74205 50065 50856 10618 57905 31495 15039 57000 16280 61779 66198 88464 78045 71162 81149 18839 45933 19795 93251 88380 11634 67011 33742 63487 49707 27780 539 30471 11303 39074 91195 74574 67822 91253 6337 89016 7650 58953 27267 54261 37924 37757 68571 13695 15602 16595 14426 52222 71215 49586 5386 93166 50401 1948 27660 9569 414 69556 25601 5558 66934 39351 79924 95425 69289 34667 27240 40627 11526 46340 3533 15936 98500 37799 66922 39917 32301 30592 93905 77973 96336 52343 
3742 87
87690 81767 2838 93546 88028 80763 62487 66411 37767 87142 70839 46327 14212 42719 64378 35907 54344 37897 76105 3905 33630 51866 81582 67872 25139 89446 84014 79194 17294 66017 56337 79699 98363 14710 41663 95548 89281 6667 75984 21086 45309 54110 95559 89099 53128 7199 85017 7923 57688 16034 28809 14470 7142 89411 63384 29343 24031 77024 33238 78019 47456 89961 20416 47102 41565 93940 19333 14648 90494 69229 82873 51225 3494 70086 95349 62098 14254 8236 93198 81191 4077 12990 3538 76643 14064 89291 47492 
1189 78
26462 72965 73197 86082 83432 10316 64789 85693 17608 97628 32905 17613 50326 92459 34533 66545 23257 67323 33028 43171 34774 9131 27281 20670 30240 27737 36302 9889 975 92703 47555 83154 94775 25052 99247 58575 55899 86773 14343 63468 42791 49691 90572 96972 89721 63935 26210 89507 10694 36697 36633 11880 73954 32974 78059 51996 91802 44664 31775 68607 11382 65003 12680 20855 5871 86029 25328 91202 54765 1826 67436 70991 62796 4921 97873 55799 34397 1427 
7044 68
45252 49945 19050 78778 14645 49250 74693 97122 83430 40954 13225 16315 92449 30038 15829 90788 59814 99545 9811 59894 57204 61636 8569 1185 6188 41292 24969 81472 65767 98525 67781 15153 73666 61893 84046 93099 50952 52749 97052 91550 75889 28077 78859 19545 49633 774 49005 78709 98461 63863 9849 36460 51028 28603 84942 86351 78461 94609 22161 21074 1877 53318 68493 95895 76251 31959 19052 18278 
304 64
47173 89567 50746 84049 11089 67387 77208 82871 14847 57164 87008 44613 87562 14806 48217 84687 74417 87209 53731 9694 95602 87526 19686 42029 38430 4155 58830 16333 17666 51388 30831 80346 20336 69304 99098 55744 48904 65537 50704 41588 34373 19384 57708 90221 70154 27969 88344 96242 67236 39874 59234 12096 22240 39290 69809 9139 81793 97375 27621 49989 80040 84360 16244 17100 
4592 55
96223 26109 85587 80482 70503 18307 65591 27504 53479 84675 15028 24032 36536 54994 81677 89340 71026 99916 3842 1670 97190 95477 16497 20920 35382 3457 54720 78949 4453 26896 9967 16157 74756 21583 23097 31733 56405 16893 8999 66171 89517 47486 53424 72097 646 58584 79317 30635 52165 72771 11582 41471 29080 36569 13969 
6764 46
73565 2254 43800 10050 60648 21607 53574 2220 90239 7374 2210 18418 70720 12114 41905 48019 46389 85423 69253 65276 1688 10890 41600 75242 67275 53725 84053 26401 20421 99348 96503 41598 42008 22667 31500 66938 22893 55500 62664 19682 5148 27492 2953 13243 96387 14023 
8681 39
79353 45763 67172 72785 85055 37579 86525 13405 32742 26491 19082 53673 70167 44038 66731 81025 35675 6692 35124 29337 10122 69470 73632 76766 21330 55922 34804 69140 14727 83439 96570 78470 5496 13755 72147 77058 22337 37128 42122 
1923 35
99698 96937 96941 87911 4082 75205 45187 36801 85790 65423 71534 66247 63255 79965 72769 87870 99985 41751 39926 7742 30584 56287 51366 64210 97762 19312 58485 13975 31452 78764 76360 71045 95054 33619 18755 
86 30
15024 32325 93323 73437 85992 6870 15803 72333 81970 64690 58821 88074 83722 62505 40424 46754 4606 17939 60471 47717 19936 10106 64148 69582 1606 77893 7643 12413 94197 84459 
8081 24
90760 58425 28326 64683 50087 23467 58679 25859 60626 99775 25389 58245 32067 59962 23060 66805 12352 70469 57344 80595 84411 52834 22378 67310 
9062 19
1232 36896 78358 93639 90511 11458 717 83683 60690 10021 76368 58041 40162 25962 40238 8549 41319 76008 34047 
7869 16
46489 45262 22217 39065 69580 52498 11783 2450 91030 70712 21802 96439 78367 50314 99852 98981 
1837 14
4439 9486 95611 30896 40944 95763 25552 88824 67454 32233 56558 44452 58101 24414 
398 11
17930 95430 35708 35520 15671 41702 64397 36150 80889 76268 56999 
9528 8
43960 74349 92598 1323 64587 196 52436 49325 
8477 6
94364 54464 72119 55337 39269 58472 
9364 4
17778 20181 91887 66027 
9815 1
24122 
