18
818 107
2968 98630 69421 52914 42113 9752 29601 94970 51343 56680 24337 72960 31842 98455 14956 97663 91123 93365 56859 34027 65156 61805 98179 42723 50600 9914 23812 81434 44741 48583 13316 24060 45623 55844 89115 63529 46177 39904 85477 53440 65225 9565 63044 68153 36194 47437 26910 33534 15277 2952 72913 14276 27589 56271 94557 28656 52445 75694 34825 8502 13140 59328 22707 52963 63274 68369 80879 75185 48222 35341 69731 5379 30376 32072 5500 11259 5240 25753 32677 80363 64940 38617 14650 17086 40414 14565 26867 37897 20112 89764 19119 490 98906 74715 50010 41990 96953 91533 92518 46705 8733 31016 25619 64867 67851 78406 636 
7496 102
54404 57961 64749 82305 82578 42895 48317 57273 65001 9327 56180 80443 65269 73365 55179 50810 93678 66441 87285 20911 9001 47141 42227 267 1748 12880 23443 8499 8952 41936 37239 94499 15233 38654 9623 34400 82508 49316 60886 95084 13030 88601 7 63268 41565 54453 69886 29870 15158 11577 35607 63289 74635 76162 65747 520 45183 71400 91017 99036 2723 67742 96700 46987 43466 98500 87853 75982 80265 30514 40555 66343 91478 87825 43299 47811 3236 14546 4431 88785 66562 65684 71698 15331 75416 43686 5397 55228 22175 63138 39296 16995 13133 60214 28786 86751 8746 8281 25804 1777 86286 57922 
4101 94
81874 49734 14005 57414 14007 31897 63910 89676 80384 81837 45552 97881 36683 38585 30435 48683 91413 9739 17435 44366 40587 19302 62346 42183 56962 56366 48118 75062 55067 2852 77712 68092 7519 15570 28420 9679 40262 10641 48575 1370 15753 52221 34471 76539 43472 6531 63821 51984 65097 14920 74535 32262 6084 989 5875 74299 72352 98173 2575 18687 91647 22008 84697 60809 11985 12025 30055 85782 31487 10290 93255 76940 23663 86495 82316 71310 23039 66979 36804 88306 40198 74463 7837 75195 30915 22018 91564 46764 23011 49560 98872 49040 25103 32706 
8002 84
17832 67031 73627 99838 92639 30057 54646 66521 63944 25144 27425 96802 29339 21546 34687 3428 15963 52139 34863 76861 6062 16914 373 88820 68641 73397 86040 34521 85661 43205 86092 25059 50193 88050 56879 85930 93827 92332 49988 35398 76956 94264 36463 65253 13207 18365 3087 63586 57156 27981 63829 58749 46327 14158 26449 75537 8426 80923 79848 6186 52561 685 97311 78876 56142 12685 4775 83407 69775 23984 36545 26814 24947 71066 41790 85885 78454 24251 95926 45276 29337 36286 41184 40212 
7696 75
17483 72196 44116 48505 23631 39208 31205 87229 33676 72269 38329 6851 65046 84899 7690 61875 70944 95658 89559 82377 87198 86825 18053 90505 98253 10547 63709 98964 31096 75376 52898 49350 38893 30079 93705 50105 29213 87103 21641 20664 89982 2358 99999 27686 87274 77644 25007 30744 24543 45404 59821 25189 98952 75467 96893 11281 13982 53409 53637 87254 60173 39546 41088 81598 83191 33477 25531 42651 93865 14071 66644 13792 77804 15212 53319 
1889 67
46929 96671 54306 48288 17005 78544 57486 11115 9675 54501 26802 90078 78869 49068 10988 23300 15861 26906 77860 22709 10696 39873 70533 68813 59012 86454 63588 4300 35997 93891 77277 12334 39139 34414 78860 44854 52319 68343 76734 80180 8239 87573 96029 42046 65093 18626 92209 90735 56057 28968 64290 40320 91241 33851 30796 75646 19132 30292 66988 50141 22800 67699 74949 85678 78646 407 85371 
8139 56
78252 37087 69793 73285 50094 14809 57518 20732 34167 63651 88067 71293 31371 44896 81113 11953 74778 39104 57800 72095 35528 22215 2704 64234 65271 47511 61586 46961 66732 95974 18231 50280 19607 29215 98530 94597 71815 655 68449 23820 27911 4139 69994 63461 70236 23490 94438 74666 44271 47264 59970 20285 49377 48549 24095 96388 
9291 49
12404 11191 6102 71054 363 45022 80789 95435 85865 50894 8991 22470 70137 65228 32684 70011 7750 30037 32298 47661 93843 46001 47176 97549 88283 73546 13261 99799 32009 33875 46452 67082 5448 99521 33995 35837 6868 15612 67022 93704 45347 84183 57669 56618 33954 18996 98205 23033 24162 
8131 40
3623 5023 84826 34619 34503 33371 76834 75316 72635 80072 18016 41518 46722 93276 10921 63301 29438 20535 7093 88763 82210 87160 8282 39478 22242 78731 88483 50005 58602 14794 31032 76211 66958 59891 38692 93222 504 76589 97712 17835 
137 34
56492 20437 92534 34835 69277 75972 64175 81109 60045 90312 58108 48387 62721 9803 26364 41157 96276 7260 78590 18264 56303 87978 71148 36788 8628 60700 87678 26596 70571 24188 81720 27088 81546 28691 
7189 30
99588 27832 33716 87386 30836 9998 19065 80441 31314 40042 54349 92781 11145 51482 34550 93983 97263 48098 81738 21649 57317 61287 4056 4179 71563 4943 73824 36899 82958 82073 
2213 25
83909 39757 60310 13390 66503 51797 65297 65576 99555 9122 39500 42260 4800 50637 1562 99991 63308 74285 75567 77062 94795 13963 92981 99979 15901 
6987 19
72805 42997 6325 38621 36242 41471 29674 3865 85294 17010 79978 55849 67692 75500 56090 48078 58147 44783 39693 
3097 15
31932 55007 30474 85303 6479 71435 54038 47478 89833 37457 48133 38179 31379 70508 33883 
289 13
8381 24281 48161 85078 73708 15575 6514 41920 9754 44662 67839 70280 60188 
7727 10
12824 1533 62433 9434 52086 59387 32452 44578 14490 77981 
9308 5
22864 58359 26183 47166 97628 
9394 3
61546 94370 5447 
