16
1191 98
25244 12340 18878 8963 35062 94114 20725 29801 93465 41529 25285 79714 32045 86151 36519 24845 75251 35601 82194 7502 89450 86928 64205 70634 56855 37002 64874 18296 25420 11357 3643 37604 54279 62926 16845 52444 23608 47404 27553 69139 5083 77059 22210 89273 41530 89737 83586 87270 79188 10264 94820 66487 51623 57882 81000 20814 18013 80466 55555 22447 92133 47283 93132 24945 65253 1260 20835 48157 37175 59150 3289 59242 81486 10488 69779 89988 65970 62471 97833 64571 70856 13055 71581 47335 45686 45790 34185 53686 6324 59794 91784 82673 37964 89462 13321 34255 86891 88533 
4787 93
87461 60860 11699 53691 49925 41223 16970 52175 56760 35700 66723 86056 3376 1036 84082 89763 13127 77333 31503 27752 12277 77865 70908 90734 7822 33462 95081 72575 61528 46480 35494 13470 25187 28041 43623 52679 48973 13498 75724 6664 91088 17226 4232 78015 76985 72744 82372 22300 90972 99578 6225 22058 74482 34581 9001 89931 6587 80283 77089 42664 70360 40494 70923 64043 91111 76421 77197 72863 95588 97448 28 13583 99184 33141 55423 70748 41133 75633 26094 1691 23584 91447 15198 89097 66488 77781 13873 73480 36308 99581 72112 80511 30622 
3827 83
71882 10683 39041 55062 30683 19931 10652 84338 87845 39970 58456 61126 41351 46504 79817 9458 31456 19994 94261 70162 83526 79300 21413 75735 23955 38592 16831 67970 81558 4796 11074 58796 96609 17003 53440 8804 98206 53313 38781 10866 59541 98571 35361 78557 4825 78683 14728 44016 84782 91330 25254 23233 50115 56994 77317 58982 7473 68078 70233 3406 56398 2849 32128 7573 51175 22533 59336 17719 80755 83587 56668 83936 34527 99803 44773 71636 10974 53678 83493 45217 26431 80292 39631 
332 72
16088 98263 27265 24355 79518 53302 97110 83884 12871 50459 90232 11726 55901 80403 16000 73382 46607 93858 27804 58036 30736 67617 46586 25776 29772 7125 30198 61699 73029 12957 73275 88750 75104 15092 87581 43534 30281 84302 53289 71602 55502 64438 51427 84816 54779 95071 60734 63381 52640 56861 13478 25575 57784 58543 75946 76848 48244 94496 32028 98403 93165 18567 22480 80822 74088 13122 23710 15355 39752 74854 53912 14986 
483 63
40843 59295 68753 8071 68044 40691 81455 14279 42143 47841 6984 10819 22808 39537 97127 93966 99872 78405 93999 34264 2809 83337 62518 92250 32745 48400 99259 67280 87363 36456 649 84617 93300 85986 18631 71727 46503 38560 85071 26030 78850 91008 41860 37762 44757 91898 36450 50868 71617 62817 22478 24270 26112 51054 4666 32177 46909 628 59974 11626 2370 84425 77745 
5895 53
28081 51317 12562 65603 5631 44428 19781 65694 6326 52823 18770 18349 93603 99056 54569 35165 73821 55731 96932 12659 11400 68115 89503 75247 86293 53896 44801 86100 61338 72956 52777 56379 37479 29509 64469 16546 61394 5087 98587 98275 9537 12645 45353 80518 97805 85280 48367 65892 81286 76087 92217 46115 93254 
1263 48
51497 80674 88207 1569 49726 87021 82424 95149 76164 40611 67006 19109 11040 96828 53232 58896 36122 75933 89629 57953 96259 4041 81066 7555 65731 44839 54426 3283 15978 98824 69827 14800 88054 6239 69470 5380 94942 37603 26594 43227 61085 5461 61823 23614 18007 9867 90757 99026 
3933 36
7562 55640 32937 14086 24352 9588 77912 82540 22510 38208 98329 17423 29450 77695 86654 6383 70377 27886 48255 66008 71969 22353 97217 957 18831 65017 72887 74507 25460 27103 19970 68880 92278 95768 9566 26564 
1030 30
99927 91153 16263 86154 41682 54232 50013 47629 19738 36639 42638 88162 45893 82443 1513 1733 12543 96108 94064 94378 15247 26727 86416 85461 55458 48540 65644 57342 40280 54936 
5496 24
13435 41436 48164 20419 15859 41190 32694 63276 52478 93773 44153 71625 92944 8994 99457 55659 38579 7492 4466 57498 93335 95993 37390 53805 
1334 20
57526 23723 88174 35811 44746 58498 81147 76873 65486 96084 39212 33664 94219 23159 3956 46189 39842 2873 65194 11089 
1784 16
71804 96495 7440 94574 73390 49213 50312 76747 51292 21986 63208 10464 71074 9213 59296 67015 
2504 12
74230 10509 36109 99851 45412 97662 49087 91354 78852 84642 39649 21826 
2576 10
98432 75334 10981 87205 32458 50219 46288 88929 4142 99019 
6524 5
14161 99550 55841 61237 86818 
6730 2
63402 8158 
