47
5502 30
68739 97591 727 66535 67577 28620 57419 9329 49758 48839 65911 74848 15055 10129 40183 78828 69582 39261 79734 33990 93797 20529 70836 84813 35784 62316 59733 99816 85760 83548 
5499 30
54849 38585 42746 20924 7522 71928 98868 98570 4801 77108 76111 49388 34962 24238 80746 48335 21212 97447 29503 14177 81972 65462 77261 11513 68315 87871 35450 63123 83800 90282 
5495 30
25581 90470 56997 40406 97088 89748 59039 85138 95342 7326 7193 13939 18211 85314 32460 76558 66563 33231 76908 82201 39446 45286 56165 79178 25834 73044 66687 17536 53833 11380 
5466 30
23064 75590 37582 37276 28773 30536 82174 61691 55643 37428 94453 97842 48580 38139 69552 63949 33884 8716 89680 45430 77878 7179 32559 94051 89722 57507 3636 37414 55624 86894 
5434 30
72480 70355 64038 31909 34352 60542 11266 74115 26765 74159 70806 9388 29795 28708 60020 43941 92934 97113 44368 70938 37600 41741 69608 75163 21262 96368 80537 11258 74121 63579 
4841 30
61424 82596 69451 86996 12888 71562 60048 46276 2655 91756 64658 25966 9885 10947 36037 31040 36762 10513 54396 29305 20420 89331 56654 61694 43252 19622 97910 60628 2690 67878 
4670 30
32750 18932 91039 90988 98984 58712 93710 97943 30814 91635 71209 6731 58642 30506 45450 34472 73309 79375 1730 29685 28183 55772 75010 61714 82242 36693 9499 3611 89568 21140 
3455 29
33009 42448 2975 48792 29459 70677 38374 2126 88227 99838 85981 77758 40443 47889 90541 54174 31081 89867 47551 65318 15339 71279 24907 72176 43341 4634 88294 13680 75572 
5982 28
28051 50196 40732 54506 76841 78727 72768 84013 25422 71473 57868 43667 7518 56014 92714 64585 57978 64324 14627 66697 7607 84912 98150 76468 55142 72245 64219 19527 
5213 27
33737 65522 59005 5629 475 84970 19750 46532 10560 5508 10165 60507 84301 98533 29676 25313 73184 96690 92905 18576 71864 94054 73572 48256 28386 59085 98536 
3977 27
65635 62372 63680 46703 18060 55220 8610 38829 99239 12932 29847 39128 13355 96491 5661 97419 57612 58579 40280 1789 58429 94898 91804 46982 35672 99452 16387 
3919 27
46202 97542 76487 59034 84711 54803 41885 67597 27230 46390 34871 50277 68417 4430 94560 57185 91301 23460 69018 26672 26056 71401 74739 37454 95219 12850 21106 
3501 25
34720 70258 95988 11567 96036 39477 72843 24128 37000 22361 36777 45887 32891 34185 8050 99640 14974 50315 19233 12843 26573 39996 96776 29632 56464 
1734 25
6513 70177 88621 24807 79009 52129 28020 69650 42259 42634 37583 76998 32005 57194 10713 94378 71797 83665 76286 8269 16753 50583 15858 29895 48961 
4956 24
69247 81325 97219 91025 91161 85635 91019 39219 49339 56447 75114 89394 34817 69578 96499 74992 20939 6498 31143 25532 11891 66382 23024 75160 
5393 22
38792 24439 12847 90768 2563 88535 11289 42430 34741 56791 76555 59283 92830 55187 33594 39890 53829 89267 26728 73371 40790 81843 
4861 21
19399 74969 94384 76036 25820 78656 85469 13328 16565 12524 39938 42287 73992 92632 33755 9556 51722 61776 24240 8340 40250 
1571 21
26423 385 67749 50967 65283 53485 84365 28469 3710 87836 45058 50217 87100 52206 24289 15863 20047 79146 80048 71178 40287 
1994 20
88600 12655 21033 13449 86510 17511 66052 60405 63769 58868 23509 4319 86928 1544 75803 21036 34792 123 90950 35891 
1961 19
77501 98270 16361 57600 93415 63083 1233 40110 78273 98298 84479 37070 63716 98674 36554 73317 67337 99144 84853 
4744 18
49314 44158 22961 13346 86608 28477 73310 93505 51835 82680 24071 9309 98412 10133 77197 51453 21430 47587 
3661 18
9134 5039 37649 56252 83271 22145 49651 70609 31396 70219 24035 3519 34492 32547 72120 60466 94740 18508 
1030 18
92876 98134 46601 78389 82285 90002 16010 40923 68779 90413 7495 31491 97572 19141 75004 11505 11556 47209 
5328 16
34545 84564 70317 15309 77305 7537 96187 69832 44211 7797 35732 44186 30692 44787 44990 68921 
3479 15
1975 98896 87364 52474 91331 78659 42599 12546 94719 24816 40605 55191 4233 21549 505 
1843 15
31745 30048 17664 52380 74603 21902 59229 47928 41067 83269 92942 16478 72039 72657 7542 
2641 14
37715 19242 49342 87736 52012 62176 50989 39194 97022 68766 8712 95017 25887 14695 
5879 12
54674 72279 53343 67652 14616 19886 51229 49194 73430 8035 39772 1472 
2995 12
34251 21104 4499 30431 11246 73023 32362 97363 18583 83201 61545 97397 
4787 11
65958 40354 1699 88609 62371 62247 78187 41369 32385 45168 95546 
4705 11
44800 17497 48732 52587 91998 52701 58966 32760 51936 44326 19728 
5249 10
85605 16961 95920 70883 62385 66170 98830 40312 13845 12680 
1544 10
10832 11089 59638 37810 63012 62520 54647 72093 44198 380 
3779 9
24711 55743 21904 44399 71868 71355 80695 28285 15031 
3764 9
30127 26913 22724 91001 9047 17311 43890 12378 30006 
2495 8
95901 7258 41954 60989 75928 13514 4961 47151 
1326 8
17917 43966 69955 83226 34319 47482 12727 76709 
4281 7
64041 75466 91653 83065 79551 14718 20952 
355 7
24624 36402 35438 94595 51765 60468 731 
4722 6
47644 34374 73009 58323 15913 65446 
5913 5
45713 90889 35147 81660 31157 
5049 5
27112 42161 80901 95653 72983 
4747 4
37119 38481 6507 64782 
3804 4
72953 28835 58118 49785 
2009 3
34888 87127 87205 
6134 2
64020 76233 
5342 2
13065 98913 
