34
6296 11
8786 27548 9459 40730 11275 55887 4160 23662 6644 46552 32016 
6295 11
9740 25806 18648 26496 10756 23817 59983 59269 44084 44574 2997 
6293 11
27605 38815 1785 10621 37960 1607 46158 58188 554 15228 12579 
6292 11
37560 15790 12906 20337 61665 13223 4192 5577 9484 2676 833 
6277 11
32773 6483 59017 53362 43389 40112 24613 17798 37077 58448 32473 
6259 11
40240 40591 30924 4063 22663 38243 49026 4626 60152 41979 45416 
6230 11
46651 41232 46297 53001 55743 50010 17005 12964 53209 25009 24636 
6225 11
57210 35111 7376 30629 42923 41249 51913 22985 36395 33249 49723 
6159 11
7224 7789 6929 55641 13578 35649 49112 43946 45827 37215 34769 
5985 11
20611 45498 45087 30995 3105 47102 40140 48898 60843 54080 10577 
5670 11
32785 20761 14072 28123 28847 61390 39502 25712 52472 52174 12364 
5310 11
32258 40188 52128 24310 28828 53521 247 14343 42662 3749 60538 
3491 11
60729 48032 17934 33712 61241 22711 52298 58353 59512 27004 26034 
2293 11
3734 11143 60287 45453 16214 52625 18697 42094 60240 54472 14776 
9441 10
36825 31003 58131 28815 20867 26159 34479 22480 28036 12768 
5813 10
56585 36212 16698 49464 29668 25028 50012 24397 28534 21150 
5748 10
45371 45631 21419 13363 27318 57349 23750 20452 60931 1738 
5419 10
22669 32510 55230 56817 9678 22470 35138 39226 20350 31944 
9945 9
56082 34061 53542 20873 34710 17873 55351 46321 127 
820 9
42370 27759 5588 56476 24953 45378 3791 59040 5505 
5797 8
38101 42646 9649 53552 60000 42457 9050 57537 
4809 8
55438 125 15145 61603 32424 25304 42070 38749 
4588 8
41108 45260 28612 51027 6105 57481 55377 58660 
8555 7
17973 17478 40652 14919 61935 55353 9605 
4931 7
17143 51589 2382 20828 34468 28996 52400 
5821 6
27537 50728 33437 1017 26529 44367 
2913 6
27140 33054 13679 39103 61232 9276 
7842 5
14260 23855 55425 23416 9397 
4361 5
59226 52246 27629 42695 25714 
2863 5
24068 4550 54313 1907 1097 
7073 4
62157 18006 49991 43173 
1204 4
29051 21973 30331 49789 
9989 2
17122 12346 
10053 1
27495 
