16
694 150
81001 71385 7939 98462 16547 89144 78202 44110 52638 87442 51195 13059 15801 2011 21461 15738 27376 56574 29158 6740 39069 43834 46832 78585 39466 56517 8537 87308 76009 30800 27619 13870 64996 72579 61201 18866 36255 5011 52654 54943 51327 15565 34506 74501 86492 31706 12014 7983 3628 217 92691 30628 73699 9168 56313 84853 4539 79860 44533 7589 18744 14754 84675 73839 37024 88497 1823 61875 36694 27470 36319 61502 54439 90812 76455 75160 12505 87184 51656 8173 51658 92103 21041 12430 22397 50580 3779 60149 86636 85472 49713 88011 39163 51648 86296 72528 55233 68627 70098 29257 47580 16359 92546 36269 77405 4722 41773 87622 13487 71488 87285 86511 42802 3838 99888 86663 9729 1001 6840 70998 90883 95216 54459 11854 83592 7514 44466 95695 78964 82066 5465 48137 5 55690 59949 40803 55157 27129 97640 73462 2129 10429 52935 29247 5965 28131 64588 13535 18185 67408 
1551 140
14834 66886 50947 44830 33874 27205 40318 59065 82528 29034 60588 18422 20157 38843 34116 37150 20646 14963 28342 84102 77523 50546 8077 49754 52763 53153 87089 14048 53738 9872 65011 75438 4911 7542 78856 94727 76872 51628 38637 95150 17340 49794 93316 40501 85637 85300 62256 65106 5188 38896 88938 16798 40636 47773 18342 71517 84130 81884 12977 98883 70135 6561 20876 853 50860 2499 36168 48397 57929 30637 78821 50487 17453 94128 670 36681 95069 60032 56421 3381 44090 3151 54796 10398 87391 19498 63058 72922 56860 99891 95377 48311 863 31077 71592 76750 1868 63864 64462 61358 24459 46723 54205 66531 71325 88245 11874 28550 92157 20267 44598 76283 47481 99497 21418 31810 63320 21212 12378 38231 12127 89635 53958 32299 16829 97904 19976 37739 47148 18010 4309 84845 12081 99234 30341 49862 49756 9896 11992 32773 
4879 124
88541 77533 31391 56111 94796 33774 68497 32509 15305 81468 98932 95516 58403 82415 81715 32076 2728 58843 14477 30862 15673 48580 27892 61440 90676 51209 23495 44985 66537 87866 12823 27026 8196 892 73629 83148 27329 74981 53131 34379 22721 21047 48004 97894 20059 93891 43774 34348 83793 47860 27911 44118 83025 56763 58962 56154 20680 18181 88507 25331 66784 65411 73916 71205 75026 63092 87306 51050 46237 54556 92373 2110 80993 28348 8753 63128 20399 56439 41202 52531 64350 61813 15888 36483 10275 41495 64899 49023 40207 40062 35167 4199 97162 48805 85020 59873 66833 17971 10974 51771 48133 90896 11005 44715 54206 86744 70077 77951 98135 66557 4839 8610 25966 8066 28401 25857 26832 64778 48095 52706 53258 62874 34689 24081 
1771 104
74838 88094 5837 67948 98233 9594 33927 99562 81339 77601 76856 32867 30571 20452 18403 24452 27926 72304 71279 71093 3441 25349 82790 14255 33679 88376 26984 4493 13127 20405 94687 38741 49311 33707 21509 20149 59701 91133 9631 28100 87572 58049 82129 61135 64140 53090 15145 65653 93360 80098 11330 53148 75954 54695 10234 91765 19870 79970 26457 35852 22485 91515 65398 32422 89077 87778 78068 96580 60482 92057 50006 43704 42564 44311 70523 71829 42423 4466 96839 48409 62973 3430 17075 19543 33878 79895 76835 30462 22978 40036 13174 84595 98610 42772 16602 64873 1023 23522 97223 3395 77984 43869 94864 75828 
127 88
9208 78886 63617 8101 40927 63837 40686 17058 94123 17875 64507 75807 62901 53256 45164 39034 24484 29270 36486 78767 91295 94643 21687 65424 66377 70100 45162 1790 33181 12750 14812 12701 13334 23548 57301 16179 75606 73626 11621 96873 69005 3219 60766 10215 71637 4102 63993 8135 49064 68986 39516 85068 30747 47220 34242 47142 52408 65895 9793 13882 23341 25854 21399 16955 23294 98878 70723 3290 87015 2496 75996 10341 33305 86750 13306 58571 62606 18362 15753 99640 9557 4585 9513 87486 65116 34460 66219 35092 
419 73
67638 61948 69493 91659 34214 52468 76114 3242 28937 92018 25128 85128 3824 73858 77487 50902 76331 58698 48022 9105 33381 96203 60386 20512 2174 75905 11941 71503 5360 64912 24197 65910 70084 26101 70926 81716 28899 63596 80630 90636 27568 2397 52339 25293 92138 22641 92797 85101 40250 72420 61767 39728 26279 78062 35308 20765 78859 43348 21562 33560 46668 75161 16136 60941 22946 24297 80250 69420 14456 93024 44230 87983 62534 
317 59
80527 98204 94780 10118 28689 79672 4833 58052 39232 39638 89142 81837 87049 88811 906 64357 30640 32759 35973 34440 84572 85067 63583 88403 9046 47803 77040 63196 9558 2731 62124 96106 99313 30013 8669 54955 88747 6669 53859 80420 64839 59674 78112 83464 38320 51500 82072 1995 47903 36653 9451 62704 14029 30680 58453 39963 28925 89304 14191 
3370 50
99133 27069 95947 23261 10893 14875 49545 40941 30731 52186 43634 88729 41285 34060 50332 8284 64758 82653 41200 16294 60252 19672 41089 8831 47654 75838 82351 86718 96967 54693 66822 47926 98518 29758 66144 14406 95206 12664 1311 87104 20161 88326 79028 43832 52378 535 95350 56748 45270 66969 
3408 41
18400 15998 72897 83819 94871 49145 42845 40757 53628 9715 96083 92008 38995 47260 68621 85879 16784 84279 46669 99773 87352 42059 17185 17054 23226 8047 48178 52361 95984 85291 37177 23457 23265 70471 27285 394 36790 94874 98933 99610 76081 
5351 31
8379 84523 39114 54207 13814 37158 15460 98007 86889 45909 51123 26872 28274 5031 49973 90217 38997 89259 68338 52583 45515 33536 45199 33116 34826 6094 52434 43781 32765 78163 41915 
1544 25
5898 88038 81148 421 65638 22620 25004 68992 7064 23287 20366 21313 21197 63987 58158 25480 60259 97583 85410 42664 98181 48406 79704 96665 7493 
784 20
57387 86581 77876 6151 46533 29163 58704 88980 85401 26538 46200 59602 25186 21341 80792 74821 16594 83230 63580 62269 
424 15
40375 88261 87947 63666 35238 2137 23028 12248 10243 31500 9108 90567 16672 44789 30246 
6354 11
12998 69652 89043 22448 28188 74162 9160 42060 24163 43515 70241 
6292 6
69680 91441 86385 20629 77863 99871 
6201 4
55552 82991 82984 19761 
