59
1428 14
96663 64667 81291 44798 31946 2717 36327 94063 93166 30333 29054 74423 23901 46374 
1427 14
87442 25901 70048 71365 58961 47256 53073 24492 93962 88379 722 28190 44894 77456 
1425 14
49147 15952 87775 81852 11803 31338 7194 25787 14320 47411 27286 50829 48937 56509 
1421 14
76208 22222 61087 22028 51586 51934 26687 50183 69732 48127 31087 79209 23925 8929 
1420 14
16629 4949 12188 32233 71591 69636 5247 24054 54390 64251 80957 48908 64886 76101 
1402 14
27932 37492 66166 24336 16868 78036 7189 83706 52533 59024 42672 89465 86828 11560 
1401 14
70577 57310 18777 76703 77649 64724 57529 82159 42107 7542 85440 10218 37429 61092 
1399 14
64032 17151 69707 76124 50389 28158 39359 68782 42374 57733 23388 25491 41307 27210 
1395 14
23373 85054 65797 75672 13124 43890 10321 27785 42413 12920 18041 53583 73809 33993 
1385 14
30658 42426 23083 92475 48874 68500 73845 45650 38650 10649 93722 34652 61441 76888 
1375 14
37600 57980 87006 87483 76956 30649 88193 69857 42313 62688 26686 82674 59281 85347 
1359 14
47024 25681 27731 3563 64668 69772 22562 27170 95311 12464 52092 36016 60744 75781 
1246 14
63875 8566 57419 87925 3235 1496 36287 48407 74072 31151 89175 7225 11051 93785 
1225 14
52428 13929 87361 23896 20168 82360 7197 35353 62556 74006 22866 21949 70607 16261 
1010 14
32116 28719 45379 37664 36588 82244 71561 94475 78689 59972 52035 78904 93442 104 
961 14
9160 20759 2386 31079 69100 41207 28600 42268 80406 93059 68703 47962 87662 10239 
804 14
32764 12145 9673 60573 65143 30160 22991 5745 54674 17731 16801 48255 28167 38779 
13417 13
6263 7560 21730 11351 47188 11074 70899 73116 10020 73153 21307 44671 17746 
10702 13
79097 65928 79201 49875 95291 14782 77873 72957 80850 76884 6466 73646 37730 
2851 13
8773 96736 128 19370 72237 746 89012 52857 1410 63087 53626 20782 86053 
1301 13
65970 66515 73391 8752 74799 16951 19558 33770 91965 37540 35484 94135 78156 
1234 13
95038 61741 66902 71083 45011 25415 26531 6375 60993 65048 13360 43010 94405 
13308 12
81265 96639 12561 63429 15533 16173 24450 43803 41807 19451 70307 13577 
9724 12
4171 96668 76075 65886 88375 422 75438 6646 93895 63239 65136 40930 
2188 12
34969 66232 14848 73613 62626 30619 10608 45312 15131 36350 79340 11004 
850 12
89255 86360 56358 53685 40119 96856 81938 89488 73572 18492 96144 9884 
480 12
93781 19289 17372 94471 42666 78250 12797 59860 12169 79893 71879 67074 
9090 11
46632 6602 61628 23711 31786 92080 70398 91933 4442 76105 30478 
5919 11
37576 9284 67480 79004 66205 12215 37869 27489 91624 5543 78480 
13276 10
51061 31305 36341 4195 71572 70826 74431 21855 95063 74981 
12363 10
84446 64067 28329 72696 61847 35209 42622 62132 17581 17959 
11132 10
75622 41189 21067 27606 88109 11446 22905 82713 7131 82641 
7552 10
62793 59246 20075 77308 50062 94836 2327 29634 62646 78710 
13226 9
12924 26796 6916 69728 36630 41650 49719 13048 35008 
12360 9
67204 55324 89450 45598 87345 18394 24751 78209 33343 
12130 9
62748 38427 84436 9837 32251 25877 35887 45104 53132 
1687 9
44480 93897 45295 75209 93392 70803 11636 79199 32647 
11687 8
52221 35877 73023 86603 90131 2219 81819 95108 
9540 8
75114 40152 57548 56056 40609 59022 78846 7962 
887 8
27621 51149 6346 51434 12511 89303 32009 30963 
13513 7
22407 92998 72086 60660 30875 34359 75918 
10132 7
90900 8920 87319 8578 24302 47120 34577 
7480 7
90958 72730 93127 75410 44289 86599 4676 
13400 6
96513 40591 71486 52080 7171 39650 
10001 6
93655 33137 58538 35474 6213 39574 
6144 6
62559 37728 2661 38712 4553 33401 
12565 5
35181 39346 25829 32543 58174 
12174 5
41968 33073 59342 45032 85090 
11402 5
95828 17137 68653 82449 27414 
7812 5
80528 29662 19118 24199 83975 
226 5
86616 75234 87998 85211 63131 
13201 4
46908 24371 71773 60858 
9663 4
49961 4491 69095 80073 
5836 4
58478 48941 51988 67138 
12432 3
39531 64270 57069 
9309 3
59636 53194 53523 
12967 2
5309 94995 
11293 2
13605 34748 
13539 1
44191 
